<?xml version="1.0" encoding="utf-8"?>
<UNISETPLC xmlns:xi="http://www.w3.org/2001/XInclude">
	<UserData/>
	
	<omniORB>
		<option name="endPoint" arg="giop:tcp:localhost:"/>
	</omniORB>
	<!-- Общие(стартовые) параметры по UniSet -->
	<UniSet>
		<NameService host="localhost" port="2809"/>
		<LocalNode name="LocalhostNode"/>
		<RootSection name="UNISET_PLC"/>
		<CountOfNet name="1"/>
		<RepeatCount name="3"/>
		<RepeatTimeoutMS name="50"/>
		<WatchDogTime name="0"/>
		<PingNodeTime name="0"/>
		<AutoStartUpTime name="1"/>
		<DumpStateTime name="10"/>
		<SleepTickMS name="500"/>
		<UniSetDebug levels="" name="ulog"/>
		<ConfDir name="./"/>
		<DataDir name="./"/>
		<BinDir name="./"/>
		<LogDir name="./"/>
		<DocDir name="./"/>
		<LockDir name="./"/>
		<Services>
			<LocalTimeService AskLifeTimeSEC="10" MaxCountTimers="100" name="TimeService"/>
			<LocalInfoServer dbrepeat="1" name="InfoServer">
				<RouteList>
				</RouteList>
			</LocalInfoServer>
			<LocalDBServer dbfile="test.db" dbname="UNISET_PLC" dbpass="dbadmin" dbuser="dbadmin" name="DBServer" pingTime="60000" reconnectTime="30000"/>
			<LocalPrintServer checkTime="5000" device="/dev/lp0"/>
		</Services>
	</UniSet>
	<dlog name="dlog"/>
	<LogServer name="smplus" port="3333" host="localhost" />
	
	<settings>

		<LostTestProc name="TestProc1" sensor_s="Input4_S"/>

		<TestProc name="TestProc1"
			on_s="Input1_S"
			lamp_c="Lamp58_C"
			depend_c="Input4_S"
			d1_check_s="Input5_S"
			set_d1_check_s="Input5_S"
			d2_check_s="AI11_AS"
			set_d2_check_s="AI11_AS"
			undef_c="AI54_S"
			check_undef_s="AI54_S"
			t_set_c="AI_AS"
			t_check_s="Threshold1_S"
			log_c="LogLevel_S"
			log_s="LogLevel_S"
			input1_s="Input5_S"
			input2_s="Input6_S"
			output2_c="DO2_C"
		/>

		<IOControl name="IOControl"/>
		<testnode id="1000" id2="-100" name="testnode"/>
		<SharedMemory name="SharedMemory" shmID="SharedMemory">
			<History savetime="200">
				<item filter="a1" fuse_id="AlarmFuse1_S" fuse_invert="1" id="1" size="30"/>
				<item filter="a2" fuse_id="AlarmFuse2_AS" fuse_value="2" id="2" size="30"/>
			</History>
            <ReservList>
                <item node="LocalhostNode" name="ReservSharedMemory"/>
            </ReservList>			
		</SharedMemory>
		<UniExchange name="UniExchange">
			<item name="UniExchange2" node="Node2"/>
			<item id="3001" node_id="Node2"/>
		</UniExchange>
		<MBMaster1 iaddr="127.0.0.1" levels="info,warn,crit" name="MBMaster1" poll_time="200" port="30000" reply_timeout="60">
			<DeviceList>
				<item addr="0x01" invert="1" respondSensor="RespondRTU_S" timeout="5000" modeSensor="MB1_Mode_AS"/>
			</DeviceList>
		</MBMaster1>
		<MBMultiMaster1 name="MBMaster1" polltime="200" timeout="4800" checktime="2000" channelTimeout="2000">
			<DeviceList>
				<item addr="0x01" invert="1" force="0" respondSensor="RespondRTU_S" timeout="5000" modeSensor="MB1_Mode_AS"/>
			</DeviceList>
			<GateList>
				<item ip="192.168.3.12" port="2048" timeout="1000" recv_timeout="800" invert="1" respondSensor="MM1_Not_Respond_S"/>
				<item ip="192.168.3.12" port="2049" timeout="1000" recv_timeout="800" invert="1" respondSensor="MM2_Not_Respond_S"/>
			</GateList>
		</MBMultiMaster1>
		
		<MBPerfTestMaster name="MBPerfTestMaster" polltime="200" checktime="3000" channelTimeout="6000">
			<DeviceList>
			</DeviceList>
			<GateList>
				<item ip="localhost" port="2048" timeout="3000" recv_timeout="1000"/>
				<item ip="192.168.3.12" port="2049" timeout="3000" recv_timeout="1000"/>
			</GateList>
		</MBPerfTestMaster>

		<MBSlave2 addr="0x3">
		</MBSlave2>


		<MBMultiSlave1 addr="0x31" aftersend-pause="0" name="MBMultiSlave1" poll_time="200" reply_timeout="60">
			<clients>
					<item ip="localhost"/>
			</clients>
		</MBMultiSlave1>


		<MBSlave1 aftersend-pause="0" dev="/dev/ttyS0" levels="info,warn,crit" name="MBSlave1" poll_time="200" reply_timeout="60" speed="9600">
			<filelist>
				<!-- Список файлов разрешённых для передачи по modbus
			directory - каталог где лежит файл. Можно не задавать
				'ConfDir' - берётся из настроек (см. начало этого файла)
				'DataDir' - берётся из настроек (см. начало этого файла)
				'xxx'  - прямое указание каталога
		-->
				<item directory="ConfDir" id="1" name="configure.xml"/>
				<item directory="ConfDir" id="2" name="VERSION"/>
				<item directory="/tmp/" id="3" name="configure.xml.gz"/>
				<item directory="ConfDir" id="4" name="SERIAL"/>
			</filelist>
			<MEI> 
				<!-- ВНИМАНИЕ: должен заполняться в соответсвии со стандартом. ObjectID и DeviceID не случайны.. -->
				<device id="0x01">
					<object id="0" comm="VendorName">
						<string value="etersoft"/>
					</object>
					<object id="1" comm="ProductCode">
						<string value="uniset"/>
					</object>
					<object id="2" comm="MajorMinorRevision">
						<string value="1.6"/>
					</object>
				</device>
				<device id="0x02">
					<object id="3" comm="VendorURL">
						<string value="http://www.etersoft.ru"/>
					</object>
					<object id="4" comm="ProductName">
						<string value="uniset"/>
					</object>
					<object id="5" comm="ModelName">
						<string value="uniset:MBSlave"/>
					</object>
					<object id="6" comm="UserApplicationName">
						<string value="MBSlave1"/>
					</object>
				</device>
				<device id="0x03">
					<object id="128" comm="private objects">
						<string id="129" value="etersoft"/>
						<string id="130" value="uniset"/>
						<string id="131" value="1.6"/>
						<string id="132" value="http://www.etersoft.ru"/>
						<string id="133" value="MBSlave1"/>
					</object>
                </device>
			</MEI>
		</MBSlave1>
		<RTUExchange name="RTUExchange">
			<DeviceList>
				<item addr="0x01" invert="0" respondSensor="RespondRTU_S" modeSensor="MB1_Mode_AS" timeout="5000"/>
			</DeviceList>
		</RTUExchange>
		<UDPExchange name="UDPExchange"/>
		<UDPExchange2 name="UDPExchange2"/>
		<UNetExchange name="UNetExchange"/>
		<HeartBeatTime time_msec="5000"/>
		<TestGen input1_s="Input1_S" input2_s="DumpSensor1_S" name="TestGen" output1_c="DO_C" output2_c="DO1_C"/>
		<RRDServer1 name="RRDServer1">
			<rrd filename="rrdtest.rrd" filter_field="rrd" filter_value="1" step="5" ds_field="rrd1_ds" overwrite="0">
				<item rra="RRA:AVERAGE:0.5:1:4320"/>
				<item rra="RRA:MAX:0.5:1:4320"/>
			</rrd>
			<rrd filename="rrdtest2.rrd" filter_field="rrd" filter_value="2" step="10" ds_field="rrd2_ds" overwrite="0">
				<item rra="RRA:AVERAGE:0.5:1:4320"/>
				<item rra="RRA:MAX:0.5:1:4320"/>
			</rrd>
		</RRDServer1>

		<specnet unet_broadcast_ip="192.168.1.255" unet_broadcast_ip2="192.168.122.255">
			<item id="3100" ip="127.0.0.1" name="LocalhostNode" textname="Локальный узел" unet_ignore="0" unet_port="2048"/>
			<item id="3101" ip="127.0.0.1" name="LocalhostNode" textname="Локальный узел" unet_ignore="0" unet_port="2048"/>
		</specnet>

		<GroupAnalogSensors name="TestGroup" ok_c="D106_S"/>

		<MQTTPublisher1 name="MQTTPublisher" />
	</settings>
	<ObjectsMap idfromfile="1">
		<!--
	Краткие пояснения к полям секции 'sensors'
	==========================================
	node 		- узел на котором физически находится данный датчик
	iotype 		- тип датчика
	priority 	- приоритет сообщения об изменении данного датчика
	textname 	- текстовое имя датчика
-->
		<nodes port="2809" unet_broadcast_ip="127.255.255.255" unet_broadcast_ip2="192.168.56.255">
			<item id="3000" dbserver="DBServer1" infserver="InfoServer" ip="127.0.0.1" name="LocalhostNode" textname="Локальный узел" unet_ignore="0" unet_port="2048">
				<iocards>
					<item card="1" name="DI32"/>
					<item card="2" name="DO32"/>
					<item baddr="0x110" card="3" dev="/dev/null" name="UNIO48" subdev1="TBI24_0" subdev2="TBI16_8"/>
				</iocards>
			</item>
			<item id="3001" infserver="InfoServer" ip="127.0.0.1" name="LocalhostNode1" textname="Локальный узел" unet_ignore="0" unet_port="2049"/>
			<item id="3002" ip="192.168.56.10" name="Node1" textname="Node1" unet_ignore="0" unet_port="3001" unet_respond_id="Input1_S" unet_respond_invert="1"/>
			<item id="3003" ip="192.168.56.11" name="Node2" textname="Node2" unet_ignore="0" unet_port="3002"/>
		</nodes>
		<!-- ************************ Датчики ********************** -->
		<sensors name="Sensors">
			<item dbignore="1" default="1" id="1" iotype="DI" name="Input1_S" priority="Medium" textname="Команда 1"/>
			<item id="2" iotype="DI" mbaddr="0x01" mbfunc="0x06" mbreg="0x02" nbit="11" mbtype="rtu" name="Input2_S" priority="Medium" rs="4" textname="Команда 2"/>
			<item id="3" iotype="DI"  mbtcp="1" mbtcp_mbaddr="0x02" mbtcp_mbfunc="0x03" mbtcp_mbreg="0x02" mbtcp_mbtype="rtu" name="Input3_S" priority="Medium" textname="Команда 3"/>
			<item id="4" iotype="DI" mbaddr="0x02" mbfunc="0x04" mbreg="0x02" mbtype="rtu" name="Input4_S" priority="Medium" rs="2" textname="Команда 4"/>
			<item id="5" iotype="DI" name="Input5_S" priority="Medium" textname="Команда 5" udp="2" depend="Input4_S"/>
			<item id="6" iotype="DI" name="Input6_S" priority="Medium" textname="Команда 6" udp="2"/>
			<item id="11" iotype="AI" name="AI11_AS" priority="Medium" textname="AI 11" depend="Input4_S" depend_off_value="-50"/>
			<item id="12" iotype="DI" name="Input12_S" priority="Medium" textname="Команда 12" iofront="01"/>
			<item id="60" iotype="DI" name="Input60_S" priority="Medium" textname="Команда 61" iofront="10"/>
			<item id="7" iotype="DO" name="DO_C" priority="Medium" textname="Digital output"/>
			<item id="8" iotype="DO" name="DO1_C" priority="Medium" textname="Digital output"/>
			<item default="1000" id="9" iotype="AO" name="AO_AS" precision="2" priority="Medium" unet_sendfactor="2" rs="2" rs_channel="1" rs_jack="j1" rs_mbaddr="0x01" rs_mbfunc="0x06" rs_mbreg="0x02" rs_mbtype="rtu188" textname="Analog output"/>
			<item default="378" id="10" iotype="AI" mbaddr="0x01" mbfunc="0x04" mbreg="0x01" mbtype="rtu" name="AI_AS" precision="45" priority="Medium" rs="1" textname="Analog input" vtype="F2">
				<consumers>
					<consumer cfilter="test1" name="TestProc" type="objects"/>
					<consumer name="PLCProcessor" type="objects"/>
				</consumers>
			</item>
			<item id="13" iotype="DI" name="Threshold1_S" priority="Medium" textname="Порог"/>
			<item id="14" iotype="DI" name="TestMode_S" priority="Medium" textname="test"/>
			<item id="15" iotype="DI" name="RespondRTU_S" textname="respond rtu"/>
			<item id="16" iotype="DI" name="NoRespondRTU2_S" textname="no respond rtu"/>
			<item id="17" iotype="DI" name="AlarmFuse1_S" priority="Medium" textname="alarm fuse sensor 1"/>
			<item id="18" iotype="AI" name="AlarmFuse2_AS" priority="Medium" textname="alarm fuse sensor 2"/>
			<item a1="1" id="19" iotype="DI" name="DumpSensor1_S" priority="Medium" textname="alarm dumpm sensor 1"/>
			<item a1="1" id="20" iotype="DI" name="DumpSensor2_S" priority="Medium" textname="alarm dumpm sensor 2"/>
			<item a1="1" id="21" iotype="DI" name="DumpSensor3_S" priority="Medium" textname="alarm dumpm sensor 3"/>
			<item a1="1" id="22" iotype="DI" name="DumpSensor4_S" priority="Medium" textname="alarm dumpm sensor 4"/>
			<item a2="1" id="23" iotype="DI" name="DumpSensor5_S" priority="Medium" textname="alarm dumpm sensor 5"/>
			<item a2="1" id="24" iotype="DI" name="DumpSensor6_S" priority="Medium" textname="alarm dumpm sensor 6"/>
			<item a2="1" id="25" iotype="DI" name="DumpSensor7_S" priority="Medium" textname="alarm dumpm sensor 7"/>
			<item a2="1" id="26" iotype="DI" name="DumpSensor8_S" priority="Medium" textname="alarm dumpm sensor 8"/>
			<item default="-655360" id="27" iotype="AI" mb_vtype="I2" mbaddr="0x01" mbreg="0x12" mbtcp="2" mbtype="rtu" name="MB1_AS" priority="Medium" textname="Analog input"/>
			<item default="6553604" id="28" iotype="AI" mb_vtype="U2" mbaddr="0x01" mbreg="0x14" mbtcp="2" mbtype="rtu" name="MB2_AS" priority="Medium" textname="Analog input"/>
			<item default="65536045" id="29" iotype="AI" mb_vtype="F2" mbaddr="0x01" mbreg="0x17" mbtcp="2" mbtype="rtu" name="MB3_AS" priority="Medium" textname="Analog input"/>
			<item id="30" iotype="AI" name="IOTestMode_AS" priority="Medium" textname="testmode for IOControl"/>
			<item id="31" iotype="AI" mb_vtype="I2" mbreg="43" name="imitator_performance1" precision="6" rs="mbslave" textname="Производительность танка 1"/>
			<item id="32" iotype="AI" mbtcp_mbaddr="1" mbtcp_mbfunc="0x04" mbtcp_mbreg="43" mbtcp_mbtype="rtu" mbtcp_vtype="I2" name="performance1" noprecision="1" precision="6" rs="mbmaster" textname="Производительность танка 1"/>
			<item id="33" iotype="DI" name="Message1" priority="Medium" textname="Текст сообщения 1"/>
			<item id="34" iotype="AI" name="MB1_Mode_AS" priority="Medium" textname="ModbusExchange Mode"/>

			<item id="50" iotype="DI" mbaddr="0x01" mbfunc="0x06" mbreg="0x02" nbit="0" mbtype="rtu" name="Input50_S" pollfactor="4" priority="Medium" rs="5" textname="Команда 2"/>
			<item id="51" iotype="DI" mbaddr="0x01" mbfunc="0x03" mbreg="0x01" ntit="1" mbtype="rtu" name="Input51_S" pollfactor="4" priority="Medium" rs="5" textname="Команда 2"/>
			<item id="52" iotype="DI" mbaddr="0x01" mbfunc="0x06" mbreg="0x02" nbit="1" mbtype="rtu" name="Input52_S" pollfactor="2" priority="Medium" rs="5" textname="Команда 2"/>
			<item id="53" iotype="DI" mbaddr="0x01" mbfunc="0x03" mbreg="0x01" nbit="2" mbtype="rtu" name="Input53_S" pollfactor="2" priority="Medium" rs="5" textname="Команда 2"/>
			<item id="67" iotype="DI" mbaddr="0x01" mbfunc="0x03" mbtype="rtu" name="Input67_S" priority="Medium" rs="5" textname="Bad reg test"/>
			<item id="54" iotype="AI" name="AI54_S" textname="AI sensor 54" rrd="1" rrd1_ds="GAUGE:20:U:U"/>
			<item id="55" iotype="AI" name="AI55_S" textname="AI sensor 55" rrd="1" rrd1_ds="GAUGE:20:U:U"/>
			<item id="56" iotype="AI" name="AI56_S" textname="AI sensor 56" rrd="2" rrd2_ds="COUNTER:20:U:U"/>
			<item id="57" iotype="AI" name="AI57_S" textname="AI sensor 57" rrd="2" rrd2_ds="DERIVE:20:U:U"/>
			<item id="58" iotype="AO" name="Lamp58_C" textname="Lamp 58" rrd="1" rrd1_ds="GAUGE:20:U:U"/>
			<item id="62" iotype="AI" name="LogLevel_S" textname="LogLevel control"/>
			<item id="63" iotype="AI" name="SVU_AskCount_AS" textname="svu asl count"/>
			<item id="64" iotype="AI" name="AI64_AS" textname="AI64" mbaddr="0x01" mbfunc="0x03" mbreg="64" mbtype="rtu" rs="5" tcp="6"/>
			<item id="66" iotype="DI" name="DI66_AS" textname="DI66" mbaddr="0x01" mbfunc="0x01" mbreg="66" mbtype="rtu" rs="5"/>
			<item id="65" iotype="DI" name="D65_S" textname="D65" threshold_aid="AI64_AS" lowlimit="3" hilimit="5" threshold_invert="1" rs="5" />
			<item id="100" iotype="AI" name="AI100_AS" textname="AI100" mbaddr="0x01" mbfunc="0x03" mbreg="100" mbtype="rtu" tcp="6" vtype="F2" precision="1" mbtcp="3"/>
			<item id="102" iotype="AI" name="AI102_AS" textname="AI101" mbaddr="0x01" mbfunc="0x03" mbreg="102" mbtype="rtu" tcp="6"/>
			<item id="103" iotype="AI" name="AI103_AS" textname="AI102" mbaddr="0x01" mbfunc="0x03" mbreg="99" mbtype="rtu" tcp="6"/>

			<item id="104" iotype="AI" name="AI104_AS" textname="AI104" ag="2" ag_min="100" ag_max="120"/>
			<item id="105" iotype="AI" name="AI105_AS" textname="AI105" ag="1" ag_min="0" ag_max="40" ag_status="AI107_AS"/>
			<item id="106" iotype="DI" name="D106_S" textname="D106"/>
			<item id="107" iotype="AI" name="AI107_AS" textname="AI107" default="1"/>
			<item id="108" iotype="AI" name="AI108_AS" textname="AI108" ag="1" ag_min="30" ag_max="40" ag_invert="1"/>

			<item id="109" iotype="DI" name="MM1_Not_Respond_S" priority="Medium" textname="multimaster test sensor"/>
			<item id="110" iotype="DI" name="MM2_Not_Respond_S" priority="Medium" textname="multimaster test sensor"/>

			<item id="111" iotype="AI" name="MQTT_AI_AS" textname="MQTT test AI" mqtt="1">
				<mqtt>
					<msg value="1" text="Hello %v"/>
					<range min="2" max="5" text="Range Hello %v %r (min=%rmin max=%rmax)"/>
					<range min="2" max="3" text="Range Hello %t = %v"/>
				</mqtt>
			</item>
			<item id="112" iotype="DI" name="MQTT_DI_S" textname="MQTT test DI" mqtt="1"/>

			<item id="2052" mbtcp="3" mbaddr="1" mbreg="263" iotype="AI" name="AIForThresholds" textname="Тестовый регистр для проверки пороговых датчиков"/>
			<item id="2053" mbtcp="3" mbaddr="1" iotype="DI" name="Threshold1" textname="Порог N1" threshold_aid="AIForThresholds" lowlimit="20" hilimit="25" />
			<item id="2054" mbtcp="3" mbaddr="1" iotype="DI" name="Threshold2" textname="Порог N2" threshold_aid="AIForThresholds" lowlimit="20" hilimit="25" threshold_invert="1"/>

			<item id="2055" mbtcp="3" mbaddr="2" mbreg="263" iotype="AI" name="AIMBADD2" textname="Тестовый регистр для проверки чтения по второму устройству"/>
			
			<!-- test netdata -->
			<item id="200" iotype="DI" name="UNET_DATA1_S" textname="UNET: data1" ndata="unet"/>
			<item id="201" iotype="DI" name="UNET_DATA2_S" textname="UNET: data2" ndata="unet"/>
			<item id="202" iotype="DI" name="UNET_DATA3_S" textname="UNET: data3" ndata="unet"/>
			
			<!-- LOST MESSAGES TEST -->
			<item id="10000" losttest="1" iotype="AI" name="Sensor10000_S" textname="test sensor 10000"/>
			<item id="10001" losttest="1" iotype="AI" name="Sensor10001_S" textname="test sensor 10001"/>
			<item id="10002" losttest="1" iotype="AI" name="Sensor10002_S" textname="test sensor 10002"/>
			<item id="10003" losttest="1" iotype="AI" name="Sensor10003_S" textname="test sensor 10003"/>
			<item id="10004" losttest="1" iotype="AI" name="Sensor10004_S" textname="test sensor 10004"/>
			<item id="10005" losttest="1" iotype="AI" name="Sensor10005_S" textname="test sensor 10005"/>
			<item id="10006" losttest="1" iotype="AI" name="Sensor10006_S" textname="test sensor 10006"/>
			<item id="10007" losttest="1" iotype="AI" name="Sensor10007_S" textname="test sensor 10007"/>
			<item id="10008" losttest="1" iotype="AI" name="Sensor10008_S" textname="test sensor 10008"/>
			<item id="10009" losttest="1" iotype="AI" name="Sensor10009_S" textname="test sensor 10009"/>
			<item id="10010" losttest="1" iotype="AI" name="Sensor10010_S" textname="test sensor 10010"/>
			<item id="10011" losttest="1" iotype="AI" name="Sensor10011_S" textname="test sensor 10011"/>
			<item id="10012" losttest="1" iotype="AI" name="Sensor10012_S" textname="test sensor 10012"/>
			<item id="10013" losttest="1" iotype="AI" name="Sensor10013_S" textname="test sensor 10013"/>
			<item id="10014" losttest="1" iotype="AI" name="Sensor10014_S" textname="test sensor 10014"/>
			<item id="10015" losttest="1" iotype="AI" name="Sensor10015_S" textname="test sensor 10015"/>
			<item id="10016" losttest="1" iotype="AI" name="Sensor10016_S" textname="test sensor 10016"/>
			<item id="10017" losttest="1" iotype="AI" name="Sensor10017_S" textname="test sensor 10017"/>
			<item id="10018" losttest="1" iotype="AI" name="Sensor10018_S" textname="test sensor 10018"/>
			<item id="10019" losttest="1" iotype="AI" name="Sensor10019_S" textname="test sensor 10019"/>
			<item id="10020" losttest="1" iotype="AI" name="Sensor10020_S" textname="test sensor 10020"/>
			<item id="10021" losttest="1" iotype="AI" name="Sensor10021_S" textname="test sensor 10021"/>
			<item id="10022" losttest="1" iotype="AI" name="Sensor10022_S" textname="test sensor 10022"/>
			<item id="10023" losttest="1" iotype="AI" name="Sensor10023_S" textname="test sensor 10023"/>
			<item id="10024" losttest="1" iotype="AI" name="Sensor10024_S" textname="test sensor 10024"/>
			<item id="10025" losttest="1" iotype="AI" name="Sensor10025_S" textname="test sensor 10025"/>
			<item id="10026" losttest="1" iotype="AI" name="Sensor10026_S" textname="test sensor 10026"/>
			<item id="10027" losttest="1" iotype="AI" name="Sensor10027_S" textname="test sensor 10027"/>
			<item id="10028" losttest="1" iotype="AI" name="Sensor10028_S" textname="test sensor 10028"/>
			<item id="10029" losttest="1" iotype="AI" name="Sensor10029_S" textname="test sensor 10029"/>
			<item id="10030" losttest="1" iotype="AI" name="Sensor10030_S" textname="test sensor 10030"/>
			<item id="10031" losttest="1" iotype="AI" name="Sensor10031_S" textname="test sensor 10031"/>
			<item id="10032" losttest="1" iotype="AI" name="Sensor10032_S" textname="test sensor 10032"/>
			<item id="10033" losttest="1" iotype="AI" name="Sensor10033_S" textname="test sensor 10033"/>
			<item id="10034" losttest="1" iotype="AI" name="Sensor10034_S" textname="test sensor 10034"/>
			<item id="10035" losttest="1" iotype="AI" name="Sensor10035_S" textname="test sensor 10035"/>
			<item id="10036" losttest="1" iotype="AI" name="Sensor10036_S" textname="test sensor 10036"/>
			<item id="10037" losttest="1" iotype="AI" name="Sensor10037_S" textname="test sensor 10037"/>
			<item id="10038" losttest="1" iotype="AI" name="Sensor10038_S" textname="test sensor 10038"/>
			<item id="10039" losttest="1" iotype="AI" name="Sensor10039_S" textname="test sensor 10039"/>
			<item id="10040" losttest="1" iotype="AI" name="Sensor10040_S" textname="test sensor 10040"/>
			<item id="10041" losttest="1" iotype="AI" name="Sensor10041_S" textname="test sensor 10041"/>
			<item id="10042" losttest="1" iotype="AI" name="Sensor10042_S" textname="test sensor 10042"/>
			<item id="10043" losttest="1" iotype="AI" name="Sensor10043_S" textname="test sensor 10043"/>
			<item id="10044" losttest="1" iotype="AI" name="Sensor10044_S" textname="test sensor 10044"/>
			<item id="10045" losttest="1" iotype="AI" name="Sensor10045_S" textname="test sensor 10045"/>
			<item id="10046" losttest="1" iotype="AI" name="Sensor10046_S" textname="test sensor 10046"/>
			<item id="10047" losttest="1" iotype="AI" name="Sensor10047_S" textname="test sensor 10047"/>
			<item id="10048" losttest="1" iotype="AI" name="Sensor10048_S" textname="test sensor 10048"/>
			<item id="10049" losttest="1" iotype="AI" name="Sensor10049_S" textname="test sensor 10049"/>
			<item id="10050" losttest="1" iotype="AI" name="Sensor10050_S" textname="test sensor 10050"/>
			<item id="10051" losttest="1" iotype="AI" name="Sensor10051_S" textname="test sensor 10051"/>
			<item id="10052" losttest="1" iotype="AI" name="Sensor10052_S" textname="test sensor 10052"/>
			<item id="10053" losttest="1" iotype="AI" name="Sensor10053_S" textname="test sensor 10053"/>
			<item id="10054" losttest="1" iotype="AI" name="Sensor10054_S" textname="test sensor 10054"/>
			<item id="10055" losttest="1" iotype="AI" name="Sensor10055_S" textname="test sensor 10055"/>
			<item id="10056" losttest="1" iotype="AI" name="Sensor10056_S" textname="test sensor 10056"/>
			<item id="10057" losttest="1" iotype="AI" name="Sensor10057_S" textname="test sensor 10057"/>
			<item id="10058" losttest="1" iotype="AI" name="Sensor10058_S" textname="test sensor 10058"/>
			<item id="10059" losttest="1" iotype="AI" name="Sensor10059_S" textname="test sensor 10059"/>
			<item id="10060" losttest="1" iotype="AI" name="Sensor10060_S" textname="test sensor 10060"/>
			<item id="10061" losttest="1" iotype="AI" name="Sensor10061_S" textname="test sensor 10061"/>
			<item id="10062" losttest="1" iotype="AI" name="Sensor10062_S" textname="test sensor 10062"/>
			<item id="10063" losttest="1" iotype="AI" name="Sensor10063_S" textname="test sensor 10063"/>
			<item id="10064" losttest="1" iotype="AI" name="Sensor10064_S" textname="test sensor 10064"/>
			<item id="10065" losttest="1" iotype="AI" name="Sensor10065_S" textname="test sensor 10065"/>
			<item id="10066" losttest="1" iotype="AI" name="Sensor10066_S" textname="test sensor 10066"/>
			<item id="10067" losttest="1" iotype="AI" name="Sensor10067_S" textname="test sensor 10067"/>
			<item id="10068" losttest="1" iotype="AI" name="Sensor10068_S" textname="test sensor 10068"/>
			<item id="10069" losttest="1" iotype="AI" name="Sensor10069_S" textname="test sensor 10069"/>
			<item id="10070" losttest="1" iotype="AI" name="Sensor10070_S" textname="test sensor 10070"/>
			<item id="10071" losttest="1" iotype="AI" name="Sensor10071_S" textname="test sensor 10071"/>
			<item id="10072" losttest="1" iotype="AI" name="Sensor10072_S" textname="test sensor 10072"/>
			<item id="10073" losttest="1" iotype="AI" name="Sensor10073_S" textname="test sensor 10073"/>
			<item id="10074" losttest="1" iotype="AI" name="Sensor10074_S" textname="test sensor 10074"/>
			<item id="10075" losttest="1" iotype="AI" name="Sensor10075_S" textname="test sensor 10075"/>
			<item id="10076" losttest="1" iotype="AI" name="Sensor10076_S" textname="test sensor 10076"/>
			<item id="10077" losttest="1" iotype="AI" name="Sensor10077_S" textname="test sensor 10077"/>
			<item id="10078" losttest="1" iotype="AI" name="Sensor10078_S" textname="test sensor 10078"/>
			<item id="10079" losttest="1" iotype="AI" name="Sensor10079_S" textname="test sensor 10079"/>
			<item id="10080" losttest="1" iotype="AI" name="Sensor10080_S" textname="test sensor 10080"/>
			<item id="10081" losttest="1" iotype="AI" name="Sensor10081_S" textname="test sensor 10081"/>
			<item id="10082" losttest="1" iotype="AI" name="Sensor10082_S" textname="test sensor 10082"/>
			<item id="10083" losttest="1" iotype="AI" name="Sensor10083_S" textname="test sensor 10083"/>
			<item id="10084" losttest="1" iotype="AI" name="Sensor10084_S" textname="test sensor 10084"/>
			<item id="10085" losttest="1" iotype="AI" name="Sensor10085_S" textname="test sensor 10085"/>
			<item id="10086" losttest="1" iotype="AI" name="Sensor10086_S" textname="test sensor 10086"/>
			<item id="10087" losttest="1" iotype="AI" name="Sensor10087_S" textname="test sensor 10087"/>
			<item id="10088" losttest="1" iotype="AI" name="Sensor10088_S" textname="test sensor 10088"/>
			<item id="10089" losttest="1" iotype="AI" name="Sensor10089_S" textname="test sensor 10089"/>
			<item id="10090" losttest="1" iotype="AI" name="Sensor10090_S" textname="test sensor 10090"/>
			<item id="10091" losttest="1" iotype="AI" name="Sensor10091_S" textname="test sensor 10091"/>
			<item id="10092" losttest="1" iotype="AI" name="Sensor10092_S" textname="test sensor 10092"/>
			<item id="10093" losttest="1" iotype="AI" name="Sensor10093_S" textname="test sensor 10093"/>
			<item id="10094" losttest="1" iotype="AI" name="Sensor10094_S" textname="test sensor 10094"/>
			<item id="10095" losttest="1" iotype="AI" name="Sensor10095_S" textname="test sensor 10095"/>
			<item id="10096" losttest="1" iotype="AI" name="Sensor10096_S" textname="test sensor 10096"/>
			<item id="10097" losttest="1" iotype="AI" name="Sensor10097_S" textname="test sensor 10097"/>
			<item id="10098" losttest="1" iotype="AI" name="Sensor10098_S" textname="test sensor 10098"/>
			<item id="10099" losttest="1" iotype="AI" name="Sensor10099_S" textname="test sensor 10099"/>
			<item id="10100" losttest="1" iotype="AI" name="Sensor10100_S" textname="test sensor 10100"/>
			<item id="10101" losttest="1" iotype="AI" name="Sensor10101_S" textname="test sensor 10101"/>
			<item id="10102" losttest="1" iotype="AI" name="Sensor10102_S" textname="test sensor 10102"/>
			<item id="10103" losttest="1" iotype="AI" name="Sensor10103_S" textname="test sensor 10103"/>
			<item id="10104" losttest="1" iotype="AI" name="Sensor10104_S" textname="test sensor 10104"/>
			<item id="10105" losttest="1" iotype="AI" name="Sensor10105_S" textname="test sensor 10105"/>
			<item id="10106" losttest="1" iotype="AI" name="Sensor10106_S" textname="test sensor 10106"/>
			<item id="10107" losttest="1" iotype="AI" name="Sensor10107_S" textname="test sensor 10107"/>
			<item id="10108" losttest="1" iotype="AI" name="Sensor10108_S" textname="test sensor 10108"/>
			<item id="10109" losttest="1" iotype="AI" name="Sensor10109_S" textname="test sensor 10109"/>
			<item id="10110" losttest="1" iotype="AI" name="Sensor10110_S" textname="test sensor 10110"/>
			<item id="10111" losttest="1" iotype="AI" name="Sensor10111_S" textname="test sensor 10111"/>
			<item id="10112" losttest="1" iotype="AI" name="Sensor10112_S" textname="test sensor 10112"/>
			<item id="10113" losttest="1" iotype="AI" name="Sensor10113_S" textname="test sensor 10113"/>
			<item id="10114" losttest="1" iotype="AI" name="Sensor10114_S" textname="test sensor 10114"/>
			<item id="10115" losttest="1" iotype="AI" name="Sensor10115_S" textname="test sensor 10115"/>
			<item id="10116" losttest="1" iotype="AI" name="Sensor10116_S" textname="test sensor 10116"/>
			<item id="10117" losttest="1" iotype="AI" name="Sensor10117_S" textname="test sensor 10117"/>
			<item id="10118" losttest="1" iotype="AI" name="Sensor10118_S" textname="test sensor 10118"/>
			<item id="10119" losttest="1" iotype="AI" name="Sensor10119_S" textname="test sensor 10119"/>
			<item id="10120" losttest="1" iotype="AI" name="Sensor10120_S" textname="test sensor 10120"/>
			<item id="10121" losttest="1" iotype="AI" name="Sensor10121_S" textname="test sensor 10121"/>
			<item id="10122" losttest="1" iotype="AI" name="Sensor10122_S" textname="test sensor 10122"/>
			<item id="10123" losttest="1" iotype="AI" name="Sensor10123_S" textname="test sensor 10123"/>
			<item id="10124" losttest="1" iotype="AI" name="Sensor10124_S" textname="test sensor 10124"/>
			<item id="10125" losttest="1" iotype="AI" name="Sensor10125_S" textname="test sensor 10125"/>
			<item id="10126" losttest="1" iotype="AI" name="Sensor10126_S" textname="test sensor 10126"/>
			<item id="10127" losttest="1" iotype="AI" name="Sensor10127_S" textname="test sensor 10127"/>
			<item id="10128" losttest="1" iotype="AI" name="Sensor10128_S" textname="test sensor 10128"/>
			<item id="10129" losttest="1" iotype="AI" name="Sensor10129_S" textname="test sensor 10129"/>
			<item id="10130" losttest="1" iotype="AI" name="Sensor10130_S" textname="test sensor 10130"/>
			<item id="10131" losttest="1" iotype="AI" name="Sensor10131_S" textname="test sensor 10131"/>
			<item id="10132" losttest="1" iotype="AI" name="Sensor10132_S" textname="test sensor 10132"/>
			<item id="10133" losttest="1" iotype="AI" name="Sensor10133_S" textname="test sensor 10133"/>
			<item id="10134" losttest="1" iotype="AI" name="Sensor10134_S" textname="test sensor 10134"/>
			<item id="10135" losttest="1" iotype="AI" name="Sensor10135_S" textname="test sensor 10135"/>
			<item id="10136" losttest="1" iotype="AI" name="Sensor10136_S" textname="test sensor 10136"/>
			<item id="10137" losttest="1" iotype="AI" name="Sensor10137_S" textname="test sensor 10137"/>
			<item id="10138" losttest="1" iotype="AI" name="Sensor10138_S" textname="test sensor 10138"/>
			<item id="10139" losttest="1" iotype="AI" name="Sensor10139_S" textname="test sensor 10139"/>
			<item id="10140" losttest="1" iotype="AI" name="Sensor10140_S" textname="test sensor 10140"/>
			<item id="10141" losttest="1" iotype="AI" name="Sensor10141_S" textname="test sensor 10141"/>
			<item id="10142" losttest="1" iotype="AI" name="Sensor10142_S" textname="test sensor 10142"/>
			<item id="10143" losttest="1" iotype="AI" name="Sensor10143_S" textname="test sensor 10143"/>
			<item id="10144" losttest="1" iotype="AI" name="Sensor10144_S" textname="test sensor 10144"/>
			<item id="10145" losttest="1" iotype="AI" name="Sensor10145_S" textname="test sensor 10145"/>
			<item id="10146" losttest="1" iotype="AI" name="Sensor10146_S" textname="test sensor 10146"/>
			<item id="10147" losttest="1" iotype="AI" name="Sensor10147_S" textname="test sensor 10147"/>
			<item id="10148" losttest="1" iotype="AI" name="Sensor10148_S" textname="test sensor 10148"/>
			<item id="10149" losttest="1" iotype="AI" name="Sensor10149_S" textname="test sensor 10149"/>
			<item id="10150" losttest="1" iotype="AI" name="Sensor10150_S" textname="test sensor 10150"/>
			<item id="10151" losttest="1" iotype="AI" name="Sensor10151_S" textname="test sensor 10151"/>
			<item id="10152" losttest="1" iotype="AI" name="Sensor10152_S" textname="test sensor 10152"/>
			<item id="10153" losttest="1" iotype="AI" name="Sensor10153_S" textname="test sensor 10153"/>
			<item id="10154" losttest="1" iotype="AI" name="Sensor10154_S" textname="test sensor 10154"/>
			<item id="10155" losttest="1" iotype="AI" name="Sensor10155_S" textname="test sensor 10155"/>
			<item id="10156" losttest="1" iotype="AI" name="Sensor10156_S" textname="test sensor 10156"/>
			<item id="10157" losttest="1" iotype="AI" name="Sensor10157_S" textname="test sensor 10157"/>
			<item id="10158" losttest="1" iotype="AI" name="Sensor10158_S" textname="test sensor 10158"/>
			<item id="10159" losttest="1" iotype="AI" name="Sensor10159_S" textname="test sensor 10159"/>
			<item id="10160" losttest="1" iotype="AI" name="Sensor10160_S" textname="test sensor 10160"/>
			<item id="10161" losttest="1" iotype="AI" name="Sensor10161_S" textname="test sensor 10161"/>
			<item id="10162" losttest="1" iotype="AI" name="Sensor10162_S" textname="test sensor 10162"/>
			<item id="10163" losttest="1" iotype="AI" name="Sensor10163_S" textname="test sensor 10163"/>
			<item id="10164" losttest="1" iotype="AI" name="Sensor10164_S" textname="test sensor 10164"/>
			<item id="10165" losttest="1" iotype="AI" name="Sensor10165_S" textname="test sensor 10165"/>
			<item id="10166" losttest="1" iotype="AI" name="Sensor10166_S" textname="test sensor 10166"/>
			<item id="10167" losttest="1" iotype="AI" name="Sensor10167_S" textname="test sensor 10167"/>
			<item id="10168" losttest="1" iotype="AI" name="Sensor10168_S" textname="test sensor 10168"/>
			<item id="10169" losttest="1" iotype="AI" name="Sensor10169_S" textname="test sensor 10169"/>
			<item id="10170" losttest="1" iotype="AI" name="Sensor10170_S" textname="test sensor 10170"/>
			<item id="10171" losttest="1" iotype="AI" name="Sensor10171_S" textname="test sensor 10171"/>
			<item id="10172" losttest="1" iotype="AI" name="Sensor10172_S" textname="test sensor 10172"/>
			<item id="10173" losttest="1" iotype="AI" name="Sensor10173_S" textname="test sensor 10173"/>
			<item id="10174" losttest="1" iotype="AI" name="Sensor10174_S" textname="test sensor 10174"/>
			<item id="10175" losttest="1" iotype="AI" name="Sensor10175_S" textname="test sensor 10175"/>
			<item id="10176" losttest="1" iotype="AI" name="Sensor10176_S" textname="test sensor 10176"/>
			<item id="10177" losttest="1" iotype="AI" name="Sensor10177_S" textname="test sensor 10177"/>
			<item id="10178" losttest="1" iotype="AI" name="Sensor10178_S" textname="test sensor 10178"/>
			<item id="10179" losttest="1" iotype="AI" name="Sensor10179_S" textname="test sensor 10179"/>
			<item id="10180" losttest="1" iotype="AI" name="Sensor10180_S" textname="test sensor 10180"/>
			<item id="10181" losttest="1" iotype="AI" name="Sensor10181_S" textname="test sensor 10181"/>
			<item id="10182" losttest="1" iotype="AI" name="Sensor10182_S" textname="test sensor 10182"/>
			<item id="10183" losttest="1" iotype="AI" name="Sensor10183_S" textname="test sensor 10183"/>
			<item id="10184" losttest="1" iotype="AI" name="Sensor10184_S" textname="test sensor 10184"/>
			<item id="10185" losttest="1" iotype="AI" name="Sensor10185_S" textname="test sensor 10185"/>
			<item id="10186" losttest="1" iotype="AI" name="Sensor10186_S" textname="test sensor 10186"/>
			<item id="10187" losttest="1" iotype="AI" name="Sensor10187_S" textname="test sensor 10187"/>
			<item id="10188" losttest="1" iotype="AI" name="Sensor10188_S" textname="test sensor 10188"/>
			<item id="10189" losttest="1" iotype="AI" name="Sensor10189_S" textname="test sensor 10189"/>
			<item id="10190" losttest="1" iotype="AI" name="Sensor10190_S" textname="test sensor 10190"/>
			<item id="10191" losttest="1" iotype="AI" name="Sensor10191_S" textname="test sensor 10191"/>
			<item id="10192" losttest="1" iotype="AI" name="Sensor10192_S" textname="test sensor 10192"/>
			<item id="10193" losttest="1" iotype="AI" name="Sensor10193_S" textname="test sensor 10193"/>
			<item id="10194" losttest="1" iotype="AI" name="Sensor10194_S" textname="test sensor 10194"/>
			<item id="10195" losttest="1" iotype="AI" name="Sensor10195_S" textname="test sensor 10195"/>
			<item id="10196" losttest="1" iotype="AI" name="Sensor10196_S" textname="test sensor 10196"/>
			<item id="10197" losttest="1" iotype="AI" name="Sensor10197_S" textname="test sensor 10197"/>
			<item id="10198" losttest="1" iotype="AI" name="Sensor10198_S" textname="test sensor 10198"/>
			<item id="10199" losttest="1" iotype="AI" name="Sensor10199_S" textname="test sensor 10199"/>
			<item id="10200" losttest="1" iotype="AI" name="Sensor10200_S" textname="test sensor 10200"/>
			<item id="10201" losttest="1" iotype="AI" name="Sensor10201_S" textname="test sensor 10201"/>
			<item id="10202" losttest="1" iotype="AI" name="Sensor10202_S" textname="test sensor 10202"/>
			<item id="10203" losttest="1" iotype="AI" name="Sensor10203_S" textname="test sensor 10203"/>
			<item id="10204" losttest="1" iotype="AI" name="Sensor10204_S" textname="test sensor 10204"/>
			<item id="10205" losttest="1" iotype="AI" name="Sensor10205_S" textname="test sensor 10205"/>
			<item id="10206" losttest="1" iotype="AI" name="Sensor10206_S" textname="test sensor 10206"/>
			<item id="10207" losttest="1" iotype="AI" name="Sensor10207_S" textname="test sensor 10207"/>
			<item id="10208" losttest="1" iotype="AI" name="Sensor10208_S" textname="test sensor 10208"/>
			<item id="10209" losttest="1" iotype="AI" name="Sensor10209_S" textname="test sensor 10209"/>
			<item id="10210" losttest="1" iotype="AI" name="Sensor10210_S" textname="test sensor 10210"/>
			<item id="10211" losttest="1" iotype="AI" name="Sensor10211_S" textname="test sensor 10211"/>
			<item id="10212" losttest="1" iotype="AI" name="Sensor10212_S" textname="test sensor 10212"/>
			<item id="10213" losttest="1" iotype="AI" name="Sensor10213_S" textname="test sensor 10213"/>
			<item id="10214" losttest="1" iotype="AI" name="Sensor10214_S" textname="test sensor 10214"/>
			<item id="10215" losttest="1" iotype="AI" name="Sensor10215_S" textname="test sensor 10215"/>
			<item id="10216" losttest="1" iotype="AI" name="Sensor10216_S" textname="test sensor 10216"/>
			<item id="10217" losttest="1" iotype="AI" name="Sensor10217_S" textname="test sensor 10217"/>
			<item id="10218" losttest="1" iotype="AI" name="Sensor10218_S" textname="test sensor 10218"/>
			<item id="10219" losttest="1" iotype="AI" name="Sensor10219_S" textname="test sensor 10219"/>
			<item id="10220" losttest="1" iotype="AI" name="Sensor10220_S" textname="test sensor 10220"/>
			<item id="10221" losttest="1" iotype="AI" name="Sensor10221_S" textname="test sensor 10221"/>
			<item id="10222" losttest="1" iotype="AI" name="Sensor10222_S" textname="test sensor 10222"/>
			<item id="10223" losttest="1" iotype="AI" name="Sensor10223_S" textname="test sensor 10223"/>
			<item id="10224" losttest="1" iotype="AI" name="Sensor10224_S" textname="test sensor 10224"/>
			<item id="10225" losttest="1" iotype="AI" name="Sensor10225_S" textname="test sensor 10225"/>
			<item id="10226" losttest="1" iotype="AI" name="Sensor10226_S" textname="test sensor 10226"/>
			<item id="10227" losttest="1" iotype="AI" name="Sensor10227_S" textname="test sensor 10227"/>
			<item id="10228" losttest="1" iotype="AI" name="Sensor10228_S" textname="test sensor 10228"/>
			<item id="10229" losttest="1" iotype="AI" name="Sensor10229_S" textname="test sensor 10229"/>
			<item id="10230" losttest="1" iotype="AI" name="Sensor10230_S" textname="test sensor 10230"/>
			<item id="10231" losttest="1" iotype="AI" name="Sensor10231_S" textname="test sensor 10231"/>
			<item id="10232" losttest="1" iotype="AI" name="Sensor10232_S" textname="test sensor 10232"/>
			<item id="10233" losttest="1" iotype="AI" name="Sensor10233_S" textname="test sensor 10233"/>
			<item id="10234" losttest="1" iotype="AI" name="Sensor10234_S" textname="test sensor 10234"/>
			<item id="10235" losttest="1" iotype="AI" name="Sensor10235_S" textname="test sensor 10235"/>
			<item id="10236" losttest="1" iotype="AI" name="Sensor10236_S" textname="test sensor 10236"/>
			<item id="10237" losttest="1" iotype="AI" name="Sensor10237_S" textname="test sensor 10237"/>
			<item id="10238" losttest="1" iotype="AI" name="Sensor10238_S" textname="test sensor 10238"/>
			<item id="10239" losttest="1" iotype="AI" name="Sensor10239_S" textname="test sensor 10239"/>
			<item id="10240" losttest="1" iotype="AI" name="Sensor10240_S" textname="test sensor 10240"/>
			<item id="10241" losttest="1" iotype="AI" name="Sensor10241_S" textname="test sensor 10241"/>
			<item id="10242" losttest="1" iotype="AI" name="Sensor10242_S" textname="test sensor 10242"/>
			<item id="10243" losttest="1" iotype="AI" name="Sensor10243_S" textname="test sensor 10243"/>
			<item id="10244" losttest="1" iotype="AI" name="Sensor10244_S" textname="test sensor 10244"/>
			<item id="10245" losttest="1" iotype="AI" name="Sensor10245_S" textname="test sensor 10245"/>
			<item id="10246" losttest="1" iotype="AI" name="Sensor10246_S" textname="test sensor 10246"/>
			<item id="10247" losttest="1" iotype="AI" name="Sensor10247_S" textname="test sensor 10247"/>
			<item id="10248" losttest="1" iotype="AI" name="Sensor10248_S" textname="test sensor 10248"/>
			<item id="10249" losttest="1" iotype="AI" name="Sensor10249_S" textname="test sensor 10249"/>
			<item id="10250" losttest="1" iotype="AI" name="Sensor10250_S" textname="test sensor 10250"/>
			<item id="10251" losttest="1" iotype="AI" name="Sensor10251_S" textname="test sensor 10251"/>
			<item id="10252" losttest="1" iotype="AI" name="Sensor10252_S" textname="test sensor 10252"/>
			<item id="10253" losttest="1" iotype="AI" name="Sensor10253_S" textname="test sensor 10253"/>
			<item id="10254" losttest="1" iotype="AI" name="Sensor10254_S" textname="test sensor 10254"/>
			<item id="10255" losttest="1" iotype="AI" name="Sensor10255_S" textname="test sensor 10255"/>
			<item id="10256" losttest="1" iotype="AI" name="Sensor10256_S" textname="test sensor 10256"/>
			<item id="10257" losttest="1" iotype="AI" name="Sensor10257_S" textname="test sensor 10257"/>
			<item id="10258" losttest="1" iotype="AI" name="Sensor10258_S" textname="test sensor 10258"/>
			<item id="10259" losttest="1" iotype="AI" name="Sensor10259_S" textname="test sensor 10259"/>
			<item id="10260" losttest="1" iotype="AI" name="Sensor10260_S" textname="test sensor 10260"/>
			<item id="10261" losttest="1" iotype="AI" name="Sensor10261_S" textname="test sensor 10261"/>
			<item id="10262" losttest="1" iotype="AI" name="Sensor10262_S" textname="test sensor 10262"/>
			<item id="10263" losttest="1" iotype="AI" name="Sensor10263_S" textname="test sensor 10263"/>
			<item id="10264" losttest="1" iotype="AI" name="Sensor10264_S" textname="test sensor 10264"/>
			<item id="10265" losttest="1" iotype="AI" name="Sensor10265_S" textname="test sensor 10265"/>
			<item id="10266" losttest="1" iotype="AI" name="Sensor10266_S" textname="test sensor 10266"/>
			<item id="10267" losttest="1" iotype="AI" name="Sensor10267_S" textname="test sensor 10267"/>
			<item id="10268" losttest="1" iotype="AI" name="Sensor10268_S" textname="test sensor 10268"/>
			<item id="10269" losttest="1" iotype="AI" name="Sensor10269_S" textname="test sensor 10269"/>
			<item id="10270" losttest="1" iotype="AI" name="Sensor10270_S" textname="test sensor 10270"/>
			<item id="10271" losttest="1" iotype="AI" name="Sensor10271_S" textname="test sensor 10271"/>
			<item id="10272" losttest="1" iotype="AI" name="Sensor10272_S" textname="test sensor 10272"/>
			<item id="10273" losttest="1" iotype="AI" name="Sensor10273_S" textname="test sensor 10273"/>
			<item id="10274" losttest="1" iotype="AI" name="Sensor10274_S" textname="test sensor 10274"/>
			<item id="10275" losttest="1" iotype="AI" name="Sensor10275_S" textname="test sensor 10275"/>
			<item id="10276" losttest="1" iotype="AI" name="Sensor10276_S" textname="test sensor 10276"/>
			<item id="10277" losttest="1" iotype="AI" name="Sensor10277_S" textname="test sensor 10277"/>
			<item id="10278" losttest="1" iotype="AI" name="Sensor10278_S" textname="test sensor 10278"/>
			<item id="10279" losttest="1" iotype="AI" name="Sensor10279_S" textname="test sensor 10279"/>
			<item id="10280" losttest="1" iotype="AI" name="Sensor10280_S" textname="test sensor 10280"/>
			<item id="10281" losttest="1" iotype="AI" name="Sensor10281_S" textname="test sensor 10281"/>
			<item id="10282" losttest="1" iotype="AI" name="Sensor10282_S" textname="test sensor 10282"/>
			<item id="10283" losttest="1" iotype="AI" name="Sensor10283_S" textname="test sensor 10283"/>
			<item id="10284" losttest="1" iotype="AI" name="Sensor10284_S" textname="test sensor 10284"/>
			<item id="10285" losttest="1" iotype="AI" name="Sensor10285_S" textname="test sensor 10285"/>
			<item id="10286" losttest="1" iotype="AI" name="Sensor10286_S" textname="test sensor 10286"/>
			<item id="10287" losttest="1" iotype="AI" name="Sensor10287_S" textname="test sensor 10287"/>
			<item id="10288" losttest="1" iotype="AI" name="Sensor10288_S" textname="test sensor 10288"/>
			<item id="10289" losttest="1" iotype="AI" name="Sensor10289_S" textname="test sensor 10289"/>
			<item id="10290" losttest="1" iotype="AI" name="Sensor10290_S" textname="test sensor 10290"/>
			<item id="10291" losttest="1" iotype="AI" name="Sensor10291_S" textname="test sensor 10291"/>
			<item id="10292" losttest="1" iotype="AI" name="Sensor10292_S" textname="test sensor 10292"/>
			<item id="10293" losttest="1" iotype="AI" name="Sensor10293_S" textname="test sensor 10293"/>
			<item id="10294" losttest="1" iotype="AI" name="Sensor10294_S" textname="test sensor 10294"/>
			<item id="10295" losttest="1" iotype="AI" name="Sensor10295_S" textname="test sensor 10295"/>
			<item id="10296" losttest="1" iotype="AI" name="Sensor10296_S" textname="test sensor 10296"/>
			<item id="10297" losttest="1" iotype="AI" name="Sensor10297_S" textname="test sensor 10297"/>
			<item id="10298" losttest="1" iotype="AI" name="Sensor10298_S" textname="test sensor 10298"/>
			<item id="10299" losttest="1" iotype="AI" name="Sensor10299_S" textname="test sensor 10299"/>
			<item id="10300" losttest="1" iotype="AI" name="Sensor10300_S" textname="test sensor 10300"/>
			<item id="10301" losttest="1" iotype="AI" name="Sensor10301_S" textname="test sensor 10301"/>
			<item id="10302" losttest="1" iotype="AI" name="Sensor10302_S" textname="test sensor 10302"/>
			<item id="10303" losttest="1" iotype="AI" name="Sensor10303_S" textname="test sensor 10303"/>
			<item id="10304" losttest="1" iotype="AI" name="Sensor10304_S" textname="test sensor 10304"/>
			<item id="10305" losttest="1" iotype="AI" name="Sensor10305_S" textname="test sensor 10305"/>
			<item id="10306" losttest="1" iotype="AI" name="Sensor10306_S" textname="test sensor 10306"/>
			<item id="10307" losttest="1" iotype="AI" name="Sensor10307_S" textname="test sensor 10307"/>
			<item id="10308" losttest="1" iotype="AI" name="Sensor10308_S" textname="test sensor 10308"/>
			<item id="10309" losttest="1" iotype="AI" name="Sensor10309_S" textname="test sensor 10309"/>
			<item id="10310" losttest="1" iotype="AI" name="Sensor10310_S" textname="test sensor 10310"/>
			<item id="10311" losttest="1" iotype="AI" name="Sensor10311_S" textname="test sensor 10311"/>
			<item id="10312" losttest="1" iotype="AI" name="Sensor10312_S" textname="test sensor 10312"/>
			<item id="10313" losttest="1" iotype="AI" name="Sensor10313_S" textname="test sensor 10313"/>
			<item id="10314" losttest="1" iotype="AI" name="Sensor10314_S" textname="test sensor 10314"/>
			<item id="10315" losttest="1" iotype="AI" name="Sensor10315_S" textname="test sensor 10315"/>
			<item id="10316" losttest="1" iotype="AI" name="Sensor10316_S" textname="test sensor 10316"/>
			<item id="10317" losttest="1" iotype="AI" name="Sensor10317_S" textname="test sensor 10317"/>
			<item id="10318" losttest="1" iotype="AI" name="Sensor10318_S" textname="test sensor 10318"/>
			<item id="10319" losttest="1" iotype="AI" name="Sensor10319_S" textname="test sensor 10319"/>
			<item id="10320" losttest="1" iotype="AI" name="Sensor10320_S" textname="test sensor 10320"/>
			<item id="10321" losttest="1" iotype="AI" name="Sensor10321_S" textname="test sensor 10321"/>
			<item id="10322" losttest="1" iotype="AI" name="Sensor10322_S" textname="test sensor 10322"/>
			<item id="10323" losttest="1" iotype="AI" name="Sensor10323_S" textname="test sensor 10323"/>
			<item id="10324" losttest="1" iotype="AI" name="Sensor10324_S" textname="test sensor 10324"/>
			<item id="10325" losttest="1" iotype="AI" name="Sensor10325_S" textname="test sensor 10325"/>
			<item id="10326" losttest="1" iotype="AI" name="Sensor10326_S" textname="test sensor 10326"/>
			<item id="10327" losttest="1" iotype="AI" name="Sensor10327_S" textname="test sensor 10327"/>
			<item id="10328" losttest="1" iotype="AI" name="Sensor10328_S" textname="test sensor 10328"/>
			<item id="10329" losttest="1" iotype="AI" name="Sensor10329_S" textname="test sensor 10329"/>
			<item id="10330" losttest="1" iotype="AI" name="Sensor10330_S" textname="test sensor 10330"/>
			<item id="10331" losttest="1" iotype="AI" name="Sensor10331_S" textname="test sensor 10331"/>
			<item id="10332" losttest="1" iotype="AI" name="Sensor10332_S" textname="test sensor 10332"/>
			<item id="10333" losttest="1" iotype="AI" name="Sensor10333_S" textname="test sensor 10333"/>
			<item id="10334" losttest="1" iotype="AI" name="Sensor10334_S" textname="test sensor 10334"/>
			<item id="10335" losttest="1" iotype="AI" name="Sensor10335_S" textname="test sensor 10335"/>
			<item id="10336" losttest="1" iotype="AI" name="Sensor10336_S" textname="test sensor 10336"/>
			<item id="10337" losttest="1" iotype="AI" name="Sensor10337_S" textname="test sensor 10337"/>
			<item id="10338" losttest="1" iotype="AI" name="Sensor10338_S" textname="test sensor 10338"/>
			<item id="10339" losttest="1" iotype="AI" name="Sensor10339_S" textname="test sensor 10339"/>
			<item id="10340" losttest="1" iotype="AI" name="Sensor10340_S" textname="test sensor 10340"/>
			<item id="10341" losttest="1" iotype="AI" name="Sensor10341_S" textname="test sensor 10341"/>
			<item id="10342" losttest="1" iotype="AI" name="Sensor10342_S" textname="test sensor 10342"/>
			<item id="10343" losttest="1" iotype="AI" name="Sensor10343_S" textname="test sensor 10343"/>
			<item id="10344" losttest="1" iotype="AI" name="Sensor10344_S" textname="test sensor 10344"/>
			<item id="10345" losttest="1" iotype="AI" name="Sensor10345_S" textname="test sensor 10345"/>
			<item id="10346" losttest="1" iotype="AI" name="Sensor10346_S" textname="test sensor 10346"/>
			<item id="10347" losttest="1" iotype="AI" name="Sensor10347_S" textname="test sensor 10347"/>
			<item id="10348" losttest="1" iotype="AI" name="Sensor10348_S" textname="test sensor 10348"/>
			<item id="10349" losttest="1" iotype="AI" name="Sensor10349_S" textname="test sensor 10349"/>
			<item id="10350" losttest="1" iotype="AI" name="Sensor10350_S" textname="test sensor 10350"/>
			<item id="10351" losttest="1" iotype="AI" name="Sensor10351_S" textname="test sensor 10351"/>
			<item id="10352" losttest="1" iotype="AI" name="Sensor10352_S" textname="test sensor 10352"/>
			<item id="10353" losttest="1" iotype="AI" name="Sensor10353_S" textname="test sensor 10353"/>
			<item id="10354" losttest="1" iotype="AI" name="Sensor10354_S" textname="test sensor 10354"/>
			<item id="10355" losttest="1" iotype="AI" name="Sensor10355_S" textname="test sensor 10355"/>
			<item id="10356" losttest="1" iotype="AI" name="Sensor10356_S" textname="test sensor 10356"/>
			<item id="10357" losttest="1" iotype="AI" name="Sensor10357_S" textname="test sensor 10357"/>
			<item id="10358" losttest="1" iotype="AI" name="Sensor10358_S" textname="test sensor 10358"/>
			<item id="10359" losttest="1" iotype="AI" name="Sensor10359_S" textname="test sensor 10359"/>
			<item id="10360" losttest="1" iotype="AI" name="Sensor10360_S" textname="test sensor 10360"/>
			<item id="10361" losttest="1" iotype="AI" name="Sensor10361_S" textname="test sensor 10361"/>
			<item id="10362" losttest="1" iotype="AI" name="Sensor10362_S" textname="test sensor 10362"/>
			<item id="10363" losttest="1" iotype="AI" name="Sensor10363_S" textname="test sensor 10363"/>
			<item id="10364" losttest="1" iotype="AI" name="Sensor10364_S" textname="test sensor 10364"/>
			<item id="10365" losttest="1" iotype="AI" name="Sensor10365_S" textname="test sensor 10365"/>
			<item id="10366" losttest="1" iotype="AI" name="Sensor10366_S" textname="test sensor 10366"/>
			<item id="10367" losttest="1" iotype="AI" name="Sensor10367_S" textname="test sensor 10367"/>
			<item id="10368" losttest="1" iotype="AI" name="Sensor10368_S" textname="test sensor 10368"/>
			<item id="10369" losttest="1" iotype="AI" name="Sensor10369_S" textname="test sensor 10369"/>
			<item id="10370" losttest="1" iotype="AI" name="Sensor10370_S" textname="test sensor 10370"/>
			<item id="10371" losttest="1" iotype="AI" name="Sensor10371_S" textname="test sensor 10371"/>
			<item id="10372" losttest="1" iotype="AI" name="Sensor10372_S" textname="test sensor 10372"/>
			<item id="10373" losttest="1" iotype="AI" name="Sensor10373_S" textname="test sensor 10373"/>
			<item id="10374" losttest="1" iotype="AI" name="Sensor10374_S" textname="test sensor 10374"/>
			<item id="10375" losttest="1" iotype="AI" name="Sensor10375_S" textname="test sensor 10375"/>
			<item id="10376" losttest="1" iotype="AI" name="Sensor10376_S" textname="test sensor 10376"/>
			<item id="10377" losttest="1" iotype="AI" name="Sensor10377_S" textname="test sensor 10377"/>
			<item id="10378" losttest="1" iotype="AI" name="Sensor10378_S" textname="test sensor 10378"/>
			<item id="10379" losttest="1" iotype="AI" name="Sensor10379_S" textname="test sensor 10379"/>
			<item id="10380" losttest="1" iotype="AI" name="Sensor10380_S" textname="test sensor 10380"/>
			<item id="10381" losttest="1" iotype="AI" name="Sensor10381_S" textname="test sensor 10381"/>
			<item id="10382" losttest="1" iotype="AI" name="Sensor10382_S" textname="test sensor 10382"/>
			<item id="10383" losttest="1" iotype="AI" name="Sensor10383_S" textname="test sensor 10383"/>
			<item id="10384" losttest="1" iotype="AI" name="Sensor10384_S" textname="test sensor 10384"/>
			<item id="10385" losttest="1" iotype="AI" name="Sensor10385_S" textname="test sensor 10385"/>
			<item id="10386" losttest="1" iotype="AI" name="Sensor10386_S" textname="test sensor 10386"/>
			<item id="10387" losttest="1" iotype="AI" name="Sensor10387_S" textname="test sensor 10387"/>
			<item id="10388" losttest="1" iotype="AI" name="Sensor10388_S" textname="test sensor 10388"/>
			<item id="10389" losttest="1" iotype="AI" name="Sensor10389_S" textname="test sensor 10389"/>
			<item id="10390" losttest="1" iotype="AI" name="Sensor10390_S" textname="test sensor 10390"/>
			<item id="10391" losttest="1" iotype="AI" name="Sensor10391_S" textname="test sensor 10391"/>
			<item id="10392" losttest="1" iotype="AI" name="Sensor10392_S" textname="test sensor 10392"/>
			<item id="10393" losttest="1" iotype="AI" name="Sensor10393_S" textname="test sensor 10393"/>
			<item id="10394" losttest="1" iotype="AI" name="Sensor10394_S" textname="test sensor 10394"/>
			<item id="10395" losttest="1" iotype="AI" name="Sensor10395_S" textname="test sensor 10395"/>
			<item id="10396" losttest="1" iotype="AI" name="Sensor10396_S" textname="test sensor 10396"/>
			<item id="10397" losttest="1" iotype="AI" name="Sensor10397_S" textname="test sensor 10397"/>
			<item id="10398" losttest="1" iotype="AI" name="Sensor10398_S" textname="test sensor 10398"/>
			<item id="10399" losttest="1" iotype="AI" name="Sensor10399_S" textname="test sensor 10399"/>
			<item id="10400" losttest="1" iotype="AI" name="Sensor10400_S" textname="test sensor 10400"/>
			<item id="10401" losttest="1" iotype="AI" name="Sensor10401_S" textname="test sensor 10401"/>
			<item id="10402" losttest="1" iotype="AI" name="Sensor10402_S" textname="test sensor 10402"/>
			<item id="10403" losttest="1" iotype="AI" name="Sensor10403_S" textname="test sensor 10403"/>
			<item id="10404" losttest="1" iotype="AI" name="Sensor10404_S" textname="test sensor 10404"/>
			<item id="10405" losttest="1" iotype="AI" name="Sensor10405_S" textname="test sensor 10405"/>
			<item id="10406" losttest="1" iotype="AI" name="Sensor10406_S" textname="test sensor 10406"/>
			<item id="10407" losttest="1" iotype="AI" name="Sensor10407_S" textname="test sensor 10407"/>
			<item id="10408" losttest="1" iotype="AI" name="Sensor10408_S" textname="test sensor 10408"/>
			<item id="10409" losttest="1" iotype="AI" name="Sensor10409_S" textname="test sensor 10409"/>
			<item id="10410" losttest="1" iotype="AI" name="Sensor10410_S" textname="test sensor 10410"/>
			<item id="10411" losttest="1" iotype="AI" name="Sensor10411_S" textname="test sensor 10411"/>
			<item id="10412" losttest="1" iotype="AI" name="Sensor10412_S" textname="test sensor 10412"/>
			<item id="10413" losttest="1" iotype="AI" name="Sensor10413_S" textname="test sensor 10413"/>
			<item id="10414" losttest="1" iotype="AI" name="Sensor10414_S" textname="test sensor 10414"/>
			<item id="10415" losttest="1" iotype="AI" name="Sensor10415_S" textname="test sensor 10415"/>
			<item id="10416" losttest="1" iotype="AI" name="Sensor10416_S" textname="test sensor 10416"/>
			<item id="10417" losttest="1" iotype="AI" name="Sensor10417_S" textname="test sensor 10417"/>
			<item id="10418" losttest="1" iotype="AI" name="Sensor10418_S" textname="test sensor 10418"/>
			<item id="10419" losttest="1" iotype="AI" name="Sensor10419_S" textname="test sensor 10419"/>
			<item id="10420" losttest="1" iotype="AI" name="Sensor10420_S" textname="test sensor 10420"/>
			<item id="10421" losttest="1" iotype="AI" name="Sensor10421_S" textname="test sensor 10421"/>
			<item id="10422" losttest="1" iotype="AI" name="Sensor10422_S" textname="test sensor 10422"/>
			<item id="10423" losttest="1" iotype="AI" name="Sensor10423_S" textname="test sensor 10423"/>
			<item id="10424" losttest="1" iotype="AI" name="Sensor10424_S" textname="test sensor 10424"/>
			<item id="10425" losttest="1" iotype="AI" name="Sensor10425_S" textname="test sensor 10425"/>
			<item id="10426" losttest="1" iotype="AI" name="Sensor10426_S" textname="test sensor 10426"/>
			<item id="10427" losttest="1" iotype="AI" name="Sensor10427_S" textname="test sensor 10427"/>
			<item id="10428" losttest="1" iotype="AI" name="Sensor10428_S" textname="test sensor 10428"/>
			<item id="10429" losttest="1" iotype="AI" name="Sensor10429_S" textname="test sensor 10429"/>
			<item id="10430" losttest="1" iotype="AI" name="Sensor10430_S" textname="test sensor 10430"/>
			<item id="10431" losttest="1" iotype="AI" name="Sensor10431_S" textname="test sensor 10431"/>
			<item id="10432" losttest="1" iotype="AI" name="Sensor10432_S" textname="test sensor 10432"/>
			<item id="10433" losttest="1" iotype="AI" name="Sensor10433_S" textname="test sensor 10433"/>
			<item id="10434" losttest="1" iotype="AI" name="Sensor10434_S" textname="test sensor 10434"/>
			<item id="10435" losttest="1" iotype="AI" name="Sensor10435_S" textname="test sensor 10435"/>
			<item id="10436" losttest="1" iotype="AI" name="Sensor10436_S" textname="test sensor 10436"/>
			<item id="10437" losttest="1" iotype="AI" name="Sensor10437_S" textname="test sensor 10437"/>
			<item id="10438" losttest="1" iotype="AI" name="Sensor10438_S" textname="test sensor 10438"/>
			<item id="10439" losttest="1" iotype="AI" name="Sensor10439_S" textname="test sensor 10439"/>
			<item id="10440" losttest="1" iotype="AI" name="Sensor10440_S" textname="test sensor 10440"/>
			<item id="10441" losttest="1" iotype="AI" name="Sensor10441_S" textname="test sensor 10441"/>
			<item id="10442" losttest="1" iotype="AI" name="Sensor10442_S" textname="test sensor 10442"/>
			<item id="10443" losttest="1" iotype="AI" name="Sensor10443_S" textname="test sensor 10443"/>
			<item id="10444" losttest="1" iotype="AI" name="Sensor10444_S" textname="test sensor 10444"/>
			<item id="10445" losttest="1" iotype="AI" name="Sensor10445_S" textname="test sensor 10445"/>
			<item id="10446" losttest="1" iotype="AI" name="Sensor10446_S" textname="test sensor 10446"/>
			<item id="10447" losttest="1" iotype="AI" name="Sensor10447_S" textname="test sensor 10447"/>
			<item id="10448" losttest="1" iotype="AI" name="Sensor10448_S" textname="test sensor 10448"/>
			<item id="10449" losttest="1" iotype="AI" name="Sensor10449_S" textname="test sensor 10449"/>
			<item id="10450" losttest="1" iotype="AI" name="Sensor10450_S" textname="test sensor 10450"/>
			<item id="10451" losttest="1" iotype="AI" name="Sensor10451_S" textname="test sensor 10451"/>
			<item id="10452" losttest="1" iotype="AI" name="Sensor10452_S" textname="test sensor 10452"/>
			<item id="10453" losttest="1" iotype="AI" name="Sensor10453_S" textname="test sensor 10453"/>
			<item id="10454" losttest="1" iotype="AI" name="Sensor10454_S" textname="test sensor 10454"/>
			<item id="10455" losttest="1" iotype="AI" name="Sensor10455_S" textname="test sensor 10455"/>
			<item id="10456" losttest="1" iotype="AI" name="Sensor10456_S" textname="test sensor 10456"/>
			<item id="10457" losttest="1" iotype="AI" name="Sensor10457_S" textname="test sensor 10457"/>
			<item id="10458" losttest="1" iotype="AI" name="Sensor10458_S" textname="test sensor 10458"/>
			<item id="10459" losttest="1" iotype="AI" name="Sensor10459_S" textname="test sensor 10459"/>
			<item id="10460" losttest="1" iotype="AI" name="Sensor10460_S" textname="test sensor 10460"/>
			<item id="10461" losttest="1" iotype="AI" name="Sensor10461_S" textname="test sensor 10461"/>
			<item id="10462" losttest="1" iotype="AI" name="Sensor10462_S" textname="test sensor 10462"/>
			<item id="10463" losttest="1" iotype="AI" name="Sensor10463_S" textname="test sensor 10463"/>
			<item id="10464" losttest="1" iotype="AI" name="Sensor10464_S" textname="test sensor 10464"/>
			<item id="10465" losttest="1" iotype="AI" name="Sensor10465_S" textname="test sensor 10465"/>
			<item id="10466" losttest="1" iotype="AI" name="Sensor10466_S" textname="test sensor 10466"/>
			<item id="10467" losttest="1" iotype="AI" name="Sensor10467_S" textname="test sensor 10467"/>
			<item id="10468" losttest="1" iotype="AI" name="Sensor10468_S" textname="test sensor 10468"/>
			<item id="10469" losttest="1" iotype="AI" name="Sensor10469_S" textname="test sensor 10469"/>
			<item id="10470" losttest="1" iotype="AI" name="Sensor10470_S" textname="test sensor 10470"/>
			<item id="10471" losttest="1" iotype="AI" name="Sensor10471_S" textname="test sensor 10471"/>
			<item id="10472" losttest="1" iotype="AI" name="Sensor10472_S" textname="test sensor 10472"/>
			<item id="10473" losttest="1" iotype="AI" name="Sensor10473_S" textname="test sensor 10473"/>
			<item id="10474" losttest="1" iotype="AI" name="Sensor10474_S" textname="test sensor 10474"/>
			<item id="10475" losttest="1" iotype="AI" name="Sensor10475_S" textname="test sensor 10475"/>
			<item id="10476" losttest="1" iotype="AI" name="Sensor10476_S" textname="test sensor 10476"/>
			<item id="10477" losttest="1" iotype="AI" name="Sensor10477_S" textname="test sensor 10477"/>
			<item id="10478" losttest="1" iotype="AI" name="Sensor10478_S" textname="test sensor 10478"/>
			<item id="10479" losttest="1" iotype="AI" name="Sensor10479_S" textname="test sensor 10479"/>
			<item id="10480" losttest="1" iotype="AI" name="Sensor10480_S" textname="test sensor 10480"/>
			<item id="10481" losttest="1" iotype="AI" name="Sensor10481_S" textname="test sensor 10481"/>
			<item id="10482" losttest="1" iotype="AI" name="Sensor10482_S" textname="test sensor 10482"/>
			<item id="10483" losttest="1" iotype="AI" name="Sensor10483_S" textname="test sensor 10483"/>
			<item id="10484" losttest="1" iotype="AI" name="Sensor10484_S" textname="test sensor 10484"/>
			<item id="10485" losttest="1" iotype="AI" name="Sensor10485_S" textname="test sensor 10485"/>
			<item id="10486" losttest="1" iotype="AI" name="Sensor10486_S" textname="test sensor 10486"/>
			<item id="10487" losttest="1" iotype="AI" name="Sensor10487_S" textname="test sensor 10487"/>
			<item id="10488" losttest="1" iotype="AI" name="Sensor10488_S" textname="test sensor 10488"/>
			<item id="10489" losttest="1" iotype="AI" name="Sensor10489_S" textname="test sensor 10489"/>
			<item id="10490" losttest="1" iotype="AI" name="Sensor10490_S" textname="test sensor 10490"/>
			<item id="10491" losttest="1" iotype="AI" name="Sensor10491_S" textname="test sensor 10491"/>
			<item id="10492" losttest="1" iotype="AI" name="Sensor10492_S" textname="test sensor 10492"/>
			<item id="10493" losttest="1" iotype="AI" name="Sensor10493_S" textname="test sensor 10493"/>
			<item id="10494" losttest="1" iotype="AI" name="Sensor10494_S" textname="test sensor 10494"/>
			<item id="10495" losttest="1" iotype="AI" name="Sensor10495_S" textname="test sensor 10495"/>
			<item id="10496" losttest="1" iotype="AI" name="Sensor10496_S" textname="test sensor 10496"/>
			<item id="10497" losttest="1" iotype="AI" name="Sensor10497_S" textname="test sensor 10497"/>
			<item id="10498" losttest="1" iotype="AI" name="Sensor10498_S" textname="test sensor 10498"/>
			<item id="10499" losttest="1" iotype="AI" name="Sensor10499_S" textname="test sensor 10499"/>
			<item id="10500" losttest="1" iotype="AI" name="Sensor10500_S" textname="test sensor 10500"/>
			<item id="10501" losttest="1" iotype="AI" name="Sensor10501_S" textname="test sensor 10501"/>
			<item id="10502" losttest="1" iotype="AI" name="Sensor10502_S" textname="test sensor 10502"/>
			<item id="10503" losttest="1" iotype="AI" name="Sensor10503_S" textname="test sensor 10503"/>
			<item id="10504" losttest="1" iotype="AI" name="Sensor10504_S" textname="test sensor 10504"/>
			<item id="10505" losttest="1" iotype="AI" name="Sensor10505_S" textname="test sensor 10505"/>
			<item id="10506" losttest="1" iotype="AI" name="Sensor10506_S" textname="test sensor 10506"/>
			<item id="10507" losttest="1" iotype="AI" name="Sensor10507_S" textname="test sensor 10507"/>
			<item id="10508" losttest="1" iotype="AI" name="Sensor10508_S" textname="test sensor 10508"/>
			<item id="10509" losttest="1" iotype="AI" name="Sensor10509_S" textname="test sensor 10509"/>
			<item id="10510" losttest="1" iotype="AI" name="Sensor10510_S" textname="test sensor 10510"/>
			<item id="10511" losttest="1" iotype="AI" name="Sensor10511_S" textname="test sensor 10511"/>
			<item id="10512" losttest="1" iotype="AI" name="Sensor10512_S" textname="test sensor 10512"/>
			<item id="10513" losttest="1" iotype="AI" name="Sensor10513_S" textname="test sensor 10513"/>
			<item id="10514" losttest="1" iotype="AI" name="Sensor10514_S" textname="test sensor 10514"/>
			<item id="10515" losttest="1" iotype="AI" name="Sensor10515_S" textname="test sensor 10515"/>
			<item id="10516" losttest="1" iotype="AI" name="Sensor10516_S" textname="test sensor 10516"/>
			<item id="10517" losttest="1" iotype="AI" name="Sensor10517_S" textname="test sensor 10517"/>
			<item id="10518" losttest="1" iotype="AI" name="Sensor10518_S" textname="test sensor 10518"/>
			<item id="10519" losttest="1" iotype="AI" name="Sensor10519_S" textname="test sensor 10519"/>
			<item id="10520" losttest="1" iotype="AI" name="Sensor10520_S" textname="test sensor 10520"/>
			<item id="10521" losttest="1" iotype="AI" name="Sensor10521_S" textname="test sensor 10521"/>
			<item id="10522" losttest="1" iotype="AI" name="Sensor10522_S" textname="test sensor 10522"/>
			<item id="10523" losttest="1" iotype="AI" name="Sensor10523_S" textname="test sensor 10523"/>
			<item id="10524" losttest="1" iotype="AI" name="Sensor10524_S" textname="test sensor 10524"/>
			<item id="10525" losttest="1" iotype="AI" name="Sensor10525_S" textname="test sensor 10525"/>
			<item id="10526" losttest="1" iotype="AI" name="Sensor10526_S" textname="test sensor 10526"/>
			<item id="10527" losttest="1" iotype="AI" name="Sensor10527_S" textname="test sensor 10527"/>
			<item id="10528" losttest="1" iotype="AI" name="Sensor10528_S" textname="test sensor 10528"/>
			<item id="10529" losttest="1" iotype="AI" name="Sensor10529_S" textname="test sensor 10529"/>
			<item id="10530" losttest="1" iotype="AI" name="Sensor10530_S" textname="test sensor 10530"/>
			<item id="10531" losttest="1" iotype="AI" name="Sensor10531_S" textname="test sensor 10531"/>
			<item id="10532" losttest="1" iotype="AI" name="Sensor10532_S" textname="test sensor 10532"/>
			<item id="10533" losttest="1" iotype="AI" name="Sensor10533_S" textname="test sensor 10533"/>
			<item id="10534" losttest="1" iotype="AI" name="Sensor10534_S" textname="test sensor 10534"/>
			<item id="10535" losttest="1" iotype="AI" name="Sensor10535_S" textname="test sensor 10535"/>
			<item id="10536" losttest="1" iotype="AI" name="Sensor10536_S" textname="test sensor 10536"/>
			<item id="10537" losttest="1" iotype="AI" name="Sensor10537_S" textname="test sensor 10537"/>
			<item id="10538" losttest="1" iotype="AI" name="Sensor10538_S" textname="test sensor 10538"/>
			<item id="10539" losttest="1" iotype="AI" name="Sensor10539_S" textname="test sensor 10539"/>
			<item id="10540" losttest="1" iotype="AI" name="Sensor10540_S" textname="test sensor 10540"/>
			<item id="10541" losttest="1" iotype="AI" name="Sensor10541_S" textname="test sensor 10541"/>
			<item id="10542" losttest="1" iotype="AI" name="Sensor10542_S" textname="test sensor 10542"/>
			<item id="10543" losttest="1" iotype="AI" name="Sensor10543_S" textname="test sensor 10543"/>
			<item id="10544" losttest="1" iotype="AI" name="Sensor10544_S" textname="test sensor 10544"/>
			<item id="10545" losttest="1" iotype="AI" name="Sensor10545_S" textname="test sensor 10545"/>
			<item id="10546" losttest="1" iotype="AI" name="Sensor10546_S" textname="test sensor 10546"/>
			<item id="10547" losttest="1" iotype="AI" name="Sensor10547_S" textname="test sensor 10547"/>
			<item id="10548" losttest="1" iotype="AI" name="Sensor10548_S" textname="test sensor 10548"/>
			<item id="10549" losttest="1" iotype="AI" name="Sensor10549_S" textname="test sensor 10549"/>
			<item id="10550" losttest="1" iotype="AI" name="Sensor10550_S" textname="test sensor 10550"/>
			<item id="10551" losttest="1" iotype="AI" name="Sensor10551_S" textname="test sensor 10551"/>
			<item id="10552" losttest="1" iotype="AI" name="Sensor10552_S" textname="test sensor 10552"/>
			<item id="10553" losttest="1" iotype="AI" name="Sensor10553_S" textname="test sensor 10553"/>
			<item id="10554" losttest="1" iotype="AI" name="Sensor10554_S" textname="test sensor 10554"/>
			<item id="10555" losttest="1" iotype="AI" name="Sensor10555_S" textname="test sensor 10555"/>
			<item id="10556" losttest="1" iotype="AI" name="Sensor10556_S" textname="test sensor 10556"/>
			<item id="10557" losttest="1" iotype="AI" name="Sensor10557_S" textname="test sensor 10557"/>
			<item id="10558" losttest="1" iotype="AI" name="Sensor10558_S" textname="test sensor 10558"/>
			<item id="10559" losttest="1" iotype="AI" name="Sensor10559_S" textname="test sensor 10559"/>
			<item id="10560" losttest="1" iotype="AI" name="Sensor10560_S" textname="test sensor 10560"/>
			<item id="10561" losttest="1" iotype="AI" name="Sensor10561_S" textname="test sensor 10561"/>
			<item id="10562" losttest="1" iotype="AI" name="Sensor10562_S" textname="test sensor 10562"/>
			<item id="10563" losttest="1" iotype="AI" name="Sensor10563_S" textname="test sensor 10563"/>
			<item id="10564" losttest="1" iotype="AI" name="Sensor10564_S" textname="test sensor 10564"/>
			<item id="10565" losttest="1" iotype="AI" name="Sensor10565_S" textname="test sensor 10565"/>
			<item id="10566" losttest="1" iotype="AI" name="Sensor10566_S" textname="test sensor 10566"/>
			<item id="10567" losttest="1" iotype="AI" name="Sensor10567_S" textname="test sensor 10567"/>
			<item id="10568" losttest="1" iotype="AI" name="Sensor10568_S" textname="test sensor 10568"/>
			<item id="10569" losttest="1" iotype="AI" name="Sensor10569_S" textname="test sensor 10569"/>
			<item id="10570" losttest="1" iotype="AI" name="Sensor10570_S" textname="test sensor 10570"/>
			<item id="10571" losttest="1" iotype="AI" name="Sensor10571_S" textname="test sensor 10571"/>
			<item id="10572" losttest="1" iotype="AI" name="Sensor10572_S" textname="test sensor 10572"/>
			<item id="10573" losttest="1" iotype="AI" name="Sensor10573_S" textname="test sensor 10573"/>
			<item id="10574" losttest="1" iotype="AI" name="Sensor10574_S" textname="test sensor 10574"/>
			<item id="10575" losttest="1" iotype="AI" name="Sensor10575_S" textname="test sensor 10575"/>
			<item id="10576" losttest="1" iotype="AI" name="Sensor10576_S" textname="test sensor 10576"/>
			<item id="10577" losttest="1" iotype="AI" name="Sensor10577_S" textname="test sensor 10577"/>
			<item id="10578" losttest="1" iotype="AI" name="Sensor10578_S" textname="test sensor 10578"/>
			<item id="10579" losttest="1" iotype="AI" name="Sensor10579_S" textname="test sensor 10579"/>
			<item id="10580" losttest="1" iotype="AI" name="Sensor10580_S" textname="test sensor 10580"/>
			<item id="10581" losttest="1" iotype="AI" name="Sensor10581_S" textname="test sensor 10581"/>
			<item id="10582" losttest="1" iotype="AI" name="Sensor10582_S" textname="test sensor 10582"/>
			<item id="10583" losttest="1" iotype="AI" name="Sensor10583_S" textname="test sensor 10583"/>
			<item id="10584" losttest="1" iotype="AI" name="Sensor10584_S" textname="test sensor 10584"/>
			<item id="10585" losttest="1" iotype="AI" name="Sensor10585_S" textname="test sensor 10585"/>
			<item id="10586" losttest="1" iotype="AI" name="Sensor10586_S" textname="test sensor 10586"/>
			<item id="10587" losttest="1" iotype="AI" name="Sensor10587_S" textname="test sensor 10587"/>
			<item id="10588" losttest="1" iotype="AI" name="Sensor10588_S" textname="test sensor 10588"/>
			<item id="10589" losttest="1" iotype="AI" name="Sensor10589_S" textname="test sensor 10589"/>
			<item id="10590" losttest="1" iotype="AI" name="Sensor10590_S" textname="test sensor 10590"/>
			<item id="10591" losttest="1" iotype="AI" name="Sensor10591_S" textname="test sensor 10591"/>
			<item id="10592" losttest="1" iotype="AI" name="Sensor10592_S" textname="test sensor 10592"/>
			<item id="10593" losttest="1" iotype="AI" name="Sensor10593_S" textname="test sensor 10593"/>
			<item id="10594" losttest="1" iotype="AI" name="Sensor10594_S" textname="test sensor 10594"/>
			<item id="10595" losttest="1" iotype="AI" name="Sensor10595_S" textname="test sensor 10595"/>
			<item id="10596" losttest="1" iotype="AI" name="Sensor10596_S" textname="test sensor 10596"/>
			<item id="10597" losttest="1" iotype="AI" name="Sensor10597_S" textname="test sensor 10597"/>
			<item id="10598" losttest="1" iotype="AI" name="Sensor10598_S" textname="test sensor 10598"/>
			<item id="10599" losttest="1" iotype="AI" name="Sensor10599_S" textname="test sensor 10599"/>
			<item id="10600" losttest="1" iotype="AI" name="Sensor10600_S" textname="test sensor 10600"/>
			<item id="10601" losttest="1" iotype="AI" name="Sensor10601_S" textname="test sensor 10601"/>
			<item id="10602" losttest="1" iotype="AI" name="Sensor10602_S" textname="test sensor 10602"/>
			<item id="10603" losttest="1" iotype="AI" name="Sensor10603_S" textname="test sensor 10603"/>
			<item id="10604" losttest="1" iotype="AI" name="Sensor10604_S" textname="test sensor 10604"/>
			<item id="10605" losttest="1" iotype="AI" name="Sensor10605_S" textname="test sensor 10605"/>
			<item id="10606" losttest="1" iotype="AI" name="Sensor10606_S" textname="test sensor 10606"/>
			<item id="10607" losttest="1" iotype="AI" name="Sensor10607_S" textname="test sensor 10607"/>
			<item id="10608" losttest="1" iotype="AI" name="Sensor10608_S" textname="test sensor 10608"/>
			<item id="10609" losttest="1" iotype="AI" name="Sensor10609_S" textname="test sensor 10609"/>
			<item id="10610" losttest="1" iotype="AI" name="Sensor10610_S" textname="test sensor 10610"/>
			<item id="10611" losttest="1" iotype="AI" name="Sensor10611_S" textname="test sensor 10611"/>
			<item id="10612" losttest="1" iotype="AI" name="Sensor10612_S" textname="test sensor 10612"/>
			<item id="10613" losttest="1" iotype="AI" name="Sensor10613_S" textname="test sensor 10613"/>
			<item id="10614" losttest="1" iotype="AI" name="Sensor10614_S" textname="test sensor 10614"/>
			<item id="10615" losttest="1" iotype="AI" name="Sensor10615_S" textname="test sensor 10615"/>
			<item id="10616" losttest="1" iotype="AI" name="Sensor10616_S" textname="test sensor 10616"/>
			<item id="10617" losttest="1" iotype="AI" name="Sensor10617_S" textname="test sensor 10617"/>
			<item id="10618" losttest="1" iotype="AI" name="Sensor10618_S" textname="test sensor 10618"/>
			<item id="10619" losttest="1" iotype="AI" name="Sensor10619_S" textname="test sensor 10619"/>
			<item id="10620" losttest="1" iotype="AI" name="Sensor10620_S" textname="test sensor 10620"/>
			<item id="10621" losttest="1" iotype="AI" name="Sensor10621_S" textname="test sensor 10621"/>
			<item id="10622" losttest="1" iotype="AI" name="Sensor10622_S" textname="test sensor 10622"/>
			<item id="10623" losttest="1" iotype="AI" name="Sensor10623_S" textname="test sensor 10623"/>
			<item id="10624" losttest="1" iotype="AI" name="Sensor10624_S" textname="test sensor 10624"/>
			<item id="10625" losttest="1" iotype="AI" name="Sensor10625_S" textname="test sensor 10625"/>
			<item id="10626" losttest="1" iotype="AI" name="Sensor10626_S" textname="test sensor 10626"/>
			<item id="10627" losttest="1" iotype="AI" name="Sensor10627_S" textname="test sensor 10627"/>
			<item id="10628" losttest="1" iotype="AI" name="Sensor10628_S" textname="test sensor 10628"/>
			<item id="10629" losttest="1" iotype="AI" name="Sensor10629_S" textname="test sensor 10629"/>
			<item id="10630" losttest="1" iotype="AI" name="Sensor10630_S" textname="test sensor 10630"/>
			<item id="10631" losttest="1" iotype="AI" name="Sensor10631_S" textname="test sensor 10631"/>
			<item id="10632" losttest="1" iotype="AI" name="Sensor10632_S" textname="test sensor 10632"/>
			<item id="10633" losttest="1" iotype="AI" name="Sensor10633_S" textname="test sensor 10633"/>
			<item id="10634" losttest="1" iotype="AI" name="Sensor10634_S" textname="test sensor 10634"/>
			<item id="10635" losttest="1" iotype="AI" name="Sensor10635_S" textname="test sensor 10635"/>
			<item id="10636" losttest="1" iotype="AI" name="Sensor10636_S" textname="test sensor 10636"/>
			<item id="10637" losttest="1" iotype="AI" name="Sensor10637_S" textname="test sensor 10637"/>
			<item id="10638" losttest="1" iotype="AI" name="Sensor10638_S" textname="test sensor 10638"/>
			<item id="10639" losttest="1" iotype="AI" name="Sensor10639_S" textname="test sensor 10639"/>
			<item id="10640" losttest="1" iotype="AI" name="Sensor10640_S" textname="test sensor 10640"/>
			<item id="10641" losttest="1" iotype="AI" name="Sensor10641_S" textname="test sensor 10641"/>
			<item id="10642" losttest="1" iotype="AI" name="Sensor10642_S" textname="test sensor 10642"/>
			<item id="10643" losttest="1" iotype="AI" name="Sensor10643_S" textname="test sensor 10643"/>
			<item id="10644" losttest="1" iotype="AI" name="Sensor10644_S" textname="test sensor 10644"/>
			<item id="10645" losttest="1" iotype="AI" name="Sensor10645_S" textname="test sensor 10645"/>
			<item id="10646" losttest="1" iotype="AI" name="Sensor10646_S" textname="test sensor 10646"/>
			<item id="10647" losttest="1" iotype="AI" name="Sensor10647_S" textname="test sensor 10647"/>
			<item id="10648" losttest="1" iotype="AI" name="Sensor10648_S" textname="test sensor 10648"/>
			<item id="10649" losttest="1" iotype="AI" name="Sensor10649_S" textname="test sensor 10649"/>
			<item id="10650" losttest="1" iotype="AI" name="Sensor10650_S" textname="test sensor 10650"/>
			<item id="10651" losttest="1" iotype="AI" name="Sensor10651_S" textname="test sensor 10651"/>
			<item id="10652" losttest="1" iotype="AI" name="Sensor10652_S" textname="test sensor 10652"/>
			<item id="10653" losttest="1" iotype="AI" name="Sensor10653_S" textname="test sensor 10653"/>
			<item id="10654" losttest="1" iotype="AI" name="Sensor10654_S" textname="test sensor 10654"/>
			<item id="10655" losttest="1" iotype="AI" name="Sensor10655_S" textname="test sensor 10655"/>
			<item id="10656" losttest="1" iotype="AI" name="Sensor10656_S" textname="test sensor 10656"/>
			<item id="10657" losttest="1" iotype="AI" name="Sensor10657_S" textname="test sensor 10657"/>
			<item id="10658" losttest="1" iotype="AI" name="Sensor10658_S" textname="test sensor 10658"/>
			<item id="10659" losttest="1" iotype="AI" name="Sensor10659_S" textname="test sensor 10659"/>
			<item id="10660" losttest="1" iotype="AI" name="Sensor10660_S" textname="test sensor 10660"/>
			<item id="10661" losttest="1" iotype="AI" name="Sensor10661_S" textname="test sensor 10661"/>
			<item id="10662" losttest="1" iotype="AI" name="Sensor10662_S" textname="test sensor 10662"/>
			<item id="10663" losttest="1" iotype="AI" name="Sensor10663_S" textname="test sensor 10663"/>
			<item id="10664" losttest="1" iotype="AI" name="Sensor10664_S" textname="test sensor 10664"/>
			<item id="10665" losttest="1" iotype="AI" name="Sensor10665_S" textname="test sensor 10665"/>
			<item id="10666" losttest="1" iotype="AI" name="Sensor10666_S" textname="test sensor 10666"/>
			<item id="10667" losttest="1" iotype="AI" name="Sensor10667_S" textname="test sensor 10667"/>
			<item id="10668" losttest="1" iotype="AI" name="Sensor10668_S" textname="test sensor 10668"/>
			<item id="10669" losttest="1" iotype="AI" name="Sensor10669_S" textname="test sensor 10669"/>
			<item id="10670" losttest="1" iotype="AI" name="Sensor10670_S" textname="test sensor 10670"/>
			<item id="10671" losttest="1" iotype="AI" name="Sensor10671_S" textname="test sensor 10671"/>
			<item id="10672" losttest="1" iotype="AI" name="Sensor10672_S" textname="test sensor 10672"/>
			<item id="10673" losttest="1" iotype="AI" name="Sensor10673_S" textname="test sensor 10673"/>
			<item id="10674" losttest="1" iotype="AI" name="Sensor10674_S" textname="test sensor 10674"/>
			<item id="10675" losttest="1" iotype="AI" name="Sensor10675_S" textname="test sensor 10675"/>
			<item id="10676" losttest="1" iotype="AI" name="Sensor10676_S" textname="test sensor 10676"/>
			<item id="10677" losttest="1" iotype="AI" name="Sensor10677_S" textname="test sensor 10677"/>
			<item id="10678" losttest="1" iotype="AI" name="Sensor10678_S" textname="test sensor 10678"/>
			<item id="10679" losttest="1" iotype="AI" name="Sensor10679_S" textname="test sensor 10679"/>
			<item id="10680" losttest="1" iotype="AI" name="Sensor10680_S" textname="test sensor 10680"/>
			<item id="10681" losttest="1" iotype="AI" name="Sensor10681_S" textname="test sensor 10681"/>
			<item id="10682" losttest="1" iotype="AI" name="Sensor10682_S" textname="test sensor 10682"/>
			<item id="10683" losttest="1" iotype="AI" name="Sensor10683_S" textname="test sensor 10683"/>
			<item id="10684" losttest="1" iotype="AI" name="Sensor10684_S" textname="test sensor 10684"/>
			<item id="10685" losttest="1" iotype="AI" name="Sensor10685_S" textname="test sensor 10685"/>
			<item id="10686" losttest="1" iotype="AI" name="Sensor10686_S" textname="test sensor 10686"/>
			<item id="10687" losttest="1" iotype="AI" name="Sensor10687_S" textname="test sensor 10687"/>
			<item id="10688" losttest="1" iotype="AI" name="Sensor10688_S" textname="test sensor 10688"/>
			<item id="10689" losttest="1" iotype="AI" name="Sensor10689_S" textname="test sensor 10689"/>
			<item id="10690" losttest="1" iotype="AI" name="Sensor10690_S" textname="test sensor 10690"/>
			<item id="10691" losttest="1" iotype="AI" name="Sensor10691_S" textname="test sensor 10691"/>
			<item id="10692" losttest="1" iotype="AI" name="Sensor10692_S" textname="test sensor 10692"/>
			<item id="10693" losttest="1" iotype="AI" name="Sensor10693_S" textname="test sensor 10693"/>
			<item id="10694" losttest="1" iotype="AI" name="Sensor10694_S" textname="test sensor 10694"/>
			<item id="10695" losttest="1" iotype="AI" name="Sensor10695_S" textname="test sensor 10695"/>
			<item id="10696" losttest="1" iotype="AI" name="Sensor10696_S" textname="test sensor 10696"/>
			<item id="10697" losttest="1" iotype="AI" name="Sensor10697_S" textname="test sensor 10697"/>
			<item id="10698" losttest="1" iotype="AI" name="Sensor10698_S" textname="test sensor 10698"/>
			<item id="10699" losttest="1" iotype="AI" name="Sensor10699_S" textname="test sensor 10699"/>
			<item id="10700" losttest="1" iotype="AI" name="Sensor10700_S" textname="test sensor 10700"/>
			<item id="10701" losttest="1" iotype="AI" name="Sensor10701_S" textname="test sensor 10701"/>
			<item id="10702" losttest="1" iotype="AI" name="Sensor10702_S" textname="test sensor 10702"/>
			<item id="10703" losttest="1" iotype="AI" name="Sensor10703_S" textname="test sensor 10703"/>
			<item id="10704" losttest="1" iotype="AI" name="Sensor10704_S" textname="test sensor 10704"/>
			<item id="10705" losttest="1" iotype="AI" name="Sensor10705_S" textname="test sensor 10705"/>
			<item id="10706" losttest="1" iotype="AI" name="Sensor10706_S" textname="test sensor 10706"/>
			<item id="10707" losttest="1" iotype="AI" name="Sensor10707_S" textname="test sensor 10707"/>
			<item id="10708" losttest="1" iotype="AI" name="Sensor10708_S" textname="test sensor 10708"/>
			<item id="10709" losttest="1" iotype="AI" name="Sensor10709_S" textname="test sensor 10709"/>
			<item id="10710" losttest="1" iotype="AI" name="Sensor10710_S" textname="test sensor 10710"/>
			<item id="10711" losttest="1" iotype="AI" name="Sensor10711_S" textname="test sensor 10711"/>
			<item id="10712" losttest="1" iotype="AI" name="Sensor10712_S" textname="test sensor 10712"/>
			<item id="10713" losttest="1" iotype="AI" name="Sensor10713_S" textname="test sensor 10713"/>
			<item id="10714" losttest="1" iotype="AI" name="Sensor10714_S" textname="test sensor 10714"/>
			<item id="10715" losttest="1" iotype="AI" name="Sensor10715_S" textname="test sensor 10715"/>
			<item id="10716" losttest="1" iotype="AI" name="Sensor10716_S" textname="test sensor 10716"/>
			<item id="10717" losttest="1" iotype="AI" name="Sensor10717_S" textname="test sensor 10717"/>
			<item id="10718" losttest="1" iotype="AI" name="Sensor10718_S" textname="test sensor 10718"/>
			<item id="10719" losttest="1" iotype="AI" name="Sensor10719_S" textname="test sensor 10719"/>
			<item id="10720" losttest="1" iotype="AI" name="Sensor10720_S" textname="test sensor 10720"/>
			<item id="10721" losttest="1" iotype="AI" name="Sensor10721_S" textname="test sensor 10721"/>
			<item id="10722" losttest="1" iotype="AI" name="Sensor10722_S" textname="test sensor 10722"/>
			<item id="10723" losttest="1" iotype="AI" name="Sensor10723_S" textname="test sensor 10723"/>
			<item id="10724" losttest="1" iotype="AI" name="Sensor10724_S" textname="test sensor 10724"/>
			<item id="10725" losttest="1" iotype="AI" name="Sensor10725_S" textname="test sensor 10725"/>
			<item id="10726" losttest="1" iotype="AI" name="Sensor10726_S" textname="test sensor 10726"/>
			<item id="10727" losttest="1" iotype="AI" name="Sensor10727_S" textname="test sensor 10727"/>
			<item id="10728" losttest="1" iotype="AI" name="Sensor10728_S" textname="test sensor 10728"/>
			<item id="10729" losttest="1" iotype="AI" name="Sensor10729_S" textname="test sensor 10729"/>
			<item id="10730" losttest="1" iotype="AI" name="Sensor10730_S" textname="test sensor 10730"/>
			<item id="10731" losttest="1" iotype="AI" name="Sensor10731_S" textname="test sensor 10731"/>
			<item id="10732" losttest="1" iotype="AI" name="Sensor10732_S" textname="test sensor 10732"/>
			<item id="10733" losttest="1" iotype="AI" name="Sensor10733_S" textname="test sensor 10733"/>
			<item id="10734" losttest="1" iotype="AI" name="Sensor10734_S" textname="test sensor 10734"/>
			<item id="10735" losttest="1" iotype="AI" name="Sensor10735_S" textname="test sensor 10735"/>
			<item id="10736" losttest="1" iotype="AI" name="Sensor10736_S" textname="test sensor 10736"/>
			<item id="10737" losttest="1" iotype="AI" name="Sensor10737_S" textname="test sensor 10737"/>
			<item id="10738" losttest="1" iotype="AI" name="Sensor10738_S" textname="test sensor 10738"/>
			<item id="10739" losttest="1" iotype="AI" name="Sensor10739_S" textname="test sensor 10739"/>
			<item id="10740" losttest="1" iotype="AI" name="Sensor10740_S" textname="test sensor 10740"/>
			<item id="10741" losttest="1" iotype="AI" name="Sensor10741_S" textname="test sensor 10741"/>
			<item id="10742" losttest="1" iotype="AI" name="Sensor10742_S" textname="test sensor 10742"/>
			<item id="10743" losttest="1" iotype="AI" name="Sensor10743_S" textname="test sensor 10743"/>
			<item id="10744" losttest="1" iotype="AI" name="Sensor10744_S" textname="test sensor 10744"/>
			<item id="10745" losttest="1" iotype="AI" name="Sensor10745_S" textname="test sensor 10745"/>
			<item id="10746" losttest="1" iotype="AI" name="Sensor10746_S" textname="test sensor 10746"/>
			<item id="10747" losttest="1" iotype="AI" name="Sensor10747_S" textname="test sensor 10747"/>
			<item id="10748" losttest="1" iotype="AI" name="Sensor10748_S" textname="test sensor 10748"/>
			<item id="10749" losttest="1" iotype="AI" name="Sensor10749_S" textname="test sensor 10749"/>
			<item id="10750" losttest="1" iotype="AI" name="Sensor10750_S" textname="test sensor 10750"/>
			<item id="10751" losttest="1" iotype="AI" name="Sensor10751_S" textname="test sensor 10751"/>
			<item id="10752" losttest="1" iotype="AI" name="Sensor10752_S" textname="test sensor 10752"/>
			<item id="10753" losttest="1" iotype="AI" name="Sensor10753_S" textname="test sensor 10753"/>
			<item id="10754" losttest="1" iotype="AI" name="Sensor10754_S" textname="test sensor 10754"/>
			<item id="10755" losttest="1" iotype="AI" name="Sensor10755_S" textname="test sensor 10755"/>
			<item id="10756" losttest="1" iotype="AI" name="Sensor10756_S" textname="test sensor 10756"/>
			<item id="10757" losttest="1" iotype="AI" name="Sensor10757_S" textname="test sensor 10757"/>
			<item id="10758" losttest="1" iotype="AI" name="Sensor10758_S" textname="test sensor 10758"/>
			<item id="10759" losttest="1" iotype="AI" name="Sensor10759_S" textname="test sensor 10759"/>
			<item id="10760" losttest="1" iotype="AI" name="Sensor10760_S" textname="test sensor 10760"/>
			<item id="10761" losttest="1" iotype="AI" name="Sensor10761_S" textname="test sensor 10761"/>
			<item id="10762" losttest="1" iotype="AI" name="Sensor10762_S" textname="test sensor 10762"/>
			<item id="10763" losttest="1" iotype="AI" name="Sensor10763_S" textname="test sensor 10763"/>
			<item id="10764" losttest="1" iotype="AI" name="Sensor10764_S" textname="test sensor 10764"/>
			<item id="10765" losttest="1" iotype="AI" name="Sensor10765_S" textname="test sensor 10765"/>
			<item id="10766" losttest="1" iotype="AI" name="Sensor10766_S" textname="test sensor 10766"/>
			<item id="10767" losttest="1" iotype="AI" name="Sensor10767_S" textname="test sensor 10767"/>
			<item id="10768" losttest="1" iotype="AI" name="Sensor10768_S" textname="test sensor 10768"/>
			<item id="10769" losttest="1" iotype="AI" name="Sensor10769_S" textname="test sensor 10769"/>
			<item id="10770" losttest="1" iotype="AI" name="Sensor10770_S" textname="test sensor 10770"/>
			<item id="10771" losttest="1" iotype="AI" name="Sensor10771_S" textname="test sensor 10771"/>
			<item id="10772" losttest="1" iotype="AI" name="Sensor10772_S" textname="test sensor 10772"/>
			<item id="10773" losttest="1" iotype="AI" name="Sensor10773_S" textname="test sensor 10773"/>
			<item id="10774" losttest="1" iotype="AI" name="Sensor10774_S" textname="test sensor 10774"/>
			<item id="10775" losttest="1" iotype="AI" name="Sensor10775_S" textname="test sensor 10775"/>
			<item id="10776" losttest="1" iotype="AI" name="Sensor10776_S" textname="test sensor 10776"/>
			<item id="10777" losttest="1" iotype="AI" name="Sensor10777_S" textname="test sensor 10777"/>
			<item id="10778" losttest="1" iotype="AI" name="Sensor10778_S" textname="test sensor 10778"/>
			<item id="10779" losttest="1" iotype="AI" name="Sensor10779_S" textname="test sensor 10779"/>
			<item id="10780" losttest="1" iotype="AI" name="Sensor10780_S" textname="test sensor 10780"/>
			<item id="10781" losttest="1" iotype="AI" name="Sensor10781_S" textname="test sensor 10781"/>
			<item id="10782" losttest="1" iotype="AI" name="Sensor10782_S" textname="test sensor 10782"/>
			<item id="10783" losttest="1" iotype="AI" name="Sensor10783_S" textname="test sensor 10783"/>
			<item id="10784" losttest="1" iotype="AI" name="Sensor10784_S" textname="test sensor 10784"/>
			<item id="10785" losttest="1" iotype="AI" name="Sensor10785_S" textname="test sensor 10785"/>
			<item id="10786" losttest="1" iotype="AI" name="Sensor10786_S" textname="test sensor 10786"/>
			<item id="10787" losttest="1" iotype="AI" name="Sensor10787_S" textname="test sensor 10787"/>
			<item id="10788" losttest="1" iotype="AI" name="Sensor10788_S" textname="test sensor 10788"/>
			<item id="10789" losttest="1" iotype="AI" name="Sensor10789_S" textname="test sensor 10789"/>
			<item id="10790" losttest="1" iotype="AI" name="Sensor10790_S" textname="test sensor 10790"/>
			<item id="10791" losttest="1" iotype="AI" name="Sensor10791_S" textname="test sensor 10791"/>
			<item id="10792" losttest="1" iotype="AI" name="Sensor10792_S" textname="test sensor 10792"/>
			<item id="10793" losttest="1" iotype="AI" name="Sensor10793_S" textname="test sensor 10793"/>
			<item id="10794" losttest="1" iotype="AI" name="Sensor10794_S" textname="test sensor 10794"/>
			<item id="10795" losttest="1" iotype="AI" name="Sensor10795_S" textname="test sensor 10795"/>
			<item id="10796" losttest="1" iotype="AI" name="Sensor10796_S" textname="test sensor 10796"/>
			<item id="10797" losttest="1" iotype="AI" name="Sensor10797_S" textname="test sensor 10797"/>
			<item id="10798" losttest="1" iotype="AI" name="Sensor10798_S" textname="test sensor 10798"/>
			<item id="10799" losttest="1" iotype="AI" name="Sensor10799_S" textname="test sensor 10799"/>
			<item id="10800" losttest="1" iotype="AI" name="Sensor10800_S" textname="test sensor 10800"/>
			<item id="10801" losttest="1" iotype="AI" name="Sensor10801_S" textname="test sensor 10801"/>
			<item id="10802" losttest="1" iotype="AI" name="Sensor10802_S" textname="test sensor 10802"/>
			<item id="10803" losttest="1" iotype="AI" name="Sensor10803_S" textname="test sensor 10803"/>
			<item id="10804" losttest="1" iotype="AI" name="Sensor10804_S" textname="test sensor 10804"/>
			<item id="10805" losttest="1" iotype="AI" name="Sensor10805_S" textname="test sensor 10805"/>
			<item id="10806" losttest="1" iotype="AI" name="Sensor10806_S" textname="test sensor 10806"/>
			<item id="10807" losttest="1" iotype="AI" name="Sensor10807_S" textname="test sensor 10807"/>
			<item id="10808" losttest="1" iotype="AI" name="Sensor10808_S" textname="test sensor 10808"/>
			<item id="10809" losttest="1" iotype="AI" name="Sensor10809_S" textname="test sensor 10809"/>
			<item id="10810" losttest="1" iotype="AI" name="Sensor10810_S" textname="test sensor 10810"/>
			<item id="10811" losttest="1" iotype="AI" name="Sensor10811_S" textname="test sensor 10811"/>
			<item id="10812" losttest="1" iotype="AI" name="Sensor10812_S" textname="test sensor 10812"/>
			<item id="10813" losttest="1" iotype="AI" name="Sensor10813_S" textname="test sensor 10813"/>
			<item id="10814" losttest="1" iotype="AI" name="Sensor10814_S" textname="test sensor 10814"/>
			<item id="10815" losttest="1" iotype="AI" name="Sensor10815_S" textname="test sensor 10815"/>
			<item id="10816" losttest="1" iotype="AI" name="Sensor10816_S" textname="test sensor 10816"/>
			<item id="10817" losttest="1" iotype="AI" name="Sensor10817_S" textname="test sensor 10817"/>
			<item id="10818" losttest="1" iotype="AI" name="Sensor10818_S" textname="test sensor 10818"/>
			<item id="10819" losttest="1" iotype="AI" name="Sensor10819_S" textname="test sensor 10819"/>
			<item id="10820" losttest="1" iotype="AI" name="Sensor10820_S" textname="test sensor 10820"/>
			<item id="10821" losttest="1" iotype="AI" name="Sensor10821_S" textname="test sensor 10821"/>
			<item id="10822" losttest="1" iotype="AI" name="Sensor10822_S" textname="test sensor 10822"/>
			<item id="10823" losttest="1" iotype="AI" name="Sensor10823_S" textname="test sensor 10823"/>
			<item id="10824" losttest="1" iotype="AI" name="Sensor10824_S" textname="test sensor 10824"/>
			<item id="10825" losttest="1" iotype="AI" name="Sensor10825_S" textname="test sensor 10825"/>
			<item id="10826" losttest="1" iotype="AI" name="Sensor10826_S" textname="test sensor 10826"/>
			<item id="10827" losttest="1" iotype="AI" name="Sensor10827_S" textname="test sensor 10827"/>
			<item id="10828" losttest="1" iotype="AI" name="Sensor10828_S" textname="test sensor 10828"/>
			<item id="10829" losttest="1" iotype="AI" name="Sensor10829_S" textname="test sensor 10829"/>
			<item id="10830" losttest="1" iotype="AI" name="Sensor10830_S" textname="test sensor 10830"/>
			<item id="10831" losttest="1" iotype="AI" name="Sensor10831_S" textname="test sensor 10831"/>
			<item id="10832" losttest="1" iotype="AI" name="Sensor10832_S" textname="test sensor 10832"/>
			<item id="10833" losttest="1" iotype="AI" name="Sensor10833_S" textname="test sensor 10833"/>
			<item id="10834" losttest="1" iotype="AI" name="Sensor10834_S" textname="test sensor 10834"/>
			<item id="10835" losttest="1" iotype="AI" name="Sensor10835_S" textname="test sensor 10835"/>
			<item id="10836" losttest="1" iotype="AI" name="Sensor10836_S" textname="test sensor 10836"/>
			<item id="10837" losttest="1" iotype="AI" name="Sensor10837_S" textname="test sensor 10837"/>
			<item id="10838" losttest="1" iotype="AI" name="Sensor10838_S" textname="test sensor 10838"/>
			<item id="10839" losttest="1" iotype="AI" name="Sensor10839_S" textname="test sensor 10839"/>
			<item id="10840" losttest="1" iotype="AI" name="Sensor10840_S" textname="test sensor 10840"/>
			<item id="10841" losttest="1" iotype="AI" name="Sensor10841_S" textname="test sensor 10841"/>
			<item id="10842" losttest="1" iotype="AI" name="Sensor10842_S" textname="test sensor 10842"/>
			<item id="10843" losttest="1" iotype="AI" name="Sensor10843_S" textname="test sensor 10843"/>
			<item id="10844" losttest="1" iotype="AI" name="Sensor10844_S" textname="test sensor 10844"/>
			<item id="10845" losttest="1" iotype="AI" name="Sensor10845_S" textname="test sensor 10845"/>
			<item id="10846" losttest="1" iotype="AI" name="Sensor10846_S" textname="test sensor 10846"/>
			<item id="10847" losttest="1" iotype="AI" name="Sensor10847_S" textname="test sensor 10847"/>
			<item id="10848" losttest="1" iotype="AI" name="Sensor10848_S" textname="test sensor 10848"/>
			<item id="10849" losttest="1" iotype="AI" name="Sensor10849_S" textname="test sensor 10849"/>
			<item id="10850" losttest="1" iotype="AI" name="Sensor10850_S" textname="test sensor 10850"/>
			<item id="10851" losttest="1" iotype="AI" name="Sensor10851_S" textname="test sensor 10851"/>
			<item id="10852" losttest="1" iotype="AI" name="Sensor10852_S" textname="test sensor 10852"/>
			<item id="10853" losttest="1" iotype="AI" name="Sensor10853_S" textname="test sensor 10853"/>
			<item id="10854" losttest="1" iotype="AI" name="Sensor10854_S" textname="test sensor 10854"/>
			<item id="10855" losttest="1" iotype="AI" name="Sensor10855_S" textname="test sensor 10855"/>
			<item id="10856" losttest="1" iotype="AI" name="Sensor10856_S" textname="test sensor 10856"/>
			<item id="10857" losttest="1" iotype="AI" name="Sensor10857_S" textname="test sensor 10857"/>
			<item id="10858" losttest="1" iotype="AI" name="Sensor10858_S" textname="test sensor 10858"/>
			<item id="10859" losttest="1" iotype="AI" name="Sensor10859_S" textname="test sensor 10859"/>
			<item id="10860" losttest="1" iotype="AI" name="Sensor10860_S" textname="test sensor 10860"/>
			<item id="10861" losttest="1" iotype="AI" name="Sensor10861_S" textname="test sensor 10861"/>
			<item id="10862" losttest="1" iotype="AI" name="Sensor10862_S" textname="test sensor 10862"/>
			<item id="10863" losttest="1" iotype="AI" name="Sensor10863_S" textname="test sensor 10863"/>
			<item id="10864" losttest="1" iotype="AI" name="Sensor10864_S" textname="test sensor 10864"/>
			<item id="10865" losttest="1" iotype="AI" name="Sensor10865_S" textname="test sensor 10865"/>
			<item id="10866" losttest="1" iotype="AI" name="Sensor10866_S" textname="test sensor 10866"/>
			<item id="10867" losttest="1" iotype="AI" name="Sensor10867_S" textname="test sensor 10867"/>
			<item id="10868" losttest="1" iotype="AI" name="Sensor10868_S" textname="test sensor 10868"/>
			<item id="10869" losttest="1" iotype="AI" name="Sensor10869_S" textname="test sensor 10869"/>
			<item id="10870" losttest="1" iotype="AI" name="Sensor10870_S" textname="test sensor 10870"/>
			<item id="10871" losttest="1" iotype="AI" name="Sensor10871_S" textname="test sensor 10871"/>
			<item id="10872" losttest="1" iotype="AI" name="Sensor10872_S" textname="test sensor 10872"/>
			<item id="10873" losttest="1" iotype="AI" name="Sensor10873_S" textname="test sensor 10873"/>
			<item id="10874" losttest="1" iotype="AI" name="Sensor10874_S" textname="test sensor 10874"/>
			<item id="10875" losttest="1" iotype="AI" name="Sensor10875_S" textname="test sensor 10875"/>
			<item id="10876" losttest="1" iotype="AI" name="Sensor10876_S" textname="test sensor 10876"/>
			<item id="10877" losttest="1" iotype="AI" name="Sensor10877_S" textname="test sensor 10877"/>
			<item id="10878" losttest="1" iotype="AI" name="Sensor10878_S" textname="test sensor 10878"/>
			<item id="10879" losttest="1" iotype="AI" name="Sensor10879_S" textname="test sensor 10879"/>
			<item id="10880" losttest="1" iotype="AI" name="Sensor10880_S" textname="test sensor 10880"/>
			<item id="10881" losttest="1" iotype="AI" name="Sensor10881_S" textname="test sensor 10881"/>
			<item id="10882" losttest="1" iotype="AI" name="Sensor10882_S" textname="test sensor 10882"/>
			<item id="10883" losttest="1" iotype="AI" name="Sensor10883_S" textname="test sensor 10883"/>
			<item id="10884" losttest="1" iotype="AI" name="Sensor10884_S" textname="test sensor 10884"/>
			<item id="10885" losttest="1" iotype="AI" name="Sensor10885_S" textname="test sensor 10885"/>
			<item id="10886" losttest="1" iotype="AI" name="Sensor10886_S" textname="test sensor 10886"/>
			<item id="10887" losttest="1" iotype="AI" name="Sensor10887_S" textname="test sensor 10887"/>
			<item id="10888" losttest="1" iotype="AI" name="Sensor10888_S" textname="test sensor 10888"/>
			<item id="10889" losttest="1" iotype="AI" name="Sensor10889_S" textname="test sensor 10889"/>
			<item id="10890" losttest="1" iotype="AI" name="Sensor10890_S" textname="test sensor 10890"/>
			<item id="10891" losttest="1" iotype="AI" name="Sensor10891_S" textname="test sensor 10891"/>
			<item id="10892" losttest="1" iotype="AI" name="Sensor10892_S" textname="test sensor 10892"/>
			<item id="10893" losttest="1" iotype="AI" name="Sensor10893_S" textname="test sensor 10893"/>
			<item id="10894" losttest="1" iotype="AI" name="Sensor10894_S" textname="test sensor 10894"/>
			<item id="10895" losttest="1" iotype="AI" name="Sensor10895_S" textname="test sensor 10895"/>
			<item id="10896" losttest="1" iotype="AI" name="Sensor10896_S" textname="test sensor 10896"/>
			<item id="10897" losttest="1" iotype="AI" name="Sensor10897_S" textname="test sensor 10897"/>
			<item id="10898" losttest="1" iotype="AI" name="Sensor10898_S" textname="test sensor 10898"/>
			<item id="10899" losttest="1" iotype="AI" name="Sensor10899_S" textname="test sensor 10899"/>
			<item id="10900" losttest="1" iotype="AI" name="Sensor10900_S" textname="test sensor 10900"/>
			<item id="10901" losttest="1" iotype="AI" name="Sensor10901_S" textname="test sensor 10901"/>
			<item id="10902" losttest="1" iotype="AI" name="Sensor10902_S" textname="test sensor 10902"/>
			<item id="10903" losttest="1" iotype="AI" name="Sensor10903_S" textname="test sensor 10903"/>
			<item id="10904" losttest="1" iotype="AI" name="Sensor10904_S" textname="test sensor 10904"/>
			<item id="10905" losttest="1" iotype="AI" name="Sensor10905_S" textname="test sensor 10905"/>
			<item id="10906" losttest="1" iotype="AI" name="Sensor10906_S" textname="test sensor 10906"/>
			<item id="10907" losttest="1" iotype="AI" name="Sensor10907_S" textname="test sensor 10907"/>
			<item id="10908" losttest="1" iotype="AI" name="Sensor10908_S" textname="test sensor 10908"/>
			<item id="10909" losttest="1" iotype="AI" name="Sensor10909_S" textname="test sensor 10909"/>
			<item id="10910" losttest="1" iotype="AI" name="Sensor10910_S" textname="test sensor 10910"/>
			<item id="10911" losttest="1" iotype="AI" name="Sensor10911_S" textname="test sensor 10911"/>
			<item id="10912" losttest="1" iotype="AI" name="Sensor10912_S" textname="test sensor 10912"/>
			<item id="10913" losttest="1" iotype="AI" name="Sensor10913_S" textname="test sensor 10913"/>
			<item id="10914" losttest="1" iotype="AI" name="Sensor10914_S" textname="test sensor 10914"/>
			<item id="10915" losttest="1" iotype="AI" name="Sensor10915_S" textname="test sensor 10915"/>
			<item id="10916" losttest="1" iotype="AI" name="Sensor10916_S" textname="test sensor 10916"/>
			<item id="10917" losttest="1" iotype="AI" name="Sensor10917_S" textname="test sensor 10917"/>
			<item id="10918" losttest="1" iotype="AI" name="Sensor10918_S" textname="test sensor 10918"/>
			<item id="10919" losttest="1" iotype="AI" name="Sensor10919_S" textname="test sensor 10919"/>
			<item id="10920" losttest="1" iotype="AI" name="Sensor10920_S" textname="test sensor 10920"/>
			<item id="10921" losttest="1" iotype="AI" name="Sensor10921_S" textname="test sensor 10921"/>
			<item id="10922" losttest="1" iotype="AI" name="Sensor10922_S" textname="test sensor 10922"/>
			<item id="10923" losttest="1" iotype="AI" name="Sensor10923_S" textname="test sensor 10923"/>
			<item id="10924" losttest="1" iotype="AI" name="Sensor10924_S" textname="test sensor 10924"/>
			<item id="10925" losttest="1" iotype="AI" name="Sensor10925_S" textname="test sensor 10925"/>
			<item id="10926" losttest="1" iotype="AI" name="Sensor10926_S" textname="test sensor 10926"/>
			<item id="10927" losttest="1" iotype="AI" name="Sensor10927_S" textname="test sensor 10927"/>
			<item id="10928" losttest="1" iotype="AI" name="Sensor10928_S" textname="test sensor 10928"/>
			<item id="10929" losttest="1" iotype="AI" name="Sensor10929_S" textname="test sensor 10929"/>
			<item id="10930" losttest="1" iotype="AI" name="Sensor10930_S" textname="test sensor 10930"/>
			<item id="10931" losttest="1" iotype="AI" name="Sensor10931_S" textname="test sensor 10931"/>
			<item id="10932" losttest="1" iotype="AI" name="Sensor10932_S" textname="test sensor 10932"/>
			<item id="10933" losttest="1" iotype="AI" name="Sensor10933_S" textname="test sensor 10933"/>
			<item id="10934" losttest="1" iotype="AI" name="Sensor10934_S" textname="test sensor 10934"/>
			<item id="10935" losttest="1" iotype="AI" name="Sensor10935_S" textname="test sensor 10935"/>
			<item id="10936" losttest="1" iotype="AI" name="Sensor10936_S" textname="test sensor 10936"/>
			<item id="10937" losttest="1" iotype="AI" name="Sensor10937_S" textname="test sensor 10937"/>
			<item id="10938" losttest="1" iotype="AI" name="Sensor10938_S" textname="test sensor 10938"/>
			<item id="10939" losttest="1" iotype="AI" name="Sensor10939_S" textname="test sensor 10939"/>
			<item id="10940" losttest="1" iotype="AI" name="Sensor10940_S" textname="test sensor 10940"/>
			<item id="10941" losttest="1" iotype="AI" name="Sensor10941_S" textname="test sensor 10941"/>
			<item id="10942" losttest="1" iotype="AI" name="Sensor10942_S" textname="test sensor 10942"/>
			<item id="10943" losttest="1" iotype="AI" name="Sensor10943_S" textname="test sensor 10943"/>
			<item id="10944" losttest="1" iotype="AI" name="Sensor10944_S" textname="test sensor 10944"/>
			<item id="10945" losttest="1" iotype="AI" name="Sensor10945_S" textname="test sensor 10945"/>
			<item id="10946" losttest="1" iotype="AI" name="Sensor10946_S" textname="test sensor 10946"/>
			<item id="10947" losttest="1" iotype="AI" name="Sensor10947_S" textname="test sensor 10947"/>
			<item id="10948" losttest="1" iotype="AI" name="Sensor10948_S" textname="test sensor 10948"/>
			<item id="10949" losttest="1" iotype="AI" name="Sensor10949_S" textname="test sensor 10949"/>
			<item id="10950" losttest="1" iotype="AI" name="Sensor10950_S" textname="test sensor 10950"/>
			<item id="10951" losttest="1" iotype="AI" name="Sensor10951_S" textname="test sensor 10951"/>
			<item id="10952" losttest="1" iotype="AI" name="Sensor10952_S" textname="test sensor 10952"/>
			<item id="10953" losttest="1" iotype="AI" name="Sensor10953_S" textname="test sensor 10953"/>
			<item id="10954" losttest="1" iotype="AI" name="Sensor10954_S" textname="test sensor 10954"/>
			<item id="10955" losttest="1" iotype="AI" name="Sensor10955_S" textname="test sensor 10955"/>
			<item id="10956" losttest="1" iotype="AI" name="Sensor10956_S" textname="test sensor 10956"/>
			<item id="10957" losttest="1" iotype="AI" name="Sensor10957_S" textname="test sensor 10957"/>
			<item id="10958" losttest="1" iotype="AI" name="Sensor10958_S" textname="test sensor 10958"/>
			<item id="10959" losttest="1" iotype="AI" name="Sensor10959_S" textname="test sensor 10959"/>
			<item id="10960" losttest="1" iotype="AI" name="Sensor10960_S" textname="test sensor 10960"/>
			<item id="10961" losttest="1" iotype="AI" name="Sensor10961_S" textname="test sensor 10961"/>
			<item id="10962" losttest="1" iotype="AI" name="Sensor10962_S" textname="test sensor 10962"/>
			<item id="10963" losttest="1" iotype="AI" name="Sensor10963_S" textname="test sensor 10963"/>
			<item id="10964" losttest="1" iotype="AI" name="Sensor10964_S" textname="test sensor 10964"/>
			<item id="10965" losttest="1" iotype="AI" name="Sensor10965_S" textname="test sensor 10965"/>
			<item id="10966" losttest="1" iotype="AI" name="Sensor10966_S" textname="test sensor 10966"/>
			<item id="10967" losttest="1" iotype="AI" name="Sensor10967_S" textname="test sensor 10967"/>
			<item id="10968" losttest="1" iotype="AI" name="Sensor10968_S" textname="test sensor 10968"/>
			<item id="10969" losttest="1" iotype="AI" name="Sensor10969_S" textname="test sensor 10969"/>
			<item id="10970" losttest="1" iotype="AI" name="Sensor10970_S" textname="test sensor 10970"/>
			<item id="10971" losttest="1" iotype="AI" name="Sensor10971_S" textname="test sensor 10971"/>
			<item id="10972" losttest="1" iotype="AI" name="Sensor10972_S" textname="test sensor 10972"/>
			<item id="10973" losttest="1" iotype="AI" name="Sensor10973_S" textname="test sensor 10973"/>
			<item id="10974" losttest="1" iotype="AI" name="Sensor10974_S" textname="test sensor 10974"/>
			<item id="10975" losttest="1" iotype="AI" name="Sensor10975_S" textname="test sensor 10975"/>
			<item id="10976" losttest="1" iotype="AI" name="Sensor10976_S" textname="test sensor 10976"/>
			<item id="10977" losttest="1" iotype="AI" name="Sensor10977_S" textname="test sensor 10977"/>
			<item id="10978" losttest="1" iotype="AI" name="Sensor10978_S" textname="test sensor 10978"/>
			<item id="10979" losttest="1" iotype="AI" name="Sensor10979_S" textname="test sensor 10979"/>
			<item id="10980" losttest="1" iotype="AI" name="Sensor10980_S" textname="test sensor 10980"/>
			<item id="10981" losttest="1" iotype="AI" name="Sensor10981_S" textname="test sensor 10981"/>
			<item id="10982" losttest="1" iotype="AI" name="Sensor10982_S" textname="test sensor 10982"/>
			<item id="10983" losttest="1" iotype="AI" name="Sensor10983_S" textname="test sensor 10983"/>
			<item id="10984" losttest="1" iotype="AI" name="Sensor10984_S" textname="test sensor 10984"/>
			<item id="10985" losttest="1" iotype="AI" name="Sensor10985_S" textname="test sensor 10985"/>
			<item id="10986" losttest="1" iotype="AI" name="Sensor10986_S" textname="test sensor 10986"/>
			<item id="10987" losttest="1" iotype="AI" name="Sensor10987_S" textname="test sensor 10987"/>
			<item id="10988" losttest="1" iotype="AI" name="Sensor10988_S" textname="test sensor 10988"/>
			<item id="10989" losttest="1" iotype="AI" name="Sensor10989_S" textname="test sensor 10989"/>
			<item id="10990" losttest="1" iotype="AI" name="Sensor10990_S" textname="test sensor 10990"/>
			<item id="10991" losttest="1" iotype="AI" name="Sensor10991_S" textname="test sensor 10991"/>
			<item id="10992" losttest="1" iotype="AI" name="Sensor10992_S" textname="test sensor 10992"/>
			<item id="10993" losttest="1" iotype="AI" name="Sensor10993_S" textname="test sensor 10993"/>
			<item id="10994" losttest="1" iotype="AI" name="Sensor10994_S" textname="test sensor 10994"/>
			<item id="10995" losttest="1" iotype="AI" name="Sensor10995_S" textname="test sensor 10995"/>
			<item id="10996" losttest="1" iotype="AI" name="Sensor10996_S" textname="test sensor 10996"/>
			<item id="10997" losttest="1" iotype="AI" name="Sensor10997_S" textname="test sensor 10997"/>
			<item id="10998" losttest="1" iotype="AI" name="Sensor10998_S" textname="test sensor 10998"/>
			<item id="10999" losttest="1" iotype="AI" name="Sensor10999_S" textname="test sensor 10999"/>
			<item id="11000" losttest="1" iotype="AI" name="Sensor11000_S" textname="test sensor 11000"/>
			<item id="11001" losttest="1" iotype="AI" name="Sensor11001_S" textname="test sensor 11001"/>
			<item id="11002" losttest="1" iotype="AI" name="Sensor11002_S" textname="test sensor 11002"/>
			<item id="11003" losttest="1" iotype="AI" name="Sensor11003_S" textname="test sensor 11003"/>
			<item id="11004" losttest="1" iotype="AI" name="Sensor11004_S" textname="test sensor 11004"/>
			<item id="11005" losttest="1" iotype="AI" name="Sensor11005_S" textname="test sensor 11005"/>
			<item id="11006" losttest="1" iotype="AI" name="Sensor11006_S" textname="test sensor 11006"/>
			<item id="11007" losttest="1" iotype="AI" name="Sensor11007_S" textname="test sensor 11007"/>
			<item id="11008" losttest="1" iotype="AI" name="Sensor11008_S" textname="test sensor 11008"/>
			<item id="11009" losttest="1" iotype="AI" name="Sensor11009_S" textname="test sensor 11009"/>
			<item id="11010" losttest="1" iotype="AI" name="Sensor11010_S" textname="test sensor 11010"/>
			<item id="11011" losttest="1" iotype="AI" name="Sensor11011_S" textname="test sensor 11011"/>
			<item id="11012" losttest="1" iotype="AI" name="Sensor11012_S" textname="test sensor 11012"/>
			<item id="11013" losttest="1" iotype="AI" name="Sensor11013_S" textname="test sensor 11013"/>
			<item id="11014" losttest="1" iotype="AI" name="Sensor11014_S" textname="test sensor 11014"/>
			<item id="11015" losttest="1" iotype="AI" name="Sensor11015_S" textname="test sensor 11015"/>
			<item id="11016" losttest="1" iotype="AI" name="Sensor11016_S" textname="test sensor 11016"/>
			<item id="11017" losttest="1" iotype="AI" name="Sensor11017_S" textname="test sensor 11017"/>
			<item id="11018" losttest="1" iotype="AI" name="Sensor11018_S" textname="test sensor 11018"/>
			<item id="11019" losttest="1" iotype="AI" name="Sensor11019_S" textname="test sensor 11019"/>
			<item id="11020" losttest="1" iotype="AI" name="Sensor11020_S" textname="test sensor 11020"/>
			<item id="11021" losttest="1" iotype="AI" name="Sensor11021_S" textname="test sensor 11021"/>
			<item id="11022" losttest="1" iotype="AI" name="Sensor11022_S" textname="test sensor 11022"/>
			<item id="11023" losttest="1" iotype="AI" name="Sensor11023_S" textname="test sensor 11023"/>
			<item id="11024" losttest="1" iotype="AI" name="Sensor11024_S" textname="test sensor 11024"/>
			<item id="11025" losttest="1" iotype="AI" name="Sensor11025_S" textname="test sensor 11025"/>
			<item id="11026" losttest="1" iotype="AI" name="Sensor11026_S" textname="test sensor 11026"/>
			<item id="11027" losttest="1" iotype="AI" name="Sensor11027_S" textname="test sensor 11027"/>
			<item id="11028" losttest="1" iotype="AI" name="Sensor11028_S" textname="test sensor 11028"/>
			<item id="11029" losttest="1" iotype="AI" name="Sensor11029_S" textname="test sensor 11029"/>
			<item id="11030" losttest="1" iotype="AI" name="Sensor11030_S" textname="test sensor 11030"/>
			<item id="11031" losttest="1" iotype="AI" name="Sensor11031_S" textname="test sensor 11031"/>
			<item id="11032" losttest="1" iotype="AI" name="Sensor11032_S" textname="test sensor 11032"/>
			<item id="11033" losttest="1" iotype="AI" name="Sensor11033_S" textname="test sensor 11033"/>
			<item id="11034" losttest="1" iotype="AI" name="Sensor11034_S" textname="test sensor 11034"/>
			<item id="11035" losttest="1" iotype="AI" name="Sensor11035_S" textname="test sensor 11035"/>
			<item id="11036" losttest="1" iotype="AI" name="Sensor11036_S" textname="test sensor 11036"/>
			<item id="11037" losttest="1" iotype="AI" name="Sensor11037_S" textname="test sensor 11037"/>
			<item id="11038" losttest="1" iotype="AI" name="Sensor11038_S" textname="test sensor 11038"/>
			<item id="11039" losttest="1" iotype="AI" name="Sensor11039_S" textname="test sensor 11039"/>
			<item id="11040" losttest="1" iotype="AI" name="Sensor11040_S" textname="test sensor 11040"/>
			<item id="11041" losttest="1" iotype="AI" name="Sensor11041_S" textname="test sensor 11041"/>
			<item id="11042" losttest="1" iotype="AI" name="Sensor11042_S" textname="test sensor 11042"/>
			<item id="11043" losttest="1" iotype="AI" name="Sensor11043_S" textname="test sensor 11043"/>
			<item id="11044" losttest="1" iotype="AI" name="Sensor11044_S" textname="test sensor 11044"/>
			<item id="11045" losttest="1" iotype="AI" name="Sensor11045_S" textname="test sensor 11045"/>
			<item id="11046" losttest="1" iotype="AI" name="Sensor11046_S" textname="test sensor 11046"/>
			<item id="11047" losttest="1" iotype="AI" name="Sensor11047_S" textname="test sensor 11047"/>
			<item id="11048" losttest="1" iotype="AI" name="Sensor11048_S" textname="test sensor 11048"/>
			<item id="11049" losttest="1" iotype="AI" name="Sensor11049_S" textname="test sensor 11049"/>
			<item id="11050" losttest="1" iotype="AI" name="Sensor11050_S" textname="test sensor 11050"/>
			<item id="11051" losttest="1" iotype="AI" name="Sensor11051_S" textname="test sensor 11051"/>
			<item id="11052" losttest="1" iotype="AI" name="Sensor11052_S" textname="test sensor 11052"/>
			<item id="11053" losttest="1" iotype="AI" name="Sensor11053_S" textname="test sensor 11053"/>
			<item id="11054" losttest="1" iotype="AI" name="Sensor11054_S" textname="test sensor 11054"/>
			<item id="11055" losttest="1" iotype="AI" name="Sensor11055_S" textname="test sensor 11055"/>
			<item id="11056" losttest="1" iotype="AI" name="Sensor11056_S" textname="test sensor 11056"/>
			<item id="11057" losttest="1" iotype="AI" name="Sensor11057_S" textname="test sensor 11057"/>
			<item id="11058" losttest="1" iotype="AI" name="Sensor11058_S" textname="test sensor 11058"/>
			<item id="11059" losttest="1" iotype="AI" name="Sensor11059_S" textname="test sensor 11059"/>
			<item id="11060" losttest="1" iotype="AI" name="Sensor11060_S" textname="test sensor 11060"/>
			<item id="11061" losttest="1" iotype="AI" name="Sensor11061_S" textname="test sensor 11061"/>
			<item id="11062" losttest="1" iotype="AI" name="Sensor11062_S" textname="test sensor 11062"/>
			<item id="11063" losttest="1" iotype="AI" name="Sensor11063_S" textname="test sensor 11063"/>
			<item id="11064" losttest="1" iotype="AI" name="Sensor11064_S" textname="test sensor 11064"/>
			<item id="11065" losttest="1" iotype="AI" name="Sensor11065_S" textname="test sensor 11065"/>
			<item id="11066" losttest="1" iotype="AI" name="Sensor11066_S" textname="test sensor 11066"/>
			<item id="11067" losttest="1" iotype="AI" name="Sensor11067_S" textname="test sensor 11067"/>
			<item id="11068" losttest="1" iotype="AI" name="Sensor11068_S" textname="test sensor 11068"/>
			<item id="11069" losttest="1" iotype="AI" name="Sensor11069_S" textname="test sensor 11069"/>
			<item id="11070" losttest="1" iotype="AI" name="Sensor11070_S" textname="test sensor 11070"/>
			<item id="11071" losttest="1" iotype="AI" name="Sensor11071_S" textname="test sensor 11071"/>
			<item id="11072" losttest="1" iotype="AI" name="Sensor11072_S" textname="test sensor 11072"/>
			<item id="11073" losttest="1" iotype="AI" name="Sensor11073_S" textname="test sensor 11073"/>
			<item id="11074" losttest="1" iotype="AI" name="Sensor11074_S" textname="test sensor 11074"/>
			<item id="11075" losttest="1" iotype="AI" name="Sensor11075_S" textname="test sensor 11075"/>
			<item id="11076" losttest="1" iotype="AI" name="Sensor11076_S" textname="test sensor 11076"/>
			<item id="11077" losttest="1" iotype="AI" name="Sensor11077_S" textname="test sensor 11077"/>
			<item id="11078" losttest="1" iotype="AI" name="Sensor11078_S" textname="test sensor 11078"/>
			<item id="11079" losttest="1" iotype="AI" name="Sensor11079_S" textname="test sensor 11079"/>
			<item id="11080" losttest="1" iotype="AI" name="Sensor11080_S" textname="test sensor 11080"/>
			<item id="11081" losttest="1" iotype="AI" name="Sensor11081_S" textname="test sensor 11081"/>
			<item id="11082" losttest="1" iotype="AI" name="Sensor11082_S" textname="test sensor 11082"/>
			<item id="11083" losttest="1" iotype="AI" name="Sensor11083_S" textname="test sensor 11083"/>
			<item id="11084" losttest="1" iotype="AI" name="Sensor11084_S" textname="test sensor 11084"/>
			<item id="11085" losttest="1" iotype="AI" name="Sensor11085_S" textname="test sensor 11085"/>
			<item id="11086" losttest="1" iotype="AI" name="Sensor11086_S" textname="test sensor 11086"/>
			<item id="11087" losttest="1" iotype="AI" name="Sensor11087_S" textname="test sensor 11087"/>
			<item id="11088" losttest="1" iotype="AI" name="Sensor11088_S" textname="test sensor 11088"/>
			<item id="11089" losttest="1" iotype="AI" name="Sensor11089_S" textname="test sensor 11089"/>
			<item id="11090" losttest="1" iotype="AI" name="Sensor11090_S" textname="test sensor 11090"/>
			<item id="11091" losttest="1" iotype="AI" name="Sensor11091_S" textname="test sensor 11091"/>
			<item id="11092" losttest="1" iotype="AI" name="Sensor11092_S" textname="test sensor 11092"/>
			<item id="11093" losttest="1" iotype="AI" name="Sensor11093_S" textname="test sensor 11093"/>
			<item id="11094" losttest="1" iotype="AI" name="Sensor11094_S" textname="test sensor 11094"/>
			<item id="11095" losttest="1" iotype="AI" name="Sensor11095_S" textname="test sensor 11095"/>
			<item id="11096" losttest="1" iotype="AI" name="Sensor11096_S" textname="test sensor 11096"/>
			<item id="11097" losttest="1" iotype="AI" name="Sensor11097_S" textname="test sensor 11097"/>
			<item id="11098" losttest="1" iotype="AI" name="Sensor11098_S" textname="test sensor 11098"/>
			<item id="11099" losttest="1" iotype="AI" name="Sensor11099_S" textname="test sensor 11099"/>
			<item id="11100" losttest="1" iotype="AI" name="Sensor11100_S" textname="test sensor 11100"/>
			<item id="11101" losttest="1" iotype="AI" name="Sensor11101_S" textname="test sensor 11101"/>
			<item id="11102" losttest="1" iotype="AI" name="Sensor11102_S" textname="test sensor 11102"/>
			<item id="11103" losttest="1" iotype="AI" name="Sensor11103_S" textname="test sensor 11103"/>
			<item id="11104" losttest="1" iotype="AI" name="Sensor11104_S" textname="test sensor 11104"/>
			<item id="11105" losttest="1" iotype="AI" name="Sensor11105_S" textname="test sensor 11105"/>
			<item id="11106" losttest="1" iotype="AI" name="Sensor11106_S" textname="test sensor 11106"/>
			<item id="11107" losttest="1" iotype="AI" name="Sensor11107_S" textname="test sensor 11107"/>
			<item id="11108" losttest="1" iotype="AI" name="Sensor11108_S" textname="test sensor 11108"/>
			<item id="11109" losttest="1" iotype="AI" name="Sensor11109_S" textname="test sensor 11109"/>
			<item id="11110" losttest="1" iotype="AI" name="Sensor11110_S" textname="test sensor 11110"/>
			<item id="11111" losttest="1" iotype="AI" name="Sensor11111_S" textname="test sensor 11111"/>
			<item id="11112" losttest="1" iotype="AI" name="Sensor11112_S" textname="test sensor 11112"/>
			<item id="11113" losttest="1" iotype="AI" name="Sensor11113_S" textname="test sensor 11113"/>
			<item id="11114" losttest="1" iotype="AI" name="Sensor11114_S" textname="test sensor 11114"/>
			<item id="11115" losttest="1" iotype="AI" name="Sensor11115_S" textname="test sensor 11115"/>
			<item id="11116" losttest="1" iotype="AI" name="Sensor11116_S" textname="test sensor 11116"/>
			<item id="11117" losttest="1" iotype="AI" name="Sensor11117_S" textname="test sensor 11117"/>
			<item id="11118" losttest="1" iotype="AI" name="Sensor11118_S" textname="test sensor 11118"/>
			<item id="11119" losttest="1" iotype="AI" name="Sensor11119_S" textname="test sensor 11119"/>
			<item id="11120" losttest="1" iotype="AI" name="Sensor11120_S" textname="test sensor 11120"/>
			<item id="11121" losttest="1" iotype="AI" name="Sensor11121_S" textname="test sensor 11121"/>
			<item id="11122" losttest="1" iotype="AI" name="Sensor11122_S" textname="test sensor 11122"/>
			<item id="11123" losttest="1" iotype="AI" name="Sensor11123_S" textname="test sensor 11123"/>
			<item id="11124" losttest="1" iotype="AI" name="Sensor11124_S" textname="test sensor 11124"/>
			<item id="11125" losttest="1" iotype="AI" name="Sensor11125_S" textname="test sensor 11125"/>
			<item id="11126" losttest="1" iotype="AI" name="Sensor11126_S" textname="test sensor 11126"/>
			<item id="11127" losttest="1" iotype="AI" name="Sensor11127_S" textname="test sensor 11127"/>
			<item id="11128" losttest="1" iotype="AI" name="Sensor11128_S" textname="test sensor 11128"/>
			<item id="11129" losttest="1" iotype="AI" name="Sensor11129_S" textname="test sensor 11129"/>
			<item id="11130" losttest="1" iotype="AI" name="Sensor11130_S" textname="test sensor 11130"/>
			<item id="11131" losttest="1" iotype="AI" name="Sensor11131_S" textname="test sensor 11131"/>
			<item id="11132" losttest="1" iotype="AI" name="Sensor11132_S" textname="test sensor 11132"/>
			<item id="11133" losttest="1" iotype="AI" name="Sensor11133_S" textname="test sensor 11133"/>
			<item id="11134" losttest="1" iotype="AI" name="Sensor11134_S" textname="test sensor 11134"/>
			<item id="11135" losttest="1" iotype="AI" name="Sensor11135_S" textname="test sensor 11135"/>
			<item id="11136" losttest="1" iotype="AI" name="Sensor11136_S" textname="test sensor 11136"/>
			<item id="11137" losttest="1" iotype="AI" name="Sensor11137_S" textname="test sensor 11137"/>
			<item id="11138" losttest="1" iotype="AI" name="Sensor11138_S" textname="test sensor 11138"/>
			<item id="11139" losttest="1" iotype="AI" name="Sensor11139_S" textname="test sensor 11139"/>
			<item id="11140" losttest="1" iotype="AI" name="Sensor11140_S" textname="test sensor 11140"/>
			<item id="11141" losttest="1" iotype="AI" name="Sensor11141_S" textname="test sensor 11141"/>
			<item id="11142" losttest="1" iotype="AI" name="Sensor11142_S" textname="test sensor 11142"/>
			<item id="11143" losttest="1" iotype="AI" name="Sensor11143_S" textname="test sensor 11143"/>
			<item id="11144" losttest="1" iotype="AI" name="Sensor11144_S" textname="test sensor 11144"/>
			<item id="11145" losttest="1" iotype="AI" name="Sensor11145_S" textname="test sensor 11145"/>
			<item id="11146" losttest="1" iotype="AI" name="Sensor11146_S" textname="test sensor 11146"/>
			<item id="11147" losttest="1" iotype="AI" name="Sensor11147_S" textname="test sensor 11147"/>
			<item id="11148" losttest="1" iotype="AI" name="Sensor11148_S" textname="test sensor 11148"/>
			<item id="11149" losttest="1" iotype="AI" name="Sensor11149_S" textname="test sensor 11149"/>
			<item id="11150" losttest="1" iotype="AI" name="Sensor11150_S" textname="test sensor 11150"/>
			<item id="11151" losttest="1" iotype="AI" name="Sensor11151_S" textname="test sensor 11151"/>
			<item id="11152" losttest="1" iotype="AI" name="Sensor11152_S" textname="test sensor 11152"/>
			<item id="11153" losttest="1" iotype="AI" name="Sensor11153_S" textname="test sensor 11153"/>
			<item id="11154" losttest="1" iotype="AI" name="Sensor11154_S" textname="test sensor 11154"/>
			<item id="11155" losttest="1" iotype="AI" name="Sensor11155_S" textname="test sensor 11155"/>
			<item id="11156" losttest="1" iotype="AI" name="Sensor11156_S" textname="test sensor 11156"/>
			<item id="11157" losttest="1" iotype="AI" name="Sensor11157_S" textname="test sensor 11157"/>
			<item id="11158" losttest="1" iotype="AI" name="Sensor11158_S" textname="test sensor 11158"/>
			<item id="11159" losttest="1" iotype="AI" name="Sensor11159_S" textname="test sensor 11159"/>
			<item id="11160" losttest="1" iotype="AI" name="Sensor11160_S" textname="test sensor 11160"/>
			<item id="11161" losttest="1" iotype="AI" name="Sensor11161_S" textname="test sensor 11161"/>
			<item id="11162" losttest="1" iotype="AI" name="Sensor11162_S" textname="test sensor 11162"/>
			<item id="11163" losttest="1" iotype="AI" name="Sensor11163_S" textname="test sensor 11163"/>
			<item id="11164" losttest="1" iotype="AI" name="Sensor11164_S" textname="test sensor 11164"/>
			<item id="11165" losttest="1" iotype="AI" name="Sensor11165_S" textname="test sensor 11165"/>
			<item id="11166" losttest="1" iotype="AI" name="Sensor11166_S" textname="test sensor 11166"/>
			<item id="11167" losttest="1" iotype="AI" name="Sensor11167_S" textname="test sensor 11167"/>
			<item id="11168" losttest="1" iotype="AI" name="Sensor11168_S" textname="test sensor 11168"/>
			<item id="11169" losttest="1" iotype="AI" name="Sensor11169_S" textname="test sensor 11169"/>
			<item id="11170" losttest="1" iotype="AI" name="Sensor11170_S" textname="test sensor 11170"/>
			<item id="11171" losttest="1" iotype="AI" name="Sensor11171_S" textname="test sensor 11171"/>
			<item id="11172" losttest="1" iotype="AI" name="Sensor11172_S" textname="test sensor 11172"/>
			<item id="11173" losttest="1" iotype="AI" name="Sensor11173_S" textname="test sensor 11173"/>
			<item id="11174" losttest="1" iotype="AI" name="Sensor11174_S" textname="test sensor 11174"/>
			<item id="11175" losttest="1" iotype="AI" name="Sensor11175_S" textname="test sensor 11175"/>
			<item id="11176" losttest="1" iotype="AI" name="Sensor11176_S" textname="test sensor 11176"/>
			<item id="11177" losttest="1" iotype="AI" name="Sensor11177_S" textname="test sensor 11177"/>
			<item id="11178" losttest="1" iotype="AI" name="Sensor11178_S" textname="test sensor 11178"/>
			<item id="11179" losttest="1" iotype="AI" name="Sensor11179_S" textname="test sensor 11179"/>
			<item id="11180" losttest="1" iotype="AI" name="Sensor11180_S" textname="test sensor 11180"/>
			<item id="11181" losttest="1" iotype="AI" name="Sensor11181_S" textname="test sensor 11181"/>
			<item id="11182" losttest="1" iotype="AI" name="Sensor11182_S" textname="test sensor 11182"/>
			<item id="11183" losttest="1" iotype="AI" name="Sensor11183_S" textname="test sensor 11183"/>
			<item id="11184" losttest="1" iotype="AI" name="Sensor11184_S" textname="test sensor 11184"/>
			<item id="11185" losttest="1" iotype="AI" name="Sensor11185_S" textname="test sensor 11185"/>
			<item id="11186" losttest="1" iotype="AI" name="Sensor11186_S" textname="test sensor 11186"/>
			<item id="11187" losttest="1" iotype="AI" name="Sensor11187_S" textname="test sensor 11187"/>
			<item id="11188" losttest="1" iotype="AI" name="Sensor11188_S" textname="test sensor 11188"/>
			<item id="11189" losttest="1" iotype="AI" name="Sensor11189_S" textname="test sensor 11189"/>
			<item id="11190" losttest="1" iotype="AI" name="Sensor11190_S" textname="test sensor 11190"/>
			<item id="11191" losttest="1" iotype="AI" name="Sensor11191_S" textname="test sensor 11191"/>
			<item id="11192" losttest="1" iotype="AI" name="Sensor11192_S" textname="test sensor 11192"/>
			<item id="11193" losttest="1" iotype="AI" name="Sensor11193_S" textname="test sensor 11193"/>
			<item id="11194" losttest="1" iotype="AI" name="Sensor11194_S" textname="test sensor 11194"/>
			<item id="11195" losttest="1" iotype="AI" name="Sensor11195_S" textname="test sensor 11195"/>
			<item id="11196" losttest="1" iotype="AI" name="Sensor11196_S" textname="test sensor 11196"/>
			<item id="11197" losttest="1" iotype="AI" name="Sensor11197_S" textname="test sensor 11197"/>
			<item id="11198" losttest="1" iotype="AI" name="Sensor11198_S" textname="test sensor 11198"/>
			<item id="11199" losttest="1" iotype="AI" name="Sensor11199_S" textname="test sensor 11199"/>
			<item id="11200" losttest="1" iotype="AI" name="Sensor11200_S" textname="test sensor 11200"/>
			<item id="11201" losttest="1" iotype="AI" name="Sensor11201_S" textname="test sensor 11201"/>
			<item id="11202" losttest="1" iotype="AI" name="Sensor11202_S" textname="test sensor 11202"/>
			<item id="11203" losttest="1" iotype="AI" name="Sensor11203_S" textname="test sensor 11203"/>
			<item id="11204" losttest="1" iotype="AI" name="Sensor11204_S" textname="test sensor 11204"/>
			<item id="11205" losttest="1" iotype="AI" name="Sensor11205_S" textname="test sensor 11205"/>
			<item id="11206" losttest="1" iotype="AI" name="Sensor11206_S" textname="test sensor 11206"/>
			<item id="11207" losttest="1" iotype="AI" name="Sensor11207_S" textname="test sensor 11207"/>
			<item id="11208" losttest="1" iotype="AI" name="Sensor11208_S" textname="test sensor 11208"/>
			<item id="11209" losttest="1" iotype="AI" name="Sensor11209_S" textname="test sensor 11209"/>
			<item id="11210" losttest="1" iotype="AI" name="Sensor11210_S" textname="test sensor 11210"/>
			<item id="11211" losttest="1" iotype="AI" name="Sensor11211_S" textname="test sensor 11211"/>
			<item id="11212" losttest="1" iotype="AI" name="Sensor11212_S" textname="test sensor 11212"/>
			<item id="11213" losttest="1" iotype="AI" name="Sensor11213_S" textname="test sensor 11213"/>
			<item id="11214" losttest="1" iotype="AI" name="Sensor11214_S" textname="test sensor 11214"/>
			<item id="11215" losttest="1" iotype="AI" name="Sensor11215_S" textname="test sensor 11215"/>
			<item id="11216" losttest="1" iotype="AI" name="Sensor11216_S" textname="test sensor 11216"/>
			<item id="11217" losttest="1" iotype="AI" name="Sensor11217_S" textname="test sensor 11217"/>
			<item id="11218" losttest="1" iotype="AI" name="Sensor11218_S" textname="test sensor 11218"/>
			<item id="11219" losttest="1" iotype="AI" name="Sensor11219_S" textname="test sensor 11219"/>
			<item id="11220" losttest="1" iotype="AI" name="Sensor11220_S" textname="test sensor 11220"/>
			<item id="11221" losttest="1" iotype="AI" name="Sensor11221_S" textname="test sensor 11221"/>
			<item id="11222" losttest="1" iotype="AI" name="Sensor11222_S" textname="test sensor 11222"/>
			<item id="11223" losttest="1" iotype="AI" name="Sensor11223_S" textname="test sensor 11223"/>
			<item id="11224" losttest="1" iotype="AI" name="Sensor11224_S" textname="test sensor 11224"/>
			<item id="11225" losttest="1" iotype="AI" name="Sensor11225_S" textname="test sensor 11225"/>
			<item id="11226" losttest="1" iotype="AI" name="Sensor11226_S" textname="test sensor 11226"/>
			<item id="11227" losttest="1" iotype="AI" name="Sensor11227_S" textname="test sensor 11227"/>
			<item id="11228" losttest="1" iotype="AI" name="Sensor11228_S" textname="test sensor 11228"/>
			<item id="11229" losttest="1" iotype="AI" name="Sensor11229_S" textname="test sensor 11229"/>
			<item id="11230" losttest="1" iotype="AI" name="Sensor11230_S" textname="test sensor 11230"/>
			<item id="11231" losttest="1" iotype="AI" name="Sensor11231_S" textname="test sensor 11231"/>
			<item id="11232" losttest="1" iotype="AI" name="Sensor11232_S" textname="test sensor 11232"/>
			<item id="11233" losttest="1" iotype="AI" name="Sensor11233_S" textname="test sensor 11233"/>
			<item id="11234" losttest="1" iotype="AI" name="Sensor11234_S" textname="test sensor 11234"/>
			<item id="11235" losttest="1" iotype="AI" name="Sensor11235_S" textname="test sensor 11235"/>
			<item id="11236" losttest="1" iotype="AI" name="Sensor11236_S" textname="test sensor 11236"/>
			<item id="11237" losttest="1" iotype="AI" name="Sensor11237_S" textname="test sensor 11237"/>
			<item id="11238" losttest="1" iotype="AI" name="Sensor11238_S" textname="test sensor 11238"/>
			<item id="11239" losttest="1" iotype="AI" name="Sensor11239_S" textname="test sensor 11239"/>
			<item id="11240" losttest="1" iotype="AI" name="Sensor11240_S" textname="test sensor 11240"/>
			<item id="11241" losttest="1" iotype="AI" name="Sensor11241_S" textname="test sensor 11241"/>
			<item id="11242" losttest="1" iotype="AI" name="Sensor11242_S" textname="test sensor 11242"/>
			<item id="11243" losttest="1" iotype="AI" name="Sensor11243_S" textname="test sensor 11243"/>
			<item id="11244" losttest="1" iotype="AI" name="Sensor11244_S" textname="test sensor 11244"/>
			<item id="11245" losttest="1" iotype="AI" name="Sensor11245_S" textname="test sensor 11245"/>
			<item id="11246" losttest="1" iotype="AI" name="Sensor11246_S" textname="test sensor 11246"/>
			<item id="11247" losttest="1" iotype="AI" name="Sensor11247_S" textname="test sensor 11247"/>
			<item id="11248" losttest="1" iotype="AI" name="Sensor11248_S" textname="test sensor 11248"/>
			<item id="11249" losttest="1" iotype="AI" name="Sensor11249_S" textname="test sensor 11249"/>
			<item id="11250" losttest="1" iotype="AI" name="Sensor11250_S" textname="test sensor 11250"/>
			<item id="11251" losttest="1" iotype="AI" name="Sensor11251_S" textname="test sensor 11251"/>
			<item id="11252" losttest="1" iotype="AI" name="Sensor11252_S" textname="test sensor 11252"/>
			<item id="11253" losttest="1" iotype="AI" name="Sensor11253_S" textname="test sensor 11253"/>
			<item id="11254" losttest="1" iotype="AI" name="Sensor11254_S" textname="test sensor 11254"/>
			<item id="11255" losttest="1" iotype="AI" name="Sensor11255_S" textname="test sensor 11255"/>
			<item id="11256" losttest="1" iotype="AI" name="Sensor11256_S" textname="test sensor 11256"/>
			<item id="11257" losttest="1" iotype="AI" name="Sensor11257_S" textname="test sensor 11257"/>
			<item id="11258" losttest="1" iotype="AI" name="Sensor11258_S" textname="test sensor 11258"/>
			<item id="11259" losttest="1" iotype="AI" name="Sensor11259_S" textname="test sensor 11259"/>
			<item id="11260" losttest="1" iotype="AI" name="Sensor11260_S" textname="test sensor 11260"/>
			<item id="11261" losttest="1" iotype="AI" name="Sensor11261_S" textname="test sensor 11261"/>
			<item id="11262" losttest="1" iotype="AI" name="Sensor11262_S" textname="test sensor 11262"/>
			<item id="11263" losttest="1" iotype="AI" name="Sensor11263_S" textname="test sensor 11263"/>
			<item id="11264" losttest="1" iotype="AI" name="Sensor11264_S" textname="test sensor 11264"/>
			<item id="11265" losttest="1" iotype="AI" name="Sensor11265_S" textname="test sensor 11265"/>
			<item id="11266" losttest="1" iotype="AI" name="Sensor11266_S" textname="test sensor 11266"/>
			<item id="11267" losttest="1" iotype="AI" name="Sensor11267_S" textname="test sensor 11267"/>
			<item id="11268" losttest="1" iotype="AI" name="Sensor11268_S" textname="test sensor 11268"/>
			<item id="11269" losttest="1" iotype="AI" name="Sensor11269_S" textname="test sensor 11269"/>
			<item id="11270" losttest="1" iotype="AI" name="Sensor11270_S" textname="test sensor 11270"/>
			<item id="11271" losttest="1" iotype="AI" name="Sensor11271_S" textname="test sensor 11271"/>
			<item id="11272" losttest="1" iotype="AI" name="Sensor11272_S" textname="test sensor 11272"/>
			<item id="11273" losttest="1" iotype="AI" name="Sensor11273_S" textname="test sensor 11273"/>
			<item id="11274" losttest="1" iotype="AI" name="Sensor11274_S" textname="test sensor 11274"/>
			<item id="11275" losttest="1" iotype="AI" name="Sensor11275_S" textname="test sensor 11275"/>
			<item id="11276" losttest="1" iotype="AI" name="Sensor11276_S" textname="test sensor 11276"/>
			<item id="11277" losttest="1" iotype="AI" name="Sensor11277_S" textname="test sensor 11277"/>
			<item id="11278" losttest="1" iotype="AI" name="Sensor11278_S" textname="test sensor 11278"/>
			<item id="11279" losttest="1" iotype="AI" name="Sensor11279_S" textname="test sensor 11279"/>
			<item id="11280" losttest="1" iotype="AI" name="Sensor11280_S" textname="test sensor 11280"/>
			<item id="11281" losttest="1" iotype="AI" name="Sensor11281_S" textname="test sensor 11281"/>
			<item id="11282" losttest="1" iotype="AI" name="Sensor11282_S" textname="test sensor 11282"/>
			<item id="11283" losttest="1" iotype="AI" name="Sensor11283_S" textname="test sensor 11283"/>
			<item id="11284" losttest="1" iotype="AI" name="Sensor11284_S" textname="test sensor 11284"/>
			<item id="11285" losttest="1" iotype="AI" name="Sensor11285_S" textname="test sensor 11285"/>
			<item id="11286" losttest="1" iotype="AI" name="Sensor11286_S" textname="test sensor 11286"/>
			<item id="11287" losttest="1" iotype="AI" name="Sensor11287_S" textname="test sensor 11287"/>
			<item id="11288" losttest="1" iotype="AI" name="Sensor11288_S" textname="test sensor 11288"/>
			<item id="11289" losttest="1" iotype="AI" name="Sensor11289_S" textname="test sensor 11289"/>
			<item id="11290" losttest="1" iotype="AI" name="Sensor11290_S" textname="test sensor 11290"/>
			<item id="11291" losttest="1" iotype="AI" name="Sensor11291_S" textname="test sensor 11291"/>
			<item id="11292" losttest="1" iotype="AI" name="Sensor11292_S" textname="test sensor 11292"/>
			<item id="11293" losttest="1" iotype="AI" name="Sensor11293_S" textname="test sensor 11293"/>
			<item id="11294" losttest="1" iotype="AI" name="Sensor11294_S" textname="test sensor 11294"/>
			<item id="11295" losttest="1" iotype="AI" name="Sensor11295_S" textname="test sensor 11295"/>
			<item id="11296" losttest="1" iotype="AI" name="Sensor11296_S" textname="test sensor 11296"/>
			<item id="11297" losttest="1" iotype="AI" name="Sensor11297_S" textname="test sensor 11297"/>
			<item id="11298" losttest="1" iotype="AI" name="Sensor11298_S" textname="test sensor 11298"/>
			<item id="11299" losttest="1" iotype="AI" name="Sensor11299_S" textname="test sensor 11299"/>
			<item id="11300" losttest="1" iotype="AI" name="Sensor11300_S" textname="test sensor 11300"/>
			<item id="11301" losttest="1" iotype="AI" name="Sensor11301_S" textname="test sensor 11301"/>
			<item id="11302" losttest="1" iotype="AI" name="Sensor11302_S" textname="test sensor 11302"/>
			<item id="11303" losttest="1" iotype="AI" name="Sensor11303_S" textname="test sensor 11303"/>
			<item id="11304" losttest="1" iotype="AI" name="Sensor11304_S" textname="test sensor 11304"/>
			<item id="11305" losttest="1" iotype="AI" name="Sensor11305_S" textname="test sensor 11305"/>
			<item id="11306" losttest="1" iotype="AI" name="Sensor11306_S" textname="test sensor 11306"/>
			<item id="11307" losttest="1" iotype="AI" name="Sensor11307_S" textname="test sensor 11307"/>
			<item id="11308" losttest="1" iotype="AI" name="Sensor11308_S" textname="test sensor 11308"/>
			<item id="11309" losttest="1" iotype="AI" name="Sensor11309_S" textname="test sensor 11309"/>
			<item id="11310" losttest="1" iotype="AI" name="Sensor11310_S" textname="test sensor 11310"/>
			<item id="11311" losttest="1" iotype="AI" name="Sensor11311_S" textname="test sensor 11311"/>
			<item id="11312" losttest="1" iotype="AI" name="Sensor11312_S" textname="test sensor 11312"/>
			<item id="11313" losttest="1" iotype="AI" name="Sensor11313_S" textname="test sensor 11313"/>
			<item id="11314" losttest="1" iotype="AI" name="Sensor11314_S" textname="test sensor 11314"/>
			<item id="11315" losttest="1" iotype="AI" name="Sensor11315_S" textname="test sensor 11315"/>
			<item id="11316" losttest="1" iotype="AI" name="Sensor11316_S" textname="test sensor 11316"/>
			<item id="11317" losttest="1" iotype="AI" name="Sensor11317_S" textname="test sensor 11317"/>
			<item id="11318" losttest="1" iotype="AI" name="Sensor11318_S" textname="test sensor 11318"/>
			<item id="11319" losttest="1" iotype="AI" name="Sensor11319_S" textname="test sensor 11319"/>
			<item id="11320" losttest="1" iotype="AI" name="Sensor11320_S" textname="test sensor 11320"/>
			<item id="11321" losttest="1" iotype="AI" name="Sensor11321_S" textname="test sensor 11321"/>
			<item id="11322" losttest="1" iotype="AI" name="Sensor11322_S" textname="test sensor 11322"/>
			<item id="11323" losttest="1" iotype="AI" name="Sensor11323_S" textname="test sensor 11323"/>
			<item id="11324" losttest="1" iotype="AI" name="Sensor11324_S" textname="test sensor 11324"/>
			<item id="11325" losttest="1" iotype="AI" name="Sensor11325_S" textname="test sensor 11325"/>
			<item id="11326" losttest="1" iotype="AI" name="Sensor11326_S" textname="test sensor 11326"/>
			<item id="11327" losttest="1" iotype="AI" name="Sensor11327_S" textname="test sensor 11327"/>
			<item id="11328" losttest="1" iotype="AI" name="Sensor11328_S" textname="test sensor 11328"/>
			<item id="11329" losttest="1" iotype="AI" name="Sensor11329_S" textname="test sensor 11329"/>
			<item id="11330" losttest="1" iotype="AI" name="Sensor11330_S" textname="test sensor 11330"/>
			<item id="11331" losttest="1" iotype="AI" name="Sensor11331_S" textname="test sensor 11331"/>
			<item id="11332" losttest="1" iotype="AI" name="Sensor11332_S" textname="test sensor 11332"/>
			<item id="11333" losttest="1" iotype="AI" name="Sensor11333_S" textname="test sensor 11333"/>
			<item id="11334" losttest="1" iotype="AI" name="Sensor11334_S" textname="test sensor 11334"/>
			<item id="11335" losttest="1" iotype="AI" name="Sensor11335_S" textname="test sensor 11335"/>
			<item id="11336" losttest="1" iotype="AI" name="Sensor11336_S" textname="test sensor 11336"/>
			<item id="11337" losttest="1" iotype="AI" name="Sensor11337_S" textname="test sensor 11337"/>
			<item id="11338" losttest="1" iotype="AI" name="Sensor11338_S" textname="test sensor 11338"/>
			<item id="11339" losttest="1" iotype="AI" name="Sensor11339_S" textname="test sensor 11339"/>
			<item id="11340" losttest="1" iotype="AI" name="Sensor11340_S" textname="test sensor 11340"/>
			<item id="11341" losttest="1" iotype="AI" name="Sensor11341_S" textname="test sensor 11341"/>
			<item id="11342" losttest="1" iotype="AI" name="Sensor11342_S" textname="test sensor 11342"/>
			<item id="11343" losttest="1" iotype="AI" name="Sensor11343_S" textname="test sensor 11343"/>
			<item id="11344" losttest="1" iotype="AI" name="Sensor11344_S" textname="test sensor 11344"/>
			<item id="11345" losttest="1" iotype="AI" name="Sensor11345_S" textname="test sensor 11345"/>
			<item id="11346" losttest="1" iotype="AI" name="Sensor11346_S" textname="test sensor 11346"/>
			<item id="11347" losttest="1" iotype="AI" name="Sensor11347_S" textname="test sensor 11347"/>
			<item id="11348" losttest="1" iotype="AI" name="Sensor11348_S" textname="test sensor 11348"/>
			<item id="11349" losttest="1" iotype="AI" name="Sensor11349_S" textname="test sensor 11349"/>
			<item id="11350" losttest="1" iotype="AI" name="Sensor11350_S" textname="test sensor 11350"/>
			<item id="11351" losttest="1" iotype="AI" name="Sensor11351_S" textname="test sensor 11351"/>
			<item id="11352" losttest="1" iotype="AI" name="Sensor11352_S" textname="test sensor 11352"/>
			<item id="11353" losttest="1" iotype="AI" name="Sensor11353_S" textname="test sensor 11353"/>
			<item id="11354" losttest="1" iotype="AI" name="Sensor11354_S" textname="test sensor 11354"/>
			<item id="11355" losttest="1" iotype="AI" name="Sensor11355_S" textname="test sensor 11355"/>
			<item id="11356" losttest="1" iotype="AI" name="Sensor11356_S" textname="test sensor 11356"/>
			<item id="11357" losttest="1" iotype="AI" name="Sensor11357_S" textname="test sensor 11357"/>
			<item id="11358" losttest="1" iotype="AI" name="Sensor11358_S" textname="test sensor 11358"/>
			<item id="11359" losttest="1" iotype="AI" name="Sensor11359_S" textname="test sensor 11359"/>
			<item id="11360" losttest="1" iotype="AI" name="Sensor11360_S" textname="test sensor 11360"/>
			<item id="11361" losttest="1" iotype="AI" name="Sensor11361_S" textname="test sensor 11361"/>
			<item id="11362" losttest="1" iotype="AI" name="Sensor11362_S" textname="test sensor 11362"/>
			<item id="11363" losttest="1" iotype="AI" name="Sensor11363_S" textname="test sensor 11363"/>
			<item id="11364" losttest="1" iotype="AI" name="Sensor11364_S" textname="test sensor 11364"/>
			<item id="11365" losttest="1" iotype="AI" name="Sensor11365_S" textname="test sensor 11365"/>
			<item id="11366" losttest="1" iotype="AI" name="Sensor11366_S" textname="test sensor 11366"/>
			<item id="11367" losttest="1" iotype="AI" name="Sensor11367_S" textname="test sensor 11367"/>
			<item id="11368" losttest="1" iotype="AI" name="Sensor11368_S" textname="test sensor 11368"/>
			<item id="11369" losttest="1" iotype="AI" name="Sensor11369_S" textname="test sensor 11369"/>
			<item id="11370" losttest="1" iotype="AI" name="Sensor11370_S" textname="test sensor 11370"/>
			<item id="11371" losttest="1" iotype="AI" name="Sensor11371_S" textname="test sensor 11371"/>
			<item id="11372" losttest="1" iotype="AI" name="Sensor11372_S" textname="test sensor 11372"/>
			<item id="11373" losttest="1" iotype="AI" name="Sensor11373_S" textname="test sensor 11373"/>
			<item id="11374" losttest="1" iotype="AI" name="Sensor11374_S" textname="test sensor 11374"/>
			<item id="11375" losttest="1" iotype="AI" name="Sensor11375_S" textname="test sensor 11375"/>
			<item id="11376" losttest="1" iotype="AI" name="Sensor11376_S" textname="test sensor 11376"/>
			<item id="11377" losttest="1" iotype="AI" name="Sensor11377_S" textname="test sensor 11377"/>
			<item id="11378" losttest="1" iotype="AI" name="Sensor11378_S" textname="test sensor 11378"/>
			<item id="11379" losttest="1" iotype="AI" name="Sensor11379_S" textname="test sensor 11379"/>
			<item id="11380" losttest="1" iotype="AI" name="Sensor11380_S" textname="test sensor 11380"/>
			<item id="11381" losttest="1" iotype="AI" name="Sensor11381_S" textname="test sensor 11381"/>
			<item id="11382" losttest="1" iotype="AI" name="Sensor11382_S" textname="test sensor 11382"/>
			<item id="11383" losttest="1" iotype="AI" name="Sensor11383_S" textname="test sensor 11383"/>
			<item id="11384" losttest="1" iotype="AI" name="Sensor11384_S" textname="test sensor 11384"/>
			<item id="11385" losttest="1" iotype="AI" name="Sensor11385_S" textname="test sensor 11385"/>
			<item id="11386" losttest="1" iotype="AI" name="Sensor11386_S" textname="test sensor 11386"/>
			<item id="11387" losttest="1" iotype="AI" name="Sensor11387_S" textname="test sensor 11387"/>
			<item id="11388" losttest="1" iotype="AI" name="Sensor11388_S" textname="test sensor 11388"/>
			<item id="11389" losttest="1" iotype="AI" name="Sensor11389_S" textname="test sensor 11389"/>
			<item id="11390" losttest="1" iotype="AI" name="Sensor11390_S" textname="test sensor 11390"/>
			<item id="11391" losttest="1" iotype="AI" name="Sensor11391_S" textname="test sensor 11391"/>
			<item id="11392" losttest="1" iotype="AI" name="Sensor11392_S" textname="test sensor 11392"/>
			<item id="11393" losttest="1" iotype="AI" name="Sensor11393_S" textname="test sensor 11393"/>
			<item id="11394" losttest="1" iotype="AI" name="Sensor11394_S" textname="test sensor 11394"/>
			<item id="11395" losttest="1" iotype="AI" name="Sensor11395_S" textname="test sensor 11395"/>
			<item id="11396" losttest="1" iotype="AI" name="Sensor11396_S" textname="test sensor 11396"/>
			<item id="11397" losttest="1" iotype="AI" name="Sensor11397_S" textname="test sensor 11397"/>
			<item id="11398" losttest="1" iotype="AI" name="Sensor11398_S" textname="test sensor 11398"/>
			<item id="11399" losttest="1" iotype="AI" name="Sensor11399_S" textname="test sensor 11399"/>
			<item id="11400" losttest="1" iotype="AI" name="Sensor11400_S" textname="test sensor 11400"/>
			<item id="11401" losttest="1" iotype="AI" name="Sensor11401_S" textname="test sensor 11401"/>
			<item id="11402" losttest="1" iotype="AI" name="Sensor11402_S" textname="test sensor 11402"/>
			<item id="11403" losttest="1" iotype="AI" name="Sensor11403_S" textname="test sensor 11403"/>
			<item id="11404" losttest="1" iotype="AI" name="Sensor11404_S" textname="test sensor 11404"/>
			<item id="11405" losttest="1" iotype="AI" name="Sensor11405_S" textname="test sensor 11405"/>
			<item id="11406" losttest="1" iotype="AI" name="Sensor11406_S" textname="test sensor 11406"/>
			<item id="11407" losttest="1" iotype="AI" name="Sensor11407_S" textname="test sensor 11407"/>
			<item id="11408" losttest="1" iotype="AI" name="Sensor11408_S" textname="test sensor 11408"/>
			<item id="11409" losttest="1" iotype="AI" name="Sensor11409_S" textname="test sensor 11409"/>
			<item id="11410" losttest="1" iotype="AI" name="Sensor11410_S" textname="test sensor 11410"/>
			<item id="11411" losttest="1" iotype="AI" name="Sensor11411_S" textname="test sensor 11411"/>
			<item id="11412" losttest="1" iotype="AI" name="Sensor11412_S" textname="test sensor 11412"/>
			<item id="11413" losttest="1" iotype="AI" name="Sensor11413_S" textname="test sensor 11413"/>
			<item id="11414" losttest="1" iotype="AI" name="Sensor11414_S" textname="test sensor 11414"/>
			<item id="11415" losttest="1" iotype="AI" name="Sensor11415_S" textname="test sensor 11415"/>
			<item id="11416" losttest="1" iotype="AI" name="Sensor11416_S" textname="test sensor 11416"/>
			<item id="11417" losttest="1" iotype="AI" name="Sensor11417_S" textname="test sensor 11417"/>
			<item id="11418" losttest="1" iotype="AI" name="Sensor11418_S" textname="test sensor 11418"/>
			<item id="11419" losttest="1" iotype="AI" name="Sensor11419_S" textname="test sensor 11419"/>
			<item id="11420" losttest="1" iotype="AI" name="Sensor11420_S" textname="test sensor 11420"/>
			<item id="11421" losttest="1" iotype="AI" name="Sensor11421_S" textname="test sensor 11421"/>
			<item id="11422" losttest="1" iotype="AI" name="Sensor11422_S" textname="test sensor 11422"/>
			<item id="11423" losttest="1" iotype="AI" name="Sensor11423_S" textname="test sensor 11423"/>
			<item id="11424" losttest="1" iotype="AI" name="Sensor11424_S" textname="test sensor 11424"/>
			<item id="11425" losttest="1" iotype="AI" name="Sensor11425_S" textname="test sensor 11425"/>
			<item id="11426" losttest="1" iotype="AI" name="Sensor11426_S" textname="test sensor 11426"/>
			<item id="11427" losttest="1" iotype="AI" name="Sensor11427_S" textname="test sensor 11427"/>
			<item id="11428" losttest="1" iotype="AI" name="Sensor11428_S" textname="test sensor 11428"/>
			<item id="11429" losttest="1" iotype="AI" name="Sensor11429_S" textname="test sensor 11429"/>
			<item id="11430" losttest="1" iotype="AI" name="Sensor11430_S" textname="test sensor 11430"/>
			<item id="11431" losttest="1" iotype="AI" name="Sensor11431_S" textname="test sensor 11431"/>
			<item id="11432" losttest="1" iotype="AI" name="Sensor11432_S" textname="test sensor 11432"/>
			<item id="11433" losttest="1" iotype="AI" name="Sensor11433_S" textname="test sensor 11433"/>
			<item id="11434" losttest="1" iotype="AI" name="Sensor11434_S" textname="test sensor 11434"/>
			<item id="11435" losttest="1" iotype="AI" name="Sensor11435_S" textname="test sensor 11435"/>
			<item id="11436" losttest="1" iotype="AI" name="Sensor11436_S" textname="test sensor 11436"/>
			<item id="11437" losttest="1" iotype="AI" name="Sensor11437_S" textname="test sensor 11437"/>
			<item id="11438" losttest="1" iotype="AI" name="Sensor11438_S" textname="test sensor 11438"/>
			<item id="11439" losttest="1" iotype="AI" name="Sensor11439_S" textname="test sensor 11439"/>
			<item id="11440" losttest="1" iotype="AI" name="Sensor11440_S" textname="test sensor 11440"/>
			<item id="11441" losttest="1" iotype="AI" name="Sensor11441_S" textname="test sensor 11441"/>
			<item id="11442" losttest="1" iotype="AI" name="Sensor11442_S" textname="test sensor 11442"/>
			<item id="11443" losttest="1" iotype="AI" name="Sensor11443_S" textname="test sensor 11443"/>
			<item id="11444" losttest="1" iotype="AI" name="Sensor11444_S" textname="test sensor 11444"/>
			<item id="11445" losttest="1" iotype="AI" name="Sensor11445_S" textname="test sensor 11445"/>
			<item id="11446" losttest="1" iotype="AI" name="Sensor11446_S" textname="test sensor 11446"/>
			<item id="11447" losttest="1" iotype="AI" name="Sensor11447_S" textname="test sensor 11447"/>
			<item id="11448" losttest="1" iotype="AI" name="Sensor11448_S" textname="test sensor 11448"/>
			<item id="11449" losttest="1" iotype="AI" name="Sensor11449_S" textname="test sensor 11449"/>
			<item id="11450" losttest="1" iotype="AI" name="Sensor11450_S" textname="test sensor 11450"/>
			<item id="11451" losttest="1" iotype="AI" name="Sensor11451_S" textname="test sensor 11451"/>
			<item id="11452" losttest="1" iotype="AI" name="Sensor11452_S" textname="test sensor 11452"/>
			<item id="11453" losttest="1" iotype="AI" name="Sensor11453_S" textname="test sensor 11453"/>
			<item id="11454" losttest="1" iotype="AI" name="Sensor11454_S" textname="test sensor 11454"/>
			<item id="11455" losttest="1" iotype="AI" name="Sensor11455_S" textname="test sensor 11455"/>
			<item id="11456" losttest="1" iotype="AI" name="Sensor11456_S" textname="test sensor 11456"/>
			<item id="11457" losttest="1" iotype="AI" name="Sensor11457_S" textname="test sensor 11457"/>
			<item id="11458" losttest="1" iotype="AI" name="Sensor11458_S" textname="test sensor 11458"/>
			<item id="11459" losttest="1" iotype="AI" name="Sensor11459_S" textname="test sensor 11459"/>
			<item id="11460" losttest="1" iotype="AI" name="Sensor11460_S" textname="test sensor 11460"/>
			<item id="11461" losttest="1" iotype="AI" name="Sensor11461_S" textname="test sensor 11461"/>
			<item id="11462" losttest="1" iotype="AI" name="Sensor11462_S" textname="test sensor 11462"/>
			<item id="11463" losttest="1" iotype="AI" name="Sensor11463_S" textname="test sensor 11463"/>
			<item id="11464" losttest="1" iotype="AI" name="Sensor11464_S" textname="test sensor 11464"/>
			<item id="11465" losttest="1" iotype="AI" name="Sensor11465_S" textname="test sensor 11465"/>
			<item id="11466" losttest="1" iotype="AI" name="Sensor11466_S" textname="test sensor 11466"/>
			<item id="11467" losttest="1" iotype="AI" name="Sensor11467_S" textname="test sensor 11467"/>
			<item id="11468" losttest="1" iotype="AI" name="Sensor11468_S" textname="test sensor 11468"/>
			<item id="11469" losttest="1" iotype="AI" name="Sensor11469_S" textname="test sensor 11469"/>
			<item id="11470" losttest="1" iotype="AI" name="Sensor11470_S" textname="test sensor 11470"/>
			<item id="11471" losttest="1" iotype="AI" name="Sensor11471_S" textname="test sensor 11471"/>
			<item id="11472" losttest="1" iotype="AI" name="Sensor11472_S" textname="test sensor 11472"/>
			<item id="11473" losttest="1" iotype="AI" name="Sensor11473_S" textname="test sensor 11473"/>
			<item id="11474" losttest="1" iotype="AI" name="Sensor11474_S" textname="test sensor 11474"/>
			<item id="11475" losttest="1" iotype="AI" name="Sensor11475_S" textname="test sensor 11475"/>
			<item id="11476" losttest="1" iotype="AI" name="Sensor11476_S" textname="test sensor 11476"/>
			<item id="11477" losttest="1" iotype="AI" name="Sensor11477_S" textname="test sensor 11477"/>
			<item id="11478" losttest="1" iotype="AI" name="Sensor11478_S" textname="test sensor 11478"/>
			<item id="11479" losttest="1" iotype="AI" name="Sensor11479_S" textname="test sensor 11479"/>
			<item id="11480" losttest="1" iotype="AI" name="Sensor11480_S" textname="test sensor 11480"/>
			<item id="11481" losttest="1" iotype="AI" name="Sensor11481_S" textname="test sensor 11481"/>
			<item id="11482" losttest="1" iotype="AI" name="Sensor11482_S" textname="test sensor 11482"/>
			<item id="11483" losttest="1" iotype="AI" name="Sensor11483_S" textname="test sensor 11483"/>
			<item id="11484" losttest="1" iotype="AI" name="Sensor11484_S" textname="test sensor 11484"/>
			<item id="11485" losttest="1" iotype="AI" name="Sensor11485_S" textname="test sensor 11485"/>
			<item id="11486" losttest="1" iotype="AI" name="Sensor11486_S" textname="test sensor 11486"/>
			<item id="11487" losttest="1" iotype="AI" name="Sensor11487_S" textname="test sensor 11487"/>
			<item id="11488" losttest="1" iotype="AI" name="Sensor11488_S" textname="test sensor 11488"/>
			<item id="11489" losttest="1" iotype="AI" name="Sensor11489_S" textname="test sensor 11489"/>
			<item id="11490" losttest="1" iotype="AI" name="Sensor11490_S" textname="test sensor 11490"/>
			<item id="11491" losttest="1" iotype="AI" name="Sensor11491_S" textname="test sensor 11491"/>
			<item id="11492" losttest="1" iotype="AI" name="Sensor11492_S" textname="test sensor 11492"/>
			<item id="11493" losttest="1" iotype="AI" name="Sensor11493_S" textname="test sensor 11493"/>
			<item id="11494" losttest="1" iotype="AI" name="Sensor11494_S" textname="test sensor 11494"/>
			<item id="11495" losttest="1" iotype="AI" name="Sensor11495_S" textname="test sensor 11495"/>
			<item id="11496" losttest="1" iotype="AI" name="Sensor11496_S" textname="test sensor 11496"/>
			<item id="11497" losttest="1" iotype="AI" name="Sensor11497_S" textname="test sensor 11497"/>
			<item id="11498" losttest="1" iotype="AI" name="Sensor11498_S" textname="test sensor 11498"/>
			<item id="11499" losttest="1" iotype="AI" name="Sensor11499_S" textname="test sensor 11499"/>
			<item id="11500" losttest="1" iotype="AI" name="Sensor11500_S" textname="test sensor 11500"/>
			<item id="11501" losttest="1" iotype="AI" name="Sensor11501_S" textname="test sensor 11501"/>
			<item id="11502" losttest="1" iotype="AI" name="Sensor11502_S" textname="test sensor 11502"/>
			<item id="11503" losttest="1" iotype="AI" name="Sensor11503_S" textname="test sensor 11503"/>
			<item id="11504" losttest="1" iotype="AI" name="Sensor11504_S" textname="test sensor 11504"/>
			<item id="11505" losttest="1" iotype="AI" name="Sensor11505_S" textname="test sensor 11505"/>
			<item id="11506" losttest="1" iotype="AI" name="Sensor11506_S" textname="test sensor 11506"/>
			<item id="11507" losttest="1" iotype="AI" name="Sensor11507_S" textname="test sensor 11507"/>
			<item id="11508" losttest="1" iotype="AI" name="Sensor11508_S" textname="test sensor 11508"/>
			<item id="11509" losttest="1" iotype="AI" name="Sensor11509_S" textname="test sensor 11509"/>
			<item id="11510" losttest="1" iotype="AI" name="Sensor11510_S" textname="test sensor 11510"/>
			<item id="11511" losttest="1" iotype="AI" name="Sensor11511_S" textname="test sensor 11511"/>
			<item id="11512" losttest="1" iotype="AI" name="Sensor11512_S" textname="test sensor 11512"/>
			<item id="11513" losttest="1" iotype="AI" name="Sensor11513_S" textname="test sensor 11513"/>
			<item id="11514" losttest="1" iotype="AI" name="Sensor11514_S" textname="test sensor 11514"/>
			<item id="11515" losttest="1" iotype="AI" name="Sensor11515_S" textname="test sensor 11515"/>
			<item id="11516" losttest="1" iotype="AI" name="Sensor11516_S" textname="test sensor 11516"/>
			<item id="11517" losttest="1" iotype="AI" name="Sensor11517_S" textname="test sensor 11517"/>
			<item id="11518" losttest="1" iotype="AI" name="Sensor11518_S" textname="test sensor 11518"/>
			<item id="11519" losttest="1" iotype="AI" name="Sensor11519_S" textname="test sensor 11519"/>
			<item id="11520" losttest="1" iotype="AI" name="Sensor11520_S" textname="test sensor 11520"/>
			<item id="11521" losttest="1" iotype="AI" name="Sensor11521_S" textname="test sensor 11521"/>
			<item id="11522" losttest="1" iotype="AI" name="Sensor11522_S" textname="test sensor 11522"/>
			<item id="11523" losttest="1" iotype="AI" name="Sensor11523_S" textname="test sensor 11523"/>
			<item id="11524" losttest="1" iotype="AI" name="Sensor11524_S" textname="test sensor 11524"/>
			<item id="11525" losttest="1" iotype="AI" name="Sensor11525_S" textname="test sensor 11525"/>
			<item id="11526" losttest="1" iotype="AI" name="Sensor11526_S" textname="test sensor 11526"/>
			<item id="11527" losttest="1" iotype="AI" name="Sensor11527_S" textname="test sensor 11527"/>
			<item id="11528" losttest="1" iotype="AI" name="Sensor11528_S" textname="test sensor 11528"/>
			<item id="11529" losttest="1" iotype="AI" name="Sensor11529_S" textname="test sensor 11529"/>
			<item id="11530" losttest="1" iotype="AI" name="Sensor11530_S" textname="test sensor 11530"/>
			<item id="11531" losttest="1" iotype="AI" name="Sensor11531_S" textname="test sensor 11531"/>
			<item id="11532" losttest="1" iotype="AI" name="Sensor11532_S" textname="test sensor 11532"/>
			<item id="11533" losttest="1" iotype="AI" name="Sensor11533_S" textname="test sensor 11533"/>
			<item id="11534" losttest="1" iotype="AI" name="Sensor11534_S" textname="test sensor 11534"/>
			<item id="11535" losttest="1" iotype="AI" name="Sensor11535_S" textname="test sensor 11535"/>
			<item id="11536" losttest="1" iotype="AI" name="Sensor11536_S" textname="test sensor 11536"/>
			<item id="11537" losttest="1" iotype="AI" name="Sensor11537_S" textname="test sensor 11537"/>
			<item id="11538" losttest="1" iotype="AI" name="Sensor11538_S" textname="test sensor 11538"/>
			<item id="11539" losttest="1" iotype="AI" name="Sensor11539_S" textname="test sensor 11539"/>
			<item id="11540" losttest="1" iotype="AI" name="Sensor11540_S" textname="test sensor 11540"/>
			<item id="11541" losttest="1" iotype="AI" name="Sensor11541_S" textname="test sensor 11541"/>
			<item id="11542" losttest="1" iotype="AI" name="Sensor11542_S" textname="test sensor 11542"/>
			<item id="11543" losttest="1" iotype="AI" name="Sensor11543_S" textname="test sensor 11543"/>
			<item id="11544" losttest="1" iotype="AI" name="Sensor11544_S" textname="test sensor 11544"/>
			<item id="11545" losttest="1" iotype="AI" name="Sensor11545_S" textname="test sensor 11545"/>
			<item id="11546" losttest="1" iotype="AI" name="Sensor11546_S" textname="test sensor 11546"/>
			<item id="11547" losttest="1" iotype="AI" name="Sensor11547_S" textname="test sensor 11547"/>
			<item id="11548" losttest="1" iotype="AI" name="Sensor11548_S" textname="test sensor 11548"/>
			<item id="11549" losttest="1" iotype="AI" name="Sensor11549_S" textname="test sensor 11549"/>
			<item id="11550" losttest="1" iotype="AI" name="Sensor11550_S" textname="test sensor 11550"/>
			<item id="11551" losttest="1" iotype="AI" name="Sensor11551_S" textname="test sensor 11551"/>
			<item id="11552" losttest="1" iotype="AI" name="Sensor11552_S" textname="test sensor 11552"/>
			<item id="11553" losttest="1" iotype="AI" name="Sensor11553_S" textname="test sensor 11553"/>
			<item id="11554" losttest="1" iotype="AI" name="Sensor11554_S" textname="test sensor 11554"/>
			<item id="11555" losttest="1" iotype="AI" name="Sensor11555_S" textname="test sensor 11555"/>
			<item id="11556" losttest="1" iotype="AI" name="Sensor11556_S" textname="test sensor 11556"/>
			<item id="11557" losttest="1" iotype="AI" name="Sensor11557_S" textname="test sensor 11557"/>
			<item id="11558" losttest="1" iotype="AI" name="Sensor11558_S" textname="test sensor 11558"/>
			<item id="11559" losttest="1" iotype="AI" name="Sensor11559_S" textname="test sensor 11559"/>
			<item id="11560" losttest="1" iotype="AI" name="Sensor11560_S" textname="test sensor 11560"/>
			<item id="11561" losttest="1" iotype="AI" name="Sensor11561_S" textname="test sensor 11561"/>
			<item id="11562" losttest="1" iotype="AI" name="Sensor11562_S" textname="test sensor 11562"/>
			<item id="11563" losttest="1" iotype="AI" name="Sensor11563_S" textname="test sensor 11563"/>
			<item id="11564" losttest="1" iotype="AI" name="Sensor11564_S" textname="test sensor 11564"/>
			<item id="11565" losttest="1" iotype="AI" name="Sensor11565_S" textname="test sensor 11565"/>
			<item id="11566" losttest="1" iotype="AI" name="Sensor11566_S" textname="test sensor 11566"/>
			<item id="11567" losttest="1" iotype="AI" name="Sensor11567_S" textname="test sensor 11567"/>
			<item id="11568" losttest="1" iotype="AI" name="Sensor11568_S" textname="test sensor 11568"/>
			<item id="11569" losttest="1" iotype="AI" name="Sensor11569_S" textname="test sensor 11569"/>
			<item id="11570" losttest="1" iotype="AI" name="Sensor11570_S" textname="test sensor 11570"/>
			<item id="11571" losttest="1" iotype="AI" name="Sensor11571_S" textname="test sensor 11571"/>
			<item id="11572" losttest="1" iotype="AI" name="Sensor11572_S" textname="test sensor 11572"/>
			<item id="11573" losttest="1" iotype="AI" name="Sensor11573_S" textname="test sensor 11573"/>
			<item id="11574" losttest="1" iotype="AI" name="Sensor11574_S" textname="test sensor 11574"/>
			<item id="11575" losttest="1" iotype="AI" name="Sensor11575_S" textname="test sensor 11575"/>
			<item id="11576" losttest="1" iotype="AI" name="Sensor11576_S" textname="test sensor 11576"/>
			<item id="11577" losttest="1" iotype="AI" name="Sensor11577_S" textname="test sensor 11577"/>
			<item id="11578" losttest="1" iotype="AI" name="Sensor11578_S" textname="test sensor 11578"/>
			<item id="11579" losttest="1" iotype="AI" name="Sensor11579_S" textname="test sensor 11579"/>
			<item id="11580" losttest="1" iotype="AI" name="Sensor11580_S" textname="test sensor 11580"/>
			<item id="11581" losttest="1" iotype="AI" name="Sensor11581_S" textname="test sensor 11581"/>
			<item id="11582" losttest="1" iotype="AI" name="Sensor11582_S" textname="test sensor 11582"/>
			<item id="11583" losttest="1" iotype="AI" name="Sensor11583_S" textname="test sensor 11583"/>
			<item id="11584" losttest="1" iotype="AI" name="Sensor11584_S" textname="test sensor 11584"/>
			<item id="11585" losttest="1" iotype="AI" name="Sensor11585_S" textname="test sensor 11585"/>
			<item id="11586" losttest="1" iotype="AI" name="Sensor11586_S" textname="test sensor 11586"/>
			<item id="11587" losttest="1" iotype="AI" name="Sensor11587_S" textname="test sensor 11587"/>
			<item id="11588" losttest="1" iotype="AI" name="Sensor11588_S" textname="test sensor 11588"/>
			<item id="11589" losttest="1" iotype="AI" name="Sensor11589_S" textname="test sensor 11589"/>
			<item id="11590" losttest="1" iotype="AI" name="Sensor11590_S" textname="test sensor 11590"/>
			<item id="11591" losttest="1" iotype="AI" name="Sensor11591_S" textname="test sensor 11591"/>
			<item id="11592" losttest="1" iotype="AI" name="Sensor11592_S" textname="test sensor 11592"/>
			<item id="11593" losttest="1" iotype="AI" name="Sensor11593_S" textname="test sensor 11593"/>
			<item id="11594" losttest="1" iotype="AI" name="Sensor11594_S" textname="test sensor 11594"/>
			<item id="11595" losttest="1" iotype="AI" name="Sensor11595_S" textname="test sensor 11595"/>
			<item id="11596" losttest="1" iotype="AI" name="Sensor11596_S" textname="test sensor 11596"/>
			<item id="11597" losttest="1" iotype="AI" name="Sensor11597_S" textname="test sensor 11597"/>
			<item id="11598" losttest="1" iotype="AI" name="Sensor11598_S" textname="test sensor 11598"/>
			<item id="11599" losttest="1" iotype="AI" name="Sensor11599_S" textname="test sensor 11599"/>
			<item id="11600" losttest="1" iotype="AI" name="Sensor11600_S" textname="test sensor 11600"/>
			<item id="11601" losttest="1" iotype="AI" name="Sensor11601_S" textname="test sensor 11601"/>
			<item id="11602" losttest="1" iotype="AI" name="Sensor11602_S" textname="test sensor 11602"/>
			<item id="11603" losttest="1" iotype="AI" name="Sensor11603_S" textname="test sensor 11603"/>
			<item id="11604" losttest="1" iotype="AI" name="Sensor11604_S" textname="test sensor 11604"/>
			<item id="11605" losttest="1" iotype="AI" name="Sensor11605_S" textname="test sensor 11605"/>
			<item id="11606" losttest="1" iotype="AI" name="Sensor11606_S" textname="test sensor 11606"/>
			<item id="11607" losttest="1" iotype="AI" name="Sensor11607_S" textname="test sensor 11607"/>
			<item id="11608" losttest="1" iotype="AI" name="Sensor11608_S" textname="test sensor 11608"/>
			<item id="11609" losttest="1" iotype="AI" name="Sensor11609_S" textname="test sensor 11609"/>
			<item id="11610" losttest="1" iotype="AI" name="Sensor11610_S" textname="test sensor 11610"/>
			<item id="11611" losttest="1" iotype="AI" name="Sensor11611_S" textname="test sensor 11611"/>
			<item id="11612" losttest="1" iotype="AI" name="Sensor11612_S" textname="test sensor 11612"/>
			<item id="11613" losttest="1" iotype="AI" name="Sensor11613_S" textname="test sensor 11613"/>
			<item id="11614" losttest="1" iotype="AI" name="Sensor11614_S" textname="test sensor 11614"/>
			<item id="11615" losttest="1" iotype="AI" name="Sensor11615_S" textname="test sensor 11615"/>
			<item id="11616" losttest="1" iotype="AI" name="Sensor11616_S" textname="test sensor 11616"/>
			<item id="11617" losttest="1" iotype="AI" name="Sensor11617_S" textname="test sensor 11617"/>
			<item id="11618" losttest="1" iotype="AI" name="Sensor11618_S" textname="test sensor 11618"/>
			<item id="11619" losttest="1" iotype="AI" name="Sensor11619_S" textname="test sensor 11619"/>
			<item id="11620" losttest="1" iotype="AI" name="Sensor11620_S" textname="test sensor 11620"/>
			<item id="11621" losttest="1" iotype="AI" name="Sensor11621_S" textname="test sensor 11621"/>
			<item id="11622" losttest="1" iotype="AI" name="Sensor11622_S" textname="test sensor 11622"/>
			<item id="11623" losttest="1" iotype="AI" name="Sensor11623_S" textname="test sensor 11623"/>
			<item id="11624" losttest="1" iotype="AI" name="Sensor11624_S" textname="test sensor 11624"/>
			<item id="11625" losttest="1" iotype="AI" name="Sensor11625_S" textname="test sensor 11625"/>
			<item id="11626" losttest="1" iotype="AI" name="Sensor11626_S" textname="test sensor 11626"/>
			<item id="11627" losttest="1" iotype="AI" name="Sensor11627_S" textname="test sensor 11627"/>
			<item id="11628" losttest="1" iotype="AI" name="Sensor11628_S" textname="test sensor 11628"/>
			<item id="11629" losttest="1" iotype="AI" name="Sensor11629_S" textname="test sensor 11629"/>
			<item id="11630" losttest="1" iotype="AI" name="Sensor11630_S" textname="test sensor 11630"/>
			<item id="11631" losttest="1" iotype="AI" name="Sensor11631_S" textname="test sensor 11631"/>
			<item id="11632" losttest="1" iotype="AI" name="Sensor11632_S" textname="test sensor 11632"/>
			<item id="11633" losttest="1" iotype="AI" name="Sensor11633_S" textname="test sensor 11633"/>
			<item id="11634" losttest="1" iotype="AI" name="Sensor11634_S" textname="test sensor 11634"/>
			<item id="11635" losttest="1" iotype="AI" name="Sensor11635_S" textname="test sensor 11635"/>
			<item id="11636" losttest="1" iotype="AI" name="Sensor11636_S" textname="test sensor 11636"/>
			<item id="11637" losttest="1" iotype="AI" name="Sensor11637_S" textname="test sensor 11637"/>
			<item id="11638" losttest="1" iotype="AI" name="Sensor11638_S" textname="test sensor 11638"/>
			<item id="11639" losttest="1" iotype="AI" name="Sensor11639_S" textname="test sensor 11639"/>
			<item id="11640" losttest="1" iotype="AI" name="Sensor11640_S" textname="test sensor 11640"/>
			<item id="11641" losttest="1" iotype="AI" name="Sensor11641_S" textname="test sensor 11641"/>
			<item id="11642" losttest="1" iotype="AI" name="Sensor11642_S" textname="test sensor 11642"/>
			<item id="11643" losttest="1" iotype="AI" name="Sensor11643_S" textname="test sensor 11643"/>
			<item id="11644" losttest="1" iotype="AI" name="Sensor11644_S" textname="test sensor 11644"/>
			<item id="11645" losttest="1" iotype="AI" name="Sensor11645_S" textname="test sensor 11645"/>
			<item id="11646" losttest="1" iotype="AI" name="Sensor11646_S" textname="test sensor 11646"/>
			<item id="11647" losttest="1" iotype="AI" name="Sensor11647_S" textname="test sensor 11647"/>
			<item id="11648" losttest="1" iotype="AI" name="Sensor11648_S" textname="test sensor 11648"/>
			<item id="11649" losttest="1" iotype="AI" name="Sensor11649_S" textname="test sensor 11649"/>
			<item id="11650" losttest="1" iotype="AI" name="Sensor11650_S" textname="test sensor 11650"/>
			<item id="11651" losttest="1" iotype="AI" name="Sensor11651_S" textname="test sensor 11651"/>
			<item id="11652" losttest="1" iotype="AI" name="Sensor11652_S" textname="test sensor 11652"/>
			<item id="11653" losttest="1" iotype="AI" name="Sensor11653_S" textname="test sensor 11653"/>
			<item id="11654" losttest="1" iotype="AI" name="Sensor11654_S" textname="test sensor 11654"/>
			<item id="11655" losttest="1" iotype="AI" name="Sensor11655_S" textname="test sensor 11655"/>
			<item id="11656" losttest="1" iotype="AI" name="Sensor11656_S" textname="test sensor 11656"/>
			<item id="11657" losttest="1" iotype="AI" name="Sensor11657_S" textname="test sensor 11657"/>
			<item id="11658" losttest="1" iotype="AI" name="Sensor11658_S" textname="test sensor 11658"/>
			<item id="11659" losttest="1" iotype="AI" name="Sensor11659_S" textname="test sensor 11659"/>
			<item id="11660" losttest="1" iotype="AI" name="Sensor11660_S" textname="test sensor 11660"/>
			<item id="11661" losttest="1" iotype="AI" name="Sensor11661_S" textname="test sensor 11661"/>
			<item id="11662" losttest="1" iotype="AI" name="Sensor11662_S" textname="test sensor 11662"/>
			<item id="11663" losttest="1" iotype="AI" name="Sensor11663_S" textname="test sensor 11663"/>
			<item id="11664" losttest="1" iotype="AI" name="Sensor11664_S" textname="test sensor 11664"/>
			<item id="11665" losttest="1" iotype="AI" name="Sensor11665_S" textname="test sensor 11665"/>
			<item id="11666" losttest="1" iotype="AI" name="Sensor11666_S" textname="test sensor 11666"/>
			<item id="11667" losttest="1" iotype="AI" name="Sensor11667_S" textname="test sensor 11667"/>
			<item id="11668" losttest="1" iotype="AI" name="Sensor11668_S" textname="test sensor 11668"/>
			<item id="11669" losttest="1" iotype="AI" name="Sensor11669_S" textname="test sensor 11669"/>
			<item id="11670" losttest="1" iotype="AI" name="Sensor11670_S" textname="test sensor 11670"/>
			<item id="11671" losttest="1" iotype="AI" name="Sensor11671_S" textname="test sensor 11671"/>
			<item id="11672" losttest="1" iotype="AI" name="Sensor11672_S" textname="test sensor 11672"/>
			<item id="11673" losttest="1" iotype="AI" name="Sensor11673_S" textname="test sensor 11673"/>
			<item id="11674" losttest="1" iotype="AI" name="Sensor11674_S" textname="test sensor 11674"/>
			<item id="11675" losttest="1" iotype="AI" name="Sensor11675_S" textname="test sensor 11675"/>
			<item id="11676" losttest="1" iotype="AI" name="Sensor11676_S" textname="test sensor 11676"/>
			<item id="11677" losttest="1" iotype="AI" name="Sensor11677_S" textname="test sensor 11677"/>
			<item id="11678" losttest="1" iotype="AI" name="Sensor11678_S" textname="test sensor 11678"/>
			<item id="11679" losttest="1" iotype="AI" name="Sensor11679_S" textname="test sensor 11679"/>
			<item id="11680" losttest="1" iotype="AI" name="Sensor11680_S" textname="test sensor 11680"/>
			<item id="11681" losttest="1" iotype="AI" name="Sensor11681_S" textname="test sensor 11681"/>
			<item id="11682" losttest="1" iotype="AI" name="Sensor11682_S" textname="test sensor 11682"/>
			<item id="11683" losttest="1" iotype="AI" name="Sensor11683_S" textname="test sensor 11683"/>
			<item id="11684" losttest="1" iotype="AI" name="Sensor11684_S" textname="test sensor 11684"/>
			<item id="11685" losttest="1" iotype="AI" name="Sensor11685_S" textname="test sensor 11685"/>
			<item id="11686" losttest="1" iotype="AI" name="Sensor11686_S" textname="test sensor 11686"/>
			<item id="11687" losttest="1" iotype="AI" name="Sensor11687_S" textname="test sensor 11687"/>
			<item id="11688" losttest="1" iotype="AI" name="Sensor11688_S" textname="test sensor 11688"/>
			<item id="11689" losttest="1" iotype="AI" name="Sensor11689_S" textname="test sensor 11689"/>
			<item id="11690" losttest="1" iotype="AI" name="Sensor11690_S" textname="test sensor 11690"/>
			<item id="11691" losttest="1" iotype="AI" name="Sensor11691_S" textname="test sensor 11691"/>
			<item id="11692" losttest="1" iotype="AI" name="Sensor11692_S" textname="test sensor 11692"/>
			<item id="11693" losttest="1" iotype="AI" name="Sensor11693_S" textname="test sensor 11693"/>
			<item id="11694" losttest="1" iotype="AI" name="Sensor11694_S" textname="test sensor 11694"/>
			<item id="11695" losttest="1" iotype="AI" name="Sensor11695_S" textname="test sensor 11695"/>
			<item id="11696" losttest="1" iotype="AI" name="Sensor11696_S" textname="test sensor 11696"/>
			<item id="11697" losttest="1" iotype="AI" name="Sensor11697_S" textname="test sensor 11697"/>
			<item id="11698" losttest="1" iotype="AI" name="Sensor11698_S" textname="test sensor 11698"/>
			<item id="11699" losttest="1" iotype="AI" name="Sensor11699_S" textname="test sensor 11699"/>
			<item id="11700" losttest="1" iotype="AI" name="Sensor11700_S" textname="test sensor 11700"/>
			<item id="11701" losttest="1" iotype="AI" name="Sensor11701_S" textname="test sensor 11701"/>
			<item id="11702" losttest="1" iotype="AI" name="Sensor11702_S" textname="test sensor 11702"/>
			<item id="11703" losttest="1" iotype="AI" name="Sensor11703_S" textname="test sensor 11703"/>
			<item id="11704" losttest="1" iotype="AI" name="Sensor11704_S" textname="test sensor 11704"/>
			<item id="11705" losttest="1" iotype="AI" name="Sensor11705_S" textname="test sensor 11705"/>
			<item id="11706" losttest="1" iotype="AI" name="Sensor11706_S" textname="test sensor 11706"/>
			<item id="11707" losttest="1" iotype="AI" name="Sensor11707_S" textname="test sensor 11707"/>
			<item id="11708" losttest="1" iotype="AI" name="Sensor11708_S" textname="test sensor 11708"/>
			<item id="11709" losttest="1" iotype="AI" name="Sensor11709_S" textname="test sensor 11709"/>
			<item id="11710" losttest="1" iotype="AI" name="Sensor11710_S" textname="test sensor 11710"/>
			<item id="11711" losttest="1" iotype="AI" name="Sensor11711_S" textname="test sensor 11711"/>
			<item id="11712" losttest="1" iotype="AI" name="Sensor11712_S" textname="test sensor 11712"/>
			<item id="11713" losttest="1" iotype="AI" name="Sensor11713_S" textname="test sensor 11713"/>
			<item id="11714" losttest="1" iotype="AI" name="Sensor11714_S" textname="test sensor 11714"/>
			<item id="11715" losttest="1" iotype="AI" name="Sensor11715_S" textname="test sensor 11715"/>
			<item id="11716" losttest="1" iotype="AI" name="Sensor11716_S" textname="test sensor 11716"/>
			<item id="11717" losttest="1" iotype="AI" name="Sensor11717_S" textname="test sensor 11717"/>
			<item id="11718" losttest="1" iotype="AI" name="Sensor11718_S" textname="test sensor 11718"/>
			<item id="11719" losttest="1" iotype="AI" name="Sensor11719_S" textname="test sensor 11719"/>
			<item id="11720" losttest="1" iotype="AI" name="Sensor11720_S" textname="test sensor 11720"/>
			<item id="11721" losttest="1" iotype="AI" name="Sensor11721_S" textname="test sensor 11721"/>
			<item id="11722" losttest="1" iotype="AI" name="Sensor11722_S" textname="test sensor 11722"/>
			<item id="11723" losttest="1" iotype="AI" name="Sensor11723_S" textname="test sensor 11723"/>
			<item id="11724" losttest="1" iotype="AI" name="Sensor11724_S" textname="test sensor 11724"/>
			<item id="11725" losttest="1" iotype="AI" name="Sensor11725_S" textname="test sensor 11725"/>
			<item id="11726" losttest="1" iotype="AI" name="Sensor11726_S" textname="test sensor 11726"/>
			<item id="11727" losttest="1" iotype="AI" name="Sensor11727_S" textname="test sensor 11727"/>
			<item id="11728" losttest="1" iotype="AI" name="Sensor11728_S" textname="test sensor 11728"/>
			<item id="11729" losttest="1" iotype="AI" name="Sensor11729_S" textname="test sensor 11729"/>
			<item id="11730" losttest="1" iotype="AI" name="Sensor11730_S" textname="test sensor 11730"/>
			<item id="11731" losttest="1" iotype="AI" name="Sensor11731_S" textname="test sensor 11731"/>
			<item id="11732" losttest="1" iotype="AI" name="Sensor11732_S" textname="test sensor 11732"/>
			<item id="11733" losttest="1" iotype="AI" name="Sensor11733_S" textname="test sensor 11733"/>
			<item id="11734" losttest="1" iotype="AI" name="Sensor11734_S" textname="test sensor 11734"/>
			<item id="11735" losttest="1" iotype="AI" name="Sensor11735_S" textname="test sensor 11735"/>
			<item id="11736" losttest="1" iotype="AI" name="Sensor11736_S" textname="test sensor 11736"/>
			<item id="11737" losttest="1" iotype="AI" name="Sensor11737_S" textname="test sensor 11737"/>
			<item id="11738" losttest="1" iotype="AI" name="Sensor11738_S" textname="test sensor 11738"/>
			<item id="11739" losttest="1" iotype="AI" name="Sensor11739_S" textname="test sensor 11739"/>
			<item id="11740" losttest="1" iotype="AI" name="Sensor11740_S" textname="test sensor 11740"/>
			<item id="11741" losttest="1" iotype="AI" name="Sensor11741_S" textname="test sensor 11741"/>
			<item id="11742" losttest="1" iotype="AI" name="Sensor11742_S" textname="test sensor 11742"/>
			<item id="11743" losttest="1" iotype="AI" name="Sensor11743_S" textname="test sensor 11743"/>
			<item id="11744" losttest="1" iotype="AI" name="Sensor11744_S" textname="test sensor 11744"/>
			<item id="11745" losttest="1" iotype="AI" name="Sensor11745_S" textname="test sensor 11745"/>
			<item id="11746" losttest="1" iotype="AI" name="Sensor11746_S" textname="test sensor 11746"/>
			<item id="11747" losttest="1" iotype="AI" name="Sensor11747_S" textname="test sensor 11747"/>
			<item id="11748" losttest="1" iotype="AI" name="Sensor11748_S" textname="test sensor 11748"/>
			<item id="11749" losttest="1" iotype="AI" name="Sensor11749_S" textname="test sensor 11749"/>
			<item id="11750" losttest="1" iotype="AI" name="Sensor11750_S" textname="test sensor 11750"/>
			<item id="11751" losttest="1" iotype="AI" name="Sensor11751_S" textname="test sensor 11751"/>
			<item id="11752" losttest="1" iotype="AI" name="Sensor11752_S" textname="test sensor 11752"/>
			<item id="11753" losttest="1" iotype="AI" name="Sensor11753_S" textname="test sensor 11753"/>
			<item id="11754" losttest="1" iotype="AI" name="Sensor11754_S" textname="test sensor 11754"/>
			<item id="11755" losttest="1" iotype="AI" name="Sensor11755_S" textname="test sensor 11755"/>
			<item id="11756" losttest="1" iotype="AI" name="Sensor11756_S" textname="test sensor 11756"/>
			<item id="11757" losttest="1" iotype="AI" name="Sensor11757_S" textname="test sensor 11757"/>
			<item id="11758" losttest="1" iotype="AI" name="Sensor11758_S" textname="test sensor 11758"/>
			<item id="11759" losttest="1" iotype="AI" name="Sensor11759_S" textname="test sensor 11759"/>
			<item id="11760" losttest="1" iotype="AI" name="Sensor11760_S" textname="test sensor 11760"/>
			<item id="11761" losttest="1" iotype="AI" name="Sensor11761_S" textname="test sensor 11761"/>
			<item id="11762" losttest="1" iotype="AI" name="Sensor11762_S" textname="test sensor 11762"/>
			<item id="11763" losttest="1" iotype="AI" name="Sensor11763_S" textname="test sensor 11763"/>
			<item id="11764" losttest="1" iotype="AI" name="Sensor11764_S" textname="test sensor 11764"/>
			<item id="11765" losttest="1" iotype="AI" name="Sensor11765_S" textname="test sensor 11765"/>
			<item id="11766" losttest="1" iotype="AI" name="Sensor11766_S" textname="test sensor 11766"/>
			<item id="11767" losttest="1" iotype="AI" name="Sensor11767_S" textname="test sensor 11767"/>
			<item id="11768" losttest="1" iotype="AI" name="Sensor11768_S" textname="test sensor 11768"/>
			<item id="11769" losttest="1" iotype="AI" name="Sensor11769_S" textname="test sensor 11769"/>
			<item id="11770" losttest="1" iotype="AI" name="Sensor11770_S" textname="test sensor 11770"/>
			<item id="11771" losttest="1" iotype="AI" name="Sensor11771_S" textname="test sensor 11771"/>
			<item id="11772" losttest="1" iotype="AI" name="Sensor11772_S" textname="test sensor 11772"/>
			<item id="11773" losttest="1" iotype="AI" name="Sensor11773_S" textname="test sensor 11773"/>
			<item id="11774" losttest="1" iotype="AI" name="Sensor11774_S" textname="test sensor 11774"/>
			<item id="11775" losttest="1" iotype="AI" name="Sensor11775_S" textname="test sensor 11775"/>
			<item id="11776" losttest="1" iotype="AI" name="Sensor11776_S" textname="test sensor 11776"/>
			<item id="11777" losttest="1" iotype="AI" name="Sensor11777_S" textname="test sensor 11777"/>
			<item id="11778" losttest="1" iotype="AI" name="Sensor11778_S" textname="test sensor 11778"/>
			<item id="11779" losttest="1" iotype="AI" name="Sensor11779_S" textname="test sensor 11779"/>
			<item id="11780" losttest="1" iotype="AI" name="Sensor11780_S" textname="test sensor 11780"/>
			<item id="11781" losttest="1" iotype="AI" name="Sensor11781_S" textname="test sensor 11781"/>
			<item id="11782" losttest="1" iotype="AI" name="Sensor11782_S" textname="test sensor 11782"/>
			<item id="11783" losttest="1" iotype="AI" name="Sensor11783_S" textname="test sensor 11783"/>
			<item id="11784" losttest="1" iotype="AI" name="Sensor11784_S" textname="test sensor 11784"/>
			<item id="11785" losttest="1" iotype="AI" name="Sensor11785_S" textname="test sensor 11785"/>
			<item id="11786" losttest="1" iotype="AI" name="Sensor11786_S" textname="test sensor 11786"/>
			<item id="11787" losttest="1" iotype="AI" name="Sensor11787_S" textname="test sensor 11787"/>
			<item id="11788" losttest="1" iotype="AI" name="Sensor11788_S" textname="test sensor 11788"/>
			<item id="11789" losttest="1" iotype="AI" name="Sensor11789_S" textname="test sensor 11789"/>
			<item id="11790" losttest="1" iotype="AI" name="Sensor11790_S" textname="test sensor 11790"/>
			<item id="11791" losttest="1" iotype="AI" name="Sensor11791_S" textname="test sensor 11791"/>
			<item id="11792" losttest="1" iotype="AI" name="Sensor11792_S" textname="test sensor 11792"/>
			<item id="11793" losttest="1" iotype="AI" name="Sensor11793_S" textname="test sensor 11793"/>
			<item id="11794" losttest="1" iotype="AI" name="Sensor11794_S" textname="test sensor 11794"/>
			<item id="11795" losttest="1" iotype="AI" name="Sensor11795_S" textname="test sensor 11795"/>
			<item id="11796" losttest="1" iotype="AI" name="Sensor11796_S" textname="test sensor 11796"/>
			<item id="11797" losttest="1" iotype="AI" name="Sensor11797_S" textname="test sensor 11797"/>
			<item id="11798" losttest="1" iotype="AI" name="Sensor11798_S" textname="test sensor 11798"/>
			<item id="11799" losttest="1" iotype="AI" name="Sensor11799_S" textname="test sensor 11799"/>
			<item id="11800" losttest="1" iotype="AI" name="Sensor11800_S" textname="test sensor 11800"/>
			<item id="11801" losttest="1" iotype="AI" name="Sensor11801_S" textname="test sensor 11801"/>
			<item id="11802" losttest="1" iotype="AI" name="Sensor11802_S" textname="test sensor 11802"/>
			<item id="11803" losttest="1" iotype="AI" name="Sensor11803_S" textname="test sensor 11803"/>
			<item id="11804" losttest="1" iotype="AI" name="Sensor11804_S" textname="test sensor 11804"/>
			<item id="11805" losttest="1" iotype="AI" name="Sensor11805_S" textname="test sensor 11805"/>
			<item id="11806" losttest="1" iotype="AI" name="Sensor11806_S" textname="test sensor 11806"/>
			<item id="11807" losttest="1" iotype="AI" name="Sensor11807_S" textname="test sensor 11807"/>
			<item id="11808" losttest="1" iotype="AI" name="Sensor11808_S" textname="test sensor 11808"/>
			<item id="11809" losttest="1" iotype="AI" name="Sensor11809_S" textname="test sensor 11809"/>
			<item id="11810" losttest="1" iotype="AI" name="Sensor11810_S" textname="test sensor 11810"/>
			<item id="11811" losttest="1" iotype="AI" name="Sensor11811_S" textname="test sensor 11811"/>
			<item id="11812" losttest="1" iotype="AI" name="Sensor11812_S" textname="test sensor 11812"/>
			<item id="11813" losttest="1" iotype="AI" name="Sensor11813_S" textname="test sensor 11813"/>
			<item id="11814" losttest="1" iotype="AI" name="Sensor11814_S" textname="test sensor 11814"/>
			<item id="11815" losttest="1" iotype="AI" name="Sensor11815_S" textname="test sensor 11815"/>
			<item id="11816" losttest="1" iotype="AI" name="Sensor11816_S" textname="test sensor 11816"/>
			<item id="11817" losttest="1" iotype="AI" name="Sensor11817_S" textname="test sensor 11817"/>
			<item id="11818" losttest="1" iotype="AI" name="Sensor11818_S" textname="test sensor 11818"/>
			<item id="11819" losttest="1" iotype="AI" name="Sensor11819_S" textname="test sensor 11819"/>
			<item id="11820" losttest="1" iotype="AI" name="Sensor11820_S" textname="test sensor 11820"/>
			<item id="11821" losttest="1" iotype="AI" name="Sensor11821_S" textname="test sensor 11821"/>
			<item id="11822" losttest="1" iotype="AI" name="Sensor11822_S" textname="test sensor 11822"/>
			<item id="11823" losttest="1" iotype="AI" name="Sensor11823_S" textname="test sensor 11823"/>
			<item id="11824" losttest="1" iotype="AI" name="Sensor11824_S" textname="test sensor 11824"/>
			<item id="11825" losttest="1" iotype="AI" name="Sensor11825_S" textname="test sensor 11825"/>
			<item id="11826" losttest="1" iotype="AI" name="Sensor11826_S" textname="test sensor 11826"/>
			<item id="11827" losttest="1" iotype="AI" name="Sensor11827_S" textname="test sensor 11827"/>
			<item id="11828" losttest="1" iotype="AI" name="Sensor11828_S" textname="test sensor 11828"/>
			<item id="11829" losttest="1" iotype="AI" name="Sensor11829_S" textname="test sensor 11829"/>
			<item id="11830" losttest="1" iotype="AI" name="Sensor11830_S" textname="test sensor 11830"/>
			<item id="11831" losttest="1" iotype="AI" name="Sensor11831_S" textname="test sensor 11831"/>
			<item id="11832" losttest="1" iotype="AI" name="Sensor11832_S" textname="test sensor 11832"/>
			<item id="11833" losttest="1" iotype="AI" name="Sensor11833_S" textname="test sensor 11833"/>
			<item id="11834" losttest="1" iotype="AI" name="Sensor11834_S" textname="test sensor 11834"/>
			<item id="11835" losttest="1" iotype="AI" name="Sensor11835_S" textname="test sensor 11835"/>
			<item id="11836" losttest="1" iotype="AI" name="Sensor11836_S" textname="test sensor 11836"/>
			<item id="11837" losttest="1" iotype="AI" name="Sensor11837_S" textname="test sensor 11837"/>
			<item id="11838" losttest="1" iotype="AI" name="Sensor11838_S" textname="test sensor 11838"/>
			<item id="11839" losttest="1" iotype="AI" name="Sensor11839_S" textname="test sensor 11839"/>
			<item id="11840" losttest="1" iotype="AI" name="Sensor11840_S" textname="test sensor 11840"/>
			<item id="11841" losttest="1" iotype="AI" name="Sensor11841_S" textname="test sensor 11841"/>
			<item id="11842" losttest="1" iotype="AI" name="Sensor11842_S" textname="test sensor 11842"/>
			<item id="11843" losttest="1" iotype="AI" name="Sensor11843_S" textname="test sensor 11843"/>
			<item id="11844" losttest="1" iotype="AI" name="Sensor11844_S" textname="test sensor 11844"/>
			<item id="11845" losttest="1" iotype="AI" name="Sensor11845_S" textname="test sensor 11845"/>
			<item id="11846" losttest="1" iotype="AI" name="Sensor11846_S" textname="test sensor 11846"/>
			<item id="11847" losttest="1" iotype="AI" name="Sensor11847_S" textname="test sensor 11847"/>
			<item id="11848" losttest="1" iotype="AI" name="Sensor11848_S" textname="test sensor 11848"/>
			<item id="11849" losttest="1" iotype="AI" name="Sensor11849_S" textname="test sensor 11849"/>
			<item id="11850" losttest="1" iotype="AI" name="Sensor11850_S" textname="test sensor 11850"/>
			<item id="11851" losttest="1" iotype="AI" name="Sensor11851_S" textname="test sensor 11851"/>
			<item id="11852" losttest="1" iotype="AI" name="Sensor11852_S" textname="test sensor 11852"/>
			<item id="11853" losttest="1" iotype="AI" name="Sensor11853_S" textname="test sensor 11853"/>
			<item id="11854" losttest="1" iotype="AI" name="Sensor11854_S" textname="test sensor 11854"/>
			<item id="11855" losttest="1" iotype="AI" name="Sensor11855_S" textname="test sensor 11855"/>
			<item id="11856" losttest="1" iotype="AI" name="Sensor11856_S" textname="test sensor 11856"/>
			<item id="11857" losttest="1" iotype="AI" name="Sensor11857_S" textname="test sensor 11857"/>
			<item id="11858" losttest="1" iotype="AI" name="Sensor11858_S" textname="test sensor 11858"/>
			<item id="11859" losttest="1" iotype="AI" name="Sensor11859_S" textname="test sensor 11859"/>
			<item id="11860" losttest="1" iotype="AI" name="Sensor11860_S" textname="test sensor 11860"/>
			<item id="11861" losttest="1" iotype="AI" name="Sensor11861_S" textname="test sensor 11861"/>
			<item id="11862" losttest="1" iotype="AI" name="Sensor11862_S" textname="test sensor 11862"/>
			<item id="11863" losttest="1" iotype="AI" name="Sensor11863_S" textname="test sensor 11863"/>
			<item id="11864" losttest="1" iotype="AI" name="Sensor11864_S" textname="test sensor 11864"/>
			<item id="11865" losttest="1" iotype="AI" name="Sensor11865_S" textname="test sensor 11865"/>
			<item id="11866" losttest="1" iotype="AI" name="Sensor11866_S" textname="test sensor 11866"/>
			<item id="11867" losttest="1" iotype="AI" name="Sensor11867_S" textname="test sensor 11867"/>
			<item id="11868" losttest="1" iotype="AI" name="Sensor11868_S" textname="test sensor 11868"/>
			<item id="11869" losttest="1" iotype="AI" name="Sensor11869_S" textname="test sensor 11869"/>
			<item id="11870" losttest="1" iotype="AI" name="Sensor11870_S" textname="test sensor 11870"/>
			<item id="11871" losttest="1" iotype="AI" name="Sensor11871_S" textname="test sensor 11871"/>
			<item id="11872" losttest="1" iotype="AI" name="Sensor11872_S" textname="test sensor 11872"/>
			<item id="11873" losttest="1" iotype="AI" name="Sensor11873_S" textname="test sensor 11873"/>
			<item id="11874" losttest="1" iotype="AI" name="Sensor11874_S" textname="test sensor 11874"/>
			<item id="11875" losttest="1" iotype="AI" name="Sensor11875_S" textname="test sensor 11875"/>
			<item id="11876" losttest="1" iotype="AI" name="Sensor11876_S" textname="test sensor 11876"/>
			<item id="11877" losttest="1" iotype="AI" name="Sensor11877_S" textname="test sensor 11877"/>
			<item id="11878" losttest="1" iotype="AI" name="Sensor11878_S" textname="test sensor 11878"/>
			<item id="11879" losttest="1" iotype="AI" name="Sensor11879_S" textname="test sensor 11879"/>
			<item id="11880" losttest="1" iotype="AI" name="Sensor11880_S" textname="test sensor 11880"/>
			<item id="11881" losttest="1" iotype="AI" name="Sensor11881_S" textname="test sensor 11881"/>
			<item id="11882" losttest="1" iotype="AI" name="Sensor11882_S" textname="test sensor 11882"/>
			<item id="11883" losttest="1" iotype="AI" name="Sensor11883_S" textname="test sensor 11883"/>
			<item id="11884" losttest="1" iotype="AI" name="Sensor11884_S" textname="test sensor 11884"/>
			<item id="11885" losttest="1" iotype="AI" name="Sensor11885_S" textname="test sensor 11885"/>
			<item id="11886" losttest="1" iotype="AI" name="Sensor11886_S" textname="test sensor 11886"/>
			<item id="11887" losttest="1" iotype="AI" name="Sensor11887_S" textname="test sensor 11887"/>
			<item id="11888" losttest="1" iotype="AI" name="Sensor11888_S" textname="test sensor 11888"/>
			<item id="11889" losttest="1" iotype="AI" name="Sensor11889_S" textname="test sensor 11889"/>
			<item id="11890" losttest="1" iotype="AI" name="Sensor11890_S" textname="test sensor 11890"/>
			<item id="11891" losttest="1" iotype="AI" name="Sensor11891_S" textname="test sensor 11891"/>
			<item id="11892" losttest="1" iotype="AI" name="Sensor11892_S" textname="test sensor 11892"/>
			<item id="11893" losttest="1" iotype="AI" name="Sensor11893_S" textname="test sensor 11893"/>
			<item id="11894" losttest="1" iotype="AI" name="Sensor11894_S" textname="test sensor 11894"/>
			<item id="11895" losttest="1" iotype="AI" name="Sensor11895_S" textname="test sensor 11895"/>
			<item id="11896" losttest="1" iotype="AI" name="Sensor11896_S" textname="test sensor 11896"/>
			<item id="11897" losttest="1" iotype="AI" name="Sensor11897_S" textname="test sensor 11897"/>
			<item id="11898" losttest="1" iotype="AI" name="Sensor11898_S" textname="test sensor 11898"/>
			<item id="11899" losttest="1" iotype="AI" name="Sensor11899_S" textname="test sensor 11899"/>
			<item id="11900" losttest="1" iotype="AI" name="Sensor11900_S" textname="test sensor 11900"/>
			<item id="11901" losttest="1" iotype="AI" name="Sensor11901_S" textname="test sensor 11901"/>
			<item id="11902" losttest="1" iotype="AI" name="Sensor11902_S" textname="test sensor 11902"/>
			<item id="11903" losttest="1" iotype="AI" name="Sensor11903_S" textname="test sensor 11903"/>
			<item id="11904" losttest="1" iotype="AI" name="Sensor11904_S" textname="test sensor 11904"/>
			<item id="11905" losttest="1" iotype="AI" name="Sensor11905_S" textname="test sensor 11905"/>
			<item id="11906" losttest="1" iotype="AI" name="Sensor11906_S" textname="test sensor 11906"/>
			<item id="11907" losttest="1" iotype="AI" name="Sensor11907_S" textname="test sensor 11907"/>
			<item id="11908" losttest="1" iotype="AI" name="Sensor11908_S" textname="test sensor 11908"/>
			<item id="11909" losttest="1" iotype="AI" name="Sensor11909_S" textname="test sensor 11909"/>
			<item id="11910" losttest="1" iotype="AI" name="Sensor11910_S" textname="test sensor 11910"/>
			<item id="11911" losttest="1" iotype="AI" name="Sensor11911_S" textname="test sensor 11911"/>
			<item id="11912" losttest="1" iotype="AI" name="Sensor11912_S" textname="test sensor 11912"/>
			<item id="11913" losttest="1" iotype="AI" name="Sensor11913_S" textname="test sensor 11913"/>
			<item id="11914" losttest="1" iotype="AI" name="Sensor11914_S" textname="test sensor 11914"/>
			<item id="11915" losttest="1" iotype="AI" name="Sensor11915_S" textname="test sensor 11915"/>
			<item id="11916" losttest="1" iotype="AI" name="Sensor11916_S" textname="test sensor 11916"/>
			<item id="11917" losttest="1" iotype="AI" name="Sensor11917_S" textname="test sensor 11917"/>
			<item id="11918" losttest="1" iotype="AI" name="Sensor11918_S" textname="test sensor 11918"/>
			<item id="11919" losttest="1" iotype="AI" name="Sensor11919_S" textname="test sensor 11919"/>
			<item id="11920" losttest="1" iotype="AI" name="Sensor11920_S" textname="test sensor 11920"/>
			<item id="11921" losttest="1" iotype="AI" name="Sensor11921_S" textname="test sensor 11921"/>
			<item id="11922" losttest="1" iotype="AI" name="Sensor11922_S" textname="test sensor 11922"/>
			<item id="11923" losttest="1" iotype="AI" name="Sensor11923_S" textname="test sensor 11923"/>
			<item id="11924" losttest="1" iotype="AI" name="Sensor11924_S" textname="test sensor 11924"/>
			<item id="11925" losttest="1" iotype="AI" name="Sensor11925_S" textname="test sensor 11925"/>
			<item id="11926" losttest="1" iotype="AI" name="Sensor11926_S" textname="test sensor 11926"/>
			<item id="11927" losttest="1" iotype="AI" name="Sensor11927_S" textname="test sensor 11927"/>
			<item id="11928" losttest="1" iotype="AI" name="Sensor11928_S" textname="test sensor 11928"/>
			<item id="11929" losttest="1" iotype="AI" name="Sensor11929_S" textname="test sensor 11929"/>
			<item id="11930" losttest="1" iotype="AI" name="Sensor11930_S" textname="test sensor 11930"/>
			<item id="11931" losttest="1" iotype="AI" name="Sensor11931_S" textname="test sensor 11931"/>
			<item id="11932" losttest="1" iotype="AI" name="Sensor11932_S" textname="test sensor 11932"/>
			<item id="11933" losttest="1" iotype="AI" name="Sensor11933_S" textname="test sensor 11933"/>
			<item id="11934" losttest="1" iotype="AI" name="Sensor11934_S" textname="test sensor 11934"/>
			<item id="11935" losttest="1" iotype="AI" name="Sensor11935_S" textname="test sensor 11935"/>
			<item id="11936" losttest="1" iotype="AI" name="Sensor11936_S" textname="test sensor 11936"/>
			<item id="11937" losttest="1" iotype="AI" name="Sensor11937_S" textname="test sensor 11937"/>
			<item id="11938" losttest="1" iotype="AI" name="Sensor11938_S" textname="test sensor 11938"/>
			<item id="11939" losttest="1" iotype="AI" name="Sensor11939_S" textname="test sensor 11939"/>
			<item id="11940" losttest="1" iotype="AI" name="Sensor11940_S" textname="test sensor 11940"/>
			<item id="11941" losttest="1" iotype="AI" name="Sensor11941_S" textname="test sensor 11941"/>
			<item id="11942" losttest="1" iotype="AI" name="Sensor11942_S" textname="test sensor 11942"/>
			<item id="11943" losttest="1" iotype="AI" name="Sensor11943_S" textname="test sensor 11943"/>
			<item id="11944" losttest="1" iotype="AI" name="Sensor11944_S" textname="test sensor 11944"/>
			<item id="11945" losttest="1" iotype="AI" name="Sensor11945_S" textname="test sensor 11945"/>
			<item id="11946" losttest="1" iotype="AI" name="Sensor11946_S" textname="test sensor 11946"/>
			<item id="11947" losttest="1" iotype="AI" name="Sensor11947_S" textname="test sensor 11947"/>
			<item id="11948" losttest="1" iotype="AI" name="Sensor11948_S" textname="test sensor 11948"/>
			<item id="11949" losttest="1" iotype="AI" name="Sensor11949_S" textname="test sensor 11949"/>
			<item id="11950" losttest="1" iotype="AI" name="Sensor11950_S" textname="test sensor 11950"/>
			<item id="11951" losttest="1" iotype="AI" name="Sensor11951_S" textname="test sensor 11951"/>
			<item id="11952" losttest="1" iotype="AI" name="Sensor11952_S" textname="test sensor 11952"/>
			<item id="11953" losttest="1" iotype="AI" name="Sensor11953_S" textname="test sensor 11953"/>
			<item id="11954" losttest="1" iotype="AI" name="Sensor11954_S" textname="test sensor 11954"/>
			<item id="11955" losttest="1" iotype="AI" name="Sensor11955_S" textname="test sensor 11955"/>
			<item id="11956" losttest="1" iotype="AI" name="Sensor11956_S" textname="test sensor 11956"/>
			<item id="11957" losttest="1" iotype="AI" name="Sensor11957_S" textname="test sensor 11957"/>
			<item id="11958" losttest="1" iotype="AI" name="Sensor11958_S" textname="test sensor 11958"/>
			<item id="11959" losttest="1" iotype="AI" name="Sensor11959_S" textname="test sensor 11959"/>
			<item id="11960" losttest="1" iotype="AI" name="Sensor11960_S" textname="test sensor 11960"/>
			<item id="11961" losttest="1" iotype="AI" name="Sensor11961_S" textname="test sensor 11961"/>
			<item id="11962" losttest="1" iotype="AI" name="Sensor11962_S" textname="test sensor 11962"/>
			<item id="11963" losttest="1" iotype="AI" name="Sensor11963_S" textname="test sensor 11963"/>
			<item id="11964" losttest="1" iotype="AI" name="Sensor11964_S" textname="test sensor 11964"/>
			<item id="11965" losttest="1" iotype="AI" name="Sensor11965_S" textname="test sensor 11965"/>
			<item id="11966" losttest="1" iotype="AI" name="Sensor11966_S" textname="test sensor 11966"/>
			<item id="11967" losttest="1" iotype="AI" name="Sensor11967_S" textname="test sensor 11967"/>
			<item id="11968" losttest="1" iotype="AI" name="Sensor11968_S" textname="test sensor 11968"/>
			<item id="11969" losttest="1" iotype="AI" name="Sensor11969_S" textname="test sensor 11969"/>
			<item id="11970" losttest="1" iotype="AI" name="Sensor11970_S" textname="test sensor 11970"/>
			<item id="11971" losttest="1" iotype="AI" name="Sensor11971_S" textname="test sensor 11971"/>
			<item id="11972" losttest="1" iotype="AI" name="Sensor11972_S" textname="test sensor 11972"/>
			<item id="11973" losttest="1" iotype="AI" name="Sensor11973_S" textname="test sensor 11973"/>
			<item id="11974" losttest="1" iotype="AI" name="Sensor11974_S" textname="test sensor 11974"/>
			<item id="11975" losttest="1" iotype="AI" name="Sensor11975_S" textname="test sensor 11975"/>
			<item id="11976" losttest="1" iotype="AI" name="Sensor11976_S" textname="test sensor 11976"/>
			<item id="11977" losttest="1" iotype="AI" name="Sensor11977_S" textname="test sensor 11977"/>
			<item id="11978" losttest="1" iotype="AI" name="Sensor11978_S" textname="test sensor 11978"/>
			<item id="11979" losttest="1" iotype="AI" name="Sensor11979_S" textname="test sensor 11979"/>
			<item id="11980" losttest="1" iotype="AI" name="Sensor11980_S" textname="test sensor 11980"/>
			<item id="11981" losttest="1" iotype="AI" name="Sensor11981_S" textname="test sensor 11981"/>
			<item id="11982" losttest="1" iotype="AI" name="Sensor11982_S" textname="test sensor 11982"/>
			<item id="11983" losttest="1" iotype="AI" name="Sensor11983_S" textname="test sensor 11983"/>
			<item id="11984" losttest="1" iotype="AI" name="Sensor11984_S" textname="test sensor 11984"/>
			<item id="11985" losttest="1" iotype="AI" name="Sensor11985_S" textname="test sensor 11985"/>
			<item id="11986" losttest="1" iotype="AI" name="Sensor11986_S" textname="test sensor 11986"/>
			<item id="11987" losttest="1" iotype="AI" name="Sensor11987_S" textname="test sensor 11987"/>
			<item id="11988" losttest="1" iotype="AI" name="Sensor11988_S" textname="test sensor 11988"/>
			<item id="11989" losttest="1" iotype="AI" name="Sensor11989_S" textname="test sensor 11989"/>
			<item id="11990" losttest="1" iotype="AI" name="Sensor11990_S" textname="test sensor 11990"/>
			<item id="11991" losttest="1" iotype="AI" name="Sensor11991_S" textname="test sensor 11991"/>
			<item id="11992" losttest="1" iotype="AI" name="Sensor11992_S" textname="test sensor 11992"/>
			<item id="11993" losttest="1" iotype="AI" name="Sensor11993_S" textname="test sensor 11993"/>
			<item id="11994" losttest="1" iotype="AI" name="Sensor11994_S" textname="test sensor 11994"/>
			<item id="11995" losttest="1" iotype="AI" name="Sensor11995_S" textname="test sensor 11995"/>
			<item id="11996" losttest="1" iotype="AI" name="Sensor11996_S" textname="test sensor 11996"/>
			<item id="11997" losttest="1" iotype="AI" name="Sensor11997_S" textname="test sensor 11997"/>
			<item id="11998" losttest="1" iotype="AI" name="Sensor11998_S" textname="test sensor 11998"/>
			<item id="11999" losttest="1" iotype="AI" name="Sensor11999_S" textname="test sensor 11999"/>
			<item id="12000" losttest="1" iotype="AI" name="Sensor12000_S" textname="test sensor 12000"/>
			<item id="12001" losttest="1" iotype="AI" name="Sensor12001_S" textname="test sensor 12001"/>
			<item id="12002" losttest="1" iotype="AI" name="Sensor12002_S" textname="test sensor 12002"/>
			<item id="12003" losttest="1" iotype="AI" name="Sensor12003_S" textname="test sensor 12003"/>
			<item id="12004" losttest="1" iotype="AI" name="Sensor12004_S" textname="test sensor 12004"/>
			<item id="12005" losttest="1" iotype="AI" name="Sensor12005_S" textname="test sensor 12005"/>
			<item id="12006" losttest="1" iotype="AI" name="Sensor12006_S" textname="test sensor 12006"/>
			<item id="12007" losttest="1" iotype="AI" name="Sensor12007_S" textname="test sensor 12007"/>
			<item id="12008" losttest="1" iotype="AI" name="Sensor12008_S" textname="test sensor 12008"/>
			<item id="12009" losttest="1" iotype="AI" name="Sensor12009_S" textname="test sensor 12009"/>
			<item id="12010" losttest="1" iotype="AI" name="Sensor12010_S" textname="test sensor 12010"/>
			<item id="12011" losttest="1" iotype="AI" name="Sensor12011_S" textname="test sensor 12011"/>
			<item id="12012" losttest="1" iotype="AI" name="Sensor12012_S" textname="test sensor 12012"/>
			<item id="12013" losttest="1" iotype="AI" name="Sensor12013_S" textname="test sensor 12013"/>
			<item id="12014" losttest="1" iotype="AI" name="Sensor12014_S" textname="test sensor 12014"/>
			<item id="12015" losttest="1" iotype="AI" name="Sensor12015_S" textname="test sensor 12015"/>
			<item id="12016" losttest="1" iotype="AI" name="Sensor12016_S" textname="test sensor 12016"/>
			<item id="12017" losttest="1" iotype="AI" name="Sensor12017_S" textname="test sensor 12017"/>
			<item id="12018" losttest="1" iotype="AI" name="Sensor12018_S" textname="test sensor 12018"/>
			<item id="12019" losttest="1" iotype="AI" name="Sensor12019_S" textname="test sensor 12019"/>
			<item id="12020" losttest="1" iotype="AI" name="Sensor12020_S" textname="test sensor 12020"/>
			<item id="12021" losttest="1" iotype="AI" name="Sensor12021_S" textname="test sensor 12021"/>
			<item id="12022" losttest="1" iotype="AI" name="Sensor12022_S" textname="test sensor 12022"/>
			<item id="12023" losttest="1" iotype="AI" name="Sensor12023_S" textname="test sensor 12023"/>
			<item id="12024" losttest="1" iotype="AI" name="Sensor12024_S" textname="test sensor 12024"/>
			<item id="12025" losttest="1" iotype="AI" name="Sensor12025_S" textname="test sensor 12025"/>
			<item id="12026" losttest="1" iotype="AI" name="Sensor12026_S" textname="test sensor 12026"/>
			<item id="12027" losttest="1" iotype="AI" name="Sensor12027_S" textname="test sensor 12027"/>
			<item id="12028" losttest="1" iotype="AI" name="Sensor12028_S" textname="test sensor 12028"/>
			<item id="12029" losttest="1" iotype="AI" name="Sensor12029_S" textname="test sensor 12029"/>
			<item id="12030" losttest="1" iotype="AI" name="Sensor12030_S" textname="test sensor 12030"/>
			<item id="12031" losttest="1" iotype="AI" name="Sensor12031_S" textname="test sensor 12031"/>
			<item id="12032" losttest="1" iotype="AI" name="Sensor12032_S" textname="test sensor 12032"/>
			<item id="12033" losttest="1" iotype="AI" name="Sensor12033_S" textname="test sensor 12033"/>
			<item id="12034" losttest="1" iotype="AI" name="Sensor12034_S" textname="test sensor 12034"/>
			<item id="12035" losttest="1" iotype="AI" name="Sensor12035_S" textname="test sensor 12035"/>
			<item id="12036" losttest="1" iotype="AI" name="Sensor12036_S" textname="test sensor 12036"/>
			<item id="12037" losttest="1" iotype="AI" name="Sensor12037_S" textname="test sensor 12037"/>
			<item id="12038" losttest="1" iotype="AI" name="Sensor12038_S" textname="test sensor 12038"/>
			<item id="12039" losttest="1" iotype="AI" name="Sensor12039_S" textname="test sensor 12039"/>
			<item id="12040" losttest="1" iotype="AI" name="Sensor12040_S" textname="test sensor 12040"/>
			<item id="12041" losttest="1" iotype="AI" name="Sensor12041_S" textname="test sensor 12041"/>
			<item id="12042" losttest="1" iotype="AI" name="Sensor12042_S" textname="test sensor 12042"/>
			<item id="12043" losttest="1" iotype="AI" name="Sensor12043_S" textname="test sensor 12043"/>
			<item id="12044" losttest="1" iotype="AI" name="Sensor12044_S" textname="test sensor 12044"/>
			<item id="12045" losttest="1" iotype="AI" name="Sensor12045_S" textname="test sensor 12045"/>
			<item id="12046" losttest="1" iotype="AI" name="Sensor12046_S" textname="test sensor 12046"/>
			<item id="12047" losttest="1" iotype="AI" name="Sensor12047_S" textname="test sensor 12047"/>
			<item id="12048" losttest="1" iotype="AI" name="Sensor12048_S" textname="test sensor 12048"/>
			<item id="12049" losttest="1" iotype="AI" name="Sensor12049_S" textname="test sensor 12049"/>
			<item id="12050" losttest="1" iotype="AI" name="Sensor12050_S" textname="test sensor 12050"/>
			<item id="12051" losttest="1" iotype="AI" name="Sensor12051_S" textname="test sensor 12051"/>
			<item id="12052" losttest="1" iotype="AI" name="Sensor12052_S" textname="test sensor 12052"/>
			<item id="12053" losttest="1" iotype="AI" name="Sensor12053_S" textname="test sensor 12053"/>
			<item id="12054" losttest="1" iotype="AI" name="Sensor12054_S" textname="test sensor 12054"/>
			<item id="12055" losttest="1" iotype="AI" name="Sensor12055_S" textname="test sensor 12055"/>
			<item id="12056" losttest="1" iotype="AI" name="Sensor12056_S" textname="test sensor 12056"/>
			<item id="12057" losttest="1" iotype="AI" name="Sensor12057_S" textname="test sensor 12057"/>
			<item id="12058" losttest="1" iotype="AI" name="Sensor12058_S" textname="test sensor 12058"/>
			<item id="12059" losttest="1" iotype="AI" name="Sensor12059_S" textname="test sensor 12059"/>
			<item id="12060" losttest="1" iotype="AI" name="Sensor12060_S" textname="test sensor 12060"/>
			<item id="12061" losttest="1" iotype="AI" name="Sensor12061_S" textname="test sensor 12061"/>
			<item id="12062" losttest="1" iotype="AI" name="Sensor12062_S" textname="test sensor 12062"/>
			<item id="12063" losttest="1" iotype="AI" name="Sensor12063_S" textname="test sensor 12063"/>
			<item id="12064" losttest="1" iotype="AI" name="Sensor12064_S" textname="test sensor 12064"/>
			<item id="12065" losttest="1" iotype="AI" name="Sensor12065_S" textname="test sensor 12065"/>
			<item id="12066" losttest="1" iotype="AI" name="Sensor12066_S" textname="test sensor 12066"/>
			<item id="12067" losttest="1" iotype="AI" name="Sensor12067_S" textname="test sensor 12067"/>
			<item id="12068" losttest="1" iotype="AI" name="Sensor12068_S" textname="test sensor 12068"/>
			<item id="12069" losttest="1" iotype="AI" name="Sensor12069_S" textname="test sensor 12069"/>
			<item id="12070" losttest="1" iotype="AI" name="Sensor12070_S" textname="test sensor 12070"/>
			<item id="12071" losttest="1" iotype="AI" name="Sensor12071_S" textname="test sensor 12071"/>
			<item id="12072" losttest="1" iotype="AI" name="Sensor12072_S" textname="test sensor 12072"/>
			<item id="12073" losttest="1" iotype="AI" name="Sensor12073_S" textname="test sensor 12073"/>
			<item id="12074" losttest="1" iotype="AI" name="Sensor12074_S" textname="test sensor 12074"/>
			<item id="12075" losttest="1" iotype="AI" name="Sensor12075_S" textname="test sensor 12075"/>
			<item id="12076" losttest="1" iotype="AI" name="Sensor12076_S" textname="test sensor 12076"/>
			<item id="12077" losttest="1" iotype="AI" name="Sensor12077_S" textname="test sensor 12077"/>
			<item id="12078" losttest="1" iotype="AI" name="Sensor12078_S" textname="test sensor 12078"/>
			<item id="12079" losttest="1" iotype="AI" name="Sensor12079_S" textname="test sensor 12079"/>
			<item id="12080" losttest="1" iotype="AI" name="Sensor12080_S" textname="test sensor 12080"/>
			<item id="12081" losttest="1" iotype="AI" name="Sensor12081_S" textname="test sensor 12081"/>
			<item id="12082" losttest="1" iotype="AI" name="Sensor12082_S" textname="test sensor 12082"/>
			<item id="12083" losttest="1" iotype="AI" name="Sensor12083_S" textname="test sensor 12083"/>
			<item id="12084" losttest="1" iotype="AI" name="Sensor12084_S" textname="test sensor 12084"/>
			<item id="12085" losttest="1" iotype="AI" name="Sensor12085_S" textname="test sensor 12085"/>
			<item id="12086" losttest="1" iotype="AI" name="Sensor12086_S" textname="test sensor 12086"/>
			<item id="12087" losttest="1" iotype="AI" name="Sensor12087_S" textname="test sensor 12087"/>
			<item id="12088" losttest="1" iotype="AI" name="Sensor12088_S" textname="test sensor 12088"/>
			<item id="12089" losttest="1" iotype="AI" name="Sensor12089_S" textname="test sensor 12089"/>
			<item id="12090" losttest="1" iotype="AI" name="Sensor12090_S" textname="test sensor 12090"/>
			<item id="12091" losttest="1" iotype="AI" name="Sensor12091_S" textname="test sensor 12091"/>
			<item id="12092" losttest="1" iotype="AI" name="Sensor12092_S" textname="test sensor 12092"/>
			<item id="12093" losttest="1" iotype="AI" name="Sensor12093_S" textname="test sensor 12093"/>
			<item id="12094" losttest="1" iotype="AI" name="Sensor12094_S" textname="test sensor 12094"/>
			<item id="12095" losttest="1" iotype="AI" name="Sensor12095_S" textname="test sensor 12095"/>
			<item id="12096" losttest="1" iotype="AI" name="Sensor12096_S" textname="test sensor 12096"/>
			<item id="12097" losttest="1" iotype="AI" name="Sensor12097_S" textname="test sensor 12097"/>
			<item id="12098" losttest="1" iotype="AI" name="Sensor12098_S" textname="test sensor 12098"/>
			<item id="12099" losttest="1" iotype="AI" name="Sensor12099_S" textname="test sensor 12099"/>
			<item id="12100" losttest="1" iotype="AI" name="Sensor12100_S" textname="test sensor 12100"/>
			<item id="12101" losttest="1" iotype="AI" name="Sensor12101_S" textname="test sensor 12101"/>
			<item id="12102" losttest="1" iotype="AI" name="Sensor12102_S" textname="test sensor 12102"/>
			<item id="12103" losttest="1" iotype="AI" name="Sensor12103_S" textname="test sensor 12103"/>
			<item id="12104" losttest="1" iotype="AI" name="Sensor12104_S" textname="test sensor 12104"/>
			<item id="12105" losttest="1" iotype="AI" name="Sensor12105_S" textname="test sensor 12105"/>
			<item id="12106" losttest="1" iotype="AI" name="Sensor12106_S" textname="test sensor 12106"/>
			<item id="12107" losttest="1" iotype="AI" name="Sensor12107_S" textname="test sensor 12107"/>
			<item id="12108" losttest="1" iotype="AI" name="Sensor12108_S" textname="test sensor 12108"/>
			<item id="12109" losttest="1" iotype="AI" name="Sensor12109_S" textname="test sensor 12109"/>
			<item id="12110" losttest="1" iotype="AI" name="Sensor12110_S" textname="test sensor 12110"/>
			<item id="12111" losttest="1" iotype="AI" name="Sensor12111_S" textname="test sensor 12111"/>
			<item id="12112" losttest="1" iotype="AI" name="Sensor12112_S" textname="test sensor 12112"/>
			<item id="12113" losttest="1" iotype="AI" name="Sensor12113_S" textname="test sensor 12113"/>
			<item id="12114" losttest="1" iotype="AI" name="Sensor12114_S" textname="test sensor 12114"/>
			<item id="12115" losttest="1" iotype="AI" name="Sensor12115_S" textname="test sensor 12115"/>
			<item id="12116" losttest="1" iotype="AI" name="Sensor12116_S" textname="test sensor 12116"/>
			<item id="12117" losttest="1" iotype="AI" name="Sensor12117_S" textname="test sensor 12117"/>
			<item id="12118" losttest="1" iotype="AI" name="Sensor12118_S" textname="test sensor 12118"/>
			<item id="12119" losttest="1" iotype="AI" name="Sensor12119_S" textname="test sensor 12119"/>
			<item id="12120" losttest="1" iotype="AI" name="Sensor12120_S" textname="test sensor 12120"/>
			<item id="12121" losttest="1" iotype="AI" name="Sensor12121_S" textname="test sensor 12121"/>
			<item id="12122" losttest="1" iotype="AI" name="Sensor12122_S" textname="test sensor 12122"/>
			<item id="12123" losttest="1" iotype="AI" name="Sensor12123_S" textname="test sensor 12123"/>
			<item id="12124" losttest="1" iotype="AI" name="Sensor12124_S" textname="test sensor 12124"/>
			<item id="12125" losttest="1" iotype="AI" name="Sensor12125_S" textname="test sensor 12125"/>
			<item id="12126" losttest="1" iotype="AI" name="Sensor12126_S" textname="test sensor 12126"/>
			<item id="12127" losttest="1" iotype="AI" name="Sensor12127_S" textname="test sensor 12127"/>
			<item id="12128" losttest="1" iotype="AI" name="Sensor12128_S" textname="test sensor 12128"/>
			<item id="12129" losttest="1" iotype="AI" name="Sensor12129_S" textname="test sensor 12129"/>
			<item id="12130" losttest="1" iotype="AI" name="Sensor12130_S" textname="test sensor 12130"/>
			<item id="12131" losttest="1" iotype="AI" name="Sensor12131_S" textname="test sensor 12131"/>
			<item id="12132" losttest="1" iotype="AI" name="Sensor12132_S" textname="test sensor 12132"/>
			<item id="12133" losttest="1" iotype="AI" name="Sensor12133_S" textname="test sensor 12133"/>
			<item id="12134" losttest="1" iotype="AI" name="Sensor12134_S" textname="test sensor 12134"/>
			<item id="12135" losttest="1" iotype="AI" name="Sensor12135_S" textname="test sensor 12135"/>
			<item id="12136" losttest="1" iotype="AI" name="Sensor12136_S" textname="test sensor 12136"/>
			<item id="12137" losttest="1" iotype="AI" name="Sensor12137_S" textname="test sensor 12137"/>
			<item id="12138" losttest="1" iotype="AI" name="Sensor12138_S" textname="test sensor 12138"/>
			<item id="12139" losttest="1" iotype="AI" name="Sensor12139_S" textname="test sensor 12139"/>
			<item id="12140" losttest="1" iotype="AI" name="Sensor12140_S" textname="test sensor 12140"/>
			<item id="12141" losttest="1" iotype="AI" name="Sensor12141_S" textname="test sensor 12141"/>
			<item id="12142" losttest="1" iotype="AI" name="Sensor12142_S" textname="test sensor 12142"/>
			<item id="12143" losttest="1" iotype="AI" name="Sensor12143_S" textname="test sensor 12143"/>
			<item id="12144" losttest="1" iotype="AI" name="Sensor12144_S" textname="test sensor 12144"/>
			<item id="12145" losttest="1" iotype="AI" name="Sensor12145_S" textname="test sensor 12145"/>
			<item id="12146" losttest="1" iotype="AI" name="Sensor12146_S" textname="test sensor 12146"/>
			<item id="12147" losttest="1" iotype="AI" name="Sensor12147_S" textname="test sensor 12147"/>
			<item id="12148" losttest="1" iotype="AI" name="Sensor12148_S" textname="test sensor 12148"/>
			<item id="12149" losttest="1" iotype="AI" name="Sensor12149_S" textname="test sensor 12149"/>
			<item id="12150" losttest="1" iotype="AI" name="Sensor12150_S" textname="test sensor 12150"/>
			<item id="12151" losttest="1" iotype="AI" name="Sensor12151_S" textname="test sensor 12151"/>
			<item id="12152" losttest="1" iotype="AI" name="Sensor12152_S" textname="test sensor 12152"/>
			<item id="12153" losttest="1" iotype="AI" name="Sensor12153_S" textname="test sensor 12153"/>
			<item id="12154" losttest="1" iotype="AI" name="Sensor12154_S" textname="test sensor 12154"/>
			<item id="12155" losttest="1" iotype="AI" name="Sensor12155_S" textname="test sensor 12155"/>
			<item id="12156" losttest="1" iotype="AI" name="Sensor12156_S" textname="test sensor 12156"/>
			<item id="12157" losttest="1" iotype="AI" name="Sensor12157_S" textname="test sensor 12157"/>
			<item id="12158" losttest="1" iotype="AI" name="Sensor12158_S" textname="test sensor 12158"/>
			<item id="12159" losttest="1" iotype="AI" name="Sensor12159_S" textname="test sensor 12159"/>
			<item id="12160" losttest="1" iotype="AI" name="Sensor12160_S" textname="test sensor 12160"/>
			<item id="12161" losttest="1" iotype="AI" name="Sensor12161_S" textname="test sensor 12161"/>
			<item id="12162" losttest="1" iotype="AI" name="Sensor12162_S" textname="test sensor 12162"/>
			<item id="12163" losttest="1" iotype="AI" name="Sensor12163_S" textname="test sensor 12163"/>
			<item id="12164" losttest="1" iotype="AI" name="Sensor12164_S" textname="test sensor 12164"/>
			<item id="12165" losttest="1" iotype="AI" name="Sensor12165_S" textname="test sensor 12165"/>
			<item id="12166" losttest="1" iotype="AI" name="Sensor12166_S" textname="test sensor 12166"/>
			<item id="12167" losttest="1" iotype="AI" name="Sensor12167_S" textname="test sensor 12167"/>
			<item id="12168" losttest="1" iotype="AI" name="Sensor12168_S" textname="test sensor 12168"/>
			<item id="12169" losttest="1" iotype="AI" name="Sensor12169_S" textname="test sensor 12169"/>
			<item id="12170" losttest="1" iotype="AI" name="Sensor12170_S" textname="test sensor 12170"/>
			<item id="12171" losttest="1" iotype="AI" name="Sensor12171_S" textname="test sensor 12171"/>
			<item id="12172" losttest="1" iotype="AI" name="Sensor12172_S" textname="test sensor 12172"/>
			<item id="12173" losttest="1" iotype="AI" name="Sensor12173_S" textname="test sensor 12173"/>
			<item id="12174" losttest="1" iotype="AI" name="Sensor12174_S" textname="test sensor 12174"/>
			<item id="12175" losttest="1" iotype="AI" name="Sensor12175_S" textname="test sensor 12175"/>
			<item id="12176" losttest="1" iotype="AI" name="Sensor12176_S" textname="test sensor 12176"/>
			<item id="12177" losttest="1" iotype="AI" name="Sensor12177_S" textname="test sensor 12177"/>
			<item id="12178" losttest="1" iotype="AI" name="Sensor12178_S" textname="test sensor 12178"/>
			<item id="12179" losttest="1" iotype="AI" name="Sensor12179_S" textname="test sensor 12179"/>
			<item id="12180" losttest="1" iotype="AI" name="Sensor12180_S" textname="test sensor 12180"/>
			<item id="12181" losttest="1" iotype="AI" name="Sensor12181_S" textname="test sensor 12181"/>
			<item id="12182" losttest="1" iotype="AI" name="Sensor12182_S" textname="test sensor 12182"/>
			<item id="12183" losttest="1" iotype="AI" name="Sensor12183_S" textname="test sensor 12183"/>
			<item id="12184" losttest="1" iotype="AI" name="Sensor12184_S" textname="test sensor 12184"/>
			<item id="12185" losttest="1" iotype="AI" name="Sensor12185_S" textname="test sensor 12185"/>
			<item id="12186" losttest="1" iotype="AI" name="Sensor12186_S" textname="test sensor 12186"/>
			<item id="12187" losttest="1" iotype="AI" name="Sensor12187_S" textname="test sensor 12187"/>
			<item id="12188" losttest="1" iotype="AI" name="Sensor12188_S" textname="test sensor 12188"/>
			<item id="12189" losttest="1" iotype="AI" name="Sensor12189_S" textname="test sensor 12189"/>
			<item id="12190" losttest="1" iotype="AI" name="Sensor12190_S" textname="test sensor 12190"/>
			<item id="12191" losttest="1" iotype="AI" name="Sensor12191_S" textname="test sensor 12191"/>
			<item id="12192" losttest="1" iotype="AI" name="Sensor12192_S" textname="test sensor 12192"/>
			<item id="12193" losttest="1" iotype="AI" name="Sensor12193_S" textname="test sensor 12193"/>
			<item id="12194" losttest="1" iotype="AI" name="Sensor12194_S" textname="test sensor 12194"/>
			<item id="12195" losttest="1" iotype="AI" name="Sensor12195_S" textname="test sensor 12195"/>
			<item id="12196" losttest="1" iotype="AI" name="Sensor12196_S" textname="test sensor 12196"/>
			<item id="12197" losttest="1" iotype="AI" name="Sensor12197_S" textname="test sensor 12197"/>
			<item id="12198" losttest="1" iotype="AI" name="Sensor12198_S" textname="test sensor 12198"/>
			<item id="12199" losttest="1" iotype="AI" name="Sensor12199_S" textname="test sensor 12199"/>
			<item id="12200" losttest="1" iotype="AI" name="Sensor12200_S" textname="test sensor 12200"/>
			<item id="12201" losttest="1" iotype="AI" name="Sensor12201_S" textname="test sensor 12201"/>
			<item id="12202" losttest="1" iotype="AI" name="Sensor12202_S" textname="test sensor 12202"/>
			<item id="12203" losttest="1" iotype="AI" name="Sensor12203_S" textname="test sensor 12203"/>
			<item id="12204" losttest="1" iotype="AI" name="Sensor12204_S" textname="test sensor 12204"/>
			<item id="12205" losttest="1" iotype="AI" name="Sensor12205_S" textname="test sensor 12205"/>
			<item id="12206" losttest="1" iotype="AI" name="Sensor12206_S" textname="test sensor 12206"/>
			<item id="12207" losttest="1" iotype="AI" name="Sensor12207_S" textname="test sensor 12207"/>
			<item id="12208" losttest="1" iotype="AI" name="Sensor12208_S" textname="test sensor 12208"/>
			<item id="12209" losttest="1" iotype="AI" name="Sensor12209_S" textname="test sensor 12209"/>
			<item id="12210" losttest="1" iotype="AI" name="Sensor12210_S" textname="test sensor 12210"/>
			<item id="12211" losttest="1" iotype="AI" name="Sensor12211_S" textname="test sensor 12211"/>
			<item id="12212" losttest="1" iotype="AI" name="Sensor12212_S" textname="test sensor 12212"/>
			<item id="12213" losttest="1" iotype="AI" name="Sensor12213_S" textname="test sensor 12213"/>
			<item id="12214" losttest="1" iotype="AI" name="Sensor12214_S" textname="test sensor 12214"/>
			<item id="12215" losttest="1" iotype="AI" name="Sensor12215_S" textname="test sensor 12215"/>
			<item id="12216" losttest="1" iotype="AI" name="Sensor12216_S" textname="test sensor 12216"/>
			<item id="12217" losttest="1" iotype="AI" name="Sensor12217_S" textname="test sensor 12217"/>
			<item id="12218" losttest="1" iotype="AI" name="Sensor12218_S" textname="test sensor 12218"/>
			<item id="12219" losttest="1" iotype="AI" name="Sensor12219_S" textname="test sensor 12219"/>
			<item id="12220" losttest="1" iotype="AI" name="Sensor12220_S" textname="test sensor 12220"/>
			<item id="12221" losttest="1" iotype="AI" name="Sensor12221_S" textname="test sensor 12221"/>
			<item id="12222" losttest="1" iotype="AI" name="Sensor12222_S" textname="test sensor 12222"/>
			<item id="12223" losttest="1" iotype="AI" name="Sensor12223_S" textname="test sensor 12223"/>
			<item id="12224" losttest="1" iotype="AI" name="Sensor12224_S" textname="test sensor 12224"/>
			<item id="12225" losttest="1" iotype="AI" name="Sensor12225_S" textname="test sensor 12225"/>
			<item id="12226" losttest="1" iotype="AI" name="Sensor12226_S" textname="test sensor 12226"/>
			<item id="12227" losttest="1" iotype="AI" name="Sensor12227_S" textname="test sensor 12227"/>
			<item id="12228" losttest="1" iotype="AI" name="Sensor12228_S" textname="test sensor 12228"/>
			<item id="12229" losttest="1" iotype="AI" name="Sensor12229_S" textname="test sensor 12229"/>
			<item id="12230" losttest="1" iotype="AI" name="Sensor12230_S" textname="test sensor 12230"/>
			<item id="12231" losttest="1" iotype="AI" name="Sensor12231_S" textname="test sensor 12231"/>
			<item id="12232" losttest="1" iotype="AI" name="Sensor12232_S" textname="test sensor 12232"/>
			<item id="12233" losttest="1" iotype="AI" name="Sensor12233_S" textname="test sensor 12233"/>
			<item id="12234" losttest="1" iotype="AI" name="Sensor12234_S" textname="test sensor 12234"/>
			<item id="12235" losttest="1" iotype="AI" name="Sensor12235_S" textname="test sensor 12235"/>
			<item id="12236" losttest="1" iotype="AI" name="Sensor12236_S" textname="test sensor 12236"/>
			<item id="12237" losttest="1" iotype="AI" name="Sensor12237_S" textname="test sensor 12237"/>
			<item id="12238" losttest="1" iotype="AI" name="Sensor12238_S" textname="test sensor 12238"/>
			<item id="12239" losttest="1" iotype="AI" name="Sensor12239_S" textname="test sensor 12239"/>
			<item id="12240" losttest="1" iotype="AI" name="Sensor12240_S" textname="test sensor 12240"/>
			<item id="12241" losttest="1" iotype="AI" name="Sensor12241_S" textname="test sensor 12241"/>
			<item id="12242" losttest="1" iotype="AI" name="Sensor12242_S" textname="test sensor 12242"/>
			<item id="12243" losttest="1" iotype="AI" name="Sensor12243_S" textname="test sensor 12243"/>
			<item id="12244" losttest="1" iotype="AI" name="Sensor12244_S" textname="test sensor 12244"/>
			<item id="12245" losttest="1" iotype="AI" name="Sensor12245_S" textname="test sensor 12245"/>
			<item id="12246" losttest="1" iotype="AI" name="Sensor12246_S" textname="test sensor 12246"/>
			<item id="12247" losttest="1" iotype="AI" name="Sensor12247_S" textname="test sensor 12247"/>
			<item id="12248" losttest="1" iotype="AI" name="Sensor12248_S" textname="test sensor 12248"/>
			<item id="12249" losttest="1" iotype="AI" name="Sensor12249_S" textname="test sensor 12249"/>
			<item id="12250" losttest="1" iotype="AI" name="Sensor12250_S" textname="test sensor 12250"/>
			<item id="12251" losttest="1" iotype="AI" name="Sensor12251_S" textname="test sensor 12251"/>
			<item id="12252" losttest="1" iotype="AI" name="Sensor12252_S" textname="test sensor 12252"/>
			<item id="12253" losttest="1" iotype="AI" name="Sensor12253_S" textname="test sensor 12253"/>
			<item id="12254" losttest="1" iotype="AI" name="Sensor12254_S" textname="test sensor 12254"/>
			<item id="12255" losttest="1" iotype="AI" name="Sensor12255_S" textname="test sensor 12255"/>
			<item id="12256" losttest="1" iotype="AI" name="Sensor12256_S" textname="test sensor 12256"/>
			<item id="12257" losttest="1" iotype="AI" name="Sensor12257_S" textname="test sensor 12257"/>
			<item id="12258" losttest="1" iotype="AI" name="Sensor12258_S" textname="test sensor 12258"/>
			<item id="12259" losttest="1" iotype="AI" name="Sensor12259_S" textname="test sensor 12259"/>
			<item id="12260" losttest="1" iotype="AI" name="Sensor12260_S" textname="test sensor 12260"/>
			<item id="12261" losttest="1" iotype="AI" name="Sensor12261_S" textname="test sensor 12261"/>
			<item id="12262" losttest="1" iotype="AI" name="Sensor12262_S" textname="test sensor 12262"/>
			<item id="12263" losttest="1" iotype="AI" name="Sensor12263_S" textname="test sensor 12263"/>
			<item id="12264" losttest="1" iotype="AI" name="Sensor12264_S" textname="test sensor 12264"/>
			<item id="12265" losttest="1" iotype="AI" name="Sensor12265_S" textname="test sensor 12265"/>
			<item id="12266" losttest="1" iotype="AI" name="Sensor12266_S" textname="test sensor 12266"/>
			<item id="12267" losttest="1" iotype="AI" name="Sensor12267_S" textname="test sensor 12267"/>
			<item id="12268" losttest="1" iotype="AI" name="Sensor12268_S" textname="test sensor 12268"/>
			<item id="12269" losttest="1" iotype="AI" name="Sensor12269_S" textname="test sensor 12269"/>
			<item id="12270" losttest="1" iotype="AI" name="Sensor12270_S" textname="test sensor 12270"/>
			<item id="12271" losttest="1" iotype="AI" name="Sensor12271_S" textname="test sensor 12271"/>
			<item id="12272" losttest="1" iotype="AI" name="Sensor12272_S" textname="test sensor 12272"/>
			<item id="12273" losttest="1" iotype="AI" name="Sensor12273_S" textname="test sensor 12273"/>
			<item id="12274" losttest="1" iotype="AI" name="Sensor12274_S" textname="test sensor 12274"/>
			<item id="12275" losttest="1" iotype="AI" name="Sensor12275_S" textname="test sensor 12275"/>
			<item id="12276" losttest="1" iotype="AI" name="Sensor12276_S" textname="test sensor 12276"/>
			<item id="12277" losttest="1" iotype="AI" name="Sensor12277_S" textname="test sensor 12277"/>
			<item id="12278" losttest="1" iotype="AI" name="Sensor12278_S" textname="test sensor 12278"/>
			<item id="12279" losttest="1" iotype="AI" name="Sensor12279_S" textname="test sensor 12279"/>
			<item id="12280" losttest="1" iotype="AI" name="Sensor12280_S" textname="test sensor 12280"/>
			<item id="12281" losttest="1" iotype="AI" name="Sensor12281_S" textname="test sensor 12281"/>
			<item id="12282" losttest="1" iotype="AI" name="Sensor12282_S" textname="test sensor 12282"/>
			<item id="12283" losttest="1" iotype="AI" name="Sensor12283_S" textname="test sensor 12283"/>
			<item id="12284" losttest="1" iotype="AI" name="Sensor12284_S" textname="test sensor 12284"/>
			<item id="12285" losttest="1" iotype="AI" name="Sensor12285_S" textname="test sensor 12285"/>
			<item id="12286" losttest="1" iotype="AI" name="Sensor12286_S" textname="test sensor 12286"/>
			<item id="12287" losttest="1" iotype="AI" name="Sensor12287_S" textname="test sensor 12287"/>
			<item id="12288" losttest="1" iotype="AI" name="Sensor12288_S" textname="test sensor 12288"/>
			<item id="12289" losttest="1" iotype="AI" name="Sensor12289_S" textname="test sensor 12289"/>
			<item id="12290" losttest="1" iotype="AI" name="Sensor12290_S" textname="test sensor 12290"/>
			<item id="12291" losttest="1" iotype="AI" name="Sensor12291_S" textname="test sensor 12291"/>
			<item id="12292" losttest="1" iotype="AI" name="Sensor12292_S" textname="test sensor 12292"/>
			<item id="12293" losttest="1" iotype="AI" name="Sensor12293_S" textname="test sensor 12293"/>
			<item id="12294" losttest="1" iotype="AI" name="Sensor12294_S" textname="test sensor 12294"/>
			<item id="12295" losttest="1" iotype="AI" name="Sensor12295_S" textname="test sensor 12295"/>
			<item id="12296" losttest="1" iotype="AI" name="Sensor12296_S" textname="test sensor 12296"/>
			<item id="12297" losttest="1" iotype="AI" name="Sensor12297_S" textname="test sensor 12297"/>
			<item id="12298" losttest="1" iotype="AI" name="Sensor12298_S" textname="test sensor 12298"/>
			<item id="12299" losttest="1" iotype="AI" name="Sensor12299_S" textname="test sensor 12299"/>
			<item id="12300" losttest="1" iotype="AI" name="Sensor12300_S" textname="test sensor 12300"/>
			<item id="12301" losttest="1" iotype="AI" name="Sensor12301_S" textname="test sensor 12301"/>
			<item id="12302" losttest="1" iotype="AI" name="Sensor12302_S" textname="test sensor 12302"/>
			<item id="12303" losttest="1" iotype="AI" name="Sensor12303_S" textname="test sensor 12303"/>
			<item id="12304" losttest="1" iotype="AI" name="Sensor12304_S" textname="test sensor 12304"/>
			<item id="12305" losttest="1" iotype="AI" name="Sensor12305_S" textname="test sensor 12305"/>
			<item id="12306" losttest="1" iotype="AI" name="Sensor12306_S" textname="test sensor 12306"/>
			<item id="12307" losttest="1" iotype="AI" name="Sensor12307_S" textname="test sensor 12307"/>
			<item id="12308" losttest="1" iotype="AI" name="Sensor12308_S" textname="test sensor 12308"/>
			<item id="12309" losttest="1" iotype="AI" name="Sensor12309_S" textname="test sensor 12309"/>
			<item id="12310" losttest="1" iotype="AI" name="Sensor12310_S" textname="test sensor 12310"/>
			<item id="12311" losttest="1" iotype="AI" name="Sensor12311_S" textname="test sensor 12311"/>
			<item id="12312" losttest="1" iotype="AI" name="Sensor12312_S" textname="test sensor 12312"/>
			<item id="12313" losttest="1" iotype="AI" name="Sensor12313_S" textname="test sensor 12313"/>
			<item id="12314" losttest="1" iotype="AI" name="Sensor12314_S" textname="test sensor 12314"/>
			<item id="12315" losttest="1" iotype="AI" name="Sensor12315_S" textname="test sensor 12315"/>
			<item id="12316" losttest="1" iotype="AI" name="Sensor12316_S" textname="test sensor 12316"/>
			<item id="12317" losttest="1" iotype="AI" name="Sensor12317_S" textname="test sensor 12317"/>
			<item id="12318" losttest="1" iotype="AI" name="Sensor12318_S" textname="test sensor 12318"/>
			<item id="12319" losttest="1" iotype="AI" name="Sensor12319_S" textname="test sensor 12319"/>
			<item id="12320" losttest="1" iotype="AI" name="Sensor12320_S" textname="test sensor 12320"/>
			<item id="12321" losttest="1" iotype="AI" name="Sensor12321_S" textname="test sensor 12321"/>
			<item id="12322" losttest="1" iotype="AI" name="Sensor12322_S" textname="test sensor 12322"/>
			<item id="12323" losttest="1" iotype="AI" name="Sensor12323_S" textname="test sensor 12323"/>
			<item id="12324" losttest="1" iotype="AI" name="Sensor12324_S" textname="test sensor 12324"/>
			<item id="12325" losttest="1" iotype="AI" name="Sensor12325_S" textname="test sensor 12325"/>
			<item id="12326" losttest="1" iotype="AI" name="Sensor12326_S" textname="test sensor 12326"/>
			<item id="12327" losttest="1" iotype="AI" name="Sensor12327_S" textname="test sensor 12327"/>
			<item id="12328" losttest="1" iotype="AI" name="Sensor12328_S" textname="test sensor 12328"/>
			<item id="12329" losttest="1" iotype="AI" name="Sensor12329_S" textname="test sensor 12329"/>
			<item id="12330" losttest="1" iotype="AI" name="Sensor12330_S" textname="test sensor 12330"/>
			<item id="12331" losttest="1" iotype="AI" name="Sensor12331_S" textname="test sensor 12331"/>
			<item id="12332" losttest="1" iotype="AI" name="Sensor12332_S" textname="test sensor 12332"/>
			<item id="12333" losttest="1" iotype="AI" name="Sensor12333_S" textname="test sensor 12333"/>
			<item id="12334" losttest="1" iotype="AI" name="Sensor12334_S" textname="test sensor 12334"/>
			<item id="12335" losttest="1" iotype="AI" name="Sensor12335_S" textname="test sensor 12335"/>
			<item id="12336" losttest="1" iotype="AI" name="Sensor12336_S" textname="test sensor 12336"/>
			<item id="12337" losttest="1" iotype="AI" name="Sensor12337_S" textname="test sensor 12337"/>
			<item id="12338" losttest="1" iotype="AI" name="Sensor12338_S" textname="test sensor 12338"/>
			<item id="12339" losttest="1" iotype="AI" name="Sensor12339_S" textname="test sensor 12339"/>
			<item id="12340" losttest="1" iotype="AI" name="Sensor12340_S" textname="test sensor 12340"/>
			<item id="12341" losttest="1" iotype="AI" name="Sensor12341_S" textname="test sensor 12341"/>
			<item id="12342" losttest="1" iotype="AI" name="Sensor12342_S" textname="test sensor 12342"/>
			<item id="12343" losttest="1" iotype="AI" name="Sensor12343_S" textname="test sensor 12343"/>
			<item id="12344" losttest="1" iotype="AI" name="Sensor12344_S" textname="test sensor 12344"/>
			<item id="12345" losttest="1" iotype="AI" name="Sensor12345_S" textname="test sensor 12345"/>
			<item id="12346" losttest="1" iotype="AI" name="Sensor12346_S" textname="test sensor 12346"/>
			<item id="12347" losttest="1" iotype="AI" name="Sensor12347_S" textname="test sensor 12347"/>
			<item id="12348" losttest="1" iotype="AI" name="Sensor12348_S" textname="test sensor 12348"/>
			<item id="12349" losttest="1" iotype="AI" name="Sensor12349_S" textname="test sensor 12349"/>
			<item id="12350" losttest="1" iotype="AI" name="Sensor12350_S" textname="test sensor 12350"/>
			<item id="12351" losttest="1" iotype="AI" name="Sensor12351_S" textname="test sensor 12351"/>
			<item id="12352" losttest="1" iotype="AI" name="Sensor12352_S" textname="test sensor 12352"/>
			<item id="12353" losttest="1" iotype="AI" name="Sensor12353_S" textname="test sensor 12353"/>
			<item id="12354" losttest="1" iotype="AI" name="Sensor12354_S" textname="test sensor 12354"/>
			<item id="12355" losttest="1" iotype="AI" name="Sensor12355_S" textname="test sensor 12355"/>
			<item id="12356" losttest="1" iotype="AI" name="Sensor12356_S" textname="test sensor 12356"/>
			<item id="12357" losttest="1" iotype="AI" name="Sensor12357_S" textname="test sensor 12357"/>
			<item id="12358" losttest="1" iotype="AI" name="Sensor12358_S" textname="test sensor 12358"/>
			<item id="12359" losttest="1" iotype="AI" name="Sensor12359_S" textname="test sensor 12359"/>
			<item id="12360" losttest="1" iotype="AI" name="Sensor12360_S" textname="test sensor 12360"/>
			<item id="12361" losttest="1" iotype="AI" name="Sensor12361_S" textname="test sensor 12361"/>
			<item id="12362" losttest="1" iotype="AI" name="Sensor12362_S" textname="test sensor 12362"/>
			<item id="12363" losttest="1" iotype="AI" name="Sensor12363_S" textname="test sensor 12363"/>
			<item id="12364" losttest="1" iotype="AI" name="Sensor12364_S" textname="test sensor 12364"/>
			<item id="12365" losttest="1" iotype="AI" name="Sensor12365_S" textname="test sensor 12365"/>
			<item id="12366" losttest="1" iotype="AI" name="Sensor12366_S" textname="test sensor 12366"/>
			<item id="12367" losttest="1" iotype="AI" name="Sensor12367_S" textname="test sensor 12367"/>
			<item id="12368" losttest="1" iotype="AI" name="Sensor12368_S" textname="test sensor 12368"/>
			<item id="12369" losttest="1" iotype="AI" name="Sensor12369_S" textname="test sensor 12369"/>
			<item id="12370" losttest="1" iotype="AI" name="Sensor12370_S" textname="test sensor 12370"/>
			<item id="12371" losttest="1" iotype="AI" name="Sensor12371_S" textname="test sensor 12371"/>
			<item id="12372" losttest="1" iotype="AI" name="Sensor12372_S" textname="test sensor 12372"/>
			<item id="12373" losttest="1" iotype="AI" name="Sensor12373_S" textname="test sensor 12373"/>
			<item id="12374" losttest="1" iotype="AI" name="Sensor12374_S" textname="test sensor 12374"/>
			<item id="12375" losttest="1" iotype="AI" name="Sensor12375_S" textname="test sensor 12375"/>
			<item id="12376" losttest="1" iotype="AI" name="Sensor12376_S" textname="test sensor 12376"/>
			<item id="12377" losttest="1" iotype="AI" name="Sensor12377_S" textname="test sensor 12377"/>
			<item id="12378" losttest="1" iotype="AI" name="Sensor12378_S" textname="test sensor 12378"/>
			<item id="12379" losttest="1" iotype="AI" name="Sensor12379_S" textname="test sensor 12379"/>
			<item id="12380" losttest="1" iotype="AI" name="Sensor12380_S" textname="test sensor 12380"/>
			<item id="12381" losttest="1" iotype="AI" name="Sensor12381_S" textname="test sensor 12381"/>
			<item id="12382" losttest="1" iotype="AI" name="Sensor12382_S" textname="test sensor 12382"/>
			<item id="12383" losttest="1" iotype="AI" name="Sensor12383_S" textname="test sensor 12383"/>
			<item id="12384" losttest="1" iotype="AI" name="Sensor12384_S" textname="test sensor 12384"/>
			<item id="12385" losttest="1" iotype="AI" name="Sensor12385_S" textname="test sensor 12385"/>
			<item id="12386" losttest="1" iotype="AI" name="Sensor12386_S" textname="test sensor 12386"/>
			<item id="12387" losttest="1" iotype="AI" name="Sensor12387_S" textname="test sensor 12387"/>
			<item id="12388" losttest="1" iotype="AI" name="Sensor12388_S" textname="test sensor 12388"/>
			<item id="12389" losttest="1" iotype="AI" name="Sensor12389_S" textname="test sensor 12389"/>
			<item id="12390" losttest="1" iotype="AI" name="Sensor12390_S" textname="test sensor 12390"/>
			<item id="12391" losttest="1" iotype="AI" name="Sensor12391_S" textname="test sensor 12391"/>
			<item id="12392" losttest="1" iotype="AI" name="Sensor12392_S" textname="test sensor 12392"/>
			<item id="12393" losttest="1" iotype="AI" name="Sensor12393_S" textname="test sensor 12393"/>
			<item id="12394" losttest="1" iotype="AI" name="Sensor12394_S" textname="test sensor 12394"/>
			<item id="12395" losttest="1" iotype="AI" name="Sensor12395_S" textname="test sensor 12395"/>
			<item id="12396" losttest="1" iotype="AI" name="Sensor12396_S" textname="test sensor 12396"/>
			<item id="12397" losttest="1" iotype="AI" name="Sensor12397_S" textname="test sensor 12397"/>
			<item id="12398" losttest="1" iotype="AI" name="Sensor12398_S" textname="test sensor 12398"/>
			<item id="12399" losttest="1" iotype="AI" name="Sensor12399_S" textname="test sensor 12399"/>
			<item id="12400" losttest="1" iotype="AI" name="Sensor12400_S" textname="test sensor 12400"/>
			<item id="12401" losttest="1" iotype="AI" name="Sensor12401_S" textname="test sensor 12401"/>
			<item id="12402" losttest="1" iotype="AI" name="Sensor12402_S" textname="test sensor 12402"/>
			<item id="12403" losttest="1" iotype="AI" name="Sensor12403_S" textname="test sensor 12403"/>
			<item id="12404" losttest="1" iotype="AI" name="Sensor12404_S" textname="test sensor 12404"/>
			<item id="12405" losttest="1" iotype="AI" name="Sensor12405_S" textname="test sensor 12405"/>
			<item id="12406" losttest="1" iotype="AI" name="Sensor12406_S" textname="test sensor 12406"/>
			<item id="12407" losttest="1" iotype="AI" name="Sensor12407_S" textname="test sensor 12407"/>
			<item id="12408" losttest="1" iotype="AI" name="Sensor12408_S" textname="test sensor 12408"/>
			<item id="12409" losttest="1" iotype="AI" name="Sensor12409_S" textname="test sensor 12409"/>
			<item id="12410" losttest="1" iotype="AI" name="Sensor12410_S" textname="test sensor 12410"/>
			<item id="12411" losttest="1" iotype="AI" name="Sensor12411_S" textname="test sensor 12411"/>
			<item id="12412" losttest="1" iotype="AI" name="Sensor12412_S" textname="test sensor 12412"/>
			<item id="12413" losttest="1" iotype="AI" name="Sensor12413_S" textname="test sensor 12413"/>
			<item id="12414" losttest="1" iotype="AI" name="Sensor12414_S" textname="test sensor 12414"/>
			<item id="12415" losttest="1" iotype="AI" name="Sensor12415_S" textname="test sensor 12415"/>
			<item id="12416" losttest="1" iotype="AI" name="Sensor12416_S" textname="test sensor 12416"/>
			<item id="12417" losttest="1" iotype="AI" name="Sensor12417_S" textname="test sensor 12417"/>
			<item id="12418" losttest="1" iotype="AI" name="Sensor12418_S" textname="test sensor 12418"/>
			<item id="12419" losttest="1" iotype="AI" name="Sensor12419_S" textname="test sensor 12419"/>
			<item id="12420" losttest="1" iotype="AI" name="Sensor12420_S" textname="test sensor 12420"/>
			<item id="12421" losttest="1" iotype="AI" name="Sensor12421_S" textname="test sensor 12421"/>
			<item id="12422" losttest="1" iotype="AI" name="Sensor12422_S" textname="test sensor 12422"/>
			<item id="12423" losttest="1" iotype="AI" name="Sensor12423_S" textname="test sensor 12423"/>
			<item id="12424" losttest="1" iotype="AI" name="Sensor12424_S" textname="test sensor 12424"/>
			<item id="12425" losttest="1" iotype="AI" name="Sensor12425_S" textname="test sensor 12425"/>
			<item id="12426" losttest="1" iotype="AI" name="Sensor12426_S" textname="test sensor 12426"/>
			<item id="12427" losttest="1" iotype="AI" name="Sensor12427_S" textname="test sensor 12427"/>
			<item id="12428" losttest="1" iotype="AI" name="Sensor12428_S" textname="test sensor 12428"/>
			<item id="12429" losttest="1" iotype="AI" name="Sensor12429_S" textname="test sensor 12429"/>
			<item id="12430" losttest="1" iotype="AI" name="Sensor12430_S" textname="test sensor 12430"/>
			<item id="12431" losttest="1" iotype="AI" name="Sensor12431_S" textname="test sensor 12431"/>
			<item id="12432" losttest="1" iotype="AI" name="Sensor12432_S" textname="test sensor 12432"/>
			<item id="12433" losttest="1" iotype="AI" name="Sensor12433_S" textname="test sensor 12433"/>
			<item id="12434" losttest="1" iotype="AI" name="Sensor12434_S" textname="test sensor 12434"/>
			<item id="12435" losttest="1" iotype="AI" name="Sensor12435_S" textname="test sensor 12435"/>
			<item id="12436" losttest="1" iotype="AI" name="Sensor12436_S" textname="test sensor 12436"/>
			<item id="12437" losttest="1" iotype="AI" name="Sensor12437_S" textname="test sensor 12437"/>
			<item id="12438" losttest="1" iotype="AI" name="Sensor12438_S" textname="test sensor 12438"/>
			<item id="12439" losttest="1" iotype="AI" name="Sensor12439_S" textname="test sensor 12439"/>
			<item id="12440" losttest="1" iotype="AI" name="Sensor12440_S" textname="test sensor 12440"/>
			<item id="12441" losttest="1" iotype="AI" name="Sensor12441_S" textname="test sensor 12441"/>
			<item id="12442" losttest="1" iotype="AI" name="Sensor12442_S" textname="test sensor 12442"/>
			<item id="12443" losttest="1" iotype="AI" name="Sensor12443_S" textname="test sensor 12443"/>
			<item id="12444" losttest="1" iotype="AI" name="Sensor12444_S" textname="test sensor 12444"/>
			<item id="12445" losttest="1" iotype="AI" name="Sensor12445_S" textname="test sensor 12445"/>
			<item id="12446" losttest="1" iotype="AI" name="Sensor12446_S" textname="test sensor 12446"/>
			<item id="12447" losttest="1" iotype="AI" name="Sensor12447_S" textname="test sensor 12447"/>
			<item id="12448" losttest="1" iotype="AI" name="Sensor12448_S" textname="test sensor 12448"/>
			<item id="12449" losttest="1" iotype="AI" name="Sensor12449_S" textname="test sensor 12449"/>
			<item id="12450" losttest="1" iotype="AI" name="Sensor12450_S" textname="test sensor 12450"/>
			<item id="12451" losttest="1" iotype="AI" name="Sensor12451_S" textname="test sensor 12451"/>
			<item id="12452" losttest="1" iotype="AI" name="Sensor12452_S" textname="test sensor 12452"/>
			<item id="12453" losttest="1" iotype="AI" name="Sensor12453_S" textname="test sensor 12453"/>
			<item id="12454" losttest="1" iotype="AI" name="Sensor12454_S" textname="test sensor 12454"/>
			<item id="12455" losttest="1" iotype="AI" name="Sensor12455_S" textname="test sensor 12455"/>
			<item id="12456" losttest="1" iotype="AI" name="Sensor12456_S" textname="test sensor 12456"/>
			<item id="12457" losttest="1" iotype="AI" name="Sensor12457_S" textname="test sensor 12457"/>
			<item id="12458" losttest="1" iotype="AI" name="Sensor12458_S" textname="test sensor 12458"/>
			<item id="12459" losttest="1" iotype="AI" name="Sensor12459_S" textname="test sensor 12459"/>
			<item id="12460" losttest="1" iotype="AI" name="Sensor12460_S" textname="test sensor 12460"/>
			<item id="12461" losttest="1" iotype="AI" name="Sensor12461_S" textname="test sensor 12461"/>
			<item id="12462" losttest="1" iotype="AI" name="Sensor12462_S" textname="test sensor 12462"/>
			<item id="12463" losttest="1" iotype="AI" name="Sensor12463_S" textname="test sensor 12463"/>
			<item id="12464" losttest="1" iotype="AI" name="Sensor12464_S" textname="test sensor 12464"/>
			<item id="12465" losttest="1" iotype="AI" name="Sensor12465_S" textname="test sensor 12465"/>
			<item id="12466" losttest="1" iotype="AI" name="Sensor12466_S" textname="test sensor 12466"/>
			<item id="12467" losttest="1" iotype="AI" name="Sensor12467_S" textname="test sensor 12467"/>
			<item id="12468" losttest="1" iotype="AI" name="Sensor12468_S" textname="test sensor 12468"/>
			<item id="12469" losttest="1" iotype="AI" name="Sensor12469_S" textname="test sensor 12469"/>
			<item id="12470" losttest="1" iotype="AI" name="Sensor12470_S" textname="test sensor 12470"/>
			<item id="12471" losttest="1" iotype="AI" name="Sensor12471_S" textname="test sensor 12471"/>
			<item id="12472" losttest="1" iotype="AI" name="Sensor12472_S" textname="test sensor 12472"/>
			<item id="12473" losttest="1" iotype="AI" name="Sensor12473_S" textname="test sensor 12473"/>
			<item id="12474" losttest="1" iotype="AI" name="Sensor12474_S" textname="test sensor 12474"/>
			<item id="12475" losttest="1" iotype="AI" name="Sensor12475_S" textname="test sensor 12475"/>
			<item id="12476" losttest="1" iotype="AI" name="Sensor12476_S" textname="test sensor 12476"/>
			<item id="12477" losttest="1" iotype="AI" name="Sensor12477_S" textname="test sensor 12477"/>
			<item id="12478" losttest="1" iotype="AI" name="Sensor12478_S" textname="test sensor 12478"/>
			<item id="12479" losttest="1" iotype="AI" name="Sensor12479_S" textname="test sensor 12479"/>
			<item id="12480" losttest="1" iotype="AI" name="Sensor12480_S" textname="test sensor 12480"/>
			<item id="12481" losttest="1" iotype="AI" name="Sensor12481_S" textname="test sensor 12481"/>
			<item id="12482" losttest="1" iotype="AI" name="Sensor12482_S" textname="test sensor 12482"/>
			<item id="12483" losttest="1" iotype="AI" name="Sensor12483_S" textname="test sensor 12483"/>
			<item id="12484" losttest="1" iotype="AI" name="Sensor12484_S" textname="test sensor 12484"/>
			<item id="12485" losttest="1" iotype="AI" name="Sensor12485_S" textname="test sensor 12485"/>
			<item id="12486" losttest="1" iotype="AI" name="Sensor12486_S" textname="test sensor 12486"/>
			<item id="12487" losttest="1" iotype="AI" name="Sensor12487_S" textname="test sensor 12487"/>
			<item id="12488" losttest="1" iotype="AI" name="Sensor12488_S" textname="test sensor 12488"/>
			<item id="12489" losttest="1" iotype="AI" name="Sensor12489_S" textname="test sensor 12489"/>
			<item id="12490" losttest="1" iotype="AI" name="Sensor12490_S" textname="test sensor 12490"/>
			<item id="12491" losttest="1" iotype="AI" name="Sensor12491_S" textname="test sensor 12491"/>
			<item id="12492" losttest="1" iotype="AI" name="Sensor12492_S" textname="test sensor 12492"/>
			<item id="12493" losttest="1" iotype="AI" name="Sensor12493_S" textname="test sensor 12493"/>
			<item id="12494" losttest="1" iotype="AI" name="Sensor12494_S" textname="test sensor 12494"/>
			<item id="12495" losttest="1" iotype="AI" name="Sensor12495_S" textname="test sensor 12495"/>
			<item id="12496" losttest="1" iotype="AI" name="Sensor12496_S" textname="test sensor 12496"/>
			<item id="12497" losttest="1" iotype="AI" name="Sensor12497_S" textname="test sensor 12497"/>
			<item id="12498" losttest="1" iotype="AI" name="Sensor12498_S" textname="test sensor 12498"/>
			<item id="12499" losttest="1" iotype="AI" name="Sensor12499_S" textname="test sensor 12499"/>
			<item id="12500" losttest="1" iotype="AI" name="Sensor12500_S" textname="test sensor 12500"/>
			<item id="12501" losttest="1" iotype="AI" name="Sensor12501_S" textname="test sensor 12501"/>
			<item id="12502" losttest="1" iotype="AI" name="Sensor12502_S" textname="test sensor 12502"/>
			<item id="12503" losttest="1" iotype="AI" name="Sensor12503_S" textname="test sensor 12503"/>
			<item id="12504" losttest="1" iotype="AI" name="Sensor12504_S" textname="test sensor 12504"/>
			<item id="12505" losttest="1" iotype="AI" name="Sensor12505_S" textname="test sensor 12505"/>
			<item id="12506" losttest="1" iotype="AI" name="Sensor12506_S" textname="test sensor 12506"/>
			<item id="12507" losttest="1" iotype="AI" name="Sensor12507_S" textname="test sensor 12507"/>
			<item id="12508" losttest="1" iotype="AI" name="Sensor12508_S" textname="test sensor 12508"/>
			<item id="12509" losttest="1" iotype="AI" name="Sensor12509_S" textname="test sensor 12509"/>
			<item id="12510" losttest="1" iotype="AI" name="Sensor12510_S" textname="test sensor 12510"/>
			<item id="12511" losttest="1" iotype="AI" name="Sensor12511_S" textname="test sensor 12511"/>
			<item id="12512" losttest="1" iotype="AI" name="Sensor12512_S" textname="test sensor 12512"/>
			<item id="12513" losttest="1" iotype="AI" name="Sensor12513_S" textname="test sensor 12513"/>
			<item id="12514" losttest="1" iotype="AI" name="Sensor12514_S" textname="test sensor 12514"/>
			<item id="12515" losttest="1" iotype="AI" name="Sensor12515_S" textname="test sensor 12515"/>
			<item id="12516" losttest="1" iotype="AI" name="Sensor12516_S" textname="test sensor 12516"/>
			<item id="12517" losttest="1" iotype="AI" name="Sensor12517_S" textname="test sensor 12517"/>
			<item id="12518" losttest="1" iotype="AI" name="Sensor12518_S" textname="test sensor 12518"/>
			<item id="12519" losttest="1" iotype="AI" name="Sensor12519_S" textname="test sensor 12519"/>
			<item id="12520" losttest="1" iotype="AI" name="Sensor12520_S" textname="test sensor 12520"/>
			<item id="12521" losttest="1" iotype="AI" name="Sensor12521_S" textname="test sensor 12521"/>
			<item id="12522" losttest="1" iotype="AI" name="Sensor12522_S" textname="test sensor 12522"/>
			<item id="12523" losttest="1" iotype="AI" name="Sensor12523_S" textname="test sensor 12523"/>
			<item id="12524" losttest="1" iotype="AI" name="Sensor12524_S" textname="test sensor 12524"/>
			<item id="12525" losttest="1" iotype="AI" name="Sensor12525_S" textname="test sensor 12525"/>
			<item id="12526" losttest="1" iotype="AI" name="Sensor12526_S" textname="test sensor 12526"/>
			<item id="12527" losttest="1" iotype="AI" name="Sensor12527_S" textname="test sensor 12527"/>
			<item id="12528" losttest="1" iotype="AI" name="Sensor12528_S" textname="test sensor 12528"/>
			<item id="12529" losttest="1" iotype="AI" name="Sensor12529_S" textname="test sensor 12529"/>
			<item id="12530" losttest="1" iotype="AI" name="Sensor12530_S" textname="test sensor 12530"/>
			<item id="12531" losttest="1" iotype="AI" name="Sensor12531_S" textname="test sensor 12531"/>
			<item id="12532" losttest="1" iotype="AI" name="Sensor12532_S" textname="test sensor 12532"/>
			<item id="12533" losttest="1" iotype="AI" name="Sensor12533_S" textname="test sensor 12533"/>
			<item id="12534" losttest="1" iotype="AI" name="Sensor12534_S" textname="test sensor 12534"/>
			<item id="12535" losttest="1" iotype="AI" name="Sensor12535_S" textname="test sensor 12535"/>
			<item id="12536" losttest="1" iotype="AI" name="Sensor12536_S" textname="test sensor 12536"/>
			<item id="12537" losttest="1" iotype="AI" name="Sensor12537_S" textname="test sensor 12537"/>
			<item id="12538" losttest="1" iotype="AI" name="Sensor12538_S" textname="test sensor 12538"/>
			<item id="12539" losttest="1" iotype="AI" name="Sensor12539_S" textname="test sensor 12539"/>
			<item id="12540" losttest="1" iotype="AI" name="Sensor12540_S" textname="test sensor 12540"/>
			<item id="12541" losttest="1" iotype="AI" name="Sensor12541_S" textname="test sensor 12541"/>
			<item id="12542" losttest="1" iotype="AI" name="Sensor12542_S" textname="test sensor 12542"/>
			<item id="12543" losttest="1" iotype="AI" name="Sensor12543_S" textname="test sensor 12543"/>
			<item id="12544" losttest="1" iotype="AI" name="Sensor12544_S" textname="test sensor 12544"/>
			<item id="12545" losttest="1" iotype="AI" name="Sensor12545_S" textname="test sensor 12545"/>
			<item id="12546" losttest="1" iotype="AI" name="Sensor12546_S" textname="test sensor 12546"/>
			<item id="12547" losttest="1" iotype="AI" name="Sensor12547_S" textname="test sensor 12547"/>
			<item id="12548" losttest="1" iotype="AI" name="Sensor12548_S" textname="test sensor 12548"/>
			<item id="12549" losttest="1" iotype="AI" name="Sensor12549_S" textname="test sensor 12549"/>
			<item id="12550" losttest="1" iotype="AI" name="Sensor12550_S" textname="test sensor 12550"/>
			<item id="12551" losttest="1" iotype="AI" name="Sensor12551_S" textname="test sensor 12551"/>
			<item id="12552" losttest="1" iotype="AI" name="Sensor12552_S" textname="test sensor 12552"/>
			<item id="12553" losttest="1" iotype="AI" name="Sensor12553_S" textname="test sensor 12553"/>
			<item id="12554" losttest="1" iotype="AI" name="Sensor12554_S" textname="test sensor 12554"/>
			<item id="12555" losttest="1" iotype="AI" name="Sensor12555_S" textname="test sensor 12555"/>
			<item id="12556" losttest="1" iotype="AI" name="Sensor12556_S" textname="test sensor 12556"/>
			<item id="12557" losttest="1" iotype="AI" name="Sensor12557_S" textname="test sensor 12557"/>
			<item id="12558" losttest="1" iotype="AI" name="Sensor12558_S" textname="test sensor 12558"/>
			<item id="12559" losttest="1" iotype="AI" name="Sensor12559_S" textname="test sensor 12559"/>
			<item id="12560" losttest="1" iotype="AI" name="Sensor12560_S" textname="test sensor 12560"/>
			<item id="12561" losttest="1" iotype="AI" name="Sensor12561_S" textname="test sensor 12561"/>
			<item id="12562" losttest="1" iotype="AI" name="Sensor12562_S" textname="test sensor 12562"/>
			<item id="12563" losttest="1" iotype="AI" name="Sensor12563_S" textname="test sensor 12563"/>
			<item id="12564" losttest="1" iotype="AI" name="Sensor12564_S" textname="test sensor 12564"/>
			<item id="12565" losttest="1" iotype="AI" name="Sensor12565_S" textname="test sensor 12565"/>
			<item id="12566" losttest="1" iotype="AI" name="Sensor12566_S" textname="test sensor 12566"/>
			<item id="12567" losttest="1" iotype="AI" name="Sensor12567_S" textname="test sensor 12567"/>
			<item id="12568" losttest="1" iotype="AI" name="Sensor12568_S" textname="test sensor 12568"/>
			<item id="12569" losttest="1" iotype="AI" name="Sensor12569_S" textname="test sensor 12569"/>
			<item id="12570" losttest="1" iotype="AI" name="Sensor12570_S" textname="test sensor 12570"/>
			<item id="12571" losttest="1" iotype="AI" name="Sensor12571_S" textname="test sensor 12571"/>
			<item id="12572" losttest="1" iotype="AI" name="Sensor12572_S" textname="test sensor 12572"/>
			<item id="12573" losttest="1" iotype="AI" name="Sensor12573_S" textname="test sensor 12573"/>
			<item id="12574" losttest="1" iotype="AI" name="Sensor12574_S" textname="test sensor 12574"/>
			<item id="12575" losttest="1" iotype="AI" name="Sensor12575_S" textname="test sensor 12575"/>
			<item id="12576" losttest="1" iotype="AI" name="Sensor12576_S" textname="test sensor 12576"/>
			<item id="12577" losttest="1" iotype="AI" name="Sensor12577_S" textname="test sensor 12577"/>
			<item id="12578" losttest="1" iotype="AI" name="Sensor12578_S" textname="test sensor 12578"/>
			<item id="12579" losttest="1" iotype="AI" name="Sensor12579_S" textname="test sensor 12579"/>
			<item id="12580" losttest="1" iotype="AI" name="Sensor12580_S" textname="test sensor 12580"/>
			<item id="12581" losttest="1" iotype="AI" name="Sensor12581_S" textname="test sensor 12581"/>
			<item id="12582" losttest="1" iotype="AI" name="Sensor12582_S" textname="test sensor 12582"/>
			<item id="12583" losttest="1" iotype="AI" name="Sensor12583_S" textname="test sensor 12583"/>
			<item id="12584" losttest="1" iotype="AI" name="Sensor12584_S" textname="test sensor 12584"/>
			<item id="12585" losttest="1" iotype="AI" name="Sensor12585_S" textname="test sensor 12585"/>
			<item id="12586" losttest="1" iotype="AI" name="Sensor12586_S" textname="test sensor 12586"/>
			<item id="12587" losttest="1" iotype="AI" name="Sensor12587_S" textname="test sensor 12587"/>
			<item id="12588" losttest="1" iotype="AI" name="Sensor12588_S" textname="test sensor 12588"/>
			<item id="12589" losttest="1" iotype="AI" name="Sensor12589_S" textname="test sensor 12589"/>
			<item id="12590" losttest="1" iotype="AI" name="Sensor12590_S" textname="test sensor 12590"/>
			<item id="12591" losttest="1" iotype="AI" name="Sensor12591_S" textname="test sensor 12591"/>
			<item id="12592" losttest="1" iotype="AI" name="Sensor12592_S" textname="test sensor 12592"/>
			<item id="12593" losttest="1" iotype="AI" name="Sensor12593_S" textname="test sensor 12593"/>
			<item id="12594" losttest="1" iotype="AI" name="Sensor12594_S" textname="test sensor 12594"/>
			<item id="12595" losttest="1" iotype="AI" name="Sensor12595_S" textname="test sensor 12595"/>
			<item id="12596" losttest="1" iotype="AI" name="Sensor12596_S" textname="test sensor 12596"/>
			<item id="12597" losttest="1" iotype="AI" name="Sensor12597_S" textname="test sensor 12597"/>
			<item id="12598" losttest="1" iotype="AI" name="Sensor12598_S" textname="test sensor 12598"/>
			<item id="12599" losttest="1" iotype="AI" name="Sensor12599_S" textname="test sensor 12599"/>
			<item id="12600" losttest="1" iotype="AI" name="Sensor12600_S" textname="test sensor 12600"/>
			<item id="12601" losttest="1" iotype="AI" name="Sensor12601_S" textname="test sensor 12601"/>
			<item id="12602" losttest="1" iotype="AI" name="Sensor12602_S" textname="test sensor 12602"/>
			<item id="12603" losttest="1" iotype="AI" name="Sensor12603_S" textname="test sensor 12603"/>
			<item id="12604" losttest="1" iotype="AI" name="Sensor12604_S" textname="test sensor 12604"/>
			<item id="12605" losttest="1" iotype="AI" name="Sensor12605_S" textname="test sensor 12605"/>
			<item id="12606" losttest="1" iotype="AI" name="Sensor12606_S" textname="test sensor 12606"/>
			<item id="12607" losttest="1" iotype="AI" name="Sensor12607_S" textname="test sensor 12607"/>
			<item id="12608" losttest="1" iotype="AI" name="Sensor12608_S" textname="test sensor 12608"/>
			<item id="12609" losttest="1" iotype="AI" name="Sensor12609_S" textname="test sensor 12609"/>
			<item id="12610" losttest="1" iotype="AI" name="Sensor12610_S" textname="test sensor 12610"/>
			<item id="12611" losttest="1" iotype="AI" name="Sensor12611_S" textname="test sensor 12611"/>
			<item id="12612" losttest="1" iotype="AI" name="Sensor12612_S" textname="test sensor 12612"/>
			<item id="12613" losttest="1" iotype="AI" name="Sensor12613_S" textname="test sensor 12613"/>
			<item id="12614" losttest="1" iotype="AI" name="Sensor12614_S" textname="test sensor 12614"/>
			<item id="12615" losttest="1" iotype="AI" name="Sensor12615_S" textname="test sensor 12615"/>
			<item id="12616" losttest="1" iotype="AI" name="Sensor12616_S" textname="test sensor 12616"/>
			<item id="12617" losttest="1" iotype="AI" name="Sensor12617_S" textname="test sensor 12617"/>
			<item id="12618" losttest="1" iotype="AI" name="Sensor12618_S" textname="test sensor 12618"/>
			<item id="12619" losttest="1" iotype="AI" name="Sensor12619_S" textname="test sensor 12619"/>
			<item id="12620" losttest="1" iotype="AI" name="Sensor12620_S" textname="test sensor 12620"/>
			<item id="12621" losttest="1" iotype="AI" name="Sensor12621_S" textname="test sensor 12621"/>
			<item id="12622" losttest="1" iotype="AI" name="Sensor12622_S" textname="test sensor 12622"/>
			<item id="12623" losttest="1" iotype="AI" name="Sensor12623_S" textname="test sensor 12623"/>
			<item id="12624" losttest="1" iotype="AI" name="Sensor12624_S" textname="test sensor 12624"/>
			<item id="12625" losttest="1" iotype="AI" name="Sensor12625_S" textname="test sensor 12625"/>
			<item id="12626" losttest="1" iotype="AI" name="Sensor12626_S" textname="test sensor 12626"/>
			<item id="12627" losttest="1" iotype="AI" name="Sensor12627_S" textname="test sensor 12627"/>
			<item id="12628" losttest="1" iotype="AI" name="Sensor12628_S" textname="test sensor 12628"/>
			<item id="12629" losttest="1" iotype="AI" name="Sensor12629_S" textname="test sensor 12629"/>
			<item id="12630" losttest="1" iotype="AI" name="Sensor12630_S" textname="test sensor 12630"/>
			<item id="12631" losttest="1" iotype="AI" name="Sensor12631_S" textname="test sensor 12631"/>
			<item id="12632" losttest="1" iotype="AI" name="Sensor12632_S" textname="test sensor 12632"/>
			<item id="12633" losttest="1" iotype="AI" name="Sensor12633_S" textname="test sensor 12633"/>
			<item id="12634" losttest="1" iotype="AI" name="Sensor12634_S" textname="test sensor 12634"/>
			<item id="12635" losttest="1" iotype="AI" name="Sensor12635_S" textname="test sensor 12635"/>
			<item id="12636" losttest="1" iotype="AI" name="Sensor12636_S" textname="test sensor 12636"/>
			<item id="12637" losttest="1" iotype="AI" name="Sensor12637_S" textname="test sensor 12637"/>
			<item id="12638" losttest="1" iotype="AI" name="Sensor12638_S" textname="test sensor 12638"/>
			<item id="12639" losttest="1" iotype="AI" name="Sensor12639_S" textname="test sensor 12639"/>
			<item id="12640" losttest="1" iotype="AI" name="Sensor12640_S" textname="test sensor 12640"/>
			<item id="12641" losttest="1" iotype="AI" name="Sensor12641_S" textname="test sensor 12641"/>
			<item id="12642" losttest="1" iotype="AI" name="Sensor12642_S" textname="test sensor 12642"/>
			<item id="12643" losttest="1" iotype="AI" name="Sensor12643_S" textname="test sensor 12643"/>
			<item id="12644" losttest="1" iotype="AI" name="Sensor12644_S" textname="test sensor 12644"/>
			<item id="12645" losttest="1" iotype="AI" name="Sensor12645_S" textname="test sensor 12645"/>
			<item id="12646" losttest="1" iotype="AI" name="Sensor12646_S" textname="test sensor 12646"/>
			<item id="12647" losttest="1" iotype="AI" name="Sensor12647_S" textname="test sensor 12647"/>
			<item id="12648" losttest="1" iotype="AI" name="Sensor12648_S" textname="test sensor 12648"/>
			<item id="12649" losttest="1" iotype="AI" name="Sensor12649_S" textname="test sensor 12649"/>
			<item id="12650" losttest="1" iotype="AI" name="Sensor12650_S" textname="test sensor 12650"/>
			<item id="12651" losttest="1" iotype="AI" name="Sensor12651_S" textname="test sensor 12651"/>
			<item id="12652" losttest="1" iotype="AI" name="Sensor12652_S" textname="test sensor 12652"/>
			<item id="12653" losttest="1" iotype="AI" name="Sensor12653_S" textname="test sensor 12653"/>
			<item id="12654" losttest="1" iotype="AI" name="Sensor12654_S" textname="test sensor 12654"/>
			<item id="12655" losttest="1" iotype="AI" name="Sensor12655_S" textname="test sensor 12655"/>
			<item id="12656" losttest="1" iotype="AI" name="Sensor12656_S" textname="test sensor 12656"/>
			<item id="12657" losttest="1" iotype="AI" name="Sensor12657_S" textname="test sensor 12657"/>
			<item id="12658" losttest="1" iotype="AI" name="Sensor12658_S" textname="test sensor 12658"/>
			<item id="12659" losttest="1" iotype="AI" name="Sensor12659_S" textname="test sensor 12659"/>
			<item id="12660" losttest="1" iotype="AI" name="Sensor12660_S" textname="test sensor 12660"/>
			<item id="12661" losttest="1" iotype="AI" name="Sensor12661_S" textname="test sensor 12661"/>
			<item id="12662" losttest="1" iotype="AI" name="Sensor12662_S" textname="test sensor 12662"/>
			<item id="12663" losttest="1" iotype="AI" name="Sensor12663_S" textname="test sensor 12663"/>
			<item id="12664" losttest="1" iotype="AI" name="Sensor12664_S" textname="test sensor 12664"/>
			<item id="12665" losttest="1" iotype="AI" name="Sensor12665_S" textname="test sensor 12665"/>
			<item id="12666" losttest="1" iotype="AI" name="Sensor12666_S" textname="test sensor 12666"/>
			<item id="12667" losttest="1" iotype="AI" name="Sensor12667_S" textname="test sensor 12667"/>
			<item id="12668" losttest="1" iotype="AI" name="Sensor12668_S" textname="test sensor 12668"/>
			<item id="12669" losttest="1" iotype="AI" name="Sensor12669_S" textname="test sensor 12669"/>
			<item id="12670" losttest="1" iotype="AI" name="Sensor12670_S" textname="test sensor 12670"/>
			<item id="12671" losttest="1" iotype="AI" name="Sensor12671_S" textname="test sensor 12671"/>
			<item id="12672" losttest="1" iotype="AI" name="Sensor12672_S" textname="test sensor 12672"/>
			<item id="12673" losttest="1" iotype="AI" name="Sensor12673_S" textname="test sensor 12673"/>
			<item id="12674" losttest="1" iotype="AI" name="Sensor12674_S" textname="test sensor 12674"/>
			<item id="12675" losttest="1" iotype="AI" name="Sensor12675_S" textname="test sensor 12675"/>
			<item id="12676" losttest="1" iotype="AI" name="Sensor12676_S" textname="test sensor 12676"/>
			<item id="12677" losttest="1" iotype="AI" name="Sensor12677_S" textname="test sensor 12677"/>
			<item id="12678" losttest="1" iotype="AI" name="Sensor12678_S" textname="test sensor 12678"/>
			<item id="12679" losttest="1" iotype="AI" name="Sensor12679_S" textname="test sensor 12679"/>
			<item id="12680" losttest="1" iotype="AI" name="Sensor12680_S" textname="test sensor 12680"/>
			<item id="12681" losttest="1" iotype="AI" name="Sensor12681_S" textname="test sensor 12681"/>
			<item id="12682" losttest="1" iotype="AI" name="Sensor12682_S" textname="test sensor 12682"/>
			<item id="12683" losttest="1" iotype="AI" name="Sensor12683_S" textname="test sensor 12683"/>
			<item id="12684" losttest="1" iotype="AI" name="Sensor12684_S" textname="test sensor 12684"/>
			<item id="12685" losttest="1" iotype="AI" name="Sensor12685_S" textname="test sensor 12685"/>
			<item id="12686" losttest="1" iotype="AI" name="Sensor12686_S" textname="test sensor 12686"/>
			<item id="12687" losttest="1" iotype="AI" name="Sensor12687_S" textname="test sensor 12687"/>
			<item id="12688" losttest="1" iotype="AI" name="Sensor12688_S" textname="test sensor 12688"/>
			<item id="12689" losttest="1" iotype="AI" name="Sensor12689_S" textname="test sensor 12689"/>
			<item id="12690" losttest="1" iotype="AI" name="Sensor12690_S" textname="test sensor 12690"/>
			<item id="12691" losttest="1" iotype="AI" name="Sensor12691_S" textname="test sensor 12691"/>
			<item id="12692" losttest="1" iotype="AI" name="Sensor12692_S" textname="test sensor 12692"/>
			<item id="12693" losttest="1" iotype="AI" name="Sensor12693_S" textname="test sensor 12693"/>
			<item id="12694" losttest="1" iotype="AI" name="Sensor12694_S" textname="test sensor 12694"/>
			<item id="12695" losttest="1" iotype="AI" name="Sensor12695_S" textname="test sensor 12695"/>
			<item id="12696" losttest="1" iotype="AI" name="Sensor12696_S" textname="test sensor 12696"/>
			<item id="12697" losttest="1" iotype="AI" name="Sensor12697_S" textname="test sensor 12697"/>
			<item id="12698" losttest="1" iotype="AI" name="Sensor12698_S" textname="test sensor 12698"/>
			<item id="12699" losttest="1" iotype="AI" name="Sensor12699_S" textname="test sensor 12699"/>
			<item id="12700" losttest="1" iotype="AI" name="Sensor12700_S" textname="test sensor 12700"/>
			<item id="12701" losttest="1" iotype="AI" name="Sensor12701_S" textname="test sensor 12701"/>
			<item id="12702" losttest="1" iotype="AI" name="Sensor12702_S" textname="test sensor 12702"/>
			<item id="12703" losttest="1" iotype="AI" name="Sensor12703_S" textname="test sensor 12703"/>
			<item id="12704" losttest="1" iotype="AI" name="Sensor12704_S" textname="test sensor 12704"/>
			<item id="12705" losttest="1" iotype="AI" name="Sensor12705_S" textname="test sensor 12705"/>
			<item id="12706" losttest="1" iotype="AI" name="Sensor12706_S" textname="test sensor 12706"/>
			<item id="12707" losttest="1" iotype="AI" name="Sensor12707_S" textname="test sensor 12707"/>
			<item id="12708" losttest="1" iotype="AI" name="Sensor12708_S" textname="test sensor 12708"/>
			<item id="12709" losttest="1" iotype="AI" name="Sensor12709_S" textname="test sensor 12709"/>
			<item id="12710" losttest="1" iotype="AI" name="Sensor12710_S" textname="test sensor 12710"/>
			<item id="12711" losttest="1" iotype="AI" name="Sensor12711_S" textname="test sensor 12711"/>
			<item id="12712" losttest="1" iotype="AI" name="Sensor12712_S" textname="test sensor 12712"/>
			<item id="12713" losttest="1" iotype="AI" name="Sensor12713_S" textname="test sensor 12713"/>
			<item id="12714" losttest="1" iotype="AI" name="Sensor12714_S" textname="test sensor 12714"/>
			<item id="12715" losttest="1" iotype="AI" name="Sensor12715_S" textname="test sensor 12715"/>
			<item id="12716" losttest="1" iotype="AI" name="Sensor12716_S" textname="test sensor 12716"/>
			<item id="12717" losttest="1" iotype="AI" name="Sensor12717_S" textname="test sensor 12717"/>
			<item id="12718" losttest="1" iotype="AI" name="Sensor12718_S" textname="test sensor 12718"/>
			<item id="12719" losttest="1" iotype="AI" name="Sensor12719_S" textname="test sensor 12719"/>
			<item id="12720" losttest="1" iotype="AI" name="Sensor12720_S" textname="test sensor 12720"/>
			<item id="12721" losttest="1" iotype="AI" name="Sensor12721_S" textname="test sensor 12721"/>
			<item id="12722" losttest="1" iotype="AI" name="Sensor12722_S" textname="test sensor 12722"/>
			<item id="12723" losttest="1" iotype="AI" name="Sensor12723_S" textname="test sensor 12723"/>
			<item id="12724" losttest="1" iotype="AI" name="Sensor12724_S" textname="test sensor 12724"/>
			<item id="12725" losttest="1" iotype="AI" name="Sensor12725_S" textname="test sensor 12725"/>
			<item id="12726" losttest="1" iotype="AI" name="Sensor12726_S" textname="test sensor 12726"/>
			<item id="12727" losttest="1" iotype="AI" name="Sensor12727_S" textname="test sensor 12727"/>
			<item id="12728" losttest="1" iotype="AI" name="Sensor12728_S" textname="test sensor 12728"/>
			<item id="12729" losttest="1" iotype="AI" name="Sensor12729_S" textname="test sensor 12729"/>
			<item id="12730" losttest="1" iotype="AI" name="Sensor12730_S" textname="test sensor 12730"/>
			<item id="12731" losttest="1" iotype="AI" name="Sensor12731_S" textname="test sensor 12731"/>
			<item id="12732" losttest="1" iotype="AI" name="Sensor12732_S" textname="test sensor 12732"/>
			<item id="12733" losttest="1" iotype="AI" name="Sensor12733_S" textname="test sensor 12733"/>
			<item id="12734" losttest="1" iotype="AI" name="Sensor12734_S" textname="test sensor 12734"/>
			<item id="12735" losttest="1" iotype="AI" name="Sensor12735_S" textname="test sensor 12735"/>
			<item id="12736" losttest="1" iotype="AI" name="Sensor12736_S" textname="test sensor 12736"/>
			<item id="12737" losttest="1" iotype="AI" name="Sensor12737_S" textname="test sensor 12737"/>
			<item id="12738" losttest="1" iotype="AI" name="Sensor12738_S" textname="test sensor 12738"/>
			<item id="12739" losttest="1" iotype="AI" name="Sensor12739_S" textname="test sensor 12739"/>
			<item id="12740" losttest="1" iotype="AI" name="Sensor12740_S" textname="test sensor 12740"/>
			<item id="12741" losttest="1" iotype="AI" name="Sensor12741_S" textname="test sensor 12741"/>
			<item id="12742" losttest="1" iotype="AI" name="Sensor12742_S" textname="test sensor 12742"/>
			<item id="12743" losttest="1" iotype="AI" name="Sensor12743_S" textname="test sensor 12743"/>
			<item id="12744" losttest="1" iotype="AI" name="Sensor12744_S" textname="test sensor 12744"/>
			<item id="12745" losttest="1" iotype="AI" name="Sensor12745_S" textname="test sensor 12745"/>
			<item id="12746" losttest="1" iotype="AI" name="Sensor12746_S" textname="test sensor 12746"/>
			<item id="12747" losttest="1" iotype="AI" name="Sensor12747_S" textname="test sensor 12747"/>
			<item id="12748" losttest="1" iotype="AI" name="Sensor12748_S" textname="test sensor 12748"/>
			<item id="12749" losttest="1" iotype="AI" name="Sensor12749_S" textname="test sensor 12749"/>
			<item id="12750" losttest="1" iotype="AI" name="Sensor12750_S" textname="test sensor 12750"/>
			<item id="12751" losttest="1" iotype="AI" name="Sensor12751_S" textname="test sensor 12751"/>
			<item id="12752" losttest="1" iotype="AI" name="Sensor12752_S" textname="test sensor 12752"/>
			<item id="12753" losttest="1" iotype="AI" name="Sensor12753_S" textname="test sensor 12753"/>
			<item id="12754" losttest="1" iotype="AI" name="Sensor12754_S" textname="test sensor 12754"/>
			<item id="12755" losttest="1" iotype="AI" name="Sensor12755_S" textname="test sensor 12755"/>
			<item id="12756" losttest="1" iotype="AI" name="Sensor12756_S" textname="test sensor 12756"/>
			<item id="12757" losttest="1" iotype="AI" name="Sensor12757_S" textname="test sensor 12757"/>
			<item id="12758" losttest="1" iotype="AI" name="Sensor12758_S" textname="test sensor 12758"/>
			<item id="12759" losttest="1" iotype="AI" name="Sensor12759_S" textname="test sensor 12759"/>
			<item id="12760" losttest="1" iotype="AI" name="Sensor12760_S" textname="test sensor 12760"/>
			<item id="12761" losttest="1" iotype="AI" name="Sensor12761_S" textname="test sensor 12761"/>
			<item id="12762" losttest="1" iotype="AI" name="Sensor12762_S" textname="test sensor 12762"/>
			<item id="12763" losttest="1" iotype="AI" name="Sensor12763_S" textname="test sensor 12763"/>
			<item id="12764" losttest="1" iotype="AI" name="Sensor12764_S" textname="test sensor 12764"/>
			<item id="12765" losttest="1" iotype="AI" name="Sensor12765_S" textname="test sensor 12765"/>
			<item id="12766" losttest="1" iotype="AI" name="Sensor12766_S" textname="test sensor 12766"/>
			<item id="12767" losttest="1" iotype="AI" name="Sensor12767_S" textname="test sensor 12767"/>
			<item id="12768" losttest="1" iotype="AI" name="Sensor12768_S" textname="test sensor 12768"/>
			<item id="12769" losttest="1" iotype="AI" name="Sensor12769_S" textname="test sensor 12769"/>
			<item id="12770" losttest="1" iotype="AI" name="Sensor12770_S" textname="test sensor 12770"/>
			<item id="12771" losttest="1" iotype="AI" name="Sensor12771_S" textname="test sensor 12771"/>
			<item id="12772" losttest="1" iotype="AI" name="Sensor12772_S" textname="test sensor 12772"/>
			<item id="12773" losttest="1" iotype="AI" name="Sensor12773_S" textname="test sensor 12773"/>
			<item id="12774" losttest="1" iotype="AI" name="Sensor12774_S" textname="test sensor 12774"/>
			<item id="12775" losttest="1" iotype="AI" name="Sensor12775_S" textname="test sensor 12775"/>
			<item id="12776" losttest="1" iotype="AI" name="Sensor12776_S" textname="test sensor 12776"/>
			<item id="12777" losttest="1" iotype="AI" name="Sensor12777_S" textname="test sensor 12777"/>
			<item id="12778" losttest="1" iotype="AI" name="Sensor12778_S" textname="test sensor 12778"/>
			<item id="12779" losttest="1" iotype="AI" name="Sensor12779_S" textname="test sensor 12779"/>
			<item id="12780" losttest="1" iotype="AI" name="Sensor12780_S" textname="test sensor 12780"/>
			<item id="12781" losttest="1" iotype="AI" name="Sensor12781_S" textname="test sensor 12781"/>
			<item id="12782" losttest="1" iotype="AI" name="Sensor12782_S" textname="test sensor 12782"/>
			<item id="12783" losttest="1" iotype="AI" name="Sensor12783_S" textname="test sensor 12783"/>
			<item id="12784" losttest="1" iotype="AI" name="Sensor12784_S" textname="test sensor 12784"/>
			<item id="12785" losttest="1" iotype="AI" name="Sensor12785_S" textname="test sensor 12785"/>
			<item id="12786" losttest="1" iotype="AI" name="Sensor12786_S" textname="test sensor 12786"/>
			<item id="12787" losttest="1" iotype="AI" name="Sensor12787_S" textname="test sensor 12787"/>
			<item id="12788" losttest="1" iotype="AI" name="Sensor12788_S" textname="test sensor 12788"/>
			<item id="12789" losttest="1" iotype="AI" name="Sensor12789_S" textname="test sensor 12789"/>
			<item id="12790" losttest="1" iotype="AI" name="Sensor12790_S" textname="test sensor 12790"/>
			<item id="12791" losttest="1" iotype="AI" name="Sensor12791_S" textname="test sensor 12791"/>
			<item id="12792" losttest="1" iotype="AI" name="Sensor12792_S" textname="test sensor 12792"/>
			<item id="12793" losttest="1" iotype="AI" name="Sensor12793_S" textname="test sensor 12793"/>
			<item id="12794" losttest="1" iotype="AI" name="Sensor12794_S" textname="test sensor 12794"/>
			<item id="12795" losttest="1" iotype="AI" name="Sensor12795_S" textname="test sensor 12795"/>
			<item id="12796" losttest="1" iotype="AI" name="Sensor12796_S" textname="test sensor 12796"/>
			<item id="12797" losttest="1" iotype="AI" name="Sensor12797_S" textname="test sensor 12797"/>
			<item id="12798" losttest="1" iotype="AI" name="Sensor12798_S" textname="test sensor 12798"/>
			<item id="12799" losttest="1" iotype="AI" name="Sensor12799_S" textname="test sensor 12799"/>
			<item id="12800" losttest="1" iotype="AI" name="Sensor12800_S" textname="test sensor 12800"/>
			<item id="12801" losttest="1" iotype="AI" name="Sensor12801_S" textname="test sensor 12801"/>
			<item id="12802" losttest="1" iotype="AI" name="Sensor12802_S" textname="test sensor 12802"/>
			<item id="12803" losttest="1" iotype="AI" name="Sensor12803_S" textname="test sensor 12803"/>
			<item id="12804" losttest="1" iotype="AI" name="Sensor12804_S" textname="test sensor 12804"/>
			<item id="12805" losttest="1" iotype="AI" name="Sensor12805_S" textname="test sensor 12805"/>
			<item id="12806" losttest="1" iotype="AI" name="Sensor12806_S" textname="test sensor 12806"/>
			<item id="12807" losttest="1" iotype="AI" name="Sensor12807_S" textname="test sensor 12807"/>
			<item id="12808" losttest="1" iotype="AI" name="Sensor12808_S" textname="test sensor 12808"/>
			<item id="12809" losttest="1" iotype="AI" name="Sensor12809_S" textname="test sensor 12809"/>
			<item id="12810" losttest="1" iotype="AI" name="Sensor12810_S" textname="test sensor 12810"/>
			<item id="12811" losttest="1" iotype="AI" name="Sensor12811_S" textname="test sensor 12811"/>
			<item id="12812" losttest="1" iotype="AI" name="Sensor12812_S" textname="test sensor 12812"/>
			<item id="12813" losttest="1" iotype="AI" name="Sensor12813_S" textname="test sensor 12813"/>
			<item id="12814" losttest="1" iotype="AI" name="Sensor12814_S" textname="test sensor 12814"/>
			<item id="12815" losttest="1" iotype="AI" name="Sensor12815_S" textname="test sensor 12815"/>
			<item id="12816" losttest="1" iotype="AI" name="Sensor12816_S" textname="test sensor 12816"/>
			<item id="12817" losttest="1" iotype="AI" name="Sensor12817_S" textname="test sensor 12817"/>
			<item id="12818" losttest="1" iotype="AI" name="Sensor12818_S" textname="test sensor 12818"/>
			<item id="12819" losttest="1" iotype="AI" name="Sensor12819_S" textname="test sensor 12819"/>
			<item id="12820" losttest="1" iotype="AI" name="Sensor12820_S" textname="test sensor 12820"/>
			<item id="12821" losttest="1" iotype="AI" name="Sensor12821_S" textname="test sensor 12821"/>
			<item id="12822" losttest="1" iotype="AI" name="Sensor12822_S" textname="test sensor 12822"/>
			<item id="12823" losttest="1" iotype="AI" name="Sensor12823_S" textname="test sensor 12823"/>
			<item id="12824" losttest="1" iotype="AI" name="Sensor12824_S" textname="test sensor 12824"/>
			<item id="12825" losttest="1" iotype="AI" name="Sensor12825_S" textname="test sensor 12825"/>
			<item id="12826" losttest="1" iotype="AI" name="Sensor12826_S" textname="test sensor 12826"/>
			<item id="12827" losttest="1" iotype="AI" name="Sensor12827_S" textname="test sensor 12827"/>
			<item id="12828" losttest="1" iotype="AI" name="Sensor12828_S" textname="test sensor 12828"/>
			<item id="12829" losttest="1" iotype="AI" name="Sensor12829_S" textname="test sensor 12829"/>
			<item id="12830" losttest="1" iotype="AI" name="Sensor12830_S" textname="test sensor 12830"/>
			<item id="12831" losttest="1" iotype="AI" name="Sensor12831_S" textname="test sensor 12831"/>
			<item id="12832" losttest="1" iotype="AI" name="Sensor12832_S" textname="test sensor 12832"/>
			<item id="12833" losttest="1" iotype="AI" name="Sensor12833_S" textname="test sensor 12833"/>
			<item id="12834" losttest="1" iotype="AI" name="Sensor12834_S" textname="test sensor 12834"/>
			<item id="12835" losttest="1" iotype="AI" name="Sensor12835_S" textname="test sensor 12835"/>
			<item id="12836" losttest="1" iotype="AI" name="Sensor12836_S" textname="test sensor 12836"/>
			<item id="12837" losttest="1" iotype="AI" name="Sensor12837_S" textname="test sensor 12837"/>
			<item id="12838" losttest="1" iotype="AI" name="Sensor12838_S" textname="test sensor 12838"/>
			<item id="12839" losttest="1" iotype="AI" name="Sensor12839_S" textname="test sensor 12839"/>
			<item id="12840" losttest="1" iotype="AI" name="Sensor12840_S" textname="test sensor 12840"/>
			<item id="12841" losttest="1" iotype="AI" name="Sensor12841_S" textname="test sensor 12841"/>
			<item id="12842" losttest="1" iotype="AI" name="Sensor12842_S" textname="test sensor 12842"/>
			<item id="12843" losttest="1" iotype="AI" name="Sensor12843_S" textname="test sensor 12843"/>
			<item id="12844" losttest="1" iotype="AI" name="Sensor12844_S" textname="test sensor 12844"/>
			<item id="12845" losttest="1" iotype="AI" name="Sensor12845_S" textname="test sensor 12845"/>
			<item id="12846" losttest="1" iotype="AI" name="Sensor12846_S" textname="test sensor 12846"/>
			<item id="12847" losttest="1" iotype="AI" name="Sensor12847_S" textname="test sensor 12847"/>
			<item id="12848" losttest="1" iotype="AI" name="Sensor12848_S" textname="test sensor 12848"/>
			<item id="12849" losttest="1" iotype="AI" name="Sensor12849_S" textname="test sensor 12849"/>
			<item id="12850" losttest="1" iotype="AI" name="Sensor12850_S" textname="test sensor 12850"/>
			<item id="12851" losttest="1" iotype="AI" name="Sensor12851_S" textname="test sensor 12851"/>
			<item id="12852" losttest="1" iotype="AI" name="Sensor12852_S" textname="test sensor 12852"/>
			<item id="12853" losttest="1" iotype="AI" name="Sensor12853_S" textname="test sensor 12853"/>
			<item id="12854" losttest="1" iotype="AI" name="Sensor12854_S" textname="test sensor 12854"/>
			<item id="12855" losttest="1" iotype="AI" name="Sensor12855_S" textname="test sensor 12855"/>
			<item id="12856" losttest="1" iotype="AI" name="Sensor12856_S" textname="test sensor 12856"/>
			<item id="12857" losttest="1" iotype="AI" name="Sensor12857_S" textname="test sensor 12857"/>
			<item id="12858" losttest="1" iotype="AI" name="Sensor12858_S" textname="test sensor 12858"/>
			<item id="12859" losttest="1" iotype="AI" name="Sensor12859_S" textname="test sensor 12859"/>
			<item id="12860" losttest="1" iotype="AI" name="Sensor12860_S" textname="test sensor 12860"/>
			<item id="12861" losttest="1" iotype="AI" name="Sensor12861_S" textname="test sensor 12861"/>
			<item id="12862" losttest="1" iotype="AI" name="Sensor12862_S" textname="test sensor 12862"/>
			<item id="12863" losttest="1" iotype="AI" name="Sensor12863_S" textname="test sensor 12863"/>
			<item id="12864" losttest="1" iotype="AI" name="Sensor12864_S" textname="test sensor 12864"/>
			<item id="12865" losttest="1" iotype="AI" name="Sensor12865_S" textname="test sensor 12865"/>
			<item id="12866" losttest="1" iotype="AI" name="Sensor12866_S" textname="test sensor 12866"/>
			<item id="12867" losttest="1" iotype="AI" name="Sensor12867_S" textname="test sensor 12867"/>
			<item id="12868" losttest="1" iotype="AI" name="Sensor12868_S" textname="test sensor 12868"/>
			<item id="12869" losttest="1" iotype="AI" name="Sensor12869_S" textname="test sensor 12869"/>
			<item id="12870" losttest="1" iotype="AI" name="Sensor12870_S" textname="test sensor 12870"/>
			<item id="12871" losttest="1" iotype="AI" name="Sensor12871_S" textname="test sensor 12871"/>
			<item id="12872" losttest="1" iotype="AI" name="Sensor12872_S" textname="test sensor 12872"/>
			<item id="12873" losttest="1" iotype="AI" name="Sensor12873_S" textname="test sensor 12873"/>
			<item id="12874" losttest="1" iotype="AI" name="Sensor12874_S" textname="test sensor 12874"/>
			<item id="12875" losttest="1" iotype="AI" name="Sensor12875_S" textname="test sensor 12875"/>
			<item id="12876" losttest="1" iotype="AI" name="Sensor12876_S" textname="test sensor 12876"/>
			<item id="12877" losttest="1" iotype="AI" name="Sensor12877_S" textname="test sensor 12877"/>
			<item id="12878" losttest="1" iotype="AI" name="Sensor12878_S" textname="test sensor 12878"/>
			<item id="12879" losttest="1" iotype="AI" name="Sensor12879_S" textname="test sensor 12879"/>
			<item id="12880" losttest="1" iotype="AI" name="Sensor12880_S" textname="test sensor 12880"/>
			<item id="12881" losttest="1" iotype="AI" name="Sensor12881_S" textname="test sensor 12881"/>
			<item id="12882" losttest="1" iotype="AI" name="Sensor12882_S" textname="test sensor 12882"/>
			<item id="12883" losttest="1" iotype="AI" name="Sensor12883_S" textname="test sensor 12883"/>
			<item id="12884" losttest="1" iotype="AI" name="Sensor12884_S" textname="test sensor 12884"/>
			<item id="12885" losttest="1" iotype="AI" name="Sensor12885_S" textname="test sensor 12885"/>
			<item id="12886" losttest="1" iotype="AI" name="Sensor12886_S" textname="test sensor 12886"/>
			<item id="12887" losttest="1" iotype="AI" name="Sensor12887_S" textname="test sensor 12887"/>
			<item id="12888" losttest="1" iotype="AI" name="Sensor12888_S" textname="test sensor 12888"/>
			<item id="12889" losttest="1" iotype="AI" name="Sensor12889_S" textname="test sensor 12889"/>
			<item id="12890" losttest="1" iotype="AI" name="Sensor12890_S" textname="test sensor 12890"/>
			<item id="12891" losttest="1" iotype="AI" name="Sensor12891_S" textname="test sensor 12891"/>
			<item id="12892" losttest="1" iotype="AI" name="Sensor12892_S" textname="test sensor 12892"/>
			<item id="12893" losttest="1" iotype="AI" name="Sensor12893_S" textname="test sensor 12893"/>
			<item id="12894" losttest="1" iotype="AI" name="Sensor12894_S" textname="test sensor 12894"/>
			<item id="12895" losttest="1" iotype="AI" name="Sensor12895_S" textname="test sensor 12895"/>
			<item id="12896" losttest="1" iotype="AI" name="Sensor12896_S" textname="test sensor 12896"/>
			<item id="12897" losttest="1" iotype="AI" name="Sensor12897_S" textname="test sensor 12897"/>
			<item id="12898" losttest="1" iotype="AI" name="Sensor12898_S" textname="test sensor 12898"/>
			<item id="12899" losttest="1" iotype="AI" name="Sensor12899_S" textname="test sensor 12899"/>
			<item id="12900" losttest="1" iotype="AI" name="Sensor12900_S" textname="test sensor 12900"/>
			<item id="12901" losttest="1" iotype="AI" name="Sensor12901_S" textname="test sensor 12901"/>
			<item id="12902" losttest="1" iotype="AI" name="Sensor12902_S" textname="test sensor 12902"/>
			<item id="12903" losttest="1" iotype="AI" name="Sensor12903_S" textname="test sensor 12903"/>
			<item id="12904" losttest="1" iotype="AI" name="Sensor12904_S" textname="test sensor 12904"/>
			<item id="12905" losttest="1" iotype="AI" name="Sensor12905_S" textname="test sensor 12905"/>
			<item id="12906" losttest="1" iotype="AI" name="Sensor12906_S" textname="test sensor 12906"/>
			<item id="12907" losttest="1" iotype="AI" name="Sensor12907_S" textname="test sensor 12907"/>
			<item id="12908" losttest="1" iotype="AI" name="Sensor12908_S" textname="test sensor 12908"/>
			<item id="12909" losttest="1" iotype="AI" name="Sensor12909_S" textname="test sensor 12909"/>
			<item id="12910" losttest="1" iotype="AI" name="Sensor12910_S" textname="test sensor 12910"/>
			<item id="12911" losttest="1" iotype="AI" name="Sensor12911_S" textname="test sensor 12911"/>
			<item id="12912" losttest="1" iotype="AI" name="Sensor12912_S" textname="test sensor 12912"/>
			<item id="12913" losttest="1" iotype="AI" name="Sensor12913_S" textname="test sensor 12913"/>
			<item id="12914" losttest="1" iotype="AI" name="Sensor12914_S" textname="test sensor 12914"/>
			<item id="12915" losttest="1" iotype="AI" name="Sensor12915_S" textname="test sensor 12915"/>
			<item id="12916" losttest="1" iotype="AI" name="Sensor12916_S" textname="test sensor 12916"/>
			<item id="12917" losttest="1" iotype="AI" name="Sensor12917_S" textname="test sensor 12917"/>
			<item id="12918" losttest="1" iotype="AI" name="Sensor12918_S" textname="test sensor 12918"/>
			<item id="12919" losttest="1" iotype="AI" name="Sensor12919_S" textname="test sensor 12919"/>
			<item id="12920" losttest="1" iotype="AI" name="Sensor12920_S" textname="test sensor 12920"/>
			<item id="12921" losttest="1" iotype="AI" name="Sensor12921_S" textname="test sensor 12921"/>
			<item id="12922" losttest="1" iotype="AI" name="Sensor12922_S" textname="test sensor 12922"/>
			<item id="12923" losttest="1" iotype="AI" name="Sensor12923_S" textname="test sensor 12923"/>
			<item id="12924" losttest="1" iotype="AI" name="Sensor12924_S" textname="test sensor 12924"/>
			<item id="12925" losttest="1" iotype="AI" name="Sensor12925_S" textname="test sensor 12925"/>
			<item id="12926" losttest="1" iotype="AI" name="Sensor12926_S" textname="test sensor 12926"/>
			<item id="12927" losttest="1" iotype="AI" name="Sensor12927_S" textname="test sensor 12927"/>
			<item id="12928" losttest="1" iotype="AI" name="Sensor12928_S" textname="test sensor 12928"/>
			<item id="12929" losttest="1" iotype="AI" name="Sensor12929_S" textname="test sensor 12929"/>
			<item id="12930" losttest="1" iotype="AI" name="Sensor12930_S" textname="test sensor 12930"/>
			<item id="12931" losttest="1" iotype="AI" name="Sensor12931_S" textname="test sensor 12931"/>
			<item id="12932" losttest="1" iotype="AI" name="Sensor12932_S" textname="test sensor 12932"/>
			<item id="12933" losttest="1" iotype="AI" name="Sensor12933_S" textname="test sensor 12933"/>
			<item id="12934" losttest="1" iotype="AI" name="Sensor12934_S" textname="test sensor 12934"/>
			<item id="12935" losttest="1" iotype="AI" name="Sensor12935_S" textname="test sensor 12935"/>
			<item id="12936" losttest="1" iotype="AI" name="Sensor12936_S" textname="test sensor 12936"/>
			<item id="12937" losttest="1" iotype="AI" name="Sensor12937_S" textname="test sensor 12937"/>
			<item id="12938" losttest="1" iotype="AI" name="Sensor12938_S" textname="test sensor 12938"/>
			<item id="12939" losttest="1" iotype="AI" name="Sensor12939_S" textname="test sensor 12939"/>
			<item id="12940" losttest="1" iotype="AI" name="Sensor12940_S" textname="test sensor 12940"/>
			<item id="12941" losttest="1" iotype="AI" name="Sensor12941_S" textname="test sensor 12941"/>
			<item id="12942" losttest="1" iotype="AI" name="Sensor12942_S" textname="test sensor 12942"/>
			<item id="12943" losttest="1" iotype="AI" name="Sensor12943_S" textname="test sensor 12943"/>
			<item id="12944" losttest="1" iotype="AI" name="Sensor12944_S" textname="test sensor 12944"/>
			<item id="12945" losttest="1" iotype="AI" name="Sensor12945_S" textname="test sensor 12945"/>
			<item id="12946" losttest="1" iotype="AI" name="Sensor12946_S" textname="test sensor 12946"/>
			<item id="12947" losttest="1" iotype="AI" name="Sensor12947_S" textname="test sensor 12947"/>
			<item id="12948" losttest="1" iotype="AI" name="Sensor12948_S" textname="test sensor 12948"/>
			<item id="12949" losttest="1" iotype="AI" name="Sensor12949_S" textname="test sensor 12949"/>
			<item id="12950" losttest="1" iotype="AI" name="Sensor12950_S" textname="test sensor 12950"/>
			<item id="12951" losttest="1" iotype="AI" name="Sensor12951_S" textname="test sensor 12951"/>
			<item id="12952" losttest="1" iotype="AI" name="Sensor12952_S" textname="test sensor 12952"/>
			<item id="12953" losttest="1" iotype="AI" name="Sensor12953_S" textname="test sensor 12953"/>
			<item id="12954" losttest="1" iotype="AI" name="Sensor12954_S" textname="test sensor 12954"/>
			<item id="12955" losttest="1" iotype="AI" name="Sensor12955_S" textname="test sensor 12955"/>
			<item id="12956" losttest="1" iotype="AI" name="Sensor12956_S" textname="test sensor 12956"/>
			<item id="12957" losttest="1" iotype="AI" name="Sensor12957_S" textname="test sensor 12957"/>
			<item id="12958" losttest="1" iotype="AI" name="Sensor12958_S" textname="test sensor 12958"/>
			<item id="12959" losttest="1" iotype="AI" name="Sensor12959_S" textname="test sensor 12959"/>
			<item id="12960" losttest="1" iotype="AI" name="Sensor12960_S" textname="test sensor 12960"/>
			<item id="12961" losttest="1" iotype="AI" name="Sensor12961_S" textname="test sensor 12961"/>
			<item id="12962" losttest="1" iotype="AI" name="Sensor12962_S" textname="test sensor 12962"/>
			<item id="12963" losttest="1" iotype="AI" name="Sensor12963_S" textname="test sensor 12963"/>
			<item id="12964" losttest="1" iotype="AI" name="Sensor12964_S" textname="test sensor 12964"/>
			<item id="12965" losttest="1" iotype="AI" name="Sensor12965_S" textname="test sensor 12965"/>
			<item id="12966" losttest="1" iotype="AI" name="Sensor12966_S" textname="test sensor 12966"/>
			<item id="12967" losttest="1" iotype="AI" name="Sensor12967_S" textname="test sensor 12967"/>
			<item id="12968" losttest="1" iotype="AI" name="Sensor12968_S" textname="test sensor 12968"/>
			<item id="12969" losttest="1" iotype="AI" name="Sensor12969_S" textname="test sensor 12969"/>
			<item id="12970" losttest="1" iotype="AI" name="Sensor12970_S" textname="test sensor 12970"/>
			<item id="12971" losttest="1" iotype="AI" name="Sensor12971_S" textname="test sensor 12971"/>
			<item id="12972" losttest="1" iotype="AI" name="Sensor12972_S" textname="test sensor 12972"/>
			<item id="12973" losttest="1" iotype="AI" name="Sensor12973_S" textname="test sensor 12973"/>
			<item id="12974" losttest="1" iotype="AI" name="Sensor12974_S" textname="test sensor 12974"/>
			<item id="12975" losttest="1" iotype="AI" name="Sensor12975_S" textname="test sensor 12975"/>
			<item id="12976" losttest="1" iotype="AI" name="Sensor12976_S" textname="test sensor 12976"/>
			<item id="12977" losttest="1" iotype="AI" name="Sensor12977_S" textname="test sensor 12977"/>
			<item id="12978" losttest="1" iotype="AI" name="Sensor12978_S" textname="test sensor 12978"/>
			<item id="12979" losttest="1" iotype="AI" name="Sensor12979_S" textname="test sensor 12979"/>
			<item id="12980" losttest="1" iotype="AI" name="Sensor12980_S" textname="test sensor 12980"/>
			<item id="12981" losttest="1" iotype="AI" name="Sensor12981_S" textname="test sensor 12981"/>
			<item id="12982" losttest="1" iotype="AI" name="Sensor12982_S" textname="test sensor 12982"/>
			<item id="12983" losttest="1" iotype="AI" name="Sensor12983_S" textname="test sensor 12983"/>
			<item id="12984" losttest="1" iotype="AI" name="Sensor12984_S" textname="test sensor 12984"/>
			<item id="12985" losttest="1" iotype="AI" name="Sensor12985_S" textname="test sensor 12985"/>
			<item id="12986" losttest="1" iotype="AI" name="Sensor12986_S" textname="test sensor 12986"/>
			<item id="12987" losttest="1" iotype="AI" name="Sensor12987_S" textname="test sensor 12987"/>
			<item id="12988" losttest="1" iotype="AI" name="Sensor12988_S" textname="test sensor 12988"/>
			<item id="12989" losttest="1" iotype="AI" name="Sensor12989_S" textname="test sensor 12989"/>
			<item id="12990" losttest="1" iotype="AI" name="Sensor12990_S" textname="test sensor 12990"/>
			<item id="12991" losttest="1" iotype="AI" name="Sensor12991_S" textname="test sensor 12991"/>
			<item id="12992" losttest="1" iotype="AI" name="Sensor12992_S" textname="test sensor 12992"/>
			<item id="12993" losttest="1" iotype="AI" name="Sensor12993_S" textname="test sensor 12993"/>
			<item id="12994" losttest="1" iotype="AI" name="Sensor12994_S" textname="test sensor 12994"/>
			<item id="12995" losttest="1" iotype="AI" name="Sensor12995_S" textname="test sensor 12995"/>
			<item id="12996" losttest="1" iotype="AI" name="Sensor12996_S" textname="test sensor 12996"/>
			<item id="12997" losttest="1" iotype="AI" name="Sensor12997_S" textname="test sensor 12997"/>
			<item id="12998" losttest="1" iotype="AI" name="Sensor12998_S" textname="test sensor 12998"/>
			<item id="12999" losttest="1" iotype="AI" name="Sensor12999_S" textname="test sensor 12999"/>
			<item id="13000" losttest="1" iotype="AI" name="Sensor13000_S" textname="test sensor 13000"/>
			<item id="13001" losttest="1" iotype="AI" name="Sensor13001_S" textname="test sensor 13001"/>
			<item id="13002" losttest="1" iotype="AI" name="Sensor13002_S" textname="test sensor 13002"/>
			<item id="13003" losttest="1" iotype="AI" name="Sensor13003_S" textname="test sensor 13003"/>
			<item id="13004" losttest="1" iotype="AI" name="Sensor13004_S" textname="test sensor 13004"/>
			<item id="13005" losttest="1" iotype="AI" name="Sensor13005_S" textname="test sensor 13005"/>
			<item id="13006" losttest="1" iotype="AI" name="Sensor13006_S" textname="test sensor 13006"/>
			<item id="13007" losttest="1" iotype="AI" name="Sensor13007_S" textname="test sensor 13007"/>
			<item id="13008" losttest="1" iotype="AI" name="Sensor13008_S" textname="test sensor 13008"/>
			<item id="13009" losttest="1" iotype="AI" name="Sensor13009_S" textname="test sensor 13009"/>
			<item id="13010" losttest="1" iotype="AI" name="Sensor13010_S" textname="test sensor 13010"/>
			<item id="13011" losttest="1" iotype="AI" name="Sensor13011_S" textname="test sensor 13011"/>
			<item id="13012" losttest="1" iotype="AI" name="Sensor13012_S" textname="test sensor 13012"/>
			<item id="13013" losttest="1" iotype="AI" name="Sensor13013_S" textname="test sensor 13013"/>
			<item id="13014" losttest="1" iotype="AI" name="Sensor13014_S" textname="test sensor 13014"/>
			<item id="13015" losttest="1" iotype="AI" name="Sensor13015_S" textname="test sensor 13015"/>
			<item id="13016" losttest="1" iotype="AI" name="Sensor13016_S" textname="test sensor 13016"/>
			<item id="13017" losttest="1" iotype="AI" name="Sensor13017_S" textname="test sensor 13017"/>
			<item id="13018" losttest="1" iotype="AI" name="Sensor13018_S" textname="test sensor 13018"/>
			<item id="13019" losttest="1" iotype="AI" name="Sensor13019_S" textname="test sensor 13019"/>
			<item id="13020" losttest="1" iotype="AI" name="Sensor13020_S" textname="test sensor 13020"/>
			<item id="13021" losttest="1" iotype="AI" name="Sensor13021_S" textname="test sensor 13021"/>
			<item id="13022" losttest="1" iotype="AI" name="Sensor13022_S" textname="test sensor 13022"/>
			<item id="13023" losttest="1" iotype="AI" name="Sensor13023_S" textname="test sensor 13023"/>
			<item id="13024" losttest="1" iotype="AI" name="Sensor13024_S" textname="test sensor 13024"/>
			<item id="13025" losttest="1" iotype="AI" name="Sensor13025_S" textname="test sensor 13025"/>
			<item id="13026" losttest="1" iotype="AI" name="Sensor13026_S" textname="test sensor 13026"/>
			<item id="13027" losttest="1" iotype="AI" name="Sensor13027_S" textname="test sensor 13027"/>
			<item id="13028" losttest="1" iotype="AI" name="Sensor13028_S" textname="test sensor 13028"/>
			<item id="13029" losttest="1" iotype="AI" name="Sensor13029_S" textname="test sensor 13029"/>
			<item id="13030" losttest="1" iotype="AI" name="Sensor13030_S" textname="test sensor 13030"/>
			<item id="13031" losttest="1" iotype="AI" name="Sensor13031_S" textname="test sensor 13031"/>
			<item id="13032" losttest="1" iotype="AI" name="Sensor13032_S" textname="test sensor 13032"/>
			<item id="13033" losttest="1" iotype="AI" name="Sensor13033_S" textname="test sensor 13033"/>
			<item id="13034" losttest="1" iotype="AI" name="Sensor13034_S" textname="test sensor 13034"/>
			<item id="13035" losttest="1" iotype="AI" name="Sensor13035_S" textname="test sensor 13035"/>
			<item id="13036" losttest="1" iotype="AI" name="Sensor13036_S" textname="test sensor 13036"/>
			<item id="13037" losttest="1" iotype="AI" name="Sensor13037_S" textname="test sensor 13037"/>
			<item id="13038" losttest="1" iotype="AI" name="Sensor13038_S" textname="test sensor 13038"/>
			<item id="13039" losttest="1" iotype="AI" name="Sensor13039_S" textname="test sensor 13039"/>
			<item id="13040" losttest="1" iotype="AI" name="Sensor13040_S" textname="test sensor 13040"/>
			<item id="13041" losttest="1" iotype="AI" name="Sensor13041_S" textname="test sensor 13041"/>
			<item id="13042" losttest="1" iotype="AI" name="Sensor13042_S" textname="test sensor 13042"/>
			<item id="13043" losttest="1" iotype="AI" name="Sensor13043_S" textname="test sensor 13043"/>
			<item id="13044" losttest="1" iotype="AI" name="Sensor13044_S" textname="test sensor 13044"/>
			<item id="13045" losttest="1" iotype="AI" name="Sensor13045_S" textname="test sensor 13045"/>
			<item id="13046" losttest="1" iotype="AI" name="Sensor13046_S" textname="test sensor 13046"/>
			<item id="13047" losttest="1" iotype="AI" name="Sensor13047_S" textname="test sensor 13047"/>
			<item id="13048" losttest="1" iotype="AI" name="Sensor13048_S" textname="test sensor 13048"/>
			<item id="13049" losttest="1" iotype="AI" name="Sensor13049_S" textname="test sensor 13049"/>
			<item id="13050" losttest="1" iotype="AI" name="Sensor13050_S" textname="test sensor 13050"/>
			<item id="13051" losttest="1" iotype="AI" name="Sensor13051_S" textname="test sensor 13051"/>
			<item id="13052" losttest="1" iotype="AI" name="Sensor13052_S" textname="test sensor 13052"/>
			<item id="13053" losttest="1" iotype="AI" name="Sensor13053_S" textname="test sensor 13053"/>
			<item id="13054" losttest="1" iotype="AI" name="Sensor13054_S" textname="test sensor 13054"/>
			<item id="13055" losttest="1" iotype="AI" name="Sensor13055_S" textname="test sensor 13055"/>
			<item id="13056" losttest="1" iotype="AI" name="Sensor13056_S" textname="test sensor 13056"/>
			<item id="13057" losttest="1" iotype="AI" name="Sensor13057_S" textname="test sensor 13057"/>
			<item id="13058" losttest="1" iotype="AI" name="Sensor13058_S" textname="test sensor 13058"/>
			<item id="13059" losttest="1" iotype="AI" name="Sensor13059_S" textname="test sensor 13059"/>
			<item id="13060" losttest="1" iotype="AI" name="Sensor13060_S" textname="test sensor 13060"/>
			<item id="13061" losttest="1" iotype="AI" name="Sensor13061_S" textname="test sensor 13061"/>
			<item id="13062" losttest="1" iotype="AI" name="Sensor13062_S" textname="test sensor 13062"/>
			<item id="13063" losttest="1" iotype="AI" name="Sensor13063_S" textname="test sensor 13063"/>
			<item id="13064" losttest="1" iotype="AI" name="Sensor13064_S" textname="test sensor 13064"/>
			<item id="13065" losttest="1" iotype="AI" name="Sensor13065_S" textname="test sensor 13065"/>
			<item id="13066" losttest="1" iotype="AI" name="Sensor13066_S" textname="test sensor 13066"/>
			<item id="13067" losttest="1" iotype="AI" name="Sensor13067_S" textname="test sensor 13067"/>
			<item id="13068" losttest="1" iotype="AI" name="Sensor13068_S" textname="test sensor 13068"/>
			<item id="13069" losttest="1" iotype="AI" name="Sensor13069_S" textname="test sensor 13069"/>
			<item id="13070" losttest="1" iotype="AI" name="Sensor13070_S" textname="test sensor 13070"/>
			<item id="13071" losttest="1" iotype="AI" name="Sensor13071_S" textname="test sensor 13071"/>
			<item id="13072" losttest="1" iotype="AI" name="Sensor13072_S" textname="test sensor 13072"/>
			<item id="13073" losttest="1" iotype="AI" name="Sensor13073_S" textname="test sensor 13073"/>
			<item id="13074" losttest="1" iotype="AI" name="Sensor13074_S" textname="test sensor 13074"/>
			<item id="13075" losttest="1" iotype="AI" name="Sensor13075_S" textname="test sensor 13075"/>
			<item id="13076" losttest="1" iotype="AI" name="Sensor13076_S" textname="test sensor 13076"/>
			<item id="13077" losttest="1" iotype="AI" name="Sensor13077_S" textname="test sensor 13077"/>
			<item id="13078" losttest="1" iotype="AI" name="Sensor13078_S" textname="test sensor 13078"/>
			<item id="13079" losttest="1" iotype="AI" name="Sensor13079_S" textname="test sensor 13079"/>
			<item id="13080" losttest="1" iotype="AI" name="Sensor13080_S" textname="test sensor 13080"/>
			<item id="13081" losttest="1" iotype="AI" name="Sensor13081_S" textname="test sensor 13081"/>
			<item id="13082" losttest="1" iotype="AI" name="Sensor13082_S" textname="test sensor 13082"/>
			<item id="13083" losttest="1" iotype="AI" name="Sensor13083_S" textname="test sensor 13083"/>
			<item id="13084" losttest="1" iotype="AI" name="Sensor13084_S" textname="test sensor 13084"/>
			<item id="13085" losttest="1" iotype="AI" name="Sensor13085_S" textname="test sensor 13085"/>
			<item id="13086" losttest="1" iotype="AI" name="Sensor13086_S" textname="test sensor 13086"/>
			<item id="13087" losttest="1" iotype="AI" name="Sensor13087_S" textname="test sensor 13087"/>
			<item id="13088" losttest="1" iotype="AI" name="Sensor13088_S" textname="test sensor 13088"/>
			<item id="13089" losttest="1" iotype="AI" name="Sensor13089_S" textname="test sensor 13089"/>
			<item id="13090" losttest="1" iotype="AI" name="Sensor13090_S" textname="test sensor 13090"/>
			<item id="13091" losttest="1" iotype="AI" name="Sensor13091_S" textname="test sensor 13091"/>
			<item id="13092" losttest="1" iotype="AI" name="Sensor13092_S" textname="test sensor 13092"/>
			<item id="13093" losttest="1" iotype="AI" name="Sensor13093_S" textname="test sensor 13093"/>
			<item id="13094" losttest="1" iotype="AI" name="Sensor13094_S" textname="test sensor 13094"/>
			<item id="13095" losttest="1" iotype="AI" name="Sensor13095_S" textname="test sensor 13095"/>
			<item id="13096" losttest="1" iotype="AI" name="Sensor13096_S" textname="test sensor 13096"/>
			<item id="13097" losttest="1" iotype="AI" name="Sensor13097_S" textname="test sensor 13097"/>
			<item id="13098" losttest="1" iotype="AI" name="Sensor13098_S" textname="test sensor 13098"/>
			<item id="13099" losttest="1" iotype="AI" name="Sensor13099_S" textname="test sensor 13099"/>
			<item id="13100" losttest="1" iotype="AI" name="Sensor13100_S" textname="test sensor 13100"/>
			<item id="13101" losttest="1" iotype="AI" name="Sensor13101_S" textname="test sensor 13101"/>
			<item id="13102" losttest="1" iotype="AI" name="Sensor13102_S" textname="test sensor 13102"/>
			<item id="13103" losttest="1" iotype="AI" name="Sensor13103_S" textname="test sensor 13103"/>
			<item id="13104" losttest="1" iotype="AI" name="Sensor13104_S" textname="test sensor 13104"/>
			<item id="13105" losttest="1" iotype="AI" name="Sensor13105_S" textname="test sensor 13105"/>
			<item id="13106" losttest="1" iotype="AI" name="Sensor13106_S" textname="test sensor 13106"/>
			<item id="13107" losttest="1" iotype="AI" name="Sensor13107_S" textname="test sensor 13107"/>
			<item id="13108" losttest="1" iotype="AI" name="Sensor13108_S" textname="test sensor 13108"/>
			<item id="13109" losttest="1" iotype="AI" name="Sensor13109_S" textname="test sensor 13109"/>
			<item id="13110" losttest="1" iotype="AI" name="Sensor13110_S" textname="test sensor 13110"/>
			<item id="13111" losttest="1" iotype="AI" name="Sensor13111_S" textname="test sensor 13111"/>
			<item id="13112" losttest="1" iotype="AI" name="Sensor13112_S" textname="test sensor 13112"/>
			<item id="13113" losttest="1" iotype="AI" name="Sensor13113_S" textname="test sensor 13113"/>
			<item id="13114" losttest="1" iotype="AI" name="Sensor13114_S" textname="test sensor 13114"/>
			<item id="13115" losttest="1" iotype="AI" name="Sensor13115_S" textname="test sensor 13115"/>
			<item id="13116" losttest="1" iotype="AI" name="Sensor13116_S" textname="test sensor 13116"/>
			<item id="13117" losttest="1" iotype="AI" name="Sensor13117_S" textname="test sensor 13117"/>
			<item id="13118" losttest="1" iotype="AI" name="Sensor13118_S" textname="test sensor 13118"/>
			<item id="13119" losttest="1" iotype="AI" name="Sensor13119_S" textname="test sensor 13119"/>
			<item id="13120" losttest="1" iotype="AI" name="Sensor13120_S" textname="test sensor 13120"/>
			<item id="13121" losttest="1" iotype="AI" name="Sensor13121_S" textname="test sensor 13121"/>
			<item id="13122" losttest="1" iotype="AI" name="Sensor13122_S" textname="test sensor 13122"/>
			<item id="13123" losttest="1" iotype="AI" name="Sensor13123_S" textname="test sensor 13123"/>
			<item id="13124" losttest="1" iotype="AI" name="Sensor13124_S" textname="test sensor 13124"/>
			<item id="13125" losttest="1" iotype="AI" name="Sensor13125_S" textname="test sensor 13125"/>
			<item id="13126" losttest="1" iotype="AI" name="Sensor13126_S" textname="test sensor 13126"/>
			<item id="13127" losttest="1" iotype="AI" name="Sensor13127_S" textname="test sensor 13127"/>
			<item id="13128" losttest="1" iotype="AI" name="Sensor13128_S" textname="test sensor 13128"/>
			<item id="13129" losttest="1" iotype="AI" name="Sensor13129_S" textname="test sensor 13129"/>
			<item id="13130" losttest="1" iotype="AI" name="Sensor13130_S" textname="test sensor 13130"/>
			<item id="13131" losttest="1" iotype="AI" name="Sensor13131_S" textname="test sensor 13131"/>
			<item id="13132" losttest="1" iotype="AI" name="Sensor13132_S" textname="test sensor 13132"/>
			<item id="13133" losttest="1" iotype="AI" name="Sensor13133_S" textname="test sensor 13133"/>
			<item id="13134" losttest="1" iotype="AI" name="Sensor13134_S" textname="test sensor 13134"/>
			<item id="13135" losttest="1" iotype="AI" name="Sensor13135_S" textname="test sensor 13135"/>
			<item id="13136" losttest="1" iotype="AI" name="Sensor13136_S" textname="test sensor 13136"/>
			<item id="13137" losttest="1" iotype="AI" name="Sensor13137_S" textname="test sensor 13137"/>
			<item id="13138" losttest="1" iotype="AI" name="Sensor13138_S" textname="test sensor 13138"/>
			<item id="13139" losttest="1" iotype="AI" name="Sensor13139_S" textname="test sensor 13139"/>
			<item id="13140" losttest="1" iotype="AI" name="Sensor13140_S" textname="test sensor 13140"/>
			<item id="13141" losttest="1" iotype="AI" name="Sensor13141_S" textname="test sensor 13141"/>
			<item id="13142" losttest="1" iotype="AI" name="Sensor13142_S" textname="test sensor 13142"/>
			<item id="13143" losttest="1" iotype="AI" name="Sensor13143_S" textname="test sensor 13143"/>
			<item id="13144" losttest="1" iotype="AI" name="Sensor13144_S" textname="test sensor 13144"/>
			<item id="13145" losttest="1" iotype="AI" name="Sensor13145_S" textname="test sensor 13145"/>
			<item id="13146" losttest="1" iotype="AI" name="Sensor13146_S" textname="test sensor 13146"/>
			<item id="13147" losttest="1" iotype="AI" name="Sensor13147_S" textname="test sensor 13147"/>
			<item id="13148" losttest="1" iotype="AI" name="Sensor13148_S" textname="test sensor 13148"/>
			<item id="13149" losttest="1" iotype="AI" name="Sensor13149_S" textname="test sensor 13149"/>
			<item id="13150" losttest="1" iotype="AI" name="Sensor13150_S" textname="test sensor 13150"/>
			<item id="13151" losttest="1" iotype="AI" name="Sensor13151_S" textname="test sensor 13151"/>
			<item id="13152" losttest="1" iotype="AI" name="Sensor13152_S" textname="test sensor 13152"/>
			<item id="13153" losttest="1" iotype="AI" name="Sensor13153_S" textname="test sensor 13153"/>
			<item id="13154" losttest="1" iotype="AI" name="Sensor13154_S" textname="test sensor 13154"/>
			<item id="13155" losttest="1" iotype="AI" name="Sensor13155_S" textname="test sensor 13155"/>
			<item id="13156" losttest="1" iotype="AI" name="Sensor13156_S" textname="test sensor 13156"/>
			<item id="13157" losttest="1" iotype="AI" name="Sensor13157_S" textname="test sensor 13157"/>
			<item id="13158" losttest="1" iotype="AI" name="Sensor13158_S" textname="test sensor 13158"/>
			<item id="13159" losttest="1" iotype="AI" name="Sensor13159_S" textname="test sensor 13159"/>
			<item id="13160" losttest="1" iotype="AI" name="Sensor13160_S" textname="test sensor 13160"/>
			<item id="13161" losttest="1" iotype="AI" name="Sensor13161_S" textname="test sensor 13161"/>
			<item id="13162" losttest="1" iotype="AI" name="Sensor13162_S" textname="test sensor 13162"/>
			<item id="13163" losttest="1" iotype="AI" name="Sensor13163_S" textname="test sensor 13163"/>
			<item id="13164" losttest="1" iotype="AI" name="Sensor13164_S" textname="test sensor 13164"/>
			<item id="13165" losttest="1" iotype="AI" name="Sensor13165_S" textname="test sensor 13165"/>
			<item id="13166" losttest="1" iotype="AI" name="Sensor13166_S" textname="test sensor 13166"/>
			<item id="13167" losttest="1" iotype="AI" name="Sensor13167_S" textname="test sensor 13167"/>
			<item id="13168" losttest="1" iotype="AI" name="Sensor13168_S" textname="test sensor 13168"/>
			<item id="13169" losttest="1" iotype="AI" name="Sensor13169_S" textname="test sensor 13169"/>
			<item id="13170" losttest="1" iotype="AI" name="Sensor13170_S" textname="test sensor 13170"/>
			<item id="13171" losttest="1" iotype="AI" name="Sensor13171_S" textname="test sensor 13171"/>
			<item id="13172" losttest="1" iotype="AI" name="Sensor13172_S" textname="test sensor 13172"/>
			<item id="13173" losttest="1" iotype="AI" name="Sensor13173_S" textname="test sensor 13173"/>
			<item id="13174" losttest="1" iotype="AI" name="Sensor13174_S" textname="test sensor 13174"/>
			<item id="13175" losttest="1" iotype="AI" name="Sensor13175_S" textname="test sensor 13175"/>
			<item id="13176" losttest="1" iotype="AI" name="Sensor13176_S" textname="test sensor 13176"/>
			<item id="13177" losttest="1" iotype="AI" name="Sensor13177_S" textname="test sensor 13177"/>
			<item id="13178" losttest="1" iotype="AI" name="Sensor13178_S" textname="test sensor 13178"/>
			<item id="13179" losttest="1" iotype="AI" name="Sensor13179_S" textname="test sensor 13179"/>
			<item id="13180" losttest="1" iotype="AI" name="Sensor13180_S" textname="test sensor 13180"/>
			<item id="13181" losttest="1" iotype="AI" name="Sensor13181_S" textname="test sensor 13181"/>
			<item id="13182" losttest="1" iotype="AI" name="Sensor13182_S" textname="test sensor 13182"/>
			<item id="13183" losttest="1" iotype="AI" name="Sensor13183_S" textname="test sensor 13183"/>
			<item id="13184" losttest="1" iotype="AI" name="Sensor13184_S" textname="test sensor 13184"/>
			<item id="13185" losttest="1" iotype="AI" name="Sensor13185_S" textname="test sensor 13185"/>
			<item id="13186" losttest="1" iotype="AI" name="Sensor13186_S" textname="test sensor 13186"/>
			<item id="13187" losttest="1" iotype="AI" name="Sensor13187_S" textname="test sensor 13187"/>
			<item id="13188" losttest="1" iotype="AI" name="Sensor13188_S" textname="test sensor 13188"/>
			<item id="13189" losttest="1" iotype="AI" name="Sensor13189_S" textname="test sensor 13189"/>
			<item id="13190" losttest="1" iotype="AI" name="Sensor13190_S" textname="test sensor 13190"/>
			<item id="13191" losttest="1" iotype="AI" name="Sensor13191_S" textname="test sensor 13191"/>
			<item id="13192" losttest="1" iotype="AI" name="Sensor13192_S" textname="test sensor 13192"/>
			<item id="13193" losttest="1" iotype="AI" name="Sensor13193_S" textname="test sensor 13193"/>
			<item id="13194" losttest="1" iotype="AI" name="Sensor13194_S" textname="test sensor 13194"/>
			<item id="13195" losttest="1" iotype="AI" name="Sensor13195_S" textname="test sensor 13195"/>
			<item id="13196" losttest="1" iotype="AI" name="Sensor13196_S" textname="test sensor 13196"/>
			<item id="13197" losttest="1" iotype="AI" name="Sensor13197_S" textname="test sensor 13197"/>
			<item id="13198" losttest="1" iotype="AI" name="Sensor13198_S" textname="test sensor 13198"/>
			<item id="13199" losttest="1" iotype="AI" name="Sensor13199_S" textname="test sensor 13199"/>
			<item id="13200" losttest="1" iotype="AI" name="Sensor13200_S" textname="test sensor 13200"/>
			<item id="13201" losttest="1" iotype="AI" name="Sensor13201_S" textname="test sensor 13201"/>
			<item id="13202" losttest="1" iotype="AI" name="Sensor13202_S" textname="test sensor 13202"/>
			<item id="13203" losttest="1" iotype="AI" name="Sensor13203_S" textname="test sensor 13203"/>
			<item id="13204" losttest="1" iotype="AI" name="Sensor13204_S" textname="test sensor 13204"/>
			<item id="13205" losttest="1" iotype="AI" name="Sensor13205_S" textname="test sensor 13205"/>
			<item id="13206" losttest="1" iotype="AI" name="Sensor13206_S" textname="test sensor 13206"/>
			<item id="13207" losttest="1" iotype="AI" name="Sensor13207_S" textname="test sensor 13207"/>
			<item id="13208" losttest="1" iotype="AI" name="Sensor13208_S" textname="test sensor 13208"/>
			<item id="13209" losttest="1" iotype="AI" name="Sensor13209_S" textname="test sensor 13209"/>
			<item id="13210" losttest="1" iotype="AI" name="Sensor13210_S" textname="test sensor 13210"/>
			<item id="13211" losttest="1" iotype="AI" name="Sensor13211_S" textname="test sensor 13211"/>
			<item id="13212" losttest="1" iotype="AI" name="Sensor13212_S" textname="test sensor 13212"/>
			<item id="13213" losttest="1" iotype="AI" name="Sensor13213_S" textname="test sensor 13213"/>
			<item id="13214" losttest="1" iotype="AI" name="Sensor13214_S" textname="test sensor 13214"/>
			<item id="13215" losttest="1" iotype="AI" name="Sensor13215_S" textname="test sensor 13215"/>
			<item id="13216" losttest="1" iotype="AI" name="Sensor13216_S" textname="test sensor 13216"/>
			<item id="13217" losttest="1" iotype="AI" name="Sensor13217_S" textname="test sensor 13217"/>
			<item id="13218" losttest="1" iotype="AI" name="Sensor13218_S" textname="test sensor 13218"/>
			<item id="13219" losttest="1" iotype="AI" name="Sensor13219_S" textname="test sensor 13219"/>
			<item id="13220" losttest="1" iotype="AI" name="Sensor13220_S" textname="test sensor 13220"/>
			<item id="13221" losttest="1" iotype="AI" name="Sensor13221_S" textname="test sensor 13221"/>
			<item id="13222" losttest="1" iotype="AI" name="Sensor13222_S" textname="test sensor 13222"/>
			<item id="13223" losttest="1" iotype="AI" name="Sensor13223_S" textname="test sensor 13223"/>
			<item id="13224" losttest="1" iotype="AI" name="Sensor13224_S" textname="test sensor 13224"/>
			<item id="13225" losttest="1" iotype="AI" name="Sensor13225_S" textname="test sensor 13225"/>
			<item id="13226" losttest="1" iotype="AI" name="Sensor13226_S" textname="test sensor 13226"/>
			<item id="13227" losttest="1" iotype="AI" name="Sensor13227_S" textname="test sensor 13227"/>
			<item id="13228" losttest="1" iotype="AI" name="Sensor13228_S" textname="test sensor 13228"/>
			<item id="13229" losttest="1" iotype="AI" name="Sensor13229_S" textname="test sensor 13229"/>
			<item id="13230" losttest="1" iotype="AI" name="Sensor13230_S" textname="test sensor 13230"/>
			<item id="13231" losttest="1" iotype="AI" name="Sensor13231_S" textname="test sensor 13231"/>
			<item id="13232" losttest="1" iotype="AI" name="Sensor13232_S" textname="test sensor 13232"/>
			<item id="13233" losttest="1" iotype="AI" name="Sensor13233_S" textname="test sensor 13233"/>
			<item id="13234" losttest="1" iotype="AI" name="Sensor13234_S" textname="test sensor 13234"/>
			<item id="13235" losttest="1" iotype="AI" name="Sensor13235_S" textname="test sensor 13235"/>
			<item id="13236" losttest="1" iotype="AI" name="Sensor13236_S" textname="test sensor 13236"/>
			<item id="13237" losttest="1" iotype="AI" name="Sensor13237_S" textname="test sensor 13237"/>
			<item id="13238" losttest="1" iotype="AI" name="Sensor13238_S" textname="test sensor 13238"/>
			<item id="13239" losttest="1" iotype="AI" name="Sensor13239_S" textname="test sensor 13239"/>
			<item id="13240" losttest="1" iotype="AI" name="Sensor13240_S" textname="test sensor 13240"/>
			<item id="13241" losttest="1" iotype="AI" name="Sensor13241_S" textname="test sensor 13241"/>
			<item id="13242" losttest="1" iotype="AI" name="Sensor13242_S" textname="test sensor 13242"/>
			<item id="13243" losttest="1" iotype="AI" name="Sensor13243_S" textname="test sensor 13243"/>
			<item id="13244" losttest="1" iotype="AI" name="Sensor13244_S" textname="test sensor 13244"/>
			<item id="13245" losttest="1" iotype="AI" name="Sensor13245_S" textname="test sensor 13245"/>
			<item id="13246" losttest="1" iotype="AI" name="Sensor13246_S" textname="test sensor 13246"/>
			<item id="13247" losttest="1" iotype="AI" name="Sensor13247_S" textname="test sensor 13247"/>
			<item id="13248" losttest="1" iotype="AI" name="Sensor13248_S" textname="test sensor 13248"/>
			<item id="13249" losttest="1" iotype="AI" name="Sensor13249_S" textname="test sensor 13249"/>
			<item id="13250" losttest="1" iotype="AI" name="Sensor13250_S" textname="test sensor 13250"/>
			<item id="13251" losttest="1" iotype="AI" name="Sensor13251_S" textname="test sensor 13251"/>
			<item id="13252" losttest="1" iotype="AI" name="Sensor13252_S" textname="test sensor 13252"/>
			<item id="13253" losttest="1" iotype="AI" name="Sensor13253_S" textname="test sensor 13253"/>
			<item id="13254" losttest="1" iotype="AI" name="Sensor13254_S" textname="test sensor 13254"/>
			<item id="13255" losttest="1" iotype="AI" name="Sensor13255_S" textname="test sensor 13255"/>
			<item id="13256" losttest="1" iotype="AI" name="Sensor13256_S" textname="test sensor 13256"/>
			<item id="13257" losttest="1" iotype="AI" name="Sensor13257_S" textname="test sensor 13257"/>
			<item id="13258" losttest="1" iotype="AI" name="Sensor13258_S" textname="test sensor 13258"/>
			<item id="13259" losttest="1" iotype="AI" name="Sensor13259_S" textname="test sensor 13259"/>
			<item id="13260" losttest="1" iotype="AI" name="Sensor13260_S" textname="test sensor 13260"/>
			<item id="13261" losttest="1" iotype="AI" name="Sensor13261_S" textname="test sensor 13261"/>
			<item id="13262" losttest="1" iotype="AI" name="Sensor13262_S" textname="test sensor 13262"/>
			<item id="13263" losttest="1" iotype="AI" name="Sensor13263_S" textname="test sensor 13263"/>
			<item id="13264" losttest="1" iotype="AI" name="Sensor13264_S" textname="test sensor 13264"/>
			<item id="13265" losttest="1" iotype="AI" name="Sensor13265_S" textname="test sensor 13265"/>
			<item id="13266" losttest="1" iotype="AI" name="Sensor13266_S" textname="test sensor 13266"/>
			<item id="13267" losttest="1" iotype="AI" name="Sensor13267_S" textname="test sensor 13267"/>
			<item id="13268" losttest="1" iotype="AI" name="Sensor13268_S" textname="test sensor 13268"/>
			<item id="13269" losttest="1" iotype="AI" name="Sensor13269_S" textname="test sensor 13269"/>
			<item id="13270" losttest="1" iotype="AI" name="Sensor13270_S" textname="test sensor 13270"/>
			<item id="13271" losttest="1" iotype="AI" name="Sensor13271_S" textname="test sensor 13271"/>
			<item id="13272" losttest="1" iotype="AI" name="Sensor13272_S" textname="test sensor 13272"/>
			<item id="13273" losttest="1" iotype="AI" name="Sensor13273_S" textname="test sensor 13273"/>
			<item id="13274" losttest="1" iotype="AI" name="Sensor13274_S" textname="test sensor 13274"/>
			<item id="13275" losttest="1" iotype="AI" name="Sensor13275_S" textname="test sensor 13275"/>
			<item id="13276" losttest="1" iotype="AI" name="Sensor13276_S" textname="test sensor 13276"/>
			<item id="13277" losttest="1" iotype="AI" name="Sensor13277_S" textname="test sensor 13277"/>
			<item id="13278" losttest="1" iotype="AI" name="Sensor13278_S" textname="test sensor 13278"/>
			<item id="13279" losttest="1" iotype="AI" name="Sensor13279_S" textname="test sensor 13279"/>
			<item id="13280" losttest="1" iotype="AI" name="Sensor13280_S" textname="test sensor 13280"/>
			<item id="13281" losttest="1" iotype="AI" name="Sensor13281_S" textname="test sensor 13281"/>
			<item id="13282" losttest="1" iotype="AI" name="Sensor13282_S" textname="test sensor 13282"/>
			<item id="13283" losttest="1" iotype="AI" name="Sensor13283_S" textname="test sensor 13283"/>
			<item id="13284" losttest="1" iotype="AI" name="Sensor13284_S" textname="test sensor 13284"/>
			<item id="13285" losttest="1" iotype="AI" name="Sensor13285_S" textname="test sensor 13285"/>
			<item id="13286" losttest="1" iotype="AI" name="Sensor13286_S" textname="test sensor 13286"/>
			<item id="13287" losttest="1" iotype="AI" name="Sensor13287_S" textname="test sensor 13287"/>
			<item id="13288" losttest="1" iotype="AI" name="Sensor13288_S" textname="test sensor 13288"/>
			<item id="13289" losttest="1" iotype="AI" name="Sensor13289_S" textname="test sensor 13289"/>
			<item id="13290" losttest="1" iotype="AI" name="Sensor13290_S" textname="test sensor 13290"/>
			<item id="13291" losttest="1" iotype="AI" name="Sensor13291_S" textname="test sensor 13291"/>
			<item id="13292" losttest="1" iotype="AI" name="Sensor13292_S" textname="test sensor 13292"/>
			<item id="13293" losttest="1" iotype="AI" name="Sensor13293_S" textname="test sensor 13293"/>
			<item id="13294" losttest="1" iotype="AI" name="Sensor13294_S" textname="test sensor 13294"/>
			<item id="13295" losttest="1" iotype="AI" name="Sensor13295_S" textname="test sensor 13295"/>
			<item id="13296" losttest="1" iotype="AI" name="Sensor13296_S" textname="test sensor 13296"/>
			<item id="13297" losttest="1" iotype="AI" name="Sensor13297_S" textname="test sensor 13297"/>
			<item id="13298" losttest="1" iotype="AI" name="Sensor13298_S" textname="test sensor 13298"/>
			<item id="13299" losttest="1" iotype="AI" name="Sensor13299_S" textname="test sensor 13299"/>
			<item id="13300" losttest="1" iotype="AI" name="Sensor13300_S" textname="test sensor 13300"/>
			<item id="13301" losttest="1" iotype="AI" name="Sensor13301_S" textname="test sensor 13301"/>
			<item id="13302" losttest="1" iotype="AI" name="Sensor13302_S" textname="test sensor 13302"/>
			<item id="13303" losttest="1" iotype="AI" name="Sensor13303_S" textname="test sensor 13303"/>
			<item id="13304" losttest="1" iotype="AI" name="Sensor13304_S" textname="test sensor 13304"/>
			<item id="13305" losttest="1" iotype="AI" name="Sensor13305_S" textname="test sensor 13305"/>
			<item id="13306" losttest="1" iotype="AI" name="Sensor13306_S" textname="test sensor 13306"/>
			<item id="13307" losttest="1" iotype="AI" name="Sensor13307_S" textname="test sensor 13307"/>
			<item id="13308" losttest="1" iotype="AI" name="Sensor13308_S" textname="test sensor 13308"/>
			<item id="13309" losttest="1" iotype="AI" name="Sensor13309_S" textname="test sensor 13309"/>
			<item id="13310" losttest="1" iotype="AI" name="Sensor13310_S" textname="test sensor 13310"/>
			<item id="13311" losttest="1" iotype="AI" name="Sensor13311_S" textname="test sensor 13311"/>
			<item id="13312" losttest="1" iotype="AI" name="Sensor13312_S" textname="test sensor 13312"/>
			<item id="13313" losttest="1" iotype="AI" name="Sensor13313_S" textname="test sensor 13313"/>
			<item id="13314" losttest="1" iotype="AI" name="Sensor13314_S" textname="test sensor 13314"/>
			<item id="13315" losttest="1" iotype="AI" name="Sensor13315_S" textname="test sensor 13315"/>
			<item id="13316" losttest="1" iotype="AI" name="Sensor13316_S" textname="test sensor 13316"/>
			<item id="13317" losttest="1" iotype="AI" name="Sensor13317_S" textname="test sensor 13317"/>
			<item id="13318" losttest="1" iotype="AI" name="Sensor13318_S" textname="test sensor 13318"/>
			<item id="13319" losttest="1" iotype="AI" name="Sensor13319_S" textname="test sensor 13319"/>
			<item id="13320" losttest="1" iotype="AI" name="Sensor13320_S" textname="test sensor 13320"/>
			<item id="13321" losttest="1" iotype="AI" name="Sensor13321_S" textname="test sensor 13321"/>
			<item id="13322" losttest="1" iotype="AI" name="Sensor13322_S" textname="test sensor 13322"/>
			<item id="13323" losttest="1" iotype="AI" name="Sensor13323_S" textname="test sensor 13323"/>
			<item id="13324" losttest="1" iotype="AI" name="Sensor13324_S" textname="test sensor 13324"/>
			<item id="13325" losttest="1" iotype="AI" name="Sensor13325_S" textname="test sensor 13325"/>
			<item id="13326" losttest="1" iotype="AI" name="Sensor13326_S" textname="test sensor 13326"/>
			<item id="13327" losttest="1" iotype="AI" name="Sensor13327_S" textname="test sensor 13327"/>
			<item id="13328" losttest="1" iotype="AI" name="Sensor13328_S" textname="test sensor 13328"/>
			<item id="13329" losttest="1" iotype="AI" name="Sensor13329_S" textname="test sensor 13329"/>
			<item id="13330" losttest="1" iotype="AI" name="Sensor13330_S" textname="test sensor 13330"/>
			<item id="13331" losttest="1" iotype="AI" name="Sensor13331_S" textname="test sensor 13331"/>
			<item id="13332" losttest="1" iotype="AI" name="Sensor13332_S" textname="test sensor 13332"/>
			<item id="13333" losttest="1" iotype="AI" name="Sensor13333_S" textname="test sensor 13333"/>
			<item id="13334" losttest="1" iotype="AI" name="Sensor13334_S" textname="test sensor 13334"/>
			<item id="13335" losttest="1" iotype="AI" name="Sensor13335_S" textname="test sensor 13335"/>
			<item id="13336" losttest="1" iotype="AI" name="Sensor13336_S" textname="test sensor 13336"/>
			<item id="13337" losttest="1" iotype="AI" name="Sensor13337_S" textname="test sensor 13337"/>
			<item id="13338" losttest="1" iotype="AI" name="Sensor13338_S" textname="test sensor 13338"/>
			<item id="13339" losttest="1" iotype="AI" name="Sensor13339_S" textname="test sensor 13339"/>
			<item id="13340" losttest="1" iotype="AI" name="Sensor13340_S" textname="test sensor 13340"/>
			<item id="13341" losttest="1" iotype="AI" name="Sensor13341_S" textname="test sensor 13341"/>
			<item id="13342" losttest="1" iotype="AI" name="Sensor13342_S" textname="test sensor 13342"/>
			<item id="13343" losttest="1" iotype="AI" name="Sensor13343_S" textname="test sensor 13343"/>
			<item id="13344" losttest="1" iotype="AI" name="Sensor13344_S" textname="test sensor 13344"/>
			<item id="13345" losttest="1" iotype="AI" name="Sensor13345_S" textname="test sensor 13345"/>
			<item id="13346" losttest="1" iotype="AI" name="Sensor13346_S" textname="test sensor 13346"/>
			<item id="13347" losttest="1" iotype="AI" name="Sensor13347_S" textname="test sensor 13347"/>
			<item id="13348" losttest="1" iotype="AI" name="Sensor13348_S" textname="test sensor 13348"/>
			<item id="13349" losttest="1" iotype="AI" name="Sensor13349_S" textname="test sensor 13349"/>
			<item id="13350" losttest="1" iotype="AI" name="Sensor13350_S" textname="test sensor 13350"/>
			<item id="13351" losttest="1" iotype="AI" name="Sensor13351_S" textname="test sensor 13351"/>
			<item id="13352" losttest="1" iotype="AI" name="Sensor13352_S" textname="test sensor 13352"/>
			<item id="13353" losttest="1" iotype="AI" name="Sensor13353_S" textname="test sensor 13353"/>
			<item id="13354" losttest="1" iotype="AI" name="Sensor13354_S" textname="test sensor 13354"/>
			<item id="13355" losttest="1" iotype="AI" name="Sensor13355_S" textname="test sensor 13355"/>
			<item id="13356" losttest="1" iotype="AI" name="Sensor13356_S" textname="test sensor 13356"/>
			<item id="13357" losttest="1" iotype="AI" name="Sensor13357_S" textname="test sensor 13357"/>
			<item id="13358" losttest="1" iotype="AI" name="Sensor13358_S" textname="test sensor 13358"/>
			<item id="13359" losttest="1" iotype="AI" name="Sensor13359_S" textname="test sensor 13359"/>
			<item id="13360" losttest="1" iotype="AI" name="Sensor13360_S" textname="test sensor 13360"/>
			<item id="13361" losttest="1" iotype="AI" name="Sensor13361_S" textname="test sensor 13361"/>
			<item id="13362" losttest="1" iotype="AI" name="Sensor13362_S" textname="test sensor 13362"/>
			<item id="13363" losttest="1" iotype="AI" name="Sensor13363_S" textname="test sensor 13363"/>
			<item id="13364" losttest="1" iotype="AI" name="Sensor13364_S" textname="test sensor 13364"/>
			<item id="13365" losttest="1" iotype="AI" name="Sensor13365_S" textname="test sensor 13365"/>
			<item id="13366" losttest="1" iotype="AI" name="Sensor13366_S" textname="test sensor 13366"/>
			<item id="13367" losttest="1" iotype="AI" name="Sensor13367_S" textname="test sensor 13367"/>
			<item id="13368" losttest="1" iotype="AI" name="Sensor13368_S" textname="test sensor 13368"/>
			<item id="13369" losttest="1" iotype="AI" name="Sensor13369_S" textname="test sensor 13369"/>
			<item id="13370" losttest="1" iotype="AI" name="Sensor13370_S" textname="test sensor 13370"/>
			<item id="13371" losttest="1" iotype="AI" name="Sensor13371_S" textname="test sensor 13371"/>
			<item id="13372" losttest="1" iotype="AI" name="Sensor13372_S" textname="test sensor 13372"/>
			<item id="13373" losttest="1" iotype="AI" name="Sensor13373_S" textname="test sensor 13373"/>
			<item id="13374" losttest="1" iotype="AI" name="Sensor13374_S" textname="test sensor 13374"/>
			<item id="13375" losttest="1" iotype="AI" name="Sensor13375_S" textname="test sensor 13375"/>
			<item id="13376" losttest="1" iotype="AI" name="Sensor13376_S" textname="test sensor 13376"/>
			<item id="13377" losttest="1" iotype="AI" name="Sensor13377_S" textname="test sensor 13377"/>
			<item id="13378" losttest="1" iotype="AI" name="Sensor13378_S" textname="test sensor 13378"/>
			<item id="13379" losttest="1" iotype="AI" name="Sensor13379_S" textname="test sensor 13379"/>
			<item id="13380" losttest="1" iotype="AI" name="Sensor13380_S" textname="test sensor 13380"/>
			<item id="13381" losttest="1" iotype="AI" name="Sensor13381_S" textname="test sensor 13381"/>
			<item id="13382" losttest="1" iotype="AI" name="Sensor13382_S" textname="test sensor 13382"/>
			<item id="13383" losttest="1" iotype="AI" name="Sensor13383_S" textname="test sensor 13383"/>
			<item id="13384" losttest="1" iotype="AI" name="Sensor13384_S" textname="test sensor 13384"/>
			<item id="13385" losttest="1" iotype="AI" name="Sensor13385_S" textname="test sensor 13385"/>
			<item id="13386" losttest="1" iotype="AI" name="Sensor13386_S" textname="test sensor 13386"/>
			<item id="13387" losttest="1" iotype="AI" name="Sensor13387_S" textname="test sensor 13387"/>
			<item id="13388" losttest="1" iotype="AI" name="Sensor13388_S" textname="test sensor 13388"/>
			<item id="13389" losttest="1" iotype="AI" name="Sensor13389_S" textname="test sensor 13389"/>
			<item id="13390" losttest="1" iotype="AI" name="Sensor13390_S" textname="test sensor 13390"/>
			<item id="13391" losttest="1" iotype="AI" name="Sensor13391_S" textname="test sensor 13391"/>
			<item id="13392" losttest="1" iotype="AI" name="Sensor13392_S" textname="test sensor 13392"/>
			<item id="13393" losttest="1" iotype="AI" name="Sensor13393_S" textname="test sensor 13393"/>
			<item id="13394" losttest="1" iotype="AI" name="Sensor13394_S" textname="test sensor 13394"/>
			<item id="13395" losttest="1" iotype="AI" name="Sensor13395_S" textname="test sensor 13395"/>
			<item id="13396" losttest="1" iotype="AI" name="Sensor13396_S" textname="test sensor 13396"/>
			<item id="13397" losttest="1" iotype="AI" name="Sensor13397_S" textname="test sensor 13397"/>
			<item id="13398" losttest="1" iotype="AI" name="Sensor13398_S" textname="test sensor 13398"/>
			<item id="13399" losttest="1" iotype="AI" name="Sensor13399_S" textname="test sensor 13399"/>
			<item id="13400" losttest="1" iotype="AI" name="Sensor13400_S" textname="test sensor 13400"/>
			<item id="13401" losttest="1" iotype="AI" name="Sensor13401_S" textname="test sensor 13401"/>
			<item id="13402" losttest="1" iotype="AI" name="Sensor13402_S" textname="test sensor 13402"/>
			<item id="13403" losttest="1" iotype="AI" name="Sensor13403_S" textname="test sensor 13403"/>
			<item id="13404" losttest="1" iotype="AI" name="Sensor13404_S" textname="test sensor 13404"/>
			<item id="13405" losttest="1" iotype="AI" name="Sensor13405_S" textname="test sensor 13405"/>
			<item id="13406" losttest="1" iotype="AI" name="Sensor13406_S" textname="test sensor 13406"/>
			<item id="13407" losttest="1" iotype="AI" name="Sensor13407_S" textname="test sensor 13407"/>
			<item id="13408" losttest="1" iotype="AI" name="Sensor13408_S" textname="test sensor 13408"/>
			<item id="13409" losttest="1" iotype="AI" name="Sensor13409_S" textname="test sensor 13409"/>
			<item id="13410" losttest="1" iotype="AI" name="Sensor13410_S" textname="test sensor 13410"/>
			<item id="13411" losttest="1" iotype="AI" name="Sensor13411_S" textname="test sensor 13411"/>
			<item id="13412" losttest="1" iotype="AI" name="Sensor13412_S" textname="test sensor 13412"/>
			<item id="13413" losttest="1" iotype="AI" name="Sensor13413_S" textname="test sensor 13413"/>
			<item id="13414" losttest="1" iotype="AI" name="Sensor13414_S" textname="test sensor 13414"/>
			<item id="13415" losttest="1" iotype="AI" name="Sensor13415_S" textname="test sensor 13415"/>
			<item id="13416" losttest="1" iotype="AI" name="Sensor13416_S" textname="test sensor 13416"/>
			<item id="13417" losttest="1" iotype="AI" name="Sensor13417_S" textname="test sensor 13417"/>
			<item id="13418" losttest="1" iotype="AI" name="Sensor13418_S" textname="test sensor 13418"/>
			<item id="13419" losttest="1" iotype="AI" name="Sensor13419_S" textname="test sensor 13419"/>
			<item id="13420" losttest="1" iotype="AI" name="Sensor13420_S" textname="test sensor 13420"/>
			<item id="13421" losttest="1" iotype="AI" name="Sensor13421_S" textname="test sensor 13421"/>
			<item id="13422" losttest="1" iotype="AI" name="Sensor13422_S" textname="test sensor 13422"/>
			<item id="13423" losttest="1" iotype="AI" name="Sensor13423_S" textname="test sensor 13423"/>
			<item id="13424" losttest="1" iotype="AI" name="Sensor13424_S" textname="test sensor 13424"/>
			<item id="13425" losttest="1" iotype="AI" name="Sensor13425_S" textname="test sensor 13425"/>
			<item id="13426" losttest="1" iotype="AI" name="Sensor13426_S" textname="test sensor 13426"/>
			<item id="13427" losttest="1" iotype="AI" name="Sensor13427_S" textname="test sensor 13427"/>
			<item id="13428" losttest="1" iotype="AI" name="Sensor13428_S" textname="test sensor 13428"/>
			<item id="13429" losttest="1" iotype="AI" name="Sensor13429_S" textname="test sensor 13429"/>
			<item id="13430" losttest="1" iotype="AI" name="Sensor13430_S" textname="test sensor 13430"/>
			<item id="13431" losttest="1" iotype="AI" name="Sensor13431_S" textname="test sensor 13431"/>
			<item id="13432" losttest="1" iotype="AI" name="Sensor13432_S" textname="test sensor 13432"/>
			<item id="13433" losttest="1" iotype="AI" name="Sensor13433_S" textname="test sensor 13433"/>
			<item id="13434" losttest="1" iotype="AI" name="Sensor13434_S" textname="test sensor 13434"/>
			<item id="13435" losttest="1" iotype="AI" name="Sensor13435_S" textname="test sensor 13435"/>
			<item id="13436" losttest="1" iotype="AI" name="Sensor13436_S" textname="test sensor 13436"/>
			<item id="13437" losttest="1" iotype="AI" name="Sensor13437_S" textname="test sensor 13437"/>
			<item id="13438" losttest="1" iotype="AI" name="Sensor13438_S" textname="test sensor 13438"/>
			<item id="13439" losttest="1" iotype="AI" name="Sensor13439_S" textname="test sensor 13439"/>
			<item id="13440" losttest="1" iotype="AI" name="Sensor13440_S" textname="test sensor 13440"/>
			<item id="13441" losttest="1" iotype="AI" name="Sensor13441_S" textname="test sensor 13441"/>
			<item id="13442" losttest="1" iotype="AI" name="Sensor13442_S" textname="test sensor 13442"/>
			<item id="13443" losttest="1" iotype="AI" name="Sensor13443_S" textname="test sensor 13443"/>
			<item id="13444" losttest="1" iotype="AI" name="Sensor13444_S" textname="test sensor 13444"/>
			<item id="13445" losttest="1" iotype="AI" name="Sensor13445_S" textname="test sensor 13445"/>
			<item id="13446" losttest="1" iotype="AI" name="Sensor13446_S" textname="test sensor 13446"/>
			<item id="13447" losttest="1" iotype="AI" name="Sensor13447_S" textname="test sensor 13447"/>
			<item id="13448" losttest="1" iotype="AI" name="Sensor13448_S" textname="test sensor 13448"/>
			<item id="13449" losttest="1" iotype="AI" name="Sensor13449_S" textname="test sensor 13449"/>
			<item id="13450" losttest="1" iotype="AI" name="Sensor13450_S" textname="test sensor 13450"/>
			<item id="13451" losttest="1" iotype="AI" name="Sensor13451_S" textname="test sensor 13451"/>
			<item id="13452" losttest="1" iotype="AI" name="Sensor13452_S" textname="test sensor 13452"/>
			<item id="13453" losttest="1" iotype="AI" name="Sensor13453_S" textname="test sensor 13453"/>
			<item id="13454" losttest="1" iotype="AI" name="Sensor13454_S" textname="test sensor 13454"/>
			<item id="13455" losttest="1" iotype="AI" name="Sensor13455_S" textname="test sensor 13455"/>
			<item id="13456" losttest="1" iotype="AI" name="Sensor13456_S" textname="test sensor 13456"/>
			<item id="13457" losttest="1" iotype="AI" name="Sensor13457_S" textname="test sensor 13457"/>
			<item id="13458" losttest="1" iotype="AI" name="Sensor13458_S" textname="test sensor 13458"/>
			<item id="13459" losttest="1" iotype="AI" name="Sensor13459_S" textname="test sensor 13459"/>
			<item id="13460" losttest="1" iotype="AI" name="Sensor13460_S" textname="test sensor 13460"/>
			<item id="13461" losttest="1" iotype="AI" name="Sensor13461_S" textname="test sensor 13461"/>
			<item id="13462" losttest="1" iotype="AI" name="Sensor13462_S" textname="test sensor 13462"/>
			<item id="13463" losttest="1" iotype="AI" name="Sensor13463_S" textname="test sensor 13463"/>
			<item id="13464" losttest="1" iotype="AI" name="Sensor13464_S" textname="test sensor 13464"/>
			<item id="13465" losttest="1" iotype="AI" name="Sensor13465_S" textname="test sensor 13465"/>
			<item id="13466" losttest="1" iotype="AI" name="Sensor13466_S" textname="test sensor 13466"/>
			<item id="13467" losttest="1" iotype="AI" name="Sensor13467_S" textname="test sensor 13467"/>
			<item id="13468" losttest="1" iotype="AI" name="Sensor13468_S" textname="test sensor 13468"/>
			<item id="13469" losttest="1" iotype="AI" name="Sensor13469_S" textname="test sensor 13469"/>
			<item id="13470" losttest="1" iotype="AI" name="Sensor13470_S" textname="test sensor 13470"/>
			<item id="13471" losttest="1" iotype="AI" name="Sensor13471_S" textname="test sensor 13471"/>
			<item id="13472" losttest="1" iotype="AI" name="Sensor13472_S" textname="test sensor 13472"/>
			<item id="13473" losttest="1" iotype="AI" name="Sensor13473_S" textname="test sensor 13473"/>
			<item id="13474" losttest="1" iotype="AI" name="Sensor13474_S" textname="test sensor 13474"/>
			<item id="13475" losttest="1" iotype="AI" name="Sensor13475_S" textname="test sensor 13475"/>
			<item id="13476" losttest="1" iotype="AI" name="Sensor13476_S" textname="test sensor 13476"/>
			<item id="13477" losttest="1" iotype="AI" name="Sensor13477_S" textname="test sensor 13477"/>
			<item id="13478" losttest="1" iotype="AI" name="Sensor13478_S" textname="test sensor 13478"/>
			<item id="13479" losttest="1" iotype="AI" name="Sensor13479_S" textname="test sensor 13479"/>
			<item id="13480" losttest="1" iotype="AI" name="Sensor13480_S" textname="test sensor 13480"/>
			<item id="13481" losttest="1" iotype="AI" name="Sensor13481_S" textname="test sensor 13481"/>
			<item id="13482" losttest="1" iotype="AI" name="Sensor13482_S" textname="test sensor 13482"/>
			<item id="13483" losttest="1" iotype="AI" name="Sensor13483_S" textname="test sensor 13483"/>
			<item id="13484" losttest="1" iotype="AI" name="Sensor13484_S" textname="test sensor 13484"/>
			<item id="13485" losttest="1" iotype="AI" name="Sensor13485_S" textname="test sensor 13485"/>
			<item id="13486" losttest="1" iotype="AI" name="Sensor13486_S" textname="test sensor 13486"/>
			<item id="13487" losttest="1" iotype="AI" name="Sensor13487_S" textname="test sensor 13487"/>
			<item id="13488" losttest="1" iotype="AI" name="Sensor13488_S" textname="test sensor 13488"/>
			<item id="13489" losttest="1" iotype="AI" name="Sensor13489_S" textname="test sensor 13489"/>
			<item id="13490" losttest="1" iotype="AI" name="Sensor13490_S" textname="test sensor 13490"/>
			<item id="13491" losttest="1" iotype="AI" name="Sensor13491_S" textname="test sensor 13491"/>
			<item id="13492" losttest="1" iotype="AI" name="Sensor13492_S" textname="test sensor 13492"/>
			<item id="13493" losttest="1" iotype="AI" name="Sensor13493_S" textname="test sensor 13493"/>
			<item id="13494" losttest="1" iotype="AI" name="Sensor13494_S" textname="test sensor 13494"/>
			<item id="13495" losttest="1" iotype="AI" name="Sensor13495_S" textname="test sensor 13495"/>
			<item id="13496" losttest="1" iotype="AI" name="Sensor13496_S" textname="test sensor 13496"/>
			<item id="13497" losttest="1" iotype="AI" name="Sensor13497_S" textname="test sensor 13497"/>
			<item id="13498" losttest="1" iotype="AI" name="Sensor13498_S" textname="test sensor 13498"/>
			<item id="13499" losttest="1" iotype="AI" name="Sensor13499_S" textname="test sensor 13499"/>
			<item id="13500" losttest="1" iotype="AI" name="Sensor13500_S" textname="test sensor 13500"/>
			<item id="13501" losttest="1" iotype="AI" name="Sensor13501_S" textname="test sensor 13501"/>
			<item id="13502" losttest="1" iotype="AI" name="Sensor13502_S" textname="test sensor 13502"/>
			<item id="13503" losttest="1" iotype="AI" name="Sensor13503_S" textname="test sensor 13503"/>
			<item id="13504" losttest="1" iotype="AI" name="Sensor13504_S" textname="test sensor 13504"/>
			<item id="13505" losttest="1" iotype="AI" name="Sensor13505_S" textname="test sensor 13505"/>
			<item id="13506" losttest="1" iotype="AI" name="Sensor13506_S" textname="test sensor 13506"/>
			<item id="13507" losttest="1" iotype="AI" name="Sensor13507_S" textname="test sensor 13507"/>
			<item id="13508" losttest="1" iotype="AI" name="Sensor13508_S" textname="test sensor 13508"/>
			<item id="13509" losttest="1" iotype="AI" name="Sensor13509_S" textname="test sensor 13509"/>
			<item id="13510" losttest="1" iotype="AI" name="Sensor13510_S" textname="test sensor 13510"/>
			<item id="13511" losttest="1" iotype="AI" name="Sensor13511_S" textname="test sensor 13511"/>
			<item id="13512" losttest="1" iotype="AI" name="Sensor13512_S" textname="test sensor 13512"/>
			<item id="13513" losttest="1" iotype="AI" name="Sensor13513_S" textname="test sensor 13513"/>
			<item id="13514" losttest="1" iotype="AI" name="Sensor13514_S" textname="test sensor 13514"/>
			<item id="13515" losttest="1" iotype="AI" name="Sensor13515_S" textname="test sensor 13515"/>
			<item id="13516" losttest="1" iotype="AI" name="Sensor13516_S" textname="test sensor 13516"/>
			<item id="13517" losttest="1" iotype="AI" name="Sensor13517_S" textname="test sensor 13517"/>
			<item id="13518" losttest="1" iotype="AI" name="Sensor13518_S" textname="test sensor 13518"/>
			<item id="13519" losttest="1" iotype="AI" name="Sensor13519_S" textname="test sensor 13519"/>
			<item id="13520" losttest="1" iotype="AI" name="Sensor13520_S" textname="test sensor 13520"/>
			<item id="13521" losttest="1" iotype="AI" name="Sensor13521_S" textname="test sensor 13521"/>
			<item id="13522" losttest="1" iotype="AI" name="Sensor13522_S" textname="test sensor 13522"/>
			<item id="13523" losttest="1" iotype="AI" name="Sensor13523_S" textname="test sensor 13523"/>
			<item id="13524" losttest="1" iotype="AI" name="Sensor13524_S" textname="test sensor 13524"/>
			<item id="13525" losttest="1" iotype="AI" name="Sensor13525_S" textname="test sensor 13525"/>
			<item id="13526" losttest="1" iotype="AI" name="Sensor13526_S" textname="test sensor 13526"/>
			<item id="13527" losttest="1" iotype="AI" name="Sensor13527_S" textname="test sensor 13527"/>
			<item id="13528" losttest="1" iotype="AI" name="Sensor13528_S" textname="test sensor 13528"/>
			<item id="13529" losttest="1" iotype="AI" name="Sensor13529_S" textname="test sensor 13529"/>
			<item id="13530" losttest="1" iotype="AI" name="Sensor13530_S" textname="test sensor 13530"/>
			<item id="13531" losttest="1" iotype="AI" name="Sensor13531_S" textname="test sensor 13531"/>
			<item id="13532" losttest="1" iotype="AI" name="Sensor13532_S" textname="test sensor 13532"/>
			<item id="13533" losttest="1" iotype="AI" name="Sensor13533_S" textname="test sensor 13533"/>
			<item id="13534" losttest="1" iotype="AI" name="Sensor13534_S" textname="test sensor 13534"/>
			<item id="13535" losttest="1" iotype="AI" name="Sensor13535_S" textname="test sensor 13535"/>
			<item id="13536" losttest="1" iotype="AI" name="Sensor13536_S" textname="test sensor 13536"/>
			<item id="13537" losttest="1" iotype="AI" name="Sensor13537_S" textname="test sensor 13537"/>
			<item id="13538" losttest="1" iotype="AI" name="Sensor13538_S" textname="test sensor 13538"/>
			<item id="13539" losttest="1" iotype="AI" name="Sensor13539_S" textname="test sensor 13539"/>
			<item id="13540" losttest="1" iotype="AI" name="Sensor13540_S" textname="test sensor 13540"/>
			<item id="13541" losttest="1" iotype="AI" name="Sensor13541_S" textname="test sensor 13541"/>
			<item id="13542" losttest="1" iotype="AI" name="Sensor13542_S" textname="test sensor 13542"/>
			<item id="13543" losttest="1" iotype="AI" name="Sensor13543_S" textname="test sensor 13543"/>
			<item id="13544" losttest="1" iotype="AI" name="Sensor13544_S" textname="test sensor 13544"/>
			<item id="13545" losttest="1" iotype="AI" name="Sensor13545_S" textname="test sensor 13545"/>
			<item id="13546" losttest="1" iotype="AI" name="Sensor13546_S" textname="test sensor 13546"/>
			<item id="13547" losttest="1" iotype="AI" name="Sensor13547_S" textname="test sensor 13547"/>
			<item id="13548" losttest="1" iotype="AI" name="Sensor13548_S" textname="test sensor 13548"/>
			<item id="13549" losttest="1" iotype="AI" name="Sensor13549_S" textname="test sensor 13549"/>
			<item id="13550" losttest="1" iotype="AI" name="Sensor13550_S" textname="test sensor 13550"/>
			<item id="13551" losttest="1" iotype="AI" name="Sensor13551_S" textname="test sensor 13551"/>
			<item id="13552" losttest="1" iotype="AI" name="Sensor13552_S" textname="test sensor 13552"/>
			<item id="13553" losttest="1" iotype="AI" name="Sensor13553_S" textname="test sensor 13553"/>
			<item id="13554" losttest="1" iotype="AI" name="Sensor13554_S" textname="test sensor 13554"/>
			<item id="13555" losttest="1" iotype="AI" name="Sensor13555_S" textname="test sensor 13555"/>
			<item id="13556" losttest="1" iotype="AI" name="Sensor13556_S" textname="test sensor 13556"/>
			<item id="13557" losttest="1" iotype="AI" name="Sensor13557_S" textname="test sensor 13557"/>
			<item id="13558" losttest="1" iotype="AI" name="Sensor13558_S" textname="test sensor 13558"/>
			<item id="13559" losttest="1" iotype="AI" name="Sensor13559_S" textname="test sensor 13559"/>
			<item id="13560" losttest="1" iotype="AI" name="Sensor13560_S" textname="test sensor 13560"/>
			<item id="13561" losttest="1" iotype="AI" name="Sensor13561_S" textname="test sensor 13561"/>
			<item id="13562" losttest="1" iotype="AI" name="Sensor13562_S" textname="test sensor 13562"/>
			<item id="13563" losttest="1" iotype="AI" name="Sensor13563_S" textname="test sensor 13563"/>
			<item id="13564" losttest="1" iotype="AI" name="Sensor13564_S" textname="test sensor 13564"/>
			<item id="13565" losttest="1" iotype="AI" name="Sensor13565_S" textname="test sensor 13565"/>
			<item id="13566" losttest="1" iotype="AI" name="Sensor13566_S" textname="test sensor 13566"/>
			<item id="13567" losttest="1" iotype="AI" name="Sensor13567_S" textname="test sensor 13567"/>
			<item id="13568" losttest="1" iotype="AI" name="Sensor13568_S" textname="test sensor 13568"/>
			<item id="13569" losttest="1" iotype="AI" name="Sensor13569_S" textname="test sensor 13569"/>
			<item id="13570" losttest="1" iotype="AI" name="Sensor13570_S" textname="test sensor 13570"/>
			<item id="13571" losttest="1" iotype="AI" name="Sensor13571_S" textname="test sensor 13571"/>
			<item id="13572" losttest="1" iotype="AI" name="Sensor13572_S" textname="test sensor 13572"/>
			<item id="13573" losttest="1" iotype="AI" name="Sensor13573_S" textname="test sensor 13573"/>
			<item id="13574" losttest="1" iotype="AI" name="Sensor13574_S" textname="test sensor 13574"/>
			<item id="13575" losttest="1" iotype="AI" name="Sensor13575_S" textname="test sensor 13575"/>
			<item id="13576" losttest="1" iotype="AI" name="Sensor13576_S" textname="test sensor 13576"/>
			<item id="13577" losttest="1" iotype="AI" name="Sensor13577_S" textname="test sensor 13577"/>
			<item id="13578" losttest="1" iotype="AI" name="Sensor13578_S" textname="test sensor 13578"/>
			<item id="13579" losttest="1" iotype="AI" name="Sensor13579_S" textname="test sensor 13579"/>
			<item id="13580" losttest="1" iotype="AI" name="Sensor13580_S" textname="test sensor 13580"/>
			<item id="13581" losttest="1" iotype="AI" name="Sensor13581_S" textname="test sensor 13581"/>
			<item id="13582" losttest="1" iotype="AI" name="Sensor13582_S" textname="test sensor 13582"/>
			<item id="13583" losttest="1" iotype="AI" name="Sensor13583_S" textname="test sensor 13583"/>
			<item id="13584" losttest="1" iotype="AI" name="Sensor13584_S" textname="test sensor 13584"/>
			<item id="13585" losttest="1" iotype="AI" name="Sensor13585_S" textname="test sensor 13585"/>
			<item id="13586" losttest="1" iotype="AI" name="Sensor13586_S" textname="test sensor 13586"/>
			<item id="13587" losttest="1" iotype="AI" name="Sensor13587_S" textname="test sensor 13587"/>
			<item id="13588" losttest="1" iotype="AI" name="Sensor13588_S" textname="test sensor 13588"/>
			<item id="13589" losttest="1" iotype="AI" name="Sensor13589_S" textname="test sensor 13589"/>
			<item id="13590" losttest="1" iotype="AI" name="Sensor13590_S" textname="test sensor 13590"/>
			<item id="13591" losttest="1" iotype="AI" name="Sensor13591_S" textname="test sensor 13591"/>
			<item id="13592" losttest="1" iotype="AI" name="Sensor13592_S" textname="test sensor 13592"/>
			<item id="13593" losttest="1" iotype="AI" name="Sensor13593_S" textname="test sensor 13593"/>
			<item id="13594" losttest="1" iotype="AI" name="Sensor13594_S" textname="test sensor 13594"/>
			<item id="13595" losttest="1" iotype="AI" name="Sensor13595_S" textname="test sensor 13595"/>
			<item id="13596" losttest="1" iotype="AI" name="Sensor13596_S" textname="test sensor 13596"/>
			<item id="13597" losttest="1" iotype="AI" name="Sensor13597_S" textname="test sensor 13597"/>
			<item id="13598" losttest="1" iotype="AI" name="Sensor13598_S" textname="test sensor 13598"/>
			<item id="13599" losttest="1" iotype="AI" name="Sensor13599_S" textname="test sensor 13599"/>
			<item id="13600" losttest="1" iotype="AI" name="Sensor13600_S" textname="test sensor 13600"/>
			<item id="13601" losttest="1" iotype="AI" name="Sensor13601_S" textname="test sensor 13601"/>
			<item id="13602" losttest="1" iotype="AI" name="Sensor13602_S" textname="test sensor 13602"/>
			<item id="13603" losttest="1" iotype="AI" name="Sensor13603_S" textname="test sensor 13603"/>
			<item id="13604" losttest="1" iotype="AI" name="Sensor13604_S" textname="test sensor 13604"/>
			<item id="13605" losttest="1" iotype="AI" name="Sensor13605_S" textname="test sensor 13605"/>
			<item id="13606" losttest="1" iotype="AI" name="Sensor13606_S" textname="test sensor 13606"/>
			<item id="13607" losttest="1" iotype="AI" name="Sensor13607_S" textname="test sensor 13607"/>
			<item id="13608" losttest="1" iotype="AI" name="Sensor13608_S" textname="test sensor 13608"/>
			<item id="13609" losttest="1" iotype="AI" name="Sensor13609_S" textname="test sensor 13609"/>
			<item id="13610" losttest="1" iotype="AI" name="Sensor13610_S" textname="test sensor 13610"/>
			<item id="13611" losttest="1" iotype="AI" name="Sensor13611_S" textname="test sensor 13611"/>
			<item id="13612" losttest="1" iotype="AI" name="Sensor13612_S" textname="test sensor 13612"/>
			<item id="13613" losttest="1" iotype="AI" name="Sensor13613_S" textname="test sensor 13613"/>
			<item id="13614" losttest="1" iotype="AI" name="Sensor13614_S" textname="test sensor 13614"/>
			<item id="13615" losttest="1" iotype="AI" name="Sensor13615_S" textname="test sensor 13615"/>
			<item id="13616" losttest="1" iotype="AI" name="Sensor13616_S" textname="test sensor 13616"/>
			<item id="13617" losttest="1" iotype="AI" name="Sensor13617_S" textname="test sensor 13617"/>
			<item id="13618" losttest="1" iotype="AI" name="Sensor13618_S" textname="test sensor 13618"/>
			<item id="13619" losttest="1" iotype="AI" name="Sensor13619_S" textname="test sensor 13619"/>
			<item id="13620" losttest="1" iotype="AI" name="Sensor13620_S" textname="test sensor 13620"/>
			<item id="13621" losttest="1" iotype="AI" name="Sensor13621_S" textname="test sensor 13621"/>
			<item id="13622" losttest="1" iotype="AI" name="Sensor13622_S" textname="test sensor 13622"/>
			<item id="13623" losttest="1" iotype="AI" name="Sensor13623_S" textname="test sensor 13623"/>
			<item id="13624" losttest="1" iotype="AI" name="Sensor13624_S" textname="test sensor 13624"/>
			<item id="13625" losttest="1" iotype="AI" name="Sensor13625_S" textname="test sensor 13625"/>
			<item id="13626" losttest="1" iotype="AI" name="Sensor13626_S" textname="test sensor 13626"/>
			<item id="13627" losttest="1" iotype="AI" name="Sensor13627_S" textname="test sensor 13627"/>
			<item id="13628" losttest="1" iotype="AI" name="Sensor13628_S" textname="test sensor 13628"/>
			<item id="13629" losttest="1" iotype="AI" name="Sensor13629_S" textname="test sensor 13629"/>
			<item id="13630" losttest="1" iotype="AI" name="Sensor13630_S" textname="test sensor 13630"/>
			<item id="13631" losttest="1" iotype="AI" name="Sensor13631_S" textname="test sensor 13631"/>
			<item id="13632" losttest="1" iotype="AI" name="Sensor13632_S" textname="test sensor 13632"/>
			<item id="13633" losttest="1" iotype="AI" name="Sensor13633_S" textname="test sensor 13633"/>
			<item id="13634" losttest="1" iotype="AI" name="Sensor13634_S" textname="test sensor 13634"/>
			<item id="13635" losttest="1" iotype="AI" name="Sensor13635_S" textname="test sensor 13635"/>
			<item id="13636" losttest="1" iotype="AI" name="Sensor13636_S" textname="test sensor 13636"/>
			<item id="13637" losttest="1" iotype="AI" name="Sensor13637_S" textname="test sensor 13637"/>
			<item id="13638" losttest="1" iotype="AI" name="Sensor13638_S" textname="test sensor 13638"/>
			<item id="13639" losttest="1" iotype="AI" name="Sensor13639_S" textname="test sensor 13639"/>
			<item id="13640" losttest="1" iotype="AI" name="Sensor13640_S" textname="test sensor 13640"/>
			<item id="13641" losttest="1" iotype="AI" name="Sensor13641_S" textname="test sensor 13641"/>
			<item id="13642" losttest="1" iotype="AI" name="Sensor13642_S" textname="test sensor 13642"/>
			<item id="13643" losttest="1" iotype="AI" name="Sensor13643_S" textname="test sensor 13643"/>
			<item id="13644" losttest="1" iotype="AI" name="Sensor13644_S" textname="test sensor 13644"/>
			<item id="13645" losttest="1" iotype="AI" name="Sensor13645_S" textname="test sensor 13645"/>
			<item id="13646" losttest="1" iotype="AI" name="Sensor13646_S" textname="test sensor 13646"/>
			<item id="13647" losttest="1" iotype="AI" name="Sensor13647_S" textname="test sensor 13647"/>
			<item id="13648" losttest="1" iotype="AI" name="Sensor13648_S" textname="test sensor 13648"/>
			<item id="13649" losttest="1" iotype="AI" name="Sensor13649_S" textname="test sensor 13649"/>
			<item id="13650" losttest="1" iotype="AI" name="Sensor13650_S" textname="test sensor 13650"/>
			<item id="13651" losttest="1" iotype="AI" name="Sensor13651_S" textname="test sensor 13651"/>
			<item id="13652" losttest="1" iotype="AI" name="Sensor13652_S" textname="test sensor 13652"/>
			<item id="13653" losttest="1" iotype="AI" name="Sensor13653_S" textname="test sensor 13653"/>
			<item id="13654" losttest="1" iotype="AI" name="Sensor13654_S" textname="test sensor 13654"/>
			<item id="13655" losttest="1" iotype="AI" name="Sensor13655_S" textname="test sensor 13655"/>
			<item id="13656" losttest="1" iotype="AI" name="Sensor13656_S" textname="test sensor 13656"/>
			<item id="13657" losttest="1" iotype="AI" name="Sensor13657_S" textname="test sensor 13657"/>
			<item id="13658" losttest="1" iotype="AI" name="Sensor13658_S" textname="test sensor 13658"/>
			<item id="13659" losttest="1" iotype="AI" name="Sensor13659_S" textname="test sensor 13659"/>
			<item id="13660" losttest="1" iotype="AI" name="Sensor13660_S" textname="test sensor 13660"/>
			<item id="13661" losttest="1" iotype="AI" name="Sensor13661_S" textname="test sensor 13661"/>
			<item id="13662" losttest="1" iotype="AI" name="Sensor13662_S" textname="test sensor 13662"/>
			<item id="13663" losttest="1" iotype="AI" name="Sensor13663_S" textname="test sensor 13663"/>
			<item id="13664" losttest="1" iotype="AI" name="Sensor13664_S" textname="test sensor 13664"/>
			<item id="13665" losttest="1" iotype="AI" name="Sensor13665_S" textname="test sensor 13665"/>
			<item id="13666" losttest="1" iotype="AI" name="Sensor13666_S" textname="test sensor 13666"/>
			<item id="13667" losttest="1" iotype="AI" name="Sensor13667_S" textname="test sensor 13667"/>
			<item id="13668" losttest="1" iotype="AI" name="Sensor13668_S" textname="test sensor 13668"/>
			<item id="13669" losttest="1" iotype="AI" name="Sensor13669_S" textname="test sensor 13669"/>
			<item id="13670" losttest="1" iotype="AI" name="Sensor13670_S" textname="test sensor 13670"/>
			<item id="13671" losttest="1" iotype="AI" name="Sensor13671_S" textname="test sensor 13671"/>
			<item id="13672" losttest="1" iotype="AI" name="Sensor13672_S" textname="test sensor 13672"/>
			<item id="13673" losttest="1" iotype="AI" name="Sensor13673_S" textname="test sensor 13673"/>
			<item id="13674" losttest="1" iotype="AI" name="Sensor13674_S" textname="test sensor 13674"/>
			<item id="13675" losttest="1" iotype="AI" name="Sensor13675_S" textname="test sensor 13675"/>
			<item id="13676" losttest="1" iotype="AI" name="Sensor13676_S" textname="test sensor 13676"/>
			<item id="13677" losttest="1" iotype="AI" name="Sensor13677_S" textname="test sensor 13677"/>
			<item id="13678" losttest="1" iotype="AI" name="Sensor13678_S" textname="test sensor 13678"/>
			<item id="13679" losttest="1" iotype="AI" name="Sensor13679_S" textname="test sensor 13679"/>
			<item id="13680" losttest="1" iotype="AI" name="Sensor13680_S" textname="test sensor 13680"/>
			<item id="13681" losttest="1" iotype="AI" name="Sensor13681_S" textname="test sensor 13681"/>
			<item id="13682" losttest="1" iotype="AI" name="Sensor13682_S" textname="test sensor 13682"/>
			<item id="13683" losttest="1" iotype="AI" name="Sensor13683_S" textname="test sensor 13683"/>
			<item id="13684" losttest="1" iotype="AI" name="Sensor13684_S" textname="test sensor 13684"/>
			<item id="13685" losttest="1" iotype="AI" name="Sensor13685_S" textname="test sensor 13685"/>
			<item id="13686" losttest="1" iotype="AI" name="Sensor13686_S" textname="test sensor 13686"/>
			<item id="13687" losttest="1" iotype="AI" name="Sensor13687_S" textname="test sensor 13687"/>
			<item id="13688" losttest="1" iotype="AI" name="Sensor13688_S" textname="test sensor 13688"/>
			<item id="13689" losttest="1" iotype="AI" name="Sensor13689_S" textname="test sensor 13689"/>
			<item id="13690" losttest="1" iotype="AI" name="Sensor13690_S" textname="test sensor 13690"/>
			<item id="13691" losttest="1" iotype="AI" name="Sensor13691_S" textname="test sensor 13691"/>
			<item id="13692" losttest="1" iotype="AI" name="Sensor13692_S" textname="test sensor 13692"/>
			<item id="13693" losttest="1" iotype="AI" name="Sensor13693_S" textname="test sensor 13693"/>
			<item id="13694" losttest="1" iotype="AI" name="Sensor13694_S" textname="test sensor 13694"/>
			<item id="13695" losttest="1" iotype="AI" name="Sensor13695_S" textname="test sensor 13695"/>
			<item id="13696" losttest="1" iotype="AI" name="Sensor13696_S" textname="test sensor 13696"/>
			<item id="13697" losttest="1" iotype="AI" name="Sensor13697_S" textname="test sensor 13697"/>
			<item id="13698" losttest="1" iotype="AI" name="Sensor13698_S" textname="test sensor 13698"/>
			<item id="13699" losttest="1" iotype="AI" name="Sensor13699_S" textname="test sensor 13699"/>
			<item id="13700" losttest="1" iotype="AI" name="Sensor13700_S" textname="test sensor 13700"/>
			<item id="13701" losttest="1" iotype="AI" name="Sensor13701_S" textname="test sensor 13701"/>
			<item id="13702" losttest="1" iotype="AI" name="Sensor13702_S" textname="test sensor 13702"/>
			<item id="13703" losttest="1" iotype="AI" name="Sensor13703_S" textname="test sensor 13703"/>
			<item id="13704" losttest="1" iotype="AI" name="Sensor13704_S" textname="test sensor 13704"/>
			<item id="13705" losttest="1" iotype="AI" name="Sensor13705_S" textname="test sensor 13705"/>
			<item id="13706" losttest="1" iotype="AI" name="Sensor13706_S" textname="test sensor 13706"/>
			<item id="13707" losttest="1" iotype="AI" name="Sensor13707_S" textname="test sensor 13707"/>
			<item id="13708" losttest="1" iotype="AI" name="Sensor13708_S" textname="test sensor 13708"/>
			<item id="13709" losttest="1" iotype="AI" name="Sensor13709_S" textname="test sensor 13709"/>
			<item id="13710" losttest="1" iotype="AI" name="Sensor13710_S" textname="test sensor 13710"/>
			<item id="13711" losttest="1" iotype="AI" name="Sensor13711_S" textname="test sensor 13711"/>
			<item id="13712" losttest="1" iotype="AI" name="Sensor13712_S" textname="test sensor 13712"/>
			<item id="13713" losttest="1" iotype="AI" name="Sensor13713_S" textname="test sensor 13713"/>
			<item id="13714" losttest="1" iotype="AI" name="Sensor13714_S" textname="test sensor 13714"/>
			<item id="13715" losttest="1" iotype="AI" name="Sensor13715_S" textname="test sensor 13715"/>
			<item id="13716" losttest="1" iotype="AI" name="Sensor13716_S" textname="test sensor 13716"/>
			<item id="13717" losttest="1" iotype="AI" name="Sensor13717_S" textname="test sensor 13717"/>
			<item id="13718" losttest="1" iotype="AI" name="Sensor13718_S" textname="test sensor 13718"/>
			<item id="13719" losttest="1" iotype="AI" name="Sensor13719_S" textname="test sensor 13719"/>
			<item id="13720" losttest="1" iotype="AI" name="Sensor13720_S" textname="test sensor 13720"/>
			<item id="13721" losttest="1" iotype="AI" name="Sensor13721_S" textname="test sensor 13721"/>
			<item id="13722" losttest="1" iotype="AI" name="Sensor13722_S" textname="test sensor 13722"/>
			<item id="13723" losttest="1" iotype="AI" name="Sensor13723_S" textname="test sensor 13723"/>
			<item id="13724" losttest="1" iotype="AI" name="Sensor13724_S" textname="test sensor 13724"/>
			<item id="13725" losttest="1" iotype="AI" name="Sensor13725_S" textname="test sensor 13725"/>
			<item id="13726" losttest="1" iotype="AI" name="Sensor13726_S" textname="test sensor 13726"/>
			<item id="13727" losttest="1" iotype="AI" name="Sensor13727_S" textname="test sensor 13727"/>
			<item id="13728" losttest="1" iotype="AI" name="Sensor13728_S" textname="test sensor 13728"/>
			<item id="13729" losttest="1" iotype="AI" name="Sensor13729_S" textname="test sensor 13729"/>
			<item id="13730" losttest="1" iotype="AI" name="Sensor13730_S" textname="test sensor 13730"/>
			<item id="13731" losttest="1" iotype="AI" name="Sensor13731_S" textname="test sensor 13731"/>
			<item id="13732" losttest="1" iotype="AI" name="Sensor13732_S" textname="test sensor 13732"/>
			<item id="13733" losttest="1" iotype="AI" name="Sensor13733_S" textname="test sensor 13733"/>
			<item id="13734" losttest="1" iotype="AI" name="Sensor13734_S" textname="test sensor 13734"/>
			<item id="13735" losttest="1" iotype="AI" name="Sensor13735_S" textname="test sensor 13735"/>
			<item id="13736" losttest="1" iotype="AI" name="Sensor13736_S" textname="test sensor 13736"/>
			<item id="13737" losttest="1" iotype="AI" name="Sensor13737_S" textname="test sensor 13737"/>
			<item id="13738" losttest="1" iotype="AI" name="Sensor13738_S" textname="test sensor 13738"/>
			<item id="13739" losttest="1" iotype="AI" name="Sensor13739_S" textname="test sensor 13739"/>
			<item id="13740" losttest="1" iotype="AI" name="Sensor13740_S" textname="test sensor 13740"/>
			<item id="13741" losttest="1" iotype="AI" name="Sensor13741_S" textname="test sensor 13741"/>
			<item id="13742" losttest="1" iotype="AI" name="Sensor13742_S" textname="test sensor 13742"/>
			<item id="13743" losttest="1" iotype="AI" name="Sensor13743_S" textname="test sensor 13743"/>
			<item id="13744" losttest="1" iotype="AI" name="Sensor13744_S" textname="test sensor 13744"/>
			<item id="13745" losttest="1" iotype="AI" name="Sensor13745_S" textname="test sensor 13745"/>
			<item id="13746" losttest="1" iotype="AI" name="Sensor13746_S" textname="test sensor 13746"/>
			<item id="13747" losttest="1" iotype="AI" name="Sensor13747_S" textname="test sensor 13747"/>
			<item id="13748" losttest="1" iotype="AI" name="Sensor13748_S" textname="test sensor 13748"/>
			<item id="13749" losttest="1" iotype="AI" name="Sensor13749_S" textname="test sensor 13749"/>
			<item id="13750" losttest="1" iotype="AI" name="Sensor13750_S" textname="test sensor 13750"/>
			<item id="13751" losttest="1" iotype="AI" name="Sensor13751_S" textname="test sensor 13751"/>
			<item id="13752" losttest="1" iotype="AI" name="Sensor13752_S" textname="test sensor 13752"/>
			<item id="13753" losttest="1" iotype="AI" name="Sensor13753_S" textname="test sensor 13753"/>
			<item id="13754" losttest="1" iotype="AI" name="Sensor13754_S" textname="test sensor 13754"/>
			<item id="13755" losttest="1" iotype="AI" name="Sensor13755_S" textname="test sensor 13755"/>
			<item id="13756" losttest="1" iotype="AI" name="Sensor13756_S" textname="test sensor 13756"/>
			<item id="13757" losttest="1" iotype="AI" name="Sensor13757_S" textname="test sensor 13757"/>
			<item id="13758" losttest="1" iotype="AI" name="Sensor13758_S" textname="test sensor 13758"/>
			<item id="13759" losttest="1" iotype="AI" name="Sensor13759_S" textname="test sensor 13759"/>
			<item id="13760" losttest="1" iotype="AI" name="Sensor13760_S" textname="test sensor 13760"/>
			<item id="13761" losttest="1" iotype="AI" name="Sensor13761_S" textname="test sensor 13761"/>
			<item id="13762" losttest="1" iotype="AI" name="Sensor13762_S" textname="test sensor 13762"/>
			<item id="13763" losttest="1" iotype="AI" name="Sensor13763_S" textname="test sensor 13763"/>
			<item id="13764" losttest="1" iotype="AI" name="Sensor13764_S" textname="test sensor 13764"/>
			<item id="13765" losttest="1" iotype="AI" name="Sensor13765_S" textname="test sensor 13765"/>
			<item id="13766" losttest="1" iotype="AI" name="Sensor13766_S" textname="test sensor 13766"/>
			<item id="13767" losttest="1" iotype="AI" name="Sensor13767_S" textname="test sensor 13767"/>
			<item id="13768" losttest="1" iotype="AI" name="Sensor13768_S" textname="test sensor 13768"/>
			<item id="13769" losttest="1" iotype="AI" name="Sensor13769_S" textname="test sensor 13769"/>
			<item id="13770" losttest="1" iotype="AI" name="Sensor13770_S" textname="test sensor 13770"/>
			<item id="13771" losttest="1" iotype="AI" name="Sensor13771_S" textname="test sensor 13771"/>
			<item id="13772" losttest="1" iotype="AI" name="Sensor13772_S" textname="test sensor 13772"/>
			<item id="13773" losttest="1" iotype="AI" name="Sensor13773_S" textname="test sensor 13773"/>
			<item id="13774" losttest="1" iotype="AI" name="Sensor13774_S" textname="test sensor 13774"/>
			<item id="13775" losttest="1" iotype="AI" name="Sensor13775_S" textname="test sensor 13775"/>
			<item id="13776" losttest="1" iotype="AI" name="Sensor13776_S" textname="test sensor 13776"/>
			<item id="13777" losttest="1" iotype="AI" name="Sensor13777_S" textname="test sensor 13777"/>
			<item id="13778" losttest="1" iotype="AI" name="Sensor13778_S" textname="test sensor 13778"/>
			<item id="13779" losttest="1" iotype="AI" name="Sensor13779_S" textname="test sensor 13779"/>
			<item id="13780" losttest="1" iotype="AI" name="Sensor13780_S" textname="test sensor 13780"/>
			<item id="13781" losttest="1" iotype="AI" name="Sensor13781_S" textname="test sensor 13781"/>
			<item id="13782" losttest="1" iotype="AI" name="Sensor13782_S" textname="test sensor 13782"/>
			<item id="13783" losttest="1" iotype="AI" name="Sensor13783_S" textname="test sensor 13783"/>
			<item id="13784" losttest="1" iotype="AI" name="Sensor13784_S" textname="test sensor 13784"/>
			<item id="13785" losttest="1" iotype="AI" name="Sensor13785_S" textname="test sensor 13785"/>
			<item id="13786" losttest="1" iotype="AI" name="Sensor13786_S" textname="test sensor 13786"/>
			<item id="13787" losttest="1" iotype="AI" name="Sensor13787_S" textname="test sensor 13787"/>
			<item id="13788" losttest="1" iotype="AI" name="Sensor13788_S" textname="test sensor 13788"/>
			<item id="13789" losttest="1" iotype="AI" name="Sensor13789_S" textname="test sensor 13789"/>
			<item id="13790" losttest="1" iotype="AI" name="Sensor13790_S" textname="test sensor 13790"/>
			<item id="13791" losttest="1" iotype="AI" name="Sensor13791_S" textname="test sensor 13791"/>
			<item id="13792" losttest="1" iotype="AI" name="Sensor13792_S" textname="test sensor 13792"/>
			<item id="13793" losttest="1" iotype="AI" name="Sensor13793_S" textname="test sensor 13793"/>
			<item id="13794" losttest="1" iotype="AI" name="Sensor13794_S" textname="test sensor 13794"/>
			<item id="13795" losttest="1" iotype="AI" name="Sensor13795_S" textname="test sensor 13795"/>
			<item id="13796" losttest="1" iotype="AI" name="Sensor13796_S" textname="test sensor 13796"/>
			<item id="13797" losttest="1" iotype="AI" name="Sensor13797_S" textname="test sensor 13797"/>
			<item id="13798" losttest="1" iotype="AI" name="Sensor13798_S" textname="test sensor 13798"/>
			<item id="13799" losttest="1" iotype="AI" name="Sensor13799_S" textname="test sensor 13799"/>
			<item id="13800" losttest="1" iotype="AI" name="Sensor13800_S" textname="test sensor 13800"/>
			<item id="13801" losttest="1" iotype="AI" name="Sensor13801_S" textname="test sensor 13801"/>
			<item id="13802" losttest="1" iotype="AI" name="Sensor13802_S" textname="test sensor 13802"/>
			<item id="13803" losttest="1" iotype="AI" name="Sensor13803_S" textname="test sensor 13803"/>
			<item id="13804" losttest="1" iotype="AI" name="Sensor13804_S" textname="test sensor 13804"/>
			<item id="13805" losttest="1" iotype="AI" name="Sensor13805_S" textname="test sensor 13805"/>
			<item id="13806" losttest="1" iotype="AI" name="Sensor13806_S" textname="test sensor 13806"/>
			<item id="13807" losttest="1" iotype="AI" name="Sensor13807_S" textname="test sensor 13807"/>
			<item id="13808" losttest="1" iotype="AI" name="Sensor13808_S" textname="test sensor 13808"/>
			<item id="13809" losttest="1" iotype="AI" name="Sensor13809_S" textname="test sensor 13809"/>
			<item id="13810" losttest="1" iotype="AI" name="Sensor13810_S" textname="test sensor 13810"/>
			<item id="13811" losttest="1" iotype="AI" name="Sensor13811_S" textname="test sensor 13811"/>
			<item id="13812" losttest="1" iotype="AI" name="Sensor13812_S" textname="test sensor 13812"/>
			<item id="13813" losttest="1" iotype="AI" name="Sensor13813_S" textname="test sensor 13813"/>
			<item id="13814" losttest="1" iotype="AI" name="Sensor13814_S" textname="test sensor 13814"/>
			<item id="13815" losttest="1" iotype="AI" name="Sensor13815_S" textname="test sensor 13815"/>
			<item id="13816" losttest="1" iotype="AI" name="Sensor13816_S" textname="test sensor 13816"/>
			<item id="13817" losttest="1" iotype="AI" name="Sensor13817_S" textname="test sensor 13817"/>
			<item id="13818" losttest="1" iotype="AI" name="Sensor13818_S" textname="test sensor 13818"/>
			<item id="13819" losttest="1" iotype="AI" name="Sensor13819_S" textname="test sensor 13819"/>
			<item id="13820" losttest="1" iotype="AI" name="Sensor13820_S" textname="test sensor 13820"/>
			<item id="13821" losttest="1" iotype="AI" name="Sensor13821_S" textname="test sensor 13821"/>
			<item id="13822" losttest="1" iotype="AI" name="Sensor13822_S" textname="test sensor 13822"/>
			<item id="13823" losttest="1" iotype="AI" name="Sensor13823_S" textname="test sensor 13823"/>
			<item id="13824" losttest="1" iotype="AI" name="Sensor13824_S" textname="test sensor 13824"/>
			<item id="13825" losttest="1" iotype="AI" name="Sensor13825_S" textname="test sensor 13825"/>
			<item id="13826" losttest="1" iotype="AI" name="Sensor13826_S" textname="test sensor 13826"/>
			<item id="13827" losttest="1" iotype="AI" name="Sensor13827_S" textname="test sensor 13827"/>
			<item id="13828" losttest="1" iotype="AI" name="Sensor13828_S" textname="test sensor 13828"/>
			<item id="13829" losttest="1" iotype="AI" name="Sensor13829_S" textname="test sensor 13829"/>
			<item id="13830" losttest="1" iotype="AI" name="Sensor13830_S" textname="test sensor 13830"/>
			<item id="13831" losttest="1" iotype="AI" name="Sensor13831_S" textname="test sensor 13831"/>
			<item id="13832" losttest="1" iotype="AI" name="Sensor13832_S" textname="test sensor 13832"/>
			<item id="13833" losttest="1" iotype="AI" name="Sensor13833_S" textname="test sensor 13833"/>
			<item id="13834" losttest="1" iotype="AI" name="Sensor13834_S" textname="test sensor 13834"/>
			<item id="13835" losttest="1" iotype="AI" name="Sensor13835_S" textname="test sensor 13835"/>
			<item id="13836" losttest="1" iotype="AI" name="Sensor13836_S" textname="test sensor 13836"/>
			<item id="13837" losttest="1" iotype="AI" name="Sensor13837_S" textname="test sensor 13837"/>
			<item id="13838" losttest="1" iotype="AI" name="Sensor13838_S" textname="test sensor 13838"/>
			<item id="13839" losttest="1" iotype="AI" name="Sensor13839_S" textname="test sensor 13839"/>
			<item id="13840" losttest="1" iotype="AI" name="Sensor13840_S" textname="test sensor 13840"/>
			<item id="13841" losttest="1" iotype="AI" name="Sensor13841_S" textname="test sensor 13841"/>
			<item id="13842" losttest="1" iotype="AI" name="Sensor13842_S" textname="test sensor 13842"/>
			<item id="13843" losttest="1" iotype="AI" name="Sensor13843_S" textname="test sensor 13843"/>
			<item id="13844" losttest="1" iotype="AI" name="Sensor13844_S" textname="test sensor 13844"/>
			<item id="13845" losttest="1" iotype="AI" name="Sensor13845_S" textname="test sensor 13845"/>
			<item id="13846" losttest="1" iotype="AI" name="Sensor13846_S" textname="test sensor 13846"/>
			<item id="13847" losttest="1" iotype="AI" name="Sensor13847_S" textname="test sensor 13847"/>
			<item id="13848" losttest="1" iotype="AI" name="Sensor13848_S" textname="test sensor 13848"/>
			<item id="13849" losttest="1" iotype="AI" name="Sensor13849_S" textname="test sensor 13849"/>
			<item id="13850" losttest="1" iotype="AI" name="Sensor13850_S" textname="test sensor 13850"/>
			<item id="13851" losttest="1" iotype="AI" name="Sensor13851_S" textname="test sensor 13851"/>
			<item id="13852" losttest="1" iotype="AI" name="Sensor13852_S" textname="test sensor 13852"/>
			<item id="13853" losttest="1" iotype="AI" name="Sensor13853_S" textname="test sensor 13853"/>
			<item id="13854" losttest="1" iotype="AI" name="Sensor13854_S" textname="test sensor 13854"/>
			<item id="13855" losttest="1" iotype="AI" name="Sensor13855_S" textname="test sensor 13855"/>
			<item id="13856" losttest="1" iotype="AI" name="Sensor13856_S" textname="test sensor 13856"/>
			<item id="13857" losttest="1" iotype="AI" name="Sensor13857_S" textname="test sensor 13857"/>
			<item id="13858" losttest="1" iotype="AI" name="Sensor13858_S" textname="test sensor 13858"/>
			<item id="13859" losttest="1" iotype="AI" name="Sensor13859_S" textname="test sensor 13859"/>
			<item id="13860" losttest="1" iotype="AI" name="Sensor13860_S" textname="test sensor 13860"/>
			<item id="13861" losttest="1" iotype="AI" name="Sensor13861_S" textname="test sensor 13861"/>
			<item id="13862" losttest="1" iotype="AI" name="Sensor13862_S" textname="test sensor 13862"/>
			<item id="13863" losttest="1" iotype="AI" name="Sensor13863_S" textname="test sensor 13863"/>
			<item id="13864" losttest="1" iotype="AI" name="Sensor13864_S" textname="test sensor 13864"/>
			<item id="13865" losttest="1" iotype="AI" name="Sensor13865_S" textname="test sensor 13865"/>
			<item id="13866" losttest="1" iotype="AI" name="Sensor13866_S" textname="test sensor 13866"/>
			<item id="13867" losttest="1" iotype="AI" name="Sensor13867_S" textname="test sensor 13867"/>
			<item id="13868" losttest="1" iotype="AI" name="Sensor13868_S" textname="test sensor 13868"/>
			<item id="13869" losttest="1" iotype="AI" name="Sensor13869_S" textname="test sensor 13869"/>
			<item id="13870" losttest="1" iotype="AI" name="Sensor13870_S" textname="test sensor 13870"/>
			<item id="13871" losttest="1" iotype="AI" name="Sensor13871_S" textname="test sensor 13871"/>
			<item id="13872" losttest="1" iotype="AI" name="Sensor13872_S" textname="test sensor 13872"/>
			<item id="13873" losttest="1" iotype="AI" name="Sensor13873_S" textname="test sensor 13873"/>
			<item id="13874" losttest="1" iotype="AI" name="Sensor13874_S" textname="test sensor 13874"/>
			<item id="13875" losttest="1" iotype="AI" name="Sensor13875_S" textname="test sensor 13875"/>
			<item id="13876" losttest="1" iotype="AI" name="Sensor13876_S" textname="test sensor 13876"/>
			<item id="13877" losttest="1" iotype="AI" name="Sensor13877_S" textname="test sensor 13877"/>
			<item id="13878" losttest="1" iotype="AI" name="Sensor13878_S" textname="test sensor 13878"/>
			<item id="13879" losttest="1" iotype="AI" name="Sensor13879_S" textname="test sensor 13879"/>
			<item id="13880" losttest="1" iotype="AI" name="Sensor13880_S" textname="test sensor 13880"/>
			<item id="13881" losttest="1" iotype="AI" name="Sensor13881_S" textname="test sensor 13881"/>
			<item id="13882" losttest="1" iotype="AI" name="Sensor13882_S" textname="test sensor 13882"/>
			<item id="13883" losttest="1" iotype="AI" name="Sensor13883_S" textname="test sensor 13883"/>
			<item id="13884" losttest="1" iotype="AI" name="Sensor13884_S" textname="test sensor 13884"/>
			<item id="13885" losttest="1" iotype="AI" name="Sensor13885_S" textname="test sensor 13885"/>
			<item id="13886" losttest="1" iotype="AI" name="Sensor13886_S" textname="test sensor 13886"/>
			<item id="13887" losttest="1" iotype="AI" name="Sensor13887_S" textname="test sensor 13887"/>
			<item id="13888" losttest="1" iotype="AI" name="Sensor13888_S" textname="test sensor 13888"/>
			<item id="13889" losttest="1" iotype="AI" name="Sensor13889_S" textname="test sensor 13889"/>
			<item id="13890" losttest="1" iotype="AI" name="Sensor13890_S" textname="test sensor 13890"/>
			<item id="13891" losttest="1" iotype="AI" name="Sensor13891_S" textname="test sensor 13891"/>
			<item id="13892" losttest="1" iotype="AI" name="Sensor13892_S" textname="test sensor 13892"/>
			<item id="13893" losttest="1" iotype="AI" name="Sensor13893_S" textname="test sensor 13893"/>
			<item id="13894" losttest="1" iotype="AI" name="Sensor13894_S" textname="test sensor 13894"/>
			<item id="13895" losttest="1" iotype="AI" name="Sensor13895_S" textname="test sensor 13895"/>
			<item id="13896" losttest="1" iotype="AI" name="Sensor13896_S" textname="test sensor 13896"/>
			<item id="13897" losttest="1" iotype="AI" name="Sensor13897_S" textname="test sensor 13897"/>
			<item id="13898" losttest="1" iotype="AI" name="Sensor13898_S" textname="test sensor 13898"/>
			<item id="13899" losttest="1" iotype="AI" name="Sensor13899_S" textname="test sensor 13899"/>
			<item id="13900" losttest="1" iotype="AI" name="Sensor13900_S" textname="test sensor 13900"/>
			<item id="13901" losttest="1" iotype="AI" name="Sensor13901_S" textname="test sensor 13901"/>
			<item id="13902" losttest="1" iotype="AI" name="Sensor13902_S" textname="test sensor 13902"/>
			<item id="13903" losttest="1" iotype="AI" name="Sensor13903_S" textname="test sensor 13903"/>
			<item id="13904" losttest="1" iotype="AI" name="Sensor13904_S" textname="test sensor 13904"/>
			<item id="13905" losttest="1" iotype="AI" name="Sensor13905_S" textname="test sensor 13905"/>
			<item id="13906" losttest="1" iotype="AI" name="Sensor13906_S" textname="test sensor 13906"/>
			<item id="13907" losttest="1" iotype="AI" name="Sensor13907_S" textname="test sensor 13907"/>
			<item id="13908" losttest="1" iotype="AI" name="Sensor13908_S" textname="test sensor 13908"/>
			<item id="13909" losttest="1" iotype="AI" name="Sensor13909_S" textname="test sensor 13909"/>
			<item id="13910" losttest="1" iotype="AI" name="Sensor13910_S" textname="test sensor 13910"/>
			<item id="13911" losttest="1" iotype="AI" name="Sensor13911_S" textname="test sensor 13911"/>
			<item id="13912" losttest="1" iotype="AI" name="Sensor13912_S" textname="test sensor 13912"/>
			<item id="13913" losttest="1" iotype="AI" name="Sensor13913_S" textname="test sensor 13913"/>
			<item id="13914" losttest="1" iotype="AI" name="Sensor13914_S" textname="test sensor 13914"/>
			<item id="13915" losttest="1" iotype="AI" name="Sensor13915_S" textname="test sensor 13915"/>
			<item id="13916" losttest="1" iotype="AI" name="Sensor13916_S" textname="test sensor 13916"/>
			<item id="13917" losttest="1" iotype="AI" name="Sensor13917_S" textname="test sensor 13917"/>
			<item id="13918" losttest="1" iotype="AI" name="Sensor13918_S" textname="test sensor 13918"/>
			<item id="13919" losttest="1" iotype="AI" name="Sensor13919_S" textname="test sensor 13919"/>
			<item id="13920" losttest="1" iotype="AI" name="Sensor13920_S" textname="test sensor 13920"/>
			<item id="13921" losttest="1" iotype="AI" name="Sensor13921_S" textname="test sensor 13921"/>
			<item id="13922" losttest="1" iotype="AI" name="Sensor13922_S" textname="test sensor 13922"/>
			<item id="13923" losttest="1" iotype="AI" name="Sensor13923_S" textname="test sensor 13923"/>
			<item id="13924" losttest="1" iotype="AI" name="Sensor13924_S" textname="test sensor 13924"/>
			<item id="13925" losttest="1" iotype="AI" name="Sensor13925_S" textname="test sensor 13925"/>
			<item id="13926" losttest="1" iotype="AI" name="Sensor13926_S" textname="test sensor 13926"/>
			<item id="13927" losttest="1" iotype="AI" name="Sensor13927_S" textname="test sensor 13927"/>
			<item id="13928" losttest="1" iotype="AI" name="Sensor13928_S" textname="test sensor 13928"/>
			<item id="13929" losttest="1" iotype="AI" name="Sensor13929_S" textname="test sensor 13929"/>
			<item id="13930" losttest="1" iotype="AI" name="Sensor13930_S" textname="test sensor 13930"/>
			<item id="13931" losttest="1" iotype="AI" name="Sensor13931_S" textname="test sensor 13931"/>
			<item id="13932" losttest="1" iotype="AI" name="Sensor13932_S" textname="test sensor 13932"/>
			<item id="13933" losttest="1" iotype="AI" name="Sensor13933_S" textname="test sensor 13933"/>
			<item id="13934" losttest="1" iotype="AI" name="Sensor13934_S" textname="test sensor 13934"/>
			<item id="13935" losttest="1" iotype="AI" name="Sensor13935_S" textname="test sensor 13935"/>
			<item id="13936" losttest="1" iotype="AI" name="Sensor13936_S" textname="test sensor 13936"/>
			<item id="13937" losttest="1" iotype="AI" name="Sensor13937_S" textname="test sensor 13937"/>
			<item id="13938" losttest="1" iotype="AI" name="Sensor13938_S" textname="test sensor 13938"/>
			<item id="13939" losttest="1" iotype="AI" name="Sensor13939_S" textname="test sensor 13939"/>
			<item id="13940" losttest="1" iotype="AI" name="Sensor13940_S" textname="test sensor 13940"/>
			<item id="13941" losttest="1" iotype="AI" name="Sensor13941_S" textname="test sensor 13941"/>
			<item id="13942" losttest="1" iotype="AI" name="Sensor13942_S" textname="test sensor 13942"/>
			<item id="13943" losttest="1" iotype="AI" name="Sensor13943_S" textname="test sensor 13943"/>
			<item id="13944" losttest="1" iotype="AI" name="Sensor13944_S" textname="test sensor 13944"/>
			<item id="13945" losttest="1" iotype="AI" name="Sensor13945_S" textname="test sensor 13945"/>
			<item id="13946" losttest="1" iotype="AI" name="Sensor13946_S" textname="test sensor 13946"/>
			<item id="13947" losttest="1" iotype="AI" name="Sensor13947_S" textname="test sensor 13947"/>
			<item id="13948" losttest="1" iotype="AI" name="Sensor13948_S" textname="test sensor 13948"/>
			<item id="13949" losttest="1" iotype="AI" name="Sensor13949_S" textname="test sensor 13949"/>
			<item id="13950" losttest="1" iotype="AI" name="Sensor13950_S" textname="test sensor 13950"/>
			<item id="13951" losttest="1" iotype="AI" name="Sensor13951_S" textname="test sensor 13951"/>
			<item id="13952" losttest="1" iotype="AI" name="Sensor13952_S" textname="test sensor 13952"/>
			<item id="13953" losttest="1" iotype="AI" name="Sensor13953_S" textname="test sensor 13953"/>
			<item id="13954" losttest="1" iotype="AI" name="Sensor13954_S" textname="test sensor 13954"/>
			<item id="13955" losttest="1" iotype="AI" name="Sensor13955_S" textname="test sensor 13955"/>
			<item id="13956" losttest="1" iotype="AI" name="Sensor13956_S" textname="test sensor 13956"/>
			<item id="13957" losttest="1" iotype="AI" name="Sensor13957_S" textname="test sensor 13957"/>
			<item id="13958" losttest="1" iotype="AI" name="Sensor13958_S" textname="test sensor 13958"/>
			<item id="13959" losttest="1" iotype="AI" name="Sensor13959_S" textname="test sensor 13959"/>
			<item id="13960" losttest="1" iotype="AI" name="Sensor13960_S" textname="test sensor 13960"/>
			<item id="13961" losttest="1" iotype="AI" name="Sensor13961_S" textname="test sensor 13961"/>
			<item id="13962" losttest="1" iotype="AI" name="Sensor13962_S" textname="test sensor 13962"/>
			<item id="13963" losttest="1" iotype="AI" name="Sensor13963_S" textname="test sensor 13963"/>
			<item id="13964" losttest="1" iotype="AI" name="Sensor13964_S" textname="test sensor 13964"/>
			<item id="13965" losttest="1" iotype="AI" name="Sensor13965_S" textname="test sensor 13965"/>
			<item id="13966" losttest="1" iotype="AI" name="Sensor13966_S" textname="test sensor 13966"/>
			<item id="13967" losttest="1" iotype="AI" name="Sensor13967_S" textname="test sensor 13967"/>
			<item id="13968" losttest="1" iotype="AI" name="Sensor13968_S" textname="test sensor 13968"/>
			<item id="13969" losttest="1" iotype="AI" name="Sensor13969_S" textname="test sensor 13969"/>
			<item id="13970" losttest="1" iotype="AI" name="Sensor13970_S" textname="test sensor 13970"/>
			<item id="13971" losttest="1" iotype="AI" name="Sensor13971_S" textname="test sensor 13971"/>
			<item id="13972" losttest="1" iotype="AI" name="Sensor13972_S" textname="test sensor 13972"/>
			<item id="13973" losttest="1" iotype="AI" name="Sensor13973_S" textname="test sensor 13973"/>
			<item id="13974" losttest="1" iotype="AI" name="Sensor13974_S" textname="test sensor 13974"/>
			<item id="13975" losttest="1" iotype="AI" name="Sensor13975_S" textname="test sensor 13975"/>
			<item id="13976" losttest="1" iotype="AI" name="Sensor13976_S" textname="test sensor 13976"/>
			<item id="13977" losttest="1" iotype="AI" name="Sensor13977_S" textname="test sensor 13977"/>
			<item id="13978" losttest="1" iotype="AI" name="Sensor13978_S" textname="test sensor 13978"/>
			<item id="13979" losttest="1" iotype="AI" name="Sensor13979_S" textname="test sensor 13979"/>
			<item id="13980" losttest="1" iotype="AI" name="Sensor13980_S" textname="test sensor 13980"/>
			<item id="13981" losttest="1" iotype="AI" name="Sensor13981_S" textname="test sensor 13981"/>
			<item id="13982" losttest="1" iotype="AI" name="Sensor13982_S" textname="test sensor 13982"/>
			<item id="13983" losttest="1" iotype="AI" name="Sensor13983_S" textname="test sensor 13983"/>
			<item id="13984" losttest="1" iotype="AI" name="Sensor13984_S" textname="test sensor 13984"/>
			<item id="13985" losttest="1" iotype="AI" name="Sensor13985_S" textname="test sensor 13985"/>
			<item id="13986" losttest="1" iotype="AI" name="Sensor13986_S" textname="test sensor 13986"/>
			<item id="13987" losttest="1" iotype="AI" name="Sensor13987_S" textname="test sensor 13987"/>
			<item id="13988" losttest="1" iotype="AI" name="Sensor13988_S" textname="test sensor 13988"/>
			<item id="13989" losttest="1" iotype="AI" name="Sensor13989_S" textname="test sensor 13989"/>
			<item id="13990" losttest="1" iotype="AI" name="Sensor13990_S" textname="test sensor 13990"/>
			<item id="13991" losttest="1" iotype="AI" name="Sensor13991_S" textname="test sensor 13991"/>
			<item id="13992" losttest="1" iotype="AI" name="Sensor13992_S" textname="test sensor 13992"/>
			<item id="13993" losttest="1" iotype="AI" name="Sensor13993_S" textname="test sensor 13993"/>
			<item id="13994" losttest="1" iotype="AI" name="Sensor13994_S" textname="test sensor 13994"/>
			<item id="13995" losttest="1" iotype="AI" name="Sensor13995_S" textname="test sensor 13995"/>
			<item id="13996" losttest="1" iotype="AI" name="Sensor13996_S" textname="test sensor 13996"/>
			<item id="13997" losttest="1" iotype="AI" name="Sensor13997_S" textname="test sensor 13997"/>
			<item id="13998" losttest="1" iotype="AI" name="Sensor13998_S" textname="test sensor 13998"/>
			<item id="13999" losttest="1" iotype="AI" name="Sensor13999_S" textname="test sensor 13999"/>
			<item id="14000" losttest="1" iotype="AI" name="Sensor14000_S" textname="test sensor 14000"/>
			<item id="14001" losttest="1" iotype="AI" name="Sensor14001_S" textname="test sensor 14001"/>
			<item id="14002" losttest="1" iotype="AI" name="Sensor14002_S" textname="test sensor 14002"/>
			<item id="14003" losttest="1" iotype="AI" name="Sensor14003_S" textname="test sensor 14003"/>
			<item id="14004" losttest="1" iotype="AI" name="Sensor14004_S" textname="test sensor 14004"/>
			<item id="14005" losttest="1" iotype="AI" name="Sensor14005_S" textname="test sensor 14005"/>
			<item id="14006" losttest="1" iotype="AI" name="Sensor14006_S" textname="test sensor 14006"/>
			<item id="14007" losttest="1" iotype="AI" name="Sensor14007_S" textname="test sensor 14007"/>
			<item id="14008" losttest="1" iotype="AI" name="Sensor14008_S" textname="test sensor 14008"/>
			<item id="14009" losttest="1" iotype="AI" name="Sensor14009_S" textname="test sensor 14009"/>
			<item id="14010" losttest="1" iotype="AI" name="Sensor14010_S" textname="test sensor 14010"/>
			<item id="14011" losttest="1" iotype="AI" name="Sensor14011_S" textname="test sensor 14011"/>
			<item id="14012" losttest="1" iotype="AI" name="Sensor14012_S" textname="test sensor 14012"/>
			<item id="14013" losttest="1" iotype="AI" name="Sensor14013_S" textname="test sensor 14013"/>
			<item id="14014" losttest="1" iotype="AI" name="Sensor14014_S" textname="test sensor 14014"/>
			<item id="14015" losttest="1" iotype="AI" name="Sensor14015_S" textname="test sensor 14015"/>
			<item id="14016" losttest="1" iotype="AI" name="Sensor14016_S" textname="test sensor 14016"/>
			<item id="14017" losttest="1" iotype="AI" name="Sensor14017_S" textname="test sensor 14017"/>
			<item id="14018" losttest="1" iotype="AI" name="Sensor14018_S" textname="test sensor 14018"/>
			<item id="14019" losttest="1" iotype="AI" name="Sensor14019_S" textname="test sensor 14019"/>
			<item id="14020" losttest="1" iotype="AI" name="Sensor14020_S" textname="test sensor 14020"/>
			<item id="14021" losttest="1" iotype="AI" name="Sensor14021_S" textname="test sensor 14021"/>
			<item id="14022" losttest="1" iotype="AI" name="Sensor14022_S" textname="test sensor 14022"/>
			<item id="14023" losttest="1" iotype="AI" name="Sensor14023_S" textname="test sensor 14023"/>
			<item id="14024" losttest="1" iotype="AI" name="Sensor14024_S" textname="test sensor 14024"/>
			<item id="14025" losttest="1" iotype="AI" name="Sensor14025_S" textname="test sensor 14025"/>
			<item id="14026" losttest="1" iotype="AI" name="Sensor14026_S" textname="test sensor 14026"/>
			<item id="14027" losttest="1" iotype="AI" name="Sensor14027_S" textname="test sensor 14027"/>
			<item id="14028" losttest="1" iotype="AI" name="Sensor14028_S" textname="test sensor 14028"/>
			<item id="14029" losttest="1" iotype="AI" name="Sensor14029_S" textname="test sensor 14029"/>
			<item id="14030" losttest="1" iotype="AI" name="Sensor14030_S" textname="test sensor 14030"/>
			<item id="14031" losttest="1" iotype="AI" name="Sensor14031_S" textname="test sensor 14031"/>
			<item id="14032" losttest="1" iotype="AI" name="Sensor14032_S" textname="test sensor 14032"/>
			<item id="14033" losttest="1" iotype="AI" name="Sensor14033_S" textname="test sensor 14033"/>
			<item id="14034" losttest="1" iotype="AI" name="Sensor14034_S" textname="test sensor 14034"/>
			<item id="14035" losttest="1" iotype="AI" name="Sensor14035_S" textname="test sensor 14035"/>
			<item id="14036" losttest="1" iotype="AI" name="Sensor14036_S" textname="test sensor 14036"/>
			<item id="14037" losttest="1" iotype="AI" name="Sensor14037_S" textname="test sensor 14037"/>
			<item id="14038" losttest="1" iotype="AI" name="Sensor14038_S" textname="test sensor 14038"/>
			<item id="14039" losttest="1" iotype="AI" name="Sensor14039_S" textname="test sensor 14039"/>
			<item id="14040" losttest="1" iotype="AI" name="Sensor14040_S" textname="test sensor 14040"/>
			<item id="14041" losttest="1" iotype="AI" name="Sensor14041_S" textname="test sensor 14041"/>
			<item id="14042" losttest="1" iotype="AI" name="Sensor14042_S" textname="test sensor 14042"/>
			<item id="14043" losttest="1" iotype="AI" name="Sensor14043_S" textname="test sensor 14043"/>
			<item id="14044" losttest="1" iotype="AI" name="Sensor14044_S" textname="test sensor 14044"/>
			<item id="14045" losttest="1" iotype="AI" name="Sensor14045_S" textname="test sensor 14045"/>
			<item id="14046" losttest="1" iotype="AI" name="Sensor14046_S" textname="test sensor 14046"/>
			<item id="14047" losttest="1" iotype="AI" name="Sensor14047_S" textname="test sensor 14047"/>
			<item id="14048" losttest="1" iotype="AI" name="Sensor14048_S" textname="test sensor 14048"/>
			<item id="14049" losttest="1" iotype="AI" name="Sensor14049_S" textname="test sensor 14049"/>
			<item id="14050" losttest="1" iotype="AI" name="Sensor14050_S" textname="test sensor 14050"/>
			<item id="14051" losttest="1" iotype="AI" name="Sensor14051_S" textname="test sensor 14051"/>
			<item id="14052" losttest="1" iotype="AI" name="Sensor14052_S" textname="test sensor 14052"/>
			<item id="14053" losttest="1" iotype="AI" name="Sensor14053_S" textname="test sensor 14053"/>
			<item id="14054" losttest="1" iotype="AI" name="Sensor14054_S" textname="test sensor 14054"/>
			<item id="14055" losttest="1" iotype="AI" name="Sensor14055_S" textname="test sensor 14055"/>
			<item id="14056" losttest="1" iotype="AI" name="Sensor14056_S" textname="test sensor 14056"/>
			<item id="14057" losttest="1" iotype="AI" name="Sensor14057_S" textname="test sensor 14057"/>
			<item id="14058" losttest="1" iotype="AI" name="Sensor14058_S" textname="test sensor 14058"/>
			<item id="14059" losttest="1" iotype="AI" name="Sensor14059_S" textname="test sensor 14059"/>
			<item id="14060" losttest="1" iotype="AI" name="Sensor14060_S" textname="test sensor 14060"/>
			<item id="14061" losttest="1" iotype="AI" name="Sensor14061_S" textname="test sensor 14061"/>
			<item id="14062" losttest="1" iotype="AI" name="Sensor14062_S" textname="test sensor 14062"/>
			<item id="14063" losttest="1" iotype="AI" name="Sensor14063_S" textname="test sensor 14063"/>
			<item id="14064" losttest="1" iotype="AI" name="Sensor14064_S" textname="test sensor 14064"/>
			<item id="14065" losttest="1" iotype="AI" name="Sensor14065_S" textname="test sensor 14065"/>
			<item id="14066" losttest="1" iotype="AI" name="Sensor14066_S" textname="test sensor 14066"/>
			<item id="14067" losttest="1" iotype="AI" name="Sensor14067_S" textname="test sensor 14067"/>
			<item id="14068" losttest="1" iotype="AI" name="Sensor14068_S" textname="test sensor 14068"/>
			<item id="14069" losttest="1" iotype="AI" name="Sensor14069_S" textname="test sensor 14069"/>
			<item id="14070" losttest="1" iotype="AI" name="Sensor14070_S" textname="test sensor 14070"/>
			<item id="14071" losttest="1" iotype="AI" name="Sensor14071_S" textname="test sensor 14071"/>
			<item id="14072" losttest="1" iotype="AI" name="Sensor14072_S" textname="test sensor 14072"/>
			<item id="14073" losttest="1" iotype="AI" name="Sensor14073_S" textname="test sensor 14073"/>
			<item id="14074" losttest="1" iotype="AI" name="Sensor14074_S" textname="test sensor 14074"/>
			<item id="14075" losttest="1" iotype="AI" name="Sensor14075_S" textname="test sensor 14075"/>
			<item id="14076" losttest="1" iotype="AI" name="Sensor14076_S" textname="test sensor 14076"/>
			<item id="14077" losttest="1" iotype="AI" name="Sensor14077_S" textname="test sensor 14077"/>
			<item id="14078" losttest="1" iotype="AI" name="Sensor14078_S" textname="test sensor 14078"/>
			<item id="14079" losttest="1" iotype="AI" name="Sensor14079_S" textname="test sensor 14079"/>
			<item id="14080" losttest="1" iotype="AI" name="Sensor14080_S" textname="test sensor 14080"/>
			<item id="14081" losttest="1" iotype="AI" name="Sensor14081_S" textname="test sensor 14081"/>
			<item id="14082" losttest="1" iotype="AI" name="Sensor14082_S" textname="test sensor 14082"/>
			<item id="14083" losttest="1" iotype="AI" name="Sensor14083_S" textname="test sensor 14083"/>
			<item id="14084" losttest="1" iotype="AI" name="Sensor14084_S" textname="test sensor 14084"/>
			<item id="14085" losttest="1" iotype="AI" name="Sensor14085_S" textname="test sensor 14085"/>
			<item id="14086" losttest="1" iotype="AI" name="Sensor14086_S" textname="test sensor 14086"/>
			<item id="14087" losttest="1" iotype="AI" name="Sensor14087_S" textname="test sensor 14087"/>
			<item id="14088" losttest="1" iotype="AI" name="Sensor14088_S" textname="test sensor 14088"/>
			<item id="14089" losttest="1" iotype="AI" name="Sensor14089_S" textname="test sensor 14089"/>
			<item id="14090" losttest="1" iotype="AI" name="Sensor14090_S" textname="test sensor 14090"/>
			<item id="14091" losttest="1" iotype="AI" name="Sensor14091_S" textname="test sensor 14091"/>
			<item id="14092" losttest="1" iotype="AI" name="Sensor14092_S" textname="test sensor 14092"/>
			<item id="14093" losttest="1" iotype="AI" name="Sensor14093_S" textname="test sensor 14093"/>
			<item id="14094" losttest="1" iotype="AI" name="Sensor14094_S" textname="test sensor 14094"/>
			<item id="14095" losttest="1" iotype="AI" name="Sensor14095_S" textname="test sensor 14095"/>
			<item id="14096" losttest="1" iotype="AI" name="Sensor14096_S" textname="test sensor 14096"/>
			<item id="14097" losttest="1" iotype="AI" name="Sensor14097_S" textname="test sensor 14097"/>
			<item id="14098" losttest="1" iotype="AI" name="Sensor14098_S" textname="test sensor 14098"/>
			<item id="14099" losttest="1" iotype="AI" name="Sensor14099_S" textname="test sensor 14099"/>
			<item id="14100" losttest="1" iotype="AI" name="Sensor14100_S" textname="test sensor 14100"/>
			<item id="14101" losttest="1" iotype="AI" name="Sensor14101_S" textname="test sensor 14101"/>
			<item id="14102" losttest="1" iotype="AI" name="Sensor14102_S" textname="test sensor 14102"/>
			<item id="14103" losttest="1" iotype="AI" name="Sensor14103_S" textname="test sensor 14103"/>
			<item id="14104" losttest="1" iotype="AI" name="Sensor14104_S" textname="test sensor 14104"/>
			<item id="14105" losttest="1" iotype="AI" name="Sensor14105_S" textname="test sensor 14105"/>
			<item id="14106" losttest="1" iotype="AI" name="Sensor14106_S" textname="test sensor 14106"/>
			<item id="14107" losttest="1" iotype="AI" name="Sensor14107_S" textname="test sensor 14107"/>
			<item id="14108" losttest="1" iotype="AI" name="Sensor14108_S" textname="test sensor 14108"/>
			<item id="14109" losttest="1" iotype="AI" name="Sensor14109_S" textname="test sensor 14109"/>
			<item id="14110" losttest="1" iotype="AI" name="Sensor14110_S" textname="test sensor 14110"/>
			<item id="14111" losttest="1" iotype="AI" name="Sensor14111_S" textname="test sensor 14111"/>
			<item id="14112" losttest="1" iotype="AI" name="Sensor14112_S" textname="test sensor 14112"/>
			<item id="14113" losttest="1" iotype="AI" name="Sensor14113_S" textname="test sensor 14113"/>
			<item id="14114" losttest="1" iotype="AI" name="Sensor14114_S" textname="test sensor 14114"/>
			<item id="14115" losttest="1" iotype="AI" name="Sensor14115_S" textname="test sensor 14115"/>
			<item id="14116" losttest="1" iotype="AI" name="Sensor14116_S" textname="test sensor 14116"/>
			<item id="14117" losttest="1" iotype="AI" name="Sensor14117_S" textname="test sensor 14117"/>
			<item id="14118" losttest="1" iotype="AI" name="Sensor14118_S" textname="test sensor 14118"/>
			<item id="14119" losttest="1" iotype="AI" name="Sensor14119_S" textname="test sensor 14119"/>
			<item id="14120" losttest="1" iotype="AI" name="Sensor14120_S" textname="test sensor 14120"/>
			<item id="14121" losttest="1" iotype="AI" name="Sensor14121_S" textname="test sensor 14121"/>
			<item id="14122" losttest="1" iotype="AI" name="Sensor14122_S" textname="test sensor 14122"/>
			<item id="14123" losttest="1" iotype="AI" name="Sensor14123_S" textname="test sensor 14123"/>
			<item id="14124" losttest="1" iotype="AI" name="Sensor14124_S" textname="test sensor 14124"/>
			<item id="14125" losttest="1" iotype="AI" name="Sensor14125_S" textname="test sensor 14125"/>
			<item id="14126" losttest="1" iotype="AI" name="Sensor14126_S" textname="test sensor 14126"/>
			<item id="14127" losttest="1" iotype="AI" name="Sensor14127_S" textname="test sensor 14127"/>
			<item id="14128" losttest="1" iotype="AI" name="Sensor14128_S" textname="test sensor 14128"/>
			<item id="14129" losttest="1" iotype="AI" name="Sensor14129_S" textname="test sensor 14129"/>
			<item id="14130" losttest="1" iotype="AI" name="Sensor14130_S" textname="test sensor 14130"/>
			<item id="14131" losttest="1" iotype="AI" name="Sensor14131_S" textname="test sensor 14131"/>
			<item id="14132" losttest="1" iotype="AI" name="Sensor14132_S" textname="test sensor 14132"/>
			<item id="14133" losttest="1" iotype="AI" name="Sensor14133_S" textname="test sensor 14133"/>
			<item id="14134" losttest="1" iotype="AI" name="Sensor14134_S" textname="test sensor 14134"/>
			<item id="14135" losttest="1" iotype="AI" name="Sensor14135_S" textname="test sensor 14135"/>
			<item id="14136" losttest="1" iotype="AI" name="Sensor14136_S" textname="test sensor 14136"/>
			<item id="14137" losttest="1" iotype="AI" name="Sensor14137_S" textname="test sensor 14137"/>
			<item id="14138" losttest="1" iotype="AI" name="Sensor14138_S" textname="test sensor 14138"/>
			<item id="14139" losttest="1" iotype="AI" name="Sensor14139_S" textname="test sensor 14139"/>
			<item id="14140" losttest="1" iotype="AI" name="Sensor14140_S" textname="test sensor 14140"/>
			<item id="14141" losttest="1" iotype="AI" name="Sensor14141_S" textname="test sensor 14141"/>
			<item id="14142" losttest="1" iotype="AI" name="Sensor14142_S" textname="test sensor 14142"/>
			<item id="14143" losttest="1" iotype="AI" name="Sensor14143_S" textname="test sensor 14143"/>
			<item id="14144" losttest="1" iotype="AI" name="Sensor14144_S" textname="test sensor 14144"/>
			<item id="14145" losttest="1" iotype="AI" name="Sensor14145_S" textname="test sensor 14145"/>
			<item id="14146" losttest="1" iotype="AI" name="Sensor14146_S" textname="test sensor 14146"/>
			<item id="14147" losttest="1" iotype="AI" name="Sensor14147_S" textname="test sensor 14147"/>
			<item id="14148" losttest="1" iotype="AI" name="Sensor14148_S" textname="test sensor 14148"/>
			<item id="14149" losttest="1" iotype="AI" name="Sensor14149_S" textname="test sensor 14149"/>
			<item id="14150" losttest="1" iotype="AI" name="Sensor14150_S" textname="test sensor 14150"/>
			<item id="14151" losttest="1" iotype="AI" name="Sensor14151_S" textname="test sensor 14151"/>
			<item id="14152" losttest="1" iotype="AI" name="Sensor14152_S" textname="test sensor 14152"/>
			<item id="14153" losttest="1" iotype="AI" name="Sensor14153_S" textname="test sensor 14153"/>
			<item id="14154" losttest="1" iotype="AI" name="Sensor14154_S" textname="test sensor 14154"/>
			<item id="14155" losttest="1" iotype="AI" name="Sensor14155_S" textname="test sensor 14155"/>
			<item id="14156" losttest="1" iotype="AI" name="Sensor14156_S" textname="test sensor 14156"/>
			<item id="14157" losttest="1" iotype="AI" name="Sensor14157_S" textname="test sensor 14157"/>
			<item id="14158" losttest="1" iotype="AI" name="Sensor14158_S" textname="test sensor 14158"/>
			<item id="14159" losttest="1" iotype="AI" name="Sensor14159_S" textname="test sensor 14159"/>
			<item id="14160" losttest="1" iotype="AI" name="Sensor14160_S" textname="test sensor 14160"/>
			<item id="14161" losttest="1" iotype="AI" name="Sensor14161_S" textname="test sensor 14161"/>
			<item id="14162" losttest="1" iotype="AI" name="Sensor14162_S" textname="test sensor 14162"/>
			<item id="14163" losttest="1" iotype="AI" name="Sensor14163_S" textname="test sensor 14163"/>
			<item id="14164" losttest="1" iotype="AI" name="Sensor14164_S" textname="test sensor 14164"/>
			<item id="14165" losttest="1" iotype="AI" name="Sensor14165_S" textname="test sensor 14165"/>
			<item id="14166" losttest="1" iotype="AI" name="Sensor14166_S" textname="test sensor 14166"/>
			<item id="14167" losttest="1" iotype="AI" name="Sensor14167_S" textname="test sensor 14167"/>
			<item id="14168" losttest="1" iotype="AI" name="Sensor14168_S" textname="test sensor 14168"/>
			<item id="14169" losttest="1" iotype="AI" name="Sensor14169_S" textname="test sensor 14169"/>
			<item id="14170" losttest="1" iotype="AI" name="Sensor14170_S" textname="test sensor 14170"/>
			<item id="14171" losttest="1" iotype="AI" name="Sensor14171_S" textname="test sensor 14171"/>
			<item id="14172" losttest="1" iotype="AI" name="Sensor14172_S" textname="test sensor 14172"/>
			<item id="14173" losttest="1" iotype="AI" name="Sensor14173_S" textname="test sensor 14173"/>
			<item id="14174" losttest="1" iotype="AI" name="Sensor14174_S" textname="test sensor 14174"/>
			<item id="14175" losttest="1" iotype="AI" name="Sensor14175_S" textname="test sensor 14175"/>
			<item id="14176" losttest="1" iotype="AI" name="Sensor14176_S" textname="test sensor 14176"/>
			<item id="14177" losttest="1" iotype="AI" name="Sensor14177_S" textname="test sensor 14177"/>
			<item id="14178" losttest="1" iotype="AI" name="Sensor14178_S" textname="test sensor 14178"/>
			<item id="14179" losttest="1" iotype="AI" name="Sensor14179_S" textname="test sensor 14179"/>
			<item id="14180" losttest="1" iotype="AI" name="Sensor14180_S" textname="test sensor 14180"/>
			<item id="14181" losttest="1" iotype="AI" name="Sensor14181_S" textname="test sensor 14181"/>
			<item id="14182" losttest="1" iotype="AI" name="Sensor14182_S" textname="test sensor 14182"/>
			<item id="14183" losttest="1" iotype="AI" name="Sensor14183_S" textname="test sensor 14183"/>
			<item id="14184" losttest="1" iotype="AI" name="Sensor14184_S" textname="test sensor 14184"/>
			<item id="14185" losttest="1" iotype="AI" name="Sensor14185_S" textname="test sensor 14185"/>
			<item id="14186" losttest="1" iotype="AI" name="Sensor14186_S" textname="test sensor 14186"/>
			<item id="14187" losttest="1" iotype="AI" name="Sensor14187_S" textname="test sensor 14187"/>
			<item id="14188" losttest="1" iotype="AI" name="Sensor14188_S" textname="test sensor 14188"/>
			<item id="14189" losttest="1" iotype="AI" name="Sensor14189_S" textname="test sensor 14189"/>
			<item id="14190" losttest="1" iotype="AI" name="Sensor14190_S" textname="test sensor 14190"/>
			<item id="14191" losttest="1" iotype="AI" name="Sensor14191_S" textname="test sensor 14191"/>
			<item id="14192" losttest="1" iotype="AI" name="Sensor14192_S" textname="test sensor 14192"/>
			<item id="14193" losttest="1" iotype="AI" name="Sensor14193_S" textname="test sensor 14193"/>
			<item id="14194" losttest="1" iotype="AI" name="Sensor14194_S" textname="test sensor 14194"/>
			<item id="14195" losttest="1" iotype="AI" name="Sensor14195_S" textname="test sensor 14195"/>
			<item id="14196" losttest="1" iotype="AI" name="Sensor14196_S" textname="test sensor 14196"/>
			<item id="14197" losttest="1" iotype="AI" name="Sensor14197_S" textname="test sensor 14197"/>
			<item id="14198" losttest="1" iotype="AI" name="Sensor14198_S" textname="test sensor 14198"/>
			<item id="14199" losttest="1" iotype="AI" name="Sensor14199_S" textname="test sensor 14199"/>
			<item id="14200" losttest="1" iotype="AI" name="Sensor14200_S" textname="test sensor 14200"/>
			<item id="14201" losttest="1" iotype="AI" name="Sensor14201_S" textname="test sensor 14201"/>
			<item id="14202" losttest="1" iotype="AI" name="Sensor14202_S" textname="test sensor 14202"/>
			<item id="14203" losttest="1" iotype="AI" name="Sensor14203_S" textname="test sensor 14203"/>
			<item id="14204" losttest="1" iotype="AI" name="Sensor14204_S" textname="test sensor 14204"/>
			<item id="14205" losttest="1" iotype="AI" name="Sensor14205_S" textname="test sensor 14205"/>
			<item id="14206" losttest="1" iotype="AI" name="Sensor14206_S" textname="test sensor 14206"/>
			<item id="14207" losttest="1" iotype="AI" name="Sensor14207_S" textname="test sensor 14207"/>
			<item id="14208" losttest="1" iotype="AI" name="Sensor14208_S" textname="test sensor 14208"/>
			<item id="14209" losttest="1" iotype="AI" name="Sensor14209_S" textname="test sensor 14209"/>
			<item id="14210" losttest="1" iotype="AI" name="Sensor14210_S" textname="test sensor 14210"/>
			<item id="14211" losttest="1" iotype="AI" name="Sensor14211_S" textname="test sensor 14211"/>
			<item id="14212" losttest="1" iotype="AI" name="Sensor14212_S" textname="test sensor 14212"/>
			<item id="14213" losttest="1" iotype="AI" name="Sensor14213_S" textname="test sensor 14213"/>
			<item id="14214" losttest="1" iotype="AI" name="Sensor14214_S" textname="test sensor 14214"/>
			<item id="14215" losttest="1" iotype="AI" name="Sensor14215_S" textname="test sensor 14215"/>
			<item id="14216" losttest="1" iotype="AI" name="Sensor14216_S" textname="test sensor 14216"/>
			<item id="14217" losttest="1" iotype="AI" name="Sensor14217_S" textname="test sensor 14217"/>
			<item id="14218" losttest="1" iotype="AI" name="Sensor14218_S" textname="test sensor 14218"/>
			<item id="14219" losttest="1" iotype="AI" name="Sensor14219_S" textname="test sensor 14219"/>
			<item id="14220" losttest="1" iotype="AI" name="Sensor14220_S" textname="test sensor 14220"/>
			<item id="14221" losttest="1" iotype="AI" name="Sensor14221_S" textname="test sensor 14221"/>
			<item id="14222" losttest="1" iotype="AI" name="Sensor14222_S" textname="test sensor 14222"/>
			<item id="14223" losttest="1" iotype="AI" name="Sensor14223_S" textname="test sensor 14223"/>
			<item id="14224" losttest="1" iotype="AI" name="Sensor14224_S" textname="test sensor 14224"/>
			<item id="14225" losttest="1" iotype="AI" name="Sensor14225_S" textname="test sensor 14225"/>
			<item id="14226" losttest="1" iotype="AI" name="Sensor14226_S" textname="test sensor 14226"/>
			<item id="14227" losttest="1" iotype="AI" name="Sensor14227_S" textname="test sensor 14227"/>
			<item id="14228" losttest="1" iotype="AI" name="Sensor14228_S" textname="test sensor 14228"/>
			<item id="14229" losttest="1" iotype="AI" name="Sensor14229_S" textname="test sensor 14229"/>
			<item id="14230" losttest="1" iotype="AI" name="Sensor14230_S" textname="test sensor 14230"/>
			<item id="14231" losttest="1" iotype="AI" name="Sensor14231_S" textname="test sensor 14231"/>
			<item id="14232" losttest="1" iotype="AI" name="Sensor14232_S" textname="test sensor 14232"/>
			<item id="14233" losttest="1" iotype="AI" name="Sensor14233_S" textname="test sensor 14233"/>
			<item id="14234" losttest="1" iotype="AI" name="Sensor14234_S" textname="test sensor 14234"/>
			<item id="14235" losttest="1" iotype="AI" name="Sensor14235_S" textname="test sensor 14235"/>
			<item id="14236" losttest="1" iotype="AI" name="Sensor14236_S" textname="test sensor 14236"/>
			<item id="14237" losttest="1" iotype="AI" name="Sensor14237_S" textname="test sensor 14237"/>
			<item id="14238" losttest="1" iotype="AI" name="Sensor14238_S" textname="test sensor 14238"/>
			<item id="14239" losttest="1" iotype="AI" name="Sensor14239_S" textname="test sensor 14239"/>
			<item id="14240" losttest="1" iotype="AI" name="Sensor14240_S" textname="test sensor 14240"/>
			<item id="14241" losttest="1" iotype="AI" name="Sensor14241_S" textname="test sensor 14241"/>
			<item id="14242" losttest="1" iotype="AI" name="Sensor14242_S" textname="test sensor 14242"/>
			<item id="14243" losttest="1" iotype="AI" name="Sensor14243_S" textname="test sensor 14243"/>
			<item id="14244" losttest="1" iotype="AI" name="Sensor14244_S" textname="test sensor 14244"/>
			<item id="14245" losttest="1" iotype="AI" name="Sensor14245_S" textname="test sensor 14245"/>
			<item id="14246" losttest="1" iotype="AI" name="Sensor14246_S" textname="test sensor 14246"/>
			<item id="14247" losttest="1" iotype="AI" name="Sensor14247_S" textname="test sensor 14247"/>
			<item id="14248" losttest="1" iotype="AI" name="Sensor14248_S" textname="test sensor 14248"/>
			<item id="14249" losttest="1" iotype="AI" name="Sensor14249_S" textname="test sensor 14249"/>
			<item id="14250" losttest="1" iotype="AI" name="Sensor14250_S" textname="test sensor 14250"/>
			<item id="14251" losttest="1" iotype="AI" name="Sensor14251_S" textname="test sensor 14251"/>
			<item id="14252" losttest="1" iotype="AI" name="Sensor14252_S" textname="test sensor 14252"/>
			<item id="14253" losttest="1" iotype="AI" name="Sensor14253_S" textname="test sensor 14253"/>
			<item id="14254" losttest="1" iotype="AI" name="Sensor14254_S" textname="test sensor 14254"/>
			<item id="14255" losttest="1" iotype="AI" name="Sensor14255_S" textname="test sensor 14255"/>
			<item id="14256" losttest="1" iotype="AI" name="Sensor14256_S" textname="test sensor 14256"/>
			<item id="14257" losttest="1" iotype="AI" name="Sensor14257_S" textname="test sensor 14257"/>
			<item id="14258" losttest="1" iotype="AI" name="Sensor14258_S" textname="test sensor 14258"/>
			<item id="14259" losttest="1" iotype="AI" name="Sensor14259_S" textname="test sensor 14259"/>
			<item id="14260" losttest="1" iotype="AI" name="Sensor14260_S" textname="test sensor 14260"/>
			<item id="14261" losttest="1" iotype="AI" name="Sensor14261_S" textname="test sensor 14261"/>
			<item id="14262" losttest="1" iotype="AI" name="Sensor14262_S" textname="test sensor 14262"/>
			<item id="14263" losttest="1" iotype="AI" name="Sensor14263_S" textname="test sensor 14263"/>
			<item id="14264" losttest="1" iotype="AI" name="Sensor14264_S" textname="test sensor 14264"/>
			<item id="14265" losttest="1" iotype="AI" name="Sensor14265_S" textname="test sensor 14265"/>
			<item id="14266" losttest="1" iotype="AI" name="Sensor14266_S" textname="test sensor 14266"/>
			<item id="14267" losttest="1" iotype="AI" name="Sensor14267_S" textname="test sensor 14267"/>
			<item id="14268" losttest="1" iotype="AI" name="Sensor14268_S" textname="test sensor 14268"/>
			<item id="14269" losttest="1" iotype="AI" name="Sensor14269_S" textname="test sensor 14269"/>
			<item id="14270" losttest="1" iotype="AI" name="Sensor14270_S" textname="test sensor 14270"/>
			<item id="14271" losttest="1" iotype="AI" name="Sensor14271_S" textname="test sensor 14271"/>
			<item id="14272" losttest="1" iotype="AI" name="Sensor14272_S" textname="test sensor 14272"/>
			<item id="14273" losttest="1" iotype="AI" name="Sensor14273_S" textname="test sensor 14273"/>
			<item id="14274" losttest="1" iotype="AI" name="Sensor14274_S" textname="test sensor 14274"/>
			<item id="14275" losttest="1" iotype="AI" name="Sensor14275_S" textname="test sensor 14275"/>
			<item id="14276" losttest="1" iotype="AI" name="Sensor14276_S" textname="test sensor 14276"/>
			<item id="14277" losttest="1" iotype="AI" name="Sensor14277_S" textname="test sensor 14277"/>
			<item id="14278" losttest="1" iotype="AI" name="Sensor14278_S" textname="test sensor 14278"/>
			<item id="14279" losttest="1" iotype="AI" name="Sensor14279_S" textname="test sensor 14279"/>
			<item id="14280" losttest="1" iotype="AI" name="Sensor14280_S" textname="test sensor 14280"/>
			<item id="14281" losttest="1" iotype="AI" name="Sensor14281_S" textname="test sensor 14281"/>
			<item id="14282" losttest="1" iotype="AI" name="Sensor14282_S" textname="test sensor 14282"/>
			<item id="14283" losttest="1" iotype="AI" name="Sensor14283_S" textname="test sensor 14283"/>
			<item id="14284" losttest="1" iotype="AI" name="Sensor14284_S" textname="test sensor 14284"/>
			<item id="14285" losttest="1" iotype="AI" name="Sensor14285_S" textname="test sensor 14285"/>
			<item id="14286" losttest="1" iotype="AI" name="Sensor14286_S" textname="test sensor 14286"/>
			<item id="14287" losttest="1" iotype="AI" name="Sensor14287_S" textname="test sensor 14287"/>
			<item id="14288" losttest="1" iotype="AI" name="Sensor14288_S" textname="test sensor 14288"/>
			<item id="14289" losttest="1" iotype="AI" name="Sensor14289_S" textname="test sensor 14289"/>
			<item id="14290" losttest="1" iotype="AI" name="Sensor14290_S" textname="test sensor 14290"/>
			<item id="14291" losttest="1" iotype="AI" name="Sensor14291_S" textname="test sensor 14291"/>
			<item id="14292" losttest="1" iotype="AI" name="Sensor14292_S" textname="test sensor 14292"/>
			<item id="14293" losttest="1" iotype="AI" name="Sensor14293_S" textname="test sensor 14293"/>
			<item id="14294" losttest="1" iotype="AI" name="Sensor14294_S" textname="test sensor 14294"/>
			<item id="14295" losttest="1" iotype="AI" name="Sensor14295_S" textname="test sensor 14295"/>
			<item id="14296" losttest="1" iotype="AI" name="Sensor14296_S" textname="test sensor 14296"/>
			<item id="14297" losttest="1" iotype="AI" name="Sensor14297_S" textname="test sensor 14297"/>
			<item id="14298" losttest="1" iotype="AI" name="Sensor14298_S" textname="test sensor 14298"/>
			<item id="14299" losttest="1" iotype="AI" name="Sensor14299_S" textname="test sensor 14299"/>
			<item id="14300" losttest="1" iotype="AI" name="Sensor14300_S" textname="test sensor 14300"/>
			<item id="14301" losttest="1" iotype="AI" name="Sensor14301_S" textname="test sensor 14301"/>
			<item id="14302" losttest="1" iotype="AI" name="Sensor14302_S" textname="test sensor 14302"/>
			<item id="14303" losttest="1" iotype="AI" name="Sensor14303_S" textname="test sensor 14303"/>
			<item id="14304" losttest="1" iotype="AI" name="Sensor14304_S" textname="test sensor 14304"/>
			<item id="14305" losttest="1" iotype="AI" name="Sensor14305_S" textname="test sensor 14305"/>
			<item id="14306" losttest="1" iotype="AI" name="Sensor14306_S" textname="test sensor 14306"/>
			<item id="14307" losttest="1" iotype="AI" name="Sensor14307_S" textname="test sensor 14307"/>
			<item id="14308" losttest="1" iotype="AI" name="Sensor14308_S" textname="test sensor 14308"/>
			<item id="14309" losttest="1" iotype="AI" name="Sensor14309_S" textname="test sensor 14309"/>
			<item id="14310" losttest="1" iotype="AI" name="Sensor14310_S" textname="test sensor 14310"/>
			<item id="14311" losttest="1" iotype="AI" name="Sensor14311_S" textname="test sensor 14311"/>
			<item id="14312" losttest="1" iotype="AI" name="Sensor14312_S" textname="test sensor 14312"/>
			<item id="14313" losttest="1" iotype="AI" name="Sensor14313_S" textname="test sensor 14313"/>
			<item id="14314" losttest="1" iotype="AI" name="Sensor14314_S" textname="test sensor 14314"/>
			<item id="14315" losttest="1" iotype="AI" name="Sensor14315_S" textname="test sensor 14315"/>
			<item id="14316" losttest="1" iotype="AI" name="Sensor14316_S" textname="test sensor 14316"/>
			<item id="14317" losttest="1" iotype="AI" name="Sensor14317_S" textname="test sensor 14317"/>
			<item id="14318" losttest="1" iotype="AI" name="Sensor14318_S" textname="test sensor 14318"/>
			<item id="14319" losttest="1" iotype="AI" name="Sensor14319_S" textname="test sensor 14319"/>
			<item id="14320" losttest="1" iotype="AI" name="Sensor14320_S" textname="test sensor 14320"/>
			<item id="14321" losttest="1" iotype="AI" name="Sensor14321_S" textname="test sensor 14321"/>
			<item id="14322" losttest="1" iotype="AI" name="Sensor14322_S" textname="test sensor 14322"/>
			<item id="14323" losttest="1" iotype="AI" name="Sensor14323_S" textname="test sensor 14323"/>
			<item id="14324" losttest="1" iotype="AI" name="Sensor14324_S" textname="test sensor 14324"/>
			<item id="14325" losttest="1" iotype="AI" name="Sensor14325_S" textname="test sensor 14325"/>
			<item id="14326" losttest="1" iotype="AI" name="Sensor14326_S" textname="test sensor 14326"/>
			<item id="14327" losttest="1" iotype="AI" name="Sensor14327_S" textname="test sensor 14327"/>
			<item id="14328" losttest="1" iotype="AI" name="Sensor14328_S" textname="test sensor 14328"/>
			<item id="14329" losttest="1" iotype="AI" name="Sensor14329_S" textname="test sensor 14329"/>
			<item id="14330" losttest="1" iotype="AI" name="Sensor14330_S" textname="test sensor 14330"/>
			<item id="14331" losttest="1" iotype="AI" name="Sensor14331_S" textname="test sensor 14331"/>
			<item id="14332" losttest="1" iotype="AI" name="Sensor14332_S" textname="test sensor 14332"/>
			<item id="14333" losttest="1" iotype="AI" name="Sensor14333_S" textname="test sensor 14333"/>
			<item id="14334" losttest="1" iotype="AI" name="Sensor14334_S" textname="test sensor 14334"/>
			<item id="14335" losttest="1" iotype="AI" name="Sensor14335_S" textname="test sensor 14335"/>
			<item id="14336" losttest="1" iotype="AI" name="Sensor14336_S" textname="test sensor 14336"/>
			<item id="14337" losttest="1" iotype="AI" name="Sensor14337_S" textname="test sensor 14337"/>
			<item id="14338" losttest="1" iotype="AI" name="Sensor14338_S" textname="test sensor 14338"/>
			<item id="14339" losttest="1" iotype="AI" name="Sensor14339_S" textname="test sensor 14339"/>
			<item id="14340" losttest="1" iotype="AI" name="Sensor14340_S" textname="test sensor 14340"/>
			<item id="14341" losttest="1" iotype="AI" name="Sensor14341_S" textname="test sensor 14341"/>
			<item id="14342" losttest="1" iotype="AI" name="Sensor14342_S" textname="test sensor 14342"/>
			<item id="14343" losttest="1" iotype="AI" name="Sensor14343_S" textname="test sensor 14343"/>
			<item id="14344" losttest="1" iotype="AI" name="Sensor14344_S" textname="test sensor 14344"/>
			<item id="14345" losttest="1" iotype="AI" name="Sensor14345_S" textname="test sensor 14345"/>
			<item id="14346" losttest="1" iotype="AI" name="Sensor14346_S" textname="test sensor 14346"/>
			<item id="14347" losttest="1" iotype="AI" name="Sensor14347_S" textname="test sensor 14347"/>
			<item id="14348" losttest="1" iotype="AI" name="Sensor14348_S" textname="test sensor 14348"/>
			<item id="14349" losttest="1" iotype="AI" name="Sensor14349_S" textname="test sensor 14349"/>
			<item id="14350" losttest="1" iotype="AI" name="Sensor14350_S" textname="test sensor 14350"/>
			<item id="14351" losttest="1" iotype="AI" name="Sensor14351_S" textname="test sensor 14351"/>
			<item id="14352" losttest="1" iotype="AI" name="Sensor14352_S" textname="test sensor 14352"/>
			<item id="14353" losttest="1" iotype="AI" name="Sensor14353_S" textname="test sensor 14353"/>
			<item id="14354" losttest="1" iotype="AI" name="Sensor14354_S" textname="test sensor 14354"/>
			<item id="14355" losttest="1" iotype="AI" name="Sensor14355_S" textname="test sensor 14355"/>
			<item id="14356" losttest="1" iotype="AI" name="Sensor14356_S" textname="test sensor 14356"/>
			<item id="14357" losttest="1" iotype="AI" name="Sensor14357_S" textname="test sensor 14357"/>
			<item id="14358" losttest="1" iotype="AI" name="Sensor14358_S" textname="test sensor 14358"/>
			<item id="14359" losttest="1" iotype="AI" name="Sensor14359_S" textname="test sensor 14359"/>
			<item id="14360" losttest="1" iotype="AI" name="Sensor14360_S" textname="test sensor 14360"/>
			<item id="14361" losttest="1" iotype="AI" name="Sensor14361_S" textname="test sensor 14361"/>
			<item id="14362" losttest="1" iotype="AI" name="Sensor14362_S" textname="test sensor 14362"/>
			<item id="14363" losttest="1" iotype="AI" name="Sensor14363_S" textname="test sensor 14363"/>
			<item id="14364" losttest="1" iotype="AI" name="Sensor14364_S" textname="test sensor 14364"/>
			<item id="14365" losttest="1" iotype="AI" name="Sensor14365_S" textname="test sensor 14365"/>
			<item id="14366" losttest="1" iotype="AI" name="Sensor14366_S" textname="test sensor 14366"/>
			<item id="14367" losttest="1" iotype="AI" name="Sensor14367_S" textname="test sensor 14367"/>
			<item id="14368" losttest="1" iotype="AI" name="Sensor14368_S" textname="test sensor 14368"/>
			<item id="14369" losttest="1" iotype="AI" name="Sensor14369_S" textname="test sensor 14369"/>
			<item id="14370" losttest="1" iotype="AI" name="Sensor14370_S" textname="test sensor 14370"/>
			<item id="14371" losttest="1" iotype="AI" name="Sensor14371_S" textname="test sensor 14371"/>
			<item id="14372" losttest="1" iotype="AI" name="Sensor14372_S" textname="test sensor 14372"/>
			<item id="14373" losttest="1" iotype="AI" name="Sensor14373_S" textname="test sensor 14373"/>
			<item id="14374" losttest="1" iotype="AI" name="Sensor14374_S" textname="test sensor 14374"/>
			<item id="14375" losttest="1" iotype="AI" name="Sensor14375_S" textname="test sensor 14375"/>
			<item id="14376" losttest="1" iotype="AI" name="Sensor14376_S" textname="test sensor 14376"/>
			<item id="14377" losttest="1" iotype="AI" name="Sensor14377_S" textname="test sensor 14377"/>
			<item id="14378" losttest="1" iotype="AI" name="Sensor14378_S" textname="test sensor 14378"/>
			<item id="14379" losttest="1" iotype="AI" name="Sensor14379_S" textname="test sensor 14379"/>
			<item id="14380" losttest="1" iotype="AI" name="Sensor14380_S" textname="test sensor 14380"/>
			<item id="14381" losttest="1" iotype="AI" name="Sensor14381_S" textname="test sensor 14381"/>
			<item id="14382" losttest="1" iotype="AI" name="Sensor14382_S" textname="test sensor 14382"/>
			<item id="14383" losttest="1" iotype="AI" name="Sensor14383_S" textname="test sensor 14383"/>
			<item id="14384" losttest="1" iotype="AI" name="Sensor14384_S" textname="test sensor 14384"/>
			<item id="14385" losttest="1" iotype="AI" name="Sensor14385_S" textname="test sensor 14385"/>
			<item id="14386" losttest="1" iotype="AI" name="Sensor14386_S" textname="test sensor 14386"/>
			<item id="14387" losttest="1" iotype="AI" name="Sensor14387_S" textname="test sensor 14387"/>
			<item id="14388" losttest="1" iotype="AI" name="Sensor14388_S" textname="test sensor 14388"/>
			<item id="14389" losttest="1" iotype="AI" name="Sensor14389_S" textname="test sensor 14389"/>
			<item id="14390" losttest="1" iotype="AI" name="Sensor14390_S" textname="test sensor 14390"/>
			<item id="14391" losttest="1" iotype="AI" name="Sensor14391_S" textname="test sensor 14391"/>
			<item id="14392" losttest="1" iotype="AI" name="Sensor14392_S" textname="test sensor 14392"/>
			<item id="14393" losttest="1" iotype="AI" name="Sensor14393_S" textname="test sensor 14393"/>
			<item id="14394" losttest="1" iotype="AI" name="Sensor14394_S" textname="test sensor 14394"/>
			<item id="14395" losttest="1" iotype="AI" name="Sensor14395_S" textname="test sensor 14395"/>
			<item id="14396" losttest="1" iotype="AI" name="Sensor14396_S" textname="test sensor 14396"/>
			<item id="14397" losttest="1" iotype="AI" name="Sensor14397_S" textname="test sensor 14397"/>
			<item id="14398" losttest="1" iotype="AI" name="Sensor14398_S" textname="test sensor 14398"/>
			<item id="14399" losttest="1" iotype="AI" name="Sensor14399_S" textname="test sensor 14399"/>
			<item id="14400" losttest="1" iotype="AI" name="Sensor14400_S" textname="test sensor 14400"/>
			<item id="14401" losttest="1" iotype="AI" name="Sensor14401_S" textname="test sensor 14401"/>
			<item id="14402" losttest="1" iotype="AI" name="Sensor14402_S" textname="test sensor 14402"/>
			<item id="14403" losttest="1" iotype="AI" name="Sensor14403_S" textname="test sensor 14403"/>
			<item id="14404" losttest="1" iotype="AI" name="Sensor14404_S" textname="test sensor 14404"/>
			<item id="14405" losttest="1" iotype="AI" name="Sensor14405_S" textname="test sensor 14405"/>
			<item id="14406" losttest="1" iotype="AI" name="Sensor14406_S" textname="test sensor 14406"/>
			<item id="14407" losttest="1" iotype="AI" name="Sensor14407_S" textname="test sensor 14407"/>
			<item id="14408" losttest="1" iotype="AI" name="Sensor14408_S" textname="test sensor 14408"/>
			<item id="14409" losttest="1" iotype="AI" name="Sensor14409_S" textname="test sensor 14409"/>
			<item id="14410" losttest="1" iotype="AI" name="Sensor14410_S" textname="test sensor 14410"/>
			<item id="14411" losttest="1" iotype="AI" name="Sensor14411_S" textname="test sensor 14411"/>
			<item id="14412" losttest="1" iotype="AI" name="Sensor14412_S" textname="test sensor 14412"/>
			<item id="14413" losttest="1" iotype="AI" name="Sensor14413_S" textname="test sensor 14413"/>
			<item id="14414" losttest="1" iotype="AI" name="Sensor14414_S" textname="test sensor 14414"/>
			<item id="14415" losttest="1" iotype="AI" name="Sensor14415_S" textname="test sensor 14415"/>
			<item id="14416" losttest="1" iotype="AI" name="Sensor14416_S" textname="test sensor 14416"/>
			<item id="14417" losttest="1" iotype="AI" name="Sensor14417_S" textname="test sensor 14417"/>
			<item id="14418" losttest="1" iotype="AI" name="Sensor14418_S" textname="test sensor 14418"/>
			<item id="14419" losttest="1" iotype="AI" name="Sensor14419_S" textname="test sensor 14419"/>
			<item id="14420" losttest="1" iotype="AI" name="Sensor14420_S" textname="test sensor 14420"/>
			<item id="14421" losttest="1" iotype="AI" name="Sensor14421_S" textname="test sensor 14421"/>
			<item id="14422" losttest="1" iotype="AI" name="Sensor14422_S" textname="test sensor 14422"/>
			<item id="14423" losttest="1" iotype="AI" name="Sensor14423_S" textname="test sensor 14423"/>
			<item id="14424" losttest="1" iotype="AI" name="Sensor14424_S" textname="test sensor 14424"/>
			<item id="14425" losttest="1" iotype="AI" name="Sensor14425_S" textname="test sensor 14425"/>
			<item id="14426" losttest="1" iotype="AI" name="Sensor14426_S" textname="test sensor 14426"/>
			<item id="14427" losttest="1" iotype="AI" name="Sensor14427_S" textname="test sensor 14427"/>
			<item id="14428" losttest="1" iotype="AI" name="Sensor14428_S" textname="test sensor 14428"/>
			<item id="14429" losttest="1" iotype="AI" name="Sensor14429_S" textname="test sensor 14429"/>
			<item id="14430" losttest="1" iotype="AI" name="Sensor14430_S" textname="test sensor 14430"/>
			<item id="14431" losttest="1" iotype="AI" name="Sensor14431_S" textname="test sensor 14431"/>
			<item id="14432" losttest="1" iotype="AI" name="Sensor14432_S" textname="test sensor 14432"/>
			<item id="14433" losttest="1" iotype="AI" name="Sensor14433_S" textname="test sensor 14433"/>
			<item id="14434" losttest="1" iotype="AI" name="Sensor14434_S" textname="test sensor 14434"/>
			<item id="14435" losttest="1" iotype="AI" name="Sensor14435_S" textname="test sensor 14435"/>
			<item id="14436" losttest="1" iotype="AI" name="Sensor14436_S" textname="test sensor 14436"/>
			<item id="14437" losttest="1" iotype="AI" name="Sensor14437_S" textname="test sensor 14437"/>
			<item id="14438" losttest="1" iotype="AI" name="Sensor14438_S" textname="test sensor 14438"/>
			<item id="14439" losttest="1" iotype="AI" name="Sensor14439_S" textname="test sensor 14439"/>
			<item id="14440" losttest="1" iotype="AI" name="Sensor14440_S" textname="test sensor 14440"/>
			<item id="14441" losttest="1" iotype="AI" name="Sensor14441_S" textname="test sensor 14441"/>
			<item id="14442" losttest="1" iotype="AI" name="Sensor14442_S" textname="test sensor 14442"/>
			<item id="14443" losttest="1" iotype="AI" name="Sensor14443_S" textname="test sensor 14443"/>
			<item id="14444" losttest="1" iotype="AI" name="Sensor14444_S" textname="test sensor 14444"/>
			<item id="14445" losttest="1" iotype="AI" name="Sensor14445_S" textname="test sensor 14445"/>
			<item id="14446" losttest="1" iotype="AI" name="Sensor14446_S" textname="test sensor 14446"/>
			<item id="14447" losttest="1" iotype="AI" name="Sensor14447_S" textname="test sensor 14447"/>
			<item id="14448" losttest="1" iotype="AI" name="Sensor14448_S" textname="test sensor 14448"/>
			<item id="14449" losttest="1" iotype="AI" name="Sensor14449_S" textname="test sensor 14449"/>
			<item id="14450" losttest="1" iotype="AI" name="Sensor14450_S" textname="test sensor 14450"/>
			<item id="14451" losttest="1" iotype="AI" name="Sensor14451_S" textname="test sensor 14451"/>
			<item id="14452" losttest="1" iotype="AI" name="Sensor14452_S" textname="test sensor 14452"/>
			<item id="14453" losttest="1" iotype="AI" name="Sensor14453_S" textname="test sensor 14453"/>
			<item id="14454" losttest="1" iotype="AI" name="Sensor14454_S" textname="test sensor 14454"/>
			<item id="14455" losttest="1" iotype="AI" name="Sensor14455_S" textname="test sensor 14455"/>
			<item id="14456" losttest="1" iotype="AI" name="Sensor14456_S" textname="test sensor 14456"/>
			<item id="14457" losttest="1" iotype="AI" name="Sensor14457_S" textname="test sensor 14457"/>
			<item id="14458" losttest="1" iotype="AI" name="Sensor14458_S" textname="test sensor 14458"/>
			<item id="14459" losttest="1" iotype="AI" name="Sensor14459_S" textname="test sensor 14459"/>
			<item id="14460" losttest="1" iotype="AI" name="Sensor14460_S" textname="test sensor 14460"/>
			<item id="14461" losttest="1" iotype="AI" name="Sensor14461_S" textname="test sensor 14461"/>
			<item id="14462" losttest="1" iotype="AI" name="Sensor14462_S" textname="test sensor 14462"/>
			<item id="14463" losttest="1" iotype="AI" name="Sensor14463_S" textname="test sensor 14463"/>
			<item id="14464" losttest="1" iotype="AI" name="Sensor14464_S" textname="test sensor 14464"/>
			<item id="14465" losttest="1" iotype="AI" name="Sensor14465_S" textname="test sensor 14465"/>
			<item id="14466" losttest="1" iotype="AI" name="Sensor14466_S" textname="test sensor 14466"/>
			<item id="14467" losttest="1" iotype="AI" name="Sensor14467_S" textname="test sensor 14467"/>
			<item id="14468" losttest="1" iotype="AI" name="Sensor14468_S" textname="test sensor 14468"/>
			<item id="14469" losttest="1" iotype="AI" name="Sensor14469_S" textname="test sensor 14469"/>
			<item id="14470" losttest="1" iotype="AI" name="Sensor14470_S" textname="test sensor 14470"/>
			<item id="14471" losttest="1" iotype="AI" name="Sensor14471_S" textname="test sensor 14471"/>
			<item id="14472" losttest="1" iotype="AI" name="Sensor14472_S" textname="test sensor 14472"/>
			<item id="14473" losttest="1" iotype="AI" name="Sensor14473_S" textname="test sensor 14473"/>
			<item id="14474" losttest="1" iotype="AI" name="Sensor14474_S" textname="test sensor 14474"/>
			<item id="14475" losttest="1" iotype="AI" name="Sensor14475_S" textname="test sensor 14475"/>
			<item id="14476" losttest="1" iotype="AI" name="Sensor14476_S" textname="test sensor 14476"/>
			<item id="14477" losttest="1" iotype="AI" name="Sensor14477_S" textname="test sensor 14477"/>
			<item id="14478" losttest="1" iotype="AI" name="Sensor14478_S" textname="test sensor 14478"/>
			<item id="14479" losttest="1" iotype="AI" name="Sensor14479_S" textname="test sensor 14479"/>
			<item id="14480" losttest="1" iotype="AI" name="Sensor14480_S" textname="test sensor 14480"/>
			<item id="14481" losttest="1" iotype="AI" name="Sensor14481_S" textname="test sensor 14481"/>
			<item id="14482" losttest="1" iotype="AI" name="Sensor14482_S" textname="test sensor 14482"/>
			<item id="14483" losttest="1" iotype="AI" name="Sensor14483_S" textname="test sensor 14483"/>
			<item id="14484" losttest="1" iotype="AI" name="Sensor14484_S" textname="test sensor 14484"/>
			<item id="14485" losttest="1" iotype="AI" name="Sensor14485_S" textname="test sensor 14485"/>
			<item id="14486" losttest="1" iotype="AI" name="Sensor14486_S" textname="test sensor 14486"/>
			<item id="14487" losttest="1" iotype="AI" name="Sensor14487_S" textname="test sensor 14487"/>
			<item id="14488" losttest="1" iotype="AI" name="Sensor14488_S" textname="test sensor 14488"/>
			<item id="14489" losttest="1" iotype="AI" name="Sensor14489_S" textname="test sensor 14489"/>
			<item id="14490" losttest="1" iotype="AI" name="Sensor14490_S" textname="test sensor 14490"/>
			<item id="14491" losttest="1" iotype="AI" name="Sensor14491_S" textname="test sensor 14491"/>
			<item id="14492" losttest="1" iotype="AI" name="Sensor14492_S" textname="test sensor 14492"/>
			<item id="14493" losttest="1" iotype="AI" name="Sensor14493_S" textname="test sensor 14493"/>
			<item id="14494" losttest="1" iotype="AI" name="Sensor14494_S" textname="test sensor 14494"/>
			<item id="14495" losttest="1" iotype="AI" name="Sensor14495_S" textname="test sensor 14495"/>
			<item id="14496" losttest="1" iotype="AI" name="Sensor14496_S" textname="test sensor 14496"/>
			<item id="14497" losttest="1" iotype="AI" name="Sensor14497_S" textname="test sensor 14497"/>
			<item id="14498" losttest="1" iotype="AI" name="Sensor14498_S" textname="test sensor 14498"/>
			<item id="14499" losttest="1" iotype="AI" name="Sensor14499_S" textname="test sensor 14499"/>
			<item id="14500" losttest="1" iotype="AI" name="Sensor14500_S" textname="test sensor 14500"/>
			<item id="14501" losttest="1" iotype="AI" name="Sensor14501_S" textname="test sensor 14501"/>
			<item id="14502" losttest="1" iotype="AI" name="Sensor14502_S" textname="test sensor 14502"/>
			<item id="14503" losttest="1" iotype="AI" name="Sensor14503_S" textname="test sensor 14503"/>
			<item id="14504" losttest="1" iotype="AI" name="Sensor14504_S" textname="test sensor 14504"/>
			<item id="14505" losttest="1" iotype="AI" name="Sensor14505_S" textname="test sensor 14505"/>
			<item id="14506" losttest="1" iotype="AI" name="Sensor14506_S" textname="test sensor 14506"/>
			<item id="14507" losttest="1" iotype="AI" name="Sensor14507_S" textname="test sensor 14507"/>
			<item id="14508" losttest="1" iotype="AI" name="Sensor14508_S" textname="test sensor 14508"/>
			<item id="14509" losttest="1" iotype="AI" name="Sensor14509_S" textname="test sensor 14509"/>
			<item id="14510" losttest="1" iotype="AI" name="Sensor14510_S" textname="test sensor 14510"/>
			<item id="14511" losttest="1" iotype="AI" name="Sensor14511_S" textname="test sensor 14511"/>
			<item id="14512" losttest="1" iotype="AI" name="Sensor14512_S" textname="test sensor 14512"/>
			<item id="14513" losttest="1" iotype="AI" name="Sensor14513_S" textname="test sensor 14513"/>
			<item id="14514" losttest="1" iotype="AI" name="Sensor14514_S" textname="test sensor 14514"/>
			<item id="14515" losttest="1" iotype="AI" name="Sensor14515_S" textname="test sensor 14515"/>
			<item id="14516" losttest="1" iotype="AI" name="Sensor14516_S" textname="test sensor 14516"/>
			<item id="14517" losttest="1" iotype="AI" name="Sensor14517_S" textname="test sensor 14517"/>
			<item id="14518" losttest="1" iotype="AI" name="Sensor14518_S" textname="test sensor 14518"/>
			<item id="14519" losttest="1" iotype="AI" name="Sensor14519_S" textname="test sensor 14519"/>
			<item id="14520" losttest="1" iotype="AI" name="Sensor14520_S" textname="test sensor 14520"/>
			<item id="14521" losttest="1" iotype="AI" name="Sensor14521_S" textname="test sensor 14521"/>
			<item id="14522" losttest="1" iotype="AI" name="Sensor14522_S" textname="test sensor 14522"/>
			<item id="14523" losttest="1" iotype="AI" name="Sensor14523_S" textname="test sensor 14523"/>
			<item id="14524" losttest="1" iotype="AI" name="Sensor14524_S" textname="test sensor 14524"/>
			<item id="14525" losttest="1" iotype="AI" name="Sensor14525_S" textname="test sensor 14525"/>
			<item id="14526" losttest="1" iotype="AI" name="Sensor14526_S" textname="test sensor 14526"/>
			<item id="14527" losttest="1" iotype="AI" name="Sensor14527_S" textname="test sensor 14527"/>
			<item id="14528" losttest="1" iotype="AI" name="Sensor14528_S" textname="test sensor 14528"/>
			<item id="14529" losttest="1" iotype="AI" name="Sensor14529_S" textname="test sensor 14529"/>
			<item id="14530" losttest="1" iotype="AI" name="Sensor14530_S" textname="test sensor 14530"/>
			<item id="14531" losttest="1" iotype="AI" name="Sensor14531_S" textname="test sensor 14531"/>
			<item id="14532" losttest="1" iotype="AI" name="Sensor14532_S" textname="test sensor 14532"/>
			<item id="14533" losttest="1" iotype="AI" name="Sensor14533_S" textname="test sensor 14533"/>
			<item id="14534" losttest="1" iotype="AI" name="Sensor14534_S" textname="test sensor 14534"/>
			<item id="14535" losttest="1" iotype="AI" name="Sensor14535_S" textname="test sensor 14535"/>
			<item id="14536" losttest="1" iotype="AI" name="Sensor14536_S" textname="test sensor 14536"/>
			<item id="14537" losttest="1" iotype="AI" name="Sensor14537_S" textname="test sensor 14537"/>
			<item id="14538" losttest="1" iotype="AI" name="Sensor14538_S" textname="test sensor 14538"/>
			<item id="14539" losttest="1" iotype="AI" name="Sensor14539_S" textname="test sensor 14539"/>
			<item id="14540" losttest="1" iotype="AI" name="Sensor14540_S" textname="test sensor 14540"/>
			<item id="14541" losttest="1" iotype="AI" name="Sensor14541_S" textname="test sensor 14541"/>
			<item id="14542" losttest="1" iotype="AI" name="Sensor14542_S" textname="test sensor 14542"/>
			<item id="14543" losttest="1" iotype="AI" name="Sensor14543_S" textname="test sensor 14543"/>
			<item id="14544" losttest="1" iotype="AI" name="Sensor14544_S" textname="test sensor 14544"/>
			<item id="14545" losttest="1" iotype="AI" name="Sensor14545_S" textname="test sensor 14545"/>
			<item id="14546" losttest="1" iotype="AI" name="Sensor14546_S" textname="test sensor 14546"/>
			<item id="14547" losttest="1" iotype="AI" name="Sensor14547_S" textname="test sensor 14547"/>
			<item id="14548" losttest="1" iotype="AI" name="Sensor14548_S" textname="test sensor 14548"/>
			<item id="14549" losttest="1" iotype="AI" name="Sensor14549_S" textname="test sensor 14549"/>
			<item id="14550" losttest="1" iotype="AI" name="Sensor14550_S" textname="test sensor 14550"/>
			<item id="14551" losttest="1" iotype="AI" name="Sensor14551_S" textname="test sensor 14551"/>
			<item id="14552" losttest="1" iotype="AI" name="Sensor14552_S" textname="test sensor 14552"/>
			<item id="14553" losttest="1" iotype="AI" name="Sensor14553_S" textname="test sensor 14553"/>
			<item id="14554" losttest="1" iotype="AI" name="Sensor14554_S" textname="test sensor 14554"/>
			<item id="14555" losttest="1" iotype="AI" name="Sensor14555_S" textname="test sensor 14555"/>
			<item id="14556" losttest="1" iotype="AI" name="Sensor14556_S" textname="test sensor 14556"/>
			<item id="14557" losttest="1" iotype="AI" name="Sensor14557_S" textname="test sensor 14557"/>
			<item id="14558" losttest="1" iotype="AI" name="Sensor14558_S" textname="test sensor 14558"/>
			<item id="14559" losttest="1" iotype="AI" name="Sensor14559_S" textname="test sensor 14559"/>
			<item id="14560" losttest="1" iotype="AI" name="Sensor14560_S" textname="test sensor 14560"/>
			<item id="14561" losttest="1" iotype="AI" name="Sensor14561_S" textname="test sensor 14561"/>
			<item id="14562" losttest="1" iotype="AI" name="Sensor14562_S" textname="test sensor 14562"/>
			<item id="14563" losttest="1" iotype="AI" name="Sensor14563_S" textname="test sensor 14563"/>
			<item id="14564" losttest="1" iotype="AI" name="Sensor14564_S" textname="test sensor 14564"/>
			<item id="14565" losttest="1" iotype="AI" name="Sensor14565_S" textname="test sensor 14565"/>
			<item id="14566" losttest="1" iotype="AI" name="Sensor14566_S" textname="test sensor 14566"/>
			<item id="14567" losttest="1" iotype="AI" name="Sensor14567_S" textname="test sensor 14567"/>
			<item id="14568" losttest="1" iotype="AI" name="Sensor14568_S" textname="test sensor 14568"/>
			<item id="14569" losttest="1" iotype="AI" name="Sensor14569_S" textname="test sensor 14569"/>
			<item id="14570" losttest="1" iotype="AI" name="Sensor14570_S" textname="test sensor 14570"/>
			<item id="14571" losttest="1" iotype="AI" name="Sensor14571_S" textname="test sensor 14571"/>
			<item id="14572" losttest="1" iotype="AI" name="Sensor14572_S" textname="test sensor 14572"/>
			<item id="14573" losttest="1" iotype="AI" name="Sensor14573_S" textname="test sensor 14573"/>
			<item id="14574" losttest="1" iotype="AI" name="Sensor14574_S" textname="test sensor 14574"/>
			<item id="14575" losttest="1" iotype="AI" name="Sensor14575_S" textname="test sensor 14575"/>
			<item id="14576" losttest="1" iotype="AI" name="Sensor14576_S" textname="test sensor 14576"/>
			<item id="14577" losttest="1" iotype="AI" name="Sensor14577_S" textname="test sensor 14577"/>
			<item id="14578" losttest="1" iotype="AI" name="Sensor14578_S" textname="test sensor 14578"/>
			<item id="14579" losttest="1" iotype="AI" name="Sensor14579_S" textname="test sensor 14579"/>
			<item id="14580" losttest="1" iotype="AI" name="Sensor14580_S" textname="test sensor 14580"/>
			<item id="14581" losttest="1" iotype="AI" name="Sensor14581_S" textname="test sensor 14581"/>
			<item id="14582" losttest="1" iotype="AI" name="Sensor14582_S" textname="test sensor 14582"/>
			<item id="14583" losttest="1" iotype="AI" name="Sensor14583_S" textname="test sensor 14583"/>
			<item id="14584" losttest="1" iotype="AI" name="Sensor14584_S" textname="test sensor 14584"/>
			<item id="14585" losttest="1" iotype="AI" name="Sensor14585_S" textname="test sensor 14585"/>
			<item id="14586" losttest="1" iotype="AI" name="Sensor14586_S" textname="test sensor 14586"/>
			<item id="14587" losttest="1" iotype="AI" name="Sensor14587_S" textname="test sensor 14587"/>
			<item id="14588" losttest="1" iotype="AI" name="Sensor14588_S" textname="test sensor 14588"/>
			<item id="14589" losttest="1" iotype="AI" name="Sensor14589_S" textname="test sensor 14589"/>
			<item id="14590" losttest="1" iotype="AI" name="Sensor14590_S" textname="test sensor 14590"/>
			<item id="14591" losttest="1" iotype="AI" name="Sensor14591_S" textname="test sensor 14591"/>
			<item id="14592" losttest="1" iotype="AI" name="Sensor14592_S" textname="test sensor 14592"/>
			<item id="14593" losttest="1" iotype="AI" name="Sensor14593_S" textname="test sensor 14593"/>
			<item id="14594" losttest="1" iotype="AI" name="Sensor14594_S" textname="test sensor 14594"/>
			<item id="14595" losttest="1" iotype="AI" name="Sensor14595_S" textname="test sensor 14595"/>
			<item id="14596" losttest="1" iotype="AI" name="Sensor14596_S" textname="test sensor 14596"/>
			<item id="14597" losttest="1" iotype="AI" name="Sensor14597_S" textname="test sensor 14597"/>
			<item id="14598" losttest="1" iotype="AI" name="Sensor14598_S" textname="test sensor 14598"/>
			<item id="14599" losttest="1" iotype="AI" name="Sensor14599_S" textname="test sensor 14599"/>
			<item id="14600" losttest="1" iotype="AI" name="Sensor14600_S" textname="test sensor 14600"/>
			<item id="14601" losttest="1" iotype="AI" name="Sensor14601_S" textname="test sensor 14601"/>
			<item id="14602" losttest="1" iotype="AI" name="Sensor14602_S" textname="test sensor 14602"/>
			<item id="14603" losttest="1" iotype="AI" name="Sensor14603_S" textname="test sensor 14603"/>
			<item id="14604" losttest="1" iotype="AI" name="Sensor14604_S" textname="test sensor 14604"/>
			<item id="14605" losttest="1" iotype="AI" name="Sensor14605_S" textname="test sensor 14605"/>
			<item id="14606" losttest="1" iotype="AI" name="Sensor14606_S" textname="test sensor 14606"/>
			<item id="14607" losttest="1" iotype="AI" name="Sensor14607_S" textname="test sensor 14607"/>
			<item id="14608" losttest="1" iotype="AI" name="Sensor14608_S" textname="test sensor 14608"/>
			<item id="14609" losttest="1" iotype="AI" name="Sensor14609_S" textname="test sensor 14609"/>
			<item id="14610" losttest="1" iotype="AI" name="Sensor14610_S" textname="test sensor 14610"/>
			<item id="14611" losttest="1" iotype="AI" name="Sensor14611_S" textname="test sensor 14611"/>
			<item id="14612" losttest="1" iotype="AI" name="Sensor14612_S" textname="test sensor 14612"/>
			<item id="14613" losttest="1" iotype="AI" name="Sensor14613_S" textname="test sensor 14613"/>
			<item id="14614" losttest="1" iotype="AI" name="Sensor14614_S" textname="test sensor 14614"/>
			<item id="14615" losttest="1" iotype="AI" name="Sensor14615_S" textname="test sensor 14615"/>
			<item id="14616" losttest="1" iotype="AI" name="Sensor14616_S" textname="test sensor 14616"/>
			<item id="14617" losttest="1" iotype="AI" name="Sensor14617_S" textname="test sensor 14617"/>
			<item id="14618" losttest="1" iotype="AI" name="Sensor14618_S" textname="test sensor 14618"/>
			<item id="14619" losttest="1" iotype="AI" name="Sensor14619_S" textname="test sensor 14619"/>
			<item id="14620" losttest="1" iotype="AI" name="Sensor14620_S" textname="test sensor 14620"/>
			<item id="14621" losttest="1" iotype="AI" name="Sensor14621_S" textname="test sensor 14621"/>
			<item id="14622" losttest="1" iotype="AI" name="Sensor14622_S" textname="test sensor 14622"/>
			<item id="14623" losttest="1" iotype="AI" name="Sensor14623_S" textname="test sensor 14623"/>
			<item id="14624" losttest="1" iotype="AI" name="Sensor14624_S" textname="test sensor 14624"/>
			<item id="14625" losttest="1" iotype="AI" name="Sensor14625_S" textname="test sensor 14625"/>
			<item id="14626" losttest="1" iotype="AI" name="Sensor14626_S" textname="test sensor 14626"/>
			<item id="14627" losttest="1" iotype="AI" name="Sensor14627_S" textname="test sensor 14627"/>
			<item id="14628" losttest="1" iotype="AI" name="Sensor14628_S" textname="test sensor 14628"/>
			<item id="14629" losttest="1" iotype="AI" name="Sensor14629_S" textname="test sensor 14629"/>
			<item id="14630" losttest="1" iotype="AI" name="Sensor14630_S" textname="test sensor 14630"/>
			<item id="14631" losttest="1" iotype="AI" name="Sensor14631_S" textname="test sensor 14631"/>
			<item id="14632" losttest="1" iotype="AI" name="Sensor14632_S" textname="test sensor 14632"/>
			<item id="14633" losttest="1" iotype="AI" name="Sensor14633_S" textname="test sensor 14633"/>
			<item id="14634" losttest="1" iotype="AI" name="Sensor14634_S" textname="test sensor 14634"/>
			<item id="14635" losttest="1" iotype="AI" name="Sensor14635_S" textname="test sensor 14635"/>
			<item id="14636" losttest="1" iotype="AI" name="Sensor14636_S" textname="test sensor 14636"/>
			<item id="14637" losttest="1" iotype="AI" name="Sensor14637_S" textname="test sensor 14637"/>
			<item id="14638" losttest="1" iotype="AI" name="Sensor14638_S" textname="test sensor 14638"/>
			<item id="14639" losttest="1" iotype="AI" name="Sensor14639_S" textname="test sensor 14639"/>
			<item id="14640" losttest="1" iotype="AI" name="Sensor14640_S" textname="test sensor 14640"/>
			<item id="14641" losttest="1" iotype="AI" name="Sensor14641_S" textname="test sensor 14641"/>
			<item id="14642" losttest="1" iotype="AI" name="Sensor14642_S" textname="test sensor 14642"/>
			<item id="14643" losttest="1" iotype="AI" name="Sensor14643_S" textname="test sensor 14643"/>
			<item id="14644" losttest="1" iotype="AI" name="Sensor14644_S" textname="test sensor 14644"/>
			<item id="14645" losttest="1" iotype="AI" name="Sensor14645_S" textname="test sensor 14645"/>
			<item id="14646" losttest="1" iotype="AI" name="Sensor14646_S" textname="test sensor 14646"/>
			<item id="14647" losttest="1" iotype="AI" name="Sensor14647_S" textname="test sensor 14647"/>
			<item id="14648" losttest="1" iotype="AI" name="Sensor14648_S" textname="test sensor 14648"/>
			<item id="14649" losttest="1" iotype="AI" name="Sensor14649_S" textname="test sensor 14649"/>
			<item id="14650" losttest="1" iotype="AI" name="Sensor14650_S" textname="test sensor 14650"/>
			<item id="14651" losttest="1" iotype="AI" name="Sensor14651_S" textname="test sensor 14651"/>
			<item id="14652" losttest="1" iotype="AI" name="Sensor14652_S" textname="test sensor 14652"/>
			<item id="14653" losttest="1" iotype="AI" name="Sensor14653_S" textname="test sensor 14653"/>
			<item id="14654" losttest="1" iotype="AI" name="Sensor14654_S" textname="test sensor 14654"/>
			<item id="14655" losttest="1" iotype="AI" name="Sensor14655_S" textname="test sensor 14655"/>
			<item id="14656" losttest="1" iotype="AI" name="Sensor14656_S" textname="test sensor 14656"/>
			<item id="14657" losttest="1" iotype="AI" name="Sensor14657_S" textname="test sensor 14657"/>
			<item id="14658" losttest="1" iotype="AI" name="Sensor14658_S" textname="test sensor 14658"/>
			<item id="14659" losttest="1" iotype="AI" name="Sensor14659_S" textname="test sensor 14659"/>
			<item id="14660" losttest="1" iotype="AI" name="Sensor14660_S" textname="test sensor 14660"/>
			<item id="14661" losttest="1" iotype="AI" name="Sensor14661_S" textname="test sensor 14661"/>
			<item id="14662" losttest="1" iotype="AI" name="Sensor14662_S" textname="test sensor 14662"/>
			<item id="14663" losttest="1" iotype="AI" name="Sensor14663_S" textname="test sensor 14663"/>
			<item id="14664" losttest="1" iotype="AI" name="Sensor14664_S" textname="test sensor 14664"/>
			<item id="14665" losttest="1" iotype="AI" name="Sensor14665_S" textname="test sensor 14665"/>
			<item id="14666" losttest="1" iotype="AI" name="Sensor14666_S" textname="test sensor 14666"/>
			<item id="14667" losttest="1" iotype="AI" name="Sensor14667_S" textname="test sensor 14667"/>
			<item id="14668" losttest="1" iotype="AI" name="Sensor14668_S" textname="test sensor 14668"/>
			<item id="14669" losttest="1" iotype="AI" name="Sensor14669_S" textname="test sensor 14669"/>
			<item id="14670" losttest="1" iotype="AI" name="Sensor14670_S" textname="test sensor 14670"/>
			<item id="14671" losttest="1" iotype="AI" name="Sensor14671_S" textname="test sensor 14671"/>
			<item id="14672" losttest="1" iotype="AI" name="Sensor14672_S" textname="test sensor 14672"/>
			<item id="14673" losttest="1" iotype="AI" name="Sensor14673_S" textname="test sensor 14673"/>
			<item id="14674" losttest="1" iotype="AI" name="Sensor14674_S" textname="test sensor 14674"/>
			<item id="14675" losttest="1" iotype="AI" name="Sensor14675_S" textname="test sensor 14675"/>
			<item id="14676" losttest="1" iotype="AI" name="Sensor14676_S" textname="test sensor 14676"/>
			<item id="14677" losttest="1" iotype="AI" name="Sensor14677_S" textname="test sensor 14677"/>
			<item id="14678" losttest="1" iotype="AI" name="Sensor14678_S" textname="test sensor 14678"/>
			<item id="14679" losttest="1" iotype="AI" name="Sensor14679_S" textname="test sensor 14679"/>
			<item id="14680" losttest="1" iotype="AI" name="Sensor14680_S" textname="test sensor 14680"/>
			<item id="14681" losttest="1" iotype="AI" name="Sensor14681_S" textname="test sensor 14681"/>
			<item id="14682" losttest="1" iotype="AI" name="Sensor14682_S" textname="test sensor 14682"/>
			<item id="14683" losttest="1" iotype="AI" name="Sensor14683_S" textname="test sensor 14683"/>
			<item id="14684" losttest="1" iotype="AI" name="Sensor14684_S" textname="test sensor 14684"/>
			<item id="14685" losttest="1" iotype="AI" name="Sensor14685_S" textname="test sensor 14685"/>
			<item id="14686" losttest="1" iotype="AI" name="Sensor14686_S" textname="test sensor 14686"/>
			<item id="14687" losttest="1" iotype="AI" name="Sensor14687_S" textname="test sensor 14687"/>
			<item id="14688" losttest="1" iotype="AI" name="Sensor14688_S" textname="test sensor 14688"/>
			<item id="14689" losttest="1" iotype="AI" name="Sensor14689_S" textname="test sensor 14689"/>
			<item id="14690" losttest="1" iotype="AI" name="Sensor14690_S" textname="test sensor 14690"/>
			<item id="14691" losttest="1" iotype="AI" name="Sensor14691_S" textname="test sensor 14691"/>
			<item id="14692" losttest="1" iotype="AI" name="Sensor14692_S" textname="test sensor 14692"/>
			<item id="14693" losttest="1" iotype="AI" name="Sensor14693_S" textname="test sensor 14693"/>
			<item id="14694" losttest="1" iotype="AI" name="Sensor14694_S" textname="test sensor 14694"/>
			<item id="14695" losttest="1" iotype="AI" name="Sensor14695_S" textname="test sensor 14695"/>
			<item id="14696" losttest="1" iotype="AI" name="Sensor14696_S" textname="test sensor 14696"/>
			<item id="14697" losttest="1" iotype="AI" name="Sensor14697_S" textname="test sensor 14697"/>
			<item id="14698" losttest="1" iotype="AI" name="Sensor14698_S" textname="test sensor 14698"/>
			<item id="14699" losttest="1" iotype="AI" name="Sensor14699_S" textname="test sensor 14699"/>
			<item id="14700" losttest="1" iotype="AI" name="Sensor14700_S" textname="test sensor 14700"/>
			<item id="14701" losttest="1" iotype="AI" name="Sensor14701_S" textname="test sensor 14701"/>
			<item id="14702" losttest="1" iotype="AI" name="Sensor14702_S" textname="test sensor 14702"/>
			<item id="14703" losttest="1" iotype="AI" name="Sensor14703_S" textname="test sensor 14703"/>
			<item id="14704" losttest="1" iotype="AI" name="Sensor14704_S" textname="test sensor 14704"/>
			<item id="14705" losttest="1" iotype="AI" name="Sensor14705_S" textname="test sensor 14705"/>
			<item id="14706" losttest="1" iotype="AI" name="Sensor14706_S" textname="test sensor 14706"/>
			<item id="14707" losttest="1" iotype="AI" name="Sensor14707_S" textname="test sensor 14707"/>
			<item id="14708" losttest="1" iotype="AI" name="Sensor14708_S" textname="test sensor 14708"/>
			<item id="14709" losttest="1" iotype="AI" name="Sensor14709_S" textname="test sensor 14709"/>
			<item id="14710" losttest="1" iotype="AI" name="Sensor14710_S" textname="test sensor 14710"/>
			<item id="14711" losttest="1" iotype="AI" name="Sensor14711_S" textname="test sensor 14711"/>
			<item id="14712" losttest="1" iotype="AI" name="Sensor14712_S" textname="test sensor 14712"/>
			<item id="14713" losttest="1" iotype="AI" name="Sensor14713_S" textname="test sensor 14713"/>
			<item id="14714" losttest="1" iotype="AI" name="Sensor14714_S" textname="test sensor 14714"/>
			<item id="14715" losttest="1" iotype="AI" name="Sensor14715_S" textname="test sensor 14715"/>
			<item id="14716" losttest="1" iotype="AI" name="Sensor14716_S" textname="test sensor 14716"/>
			<item id="14717" losttest="1" iotype="AI" name="Sensor14717_S" textname="test sensor 14717"/>
			<item id="14718" losttest="1" iotype="AI" name="Sensor14718_S" textname="test sensor 14718"/>
			<item id="14719" losttest="1" iotype="AI" name="Sensor14719_S" textname="test sensor 14719"/>
			<item id="14720" losttest="1" iotype="AI" name="Sensor14720_S" textname="test sensor 14720"/>
			<item id="14721" losttest="1" iotype="AI" name="Sensor14721_S" textname="test sensor 14721"/>
			<item id="14722" losttest="1" iotype="AI" name="Sensor14722_S" textname="test sensor 14722"/>
			<item id="14723" losttest="1" iotype="AI" name="Sensor14723_S" textname="test sensor 14723"/>
			<item id="14724" losttest="1" iotype="AI" name="Sensor14724_S" textname="test sensor 14724"/>
			<item id="14725" losttest="1" iotype="AI" name="Sensor14725_S" textname="test sensor 14725"/>
			<item id="14726" losttest="1" iotype="AI" name="Sensor14726_S" textname="test sensor 14726"/>
			<item id="14727" losttest="1" iotype="AI" name="Sensor14727_S" textname="test sensor 14727"/>
			<item id="14728" losttest="1" iotype="AI" name="Sensor14728_S" textname="test sensor 14728"/>
			<item id="14729" losttest="1" iotype="AI" name="Sensor14729_S" textname="test sensor 14729"/>
			<item id="14730" losttest="1" iotype="AI" name="Sensor14730_S" textname="test sensor 14730"/>
			<item id="14731" losttest="1" iotype="AI" name="Sensor14731_S" textname="test sensor 14731"/>
			<item id="14732" losttest="1" iotype="AI" name="Sensor14732_S" textname="test sensor 14732"/>
			<item id="14733" losttest="1" iotype="AI" name="Sensor14733_S" textname="test sensor 14733"/>
			<item id="14734" losttest="1" iotype="AI" name="Sensor14734_S" textname="test sensor 14734"/>
			<item id="14735" losttest="1" iotype="AI" name="Sensor14735_S" textname="test sensor 14735"/>
			<item id="14736" losttest="1" iotype="AI" name="Sensor14736_S" textname="test sensor 14736"/>
			<item id="14737" losttest="1" iotype="AI" name="Sensor14737_S" textname="test sensor 14737"/>
			<item id="14738" losttest="1" iotype="AI" name="Sensor14738_S" textname="test sensor 14738"/>
			<item id="14739" losttest="1" iotype="AI" name="Sensor14739_S" textname="test sensor 14739"/>
			<item id="14740" losttest="1" iotype="AI" name="Sensor14740_S" textname="test sensor 14740"/>
			<item id="14741" losttest="1" iotype="AI" name="Sensor14741_S" textname="test sensor 14741"/>
			<item id="14742" losttest="1" iotype="AI" name="Sensor14742_S" textname="test sensor 14742"/>
			<item id="14743" losttest="1" iotype="AI" name="Sensor14743_S" textname="test sensor 14743"/>
			<item id="14744" losttest="1" iotype="AI" name="Sensor14744_S" textname="test sensor 14744"/>
			<item id="14745" losttest="1" iotype="AI" name="Sensor14745_S" textname="test sensor 14745"/>
			<item id="14746" losttest="1" iotype="AI" name="Sensor14746_S" textname="test sensor 14746"/>
			<item id="14747" losttest="1" iotype="AI" name="Sensor14747_S" textname="test sensor 14747"/>
			<item id="14748" losttest="1" iotype="AI" name="Sensor14748_S" textname="test sensor 14748"/>
			<item id="14749" losttest="1" iotype="AI" name="Sensor14749_S" textname="test sensor 14749"/>
			<item id="14750" losttest="1" iotype="AI" name="Sensor14750_S" textname="test sensor 14750"/>
			<item id="14751" losttest="1" iotype="AI" name="Sensor14751_S" textname="test sensor 14751"/>
			<item id="14752" losttest="1" iotype="AI" name="Sensor14752_S" textname="test sensor 14752"/>
			<item id="14753" losttest="1" iotype="AI" name="Sensor14753_S" textname="test sensor 14753"/>
			<item id="14754" losttest="1" iotype="AI" name="Sensor14754_S" textname="test sensor 14754"/>
			<item id="14755" losttest="1" iotype="AI" name="Sensor14755_S" textname="test sensor 14755"/>
			<item id="14756" losttest="1" iotype="AI" name="Sensor14756_S" textname="test sensor 14756"/>
			<item id="14757" losttest="1" iotype="AI" name="Sensor14757_S" textname="test sensor 14757"/>
			<item id="14758" losttest="1" iotype="AI" name="Sensor14758_S" textname="test sensor 14758"/>
			<item id="14759" losttest="1" iotype="AI" name="Sensor14759_S" textname="test sensor 14759"/>
			<item id="14760" losttest="1" iotype="AI" name="Sensor14760_S" textname="test sensor 14760"/>
			<item id="14761" losttest="1" iotype="AI" name="Sensor14761_S" textname="test sensor 14761"/>
			<item id="14762" losttest="1" iotype="AI" name="Sensor14762_S" textname="test sensor 14762"/>
			<item id="14763" losttest="1" iotype="AI" name="Sensor14763_S" textname="test sensor 14763"/>
			<item id="14764" losttest="1" iotype="AI" name="Sensor14764_S" textname="test sensor 14764"/>
			<item id="14765" losttest="1" iotype="AI" name="Sensor14765_S" textname="test sensor 14765"/>
			<item id="14766" losttest="1" iotype="AI" name="Sensor14766_S" textname="test sensor 14766"/>
			<item id="14767" losttest="1" iotype="AI" name="Sensor14767_S" textname="test sensor 14767"/>
			<item id="14768" losttest="1" iotype="AI" name="Sensor14768_S" textname="test sensor 14768"/>
			<item id="14769" losttest="1" iotype="AI" name="Sensor14769_S" textname="test sensor 14769"/>
			<item id="14770" losttest="1" iotype="AI" name="Sensor14770_S" textname="test sensor 14770"/>
			<item id="14771" losttest="1" iotype="AI" name="Sensor14771_S" textname="test sensor 14771"/>
			<item id="14772" losttest="1" iotype="AI" name="Sensor14772_S" textname="test sensor 14772"/>
			<item id="14773" losttest="1" iotype="AI" name="Sensor14773_S" textname="test sensor 14773"/>
			<item id="14774" losttest="1" iotype="AI" name="Sensor14774_S" textname="test sensor 14774"/>
			<item id="14775" losttest="1" iotype="AI" name="Sensor14775_S" textname="test sensor 14775"/>
			<item id="14776" losttest="1" iotype="AI" name="Sensor14776_S" textname="test sensor 14776"/>
			<item id="14777" losttest="1" iotype="AI" name="Sensor14777_S" textname="test sensor 14777"/>
			<item id="14778" losttest="1" iotype="AI" name="Sensor14778_S" textname="test sensor 14778"/>
			<item id="14779" losttest="1" iotype="AI" name="Sensor14779_S" textname="test sensor 14779"/>
			<item id="14780" losttest="1" iotype="AI" name="Sensor14780_S" textname="test sensor 14780"/>
			<item id="14781" losttest="1" iotype="AI" name="Sensor14781_S" textname="test sensor 14781"/>
			<item id="14782" losttest="1" iotype="AI" name="Sensor14782_S" textname="test sensor 14782"/>
			<item id="14783" losttest="1" iotype="AI" name="Sensor14783_S" textname="test sensor 14783"/>
			<item id="14784" losttest="1" iotype="AI" name="Sensor14784_S" textname="test sensor 14784"/>
			<item id="14785" losttest="1" iotype="AI" name="Sensor14785_S" textname="test sensor 14785"/>
			<item id="14786" losttest="1" iotype="AI" name="Sensor14786_S" textname="test sensor 14786"/>
			<item id="14787" losttest="1" iotype="AI" name="Sensor14787_S" textname="test sensor 14787"/>
			<item id="14788" losttest="1" iotype="AI" name="Sensor14788_S" textname="test sensor 14788"/>
			<item id="14789" losttest="1" iotype="AI" name="Sensor14789_S" textname="test sensor 14789"/>
			<item id="14790" losttest="1" iotype="AI" name="Sensor14790_S" textname="test sensor 14790"/>
			<item id="14791" losttest="1" iotype="AI" name="Sensor14791_S" textname="test sensor 14791"/>
			<item id="14792" losttest="1" iotype="AI" name="Sensor14792_S" textname="test sensor 14792"/>
			<item id="14793" losttest="1" iotype="AI" name="Sensor14793_S" textname="test sensor 14793"/>
			<item id="14794" losttest="1" iotype="AI" name="Sensor14794_S" textname="test sensor 14794"/>
			<item id="14795" losttest="1" iotype="AI" name="Sensor14795_S" textname="test sensor 14795"/>
			<item id="14796" losttest="1" iotype="AI" name="Sensor14796_S" textname="test sensor 14796"/>
			<item id="14797" losttest="1" iotype="AI" name="Sensor14797_S" textname="test sensor 14797"/>
			<item id="14798" losttest="1" iotype="AI" name="Sensor14798_S" textname="test sensor 14798"/>
			<item id="14799" losttest="1" iotype="AI" name="Sensor14799_S" textname="test sensor 14799"/>
			<item id="14800" losttest="1" iotype="AI" name="Sensor14800_S" textname="test sensor 14800"/>
			<item id="14801" losttest="1" iotype="AI" name="Sensor14801_S" textname="test sensor 14801"/>
			<item id="14802" losttest="1" iotype="AI" name="Sensor14802_S" textname="test sensor 14802"/>
			<item id="14803" losttest="1" iotype="AI" name="Sensor14803_S" textname="test sensor 14803"/>
			<item id="14804" losttest="1" iotype="AI" name="Sensor14804_S" textname="test sensor 14804"/>
			<item id="14805" losttest="1" iotype="AI" name="Sensor14805_S" textname="test sensor 14805"/>
			<item id="14806" losttest="1" iotype="AI" name="Sensor14806_S" textname="test sensor 14806"/>
			<item id="14807" losttest="1" iotype="AI" name="Sensor14807_S" textname="test sensor 14807"/>
			<item id="14808" losttest="1" iotype="AI" name="Sensor14808_S" textname="test sensor 14808"/>
			<item id="14809" losttest="1" iotype="AI" name="Sensor14809_S" textname="test sensor 14809"/>
			<item id="14810" losttest="1" iotype="AI" name="Sensor14810_S" textname="test sensor 14810"/>
			<item id="14811" losttest="1" iotype="AI" name="Sensor14811_S" textname="test sensor 14811"/>
			<item id="14812" losttest="1" iotype="AI" name="Sensor14812_S" textname="test sensor 14812"/>
			<item id="14813" losttest="1" iotype="AI" name="Sensor14813_S" textname="test sensor 14813"/>
			<item id="14814" losttest="1" iotype="AI" name="Sensor14814_S" textname="test sensor 14814"/>
			<item id="14815" losttest="1" iotype="AI" name="Sensor14815_S" textname="test sensor 14815"/>
			<item id="14816" losttest="1" iotype="AI" name="Sensor14816_S" textname="test sensor 14816"/>
			<item id="14817" losttest="1" iotype="AI" name="Sensor14817_S" textname="test sensor 14817"/>
			<item id="14818" losttest="1" iotype="AI" name="Sensor14818_S" textname="test sensor 14818"/>
			<item id="14819" losttest="1" iotype="AI" name="Sensor14819_S" textname="test sensor 14819"/>
			<item id="14820" losttest="1" iotype="AI" name="Sensor14820_S" textname="test sensor 14820"/>
			<item id="14821" losttest="1" iotype="AI" name="Sensor14821_S" textname="test sensor 14821"/>
			<item id="14822" losttest="1" iotype="AI" name="Sensor14822_S" textname="test sensor 14822"/>
			<item id="14823" losttest="1" iotype="AI" name="Sensor14823_S" textname="test sensor 14823"/>
			<item id="14824" losttest="1" iotype="AI" name="Sensor14824_S" textname="test sensor 14824"/>
			<item id="14825" losttest="1" iotype="AI" name="Sensor14825_S" textname="test sensor 14825"/>
			<item id="14826" losttest="1" iotype="AI" name="Sensor14826_S" textname="test sensor 14826"/>
			<item id="14827" losttest="1" iotype="AI" name="Sensor14827_S" textname="test sensor 14827"/>
			<item id="14828" losttest="1" iotype="AI" name="Sensor14828_S" textname="test sensor 14828"/>
			<item id="14829" losttest="1" iotype="AI" name="Sensor14829_S" textname="test sensor 14829"/>
			<item id="14830" losttest="1" iotype="AI" name="Sensor14830_S" textname="test sensor 14830"/>
			<item id="14831" losttest="1" iotype="AI" name="Sensor14831_S" textname="test sensor 14831"/>
			<item id="14832" losttest="1" iotype="AI" name="Sensor14832_S" textname="test sensor 14832"/>
			<item id="14833" losttest="1" iotype="AI" name="Sensor14833_S" textname="test sensor 14833"/>
			<item id="14834" losttest="1" iotype="AI" name="Sensor14834_S" textname="test sensor 14834"/>
			<item id="14835" losttest="1" iotype="AI" name="Sensor14835_S" textname="test sensor 14835"/>
			<item id="14836" losttest="1" iotype="AI" name="Sensor14836_S" textname="test sensor 14836"/>
			<item id="14837" losttest="1" iotype="AI" name="Sensor14837_S" textname="test sensor 14837"/>
			<item id="14838" losttest="1" iotype="AI" name="Sensor14838_S" textname="test sensor 14838"/>
			<item id="14839" losttest="1" iotype="AI" name="Sensor14839_S" textname="test sensor 14839"/>
			<item id="14840" losttest="1" iotype="AI" name="Sensor14840_S" textname="test sensor 14840"/>
			<item id="14841" losttest="1" iotype="AI" name="Sensor14841_S" textname="test sensor 14841"/>
			<item id="14842" losttest="1" iotype="AI" name="Sensor14842_S" textname="test sensor 14842"/>
			<item id="14843" losttest="1" iotype="AI" name="Sensor14843_S" textname="test sensor 14843"/>
			<item id="14844" losttest="1" iotype="AI" name="Sensor14844_S" textname="test sensor 14844"/>
			<item id="14845" losttest="1" iotype="AI" name="Sensor14845_S" textname="test sensor 14845"/>
			<item id="14846" losttest="1" iotype="AI" name="Sensor14846_S" textname="test sensor 14846"/>
			<item id="14847" losttest="1" iotype="AI" name="Sensor14847_S" textname="test sensor 14847"/>
			<item id="14848" losttest="1" iotype="AI" name="Sensor14848_S" textname="test sensor 14848"/>
			<item id="14849" losttest="1" iotype="AI" name="Sensor14849_S" textname="test sensor 14849"/>
			<item id="14850" losttest="1" iotype="AI" name="Sensor14850_S" textname="test sensor 14850"/>
			<item id="14851" losttest="1" iotype="AI" name="Sensor14851_S" textname="test sensor 14851"/>
			<item id="14852" losttest="1" iotype="AI" name="Sensor14852_S" textname="test sensor 14852"/>
			<item id="14853" losttest="1" iotype="AI" name="Sensor14853_S" textname="test sensor 14853"/>
			<item id="14854" losttest="1" iotype="AI" name="Sensor14854_S" textname="test sensor 14854"/>
			<item id="14855" losttest="1" iotype="AI" name="Sensor14855_S" textname="test sensor 14855"/>
			<item id="14856" losttest="1" iotype="AI" name="Sensor14856_S" textname="test sensor 14856"/>
			<item id="14857" losttest="1" iotype="AI" name="Sensor14857_S" textname="test sensor 14857"/>
			<item id="14858" losttest="1" iotype="AI" name="Sensor14858_S" textname="test sensor 14858"/>
			<item id="14859" losttest="1" iotype="AI" name="Sensor14859_S" textname="test sensor 14859"/>
			<item id="14860" losttest="1" iotype="AI" name="Sensor14860_S" textname="test sensor 14860"/>
			<item id="14861" losttest="1" iotype="AI" name="Sensor14861_S" textname="test sensor 14861"/>
			<item id="14862" losttest="1" iotype="AI" name="Sensor14862_S" textname="test sensor 14862"/>
			<item id="14863" losttest="1" iotype="AI" name="Sensor14863_S" textname="test sensor 14863"/>
			<item id="14864" losttest="1" iotype="AI" name="Sensor14864_S" textname="test sensor 14864"/>
			<item id="14865" losttest="1" iotype="AI" name="Sensor14865_S" textname="test sensor 14865"/>
			<item id="14866" losttest="1" iotype="AI" name="Sensor14866_S" textname="test sensor 14866"/>
			<item id="14867" losttest="1" iotype="AI" name="Sensor14867_S" textname="test sensor 14867"/>
			<item id="14868" losttest="1" iotype="AI" name="Sensor14868_S" textname="test sensor 14868"/>
			<item id="14869" losttest="1" iotype="AI" name="Sensor14869_S" textname="test sensor 14869"/>
			<item id="14870" losttest="1" iotype="AI" name="Sensor14870_S" textname="test sensor 14870"/>
			<item id="14871" losttest="1" iotype="AI" name="Sensor14871_S" textname="test sensor 14871"/>
			<item id="14872" losttest="1" iotype="AI" name="Sensor14872_S" textname="test sensor 14872"/>
			<item id="14873" losttest="1" iotype="AI" name="Sensor14873_S" textname="test sensor 14873"/>
			<item id="14874" losttest="1" iotype="AI" name="Sensor14874_S" textname="test sensor 14874"/>
			<item id="14875" losttest="1" iotype="AI" name="Sensor14875_S" textname="test sensor 14875"/>
			<item id="14876" losttest="1" iotype="AI" name="Sensor14876_S" textname="test sensor 14876"/>
			<item id="14877" losttest="1" iotype="AI" name="Sensor14877_S" textname="test sensor 14877"/>
			<item id="14878" losttest="1" iotype="AI" name="Sensor14878_S" textname="test sensor 14878"/>
			<item id="14879" losttest="1" iotype="AI" name="Sensor14879_S" textname="test sensor 14879"/>
			<item id="14880" losttest="1" iotype="AI" name="Sensor14880_S" textname="test sensor 14880"/>
			<item id="14881" losttest="1" iotype="AI" name="Sensor14881_S" textname="test sensor 14881"/>
			<item id="14882" losttest="1" iotype="AI" name="Sensor14882_S" textname="test sensor 14882"/>
			<item id="14883" losttest="1" iotype="AI" name="Sensor14883_S" textname="test sensor 14883"/>
			<item id="14884" losttest="1" iotype="AI" name="Sensor14884_S" textname="test sensor 14884"/>
			<item id="14885" losttest="1" iotype="AI" name="Sensor14885_S" textname="test sensor 14885"/>
			<item id="14886" losttest="1" iotype="AI" name="Sensor14886_S" textname="test sensor 14886"/>
			<item id="14887" losttest="1" iotype="AI" name="Sensor14887_S" textname="test sensor 14887"/>
			<item id="14888" losttest="1" iotype="AI" name="Sensor14888_S" textname="test sensor 14888"/>
			<item id="14889" losttest="1" iotype="AI" name="Sensor14889_S" textname="test sensor 14889"/>
			<item id="14890" losttest="1" iotype="AI" name="Sensor14890_S" textname="test sensor 14890"/>
			<item id="14891" losttest="1" iotype="AI" name="Sensor14891_S" textname="test sensor 14891"/>
			<item id="14892" losttest="1" iotype="AI" name="Sensor14892_S" textname="test sensor 14892"/>
			<item id="14893" losttest="1" iotype="AI" name="Sensor14893_S" textname="test sensor 14893"/>
			<item id="14894" losttest="1" iotype="AI" name="Sensor14894_S" textname="test sensor 14894"/>
			<item id="14895" losttest="1" iotype="AI" name="Sensor14895_S" textname="test sensor 14895"/>
			<item id="14896" losttest="1" iotype="AI" name="Sensor14896_S" textname="test sensor 14896"/>
			<item id="14897" losttest="1" iotype="AI" name="Sensor14897_S" textname="test sensor 14897"/>
			<item id="14898" losttest="1" iotype="AI" name="Sensor14898_S" textname="test sensor 14898"/>
			<item id="14899" losttest="1" iotype="AI" name="Sensor14899_S" textname="test sensor 14899"/>
			<item id="14900" losttest="1" iotype="AI" name="Sensor14900_S" textname="test sensor 14900"/>
			<item id="14901" losttest="1" iotype="AI" name="Sensor14901_S" textname="test sensor 14901"/>
			<item id="14902" losttest="1" iotype="AI" name="Sensor14902_S" textname="test sensor 14902"/>
			<item id="14903" losttest="1" iotype="AI" name="Sensor14903_S" textname="test sensor 14903"/>
			<item id="14904" losttest="1" iotype="AI" name="Sensor14904_S" textname="test sensor 14904"/>
			<item id="14905" losttest="1" iotype="AI" name="Sensor14905_S" textname="test sensor 14905"/>
			<item id="14906" losttest="1" iotype="AI" name="Sensor14906_S" textname="test sensor 14906"/>
			<item id="14907" losttest="1" iotype="AI" name="Sensor14907_S" textname="test sensor 14907"/>
			<item id="14908" losttest="1" iotype="AI" name="Sensor14908_S" textname="test sensor 14908"/>
			<item id="14909" losttest="1" iotype="AI" name="Sensor14909_S" textname="test sensor 14909"/>
			<item id="14910" losttest="1" iotype="AI" name="Sensor14910_S" textname="test sensor 14910"/>
			<item id="14911" losttest="1" iotype="AI" name="Sensor14911_S" textname="test sensor 14911"/>
			<item id="14912" losttest="1" iotype="AI" name="Sensor14912_S" textname="test sensor 14912"/>
			<item id="14913" losttest="1" iotype="AI" name="Sensor14913_S" textname="test sensor 14913"/>
			<item id="14914" losttest="1" iotype="AI" name="Sensor14914_S" textname="test sensor 14914"/>
			<item id="14915" losttest="1" iotype="AI" name="Sensor14915_S" textname="test sensor 14915"/>
			<item id="14916" losttest="1" iotype="AI" name="Sensor14916_S" textname="test sensor 14916"/>
			<item id="14917" losttest="1" iotype="AI" name="Sensor14917_S" textname="test sensor 14917"/>
			<item id="14918" losttest="1" iotype="AI" name="Sensor14918_S" textname="test sensor 14918"/>
			<item id="14919" losttest="1" iotype="AI" name="Sensor14919_S" textname="test sensor 14919"/>
			<item id="14920" losttest="1" iotype="AI" name="Sensor14920_S" textname="test sensor 14920"/>
			<item id="14921" losttest="1" iotype="AI" name="Sensor14921_S" textname="test sensor 14921"/>
			<item id="14922" losttest="1" iotype="AI" name="Sensor14922_S" textname="test sensor 14922"/>
			<item id="14923" losttest="1" iotype="AI" name="Sensor14923_S" textname="test sensor 14923"/>
			<item id="14924" losttest="1" iotype="AI" name="Sensor14924_S" textname="test sensor 14924"/>
			<item id="14925" losttest="1" iotype="AI" name="Sensor14925_S" textname="test sensor 14925"/>
			<item id="14926" losttest="1" iotype="AI" name="Sensor14926_S" textname="test sensor 14926"/>
			<item id="14927" losttest="1" iotype="AI" name="Sensor14927_S" textname="test sensor 14927"/>
			<item id="14928" losttest="1" iotype="AI" name="Sensor14928_S" textname="test sensor 14928"/>
			<item id="14929" losttest="1" iotype="AI" name="Sensor14929_S" textname="test sensor 14929"/>
			<item id="14930" losttest="1" iotype="AI" name="Sensor14930_S" textname="test sensor 14930"/>
			<item id="14931" losttest="1" iotype="AI" name="Sensor14931_S" textname="test sensor 14931"/>
			<item id="14932" losttest="1" iotype="AI" name="Sensor14932_S" textname="test sensor 14932"/>
			<item id="14933" losttest="1" iotype="AI" name="Sensor14933_S" textname="test sensor 14933"/>
			<item id="14934" losttest="1" iotype="AI" name="Sensor14934_S" textname="test sensor 14934"/>
			<item id="14935" losttest="1" iotype="AI" name="Sensor14935_S" textname="test sensor 14935"/>
			<item id="14936" losttest="1" iotype="AI" name="Sensor14936_S" textname="test sensor 14936"/>
			<item id="14937" losttest="1" iotype="AI" name="Sensor14937_S" textname="test sensor 14937"/>
			<item id="14938" losttest="1" iotype="AI" name="Sensor14938_S" textname="test sensor 14938"/>
			<item id="14939" losttest="1" iotype="AI" name="Sensor14939_S" textname="test sensor 14939"/>
			<item id="14940" losttest="1" iotype="AI" name="Sensor14940_S" textname="test sensor 14940"/>
			<item id="14941" losttest="1" iotype="AI" name="Sensor14941_S" textname="test sensor 14941"/>
			<item id="14942" losttest="1" iotype="AI" name="Sensor14942_S" textname="test sensor 14942"/>
			<item id="14943" losttest="1" iotype="AI" name="Sensor14943_S" textname="test sensor 14943"/>
			<item id="14944" losttest="1" iotype="AI" name="Sensor14944_S" textname="test sensor 14944"/>
			<item id="14945" losttest="1" iotype="AI" name="Sensor14945_S" textname="test sensor 14945"/>
			<item id="14946" losttest="1" iotype="AI" name="Sensor14946_S" textname="test sensor 14946"/>
			<item id="14947" losttest="1" iotype="AI" name="Sensor14947_S" textname="test sensor 14947"/>
			<item id="14948" losttest="1" iotype="AI" name="Sensor14948_S" textname="test sensor 14948"/>
			<item id="14949" losttest="1" iotype="AI" name="Sensor14949_S" textname="test sensor 14949"/>
			<item id="14950" losttest="1" iotype="AI" name="Sensor14950_S" textname="test sensor 14950"/>
			<item id="14951" losttest="1" iotype="AI" name="Sensor14951_S" textname="test sensor 14951"/>
			<item id="14952" losttest="1" iotype="AI" name="Sensor14952_S" textname="test sensor 14952"/>
			<item id="14953" losttest="1" iotype="AI" name="Sensor14953_S" textname="test sensor 14953"/>
			<item id="14954" losttest="1" iotype="AI" name="Sensor14954_S" textname="test sensor 14954"/>
			<item id="14955" losttest="1" iotype="AI" name="Sensor14955_S" textname="test sensor 14955"/>
			<item id="14956" losttest="1" iotype="AI" name="Sensor14956_S" textname="test sensor 14956"/>
			<item id="14957" losttest="1" iotype="AI" name="Sensor14957_S" textname="test sensor 14957"/>
			<item id="14958" losttest="1" iotype="AI" name="Sensor14958_S" textname="test sensor 14958"/>
			<item id="14959" losttest="1" iotype="AI" name="Sensor14959_S" textname="test sensor 14959"/>
			<item id="14960" losttest="1" iotype="AI" name="Sensor14960_S" textname="test sensor 14960"/>
			<item id="14961" losttest="1" iotype="AI" name="Sensor14961_S" textname="test sensor 14961"/>
			<item id="14962" losttest="1" iotype="AI" name="Sensor14962_S" textname="test sensor 14962"/>
			<item id="14963" losttest="1" iotype="AI" name="Sensor14963_S" textname="test sensor 14963"/>
			<item id="14964" losttest="1" iotype="AI" name="Sensor14964_S" textname="test sensor 14964"/>
			<item id="14965" losttest="1" iotype="AI" name="Sensor14965_S" textname="test sensor 14965"/>
			<item id="14966" losttest="1" iotype="AI" name="Sensor14966_S" textname="test sensor 14966"/>
			<item id="14967" losttest="1" iotype="AI" name="Sensor14967_S" textname="test sensor 14967"/>
			<item id="14968" losttest="1" iotype="AI" name="Sensor14968_S" textname="test sensor 14968"/>
			<item id="14969" losttest="1" iotype="AI" name="Sensor14969_S" textname="test sensor 14969"/>
			<item id="14970" losttest="1" iotype="AI" name="Sensor14970_S" textname="test sensor 14970"/>
			<item id="14971" losttest="1" iotype="AI" name="Sensor14971_S" textname="test sensor 14971"/>
			<item id="14972" losttest="1" iotype="AI" name="Sensor14972_S" textname="test sensor 14972"/>
			<item id="14973" losttest="1" iotype="AI" name="Sensor14973_S" textname="test sensor 14973"/>
			<item id="14974" losttest="1" iotype="AI" name="Sensor14974_S" textname="test sensor 14974"/>
			<item id="14975" losttest="1" iotype="AI" name="Sensor14975_S" textname="test sensor 14975"/>
			<item id="14976" losttest="1" iotype="AI" name="Sensor14976_S" textname="test sensor 14976"/>
			<item id="14977" losttest="1" iotype="AI" name="Sensor14977_S" textname="test sensor 14977"/>
			<item id="14978" losttest="1" iotype="AI" name="Sensor14978_S" textname="test sensor 14978"/>
			<item id="14979" losttest="1" iotype="AI" name="Sensor14979_S" textname="test sensor 14979"/>
			<item id="14980" losttest="1" iotype="AI" name="Sensor14980_S" textname="test sensor 14980"/>
			<item id="14981" losttest="1" iotype="AI" name="Sensor14981_S" textname="test sensor 14981"/>
			<item id="14982" losttest="1" iotype="AI" name="Sensor14982_S" textname="test sensor 14982"/>
			<item id="14983" losttest="1" iotype="AI" name="Sensor14983_S" textname="test sensor 14983"/>
			<item id="14984" losttest="1" iotype="AI" name="Sensor14984_S" textname="test sensor 14984"/>
			<item id="14985" losttest="1" iotype="AI" name="Sensor14985_S" textname="test sensor 14985"/>
			<item id="14986" losttest="1" iotype="AI" name="Sensor14986_S" textname="test sensor 14986"/>
			<item id="14987" losttest="1" iotype="AI" name="Sensor14987_S" textname="test sensor 14987"/>
			<item id="14988" losttest="1" iotype="AI" name="Sensor14988_S" textname="test sensor 14988"/>
			<item id="14989" losttest="1" iotype="AI" name="Sensor14989_S" textname="test sensor 14989"/>
			<item id="14990" losttest="1" iotype="AI" name="Sensor14990_S" textname="test sensor 14990"/>
			<item id="14991" losttest="1" iotype="AI" name="Sensor14991_S" textname="test sensor 14991"/>
			<item id="14992" losttest="1" iotype="AI" name="Sensor14992_S" textname="test sensor 14992"/>
			<item id="14993" losttest="1" iotype="AI" name="Sensor14993_S" textname="test sensor 14993"/>
			<item id="14994" losttest="1" iotype="AI" name="Sensor14994_S" textname="test sensor 14994"/>
			<item id="14995" losttest="1" iotype="AI" name="Sensor14995_S" textname="test sensor 14995"/>
			<item id="14996" losttest="1" iotype="AI" name="Sensor14996_S" textname="test sensor 14996"/>
			<item id="14997" losttest="1" iotype="AI" name="Sensor14997_S" textname="test sensor 14997"/>
			<item id="14998" losttest="1" iotype="AI" name="Sensor14998_S" textname="test sensor 14998"/>
			<item id="14999" losttest="1" iotype="AI" name="Sensor14999_S" textname="test sensor 14999"/>
			<item id="15000" losttest="1" iotype="AI" name="Sensor15000_S" textname="test sensor 15000"/>
			<item id="15001" losttest="1" iotype="AI" name="Sensor15001_S" textname="test sensor 15001"/>
			<item id="15002" losttest="1" iotype="AI" name="Sensor15002_S" textname="test sensor 15002"/>
			<item id="15003" losttest="1" iotype="AI" name="Sensor15003_S" textname="test sensor 15003"/>
			<item id="15004" losttest="1" iotype="AI" name="Sensor15004_S" textname="test sensor 15004"/>
			<item id="15005" losttest="1" iotype="AI" name="Sensor15005_S" textname="test sensor 15005"/>
			<item id="15006" losttest="1" iotype="AI" name="Sensor15006_S" textname="test sensor 15006"/>
			<item id="15007" losttest="1" iotype="AI" name="Sensor15007_S" textname="test sensor 15007"/>
			<item id="15008" losttest="1" iotype="AI" name="Sensor15008_S" textname="test sensor 15008"/>
			<item id="15009" losttest="1" iotype="AI" name="Sensor15009_S" textname="test sensor 15009"/>
			<item id="15010" losttest="1" iotype="AI" name="Sensor15010_S" textname="test sensor 15010"/>
			<item id="15011" losttest="1" iotype="AI" name="Sensor15011_S" textname="test sensor 15011"/>
			<item id="15012" losttest="1" iotype="AI" name="Sensor15012_S" textname="test sensor 15012"/>
			<item id="15013" losttest="1" iotype="AI" name="Sensor15013_S" textname="test sensor 15013"/>
			<item id="15014" losttest="1" iotype="AI" name="Sensor15014_S" textname="test sensor 15014"/>
			<item id="15015" losttest="1" iotype="AI" name="Sensor15015_S" textname="test sensor 15015"/>
			<item id="15016" losttest="1" iotype="AI" name="Sensor15016_S" textname="test sensor 15016"/>
			<item id="15017" losttest="1" iotype="AI" name="Sensor15017_S" textname="test sensor 15017"/>
			<item id="15018" losttest="1" iotype="AI" name="Sensor15018_S" textname="test sensor 15018"/>
			<item id="15019" losttest="1" iotype="AI" name="Sensor15019_S" textname="test sensor 15019"/>
			<item id="15020" losttest="1" iotype="AI" name="Sensor15020_S" textname="test sensor 15020"/>
			<item id="15021" losttest="1" iotype="AI" name="Sensor15021_S" textname="test sensor 15021"/>
			<item id="15022" losttest="1" iotype="AI" name="Sensor15022_S" textname="test sensor 15022"/>
			<item id="15023" losttest="1" iotype="AI" name="Sensor15023_S" textname="test sensor 15023"/>
			<item id="15024" losttest="1" iotype="AI" name="Sensor15024_S" textname="test sensor 15024"/>
			<item id="15025" losttest="1" iotype="AI" name="Sensor15025_S" textname="test sensor 15025"/>
			<item id="15026" losttest="1" iotype="AI" name="Sensor15026_S" textname="test sensor 15026"/>
			<item id="15027" losttest="1" iotype="AI" name="Sensor15027_S" textname="test sensor 15027"/>
			<item id="15028" losttest="1" iotype="AI" name="Sensor15028_S" textname="test sensor 15028"/>
			<item id="15029" losttest="1" iotype="AI" name="Sensor15029_S" textname="test sensor 15029"/>
			<item id="15030" losttest="1" iotype="AI" name="Sensor15030_S" textname="test sensor 15030"/>
			<item id="15031" losttest="1" iotype="AI" name="Sensor15031_S" textname="test sensor 15031"/>
			<item id="15032" losttest="1" iotype="AI" name="Sensor15032_S" textname="test sensor 15032"/>
			<item id="15033" losttest="1" iotype="AI" name="Sensor15033_S" textname="test sensor 15033"/>
			<item id="15034" losttest="1" iotype="AI" name="Sensor15034_S" textname="test sensor 15034"/>
			<item id="15035" losttest="1" iotype="AI" name="Sensor15035_S" textname="test sensor 15035"/>
			<item id="15036" losttest="1" iotype="AI" name="Sensor15036_S" textname="test sensor 15036"/>
			<item id="15037" losttest="1" iotype="AI" name="Sensor15037_S" textname="test sensor 15037"/>
			<item id="15038" losttest="1" iotype="AI" name="Sensor15038_S" textname="test sensor 15038"/>
			<item id="15039" losttest="1" iotype="AI" name="Sensor15039_S" textname="test sensor 15039"/>
			<item id="15040" losttest="1" iotype="AI" name="Sensor15040_S" textname="test sensor 15040"/>
			<item id="15041" losttest="1" iotype="AI" name="Sensor15041_S" textname="test sensor 15041"/>
			<item id="15042" losttest="1" iotype="AI" name="Sensor15042_S" textname="test sensor 15042"/>
			<item id="15043" losttest="1" iotype="AI" name="Sensor15043_S" textname="test sensor 15043"/>
			<item id="15044" losttest="1" iotype="AI" name="Sensor15044_S" textname="test sensor 15044"/>
			<item id="15045" losttest="1" iotype="AI" name="Sensor15045_S" textname="test sensor 15045"/>
			<item id="15046" losttest="1" iotype="AI" name="Sensor15046_S" textname="test sensor 15046"/>
			<item id="15047" losttest="1" iotype="AI" name="Sensor15047_S" textname="test sensor 15047"/>
			<item id="15048" losttest="1" iotype="AI" name="Sensor15048_S" textname="test sensor 15048"/>
			<item id="15049" losttest="1" iotype="AI" name="Sensor15049_S" textname="test sensor 15049"/>
			<item id="15050" losttest="1" iotype="AI" name="Sensor15050_S" textname="test sensor 15050"/>
			<item id="15051" losttest="1" iotype="AI" name="Sensor15051_S" textname="test sensor 15051"/>
			<item id="15052" losttest="1" iotype="AI" name="Sensor15052_S" textname="test sensor 15052"/>
			<item id="15053" losttest="1" iotype="AI" name="Sensor15053_S" textname="test sensor 15053"/>
			<item id="15054" losttest="1" iotype="AI" name="Sensor15054_S" textname="test sensor 15054"/>
			<item id="15055" losttest="1" iotype="AI" name="Sensor15055_S" textname="test sensor 15055"/>
			<item id="15056" losttest="1" iotype="AI" name="Sensor15056_S" textname="test sensor 15056"/>
			<item id="15057" losttest="1" iotype="AI" name="Sensor15057_S" textname="test sensor 15057"/>
			<item id="15058" losttest="1" iotype="AI" name="Sensor15058_S" textname="test sensor 15058"/>
			<item id="15059" losttest="1" iotype="AI" name="Sensor15059_S" textname="test sensor 15059"/>
			<item id="15060" losttest="1" iotype="AI" name="Sensor15060_S" textname="test sensor 15060"/>
			<item id="15061" losttest="1" iotype="AI" name="Sensor15061_S" textname="test sensor 15061"/>
			<item id="15062" losttest="1" iotype="AI" name="Sensor15062_S" textname="test sensor 15062"/>
			<item id="15063" losttest="1" iotype="AI" name="Sensor15063_S" textname="test sensor 15063"/>
			<item id="15064" losttest="1" iotype="AI" name="Sensor15064_S" textname="test sensor 15064"/>
			<item id="15065" losttest="1" iotype="AI" name="Sensor15065_S" textname="test sensor 15065"/>
			<item id="15066" losttest="1" iotype="AI" name="Sensor15066_S" textname="test sensor 15066"/>
			<item id="15067" losttest="1" iotype="AI" name="Sensor15067_S" textname="test sensor 15067"/>
			<item id="15068" losttest="1" iotype="AI" name="Sensor15068_S" textname="test sensor 15068"/>
			<item id="15069" losttest="1" iotype="AI" name="Sensor15069_S" textname="test sensor 15069"/>
			<item id="15070" losttest="1" iotype="AI" name="Sensor15070_S" textname="test sensor 15070"/>
			<item id="15071" losttest="1" iotype="AI" name="Sensor15071_S" textname="test sensor 15071"/>
			<item id="15072" losttest="1" iotype="AI" name="Sensor15072_S" textname="test sensor 15072"/>
			<item id="15073" losttest="1" iotype="AI" name="Sensor15073_S" textname="test sensor 15073"/>
			<item id="15074" losttest="1" iotype="AI" name="Sensor15074_S" textname="test sensor 15074"/>
			<item id="15075" losttest="1" iotype="AI" name="Sensor15075_S" textname="test sensor 15075"/>
			<item id="15076" losttest="1" iotype="AI" name="Sensor15076_S" textname="test sensor 15076"/>
			<item id="15077" losttest="1" iotype="AI" name="Sensor15077_S" textname="test sensor 15077"/>
			<item id="15078" losttest="1" iotype="AI" name="Sensor15078_S" textname="test sensor 15078"/>
			<item id="15079" losttest="1" iotype="AI" name="Sensor15079_S" textname="test sensor 15079"/>
			<item id="15080" losttest="1" iotype="AI" name="Sensor15080_S" textname="test sensor 15080"/>
			<item id="15081" losttest="1" iotype="AI" name="Sensor15081_S" textname="test sensor 15081"/>
			<item id="15082" losttest="1" iotype="AI" name="Sensor15082_S" textname="test sensor 15082"/>
			<item id="15083" losttest="1" iotype="AI" name="Sensor15083_S" textname="test sensor 15083"/>
			<item id="15084" losttest="1" iotype="AI" name="Sensor15084_S" textname="test sensor 15084"/>
			<item id="15085" losttest="1" iotype="AI" name="Sensor15085_S" textname="test sensor 15085"/>
			<item id="15086" losttest="1" iotype="AI" name="Sensor15086_S" textname="test sensor 15086"/>
			<item id="15087" losttest="1" iotype="AI" name="Sensor15087_S" textname="test sensor 15087"/>
			<item id="15088" losttest="1" iotype="AI" name="Sensor15088_S" textname="test sensor 15088"/>
			<item id="15089" losttest="1" iotype="AI" name="Sensor15089_S" textname="test sensor 15089"/>
			<item id="15090" losttest="1" iotype="AI" name="Sensor15090_S" textname="test sensor 15090"/>
			<item id="15091" losttest="1" iotype="AI" name="Sensor15091_S" textname="test sensor 15091"/>
			<item id="15092" losttest="1" iotype="AI" name="Sensor15092_S" textname="test sensor 15092"/>
			<item id="15093" losttest="1" iotype="AI" name="Sensor15093_S" textname="test sensor 15093"/>
			<item id="15094" losttest="1" iotype="AI" name="Sensor15094_S" textname="test sensor 15094"/>
			<item id="15095" losttest="1" iotype="AI" name="Sensor15095_S" textname="test sensor 15095"/>
			<item id="15096" losttest="1" iotype="AI" name="Sensor15096_S" textname="test sensor 15096"/>
			<item id="15097" losttest="1" iotype="AI" name="Sensor15097_S" textname="test sensor 15097"/>
			<item id="15098" losttest="1" iotype="AI" name="Sensor15098_S" textname="test sensor 15098"/>
			<item id="15099" losttest="1" iotype="AI" name="Sensor15099_S" textname="test sensor 15099"/>
			<item id="15100" losttest="1" iotype="AI" name="Sensor15100_S" textname="test sensor 15100"/>
			<item id="15101" losttest="1" iotype="AI" name="Sensor15101_S" textname="test sensor 15101"/>
			<item id="15102" losttest="1" iotype="AI" name="Sensor15102_S" textname="test sensor 15102"/>
			<item id="15103" losttest="1" iotype="AI" name="Sensor15103_S" textname="test sensor 15103"/>
			<item id="15104" losttest="1" iotype="AI" name="Sensor15104_S" textname="test sensor 15104"/>
			<item id="15105" losttest="1" iotype="AI" name="Sensor15105_S" textname="test sensor 15105"/>
			<item id="15106" losttest="1" iotype="AI" name="Sensor15106_S" textname="test sensor 15106"/>
			<item id="15107" losttest="1" iotype="AI" name="Sensor15107_S" textname="test sensor 15107"/>
			<item id="15108" losttest="1" iotype="AI" name="Sensor15108_S" textname="test sensor 15108"/>
			<item id="15109" losttest="1" iotype="AI" name="Sensor15109_S" textname="test sensor 15109"/>
			<item id="15110" losttest="1" iotype="AI" name="Sensor15110_S" textname="test sensor 15110"/>
			<item id="15111" losttest="1" iotype="AI" name="Sensor15111_S" textname="test sensor 15111"/>
			<item id="15112" losttest="1" iotype="AI" name="Sensor15112_S" textname="test sensor 15112"/>
			<item id="15113" losttest="1" iotype="AI" name="Sensor15113_S" textname="test sensor 15113"/>
			<item id="15114" losttest="1" iotype="AI" name="Sensor15114_S" textname="test sensor 15114"/>
			<item id="15115" losttest="1" iotype="AI" name="Sensor15115_S" textname="test sensor 15115"/>
			<item id="15116" losttest="1" iotype="AI" name="Sensor15116_S" textname="test sensor 15116"/>
			<item id="15117" losttest="1" iotype="AI" name="Sensor15117_S" textname="test sensor 15117"/>
			<item id="15118" losttest="1" iotype="AI" name="Sensor15118_S" textname="test sensor 15118"/>
			<item id="15119" losttest="1" iotype="AI" name="Sensor15119_S" textname="test sensor 15119"/>
			<item id="15120" losttest="1" iotype="AI" name="Sensor15120_S" textname="test sensor 15120"/>
			<item id="15121" losttest="1" iotype="AI" name="Sensor15121_S" textname="test sensor 15121"/>
			<item id="15122" losttest="1" iotype="AI" name="Sensor15122_S" textname="test sensor 15122"/>
			<item id="15123" losttest="1" iotype="AI" name="Sensor15123_S" textname="test sensor 15123"/>
			<item id="15124" losttest="1" iotype="AI" name="Sensor15124_S" textname="test sensor 15124"/>
			<item id="15125" losttest="1" iotype="AI" name="Sensor15125_S" textname="test sensor 15125"/>
			<item id="15126" losttest="1" iotype="AI" name="Sensor15126_S" textname="test sensor 15126"/>
			<item id="15127" losttest="1" iotype="AI" name="Sensor15127_S" textname="test sensor 15127"/>
			<item id="15128" losttest="1" iotype="AI" name="Sensor15128_S" textname="test sensor 15128"/>
			<item id="15129" losttest="1" iotype="AI" name="Sensor15129_S" textname="test sensor 15129"/>
			<item id="15130" losttest="1" iotype="AI" name="Sensor15130_S" textname="test sensor 15130"/>
			<item id="15131" losttest="1" iotype="AI" name="Sensor15131_S" textname="test sensor 15131"/>
			<item id="15132" losttest="1" iotype="AI" name="Sensor15132_S" textname="test sensor 15132"/>
			<item id="15133" losttest="1" iotype="AI" name="Sensor15133_S" textname="test sensor 15133"/>
			<item id="15134" losttest="1" iotype="AI" name="Sensor15134_S" textname="test sensor 15134"/>
			<item id="15135" losttest="1" iotype="AI" name="Sensor15135_S" textname="test sensor 15135"/>
			<item id="15136" losttest="1" iotype="AI" name="Sensor15136_S" textname="test sensor 15136"/>
			<item id="15137" losttest="1" iotype="AI" name="Sensor15137_S" textname="test sensor 15137"/>
			<item id="15138" losttest="1" iotype="AI" name="Sensor15138_S" textname="test sensor 15138"/>
			<item id="15139" losttest="1" iotype="AI" name="Sensor15139_S" textname="test sensor 15139"/>
			<item id="15140" losttest="1" iotype="AI" name="Sensor15140_S" textname="test sensor 15140"/>
			<item id="15141" losttest="1" iotype="AI" name="Sensor15141_S" textname="test sensor 15141"/>
			<item id="15142" losttest="1" iotype="AI" name="Sensor15142_S" textname="test sensor 15142"/>
			<item id="15143" losttest="1" iotype="AI" name="Sensor15143_S" textname="test sensor 15143"/>
			<item id="15144" losttest="1" iotype="AI" name="Sensor15144_S" textname="test sensor 15144"/>
			<item id="15145" losttest="1" iotype="AI" name="Sensor15145_S" textname="test sensor 15145"/>
			<item id="15146" losttest="1" iotype="AI" name="Sensor15146_S" textname="test sensor 15146"/>
			<item id="15147" losttest="1" iotype="AI" name="Sensor15147_S" textname="test sensor 15147"/>
			<item id="15148" losttest="1" iotype="AI" name="Sensor15148_S" textname="test sensor 15148"/>
			<item id="15149" losttest="1" iotype="AI" name="Sensor15149_S" textname="test sensor 15149"/>
			<item id="15150" losttest="1" iotype="AI" name="Sensor15150_S" textname="test sensor 15150"/>
			<item id="15151" losttest="1" iotype="AI" name="Sensor15151_S" textname="test sensor 15151"/>
			<item id="15152" losttest="1" iotype="AI" name="Sensor15152_S" textname="test sensor 15152"/>
			<item id="15153" losttest="1" iotype="AI" name="Sensor15153_S" textname="test sensor 15153"/>
			<item id="15154" losttest="1" iotype="AI" name="Sensor15154_S" textname="test sensor 15154"/>
			<item id="15155" losttest="1" iotype="AI" name="Sensor15155_S" textname="test sensor 15155"/>
			<item id="15156" losttest="1" iotype="AI" name="Sensor15156_S" textname="test sensor 15156"/>
			<item id="15157" losttest="1" iotype="AI" name="Sensor15157_S" textname="test sensor 15157"/>
			<item id="15158" losttest="1" iotype="AI" name="Sensor15158_S" textname="test sensor 15158"/>
			<item id="15159" losttest="1" iotype="AI" name="Sensor15159_S" textname="test sensor 15159"/>
			<item id="15160" losttest="1" iotype="AI" name="Sensor15160_S" textname="test sensor 15160"/>
			<item id="15161" losttest="1" iotype="AI" name="Sensor15161_S" textname="test sensor 15161"/>
			<item id="15162" losttest="1" iotype="AI" name="Sensor15162_S" textname="test sensor 15162"/>
			<item id="15163" losttest="1" iotype="AI" name="Sensor15163_S" textname="test sensor 15163"/>
			<item id="15164" losttest="1" iotype="AI" name="Sensor15164_S" textname="test sensor 15164"/>
			<item id="15165" losttest="1" iotype="AI" name="Sensor15165_S" textname="test sensor 15165"/>
			<item id="15166" losttest="1" iotype="AI" name="Sensor15166_S" textname="test sensor 15166"/>
			<item id="15167" losttest="1" iotype="AI" name="Sensor15167_S" textname="test sensor 15167"/>
			<item id="15168" losttest="1" iotype="AI" name="Sensor15168_S" textname="test sensor 15168"/>
			<item id="15169" losttest="1" iotype="AI" name="Sensor15169_S" textname="test sensor 15169"/>
			<item id="15170" losttest="1" iotype="AI" name="Sensor15170_S" textname="test sensor 15170"/>
			<item id="15171" losttest="1" iotype="AI" name="Sensor15171_S" textname="test sensor 15171"/>
			<item id="15172" losttest="1" iotype="AI" name="Sensor15172_S" textname="test sensor 15172"/>
			<item id="15173" losttest="1" iotype="AI" name="Sensor15173_S" textname="test sensor 15173"/>
			<item id="15174" losttest="1" iotype="AI" name="Sensor15174_S" textname="test sensor 15174"/>
			<item id="15175" losttest="1" iotype="AI" name="Sensor15175_S" textname="test sensor 15175"/>
			<item id="15176" losttest="1" iotype="AI" name="Sensor15176_S" textname="test sensor 15176"/>
			<item id="15177" losttest="1" iotype="AI" name="Sensor15177_S" textname="test sensor 15177"/>
			<item id="15178" losttest="1" iotype="AI" name="Sensor15178_S" textname="test sensor 15178"/>
			<item id="15179" losttest="1" iotype="AI" name="Sensor15179_S" textname="test sensor 15179"/>
			<item id="15180" losttest="1" iotype="AI" name="Sensor15180_S" textname="test sensor 15180"/>
			<item id="15181" losttest="1" iotype="AI" name="Sensor15181_S" textname="test sensor 15181"/>
			<item id="15182" losttest="1" iotype="AI" name="Sensor15182_S" textname="test sensor 15182"/>
			<item id="15183" losttest="1" iotype="AI" name="Sensor15183_S" textname="test sensor 15183"/>
			<item id="15184" losttest="1" iotype="AI" name="Sensor15184_S" textname="test sensor 15184"/>
			<item id="15185" losttest="1" iotype="AI" name="Sensor15185_S" textname="test sensor 15185"/>
			<item id="15186" losttest="1" iotype="AI" name="Sensor15186_S" textname="test sensor 15186"/>
			<item id="15187" losttest="1" iotype="AI" name="Sensor15187_S" textname="test sensor 15187"/>
			<item id="15188" losttest="1" iotype="AI" name="Sensor15188_S" textname="test sensor 15188"/>
			<item id="15189" losttest="1" iotype="AI" name="Sensor15189_S" textname="test sensor 15189"/>
			<item id="15190" losttest="1" iotype="AI" name="Sensor15190_S" textname="test sensor 15190"/>
			<item id="15191" losttest="1" iotype="AI" name="Sensor15191_S" textname="test sensor 15191"/>
			<item id="15192" losttest="1" iotype="AI" name="Sensor15192_S" textname="test sensor 15192"/>
			<item id="15193" losttest="1" iotype="AI" name="Sensor15193_S" textname="test sensor 15193"/>
			<item id="15194" losttest="1" iotype="AI" name="Sensor15194_S" textname="test sensor 15194"/>
			<item id="15195" losttest="1" iotype="AI" name="Sensor15195_S" textname="test sensor 15195"/>
			<item id="15196" losttest="1" iotype="AI" name="Sensor15196_S" textname="test sensor 15196"/>
			<item id="15197" losttest="1" iotype="AI" name="Sensor15197_S" textname="test sensor 15197"/>
			<item id="15198" losttest="1" iotype="AI" name="Sensor15198_S" textname="test sensor 15198"/>
			<item id="15199" losttest="1" iotype="AI" name="Sensor15199_S" textname="test sensor 15199"/>
			<item id="15200" losttest="1" iotype="AI" name="Sensor15200_S" textname="test sensor 15200"/>
			<item id="15201" losttest="1" iotype="AI" name="Sensor15201_S" textname="test sensor 15201"/>
			<item id="15202" losttest="1" iotype="AI" name="Sensor15202_S" textname="test sensor 15202"/>
			<item id="15203" losttest="1" iotype="AI" name="Sensor15203_S" textname="test sensor 15203"/>
			<item id="15204" losttest="1" iotype="AI" name="Sensor15204_S" textname="test sensor 15204"/>
			<item id="15205" losttest="1" iotype="AI" name="Sensor15205_S" textname="test sensor 15205"/>
			<item id="15206" losttest="1" iotype="AI" name="Sensor15206_S" textname="test sensor 15206"/>
			<item id="15207" losttest="1" iotype="AI" name="Sensor15207_S" textname="test sensor 15207"/>
			<item id="15208" losttest="1" iotype="AI" name="Sensor15208_S" textname="test sensor 15208"/>
			<item id="15209" losttest="1" iotype="AI" name="Sensor15209_S" textname="test sensor 15209"/>
			<item id="15210" losttest="1" iotype="AI" name="Sensor15210_S" textname="test sensor 15210"/>
			<item id="15211" losttest="1" iotype="AI" name="Sensor15211_S" textname="test sensor 15211"/>
			<item id="15212" losttest="1" iotype="AI" name="Sensor15212_S" textname="test sensor 15212"/>
			<item id="15213" losttest="1" iotype="AI" name="Sensor15213_S" textname="test sensor 15213"/>
			<item id="15214" losttest="1" iotype="AI" name="Sensor15214_S" textname="test sensor 15214"/>
			<item id="15215" losttest="1" iotype="AI" name="Sensor15215_S" textname="test sensor 15215"/>
			<item id="15216" losttest="1" iotype="AI" name="Sensor15216_S" textname="test sensor 15216"/>
			<item id="15217" losttest="1" iotype="AI" name="Sensor15217_S" textname="test sensor 15217"/>
			<item id="15218" losttest="1" iotype="AI" name="Sensor15218_S" textname="test sensor 15218"/>
			<item id="15219" losttest="1" iotype="AI" name="Sensor15219_S" textname="test sensor 15219"/>
			<item id="15220" losttest="1" iotype="AI" name="Sensor15220_S" textname="test sensor 15220"/>
			<item id="15221" losttest="1" iotype="AI" name="Sensor15221_S" textname="test sensor 15221"/>
			<item id="15222" losttest="1" iotype="AI" name="Sensor15222_S" textname="test sensor 15222"/>
			<item id="15223" losttest="1" iotype="AI" name="Sensor15223_S" textname="test sensor 15223"/>
			<item id="15224" losttest="1" iotype="AI" name="Sensor15224_S" textname="test sensor 15224"/>
			<item id="15225" losttest="1" iotype="AI" name="Sensor15225_S" textname="test sensor 15225"/>
			<item id="15226" losttest="1" iotype="AI" name="Sensor15226_S" textname="test sensor 15226"/>
			<item id="15227" losttest="1" iotype="AI" name="Sensor15227_S" textname="test sensor 15227"/>
			<item id="15228" losttest="1" iotype="AI" name="Sensor15228_S" textname="test sensor 15228"/>
			<item id="15229" losttest="1" iotype="AI" name="Sensor15229_S" textname="test sensor 15229"/>
			<item id="15230" losttest="1" iotype="AI" name="Sensor15230_S" textname="test sensor 15230"/>
			<item id="15231" losttest="1" iotype="AI" name="Sensor15231_S" textname="test sensor 15231"/>
			<item id="15232" losttest="1" iotype="AI" name="Sensor15232_S" textname="test sensor 15232"/>
			<item id="15233" losttest="1" iotype="AI" name="Sensor15233_S" textname="test sensor 15233"/>
			<item id="15234" losttest="1" iotype="AI" name="Sensor15234_S" textname="test sensor 15234"/>
			<item id="15235" losttest="1" iotype="AI" name="Sensor15235_S" textname="test sensor 15235"/>
			<item id="15236" losttest="1" iotype="AI" name="Sensor15236_S" textname="test sensor 15236"/>
			<item id="15237" losttest="1" iotype="AI" name="Sensor15237_S" textname="test sensor 15237"/>
			<item id="15238" losttest="1" iotype="AI" name="Sensor15238_S" textname="test sensor 15238"/>
			<item id="15239" losttest="1" iotype="AI" name="Sensor15239_S" textname="test sensor 15239"/>
			<item id="15240" losttest="1" iotype="AI" name="Sensor15240_S" textname="test sensor 15240"/>
			<item id="15241" losttest="1" iotype="AI" name="Sensor15241_S" textname="test sensor 15241"/>
			<item id="15242" losttest="1" iotype="AI" name="Sensor15242_S" textname="test sensor 15242"/>
			<item id="15243" losttest="1" iotype="AI" name="Sensor15243_S" textname="test sensor 15243"/>
			<item id="15244" losttest="1" iotype="AI" name="Sensor15244_S" textname="test sensor 15244"/>
			<item id="15245" losttest="1" iotype="AI" name="Sensor15245_S" textname="test sensor 15245"/>
			<item id="15246" losttest="1" iotype="AI" name="Sensor15246_S" textname="test sensor 15246"/>
			<item id="15247" losttest="1" iotype="AI" name="Sensor15247_S" textname="test sensor 15247"/>
			<item id="15248" losttest="1" iotype="AI" name="Sensor15248_S" textname="test sensor 15248"/>
			<item id="15249" losttest="1" iotype="AI" name="Sensor15249_S" textname="test sensor 15249"/>
			<item id="15250" losttest="1" iotype="AI" name="Sensor15250_S" textname="test sensor 15250"/>
			<item id="15251" losttest="1" iotype="AI" name="Sensor15251_S" textname="test sensor 15251"/>
			<item id="15252" losttest="1" iotype="AI" name="Sensor15252_S" textname="test sensor 15252"/>
			<item id="15253" losttest="1" iotype="AI" name="Sensor15253_S" textname="test sensor 15253"/>
			<item id="15254" losttest="1" iotype="AI" name="Sensor15254_S" textname="test sensor 15254"/>
			<item id="15255" losttest="1" iotype="AI" name="Sensor15255_S" textname="test sensor 15255"/>
			<item id="15256" losttest="1" iotype="AI" name="Sensor15256_S" textname="test sensor 15256"/>
			<item id="15257" losttest="1" iotype="AI" name="Sensor15257_S" textname="test sensor 15257"/>
			<item id="15258" losttest="1" iotype="AI" name="Sensor15258_S" textname="test sensor 15258"/>
			<item id="15259" losttest="1" iotype="AI" name="Sensor15259_S" textname="test sensor 15259"/>
			<item id="15260" losttest="1" iotype="AI" name="Sensor15260_S" textname="test sensor 15260"/>
			<item id="15261" losttest="1" iotype="AI" name="Sensor15261_S" textname="test sensor 15261"/>
			<item id="15262" losttest="1" iotype="AI" name="Sensor15262_S" textname="test sensor 15262"/>
			<item id="15263" losttest="1" iotype="AI" name="Sensor15263_S" textname="test sensor 15263"/>
			<item id="15264" losttest="1" iotype="AI" name="Sensor15264_S" textname="test sensor 15264"/>
			<item id="15265" losttest="1" iotype="AI" name="Sensor15265_S" textname="test sensor 15265"/>
			<item id="15266" losttest="1" iotype="AI" name="Sensor15266_S" textname="test sensor 15266"/>
			<item id="15267" losttest="1" iotype="AI" name="Sensor15267_S" textname="test sensor 15267"/>
			<item id="15268" losttest="1" iotype="AI" name="Sensor15268_S" textname="test sensor 15268"/>
			<item id="15269" losttest="1" iotype="AI" name="Sensor15269_S" textname="test sensor 15269"/>
			<item id="15270" losttest="1" iotype="AI" name="Sensor15270_S" textname="test sensor 15270"/>
			<item id="15271" losttest="1" iotype="AI" name="Sensor15271_S" textname="test sensor 15271"/>
			<item id="15272" losttest="1" iotype="AI" name="Sensor15272_S" textname="test sensor 15272"/>
			<item id="15273" losttest="1" iotype="AI" name="Sensor15273_S" textname="test sensor 15273"/>
			<item id="15274" losttest="1" iotype="AI" name="Sensor15274_S" textname="test sensor 15274"/>
			<item id="15275" losttest="1" iotype="AI" name="Sensor15275_S" textname="test sensor 15275"/>
			<item id="15276" losttest="1" iotype="AI" name="Sensor15276_S" textname="test sensor 15276"/>
			<item id="15277" losttest="1" iotype="AI" name="Sensor15277_S" textname="test sensor 15277"/>
			<item id="15278" losttest="1" iotype="AI" name="Sensor15278_S" textname="test sensor 15278"/>
			<item id="15279" losttest="1" iotype="AI" name="Sensor15279_S" textname="test sensor 15279"/>
			<item id="15280" losttest="1" iotype="AI" name="Sensor15280_S" textname="test sensor 15280"/>
			<item id="15281" losttest="1" iotype="AI" name="Sensor15281_S" textname="test sensor 15281"/>
			<item id="15282" losttest="1" iotype="AI" name="Sensor15282_S" textname="test sensor 15282"/>
			<item id="15283" losttest="1" iotype="AI" name="Sensor15283_S" textname="test sensor 15283"/>
			<item id="15284" losttest="1" iotype="AI" name="Sensor15284_S" textname="test sensor 15284"/>
			<item id="15285" losttest="1" iotype="AI" name="Sensor15285_S" textname="test sensor 15285"/>
			<item id="15286" losttest="1" iotype="AI" name="Sensor15286_S" textname="test sensor 15286"/>
			<item id="15287" losttest="1" iotype="AI" name="Sensor15287_S" textname="test sensor 15287"/>
			<item id="15288" losttest="1" iotype="AI" name="Sensor15288_S" textname="test sensor 15288"/>
			<item id="15289" losttest="1" iotype="AI" name="Sensor15289_S" textname="test sensor 15289"/>
			<item id="15290" losttest="1" iotype="AI" name="Sensor15290_S" textname="test sensor 15290"/>
			<item id="15291" losttest="1" iotype="AI" name="Sensor15291_S" textname="test sensor 15291"/>
			<item id="15292" losttest="1" iotype="AI" name="Sensor15292_S" textname="test sensor 15292"/>
			<item id="15293" losttest="1" iotype="AI" name="Sensor15293_S" textname="test sensor 15293"/>
			<item id="15294" losttest="1" iotype="AI" name="Sensor15294_S" textname="test sensor 15294"/>
			<item id="15295" losttest="1" iotype="AI" name="Sensor15295_S" textname="test sensor 15295"/>
			<item id="15296" losttest="1" iotype="AI" name="Sensor15296_S" textname="test sensor 15296"/>
			<item id="15297" losttest="1" iotype="AI" name="Sensor15297_S" textname="test sensor 15297"/>
			<item id="15298" losttest="1" iotype="AI" name="Sensor15298_S" textname="test sensor 15298"/>
			<item id="15299" losttest="1" iotype="AI" name="Sensor15299_S" textname="test sensor 15299"/>
			<item id="15300" losttest="1" iotype="AI" name="Sensor15300_S" textname="test sensor 15300"/>
			<item id="15301" losttest="1" iotype="AI" name="Sensor15301_S" textname="test sensor 15301"/>
			<item id="15302" losttest="1" iotype="AI" name="Sensor15302_S" textname="test sensor 15302"/>
			<item id="15303" losttest="1" iotype="AI" name="Sensor15303_S" textname="test sensor 15303"/>
			<item id="15304" losttest="1" iotype="AI" name="Sensor15304_S" textname="test sensor 15304"/>
			<item id="15305" losttest="1" iotype="AI" name="Sensor15305_S" textname="test sensor 15305"/>
			<item id="15306" losttest="1" iotype="AI" name="Sensor15306_S" textname="test sensor 15306"/>
			<item id="15307" losttest="1" iotype="AI" name="Sensor15307_S" textname="test sensor 15307"/>
			<item id="15308" losttest="1" iotype="AI" name="Sensor15308_S" textname="test sensor 15308"/>
			<item id="15309" losttest="1" iotype="AI" name="Sensor15309_S" textname="test sensor 15309"/>
			<item id="15310" losttest="1" iotype="AI" name="Sensor15310_S" textname="test sensor 15310"/>
			<item id="15311" losttest="1" iotype="AI" name="Sensor15311_S" textname="test sensor 15311"/>
			<item id="15312" losttest="1" iotype="AI" name="Sensor15312_S" textname="test sensor 15312"/>
			<item id="15313" losttest="1" iotype="AI" name="Sensor15313_S" textname="test sensor 15313"/>
			<item id="15314" losttest="1" iotype="AI" name="Sensor15314_S" textname="test sensor 15314"/>
			<item id="15315" losttest="1" iotype="AI" name="Sensor15315_S" textname="test sensor 15315"/>
			<item id="15316" losttest="1" iotype="AI" name="Sensor15316_S" textname="test sensor 15316"/>
			<item id="15317" losttest="1" iotype="AI" name="Sensor15317_S" textname="test sensor 15317"/>
			<item id="15318" losttest="1" iotype="AI" name="Sensor15318_S" textname="test sensor 15318"/>
			<item id="15319" losttest="1" iotype="AI" name="Sensor15319_S" textname="test sensor 15319"/>
			<item id="15320" losttest="1" iotype="AI" name="Sensor15320_S" textname="test sensor 15320"/>
			<item id="15321" losttest="1" iotype="AI" name="Sensor15321_S" textname="test sensor 15321"/>
			<item id="15322" losttest="1" iotype="AI" name="Sensor15322_S" textname="test sensor 15322"/>
			<item id="15323" losttest="1" iotype="AI" name="Sensor15323_S" textname="test sensor 15323"/>
			<item id="15324" losttest="1" iotype="AI" name="Sensor15324_S" textname="test sensor 15324"/>
			<item id="15325" losttest="1" iotype="AI" name="Sensor15325_S" textname="test sensor 15325"/>
			<item id="15326" losttest="1" iotype="AI" name="Sensor15326_S" textname="test sensor 15326"/>
			<item id="15327" losttest="1" iotype="AI" name="Sensor15327_S" textname="test sensor 15327"/>
			<item id="15328" losttest="1" iotype="AI" name="Sensor15328_S" textname="test sensor 15328"/>
			<item id="15329" losttest="1" iotype="AI" name="Sensor15329_S" textname="test sensor 15329"/>
			<item id="15330" losttest="1" iotype="AI" name="Sensor15330_S" textname="test sensor 15330"/>
			<item id="15331" losttest="1" iotype="AI" name="Sensor15331_S" textname="test sensor 15331"/>
			<item id="15332" losttest="1" iotype="AI" name="Sensor15332_S" textname="test sensor 15332"/>
			<item id="15333" losttest="1" iotype="AI" name="Sensor15333_S" textname="test sensor 15333"/>
			<item id="15334" losttest="1" iotype="AI" name="Sensor15334_S" textname="test sensor 15334"/>
			<item id="15335" losttest="1" iotype="AI" name="Sensor15335_S" textname="test sensor 15335"/>
			<item id="15336" losttest="1" iotype="AI" name="Sensor15336_S" textname="test sensor 15336"/>
			<item id="15337" losttest="1" iotype="AI" name="Sensor15337_S" textname="test sensor 15337"/>
			<item id="15338" losttest="1" iotype="AI" name="Sensor15338_S" textname="test sensor 15338"/>
			<item id="15339" losttest="1" iotype="AI" name="Sensor15339_S" textname="test sensor 15339"/>
			<item id="15340" losttest="1" iotype="AI" name="Sensor15340_S" textname="test sensor 15340"/>
			<item id="15341" losttest="1" iotype="AI" name="Sensor15341_S" textname="test sensor 15341"/>
			<item id="15342" losttest="1" iotype="AI" name="Sensor15342_S" textname="test sensor 15342"/>
			<item id="15343" losttest="1" iotype="AI" name="Sensor15343_S" textname="test sensor 15343"/>
			<item id="15344" losttest="1" iotype="AI" name="Sensor15344_S" textname="test sensor 15344"/>
			<item id="15345" losttest="1" iotype="AI" name="Sensor15345_S" textname="test sensor 15345"/>
			<item id="15346" losttest="1" iotype="AI" name="Sensor15346_S" textname="test sensor 15346"/>
			<item id="15347" losttest="1" iotype="AI" name="Sensor15347_S" textname="test sensor 15347"/>
			<item id="15348" losttest="1" iotype="AI" name="Sensor15348_S" textname="test sensor 15348"/>
			<item id="15349" losttest="1" iotype="AI" name="Sensor15349_S" textname="test sensor 15349"/>
			<item id="15350" losttest="1" iotype="AI" name="Sensor15350_S" textname="test sensor 15350"/>
			<item id="15351" losttest="1" iotype="AI" name="Sensor15351_S" textname="test sensor 15351"/>
			<item id="15352" losttest="1" iotype="AI" name="Sensor15352_S" textname="test sensor 15352"/>
			<item id="15353" losttest="1" iotype="AI" name="Sensor15353_S" textname="test sensor 15353"/>
			<item id="15354" losttest="1" iotype="AI" name="Sensor15354_S" textname="test sensor 15354"/>
			<item id="15355" losttest="1" iotype="AI" name="Sensor15355_S" textname="test sensor 15355"/>
			<item id="15356" losttest="1" iotype="AI" name="Sensor15356_S" textname="test sensor 15356"/>
			<item id="15357" losttest="1" iotype="AI" name="Sensor15357_S" textname="test sensor 15357"/>
			<item id="15358" losttest="1" iotype="AI" name="Sensor15358_S" textname="test sensor 15358"/>
			<item id="15359" losttest="1" iotype="AI" name="Sensor15359_S" textname="test sensor 15359"/>
			<item id="15360" losttest="1" iotype="AI" name="Sensor15360_S" textname="test sensor 15360"/>
			<item id="15361" losttest="1" iotype="AI" name="Sensor15361_S" textname="test sensor 15361"/>
			<item id="15362" losttest="1" iotype="AI" name="Sensor15362_S" textname="test sensor 15362"/>
			<item id="15363" losttest="1" iotype="AI" name="Sensor15363_S" textname="test sensor 15363"/>
			<item id="15364" losttest="1" iotype="AI" name="Sensor15364_S" textname="test sensor 15364"/>
			<item id="15365" losttest="1" iotype="AI" name="Sensor15365_S" textname="test sensor 15365"/>
			<item id="15366" losttest="1" iotype="AI" name="Sensor15366_S" textname="test sensor 15366"/>
			<item id="15367" losttest="1" iotype="AI" name="Sensor15367_S" textname="test sensor 15367"/>
			<item id="15368" losttest="1" iotype="AI" name="Sensor15368_S" textname="test sensor 15368"/>
			<item id="15369" losttest="1" iotype="AI" name="Sensor15369_S" textname="test sensor 15369"/>
			<item id="15370" losttest="1" iotype="AI" name="Sensor15370_S" textname="test sensor 15370"/>
			<item id="15371" losttest="1" iotype="AI" name="Sensor15371_S" textname="test sensor 15371"/>
			<item id="15372" losttest="1" iotype="AI" name="Sensor15372_S" textname="test sensor 15372"/>
			<item id="15373" losttest="1" iotype="AI" name="Sensor15373_S" textname="test sensor 15373"/>
			<item id="15374" losttest="1" iotype="AI" name="Sensor15374_S" textname="test sensor 15374"/>
			<item id="15375" losttest="1" iotype="AI" name="Sensor15375_S" textname="test sensor 15375"/>
			<item id="15376" losttest="1" iotype="AI" name="Sensor15376_S" textname="test sensor 15376"/>
			<item id="15377" losttest="1" iotype="AI" name="Sensor15377_S" textname="test sensor 15377"/>
			<item id="15378" losttest="1" iotype="AI" name="Sensor15378_S" textname="test sensor 15378"/>
			<item id="15379" losttest="1" iotype="AI" name="Sensor15379_S" textname="test sensor 15379"/>
			<item id="15380" losttest="1" iotype="AI" name="Sensor15380_S" textname="test sensor 15380"/>
			<item id="15381" losttest="1" iotype="AI" name="Sensor15381_S" textname="test sensor 15381"/>
			<item id="15382" losttest="1" iotype="AI" name="Sensor15382_S" textname="test sensor 15382"/>
			<item id="15383" losttest="1" iotype="AI" name="Sensor15383_S" textname="test sensor 15383"/>
			<item id="15384" losttest="1" iotype="AI" name="Sensor15384_S" textname="test sensor 15384"/>
			<item id="15385" losttest="1" iotype="AI" name="Sensor15385_S" textname="test sensor 15385"/>
			<item id="15386" losttest="1" iotype="AI" name="Sensor15386_S" textname="test sensor 15386"/>
			<item id="15387" losttest="1" iotype="AI" name="Sensor15387_S" textname="test sensor 15387"/>
			<item id="15388" losttest="1" iotype="AI" name="Sensor15388_S" textname="test sensor 15388"/>
			<item id="15389" losttest="1" iotype="AI" name="Sensor15389_S" textname="test sensor 15389"/>
			<item id="15390" losttest="1" iotype="AI" name="Sensor15390_S" textname="test sensor 15390"/>
			<item id="15391" losttest="1" iotype="AI" name="Sensor15391_S" textname="test sensor 15391"/>
			<item id="15392" losttest="1" iotype="AI" name="Sensor15392_S" textname="test sensor 15392"/>
			<item id="15393" losttest="1" iotype="AI" name="Sensor15393_S" textname="test sensor 15393"/>
			<item id="15394" losttest="1" iotype="AI" name="Sensor15394_S" textname="test sensor 15394"/>
			<item id="15395" losttest="1" iotype="AI" name="Sensor15395_S" textname="test sensor 15395"/>
			<item id="15396" losttest="1" iotype="AI" name="Sensor15396_S" textname="test sensor 15396"/>
			<item id="15397" losttest="1" iotype="AI" name="Sensor15397_S" textname="test sensor 15397"/>
			<item id="15398" losttest="1" iotype="AI" name="Sensor15398_S" textname="test sensor 15398"/>
			<item id="15399" losttest="1" iotype="AI" name="Sensor15399_S" textname="test sensor 15399"/>
			<item id="15400" losttest="1" iotype="AI" name="Sensor15400_S" textname="test sensor 15400"/>
			<item id="15401" losttest="1" iotype="AI" name="Sensor15401_S" textname="test sensor 15401"/>
			<item id="15402" losttest="1" iotype="AI" name="Sensor15402_S" textname="test sensor 15402"/>
			<item id="15403" losttest="1" iotype="AI" name="Sensor15403_S" textname="test sensor 15403"/>
			<item id="15404" losttest="1" iotype="AI" name="Sensor15404_S" textname="test sensor 15404"/>
			<item id="15405" losttest="1" iotype="AI" name="Sensor15405_S" textname="test sensor 15405"/>
			<item id="15406" losttest="1" iotype="AI" name="Sensor15406_S" textname="test sensor 15406"/>
			<item id="15407" losttest="1" iotype="AI" name="Sensor15407_S" textname="test sensor 15407"/>
			<item id="15408" losttest="1" iotype="AI" name="Sensor15408_S" textname="test sensor 15408"/>
			<item id="15409" losttest="1" iotype="AI" name="Sensor15409_S" textname="test sensor 15409"/>
			<item id="15410" losttest="1" iotype="AI" name="Sensor15410_S" textname="test sensor 15410"/>
			<item id="15411" losttest="1" iotype="AI" name="Sensor15411_S" textname="test sensor 15411"/>
			<item id="15412" losttest="1" iotype="AI" name="Sensor15412_S" textname="test sensor 15412"/>
			<item id="15413" losttest="1" iotype="AI" name="Sensor15413_S" textname="test sensor 15413"/>
			<item id="15414" losttest="1" iotype="AI" name="Sensor15414_S" textname="test sensor 15414"/>
			<item id="15415" losttest="1" iotype="AI" name="Sensor15415_S" textname="test sensor 15415"/>
			<item id="15416" losttest="1" iotype="AI" name="Sensor15416_S" textname="test sensor 15416"/>
			<item id="15417" losttest="1" iotype="AI" name="Sensor15417_S" textname="test sensor 15417"/>
			<item id="15418" losttest="1" iotype="AI" name="Sensor15418_S" textname="test sensor 15418"/>
			<item id="15419" losttest="1" iotype="AI" name="Sensor15419_S" textname="test sensor 15419"/>
			<item id="15420" losttest="1" iotype="AI" name="Sensor15420_S" textname="test sensor 15420"/>
			<item id="15421" losttest="1" iotype="AI" name="Sensor15421_S" textname="test sensor 15421"/>
			<item id="15422" losttest="1" iotype="AI" name="Sensor15422_S" textname="test sensor 15422"/>
			<item id="15423" losttest="1" iotype="AI" name="Sensor15423_S" textname="test sensor 15423"/>
			<item id="15424" losttest="1" iotype="AI" name="Sensor15424_S" textname="test sensor 15424"/>
			<item id="15425" losttest="1" iotype="AI" name="Sensor15425_S" textname="test sensor 15425"/>
			<item id="15426" losttest="1" iotype="AI" name="Sensor15426_S" textname="test sensor 15426"/>
			<item id="15427" losttest="1" iotype="AI" name="Sensor15427_S" textname="test sensor 15427"/>
			<item id="15428" losttest="1" iotype="AI" name="Sensor15428_S" textname="test sensor 15428"/>
			<item id="15429" losttest="1" iotype="AI" name="Sensor15429_S" textname="test sensor 15429"/>
			<item id="15430" losttest="1" iotype="AI" name="Sensor15430_S" textname="test sensor 15430"/>
			<item id="15431" losttest="1" iotype="AI" name="Sensor15431_S" textname="test sensor 15431"/>
			<item id="15432" losttest="1" iotype="AI" name="Sensor15432_S" textname="test sensor 15432"/>
			<item id="15433" losttest="1" iotype="AI" name="Sensor15433_S" textname="test sensor 15433"/>
			<item id="15434" losttest="1" iotype="AI" name="Sensor15434_S" textname="test sensor 15434"/>
			<item id="15435" losttest="1" iotype="AI" name="Sensor15435_S" textname="test sensor 15435"/>
			<item id="15436" losttest="1" iotype="AI" name="Sensor15436_S" textname="test sensor 15436"/>
			<item id="15437" losttest="1" iotype="AI" name="Sensor15437_S" textname="test sensor 15437"/>
			<item id="15438" losttest="1" iotype="AI" name="Sensor15438_S" textname="test sensor 15438"/>
			<item id="15439" losttest="1" iotype="AI" name="Sensor15439_S" textname="test sensor 15439"/>
			<item id="15440" losttest="1" iotype="AI" name="Sensor15440_S" textname="test sensor 15440"/>
			<item id="15441" losttest="1" iotype="AI" name="Sensor15441_S" textname="test sensor 15441"/>
			<item id="15442" losttest="1" iotype="AI" name="Sensor15442_S" textname="test sensor 15442"/>
			<item id="15443" losttest="1" iotype="AI" name="Sensor15443_S" textname="test sensor 15443"/>
			<item id="15444" losttest="1" iotype="AI" name="Sensor15444_S" textname="test sensor 15444"/>
			<item id="15445" losttest="1" iotype="AI" name="Sensor15445_S" textname="test sensor 15445"/>
			<item id="15446" losttest="1" iotype="AI" name="Sensor15446_S" textname="test sensor 15446"/>
			<item id="15447" losttest="1" iotype="AI" name="Sensor15447_S" textname="test sensor 15447"/>
			<item id="15448" losttest="1" iotype="AI" name="Sensor15448_S" textname="test sensor 15448"/>
			<item id="15449" losttest="1" iotype="AI" name="Sensor15449_S" textname="test sensor 15449"/>
			<item id="15450" losttest="1" iotype="AI" name="Sensor15450_S" textname="test sensor 15450"/>
			<item id="15451" losttest="1" iotype="AI" name="Sensor15451_S" textname="test sensor 15451"/>
			<item id="15452" losttest="1" iotype="AI" name="Sensor15452_S" textname="test sensor 15452"/>
			<item id="15453" losttest="1" iotype="AI" name="Sensor15453_S" textname="test sensor 15453"/>
			<item id="15454" losttest="1" iotype="AI" name="Sensor15454_S" textname="test sensor 15454"/>
			<item id="15455" losttest="1" iotype="AI" name="Sensor15455_S" textname="test sensor 15455"/>
			<item id="15456" losttest="1" iotype="AI" name="Sensor15456_S" textname="test sensor 15456"/>
			<item id="15457" losttest="1" iotype="AI" name="Sensor15457_S" textname="test sensor 15457"/>
			<item id="15458" losttest="1" iotype="AI" name="Sensor15458_S" textname="test sensor 15458"/>
			<item id="15459" losttest="1" iotype="AI" name="Sensor15459_S" textname="test sensor 15459"/>
			<item id="15460" losttest="1" iotype="AI" name="Sensor15460_S" textname="test sensor 15460"/>
			<item id="15461" losttest="1" iotype="AI" name="Sensor15461_S" textname="test sensor 15461"/>
			<item id="15462" losttest="1" iotype="AI" name="Sensor15462_S" textname="test sensor 15462"/>
			<item id="15463" losttest="1" iotype="AI" name="Sensor15463_S" textname="test sensor 15463"/>
			<item id="15464" losttest="1" iotype="AI" name="Sensor15464_S" textname="test sensor 15464"/>
			<item id="15465" losttest="1" iotype="AI" name="Sensor15465_S" textname="test sensor 15465"/>
			<item id="15466" losttest="1" iotype="AI" name="Sensor15466_S" textname="test sensor 15466"/>
			<item id="15467" losttest="1" iotype="AI" name="Sensor15467_S" textname="test sensor 15467"/>
			<item id="15468" losttest="1" iotype="AI" name="Sensor15468_S" textname="test sensor 15468"/>
			<item id="15469" losttest="1" iotype="AI" name="Sensor15469_S" textname="test sensor 15469"/>
			<item id="15470" losttest="1" iotype="AI" name="Sensor15470_S" textname="test sensor 15470"/>
			<item id="15471" losttest="1" iotype="AI" name="Sensor15471_S" textname="test sensor 15471"/>
			<item id="15472" losttest="1" iotype="AI" name="Sensor15472_S" textname="test sensor 15472"/>
			<item id="15473" losttest="1" iotype="AI" name="Sensor15473_S" textname="test sensor 15473"/>
			<item id="15474" losttest="1" iotype="AI" name="Sensor15474_S" textname="test sensor 15474"/>
			<item id="15475" losttest="1" iotype="AI" name="Sensor15475_S" textname="test sensor 15475"/>
			<item id="15476" losttest="1" iotype="AI" name="Sensor15476_S" textname="test sensor 15476"/>
			<item id="15477" losttest="1" iotype="AI" name="Sensor15477_S" textname="test sensor 15477"/>
			<item id="15478" losttest="1" iotype="AI" name="Sensor15478_S" textname="test sensor 15478"/>
			<item id="15479" losttest="1" iotype="AI" name="Sensor15479_S" textname="test sensor 15479"/>
			<item id="15480" losttest="1" iotype="AI" name="Sensor15480_S" textname="test sensor 15480"/>
			<item id="15481" losttest="1" iotype="AI" name="Sensor15481_S" textname="test sensor 15481"/>
			<item id="15482" losttest="1" iotype="AI" name="Sensor15482_S" textname="test sensor 15482"/>
			<item id="15483" losttest="1" iotype="AI" name="Sensor15483_S" textname="test sensor 15483"/>
			<item id="15484" losttest="1" iotype="AI" name="Sensor15484_S" textname="test sensor 15484"/>
			<item id="15485" losttest="1" iotype="AI" name="Sensor15485_S" textname="test sensor 15485"/>
			<item id="15486" losttest="1" iotype="AI" name="Sensor15486_S" textname="test sensor 15486"/>
			<item id="15487" losttest="1" iotype="AI" name="Sensor15487_S" textname="test sensor 15487"/>
			<item id="15488" losttest="1" iotype="AI" name="Sensor15488_S" textname="test sensor 15488"/>
			<item id="15489" losttest="1" iotype="AI" name="Sensor15489_S" textname="test sensor 15489"/>
			<item id="15490" losttest="1" iotype="AI" name="Sensor15490_S" textname="test sensor 15490"/>
			<item id="15491" losttest="1" iotype="AI" name="Sensor15491_S" textname="test sensor 15491"/>
			<item id="15492" losttest="1" iotype="AI" name="Sensor15492_S" textname="test sensor 15492"/>
			<item id="15493" losttest="1" iotype="AI" name="Sensor15493_S" textname="test sensor 15493"/>
			<item id="15494" losttest="1" iotype="AI" name="Sensor15494_S" textname="test sensor 15494"/>
			<item id="15495" losttest="1" iotype="AI" name="Sensor15495_S" textname="test sensor 15495"/>
			<item id="15496" losttest="1" iotype="AI" name="Sensor15496_S" textname="test sensor 15496"/>
			<item id="15497" losttest="1" iotype="AI" name="Sensor15497_S" textname="test sensor 15497"/>
			<item id="15498" losttest="1" iotype="AI" name="Sensor15498_S" textname="test sensor 15498"/>
			<item id="15499" losttest="1" iotype="AI" name="Sensor15499_S" textname="test sensor 15499"/>
			<item id="15500" losttest="1" iotype="AI" name="Sensor15500_S" textname="test sensor 15500"/>
			<item id="15501" losttest="1" iotype="AI" name="Sensor15501_S" textname="test sensor 15501"/>
			<item id="15502" losttest="1" iotype="AI" name="Sensor15502_S" textname="test sensor 15502"/>
			<item id="15503" losttest="1" iotype="AI" name="Sensor15503_S" textname="test sensor 15503"/>
			<item id="15504" losttest="1" iotype="AI" name="Sensor15504_S" textname="test sensor 15504"/>
			<item id="15505" losttest="1" iotype="AI" name="Sensor15505_S" textname="test sensor 15505"/>
			<item id="15506" losttest="1" iotype="AI" name="Sensor15506_S" textname="test sensor 15506"/>
			<item id="15507" losttest="1" iotype="AI" name="Sensor15507_S" textname="test sensor 15507"/>
			<item id="15508" losttest="1" iotype="AI" name="Sensor15508_S" textname="test sensor 15508"/>
			<item id="15509" losttest="1" iotype="AI" name="Sensor15509_S" textname="test sensor 15509"/>
			<item id="15510" losttest="1" iotype="AI" name="Sensor15510_S" textname="test sensor 15510"/>
			<item id="15511" losttest="1" iotype="AI" name="Sensor15511_S" textname="test sensor 15511"/>
			<item id="15512" losttest="1" iotype="AI" name="Sensor15512_S" textname="test sensor 15512"/>
			<item id="15513" losttest="1" iotype="AI" name="Sensor15513_S" textname="test sensor 15513"/>
			<item id="15514" losttest="1" iotype="AI" name="Sensor15514_S" textname="test sensor 15514"/>
			<item id="15515" losttest="1" iotype="AI" name="Sensor15515_S" textname="test sensor 15515"/>
			<item id="15516" losttest="1" iotype="AI" name="Sensor15516_S" textname="test sensor 15516"/>
			<item id="15517" losttest="1" iotype="AI" name="Sensor15517_S" textname="test sensor 15517"/>
			<item id="15518" losttest="1" iotype="AI" name="Sensor15518_S" textname="test sensor 15518"/>
			<item id="15519" losttest="1" iotype="AI" name="Sensor15519_S" textname="test sensor 15519"/>
			<item id="15520" losttest="1" iotype="AI" name="Sensor15520_S" textname="test sensor 15520"/>
			<item id="15521" losttest="1" iotype="AI" name="Sensor15521_S" textname="test sensor 15521"/>
			<item id="15522" losttest="1" iotype="AI" name="Sensor15522_S" textname="test sensor 15522"/>
			<item id="15523" losttest="1" iotype="AI" name="Sensor15523_S" textname="test sensor 15523"/>
			<item id="15524" losttest="1" iotype="AI" name="Sensor15524_S" textname="test sensor 15524"/>
			<item id="15525" losttest="1" iotype="AI" name="Sensor15525_S" textname="test sensor 15525"/>
			<item id="15526" losttest="1" iotype="AI" name="Sensor15526_S" textname="test sensor 15526"/>
			<item id="15527" losttest="1" iotype="AI" name="Sensor15527_S" textname="test sensor 15527"/>
			<item id="15528" losttest="1" iotype="AI" name="Sensor15528_S" textname="test sensor 15528"/>
			<item id="15529" losttest="1" iotype="AI" name="Sensor15529_S" textname="test sensor 15529"/>
			<item id="15530" losttest="1" iotype="AI" name="Sensor15530_S" textname="test sensor 15530"/>
			<item id="15531" losttest="1" iotype="AI" name="Sensor15531_S" textname="test sensor 15531"/>
			<item id="15532" losttest="1" iotype="AI" name="Sensor15532_S" textname="test sensor 15532"/>
			<item id="15533" losttest="1" iotype="AI" name="Sensor15533_S" textname="test sensor 15533"/>
			<item id="15534" losttest="1" iotype="AI" name="Sensor15534_S" textname="test sensor 15534"/>
			<item id="15535" losttest="1" iotype="AI" name="Sensor15535_S" textname="test sensor 15535"/>
			<item id="15536" losttest="1" iotype="AI" name="Sensor15536_S" textname="test sensor 15536"/>
			<item id="15537" losttest="1" iotype="AI" name="Sensor15537_S" textname="test sensor 15537"/>
			<item id="15538" losttest="1" iotype="AI" name="Sensor15538_S" textname="test sensor 15538"/>
			<item id="15539" losttest="1" iotype="AI" name="Sensor15539_S" textname="test sensor 15539"/>
			<item id="15540" losttest="1" iotype="AI" name="Sensor15540_S" textname="test sensor 15540"/>
			<item id="15541" losttest="1" iotype="AI" name="Sensor15541_S" textname="test sensor 15541"/>
			<item id="15542" losttest="1" iotype="AI" name="Sensor15542_S" textname="test sensor 15542"/>
			<item id="15543" losttest="1" iotype="AI" name="Sensor15543_S" textname="test sensor 15543"/>
			<item id="15544" losttest="1" iotype="AI" name="Sensor15544_S" textname="test sensor 15544"/>
			<item id="15545" losttest="1" iotype="AI" name="Sensor15545_S" textname="test sensor 15545"/>
			<item id="15546" losttest="1" iotype="AI" name="Sensor15546_S" textname="test sensor 15546"/>
			<item id="15547" losttest="1" iotype="AI" name="Sensor15547_S" textname="test sensor 15547"/>
			<item id="15548" losttest="1" iotype="AI" name="Sensor15548_S" textname="test sensor 15548"/>
			<item id="15549" losttest="1" iotype="AI" name="Sensor15549_S" textname="test sensor 15549"/>
			<item id="15550" losttest="1" iotype="AI" name="Sensor15550_S" textname="test sensor 15550"/>
			<item id="15551" losttest="1" iotype="AI" name="Sensor15551_S" textname="test sensor 15551"/>
			<item id="15552" losttest="1" iotype="AI" name="Sensor15552_S" textname="test sensor 15552"/>
			<item id="15553" losttest="1" iotype="AI" name="Sensor15553_S" textname="test sensor 15553"/>
			<item id="15554" losttest="1" iotype="AI" name="Sensor15554_S" textname="test sensor 15554"/>
			<item id="15555" losttest="1" iotype="AI" name="Sensor15555_S" textname="test sensor 15555"/>
			<item id="15556" losttest="1" iotype="AI" name="Sensor15556_S" textname="test sensor 15556"/>
			<item id="15557" losttest="1" iotype="AI" name="Sensor15557_S" textname="test sensor 15557"/>
			<item id="15558" losttest="1" iotype="AI" name="Sensor15558_S" textname="test sensor 15558"/>
			<item id="15559" losttest="1" iotype="AI" name="Sensor15559_S" textname="test sensor 15559"/>
			<item id="15560" losttest="1" iotype="AI" name="Sensor15560_S" textname="test sensor 15560"/>
			<item id="15561" losttest="1" iotype="AI" name="Sensor15561_S" textname="test sensor 15561"/>
			<item id="15562" losttest="1" iotype="AI" name="Sensor15562_S" textname="test sensor 15562"/>
			<item id="15563" losttest="1" iotype="AI" name="Sensor15563_S" textname="test sensor 15563"/>
			<item id="15564" losttest="1" iotype="AI" name="Sensor15564_S" textname="test sensor 15564"/>
			<item id="15565" losttest="1" iotype="AI" name="Sensor15565_S" textname="test sensor 15565"/>
			<item id="15566" losttest="1" iotype="AI" name="Sensor15566_S" textname="test sensor 15566"/>
			<item id="15567" losttest="1" iotype="AI" name="Sensor15567_S" textname="test sensor 15567"/>
			<item id="15568" losttest="1" iotype="AI" name="Sensor15568_S" textname="test sensor 15568"/>
			<item id="15569" losttest="1" iotype="AI" name="Sensor15569_S" textname="test sensor 15569"/>
			<item id="15570" losttest="1" iotype="AI" name="Sensor15570_S" textname="test sensor 15570"/>
			<item id="15571" losttest="1" iotype="AI" name="Sensor15571_S" textname="test sensor 15571"/>
			<item id="15572" losttest="1" iotype="AI" name="Sensor15572_S" textname="test sensor 15572"/>
			<item id="15573" losttest="1" iotype="AI" name="Sensor15573_S" textname="test sensor 15573"/>
			<item id="15574" losttest="1" iotype="AI" name="Sensor15574_S" textname="test sensor 15574"/>
			<item id="15575" losttest="1" iotype="AI" name="Sensor15575_S" textname="test sensor 15575"/>
			<item id="15576" losttest="1" iotype="AI" name="Sensor15576_S" textname="test sensor 15576"/>
			<item id="15577" losttest="1" iotype="AI" name="Sensor15577_S" textname="test sensor 15577"/>
			<item id="15578" losttest="1" iotype="AI" name="Sensor15578_S" textname="test sensor 15578"/>
			<item id="15579" losttest="1" iotype="AI" name="Sensor15579_S" textname="test sensor 15579"/>
			<item id="15580" losttest="1" iotype="AI" name="Sensor15580_S" textname="test sensor 15580"/>
			<item id="15581" losttest="1" iotype="AI" name="Sensor15581_S" textname="test sensor 15581"/>
			<item id="15582" losttest="1" iotype="AI" name="Sensor15582_S" textname="test sensor 15582"/>
			<item id="15583" losttest="1" iotype="AI" name="Sensor15583_S" textname="test sensor 15583"/>
			<item id="15584" losttest="1" iotype="AI" name="Sensor15584_S" textname="test sensor 15584"/>
			<item id="15585" losttest="1" iotype="AI" name="Sensor15585_S" textname="test sensor 15585"/>
			<item id="15586" losttest="1" iotype="AI" name="Sensor15586_S" textname="test sensor 15586"/>
			<item id="15587" losttest="1" iotype="AI" name="Sensor15587_S" textname="test sensor 15587"/>
			<item id="15588" losttest="1" iotype="AI" name="Sensor15588_S" textname="test sensor 15588"/>
			<item id="15589" losttest="1" iotype="AI" name="Sensor15589_S" textname="test sensor 15589"/>
			<item id="15590" losttest="1" iotype="AI" name="Sensor15590_S" textname="test sensor 15590"/>
			<item id="15591" losttest="1" iotype="AI" name="Sensor15591_S" textname="test sensor 15591"/>
			<item id="15592" losttest="1" iotype="AI" name="Sensor15592_S" textname="test sensor 15592"/>
			<item id="15593" losttest="1" iotype="AI" name="Sensor15593_S" textname="test sensor 15593"/>
			<item id="15594" losttest="1" iotype="AI" name="Sensor15594_S" textname="test sensor 15594"/>
			<item id="15595" losttest="1" iotype="AI" name="Sensor15595_S" textname="test sensor 15595"/>
			<item id="15596" losttest="1" iotype="AI" name="Sensor15596_S" textname="test sensor 15596"/>
			<item id="15597" losttest="1" iotype="AI" name="Sensor15597_S" textname="test sensor 15597"/>
			<item id="15598" losttest="1" iotype="AI" name="Sensor15598_S" textname="test sensor 15598"/>
			<item id="15599" losttest="1" iotype="AI" name="Sensor15599_S" textname="test sensor 15599"/>
			<item id="15600" losttest="1" iotype="AI" name="Sensor15600_S" textname="test sensor 15600"/>
			<item id="15601" losttest="1" iotype="AI" name="Sensor15601_S" textname="test sensor 15601"/>
			<item id="15602" losttest="1" iotype="AI" name="Sensor15602_S" textname="test sensor 15602"/>
			<item id="15603" losttest="1" iotype="AI" name="Sensor15603_S" textname="test sensor 15603"/>
			<item id="15604" losttest="1" iotype="AI" name="Sensor15604_S" textname="test sensor 15604"/>
			<item id="15605" losttest="1" iotype="AI" name="Sensor15605_S" textname="test sensor 15605"/>
			<item id="15606" losttest="1" iotype="AI" name="Sensor15606_S" textname="test sensor 15606"/>
			<item id="15607" losttest="1" iotype="AI" name="Sensor15607_S" textname="test sensor 15607"/>
			<item id="15608" losttest="1" iotype="AI" name="Sensor15608_S" textname="test sensor 15608"/>
			<item id="15609" losttest="1" iotype="AI" name="Sensor15609_S" textname="test sensor 15609"/>
			<item id="15610" losttest="1" iotype="AI" name="Sensor15610_S" textname="test sensor 15610"/>
			<item id="15611" losttest="1" iotype="AI" name="Sensor15611_S" textname="test sensor 15611"/>
			<item id="15612" losttest="1" iotype="AI" name="Sensor15612_S" textname="test sensor 15612"/>
			<item id="15613" losttest="1" iotype="AI" name="Sensor15613_S" textname="test sensor 15613"/>
			<item id="15614" losttest="1" iotype="AI" name="Sensor15614_S" textname="test sensor 15614"/>
			<item id="15615" losttest="1" iotype="AI" name="Sensor15615_S" textname="test sensor 15615"/>
			<item id="15616" losttest="1" iotype="AI" name="Sensor15616_S" textname="test sensor 15616"/>
			<item id="15617" losttest="1" iotype="AI" name="Sensor15617_S" textname="test sensor 15617"/>
			<item id="15618" losttest="1" iotype="AI" name="Sensor15618_S" textname="test sensor 15618"/>
			<item id="15619" losttest="1" iotype="AI" name="Sensor15619_S" textname="test sensor 15619"/>
			<item id="15620" losttest="1" iotype="AI" name="Sensor15620_S" textname="test sensor 15620"/>
			<item id="15621" losttest="1" iotype="AI" name="Sensor15621_S" textname="test sensor 15621"/>
			<item id="15622" losttest="1" iotype="AI" name="Sensor15622_S" textname="test sensor 15622"/>
			<item id="15623" losttest="1" iotype="AI" name="Sensor15623_S" textname="test sensor 15623"/>
			<item id="15624" losttest="1" iotype="AI" name="Sensor15624_S" textname="test sensor 15624"/>
			<item id="15625" losttest="1" iotype="AI" name="Sensor15625_S" textname="test sensor 15625"/>
			<item id="15626" losttest="1" iotype="AI" name="Sensor15626_S" textname="test sensor 15626"/>
			<item id="15627" losttest="1" iotype="AI" name="Sensor15627_S" textname="test sensor 15627"/>
			<item id="15628" losttest="1" iotype="AI" name="Sensor15628_S" textname="test sensor 15628"/>
			<item id="15629" losttest="1" iotype="AI" name="Sensor15629_S" textname="test sensor 15629"/>
			<item id="15630" losttest="1" iotype="AI" name="Sensor15630_S" textname="test sensor 15630"/>
			<item id="15631" losttest="1" iotype="AI" name="Sensor15631_S" textname="test sensor 15631"/>
			<item id="15632" losttest="1" iotype="AI" name="Sensor15632_S" textname="test sensor 15632"/>
			<item id="15633" losttest="1" iotype="AI" name="Sensor15633_S" textname="test sensor 15633"/>
			<item id="15634" losttest="1" iotype="AI" name="Sensor15634_S" textname="test sensor 15634"/>
			<item id="15635" losttest="1" iotype="AI" name="Sensor15635_S" textname="test sensor 15635"/>
			<item id="15636" losttest="1" iotype="AI" name="Sensor15636_S" textname="test sensor 15636"/>
			<item id="15637" losttest="1" iotype="AI" name="Sensor15637_S" textname="test sensor 15637"/>
			<item id="15638" losttest="1" iotype="AI" name="Sensor15638_S" textname="test sensor 15638"/>
			<item id="15639" losttest="1" iotype="AI" name="Sensor15639_S" textname="test sensor 15639"/>
			<item id="15640" losttest="1" iotype="AI" name="Sensor15640_S" textname="test sensor 15640"/>
			<item id="15641" losttest="1" iotype="AI" name="Sensor15641_S" textname="test sensor 15641"/>
			<item id="15642" losttest="1" iotype="AI" name="Sensor15642_S" textname="test sensor 15642"/>
			<item id="15643" losttest="1" iotype="AI" name="Sensor15643_S" textname="test sensor 15643"/>
			<item id="15644" losttest="1" iotype="AI" name="Sensor15644_S" textname="test sensor 15644"/>
			<item id="15645" losttest="1" iotype="AI" name="Sensor15645_S" textname="test sensor 15645"/>
			<item id="15646" losttest="1" iotype="AI" name="Sensor15646_S" textname="test sensor 15646"/>
			<item id="15647" losttest="1" iotype="AI" name="Sensor15647_S" textname="test sensor 15647"/>
			<item id="15648" losttest="1" iotype="AI" name="Sensor15648_S" textname="test sensor 15648"/>
			<item id="15649" losttest="1" iotype="AI" name="Sensor15649_S" textname="test sensor 15649"/>
			<item id="15650" losttest="1" iotype="AI" name="Sensor15650_S" textname="test sensor 15650"/>
			<item id="15651" losttest="1" iotype="AI" name="Sensor15651_S" textname="test sensor 15651"/>
			<item id="15652" losttest="1" iotype="AI" name="Sensor15652_S" textname="test sensor 15652"/>
			<item id="15653" losttest="1" iotype="AI" name="Sensor15653_S" textname="test sensor 15653"/>
			<item id="15654" losttest="1" iotype="AI" name="Sensor15654_S" textname="test sensor 15654"/>
			<item id="15655" losttest="1" iotype="AI" name="Sensor15655_S" textname="test sensor 15655"/>
			<item id="15656" losttest="1" iotype="AI" name="Sensor15656_S" textname="test sensor 15656"/>
			<item id="15657" losttest="1" iotype="AI" name="Sensor15657_S" textname="test sensor 15657"/>
			<item id="15658" losttest="1" iotype="AI" name="Sensor15658_S" textname="test sensor 15658"/>
			<item id="15659" losttest="1" iotype="AI" name="Sensor15659_S" textname="test sensor 15659"/>
			<item id="15660" losttest="1" iotype="AI" name="Sensor15660_S" textname="test sensor 15660"/>
			<item id="15661" losttest="1" iotype="AI" name="Sensor15661_S" textname="test sensor 15661"/>
			<item id="15662" losttest="1" iotype="AI" name="Sensor15662_S" textname="test sensor 15662"/>
			<item id="15663" losttest="1" iotype="AI" name="Sensor15663_S" textname="test sensor 15663"/>
			<item id="15664" losttest="1" iotype="AI" name="Sensor15664_S" textname="test sensor 15664"/>
			<item id="15665" losttest="1" iotype="AI" name="Sensor15665_S" textname="test sensor 15665"/>
			<item id="15666" losttest="1" iotype="AI" name="Sensor15666_S" textname="test sensor 15666"/>
			<item id="15667" losttest="1" iotype="AI" name="Sensor15667_S" textname="test sensor 15667"/>
			<item id="15668" losttest="1" iotype="AI" name="Sensor15668_S" textname="test sensor 15668"/>
			<item id="15669" losttest="1" iotype="AI" name="Sensor15669_S" textname="test sensor 15669"/>
			<item id="15670" losttest="1" iotype="AI" name="Sensor15670_S" textname="test sensor 15670"/>
			<item id="15671" losttest="1" iotype="AI" name="Sensor15671_S" textname="test sensor 15671"/>
			<item id="15672" losttest="1" iotype="AI" name="Sensor15672_S" textname="test sensor 15672"/>
			<item id="15673" losttest="1" iotype="AI" name="Sensor15673_S" textname="test sensor 15673"/>
			<item id="15674" losttest="1" iotype="AI" name="Sensor15674_S" textname="test sensor 15674"/>
			<item id="15675" losttest="1" iotype="AI" name="Sensor15675_S" textname="test sensor 15675"/>
			<item id="15676" losttest="1" iotype="AI" name="Sensor15676_S" textname="test sensor 15676"/>
			<item id="15677" losttest="1" iotype="AI" name="Sensor15677_S" textname="test sensor 15677"/>
			<item id="15678" losttest="1" iotype="AI" name="Sensor15678_S" textname="test sensor 15678"/>
			<item id="15679" losttest="1" iotype="AI" name="Sensor15679_S" textname="test sensor 15679"/>
			<item id="15680" losttest="1" iotype="AI" name="Sensor15680_S" textname="test sensor 15680"/>
			<item id="15681" losttest="1" iotype="AI" name="Sensor15681_S" textname="test sensor 15681"/>
			<item id="15682" losttest="1" iotype="AI" name="Sensor15682_S" textname="test sensor 15682"/>
			<item id="15683" losttest="1" iotype="AI" name="Sensor15683_S" textname="test sensor 15683"/>
			<item id="15684" losttest="1" iotype="AI" name="Sensor15684_S" textname="test sensor 15684"/>
			<item id="15685" losttest="1" iotype="AI" name="Sensor15685_S" textname="test sensor 15685"/>
			<item id="15686" losttest="1" iotype="AI" name="Sensor15686_S" textname="test sensor 15686"/>
			<item id="15687" losttest="1" iotype="AI" name="Sensor15687_S" textname="test sensor 15687"/>
			<item id="15688" losttest="1" iotype="AI" name="Sensor15688_S" textname="test sensor 15688"/>
			<item id="15689" losttest="1" iotype="AI" name="Sensor15689_S" textname="test sensor 15689"/>
			<item id="15690" losttest="1" iotype="AI" name="Sensor15690_S" textname="test sensor 15690"/>
			<item id="15691" losttest="1" iotype="AI" name="Sensor15691_S" textname="test sensor 15691"/>
			<item id="15692" losttest="1" iotype="AI" name="Sensor15692_S" textname="test sensor 15692"/>
			<item id="15693" losttest="1" iotype="AI" name="Sensor15693_S" textname="test sensor 15693"/>
			<item id="15694" losttest="1" iotype="AI" name="Sensor15694_S" textname="test sensor 15694"/>
			<item id="15695" losttest="1" iotype="AI" name="Sensor15695_S" textname="test sensor 15695"/>
			<item id="15696" losttest="1" iotype="AI" name="Sensor15696_S" textname="test sensor 15696"/>
			<item id="15697" losttest="1" iotype="AI" name="Sensor15697_S" textname="test sensor 15697"/>
			<item id="15698" losttest="1" iotype="AI" name="Sensor15698_S" textname="test sensor 15698"/>
			<item id="15699" losttest="1" iotype="AI" name="Sensor15699_S" textname="test sensor 15699"/>
			<item id="15700" losttest="1" iotype="AI" name="Sensor15700_S" textname="test sensor 15700"/>
			<item id="15701" losttest="1" iotype="AI" name="Sensor15701_S" textname="test sensor 15701"/>
			<item id="15702" losttest="1" iotype="AI" name="Sensor15702_S" textname="test sensor 15702"/>
			<item id="15703" losttest="1" iotype="AI" name="Sensor15703_S" textname="test sensor 15703"/>
			<item id="15704" losttest="1" iotype="AI" name="Sensor15704_S" textname="test sensor 15704"/>
			<item id="15705" losttest="1" iotype="AI" name="Sensor15705_S" textname="test sensor 15705"/>
			<item id="15706" losttest="1" iotype="AI" name="Sensor15706_S" textname="test sensor 15706"/>
			<item id="15707" losttest="1" iotype="AI" name="Sensor15707_S" textname="test sensor 15707"/>
			<item id="15708" losttest="1" iotype="AI" name="Sensor15708_S" textname="test sensor 15708"/>
			<item id="15709" losttest="1" iotype="AI" name="Sensor15709_S" textname="test sensor 15709"/>
			<item id="15710" losttest="1" iotype="AI" name="Sensor15710_S" textname="test sensor 15710"/>
			<item id="15711" losttest="1" iotype="AI" name="Sensor15711_S" textname="test sensor 15711"/>
			<item id="15712" losttest="1" iotype="AI" name="Sensor15712_S" textname="test sensor 15712"/>
			<item id="15713" losttest="1" iotype="AI" name="Sensor15713_S" textname="test sensor 15713"/>
			<item id="15714" losttest="1" iotype="AI" name="Sensor15714_S" textname="test sensor 15714"/>
			<item id="15715" losttest="1" iotype="AI" name="Sensor15715_S" textname="test sensor 15715"/>
			<item id="15716" losttest="1" iotype="AI" name="Sensor15716_S" textname="test sensor 15716"/>
			<item id="15717" losttest="1" iotype="AI" name="Sensor15717_S" textname="test sensor 15717"/>
			<item id="15718" losttest="1" iotype="AI" name="Sensor15718_S" textname="test sensor 15718"/>
			<item id="15719" losttest="1" iotype="AI" name="Sensor15719_S" textname="test sensor 15719"/>
			<item id="15720" losttest="1" iotype="AI" name="Sensor15720_S" textname="test sensor 15720"/>
			<item id="15721" losttest="1" iotype="AI" name="Sensor15721_S" textname="test sensor 15721"/>
			<item id="15722" losttest="1" iotype="AI" name="Sensor15722_S" textname="test sensor 15722"/>
			<item id="15723" losttest="1" iotype="AI" name="Sensor15723_S" textname="test sensor 15723"/>
			<item id="15724" losttest="1" iotype="AI" name="Sensor15724_S" textname="test sensor 15724"/>
			<item id="15725" losttest="1" iotype="AI" name="Sensor15725_S" textname="test sensor 15725"/>
			<item id="15726" losttest="1" iotype="AI" name="Sensor15726_S" textname="test sensor 15726"/>
			<item id="15727" losttest="1" iotype="AI" name="Sensor15727_S" textname="test sensor 15727"/>
			<item id="15728" losttest="1" iotype="AI" name="Sensor15728_S" textname="test sensor 15728"/>
			<item id="15729" losttest="1" iotype="AI" name="Sensor15729_S" textname="test sensor 15729"/>
			<item id="15730" losttest="1" iotype="AI" name="Sensor15730_S" textname="test sensor 15730"/>
			<item id="15731" losttest="1" iotype="AI" name="Sensor15731_S" textname="test sensor 15731"/>
			<item id="15732" losttest="1" iotype="AI" name="Sensor15732_S" textname="test sensor 15732"/>
			<item id="15733" losttest="1" iotype="AI" name="Sensor15733_S" textname="test sensor 15733"/>
			<item id="15734" losttest="1" iotype="AI" name="Sensor15734_S" textname="test sensor 15734"/>
			<item id="15735" losttest="1" iotype="AI" name="Sensor15735_S" textname="test sensor 15735"/>
			<item id="15736" losttest="1" iotype="AI" name="Sensor15736_S" textname="test sensor 15736"/>
			<item id="15737" losttest="1" iotype="AI" name="Sensor15737_S" textname="test sensor 15737"/>
			<item id="15738" losttest="1" iotype="AI" name="Sensor15738_S" textname="test sensor 15738"/>
			<item id="15739" losttest="1" iotype="AI" name="Sensor15739_S" textname="test sensor 15739"/>
			<item id="15740" losttest="1" iotype="AI" name="Sensor15740_S" textname="test sensor 15740"/>
			<item id="15741" losttest="1" iotype="AI" name="Sensor15741_S" textname="test sensor 15741"/>
			<item id="15742" losttest="1" iotype="AI" name="Sensor15742_S" textname="test sensor 15742"/>
			<item id="15743" losttest="1" iotype="AI" name="Sensor15743_S" textname="test sensor 15743"/>
			<item id="15744" losttest="1" iotype="AI" name="Sensor15744_S" textname="test sensor 15744"/>
			<item id="15745" losttest="1" iotype="AI" name="Sensor15745_S" textname="test sensor 15745"/>
			<item id="15746" losttest="1" iotype="AI" name="Sensor15746_S" textname="test sensor 15746"/>
			<item id="15747" losttest="1" iotype="AI" name="Sensor15747_S" textname="test sensor 15747"/>
			<item id="15748" losttest="1" iotype="AI" name="Sensor15748_S" textname="test sensor 15748"/>
			<item id="15749" losttest="1" iotype="AI" name="Sensor15749_S" textname="test sensor 15749"/>
			<item id="15750" losttest="1" iotype="AI" name="Sensor15750_S" textname="test sensor 15750"/>
			<item id="15751" losttest="1" iotype="AI" name="Sensor15751_S" textname="test sensor 15751"/>
			<item id="15752" losttest="1" iotype="AI" name="Sensor15752_S" textname="test sensor 15752"/>
			<item id="15753" losttest="1" iotype="AI" name="Sensor15753_S" textname="test sensor 15753"/>
			<item id="15754" losttest="1" iotype="AI" name="Sensor15754_S" textname="test sensor 15754"/>
			<item id="15755" losttest="1" iotype="AI" name="Sensor15755_S" textname="test sensor 15755"/>
			<item id="15756" losttest="1" iotype="AI" name="Sensor15756_S" textname="test sensor 15756"/>
			<item id="15757" losttest="1" iotype="AI" name="Sensor15757_S" textname="test sensor 15757"/>
			<item id="15758" losttest="1" iotype="AI" name="Sensor15758_S" textname="test sensor 15758"/>
			<item id="15759" losttest="1" iotype="AI" name="Sensor15759_S" textname="test sensor 15759"/>
			<item id="15760" losttest="1" iotype="AI" name="Sensor15760_S" textname="test sensor 15760"/>
			<item id="15761" losttest="1" iotype="AI" name="Sensor15761_S" textname="test sensor 15761"/>
			<item id="15762" losttest="1" iotype="AI" name="Sensor15762_S" textname="test sensor 15762"/>
			<item id="15763" losttest="1" iotype="AI" name="Sensor15763_S" textname="test sensor 15763"/>
			<item id="15764" losttest="1" iotype="AI" name="Sensor15764_S" textname="test sensor 15764"/>
			<item id="15765" losttest="1" iotype="AI" name="Sensor15765_S" textname="test sensor 15765"/>
			<item id="15766" losttest="1" iotype="AI" name="Sensor15766_S" textname="test sensor 15766"/>
			<item id="15767" losttest="1" iotype="AI" name="Sensor15767_S" textname="test sensor 15767"/>
			<item id="15768" losttest="1" iotype="AI" name="Sensor15768_S" textname="test sensor 15768"/>
			<item id="15769" losttest="1" iotype="AI" name="Sensor15769_S" textname="test sensor 15769"/>
			<item id="15770" losttest="1" iotype="AI" name="Sensor15770_S" textname="test sensor 15770"/>
			<item id="15771" losttest="1" iotype="AI" name="Sensor15771_S" textname="test sensor 15771"/>
			<item id="15772" losttest="1" iotype="AI" name="Sensor15772_S" textname="test sensor 15772"/>
			<item id="15773" losttest="1" iotype="AI" name="Sensor15773_S" textname="test sensor 15773"/>
			<item id="15774" losttest="1" iotype="AI" name="Sensor15774_S" textname="test sensor 15774"/>
			<item id="15775" losttest="1" iotype="AI" name="Sensor15775_S" textname="test sensor 15775"/>
			<item id="15776" losttest="1" iotype="AI" name="Sensor15776_S" textname="test sensor 15776"/>
			<item id="15777" losttest="1" iotype="AI" name="Sensor15777_S" textname="test sensor 15777"/>
			<item id="15778" losttest="1" iotype="AI" name="Sensor15778_S" textname="test sensor 15778"/>
			<item id="15779" losttest="1" iotype="AI" name="Sensor15779_S" textname="test sensor 15779"/>
			<item id="15780" losttest="1" iotype="AI" name="Sensor15780_S" textname="test sensor 15780"/>
			<item id="15781" losttest="1" iotype="AI" name="Sensor15781_S" textname="test sensor 15781"/>
			<item id="15782" losttest="1" iotype="AI" name="Sensor15782_S" textname="test sensor 15782"/>
			<item id="15783" losttest="1" iotype="AI" name="Sensor15783_S" textname="test sensor 15783"/>
			<item id="15784" losttest="1" iotype="AI" name="Sensor15784_S" textname="test sensor 15784"/>
			<item id="15785" losttest="1" iotype="AI" name="Sensor15785_S" textname="test sensor 15785"/>
			<item id="15786" losttest="1" iotype="AI" name="Sensor15786_S" textname="test sensor 15786"/>
			<item id="15787" losttest="1" iotype="AI" name="Sensor15787_S" textname="test sensor 15787"/>
			<item id="15788" losttest="1" iotype="AI" name="Sensor15788_S" textname="test sensor 15788"/>
			<item id="15789" losttest="1" iotype="AI" name="Sensor15789_S" textname="test sensor 15789"/>
			<item id="15790" losttest="1" iotype="AI" name="Sensor15790_S" textname="test sensor 15790"/>
			<item id="15791" losttest="1" iotype="AI" name="Sensor15791_S" textname="test sensor 15791"/>
			<item id="15792" losttest="1" iotype="AI" name="Sensor15792_S" textname="test sensor 15792"/>
			<item id="15793" losttest="1" iotype="AI" name="Sensor15793_S" textname="test sensor 15793"/>
			<item id="15794" losttest="1" iotype="AI" name="Sensor15794_S" textname="test sensor 15794"/>
			<item id="15795" losttest="1" iotype="AI" name="Sensor15795_S" textname="test sensor 15795"/>
			<item id="15796" losttest="1" iotype="AI" name="Sensor15796_S" textname="test sensor 15796"/>
			<item id="15797" losttest="1" iotype="AI" name="Sensor15797_S" textname="test sensor 15797"/>
			<item id="15798" losttest="1" iotype="AI" name="Sensor15798_S" textname="test sensor 15798"/>
			<item id="15799" losttest="1" iotype="AI" name="Sensor15799_S" textname="test sensor 15799"/>
			<item id="15800" losttest="1" iotype="AI" name="Sensor15800_S" textname="test sensor 15800"/>
			<item id="15801" losttest="1" iotype="AI" name="Sensor15801_S" textname="test sensor 15801"/>
			<item id="15802" losttest="1" iotype="AI" name="Sensor15802_S" textname="test sensor 15802"/>
			<item id="15803" losttest="1" iotype="AI" name="Sensor15803_S" textname="test sensor 15803"/>
			<item id="15804" losttest="1" iotype="AI" name="Sensor15804_S" textname="test sensor 15804"/>
			<item id="15805" losttest="1" iotype="AI" name="Sensor15805_S" textname="test sensor 15805"/>
			<item id="15806" losttest="1" iotype="AI" name="Sensor15806_S" textname="test sensor 15806"/>
			<item id="15807" losttest="1" iotype="AI" name="Sensor15807_S" textname="test sensor 15807"/>
			<item id="15808" losttest="1" iotype="AI" name="Sensor15808_S" textname="test sensor 15808"/>
			<item id="15809" losttest="1" iotype="AI" name="Sensor15809_S" textname="test sensor 15809"/>
			<item id="15810" losttest="1" iotype="AI" name="Sensor15810_S" textname="test sensor 15810"/>
			<item id="15811" losttest="1" iotype="AI" name="Sensor15811_S" textname="test sensor 15811"/>
			<item id="15812" losttest="1" iotype="AI" name="Sensor15812_S" textname="test sensor 15812"/>
			<item id="15813" losttest="1" iotype="AI" name="Sensor15813_S" textname="test sensor 15813"/>
			<item id="15814" losttest="1" iotype="AI" name="Sensor15814_S" textname="test sensor 15814"/>
			<item id="15815" losttest="1" iotype="AI" name="Sensor15815_S" textname="test sensor 15815"/>
			<item id="15816" losttest="1" iotype="AI" name="Sensor15816_S" textname="test sensor 15816"/>
			<item id="15817" losttest="1" iotype="AI" name="Sensor15817_S" textname="test sensor 15817"/>
			<item id="15818" losttest="1" iotype="AI" name="Sensor15818_S" textname="test sensor 15818"/>
			<item id="15819" losttest="1" iotype="AI" name="Sensor15819_S" textname="test sensor 15819"/>
			<item id="15820" losttest="1" iotype="AI" name="Sensor15820_S" textname="test sensor 15820"/>
			<item id="15821" losttest="1" iotype="AI" name="Sensor15821_S" textname="test sensor 15821"/>
			<item id="15822" losttest="1" iotype="AI" name="Sensor15822_S" textname="test sensor 15822"/>
			<item id="15823" losttest="1" iotype="AI" name="Sensor15823_S" textname="test sensor 15823"/>
			<item id="15824" losttest="1" iotype="AI" name="Sensor15824_S" textname="test sensor 15824"/>
			<item id="15825" losttest="1" iotype="AI" name="Sensor15825_S" textname="test sensor 15825"/>
			<item id="15826" losttest="1" iotype="AI" name="Sensor15826_S" textname="test sensor 15826"/>
			<item id="15827" losttest="1" iotype="AI" name="Sensor15827_S" textname="test sensor 15827"/>
			<item id="15828" losttest="1" iotype="AI" name="Sensor15828_S" textname="test sensor 15828"/>
			<item id="15829" losttest="1" iotype="AI" name="Sensor15829_S" textname="test sensor 15829"/>
			<item id="15830" losttest="1" iotype="AI" name="Sensor15830_S" textname="test sensor 15830"/>
			<item id="15831" losttest="1" iotype="AI" name="Sensor15831_S" textname="test sensor 15831"/>
			<item id="15832" losttest="1" iotype="AI" name="Sensor15832_S" textname="test sensor 15832"/>
			<item id="15833" losttest="1" iotype="AI" name="Sensor15833_S" textname="test sensor 15833"/>
			<item id="15834" losttest="1" iotype="AI" name="Sensor15834_S" textname="test sensor 15834"/>
			<item id="15835" losttest="1" iotype="AI" name="Sensor15835_S" textname="test sensor 15835"/>
			<item id="15836" losttest="1" iotype="AI" name="Sensor15836_S" textname="test sensor 15836"/>
			<item id="15837" losttest="1" iotype="AI" name="Sensor15837_S" textname="test sensor 15837"/>
			<item id="15838" losttest="1" iotype="AI" name="Sensor15838_S" textname="test sensor 15838"/>
			<item id="15839" losttest="1" iotype="AI" name="Sensor15839_S" textname="test sensor 15839"/>
			<item id="15840" losttest="1" iotype="AI" name="Sensor15840_S" textname="test sensor 15840"/>
			<item id="15841" losttest="1" iotype="AI" name="Sensor15841_S" textname="test sensor 15841"/>
			<item id="15842" losttest="1" iotype="AI" name="Sensor15842_S" textname="test sensor 15842"/>
			<item id="15843" losttest="1" iotype="AI" name="Sensor15843_S" textname="test sensor 15843"/>
			<item id="15844" losttest="1" iotype="AI" name="Sensor15844_S" textname="test sensor 15844"/>
			<item id="15845" losttest="1" iotype="AI" name="Sensor15845_S" textname="test sensor 15845"/>
			<item id="15846" losttest="1" iotype="AI" name="Sensor15846_S" textname="test sensor 15846"/>
			<item id="15847" losttest="1" iotype="AI" name="Sensor15847_S" textname="test sensor 15847"/>
			<item id="15848" losttest="1" iotype="AI" name="Sensor15848_S" textname="test sensor 15848"/>
			<item id="15849" losttest="1" iotype="AI" name="Sensor15849_S" textname="test sensor 15849"/>
			<item id="15850" losttest="1" iotype="AI" name="Sensor15850_S" textname="test sensor 15850"/>
			<item id="15851" losttest="1" iotype="AI" name="Sensor15851_S" textname="test sensor 15851"/>
			<item id="15852" losttest="1" iotype="AI" name="Sensor15852_S" textname="test sensor 15852"/>
			<item id="15853" losttest="1" iotype="AI" name="Sensor15853_S" textname="test sensor 15853"/>
			<item id="15854" losttest="1" iotype="AI" name="Sensor15854_S" textname="test sensor 15854"/>
			<item id="15855" losttest="1" iotype="AI" name="Sensor15855_S" textname="test sensor 15855"/>
			<item id="15856" losttest="1" iotype="AI" name="Sensor15856_S" textname="test sensor 15856"/>
			<item id="15857" losttest="1" iotype="AI" name="Sensor15857_S" textname="test sensor 15857"/>
			<item id="15858" losttest="1" iotype="AI" name="Sensor15858_S" textname="test sensor 15858"/>
			<item id="15859" losttest="1" iotype="AI" name="Sensor15859_S" textname="test sensor 15859"/>
			<item id="15860" losttest="1" iotype="AI" name="Sensor15860_S" textname="test sensor 15860"/>
			<item id="15861" losttest="1" iotype="AI" name="Sensor15861_S" textname="test sensor 15861"/>
			<item id="15862" losttest="1" iotype="AI" name="Sensor15862_S" textname="test sensor 15862"/>
			<item id="15863" losttest="1" iotype="AI" name="Sensor15863_S" textname="test sensor 15863"/>
			<item id="15864" losttest="1" iotype="AI" name="Sensor15864_S" textname="test sensor 15864"/>
			<item id="15865" losttest="1" iotype="AI" name="Sensor15865_S" textname="test sensor 15865"/>
			<item id="15866" losttest="1" iotype="AI" name="Sensor15866_S" textname="test sensor 15866"/>
			<item id="15867" losttest="1" iotype="AI" name="Sensor15867_S" textname="test sensor 15867"/>
			<item id="15868" losttest="1" iotype="AI" name="Sensor15868_S" textname="test sensor 15868"/>
			<item id="15869" losttest="1" iotype="AI" name="Sensor15869_S" textname="test sensor 15869"/>
			<item id="15870" losttest="1" iotype="AI" name="Sensor15870_S" textname="test sensor 15870"/>
			<item id="15871" losttest="1" iotype="AI" name="Sensor15871_S" textname="test sensor 15871"/>
			<item id="15872" losttest="1" iotype="AI" name="Sensor15872_S" textname="test sensor 15872"/>
			<item id="15873" losttest="1" iotype="AI" name="Sensor15873_S" textname="test sensor 15873"/>
			<item id="15874" losttest="1" iotype="AI" name="Sensor15874_S" textname="test sensor 15874"/>
			<item id="15875" losttest="1" iotype="AI" name="Sensor15875_S" textname="test sensor 15875"/>
			<item id="15876" losttest="1" iotype="AI" name="Sensor15876_S" textname="test sensor 15876"/>
			<item id="15877" losttest="1" iotype="AI" name="Sensor15877_S" textname="test sensor 15877"/>
			<item id="15878" losttest="1" iotype="AI" name="Sensor15878_S" textname="test sensor 15878"/>
			<item id="15879" losttest="1" iotype="AI" name="Sensor15879_S" textname="test sensor 15879"/>
			<item id="15880" losttest="1" iotype="AI" name="Sensor15880_S" textname="test sensor 15880"/>
			<item id="15881" losttest="1" iotype="AI" name="Sensor15881_S" textname="test sensor 15881"/>
			<item id="15882" losttest="1" iotype="AI" name="Sensor15882_S" textname="test sensor 15882"/>
			<item id="15883" losttest="1" iotype="AI" name="Sensor15883_S" textname="test sensor 15883"/>
			<item id="15884" losttest="1" iotype="AI" name="Sensor15884_S" textname="test sensor 15884"/>
			<item id="15885" losttest="1" iotype="AI" name="Sensor15885_S" textname="test sensor 15885"/>
			<item id="15886" losttest="1" iotype="AI" name="Sensor15886_S" textname="test sensor 15886"/>
			<item id="15887" losttest="1" iotype="AI" name="Sensor15887_S" textname="test sensor 15887"/>
			<item id="15888" losttest="1" iotype="AI" name="Sensor15888_S" textname="test sensor 15888"/>
			<item id="15889" losttest="1" iotype="AI" name="Sensor15889_S" textname="test sensor 15889"/>
			<item id="15890" losttest="1" iotype="AI" name="Sensor15890_S" textname="test sensor 15890"/>
			<item id="15891" losttest="1" iotype="AI" name="Sensor15891_S" textname="test sensor 15891"/>
			<item id="15892" losttest="1" iotype="AI" name="Sensor15892_S" textname="test sensor 15892"/>
			<item id="15893" losttest="1" iotype="AI" name="Sensor15893_S" textname="test sensor 15893"/>
			<item id="15894" losttest="1" iotype="AI" name="Sensor15894_S" textname="test sensor 15894"/>
			<item id="15895" losttest="1" iotype="AI" name="Sensor15895_S" textname="test sensor 15895"/>
			<item id="15896" losttest="1" iotype="AI" name="Sensor15896_S" textname="test sensor 15896"/>
			<item id="15897" losttest="1" iotype="AI" name="Sensor15897_S" textname="test sensor 15897"/>
			<item id="15898" losttest="1" iotype="AI" name="Sensor15898_S" textname="test sensor 15898"/>
			<item id="15899" losttest="1" iotype="AI" name="Sensor15899_S" textname="test sensor 15899"/>
			<item id="15900" losttest="1" iotype="AI" name="Sensor15900_S" textname="test sensor 15900"/>
			<item id="15901" losttest="1" iotype="AI" name="Sensor15901_S" textname="test sensor 15901"/>
			<item id="15902" losttest="1" iotype="AI" name="Sensor15902_S" textname="test sensor 15902"/>
			<item id="15903" losttest="1" iotype="AI" name="Sensor15903_S" textname="test sensor 15903"/>
			<item id="15904" losttest="1" iotype="AI" name="Sensor15904_S" textname="test sensor 15904"/>
			<item id="15905" losttest="1" iotype="AI" name="Sensor15905_S" textname="test sensor 15905"/>
			<item id="15906" losttest="1" iotype="AI" name="Sensor15906_S" textname="test sensor 15906"/>
			<item id="15907" losttest="1" iotype="AI" name="Sensor15907_S" textname="test sensor 15907"/>
			<item id="15908" losttest="1" iotype="AI" name="Sensor15908_S" textname="test sensor 15908"/>
			<item id="15909" losttest="1" iotype="AI" name="Sensor15909_S" textname="test sensor 15909"/>
			<item id="15910" losttest="1" iotype="AI" name="Sensor15910_S" textname="test sensor 15910"/>
			<item id="15911" losttest="1" iotype="AI" name="Sensor15911_S" textname="test sensor 15911"/>
			<item id="15912" losttest="1" iotype="AI" name="Sensor15912_S" textname="test sensor 15912"/>
			<item id="15913" losttest="1" iotype="AI" name="Sensor15913_S" textname="test sensor 15913"/>
			<item id="15914" losttest="1" iotype="AI" name="Sensor15914_S" textname="test sensor 15914"/>
			<item id="15915" losttest="1" iotype="AI" name="Sensor15915_S" textname="test sensor 15915"/>
			<item id="15916" losttest="1" iotype="AI" name="Sensor15916_S" textname="test sensor 15916"/>
			<item id="15917" losttest="1" iotype="AI" name="Sensor15917_S" textname="test sensor 15917"/>
			<item id="15918" losttest="1" iotype="AI" name="Sensor15918_S" textname="test sensor 15918"/>
			<item id="15919" losttest="1" iotype="AI" name="Sensor15919_S" textname="test sensor 15919"/>
			<item id="15920" losttest="1" iotype="AI" name="Sensor15920_S" textname="test sensor 15920"/>
			<item id="15921" losttest="1" iotype="AI" name="Sensor15921_S" textname="test sensor 15921"/>
			<item id="15922" losttest="1" iotype="AI" name="Sensor15922_S" textname="test sensor 15922"/>
			<item id="15923" losttest="1" iotype="AI" name="Sensor15923_S" textname="test sensor 15923"/>
			<item id="15924" losttest="1" iotype="AI" name="Sensor15924_S" textname="test sensor 15924"/>
			<item id="15925" losttest="1" iotype="AI" name="Sensor15925_S" textname="test sensor 15925"/>
			<item id="15926" losttest="1" iotype="AI" name="Sensor15926_S" textname="test sensor 15926"/>
			<item id="15927" losttest="1" iotype="AI" name="Sensor15927_S" textname="test sensor 15927"/>
			<item id="15928" losttest="1" iotype="AI" name="Sensor15928_S" textname="test sensor 15928"/>
			<item id="15929" losttest="1" iotype="AI" name="Sensor15929_S" textname="test sensor 15929"/>
			<item id="15930" losttest="1" iotype="AI" name="Sensor15930_S" textname="test sensor 15930"/>
			<item id="15931" losttest="1" iotype="AI" name="Sensor15931_S" textname="test sensor 15931"/>
			<item id="15932" losttest="1" iotype="AI" name="Sensor15932_S" textname="test sensor 15932"/>
			<item id="15933" losttest="1" iotype="AI" name="Sensor15933_S" textname="test sensor 15933"/>
			<item id="15934" losttest="1" iotype="AI" name="Sensor15934_S" textname="test sensor 15934"/>
			<item id="15935" losttest="1" iotype="AI" name="Sensor15935_S" textname="test sensor 15935"/>
			<item id="15936" losttest="1" iotype="AI" name="Sensor15936_S" textname="test sensor 15936"/>
			<item id="15937" losttest="1" iotype="AI" name="Sensor15937_S" textname="test sensor 15937"/>
			<item id="15938" losttest="1" iotype="AI" name="Sensor15938_S" textname="test sensor 15938"/>
			<item id="15939" losttest="1" iotype="AI" name="Sensor15939_S" textname="test sensor 15939"/>
			<item id="15940" losttest="1" iotype="AI" name="Sensor15940_S" textname="test sensor 15940"/>
			<item id="15941" losttest="1" iotype="AI" name="Sensor15941_S" textname="test sensor 15941"/>
			<item id="15942" losttest="1" iotype="AI" name="Sensor15942_S" textname="test sensor 15942"/>
			<item id="15943" losttest="1" iotype="AI" name="Sensor15943_S" textname="test sensor 15943"/>
			<item id="15944" losttest="1" iotype="AI" name="Sensor15944_S" textname="test sensor 15944"/>
			<item id="15945" losttest="1" iotype="AI" name="Sensor15945_S" textname="test sensor 15945"/>
			<item id="15946" losttest="1" iotype="AI" name="Sensor15946_S" textname="test sensor 15946"/>
			<item id="15947" losttest="1" iotype="AI" name="Sensor15947_S" textname="test sensor 15947"/>
			<item id="15948" losttest="1" iotype="AI" name="Sensor15948_S" textname="test sensor 15948"/>
			<item id="15949" losttest="1" iotype="AI" name="Sensor15949_S" textname="test sensor 15949"/>
			<item id="15950" losttest="1" iotype="AI" name="Sensor15950_S" textname="test sensor 15950"/>
			<item id="15951" losttest="1" iotype="AI" name="Sensor15951_S" textname="test sensor 15951"/>
			<item id="15952" losttest="1" iotype="AI" name="Sensor15952_S" textname="test sensor 15952"/>
			<item id="15953" losttest="1" iotype="AI" name="Sensor15953_S" textname="test sensor 15953"/>
			<item id="15954" losttest="1" iotype="AI" name="Sensor15954_S" textname="test sensor 15954"/>
			<item id="15955" losttest="1" iotype="AI" name="Sensor15955_S" textname="test sensor 15955"/>
			<item id="15956" losttest="1" iotype="AI" name="Sensor15956_S" textname="test sensor 15956"/>
			<item id="15957" losttest="1" iotype="AI" name="Sensor15957_S" textname="test sensor 15957"/>
			<item id="15958" losttest="1" iotype="AI" name="Sensor15958_S" textname="test sensor 15958"/>
			<item id="15959" losttest="1" iotype="AI" name="Sensor15959_S" textname="test sensor 15959"/>
			<item id="15960" losttest="1" iotype="AI" name="Sensor15960_S" textname="test sensor 15960"/>
			<item id="15961" losttest="1" iotype="AI" name="Sensor15961_S" textname="test sensor 15961"/>
			<item id="15962" losttest="1" iotype="AI" name="Sensor15962_S" textname="test sensor 15962"/>
			<item id="15963" losttest="1" iotype="AI" name="Sensor15963_S" textname="test sensor 15963"/>
			<item id="15964" losttest="1" iotype="AI" name="Sensor15964_S" textname="test sensor 15964"/>
			<item id="15965" losttest="1" iotype="AI" name="Sensor15965_S" textname="test sensor 15965"/>
			<item id="15966" losttest="1" iotype="AI" name="Sensor15966_S" textname="test sensor 15966"/>
			<item id="15967" losttest="1" iotype="AI" name="Sensor15967_S" textname="test sensor 15967"/>
			<item id="15968" losttest="1" iotype="AI" name="Sensor15968_S" textname="test sensor 15968"/>
			<item id="15969" losttest="1" iotype="AI" name="Sensor15969_S" textname="test sensor 15969"/>
			<item id="15970" losttest="1" iotype="AI" name="Sensor15970_S" textname="test sensor 15970"/>
			<item id="15971" losttest="1" iotype="AI" name="Sensor15971_S" textname="test sensor 15971"/>
			<item id="15972" losttest="1" iotype="AI" name="Sensor15972_S" textname="test sensor 15972"/>
			<item id="15973" losttest="1" iotype="AI" name="Sensor15973_S" textname="test sensor 15973"/>
			<item id="15974" losttest="1" iotype="AI" name="Sensor15974_S" textname="test sensor 15974"/>
			<item id="15975" losttest="1" iotype="AI" name="Sensor15975_S" textname="test sensor 15975"/>
			<item id="15976" losttest="1" iotype="AI" name="Sensor15976_S" textname="test sensor 15976"/>
			<item id="15977" losttest="1" iotype="AI" name="Sensor15977_S" textname="test sensor 15977"/>
			<item id="15978" losttest="1" iotype="AI" name="Sensor15978_S" textname="test sensor 15978"/>
			<item id="15979" losttest="1" iotype="AI" name="Sensor15979_S" textname="test sensor 15979"/>
			<item id="15980" losttest="1" iotype="AI" name="Sensor15980_S" textname="test sensor 15980"/>
			<item id="15981" losttest="1" iotype="AI" name="Sensor15981_S" textname="test sensor 15981"/>
			<item id="15982" losttest="1" iotype="AI" name="Sensor15982_S" textname="test sensor 15982"/>
			<item id="15983" losttest="1" iotype="AI" name="Sensor15983_S" textname="test sensor 15983"/>
			<item id="15984" losttest="1" iotype="AI" name="Sensor15984_S" textname="test sensor 15984"/>
			<item id="15985" losttest="1" iotype="AI" name="Sensor15985_S" textname="test sensor 15985"/>
			<item id="15986" losttest="1" iotype="AI" name="Sensor15986_S" textname="test sensor 15986"/>
			<item id="15987" losttest="1" iotype="AI" name="Sensor15987_S" textname="test sensor 15987"/>
			<item id="15988" losttest="1" iotype="AI" name="Sensor15988_S" textname="test sensor 15988"/>
			<item id="15989" losttest="1" iotype="AI" name="Sensor15989_S" textname="test sensor 15989"/>
			<item id="15990" losttest="1" iotype="AI" name="Sensor15990_S" textname="test sensor 15990"/>
			<item id="15991" losttest="1" iotype="AI" name="Sensor15991_S" textname="test sensor 15991"/>
			<item id="15992" losttest="1" iotype="AI" name="Sensor15992_S" textname="test sensor 15992"/>
			<item id="15993" losttest="1" iotype="AI" name="Sensor15993_S" textname="test sensor 15993"/>
			<item id="15994" losttest="1" iotype="AI" name="Sensor15994_S" textname="test sensor 15994"/>
			<item id="15995" losttest="1" iotype="AI" name="Sensor15995_S" textname="test sensor 15995"/>
			<item id="15996" losttest="1" iotype="AI" name="Sensor15996_S" textname="test sensor 15996"/>
			<item id="15997" losttest="1" iotype="AI" name="Sensor15997_S" textname="test sensor 15997"/>
			<item id="15998" losttest="1" iotype="AI" name="Sensor15998_S" textname="test sensor 15998"/>
			<item id="15999" losttest="1" iotype="AI" name="Sensor15999_S" textname="test sensor 15999"/>
			<item id="16000" losttest="1" iotype="AI" name="Sensor16000_S" textname="test sensor 16000"/>
			<item id="16001" losttest="1" iotype="AI" name="Sensor16001_S" textname="test sensor 16001"/>
			<item id="16002" losttest="1" iotype="AI" name="Sensor16002_S" textname="test sensor 16002"/>
			<item id="16003" losttest="1" iotype="AI" name="Sensor16003_S" textname="test sensor 16003"/>
			<item id="16004" losttest="1" iotype="AI" name="Sensor16004_S" textname="test sensor 16004"/>
			<item id="16005" losttest="1" iotype="AI" name="Sensor16005_S" textname="test sensor 16005"/>
			<item id="16006" losttest="1" iotype="AI" name="Sensor16006_S" textname="test sensor 16006"/>
			<item id="16007" losttest="1" iotype="AI" name="Sensor16007_S" textname="test sensor 16007"/>
			<item id="16008" losttest="1" iotype="AI" name="Sensor16008_S" textname="test sensor 16008"/>
			<item id="16009" losttest="1" iotype="AI" name="Sensor16009_S" textname="test sensor 16009"/>
			<item id="16010" losttest="1" iotype="AI" name="Sensor16010_S" textname="test sensor 16010"/>
			<item id="16011" losttest="1" iotype="AI" name="Sensor16011_S" textname="test sensor 16011"/>
			<item id="16012" losttest="1" iotype="AI" name="Sensor16012_S" textname="test sensor 16012"/>
			<item id="16013" losttest="1" iotype="AI" name="Sensor16013_S" textname="test sensor 16013"/>
			<item id="16014" losttest="1" iotype="AI" name="Sensor16014_S" textname="test sensor 16014"/>
			<item id="16015" losttest="1" iotype="AI" name="Sensor16015_S" textname="test sensor 16015"/>
			<item id="16016" losttest="1" iotype="AI" name="Sensor16016_S" textname="test sensor 16016"/>
			<item id="16017" losttest="1" iotype="AI" name="Sensor16017_S" textname="test sensor 16017"/>
			<item id="16018" losttest="1" iotype="AI" name="Sensor16018_S" textname="test sensor 16018"/>
			<item id="16019" losttest="1" iotype="AI" name="Sensor16019_S" textname="test sensor 16019"/>
			<item id="16020" losttest="1" iotype="AI" name="Sensor16020_S" textname="test sensor 16020"/>
			<item id="16021" losttest="1" iotype="AI" name="Sensor16021_S" textname="test sensor 16021"/>
			<item id="16022" losttest="1" iotype="AI" name="Sensor16022_S" textname="test sensor 16022"/>
			<item id="16023" losttest="1" iotype="AI" name="Sensor16023_S" textname="test sensor 16023"/>
			<item id="16024" losttest="1" iotype="AI" name="Sensor16024_S" textname="test sensor 16024"/>
			<item id="16025" losttest="1" iotype="AI" name="Sensor16025_S" textname="test sensor 16025"/>
			<item id="16026" losttest="1" iotype="AI" name="Sensor16026_S" textname="test sensor 16026"/>
			<item id="16027" losttest="1" iotype="AI" name="Sensor16027_S" textname="test sensor 16027"/>
			<item id="16028" losttest="1" iotype="AI" name="Sensor16028_S" textname="test sensor 16028"/>
			<item id="16029" losttest="1" iotype="AI" name="Sensor16029_S" textname="test sensor 16029"/>
			<item id="16030" losttest="1" iotype="AI" name="Sensor16030_S" textname="test sensor 16030"/>
			<item id="16031" losttest="1" iotype="AI" name="Sensor16031_S" textname="test sensor 16031"/>
			<item id="16032" losttest="1" iotype="AI" name="Sensor16032_S" textname="test sensor 16032"/>
			<item id="16033" losttest="1" iotype="AI" name="Sensor16033_S" textname="test sensor 16033"/>
			<item id="16034" losttest="1" iotype="AI" name="Sensor16034_S" textname="test sensor 16034"/>
			<item id="16035" losttest="1" iotype="AI" name="Sensor16035_S" textname="test sensor 16035"/>
			<item id="16036" losttest="1" iotype="AI" name="Sensor16036_S" textname="test sensor 16036"/>
			<item id="16037" losttest="1" iotype="AI" name="Sensor16037_S" textname="test sensor 16037"/>
			<item id="16038" losttest="1" iotype="AI" name="Sensor16038_S" textname="test sensor 16038"/>
			<item id="16039" losttest="1" iotype="AI" name="Sensor16039_S" textname="test sensor 16039"/>
			<item id="16040" losttest="1" iotype="AI" name="Sensor16040_S" textname="test sensor 16040"/>
			<item id="16041" losttest="1" iotype="AI" name="Sensor16041_S" textname="test sensor 16041"/>
			<item id="16042" losttest="1" iotype="AI" name="Sensor16042_S" textname="test sensor 16042"/>
			<item id="16043" losttest="1" iotype="AI" name="Sensor16043_S" textname="test sensor 16043"/>
			<item id="16044" losttest="1" iotype="AI" name="Sensor16044_S" textname="test sensor 16044"/>
			<item id="16045" losttest="1" iotype="AI" name="Sensor16045_S" textname="test sensor 16045"/>
			<item id="16046" losttest="1" iotype="AI" name="Sensor16046_S" textname="test sensor 16046"/>
			<item id="16047" losttest="1" iotype="AI" name="Sensor16047_S" textname="test sensor 16047"/>
			<item id="16048" losttest="1" iotype="AI" name="Sensor16048_S" textname="test sensor 16048"/>
			<item id="16049" losttest="1" iotype="AI" name="Sensor16049_S" textname="test sensor 16049"/>
			<item id="16050" losttest="1" iotype="AI" name="Sensor16050_S" textname="test sensor 16050"/>
			<item id="16051" losttest="1" iotype="AI" name="Sensor16051_S" textname="test sensor 16051"/>
			<item id="16052" losttest="1" iotype="AI" name="Sensor16052_S" textname="test sensor 16052"/>
			<item id="16053" losttest="1" iotype="AI" name="Sensor16053_S" textname="test sensor 16053"/>
			<item id="16054" losttest="1" iotype="AI" name="Sensor16054_S" textname="test sensor 16054"/>
			<item id="16055" losttest="1" iotype="AI" name="Sensor16055_S" textname="test sensor 16055"/>
			<item id="16056" losttest="1" iotype="AI" name="Sensor16056_S" textname="test sensor 16056"/>
			<item id="16057" losttest="1" iotype="AI" name="Sensor16057_S" textname="test sensor 16057"/>
			<item id="16058" losttest="1" iotype="AI" name="Sensor16058_S" textname="test sensor 16058"/>
			<item id="16059" losttest="1" iotype="AI" name="Sensor16059_S" textname="test sensor 16059"/>
			<item id="16060" losttest="1" iotype="AI" name="Sensor16060_S" textname="test sensor 16060"/>
			<item id="16061" losttest="1" iotype="AI" name="Sensor16061_S" textname="test sensor 16061"/>
			<item id="16062" losttest="1" iotype="AI" name="Sensor16062_S" textname="test sensor 16062"/>
			<item id="16063" losttest="1" iotype="AI" name="Sensor16063_S" textname="test sensor 16063"/>
			<item id="16064" losttest="1" iotype="AI" name="Sensor16064_S" textname="test sensor 16064"/>
			<item id="16065" losttest="1" iotype="AI" name="Sensor16065_S" textname="test sensor 16065"/>
			<item id="16066" losttest="1" iotype="AI" name="Sensor16066_S" textname="test sensor 16066"/>
			<item id="16067" losttest="1" iotype="AI" name="Sensor16067_S" textname="test sensor 16067"/>
			<item id="16068" losttest="1" iotype="AI" name="Sensor16068_S" textname="test sensor 16068"/>
			<item id="16069" losttest="1" iotype="AI" name="Sensor16069_S" textname="test sensor 16069"/>
			<item id="16070" losttest="1" iotype="AI" name="Sensor16070_S" textname="test sensor 16070"/>
			<item id="16071" losttest="1" iotype="AI" name="Sensor16071_S" textname="test sensor 16071"/>
			<item id="16072" losttest="1" iotype="AI" name="Sensor16072_S" textname="test sensor 16072"/>
			<item id="16073" losttest="1" iotype="AI" name="Sensor16073_S" textname="test sensor 16073"/>
			<item id="16074" losttest="1" iotype="AI" name="Sensor16074_S" textname="test sensor 16074"/>
			<item id="16075" losttest="1" iotype="AI" name="Sensor16075_S" textname="test sensor 16075"/>
			<item id="16076" losttest="1" iotype="AI" name="Sensor16076_S" textname="test sensor 16076"/>
			<item id="16077" losttest="1" iotype="AI" name="Sensor16077_S" textname="test sensor 16077"/>
			<item id="16078" losttest="1" iotype="AI" name="Sensor16078_S" textname="test sensor 16078"/>
			<item id="16079" losttest="1" iotype="AI" name="Sensor16079_S" textname="test sensor 16079"/>
			<item id="16080" losttest="1" iotype="AI" name="Sensor16080_S" textname="test sensor 16080"/>
			<item id="16081" losttest="1" iotype="AI" name="Sensor16081_S" textname="test sensor 16081"/>
			<item id="16082" losttest="1" iotype="AI" name="Sensor16082_S" textname="test sensor 16082"/>
			<item id="16083" losttest="1" iotype="AI" name="Sensor16083_S" textname="test sensor 16083"/>
			<item id="16084" losttest="1" iotype="AI" name="Sensor16084_S" textname="test sensor 16084"/>
			<item id="16085" losttest="1" iotype="AI" name="Sensor16085_S" textname="test sensor 16085"/>
			<item id="16086" losttest="1" iotype="AI" name="Sensor16086_S" textname="test sensor 16086"/>
			<item id="16087" losttest="1" iotype="AI" name="Sensor16087_S" textname="test sensor 16087"/>
			<item id="16088" losttest="1" iotype="AI" name="Sensor16088_S" textname="test sensor 16088"/>
			<item id="16089" losttest="1" iotype="AI" name="Sensor16089_S" textname="test sensor 16089"/>
			<item id="16090" losttest="1" iotype="AI" name="Sensor16090_S" textname="test sensor 16090"/>
			<item id="16091" losttest="1" iotype="AI" name="Sensor16091_S" textname="test sensor 16091"/>
			<item id="16092" losttest="1" iotype="AI" name="Sensor16092_S" textname="test sensor 16092"/>
			<item id="16093" losttest="1" iotype="AI" name="Sensor16093_S" textname="test sensor 16093"/>
			<item id="16094" losttest="1" iotype="AI" name="Sensor16094_S" textname="test sensor 16094"/>
			<item id="16095" losttest="1" iotype="AI" name="Sensor16095_S" textname="test sensor 16095"/>
			<item id="16096" losttest="1" iotype="AI" name="Sensor16096_S" textname="test sensor 16096"/>
			<item id="16097" losttest="1" iotype="AI" name="Sensor16097_S" textname="test sensor 16097"/>
			<item id="16098" losttest="1" iotype="AI" name="Sensor16098_S" textname="test sensor 16098"/>
			<item id="16099" losttest="1" iotype="AI" name="Sensor16099_S" textname="test sensor 16099"/>
			<item id="16100" losttest="1" iotype="AI" name="Sensor16100_S" textname="test sensor 16100"/>
			<item id="16101" losttest="1" iotype="AI" name="Sensor16101_S" textname="test sensor 16101"/>
			<item id="16102" losttest="1" iotype="AI" name="Sensor16102_S" textname="test sensor 16102"/>
			<item id="16103" losttest="1" iotype="AI" name="Sensor16103_S" textname="test sensor 16103"/>
			<item id="16104" losttest="1" iotype="AI" name="Sensor16104_S" textname="test sensor 16104"/>
			<item id="16105" losttest="1" iotype="AI" name="Sensor16105_S" textname="test sensor 16105"/>
			<item id="16106" losttest="1" iotype="AI" name="Sensor16106_S" textname="test sensor 16106"/>
			<item id="16107" losttest="1" iotype="AI" name="Sensor16107_S" textname="test sensor 16107"/>
			<item id="16108" losttest="1" iotype="AI" name="Sensor16108_S" textname="test sensor 16108"/>
			<item id="16109" losttest="1" iotype="AI" name="Sensor16109_S" textname="test sensor 16109"/>
			<item id="16110" losttest="1" iotype="AI" name="Sensor16110_S" textname="test sensor 16110"/>
			<item id="16111" losttest="1" iotype="AI" name="Sensor16111_S" textname="test sensor 16111"/>
			<item id="16112" losttest="1" iotype="AI" name="Sensor16112_S" textname="test sensor 16112"/>
			<item id="16113" losttest="1" iotype="AI" name="Sensor16113_S" textname="test sensor 16113"/>
			<item id="16114" losttest="1" iotype="AI" name="Sensor16114_S" textname="test sensor 16114"/>
			<item id="16115" losttest="1" iotype="AI" name="Sensor16115_S" textname="test sensor 16115"/>
			<item id="16116" losttest="1" iotype="AI" name="Sensor16116_S" textname="test sensor 16116"/>
			<item id="16117" losttest="1" iotype="AI" name="Sensor16117_S" textname="test sensor 16117"/>
			<item id="16118" losttest="1" iotype="AI" name="Sensor16118_S" textname="test sensor 16118"/>
			<item id="16119" losttest="1" iotype="AI" name="Sensor16119_S" textname="test sensor 16119"/>
			<item id="16120" losttest="1" iotype="AI" name="Sensor16120_S" textname="test sensor 16120"/>
			<item id="16121" losttest="1" iotype="AI" name="Sensor16121_S" textname="test sensor 16121"/>
			<item id="16122" losttest="1" iotype="AI" name="Sensor16122_S" textname="test sensor 16122"/>
			<item id="16123" losttest="1" iotype="AI" name="Sensor16123_S" textname="test sensor 16123"/>
			<item id="16124" losttest="1" iotype="AI" name="Sensor16124_S" textname="test sensor 16124"/>
			<item id="16125" losttest="1" iotype="AI" name="Sensor16125_S" textname="test sensor 16125"/>
			<item id="16126" losttest="1" iotype="AI" name="Sensor16126_S" textname="test sensor 16126"/>
			<item id="16127" losttest="1" iotype="AI" name="Sensor16127_S" textname="test sensor 16127"/>
			<item id="16128" losttest="1" iotype="AI" name="Sensor16128_S" textname="test sensor 16128"/>
			<item id="16129" losttest="1" iotype="AI" name="Sensor16129_S" textname="test sensor 16129"/>
			<item id="16130" losttest="1" iotype="AI" name="Sensor16130_S" textname="test sensor 16130"/>
			<item id="16131" losttest="1" iotype="AI" name="Sensor16131_S" textname="test sensor 16131"/>
			<item id="16132" losttest="1" iotype="AI" name="Sensor16132_S" textname="test sensor 16132"/>
			<item id="16133" losttest="1" iotype="AI" name="Sensor16133_S" textname="test sensor 16133"/>
			<item id="16134" losttest="1" iotype="AI" name="Sensor16134_S" textname="test sensor 16134"/>
			<item id="16135" losttest="1" iotype="AI" name="Sensor16135_S" textname="test sensor 16135"/>
			<item id="16136" losttest="1" iotype="AI" name="Sensor16136_S" textname="test sensor 16136"/>
			<item id="16137" losttest="1" iotype="AI" name="Sensor16137_S" textname="test sensor 16137"/>
			<item id="16138" losttest="1" iotype="AI" name="Sensor16138_S" textname="test sensor 16138"/>
			<item id="16139" losttest="1" iotype="AI" name="Sensor16139_S" textname="test sensor 16139"/>
			<item id="16140" losttest="1" iotype="AI" name="Sensor16140_S" textname="test sensor 16140"/>
			<item id="16141" losttest="1" iotype="AI" name="Sensor16141_S" textname="test sensor 16141"/>
			<item id="16142" losttest="1" iotype="AI" name="Sensor16142_S" textname="test sensor 16142"/>
			<item id="16143" losttest="1" iotype="AI" name="Sensor16143_S" textname="test sensor 16143"/>
			<item id="16144" losttest="1" iotype="AI" name="Sensor16144_S" textname="test sensor 16144"/>
			<item id="16145" losttest="1" iotype="AI" name="Sensor16145_S" textname="test sensor 16145"/>
			<item id="16146" losttest="1" iotype="AI" name="Sensor16146_S" textname="test sensor 16146"/>
			<item id="16147" losttest="1" iotype="AI" name="Sensor16147_S" textname="test sensor 16147"/>
			<item id="16148" losttest="1" iotype="AI" name="Sensor16148_S" textname="test sensor 16148"/>
			<item id="16149" losttest="1" iotype="AI" name="Sensor16149_S" textname="test sensor 16149"/>
			<item id="16150" losttest="1" iotype="AI" name="Sensor16150_S" textname="test sensor 16150"/>
			<item id="16151" losttest="1" iotype="AI" name="Sensor16151_S" textname="test sensor 16151"/>
			<item id="16152" losttest="1" iotype="AI" name="Sensor16152_S" textname="test sensor 16152"/>
			<item id="16153" losttest="1" iotype="AI" name="Sensor16153_S" textname="test sensor 16153"/>
			<item id="16154" losttest="1" iotype="AI" name="Sensor16154_S" textname="test sensor 16154"/>
			<item id="16155" losttest="1" iotype="AI" name="Sensor16155_S" textname="test sensor 16155"/>
			<item id="16156" losttest="1" iotype="AI" name="Sensor16156_S" textname="test sensor 16156"/>
			<item id="16157" losttest="1" iotype="AI" name="Sensor16157_S" textname="test sensor 16157"/>
			<item id="16158" losttest="1" iotype="AI" name="Sensor16158_S" textname="test sensor 16158"/>
			<item id="16159" losttest="1" iotype="AI" name="Sensor16159_S" textname="test sensor 16159"/>
			<item id="16160" losttest="1" iotype="AI" name="Sensor16160_S" textname="test sensor 16160"/>
			<item id="16161" losttest="1" iotype="AI" name="Sensor16161_S" textname="test sensor 16161"/>
			<item id="16162" losttest="1" iotype="AI" name="Sensor16162_S" textname="test sensor 16162"/>
			<item id="16163" losttest="1" iotype="AI" name="Sensor16163_S" textname="test sensor 16163"/>
			<item id="16164" losttest="1" iotype="AI" name="Sensor16164_S" textname="test sensor 16164"/>
			<item id="16165" losttest="1" iotype="AI" name="Sensor16165_S" textname="test sensor 16165"/>
			<item id="16166" losttest="1" iotype="AI" name="Sensor16166_S" textname="test sensor 16166"/>
			<item id="16167" losttest="1" iotype="AI" name="Sensor16167_S" textname="test sensor 16167"/>
			<item id="16168" losttest="1" iotype="AI" name="Sensor16168_S" textname="test sensor 16168"/>
			<item id="16169" losttest="1" iotype="AI" name="Sensor16169_S" textname="test sensor 16169"/>
			<item id="16170" losttest="1" iotype="AI" name="Sensor16170_S" textname="test sensor 16170"/>
			<item id="16171" losttest="1" iotype="AI" name="Sensor16171_S" textname="test sensor 16171"/>
			<item id="16172" losttest="1" iotype="AI" name="Sensor16172_S" textname="test sensor 16172"/>
			<item id="16173" losttest="1" iotype="AI" name="Sensor16173_S" textname="test sensor 16173"/>
			<item id="16174" losttest="1" iotype="AI" name="Sensor16174_S" textname="test sensor 16174"/>
			<item id="16175" losttest="1" iotype="AI" name="Sensor16175_S" textname="test sensor 16175"/>
			<item id="16176" losttest="1" iotype="AI" name="Sensor16176_S" textname="test sensor 16176"/>
			<item id="16177" losttest="1" iotype="AI" name="Sensor16177_S" textname="test sensor 16177"/>
			<item id="16178" losttest="1" iotype="AI" name="Sensor16178_S" textname="test sensor 16178"/>
			<item id="16179" losttest="1" iotype="AI" name="Sensor16179_S" textname="test sensor 16179"/>
			<item id="16180" losttest="1" iotype="AI" name="Sensor16180_S" textname="test sensor 16180"/>
			<item id="16181" losttest="1" iotype="AI" name="Sensor16181_S" textname="test sensor 16181"/>
			<item id="16182" losttest="1" iotype="AI" name="Sensor16182_S" textname="test sensor 16182"/>
			<item id="16183" losttest="1" iotype="AI" name="Sensor16183_S" textname="test sensor 16183"/>
			<item id="16184" losttest="1" iotype="AI" name="Sensor16184_S" textname="test sensor 16184"/>
			<item id="16185" losttest="1" iotype="AI" name="Sensor16185_S" textname="test sensor 16185"/>
			<item id="16186" losttest="1" iotype="AI" name="Sensor16186_S" textname="test sensor 16186"/>
			<item id="16187" losttest="1" iotype="AI" name="Sensor16187_S" textname="test sensor 16187"/>
			<item id="16188" losttest="1" iotype="AI" name="Sensor16188_S" textname="test sensor 16188"/>
			<item id="16189" losttest="1" iotype="AI" name="Sensor16189_S" textname="test sensor 16189"/>
			<item id="16190" losttest="1" iotype="AI" name="Sensor16190_S" textname="test sensor 16190"/>
			<item id="16191" losttest="1" iotype="AI" name="Sensor16191_S" textname="test sensor 16191"/>
			<item id="16192" losttest="1" iotype="AI" name="Sensor16192_S" textname="test sensor 16192"/>
			<item id="16193" losttest="1" iotype="AI" name="Sensor16193_S" textname="test sensor 16193"/>
			<item id="16194" losttest="1" iotype="AI" name="Sensor16194_S" textname="test sensor 16194"/>
			<item id="16195" losttest="1" iotype="AI" name="Sensor16195_S" textname="test sensor 16195"/>
			<item id="16196" losttest="1" iotype="AI" name="Sensor16196_S" textname="test sensor 16196"/>
			<item id="16197" losttest="1" iotype="AI" name="Sensor16197_S" textname="test sensor 16197"/>
			<item id="16198" losttest="1" iotype="AI" name="Sensor16198_S" textname="test sensor 16198"/>
			<item id="16199" losttest="1" iotype="AI" name="Sensor16199_S" textname="test sensor 16199"/>
			<item id="16200" losttest="1" iotype="AI" name="Sensor16200_S" textname="test sensor 16200"/>
			<item id="16201" losttest="1" iotype="AI" name="Sensor16201_S" textname="test sensor 16201"/>
			<item id="16202" losttest="1" iotype="AI" name="Sensor16202_S" textname="test sensor 16202"/>
			<item id="16203" losttest="1" iotype="AI" name="Sensor16203_S" textname="test sensor 16203"/>
			<item id="16204" losttest="1" iotype="AI" name="Sensor16204_S" textname="test sensor 16204"/>
			<item id="16205" losttest="1" iotype="AI" name="Sensor16205_S" textname="test sensor 16205"/>
			<item id="16206" losttest="1" iotype="AI" name="Sensor16206_S" textname="test sensor 16206"/>
			<item id="16207" losttest="1" iotype="AI" name="Sensor16207_S" textname="test sensor 16207"/>
			<item id="16208" losttest="1" iotype="AI" name="Sensor16208_S" textname="test sensor 16208"/>
			<item id="16209" losttest="1" iotype="AI" name="Sensor16209_S" textname="test sensor 16209"/>
			<item id="16210" losttest="1" iotype="AI" name="Sensor16210_S" textname="test sensor 16210"/>
			<item id="16211" losttest="1" iotype="AI" name="Sensor16211_S" textname="test sensor 16211"/>
			<item id="16212" losttest="1" iotype="AI" name="Sensor16212_S" textname="test sensor 16212"/>
			<item id="16213" losttest="1" iotype="AI" name="Sensor16213_S" textname="test sensor 16213"/>
			<item id="16214" losttest="1" iotype="AI" name="Sensor16214_S" textname="test sensor 16214"/>
			<item id="16215" losttest="1" iotype="AI" name="Sensor16215_S" textname="test sensor 16215"/>
			<item id="16216" losttest="1" iotype="AI" name="Sensor16216_S" textname="test sensor 16216"/>
			<item id="16217" losttest="1" iotype="AI" name="Sensor16217_S" textname="test sensor 16217"/>
			<item id="16218" losttest="1" iotype="AI" name="Sensor16218_S" textname="test sensor 16218"/>
			<item id="16219" losttest="1" iotype="AI" name="Sensor16219_S" textname="test sensor 16219"/>
			<item id="16220" losttest="1" iotype="AI" name="Sensor16220_S" textname="test sensor 16220"/>
			<item id="16221" losttest="1" iotype="AI" name="Sensor16221_S" textname="test sensor 16221"/>
			<item id="16222" losttest="1" iotype="AI" name="Sensor16222_S" textname="test sensor 16222"/>
			<item id="16223" losttest="1" iotype="AI" name="Sensor16223_S" textname="test sensor 16223"/>
			<item id="16224" losttest="1" iotype="AI" name="Sensor16224_S" textname="test sensor 16224"/>
			<item id="16225" losttest="1" iotype="AI" name="Sensor16225_S" textname="test sensor 16225"/>
			<item id="16226" losttest="1" iotype="AI" name="Sensor16226_S" textname="test sensor 16226"/>
			<item id="16227" losttest="1" iotype="AI" name="Sensor16227_S" textname="test sensor 16227"/>
			<item id="16228" losttest="1" iotype="AI" name="Sensor16228_S" textname="test sensor 16228"/>
			<item id="16229" losttest="1" iotype="AI" name="Sensor16229_S" textname="test sensor 16229"/>
			<item id="16230" losttest="1" iotype="AI" name="Sensor16230_S" textname="test sensor 16230"/>
			<item id="16231" losttest="1" iotype="AI" name="Sensor16231_S" textname="test sensor 16231"/>
			<item id="16232" losttest="1" iotype="AI" name="Sensor16232_S" textname="test sensor 16232"/>
			<item id="16233" losttest="1" iotype="AI" name="Sensor16233_S" textname="test sensor 16233"/>
			<item id="16234" losttest="1" iotype="AI" name="Sensor16234_S" textname="test sensor 16234"/>
			<item id="16235" losttest="1" iotype="AI" name="Sensor16235_S" textname="test sensor 16235"/>
			<item id="16236" losttest="1" iotype="AI" name="Sensor16236_S" textname="test sensor 16236"/>
			<item id="16237" losttest="1" iotype="AI" name="Sensor16237_S" textname="test sensor 16237"/>
			<item id="16238" losttest="1" iotype="AI" name="Sensor16238_S" textname="test sensor 16238"/>
			<item id="16239" losttest="1" iotype="AI" name="Sensor16239_S" textname="test sensor 16239"/>
			<item id="16240" losttest="1" iotype="AI" name="Sensor16240_S" textname="test sensor 16240"/>
			<item id="16241" losttest="1" iotype="AI" name="Sensor16241_S" textname="test sensor 16241"/>
			<item id="16242" losttest="1" iotype="AI" name="Sensor16242_S" textname="test sensor 16242"/>
			<item id="16243" losttest="1" iotype="AI" name="Sensor16243_S" textname="test sensor 16243"/>
			<item id="16244" losttest="1" iotype="AI" name="Sensor16244_S" textname="test sensor 16244"/>
			<item id="16245" losttest="1" iotype="AI" name="Sensor16245_S" textname="test sensor 16245"/>
			<item id="16246" losttest="1" iotype="AI" name="Sensor16246_S" textname="test sensor 16246"/>
			<item id="16247" losttest="1" iotype="AI" name="Sensor16247_S" textname="test sensor 16247"/>
			<item id="16248" losttest="1" iotype="AI" name="Sensor16248_S" textname="test sensor 16248"/>
			<item id="16249" losttest="1" iotype="AI" name="Sensor16249_S" textname="test sensor 16249"/>
			<item id="16250" losttest="1" iotype="AI" name="Sensor16250_S" textname="test sensor 16250"/>
			<item id="16251" losttest="1" iotype="AI" name="Sensor16251_S" textname="test sensor 16251"/>
			<item id="16252" losttest="1" iotype="AI" name="Sensor16252_S" textname="test sensor 16252"/>
			<item id="16253" losttest="1" iotype="AI" name="Sensor16253_S" textname="test sensor 16253"/>
			<item id="16254" losttest="1" iotype="AI" name="Sensor16254_S" textname="test sensor 16254"/>
			<item id="16255" losttest="1" iotype="AI" name="Sensor16255_S" textname="test sensor 16255"/>
			<item id="16256" losttest="1" iotype="AI" name="Sensor16256_S" textname="test sensor 16256"/>
			<item id="16257" losttest="1" iotype="AI" name="Sensor16257_S" textname="test sensor 16257"/>
			<item id="16258" losttest="1" iotype="AI" name="Sensor16258_S" textname="test sensor 16258"/>
			<item id="16259" losttest="1" iotype="AI" name="Sensor16259_S" textname="test sensor 16259"/>
			<item id="16260" losttest="1" iotype="AI" name="Sensor16260_S" textname="test sensor 16260"/>
			<item id="16261" losttest="1" iotype="AI" name="Sensor16261_S" textname="test sensor 16261"/>
			<item id="16262" losttest="1" iotype="AI" name="Sensor16262_S" textname="test sensor 16262"/>
			<item id="16263" losttest="1" iotype="AI" name="Sensor16263_S" textname="test sensor 16263"/>
			<item id="16264" losttest="1" iotype="AI" name="Sensor16264_S" textname="test sensor 16264"/>
			<item id="16265" losttest="1" iotype="AI" name="Sensor16265_S" textname="test sensor 16265"/>
			<item id="16266" losttest="1" iotype="AI" name="Sensor16266_S" textname="test sensor 16266"/>
			<item id="16267" losttest="1" iotype="AI" name="Sensor16267_S" textname="test sensor 16267"/>
			<item id="16268" losttest="1" iotype="AI" name="Sensor16268_S" textname="test sensor 16268"/>
			<item id="16269" losttest="1" iotype="AI" name="Sensor16269_S" textname="test sensor 16269"/>
			<item id="16270" losttest="1" iotype="AI" name="Sensor16270_S" textname="test sensor 16270"/>
			<item id="16271" losttest="1" iotype="AI" name="Sensor16271_S" textname="test sensor 16271"/>
			<item id="16272" losttest="1" iotype="AI" name="Sensor16272_S" textname="test sensor 16272"/>
			<item id="16273" losttest="1" iotype="AI" name="Sensor16273_S" textname="test sensor 16273"/>
			<item id="16274" losttest="1" iotype="AI" name="Sensor16274_S" textname="test sensor 16274"/>
			<item id="16275" losttest="1" iotype="AI" name="Sensor16275_S" textname="test sensor 16275"/>
			<item id="16276" losttest="1" iotype="AI" name="Sensor16276_S" textname="test sensor 16276"/>
			<item id="16277" losttest="1" iotype="AI" name="Sensor16277_S" textname="test sensor 16277"/>
			<item id="16278" losttest="1" iotype="AI" name="Sensor16278_S" textname="test sensor 16278"/>
			<item id="16279" losttest="1" iotype="AI" name="Sensor16279_S" textname="test sensor 16279"/>
			<item id="16280" losttest="1" iotype="AI" name="Sensor16280_S" textname="test sensor 16280"/>
			<item id="16281" losttest="1" iotype="AI" name="Sensor16281_S" textname="test sensor 16281"/>
			<item id="16282" losttest="1" iotype="AI" name="Sensor16282_S" textname="test sensor 16282"/>
			<item id="16283" losttest="1" iotype="AI" name="Sensor16283_S" textname="test sensor 16283"/>
			<item id="16284" losttest="1" iotype="AI" name="Sensor16284_S" textname="test sensor 16284"/>
			<item id="16285" losttest="1" iotype="AI" name="Sensor16285_S" textname="test sensor 16285"/>
			<item id="16286" losttest="1" iotype="AI" name="Sensor16286_S" textname="test sensor 16286"/>
			<item id="16287" losttest="1" iotype="AI" name="Sensor16287_S" textname="test sensor 16287"/>
			<item id="16288" losttest="1" iotype="AI" name="Sensor16288_S" textname="test sensor 16288"/>
			<item id="16289" losttest="1" iotype="AI" name="Sensor16289_S" textname="test sensor 16289"/>
			<item id="16290" losttest="1" iotype="AI" name="Sensor16290_S" textname="test sensor 16290"/>
			<item id="16291" losttest="1" iotype="AI" name="Sensor16291_S" textname="test sensor 16291"/>
			<item id="16292" losttest="1" iotype="AI" name="Sensor16292_S" textname="test sensor 16292"/>
			<item id="16293" losttest="1" iotype="AI" name="Sensor16293_S" textname="test sensor 16293"/>
			<item id="16294" losttest="1" iotype="AI" name="Sensor16294_S" textname="test sensor 16294"/>
			<item id="16295" losttest="1" iotype="AI" name="Sensor16295_S" textname="test sensor 16295"/>
			<item id="16296" losttest="1" iotype="AI" name="Sensor16296_S" textname="test sensor 16296"/>
			<item id="16297" losttest="1" iotype="AI" name="Sensor16297_S" textname="test sensor 16297"/>
			<item id="16298" losttest="1" iotype="AI" name="Sensor16298_S" textname="test sensor 16298"/>
			<item id="16299" losttest="1" iotype="AI" name="Sensor16299_S" textname="test sensor 16299"/>
			<item id="16300" losttest="1" iotype="AI" name="Sensor16300_S" textname="test sensor 16300"/>
			<item id="16301" losttest="1" iotype="AI" name="Sensor16301_S" textname="test sensor 16301"/>
			<item id="16302" losttest="1" iotype="AI" name="Sensor16302_S" textname="test sensor 16302"/>
			<item id="16303" losttest="1" iotype="AI" name="Sensor16303_S" textname="test sensor 16303"/>
			<item id="16304" losttest="1" iotype="AI" name="Sensor16304_S" textname="test sensor 16304"/>
			<item id="16305" losttest="1" iotype="AI" name="Sensor16305_S" textname="test sensor 16305"/>
			<item id="16306" losttest="1" iotype="AI" name="Sensor16306_S" textname="test sensor 16306"/>
			<item id="16307" losttest="1" iotype="AI" name="Sensor16307_S" textname="test sensor 16307"/>
			<item id="16308" losttest="1" iotype="AI" name="Sensor16308_S" textname="test sensor 16308"/>
			<item id="16309" losttest="1" iotype="AI" name="Sensor16309_S" textname="test sensor 16309"/>
			<item id="16310" losttest="1" iotype="AI" name="Sensor16310_S" textname="test sensor 16310"/>
			<item id="16311" losttest="1" iotype="AI" name="Sensor16311_S" textname="test sensor 16311"/>
			<item id="16312" losttest="1" iotype="AI" name="Sensor16312_S" textname="test sensor 16312"/>
			<item id="16313" losttest="1" iotype="AI" name="Sensor16313_S" textname="test sensor 16313"/>
			<item id="16314" losttest="1" iotype="AI" name="Sensor16314_S" textname="test sensor 16314"/>
			<item id="16315" losttest="1" iotype="AI" name="Sensor16315_S" textname="test sensor 16315"/>
			<item id="16316" losttest="1" iotype="AI" name="Sensor16316_S" textname="test sensor 16316"/>
			<item id="16317" losttest="1" iotype="AI" name="Sensor16317_S" textname="test sensor 16317"/>
			<item id="16318" losttest="1" iotype="AI" name="Sensor16318_S" textname="test sensor 16318"/>
			<item id="16319" losttest="1" iotype="AI" name="Sensor16319_S" textname="test sensor 16319"/>
			<item id="16320" losttest="1" iotype="AI" name="Sensor16320_S" textname="test sensor 16320"/>
			<item id="16321" losttest="1" iotype="AI" name="Sensor16321_S" textname="test sensor 16321"/>
			<item id="16322" losttest="1" iotype="AI" name="Sensor16322_S" textname="test sensor 16322"/>
			<item id="16323" losttest="1" iotype="AI" name="Sensor16323_S" textname="test sensor 16323"/>
			<item id="16324" losttest="1" iotype="AI" name="Sensor16324_S" textname="test sensor 16324"/>
			<item id="16325" losttest="1" iotype="AI" name="Sensor16325_S" textname="test sensor 16325"/>
			<item id="16326" losttest="1" iotype="AI" name="Sensor16326_S" textname="test sensor 16326"/>
			<item id="16327" losttest="1" iotype="AI" name="Sensor16327_S" textname="test sensor 16327"/>
			<item id="16328" losttest="1" iotype="AI" name="Sensor16328_S" textname="test sensor 16328"/>
			<item id="16329" losttest="1" iotype="AI" name="Sensor16329_S" textname="test sensor 16329"/>
			<item id="16330" losttest="1" iotype="AI" name="Sensor16330_S" textname="test sensor 16330"/>
			<item id="16331" losttest="1" iotype="AI" name="Sensor16331_S" textname="test sensor 16331"/>
			<item id="16332" losttest="1" iotype="AI" name="Sensor16332_S" textname="test sensor 16332"/>
			<item id="16333" losttest="1" iotype="AI" name="Sensor16333_S" textname="test sensor 16333"/>
			<item id="16334" losttest="1" iotype="AI" name="Sensor16334_S" textname="test sensor 16334"/>
			<item id="16335" losttest="1" iotype="AI" name="Sensor16335_S" textname="test sensor 16335"/>
			<item id="16336" losttest="1" iotype="AI" name="Sensor16336_S" textname="test sensor 16336"/>
			<item id="16337" losttest="1" iotype="AI" name="Sensor16337_S" textname="test sensor 16337"/>
			<item id="16338" losttest="1" iotype="AI" name="Sensor16338_S" textname="test sensor 16338"/>
			<item id="16339" losttest="1" iotype="AI" name="Sensor16339_S" textname="test sensor 16339"/>
			<item id="16340" losttest="1" iotype="AI" name="Sensor16340_S" textname="test sensor 16340"/>
			<item id="16341" losttest="1" iotype="AI" name="Sensor16341_S" textname="test sensor 16341"/>
			<item id="16342" losttest="1" iotype="AI" name="Sensor16342_S" textname="test sensor 16342"/>
			<item id="16343" losttest="1" iotype="AI" name="Sensor16343_S" textname="test sensor 16343"/>
			<item id="16344" losttest="1" iotype="AI" name="Sensor16344_S" textname="test sensor 16344"/>
			<item id="16345" losttest="1" iotype="AI" name="Sensor16345_S" textname="test sensor 16345"/>
			<item id="16346" losttest="1" iotype="AI" name="Sensor16346_S" textname="test sensor 16346"/>
			<item id="16347" losttest="1" iotype="AI" name="Sensor16347_S" textname="test sensor 16347"/>
			<item id="16348" losttest="1" iotype="AI" name="Sensor16348_S" textname="test sensor 16348"/>
			<item id="16349" losttest="1" iotype="AI" name="Sensor16349_S" textname="test sensor 16349"/>
			<item id="16350" losttest="1" iotype="AI" name="Sensor16350_S" textname="test sensor 16350"/>
			<item id="16351" losttest="1" iotype="AI" name="Sensor16351_S" textname="test sensor 16351"/>
			<item id="16352" losttest="1" iotype="AI" name="Sensor16352_S" textname="test sensor 16352"/>
			<item id="16353" losttest="1" iotype="AI" name="Sensor16353_S" textname="test sensor 16353"/>
			<item id="16354" losttest="1" iotype="AI" name="Sensor16354_S" textname="test sensor 16354"/>
			<item id="16355" losttest="1" iotype="AI" name="Sensor16355_S" textname="test sensor 16355"/>
			<item id="16356" losttest="1" iotype="AI" name="Sensor16356_S" textname="test sensor 16356"/>
			<item id="16357" losttest="1" iotype="AI" name="Sensor16357_S" textname="test sensor 16357"/>
			<item id="16358" losttest="1" iotype="AI" name="Sensor16358_S" textname="test sensor 16358"/>
			<item id="16359" losttest="1" iotype="AI" name="Sensor16359_S" textname="test sensor 16359"/>
			<item id="16360" losttest="1" iotype="AI" name="Sensor16360_S" textname="test sensor 16360"/>
			<item id="16361" losttest="1" iotype="AI" name="Sensor16361_S" textname="test sensor 16361"/>
			<item id="16362" losttest="1" iotype="AI" name="Sensor16362_S" textname="test sensor 16362"/>
			<item id="16363" losttest="1" iotype="AI" name="Sensor16363_S" textname="test sensor 16363"/>
			<item id="16364" losttest="1" iotype="AI" name="Sensor16364_S" textname="test sensor 16364"/>
			<item id="16365" losttest="1" iotype="AI" name="Sensor16365_S" textname="test sensor 16365"/>
			<item id="16366" losttest="1" iotype="AI" name="Sensor16366_S" textname="test sensor 16366"/>
			<item id="16367" losttest="1" iotype="AI" name="Sensor16367_S" textname="test sensor 16367"/>
			<item id="16368" losttest="1" iotype="AI" name="Sensor16368_S" textname="test sensor 16368"/>
			<item id="16369" losttest="1" iotype="AI" name="Sensor16369_S" textname="test sensor 16369"/>
			<item id="16370" losttest="1" iotype="AI" name="Sensor16370_S" textname="test sensor 16370"/>
			<item id="16371" losttest="1" iotype="AI" name="Sensor16371_S" textname="test sensor 16371"/>
			<item id="16372" losttest="1" iotype="AI" name="Sensor16372_S" textname="test sensor 16372"/>
			<item id="16373" losttest="1" iotype="AI" name="Sensor16373_S" textname="test sensor 16373"/>
			<item id="16374" losttest="1" iotype="AI" name="Sensor16374_S" textname="test sensor 16374"/>
			<item id="16375" losttest="1" iotype="AI" name="Sensor16375_S" textname="test sensor 16375"/>
			<item id="16376" losttest="1" iotype="AI" name="Sensor16376_S" textname="test sensor 16376"/>
			<item id="16377" losttest="1" iotype="AI" name="Sensor16377_S" textname="test sensor 16377"/>
			<item id="16378" losttest="1" iotype="AI" name="Sensor16378_S" textname="test sensor 16378"/>
			<item id="16379" losttest="1" iotype="AI" name="Sensor16379_S" textname="test sensor 16379"/>
			<item id="16380" losttest="1" iotype="AI" name="Sensor16380_S" textname="test sensor 16380"/>
			<item id="16381" losttest="1" iotype="AI" name="Sensor16381_S" textname="test sensor 16381"/>
			<item id="16382" losttest="1" iotype="AI" name="Sensor16382_S" textname="test sensor 16382"/>
			<item id="16383" losttest="1" iotype="AI" name="Sensor16383_S" textname="test sensor 16383"/>
			<item id="16384" losttest="1" iotype="AI" name="Sensor16384_S" textname="test sensor 16384"/>
			<item id="16385" losttest="1" iotype="AI" name="Sensor16385_S" textname="test sensor 16385"/>
			<item id="16386" losttest="1" iotype="AI" name="Sensor16386_S" textname="test sensor 16386"/>
			<item id="16387" losttest="1" iotype="AI" name="Sensor16387_S" textname="test sensor 16387"/>
			<item id="16388" losttest="1" iotype="AI" name="Sensor16388_S" textname="test sensor 16388"/>
			<item id="16389" losttest="1" iotype="AI" name="Sensor16389_S" textname="test sensor 16389"/>
			<item id="16390" losttest="1" iotype="AI" name="Sensor16390_S" textname="test sensor 16390"/>
			<item id="16391" losttest="1" iotype="AI" name="Sensor16391_S" textname="test sensor 16391"/>
			<item id="16392" losttest="1" iotype="AI" name="Sensor16392_S" textname="test sensor 16392"/>
			<item id="16393" losttest="1" iotype="AI" name="Sensor16393_S" textname="test sensor 16393"/>
			<item id="16394" losttest="1" iotype="AI" name="Sensor16394_S" textname="test sensor 16394"/>
			<item id="16395" losttest="1" iotype="AI" name="Sensor16395_S" textname="test sensor 16395"/>
			<item id="16396" losttest="1" iotype="AI" name="Sensor16396_S" textname="test sensor 16396"/>
			<item id="16397" losttest="1" iotype="AI" name="Sensor16397_S" textname="test sensor 16397"/>
			<item id="16398" losttest="1" iotype="AI" name="Sensor16398_S" textname="test sensor 16398"/>
			<item id="16399" losttest="1" iotype="AI" name="Sensor16399_S" textname="test sensor 16399"/>
			<item id="16400" losttest="1" iotype="AI" name="Sensor16400_S" textname="test sensor 16400"/>
			<item id="16401" losttest="1" iotype="AI" name="Sensor16401_S" textname="test sensor 16401"/>
			<item id="16402" losttest="1" iotype="AI" name="Sensor16402_S" textname="test sensor 16402"/>
			<item id="16403" losttest="1" iotype="AI" name="Sensor16403_S" textname="test sensor 16403"/>
			<item id="16404" losttest="1" iotype="AI" name="Sensor16404_S" textname="test sensor 16404"/>
			<item id="16405" losttest="1" iotype="AI" name="Sensor16405_S" textname="test sensor 16405"/>
			<item id="16406" losttest="1" iotype="AI" name="Sensor16406_S" textname="test sensor 16406"/>
			<item id="16407" losttest="1" iotype="AI" name="Sensor16407_S" textname="test sensor 16407"/>
			<item id="16408" losttest="1" iotype="AI" name="Sensor16408_S" textname="test sensor 16408"/>
			<item id="16409" losttest="1" iotype="AI" name="Sensor16409_S" textname="test sensor 16409"/>
			<item id="16410" losttest="1" iotype="AI" name="Sensor16410_S" textname="test sensor 16410"/>
			<item id="16411" losttest="1" iotype="AI" name="Sensor16411_S" textname="test sensor 16411"/>
			<item id="16412" losttest="1" iotype="AI" name="Sensor16412_S" textname="test sensor 16412"/>
			<item id="16413" losttest="1" iotype="AI" name="Sensor16413_S" textname="test sensor 16413"/>
			<item id="16414" losttest="1" iotype="AI" name="Sensor16414_S" textname="test sensor 16414"/>
			<item id="16415" losttest="1" iotype="AI" name="Sensor16415_S" textname="test sensor 16415"/>
			<item id="16416" losttest="1" iotype="AI" name="Sensor16416_S" textname="test sensor 16416"/>
			<item id="16417" losttest="1" iotype="AI" name="Sensor16417_S" textname="test sensor 16417"/>
			<item id="16418" losttest="1" iotype="AI" name="Sensor16418_S" textname="test sensor 16418"/>
			<item id="16419" losttest="1" iotype="AI" name="Sensor16419_S" textname="test sensor 16419"/>
			<item id="16420" losttest="1" iotype="AI" name="Sensor16420_S" textname="test sensor 16420"/>
			<item id="16421" losttest="1" iotype="AI" name="Sensor16421_S" textname="test sensor 16421"/>
			<item id="16422" losttest="1" iotype="AI" name="Sensor16422_S" textname="test sensor 16422"/>
			<item id="16423" losttest="1" iotype="AI" name="Sensor16423_S" textname="test sensor 16423"/>
			<item id="16424" losttest="1" iotype="AI" name="Sensor16424_S" textname="test sensor 16424"/>
			<item id="16425" losttest="1" iotype="AI" name="Sensor16425_S" textname="test sensor 16425"/>
			<item id="16426" losttest="1" iotype="AI" name="Sensor16426_S" textname="test sensor 16426"/>
			<item id="16427" losttest="1" iotype="AI" name="Sensor16427_S" textname="test sensor 16427"/>
			<item id="16428" losttest="1" iotype="AI" name="Sensor16428_S" textname="test sensor 16428"/>
			<item id="16429" losttest="1" iotype="AI" name="Sensor16429_S" textname="test sensor 16429"/>
			<item id="16430" losttest="1" iotype="AI" name="Sensor16430_S" textname="test sensor 16430"/>
			<item id="16431" losttest="1" iotype="AI" name="Sensor16431_S" textname="test sensor 16431"/>
			<item id="16432" losttest="1" iotype="AI" name="Sensor16432_S" textname="test sensor 16432"/>
			<item id="16433" losttest="1" iotype="AI" name="Sensor16433_S" textname="test sensor 16433"/>
			<item id="16434" losttest="1" iotype="AI" name="Sensor16434_S" textname="test sensor 16434"/>
			<item id="16435" losttest="1" iotype="AI" name="Sensor16435_S" textname="test sensor 16435"/>
			<item id="16436" losttest="1" iotype="AI" name="Sensor16436_S" textname="test sensor 16436"/>
			<item id="16437" losttest="1" iotype="AI" name="Sensor16437_S" textname="test sensor 16437"/>
			<item id="16438" losttest="1" iotype="AI" name="Sensor16438_S" textname="test sensor 16438"/>
			<item id="16439" losttest="1" iotype="AI" name="Sensor16439_S" textname="test sensor 16439"/>
			<item id="16440" losttest="1" iotype="AI" name="Sensor16440_S" textname="test sensor 16440"/>
			<item id="16441" losttest="1" iotype="AI" name="Sensor16441_S" textname="test sensor 16441"/>
			<item id="16442" losttest="1" iotype="AI" name="Sensor16442_S" textname="test sensor 16442"/>
			<item id="16443" losttest="1" iotype="AI" name="Sensor16443_S" textname="test sensor 16443"/>
			<item id="16444" losttest="1" iotype="AI" name="Sensor16444_S" textname="test sensor 16444"/>
			<item id="16445" losttest="1" iotype="AI" name="Sensor16445_S" textname="test sensor 16445"/>
			<item id="16446" losttest="1" iotype="AI" name="Sensor16446_S" textname="test sensor 16446"/>
			<item id="16447" losttest="1" iotype="AI" name="Sensor16447_S" textname="test sensor 16447"/>
			<item id="16448" losttest="1" iotype="AI" name="Sensor16448_S" textname="test sensor 16448"/>
			<item id="16449" losttest="1" iotype="AI" name="Sensor16449_S" textname="test sensor 16449"/>
			<item id="16450" losttest="1" iotype="AI" name="Sensor16450_S" textname="test sensor 16450"/>
			<item id="16451" losttest="1" iotype="AI" name="Sensor16451_S" textname="test sensor 16451"/>
			<item id="16452" losttest="1" iotype="AI" name="Sensor16452_S" textname="test sensor 16452"/>
			<item id="16453" losttest="1" iotype="AI" name="Sensor16453_S" textname="test sensor 16453"/>
			<item id="16454" losttest="1" iotype="AI" name="Sensor16454_S" textname="test sensor 16454"/>
			<item id="16455" losttest="1" iotype="AI" name="Sensor16455_S" textname="test sensor 16455"/>
			<item id="16456" losttest="1" iotype="AI" name="Sensor16456_S" textname="test sensor 16456"/>
			<item id="16457" losttest="1" iotype="AI" name="Sensor16457_S" textname="test sensor 16457"/>
			<item id="16458" losttest="1" iotype="AI" name="Sensor16458_S" textname="test sensor 16458"/>
			<item id="16459" losttest="1" iotype="AI" name="Sensor16459_S" textname="test sensor 16459"/>
			<item id="16460" losttest="1" iotype="AI" name="Sensor16460_S" textname="test sensor 16460"/>
			<item id="16461" losttest="1" iotype="AI" name="Sensor16461_S" textname="test sensor 16461"/>
			<item id="16462" losttest="1" iotype="AI" name="Sensor16462_S" textname="test sensor 16462"/>
			<item id="16463" losttest="1" iotype="AI" name="Sensor16463_S" textname="test sensor 16463"/>
			<item id="16464" losttest="1" iotype="AI" name="Sensor16464_S" textname="test sensor 16464"/>
			<item id="16465" losttest="1" iotype="AI" name="Sensor16465_S" textname="test sensor 16465"/>
			<item id="16466" losttest="1" iotype="AI" name="Sensor16466_S" textname="test sensor 16466"/>
			<item id="16467" losttest="1" iotype="AI" name="Sensor16467_S" textname="test sensor 16467"/>
			<item id="16468" losttest="1" iotype="AI" name="Sensor16468_S" textname="test sensor 16468"/>
			<item id="16469" losttest="1" iotype="AI" name="Sensor16469_S" textname="test sensor 16469"/>
			<item id="16470" losttest="1" iotype="AI" name="Sensor16470_S" textname="test sensor 16470"/>
			<item id="16471" losttest="1" iotype="AI" name="Sensor16471_S" textname="test sensor 16471"/>
			<item id="16472" losttest="1" iotype="AI" name="Sensor16472_S" textname="test sensor 16472"/>
			<item id="16473" losttest="1" iotype="AI" name="Sensor16473_S" textname="test sensor 16473"/>
			<item id="16474" losttest="1" iotype="AI" name="Sensor16474_S" textname="test sensor 16474"/>
			<item id="16475" losttest="1" iotype="AI" name="Sensor16475_S" textname="test sensor 16475"/>
			<item id="16476" losttest="1" iotype="AI" name="Sensor16476_S" textname="test sensor 16476"/>
			<item id="16477" losttest="1" iotype="AI" name="Sensor16477_S" textname="test sensor 16477"/>
			<item id="16478" losttest="1" iotype="AI" name="Sensor16478_S" textname="test sensor 16478"/>
			<item id="16479" losttest="1" iotype="AI" name="Sensor16479_S" textname="test sensor 16479"/>
			<item id="16480" losttest="1" iotype="AI" name="Sensor16480_S" textname="test sensor 16480"/>
			<item id="16481" losttest="1" iotype="AI" name="Sensor16481_S" textname="test sensor 16481"/>
			<item id="16482" losttest="1" iotype="AI" name="Sensor16482_S" textname="test sensor 16482"/>
			<item id="16483" losttest="1" iotype="AI" name="Sensor16483_S" textname="test sensor 16483"/>
			<item id="16484" losttest="1" iotype="AI" name="Sensor16484_S" textname="test sensor 16484"/>
			<item id="16485" losttest="1" iotype="AI" name="Sensor16485_S" textname="test sensor 16485"/>
			<item id="16486" losttest="1" iotype="AI" name="Sensor16486_S" textname="test sensor 16486"/>
			<item id="16487" losttest="1" iotype="AI" name="Sensor16487_S" textname="test sensor 16487"/>
			<item id="16488" losttest="1" iotype="AI" name="Sensor16488_S" textname="test sensor 16488"/>
			<item id="16489" losttest="1" iotype="AI" name="Sensor16489_S" textname="test sensor 16489"/>
			<item id="16490" losttest="1" iotype="AI" name="Sensor16490_S" textname="test sensor 16490"/>
			<item id="16491" losttest="1" iotype="AI" name="Sensor16491_S" textname="test sensor 16491"/>
			<item id="16492" losttest="1" iotype="AI" name="Sensor16492_S" textname="test sensor 16492"/>
			<item id="16493" losttest="1" iotype="AI" name="Sensor16493_S" textname="test sensor 16493"/>
			<item id="16494" losttest="1" iotype="AI" name="Sensor16494_S" textname="test sensor 16494"/>
			<item id="16495" losttest="1" iotype="AI" name="Sensor16495_S" textname="test sensor 16495"/>
			<item id="16496" losttest="1" iotype="AI" name="Sensor16496_S" textname="test sensor 16496"/>
			<item id="16497" losttest="1" iotype="AI" name="Sensor16497_S" textname="test sensor 16497"/>
			<item id="16498" losttest="1" iotype="AI" name="Sensor16498_S" textname="test sensor 16498"/>
			<item id="16499" losttest="1" iotype="AI" name="Sensor16499_S" textname="test sensor 16499"/>
			<item id="16500" losttest="1" iotype="AI" name="Sensor16500_S" textname="test sensor 16500"/>
			<item id="16501" losttest="1" iotype="AI" name="Sensor16501_S" textname="test sensor 16501"/>
			<item id="16502" losttest="1" iotype="AI" name="Sensor16502_S" textname="test sensor 16502"/>
			<item id="16503" losttest="1" iotype="AI" name="Sensor16503_S" textname="test sensor 16503"/>
			<item id="16504" losttest="1" iotype="AI" name="Sensor16504_S" textname="test sensor 16504"/>
			<item id="16505" losttest="1" iotype="AI" name="Sensor16505_S" textname="test sensor 16505"/>
			<item id="16506" losttest="1" iotype="AI" name="Sensor16506_S" textname="test sensor 16506"/>
			<item id="16507" losttest="1" iotype="AI" name="Sensor16507_S" textname="test sensor 16507"/>
			<item id="16508" losttest="1" iotype="AI" name="Sensor16508_S" textname="test sensor 16508"/>
			<item id="16509" losttest="1" iotype="AI" name="Sensor16509_S" textname="test sensor 16509"/>
			<item id="16510" losttest="1" iotype="AI" name="Sensor16510_S" textname="test sensor 16510"/>
			<item id="16511" losttest="1" iotype="AI" name="Sensor16511_S" textname="test sensor 16511"/>
			<item id="16512" losttest="1" iotype="AI" name="Sensor16512_S" textname="test sensor 16512"/>
			<item id="16513" losttest="1" iotype="AI" name="Sensor16513_S" textname="test sensor 16513"/>
			<item id="16514" losttest="1" iotype="AI" name="Sensor16514_S" textname="test sensor 16514"/>
			<item id="16515" losttest="1" iotype="AI" name="Sensor16515_S" textname="test sensor 16515"/>
			<item id="16516" losttest="1" iotype="AI" name="Sensor16516_S" textname="test sensor 16516"/>
			<item id="16517" losttest="1" iotype="AI" name="Sensor16517_S" textname="test sensor 16517"/>
			<item id="16518" losttest="1" iotype="AI" name="Sensor16518_S" textname="test sensor 16518"/>
			<item id="16519" losttest="1" iotype="AI" name="Sensor16519_S" textname="test sensor 16519"/>
			<item id="16520" losttest="1" iotype="AI" name="Sensor16520_S" textname="test sensor 16520"/>
			<item id="16521" losttest="1" iotype="AI" name="Sensor16521_S" textname="test sensor 16521"/>
			<item id="16522" losttest="1" iotype="AI" name="Sensor16522_S" textname="test sensor 16522"/>
			<item id="16523" losttest="1" iotype="AI" name="Sensor16523_S" textname="test sensor 16523"/>
			<item id="16524" losttest="1" iotype="AI" name="Sensor16524_S" textname="test sensor 16524"/>
			<item id="16525" losttest="1" iotype="AI" name="Sensor16525_S" textname="test sensor 16525"/>
			<item id="16526" losttest="1" iotype="AI" name="Sensor16526_S" textname="test sensor 16526"/>
			<item id="16527" losttest="1" iotype="AI" name="Sensor16527_S" textname="test sensor 16527"/>
			<item id="16528" losttest="1" iotype="AI" name="Sensor16528_S" textname="test sensor 16528"/>
			<item id="16529" losttest="1" iotype="AI" name="Sensor16529_S" textname="test sensor 16529"/>
			<item id="16530" losttest="1" iotype="AI" name="Sensor16530_S" textname="test sensor 16530"/>
			<item id="16531" losttest="1" iotype="AI" name="Sensor16531_S" textname="test sensor 16531"/>
			<item id="16532" losttest="1" iotype="AI" name="Sensor16532_S" textname="test sensor 16532"/>
			<item id="16533" losttest="1" iotype="AI" name="Sensor16533_S" textname="test sensor 16533"/>
			<item id="16534" losttest="1" iotype="AI" name="Sensor16534_S" textname="test sensor 16534"/>
			<item id="16535" losttest="1" iotype="AI" name="Sensor16535_S" textname="test sensor 16535"/>
			<item id="16536" losttest="1" iotype="AI" name="Sensor16536_S" textname="test sensor 16536"/>
			<item id="16537" losttest="1" iotype="AI" name="Sensor16537_S" textname="test sensor 16537"/>
			<item id="16538" losttest="1" iotype="AI" name="Sensor16538_S" textname="test sensor 16538"/>
			<item id="16539" losttest="1" iotype="AI" name="Sensor16539_S" textname="test sensor 16539"/>
			<item id="16540" losttest="1" iotype="AI" name="Sensor16540_S" textname="test sensor 16540"/>
			<item id="16541" losttest="1" iotype="AI" name="Sensor16541_S" textname="test sensor 16541"/>
			<item id="16542" losttest="1" iotype="AI" name="Sensor16542_S" textname="test sensor 16542"/>
			<item id="16543" losttest="1" iotype="AI" name="Sensor16543_S" textname="test sensor 16543"/>
			<item id="16544" losttest="1" iotype="AI" name="Sensor16544_S" textname="test sensor 16544"/>
			<item id="16545" losttest="1" iotype="AI" name="Sensor16545_S" textname="test sensor 16545"/>
			<item id="16546" losttest="1" iotype="AI" name="Sensor16546_S" textname="test sensor 16546"/>
			<item id="16547" losttest="1" iotype="AI" name="Sensor16547_S" textname="test sensor 16547"/>
			<item id="16548" losttest="1" iotype="AI" name="Sensor16548_S" textname="test sensor 16548"/>
			<item id="16549" losttest="1" iotype="AI" name="Sensor16549_S" textname="test sensor 16549"/>
			<item id="16550" losttest="1" iotype="AI" name="Sensor16550_S" textname="test sensor 16550"/>
			<item id="16551" losttest="1" iotype="AI" name="Sensor16551_S" textname="test sensor 16551"/>
			<item id="16552" losttest="1" iotype="AI" name="Sensor16552_S" textname="test sensor 16552"/>
			<item id="16553" losttest="1" iotype="AI" name="Sensor16553_S" textname="test sensor 16553"/>
			<item id="16554" losttest="1" iotype="AI" name="Sensor16554_S" textname="test sensor 16554"/>
			<item id="16555" losttest="1" iotype="AI" name="Sensor16555_S" textname="test sensor 16555"/>
			<item id="16556" losttest="1" iotype="AI" name="Sensor16556_S" textname="test sensor 16556"/>
			<item id="16557" losttest="1" iotype="AI" name="Sensor16557_S" textname="test sensor 16557"/>
			<item id="16558" losttest="1" iotype="AI" name="Sensor16558_S" textname="test sensor 16558"/>
			<item id="16559" losttest="1" iotype="AI" name="Sensor16559_S" textname="test sensor 16559"/>
			<item id="16560" losttest="1" iotype="AI" name="Sensor16560_S" textname="test sensor 16560"/>
			<item id="16561" losttest="1" iotype="AI" name="Sensor16561_S" textname="test sensor 16561"/>
			<item id="16562" losttest="1" iotype="AI" name="Sensor16562_S" textname="test sensor 16562"/>
			<item id="16563" losttest="1" iotype="AI" name="Sensor16563_S" textname="test sensor 16563"/>
			<item id="16564" losttest="1" iotype="AI" name="Sensor16564_S" textname="test sensor 16564"/>
			<item id="16565" losttest="1" iotype="AI" name="Sensor16565_S" textname="test sensor 16565"/>
			<item id="16566" losttest="1" iotype="AI" name="Sensor16566_S" textname="test sensor 16566"/>
			<item id="16567" losttest="1" iotype="AI" name="Sensor16567_S" textname="test sensor 16567"/>
			<item id="16568" losttest="1" iotype="AI" name="Sensor16568_S" textname="test sensor 16568"/>
			<item id="16569" losttest="1" iotype="AI" name="Sensor16569_S" textname="test sensor 16569"/>
			<item id="16570" losttest="1" iotype="AI" name="Sensor16570_S" textname="test sensor 16570"/>
			<item id="16571" losttest="1" iotype="AI" name="Sensor16571_S" textname="test sensor 16571"/>
			<item id="16572" losttest="1" iotype="AI" name="Sensor16572_S" textname="test sensor 16572"/>
			<item id="16573" losttest="1" iotype="AI" name="Sensor16573_S" textname="test sensor 16573"/>
			<item id="16574" losttest="1" iotype="AI" name="Sensor16574_S" textname="test sensor 16574"/>
			<item id="16575" losttest="1" iotype="AI" name="Sensor16575_S" textname="test sensor 16575"/>
			<item id="16576" losttest="1" iotype="AI" name="Sensor16576_S" textname="test sensor 16576"/>
			<item id="16577" losttest="1" iotype="AI" name="Sensor16577_S" textname="test sensor 16577"/>
			<item id="16578" losttest="1" iotype="AI" name="Sensor16578_S" textname="test sensor 16578"/>
			<item id="16579" losttest="1" iotype="AI" name="Sensor16579_S" textname="test sensor 16579"/>
			<item id="16580" losttest="1" iotype="AI" name="Sensor16580_S" textname="test sensor 16580"/>
			<item id="16581" losttest="1" iotype="AI" name="Sensor16581_S" textname="test sensor 16581"/>
			<item id="16582" losttest="1" iotype="AI" name="Sensor16582_S" textname="test sensor 16582"/>
			<item id="16583" losttest="1" iotype="AI" name="Sensor16583_S" textname="test sensor 16583"/>
			<item id="16584" losttest="1" iotype="AI" name="Sensor16584_S" textname="test sensor 16584"/>
			<item id="16585" losttest="1" iotype="AI" name="Sensor16585_S" textname="test sensor 16585"/>
			<item id="16586" losttest="1" iotype="AI" name="Sensor16586_S" textname="test sensor 16586"/>
			<item id="16587" losttest="1" iotype="AI" name="Sensor16587_S" textname="test sensor 16587"/>
			<item id="16588" losttest="1" iotype="AI" name="Sensor16588_S" textname="test sensor 16588"/>
			<item id="16589" losttest="1" iotype="AI" name="Sensor16589_S" textname="test sensor 16589"/>
			<item id="16590" losttest="1" iotype="AI" name="Sensor16590_S" textname="test sensor 16590"/>
			<item id="16591" losttest="1" iotype="AI" name="Sensor16591_S" textname="test sensor 16591"/>
			<item id="16592" losttest="1" iotype="AI" name="Sensor16592_S" textname="test sensor 16592"/>
			<item id="16593" losttest="1" iotype="AI" name="Sensor16593_S" textname="test sensor 16593"/>
			<item id="16594" losttest="1" iotype="AI" name="Sensor16594_S" textname="test sensor 16594"/>
			<item id="16595" losttest="1" iotype="AI" name="Sensor16595_S" textname="test sensor 16595"/>
			<item id="16596" losttest="1" iotype="AI" name="Sensor16596_S" textname="test sensor 16596"/>
			<item id="16597" losttest="1" iotype="AI" name="Sensor16597_S" textname="test sensor 16597"/>
			<item id="16598" losttest="1" iotype="AI" name="Sensor16598_S" textname="test sensor 16598"/>
			<item id="16599" losttest="1" iotype="AI" name="Sensor16599_S" textname="test sensor 16599"/>
			<item id="16600" losttest="1" iotype="AI" name="Sensor16600_S" textname="test sensor 16600"/>
			<item id="16601" losttest="1" iotype="AI" name="Sensor16601_S" textname="test sensor 16601"/>
			<item id="16602" losttest="1" iotype="AI" name="Sensor16602_S" textname="test sensor 16602"/>
			<item id="16603" losttest="1" iotype="AI" name="Sensor16603_S" textname="test sensor 16603"/>
			<item id="16604" losttest="1" iotype="AI" name="Sensor16604_S" textname="test sensor 16604"/>
			<item id="16605" losttest="1" iotype="AI" name="Sensor16605_S" textname="test sensor 16605"/>
			<item id="16606" losttest="1" iotype="AI" name="Sensor16606_S" textname="test sensor 16606"/>
			<item id="16607" losttest="1" iotype="AI" name="Sensor16607_S" textname="test sensor 16607"/>
			<item id="16608" losttest="1" iotype="AI" name="Sensor16608_S" textname="test sensor 16608"/>
			<item id="16609" losttest="1" iotype="AI" name="Sensor16609_S" textname="test sensor 16609"/>
			<item id="16610" losttest="1" iotype="AI" name="Sensor16610_S" textname="test sensor 16610"/>
			<item id="16611" losttest="1" iotype="AI" name="Sensor16611_S" textname="test sensor 16611"/>
			<item id="16612" losttest="1" iotype="AI" name="Sensor16612_S" textname="test sensor 16612"/>
			<item id="16613" losttest="1" iotype="AI" name="Sensor16613_S" textname="test sensor 16613"/>
			<item id="16614" losttest="1" iotype="AI" name="Sensor16614_S" textname="test sensor 16614"/>
			<item id="16615" losttest="1" iotype="AI" name="Sensor16615_S" textname="test sensor 16615"/>
			<item id="16616" losttest="1" iotype="AI" name="Sensor16616_S" textname="test sensor 16616"/>
			<item id="16617" losttest="1" iotype="AI" name="Sensor16617_S" textname="test sensor 16617"/>
			<item id="16618" losttest="1" iotype="AI" name="Sensor16618_S" textname="test sensor 16618"/>
			<item id="16619" losttest="1" iotype="AI" name="Sensor16619_S" textname="test sensor 16619"/>
			<item id="16620" losttest="1" iotype="AI" name="Sensor16620_S" textname="test sensor 16620"/>
			<item id="16621" losttest="1" iotype="AI" name="Sensor16621_S" textname="test sensor 16621"/>
			<item id="16622" losttest="1" iotype="AI" name="Sensor16622_S" textname="test sensor 16622"/>
			<item id="16623" losttest="1" iotype="AI" name="Sensor16623_S" textname="test sensor 16623"/>
			<item id="16624" losttest="1" iotype="AI" name="Sensor16624_S" textname="test sensor 16624"/>
			<item id="16625" losttest="1" iotype="AI" name="Sensor16625_S" textname="test sensor 16625"/>
			<item id="16626" losttest="1" iotype="AI" name="Sensor16626_S" textname="test sensor 16626"/>
			<item id="16627" losttest="1" iotype="AI" name="Sensor16627_S" textname="test sensor 16627"/>
			<item id="16628" losttest="1" iotype="AI" name="Sensor16628_S" textname="test sensor 16628"/>
			<item id="16629" losttest="1" iotype="AI" name="Sensor16629_S" textname="test sensor 16629"/>
			<item id="16630" losttest="1" iotype="AI" name="Sensor16630_S" textname="test sensor 16630"/>
			<item id="16631" losttest="1" iotype="AI" name="Sensor16631_S" textname="test sensor 16631"/>
			<item id="16632" losttest="1" iotype="AI" name="Sensor16632_S" textname="test sensor 16632"/>
			<item id="16633" losttest="1" iotype="AI" name="Sensor16633_S" textname="test sensor 16633"/>
			<item id="16634" losttest="1" iotype="AI" name="Sensor16634_S" textname="test sensor 16634"/>
			<item id="16635" losttest="1" iotype="AI" name="Sensor16635_S" textname="test sensor 16635"/>
			<item id="16636" losttest="1" iotype="AI" name="Sensor16636_S" textname="test sensor 16636"/>
			<item id="16637" losttest="1" iotype="AI" name="Sensor16637_S" textname="test sensor 16637"/>
			<item id="16638" losttest="1" iotype="AI" name="Sensor16638_S" textname="test sensor 16638"/>
			<item id="16639" losttest="1" iotype="AI" name="Sensor16639_S" textname="test sensor 16639"/>
			<item id="16640" losttest="1" iotype="AI" name="Sensor16640_S" textname="test sensor 16640"/>
			<item id="16641" losttest="1" iotype="AI" name="Sensor16641_S" textname="test sensor 16641"/>
			<item id="16642" losttest="1" iotype="AI" name="Sensor16642_S" textname="test sensor 16642"/>
			<item id="16643" losttest="1" iotype="AI" name="Sensor16643_S" textname="test sensor 16643"/>
			<item id="16644" losttest="1" iotype="AI" name="Sensor16644_S" textname="test sensor 16644"/>
			<item id="16645" losttest="1" iotype="AI" name="Sensor16645_S" textname="test sensor 16645"/>
			<item id="16646" losttest="1" iotype="AI" name="Sensor16646_S" textname="test sensor 16646"/>
			<item id="16647" losttest="1" iotype="AI" name="Sensor16647_S" textname="test sensor 16647"/>
			<item id="16648" losttest="1" iotype="AI" name="Sensor16648_S" textname="test sensor 16648"/>
			<item id="16649" losttest="1" iotype="AI" name="Sensor16649_S" textname="test sensor 16649"/>
			<item id="16650" losttest="1" iotype="AI" name="Sensor16650_S" textname="test sensor 16650"/>
			<item id="16651" losttest="1" iotype="AI" name="Sensor16651_S" textname="test sensor 16651"/>
			<item id="16652" losttest="1" iotype="AI" name="Sensor16652_S" textname="test sensor 16652"/>
			<item id="16653" losttest="1" iotype="AI" name="Sensor16653_S" textname="test sensor 16653"/>
			<item id="16654" losttest="1" iotype="AI" name="Sensor16654_S" textname="test sensor 16654"/>
			<item id="16655" losttest="1" iotype="AI" name="Sensor16655_S" textname="test sensor 16655"/>
			<item id="16656" losttest="1" iotype="AI" name="Sensor16656_S" textname="test sensor 16656"/>
			<item id="16657" losttest="1" iotype="AI" name="Sensor16657_S" textname="test sensor 16657"/>
			<item id="16658" losttest="1" iotype="AI" name="Sensor16658_S" textname="test sensor 16658"/>
			<item id="16659" losttest="1" iotype="AI" name="Sensor16659_S" textname="test sensor 16659"/>
			<item id="16660" losttest="1" iotype="AI" name="Sensor16660_S" textname="test sensor 16660"/>
			<item id="16661" losttest="1" iotype="AI" name="Sensor16661_S" textname="test sensor 16661"/>
			<item id="16662" losttest="1" iotype="AI" name="Sensor16662_S" textname="test sensor 16662"/>
			<item id="16663" losttest="1" iotype="AI" name="Sensor16663_S" textname="test sensor 16663"/>
			<item id="16664" losttest="1" iotype="AI" name="Sensor16664_S" textname="test sensor 16664"/>
			<item id="16665" losttest="1" iotype="AI" name="Sensor16665_S" textname="test sensor 16665"/>
			<item id="16666" losttest="1" iotype="AI" name="Sensor16666_S" textname="test sensor 16666"/>
			<item id="16667" losttest="1" iotype="AI" name="Sensor16667_S" textname="test sensor 16667"/>
			<item id="16668" losttest="1" iotype="AI" name="Sensor16668_S" textname="test sensor 16668"/>
			<item id="16669" losttest="1" iotype="AI" name="Sensor16669_S" textname="test sensor 16669"/>
			<item id="16670" losttest="1" iotype="AI" name="Sensor16670_S" textname="test sensor 16670"/>
			<item id="16671" losttest="1" iotype="AI" name="Sensor16671_S" textname="test sensor 16671"/>
			<item id="16672" losttest="1" iotype="AI" name="Sensor16672_S" textname="test sensor 16672"/>
			<item id="16673" losttest="1" iotype="AI" name="Sensor16673_S" textname="test sensor 16673"/>
			<item id="16674" losttest="1" iotype="AI" name="Sensor16674_S" textname="test sensor 16674"/>
			<item id="16675" losttest="1" iotype="AI" name="Sensor16675_S" textname="test sensor 16675"/>
			<item id="16676" losttest="1" iotype="AI" name="Sensor16676_S" textname="test sensor 16676"/>
			<item id="16677" losttest="1" iotype="AI" name="Sensor16677_S" textname="test sensor 16677"/>
			<item id="16678" losttest="1" iotype="AI" name="Sensor16678_S" textname="test sensor 16678"/>
			<item id="16679" losttest="1" iotype="AI" name="Sensor16679_S" textname="test sensor 16679"/>
			<item id="16680" losttest="1" iotype="AI" name="Sensor16680_S" textname="test sensor 16680"/>
			<item id="16681" losttest="1" iotype="AI" name="Sensor16681_S" textname="test sensor 16681"/>
			<item id="16682" losttest="1" iotype="AI" name="Sensor16682_S" textname="test sensor 16682"/>
			<item id="16683" losttest="1" iotype="AI" name="Sensor16683_S" textname="test sensor 16683"/>
			<item id="16684" losttest="1" iotype="AI" name="Sensor16684_S" textname="test sensor 16684"/>
			<item id="16685" losttest="1" iotype="AI" name="Sensor16685_S" textname="test sensor 16685"/>
			<item id="16686" losttest="1" iotype="AI" name="Sensor16686_S" textname="test sensor 16686"/>
			<item id="16687" losttest="1" iotype="AI" name="Sensor16687_S" textname="test sensor 16687"/>
			<item id="16688" losttest="1" iotype="AI" name="Sensor16688_S" textname="test sensor 16688"/>
			<item id="16689" losttest="1" iotype="AI" name="Sensor16689_S" textname="test sensor 16689"/>
			<item id="16690" losttest="1" iotype="AI" name="Sensor16690_S" textname="test sensor 16690"/>
			<item id="16691" losttest="1" iotype="AI" name="Sensor16691_S" textname="test sensor 16691"/>
			<item id="16692" losttest="1" iotype="AI" name="Sensor16692_S" textname="test sensor 16692"/>
			<item id="16693" losttest="1" iotype="AI" name="Sensor16693_S" textname="test sensor 16693"/>
			<item id="16694" losttest="1" iotype="AI" name="Sensor16694_S" textname="test sensor 16694"/>
			<item id="16695" losttest="1" iotype="AI" name="Sensor16695_S" textname="test sensor 16695"/>
			<item id="16696" losttest="1" iotype="AI" name="Sensor16696_S" textname="test sensor 16696"/>
			<item id="16697" losttest="1" iotype="AI" name="Sensor16697_S" textname="test sensor 16697"/>
			<item id="16698" losttest="1" iotype="AI" name="Sensor16698_S" textname="test sensor 16698"/>
			<item id="16699" losttest="1" iotype="AI" name="Sensor16699_S" textname="test sensor 16699"/>
			<item id="16700" losttest="1" iotype="AI" name="Sensor16700_S" textname="test sensor 16700"/>
			<item id="16701" losttest="1" iotype="AI" name="Sensor16701_S" textname="test sensor 16701"/>
			<item id="16702" losttest="1" iotype="AI" name="Sensor16702_S" textname="test sensor 16702"/>
			<item id="16703" losttest="1" iotype="AI" name="Sensor16703_S" textname="test sensor 16703"/>
			<item id="16704" losttest="1" iotype="AI" name="Sensor16704_S" textname="test sensor 16704"/>
			<item id="16705" losttest="1" iotype="AI" name="Sensor16705_S" textname="test sensor 16705"/>
			<item id="16706" losttest="1" iotype="AI" name="Sensor16706_S" textname="test sensor 16706"/>
			<item id="16707" losttest="1" iotype="AI" name="Sensor16707_S" textname="test sensor 16707"/>
			<item id="16708" losttest="1" iotype="AI" name="Sensor16708_S" textname="test sensor 16708"/>
			<item id="16709" losttest="1" iotype="AI" name="Sensor16709_S" textname="test sensor 16709"/>
			<item id="16710" losttest="1" iotype="AI" name="Sensor16710_S" textname="test sensor 16710"/>
			<item id="16711" losttest="1" iotype="AI" name="Sensor16711_S" textname="test sensor 16711"/>
			<item id="16712" losttest="1" iotype="AI" name="Sensor16712_S" textname="test sensor 16712"/>
			<item id="16713" losttest="1" iotype="AI" name="Sensor16713_S" textname="test sensor 16713"/>
			<item id="16714" losttest="1" iotype="AI" name="Sensor16714_S" textname="test sensor 16714"/>
			<item id="16715" losttest="1" iotype="AI" name="Sensor16715_S" textname="test sensor 16715"/>
			<item id="16716" losttest="1" iotype="AI" name="Sensor16716_S" textname="test sensor 16716"/>
			<item id="16717" losttest="1" iotype="AI" name="Sensor16717_S" textname="test sensor 16717"/>
			<item id="16718" losttest="1" iotype="AI" name="Sensor16718_S" textname="test sensor 16718"/>
			<item id="16719" losttest="1" iotype="AI" name="Sensor16719_S" textname="test sensor 16719"/>
			<item id="16720" losttest="1" iotype="AI" name="Sensor16720_S" textname="test sensor 16720"/>
			<item id="16721" losttest="1" iotype="AI" name="Sensor16721_S" textname="test sensor 16721"/>
			<item id="16722" losttest="1" iotype="AI" name="Sensor16722_S" textname="test sensor 16722"/>
			<item id="16723" losttest="1" iotype="AI" name="Sensor16723_S" textname="test sensor 16723"/>
			<item id="16724" losttest="1" iotype="AI" name="Sensor16724_S" textname="test sensor 16724"/>
			<item id="16725" losttest="1" iotype="AI" name="Sensor16725_S" textname="test sensor 16725"/>
			<item id="16726" losttest="1" iotype="AI" name="Sensor16726_S" textname="test sensor 16726"/>
			<item id="16727" losttest="1" iotype="AI" name="Sensor16727_S" textname="test sensor 16727"/>
			<item id="16728" losttest="1" iotype="AI" name="Sensor16728_S" textname="test sensor 16728"/>
			<item id="16729" losttest="1" iotype="AI" name="Sensor16729_S" textname="test sensor 16729"/>
			<item id="16730" losttest="1" iotype="AI" name="Sensor16730_S" textname="test sensor 16730"/>
			<item id="16731" losttest="1" iotype="AI" name="Sensor16731_S" textname="test sensor 16731"/>
			<item id="16732" losttest="1" iotype="AI" name="Sensor16732_S" textname="test sensor 16732"/>
			<item id="16733" losttest="1" iotype="AI" name="Sensor16733_S" textname="test sensor 16733"/>
			<item id="16734" losttest="1" iotype="AI" name="Sensor16734_S" textname="test sensor 16734"/>
			<item id="16735" losttest="1" iotype="AI" name="Sensor16735_S" textname="test sensor 16735"/>
			<item id="16736" losttest="1" iotype="AI" name="Sensor16736_S" textname="test sensor 16736"/>
			<item id="16737" losttest="1" iotype="AI" name="Sensor16737_S" textname="test sensor 16737"/>
			<item id="16738" losttest="1" iotype="AI" name="Sensor16738_S" textname="test sensor 16738"/>
			<item id="16739" losttest="1" iotype="AI" name="Sensor16739_S" textname="test sensor 16739"/>
			<item id="16740" losttest="1" iotype="AI" name="Sensor16740_S" textname="test sensor 16740"/>
			<item id="16741" losttest="1" iotype="AI" name="Sensor16741_S" textname="test sensor 16741"/>
			<item id="16742" losttest="1" iotype="AI" name="Sensor16742_S" textname="test sensor 16742"/>
			<item id="16743" losttest="1" iotype="AI" name="Sensor16743_S" textname="test sensor 16743"/>
			<item id="16744" losttest="1" iotype="AI" name="Sensor16744_S" textname="test sensor 16744"/>
			<item id="16745" losttest="1" iotype="AI" name="Sensor16745_S" textname="test sensor 16745"/>
			<item id="16746" losttest="1" iotype="AI" name="Sensor16746_S" textname="test sensor 16746"/>
			<item id="16747" losttest="1" iotype="AI" name="Sensor16747_S" textname="test sensor 16747"/>
			<item id="16748" losttest="1" iotype="AI" name="Sensor16748_S" textname="test sensor 16748"/>
			<item id="16749" losttest="1" iotype="AI" name="Sensor16749_S" textname="test sensor 16749"/>
			<item id="16750" losttest="1" iotype="AI" name="Sensor16750_S" textname="test sensor 16750"/>
			<item id="16751" losttest="1" iotype="AI" name="Sensor16751_S" textname="test sensor 16751"/>
			<item id="16752" losttest="1" iotype="AI" name="Sensor16752_S" textname="test sensor 16752"/>
			<item id="16753" losttest="1" iotype="AI" name="Sensor16753_S" textname="test sensor 16753"/>
			<item id="16754" losttest="1" iotype="AI" name="Sensor16754_S" textname="test sensor 16754"/>
			<item id="16755" losttest="1" iotype="AI" name="Sensor16755_S" textname="test sensor 16755"/>
			<item id="16756" losttest="1" iotype="AI" name="Sensor16756_S" textname="test sensor 16756"/>
			<item id="16757" losttest="1" iotype="AI" name="Sensor16757_S" textname="test sensor 16757"/>
			<item id="16758" losttest="1" iotype="AI" name="Sensor16758_S" textname="test sensor 16758"/>
			<item id="16759" losttest="1" iotype="AI" name="Sensor16759_S" textname="test sensor 16759"/>
			<item id="16760" losttest="1" iotype="AI" name="Sensor16760_S" textname="test sensor 16760"/>
			<item id="16761" losttest="1" iotype="AI" name="Sensor16761_S" textname="test sensor 16761"/>
			<item id="16762" losttest="1" iotype="AI" name="Sensor16762_S" textname="test sensor 16762"/>
			<item id="16763" losttest="1" iotype="AI" name="Sensor16763_S" textname="test sensor 16763"/>
			<item id="16764" losttest="1" iotype="AI" name="Sensor16764_S" textname="test sensor 16764"/>
			<item id="16765" losttest="1" iotype="AI" name="Sensor16765_S" textname="test sensor 16765"/>
			<item id="16766" losttest="1" iotype="AI" name="Sensor16766_S" textname="test sensor 16766"/>
			<item id="16767" losttest="1" iotype="AI" name="Sensor16767_S" textname="test sensor 16767"/>
			<item id="16768" losttest="1" iotype="AI" name="Sensor16768_S" textname="test sensor 16768"/>
			<item id="16769" losttest="1" iotype="AI" name="Sensor16769_S" textname="test sensor 16769"/>
			<item id="16770" losttest="1" iotype="AI" name="Sensor16770_S" textname="test sensor 16770"/>
			<item id="16771" losttest="1" iotype="AI" name="Sensor16771_S" textname="test sensor 16771"/>
			<item id="16772" losttest="1" iotype="AI" name="Sensor16772_S" textname="test sensor 16772"/>
			<item id="16773" losttest="1" iotype="AI" name="Sensor16773_S" textname="test sensor 16773"/>
			<item id="16774" losttest="1" iotype="AI" name="Sensor16774_S" textname="test sensor 16774"/>
			<item id="16775" losttest="1" iotype="AI" name="Sensor16775_S" textname="test sensor 16775"/>
			<item id="16776" losttest="1" iotype="AI" name="Sensor16776_S" textname="test sensor 16776"/>
			<item id="16777" losttest="1" iotype="AI" name="Sensor16777_S" textname="test sensor 16777"/>
			<item id="16778" losttest="1" iotype="AI" name="Sensor16778_S" textname="test sensor 16778"/>
			<item id="16779" losttest="1" iotype="AI" name="Sensor16779_S" textname="test sensor 16779"/>
			<item id="16780" losttest="1" iotype="AI" name="Sensor16780_S" textname="test sensor 16780"/>
			<item id="16781" losttest="1" iotype="AI" name="Sensor16781_S" textname="test sensor 16781"/>
			<item id="16782" losttest="1" iotype="AI" name="Sensor16782_S" textname="test sensor 16782"/>
			<item id="16783" losttest="1" iotype="AI" name="Sensor16783_S" textname="test sensor 16783"/>
			<item id="16784" losttest="1" iotype="AI" name="Sensor16784_S" textname="test sensor 16784"/>
			<item id="16785" losttest="1" iotype="AI" name="Sensor16785_S" textname="test sensor 16785"/>
			<item id="16786" losttest="1" iotype="AI" name="Sensor16786_S" textname="test sensor 16786"/>
			<item id="16787" losttest="1" iotype="AI" name="Sensor16787_S" textname="test sensor 16787"/>
			<item id="16788" losttest="1" iotype="AI" name="Sensor16788_S" textname="test sensor 16788"/>
			<item id="16789" losttest="1" iotype="AI" name="Sensor16789_S" textname="test sensor 16789"/>
			<item id="16790" losttest="1" iotype="AI" name="Sensor16790_S" textname="test sensor 16790"/>
			<item id="16791" losttest="1" iotype="AI" name="Sensor16791_S" textname="test sensor 16791"/>
			<item id="16792" losttest="1" iotype="AI" name="Sensor16792_S" textname="test sensor 16792"/>
			<item id="16793" losttest="1" iotype="AI" name="Sensor16793_S" textname="test sensor 16793"/>
			<item id="16794" losttest="1" iotype="AI" name="Sensor16794_S" textname="test sensor 16794"/>
			<item id="16795" losttest="1" iotype="AI" name="Sensor16795_S" textname="test sensor 16795"/>
			<item id="16796" losttest="1" iotype="AI" name="Sensor16796_S" textname="test sensor 16796"/>
			<item id="16797" losttest="1" iotype="AI" name="Sensor16797_S" textname="test sensor 16797"/>
			<item id="16798" losttest="1" iotype="AI" name="Sensor16798_S" textname="test sensor 16798"/>
			<item id="16799" losttest="1" iotype="AI" name="Sensor16799_S" textname="test sensor 16799"/>
			<item id="16800" losttest="1" iotype="AI" name="Sensor16800_S" textname="test sensor 16800"/>
			<item id="16801" losttest="1" iotype="AI" name="Sensor16801_S" textname="test sensor 16801"/>
			<item id="16802" losttest="1" iotype="AI" name="Sensor16802_S" textname="test sensor 16802"/>
			<item id="16803" losttest="1" iotype="AI" name="Sensor16803_S" textname="test sensor 16803"/>
			<item id="16804" losttest="1" iotype="AI" name="Sensor16804_S" textname="test sensor 16804"/>
			<item id="16805" losttest="1" iotype="AI" name="Sensor16805_S" textname="test sensor 16805"/>
			<item id="16806" losttest="1" iotype="AI" name="Sensor16806_S" textname="test sensor 16806"/>
			<item id="16807" losttest="1" iotype="AI" name="Sensor16807_S" textname="test sensor 16807"/>
			<item id="16808" losttest="1" iotype="AI" name="Sensor16808_S" textname="test sensor 16808"/>
			<item id="16809" losttest="1" iotype="AI" name="Sensor16809_S" textname="test sensor 16809"/>
			<item id="16810" losttest="1" iotype="AI" name="Sensor16810_S" textname="test sensor 16810"/>
			<item id="16811" losttest="1" iotype="AI" name="Sensor16811_S" textname="test sensor 16811"/>
			<item id="16812" losttest="1" iotype="AI" name="Sensor16812_S" textname="test sensor 16812"/>
			<item id="16813" losttest="1" iotype="AI" name="Sensor16813_S" textname="test sensor 16813"/>
			<item id="16814" losttest="1" iotype="AI" name="Sensor16814_S" textname="test sensor 16814"/>
			<item id="16815" losttest="1" iotype="AI" name="Sensor16815_S" textname="test sensor 16815"/>
			<item id="16816" losttest="1" iotype="AI" name="Sensor16816_S" textname="test sensor 16816"/>
			<item id="16817" losttest="1" iotype="AI" name="Sensor16817_S" textname="test sensor 16817"/>
			<item id="16818" losttest="1" iotype="AI" name="Sensor16818_S" textname="test sensor 16818"/>
			<item id="16819" losttest="1" iotype="AI" name="Sensor16819_S" textname="test sensor 16819"/>
			<item id="16820" losttest="1" iotype="AI" name="Sensor16820_S" textname="test sensor 16820"/>
			<item id="16821" losttest="1" iotype="AI" name="Sensor16821_S" textname="test sensor 16821"/>
			<item id="16822" losttest="1" iotype="AI" name="Sensor16822_S" textname="test sensor 16822"/>
			<item id="16823" losttest="1" iotype="AI" name="Sensor16823_S" textname="test sensor 16823"/>
			<item id="16824" losttest="1" iotype="AI" name="Sensor16824_S" textname="test sensor 16824"/>
			<item id="16825" losttest="1" iotype="AI" name="Sensor16825_S" textname="test sensor 16825"/>
			<item id="16826" losttest="1" iotype="AI" name="Sensor16826_S" textname="test sensor 16826"/>
			<item id="16827" losttest="1" iotype="AI" name="Sensor16827_S" textname="test sensor 16827"/>
			<item id="16828" losttest="1" iotype="AI" name="Sensor16828_S" textname="test sensor 16828"/>
			<item id="16829" losttest="1" iotype="AI" name="Sensor16829_S" textname="test sensor 16829"/>
			<item id="16830" losttest="1" iotype="AI" name="Sensor16830_S" textname="test sensor 16830"/>
			<item id="16831" losttest="1" iotype="AI" name="Sensor16831_S" textname="test sensor 16831"/>
			<item id="16832" losttest="1" iotype="AI" name="Sensor16832_S" textname="test sensor 16832"/>
			<item id="16833" losttest="1" iotype="AI" name="Sensor16833_S" textname="test sensor 16833"/>
			<item id="16834" losttest="1" iotype="AI" name="Sensor16834_S" textname="test sensor 16834"/>
			<item id="16835" losttest="1" iotype="AI" name="Sensor16835_S" textname="test sensor 16835"/>
			<item id="16836" losttest="1" iotype="AI" name="Sensor16836_S" textname="test sensor 16836"/>
			<item id="16837" losttest="1" iotype="AI" name="Sensor16837_S" textname="test sensor 16837"/>
			<item id="16838" losttest="1" iotype="AI" name="Sensor16838_S" textname="test sensor 16838"/>
			<item id="16839" losttest="1" iotype="AI" name="Sensor16839_S" textname="test sensor 16839"/>
			<item id="16840" losttest="1" iotype="AI" name="Sensor16840_S" textname="test sensor 16840"/>
			<item id="16841" losttest="1" iotype="AI" name="Sensor16841_S" textname="test sensor 16841"/>
			<item id="16842" losttest="1" iotype="AI" name="Sensor16842_S" textname="test sensor 16842"/>
			<item id="16843" losttest="1" iotype="AI" name="Sensor16843_S" textname="test sensor 16843"/>
			<item id="16844" losttest="1" iotype="AI" name="Sensor16844_S" textname="test sensor 16844"/>
			<item id="16845" losttest="1" iotype="AI" name="Sensor16845_S" textname="test sensor 16845"/>
			<item id="16846" losttest="1" iotype="AI" name="Sensor16846_S" textname="test sensor 16846"/>
			<item id="16847" losttest="1" iotype="AI" name="Sensor16847_S" textname="test sensor 16847"/>
			<item id="16848" losttest="1" iotype="AI" name="Sensor16848_S" textname="test sensor 16848"/>
			<item id="16849" losttest="1" iotype="AI" name="Sensor16849_S" textname="test sensor 16849"/>
			<item id="16850" losttest="1" iotype="AI" name="Sensor16850_S" textname="test sensor 16850"/>
			<item id="16851" losttest="1" iotype="AI" name="Sensor16851_S" textname="test sensor 16851"/>
			<item id="16852" losttest="1" iotype="AI" name="Sensor16852_S" textname="test sensor 16852"/>
			<item id="16853" losttest="1" iotype="AI" name="Sensor16853_S" textname="test sensor 16853"/>
			<item id="16854" losttest="1" iotype="AI" name="Sensor16854_S" textname="test sensor 16854"/>
			<item id="16855" losttest="1" iotype="AI" name="Sensor16855_S" textname="test sensor 16855"/>
			<item id="16856" losttest="1" iotype="AI" name="Sensor16856_S" textname="test sensor 16856"/>
			<item id="16857" losttest="1" iotype="AI" name="Sensor16857_S" textname="test sensor 16857"/>
			<item id="16858" losttest="1" iotype="AI" name="Sensor16858_S" textname="test sensor 16858"/>
			<item id="16859" losttest="1" iotype="AI" name="Sensor16859_S" textname="test sensor 16859"/>
			<item id="16860" losttest="1" iotype="AI" name="Sensor16860_S" textname="test sensor 16860"/>
			<item id="16861" losttest="1" iotype="AI" name="Sensor16861_S" textname="test sensor 16861"/>
			<item id="16862" losttest="1" iotype="AI" name="Sensor16862_S" textname="test sensor 16862"/>
			<item id="16863" losttest="1" iotype="AI" name="Sensor16863_S" textname="test sensor 16863"/>
			<item id="16864" losttest="1" iotype="AI" name="Sensor16864_S" textname="test sensor 16864"/>
			<item id="16865" losttest="1" iotype="AI" name="Sensor16865_S" textname="test sensor 16865"/>
			<item id="16866" losttest="1" iotype="AI" name="Sensor16866_S" textname="test sensor 16866"/>
			<item id="16867" losttest="1" iotype="AI" name="Sensor16867_S" textname="test sensor 16867"/>
			<item id="16868" losttest="1" iotype="AI" name="Sensor16868_S" textname="test sensor 16868"/>
			<item id="16869" losttest="1" iotype="AI" name="Sensor16869_S" textname="test sensor 16869"/>
			<item id="16870" losttest="1" iotype="AI" name="Sensor16870_S" textname="test sensor 16870"/>
			<item id="16871" losttest="1" iotype="AI" name="Sensor16871_S" textname="test sensor 16871"/>
			<item id="16872" losttest="1" iotype="AI" name="Sensor16872_S" textname="test sensor 16872"/>
			<item id="16873" losttest="1" iotype="AI" name="Sensor16873_S" textname="test sensor 16873"/>
			<item id="16874" losttest="1" iotype="AI" name="Sensor16874_S" textname="test sensor 16874"/>
			<item id="16875" losttest="1" iotype="AI" name="Sensor16875_S" textname="test sensor 16875"/>
			<item id="16876" losttest="1" iotype="AI" name="Sensor16876_S" textname="test sensor 16876"/>
			<item id="16877" losttest="1" iotype="AI" name="Sensor16877_S" textname="test sensor 16877"/>
			<item id="16878" losttest="1" iotype="AI" name="Sensor16878_S" textname="test sensor 16878"/>
			<item id="16879" losttest="1" iotype="AI" name="Sensor16879_S" textname="test sensor 16879"/>
			<item id="16880" losttest="1" iotype="AI" name="Sensor16880_S" textname="test sensor 16880"/>
			<item id="16881" losttest="1" iotype="AI" name="Sensor16881_S" textname="test sensor 16881"/>
			<item id="16882" losttest="1" iotype="AI" name="Sensor16882_S" textname="test sensor 16882"/>
			<item id="16883" losttest="1" iotype="AI" name="Sensor16883_S" textname="test sensor 16883"/>
			<item id="16884" losttest="1" iotype="AI" name="Sensor16884_S" textname="test sensor 16884"/>
			<item id="16885" losttest="1" iotype="AI" name="Sensor16885_S" textname="test sensor 16885"/>
			<item id="16886" losttest="1" iotype="AI" name="Sensor16886_S" textname="test sensor 16886"/>
			<item id="16887" losttest="1" iotype="AI" name="Sensor16887_S" textname="test sensor 16887"/>
			<item id="16888" losttest="1" iotype="AI" name="Sensor16888_S" textname="test sensor 16888"/>
			<item id="16889" losttest="1" iotype="AI" name="Sensor16889_S" textname="test sensor 16889"/>
			<item id="16890" losttest="1" iotype="AI" name="Sensor16890_S" textname="test sensor 16890"/>
			<item id="16891" losttest="1" iotype="AI" name="Sensor16891_S" textname="test sensor 16891"/>
			<item id="16892" losttest="1" iotype="AI" name="Sensor16892_S" textname="test sensor 16892"/>
			<item id="16893" losttest="1" iotype="AI" name="Sensor16893_S" textname="test sensor 16893"/>
			<item id="16894" losttest="1" iotype="AI" name="Sensor16894_S" textname="test sensor 16894"/>
			<item id="16895" losttest="1" iotype="AI" name="Sensor16895_S" textname="test sensor 16895"/>
			<item id="16896" losttest="1" iotype="AI" name="Sensor16896_S" textname="test sensor 16896"/>
			<item id="16897" losttest="1" iotype="AI" name="Sensor16897_S" textname="test sensor 16897"/>
			<item id="16898" losttest="1" iotype="AI" name="Sensor16898_S" textname="test sensor 16898"/>
			<item id="16899" losttest="1" iotype="AI" name="Sensor16899_S" textname="test sensor 16899"/>
			<item id="16900" losttest="1" iotype="AI" name="Sensor16900_S" textname="test sensor 16900"/>
			<item id="16901" losttest="1" iotype="AI" name="Sensor16901_S" textname="test sensor 16901"/>
			<item id="16902" losttest="1" iotype="AI" name="Sensor16902_S" textname="test sensor 16902"/>
			<item id="16903" losttest="1" iotype="AI" name="Sensor16903_S" textname="test sensor 16903"/>
			<item id="16904" losttest="1" iotype="AI" name="Sensor16904_S" textname="test sensor 16904"/>
			<item id="16905" losttest="1" iotype="AI" name="Sensor16905_S" textname="test sensor 16905"/>
			<item id="16906" losttest="1" iotype="AI" name="Sensor16906_S" textname="test sensor 16906"/>
			<item id="16907" losttest="1" iotype="AI" name="Sensor16907_S" textname="test sensor 16907"/>
			<item id="16908" losttest="1" iotype="AI" name="Sensor16908_S" textname="test sensor 16908"/>
			<item id="16909" losttest="1" iotype="AI" name="Sensor16909_S" textname="test sensor 16909"/>
			<item id="16910" losttest="1" iotype="AI" name="Sensor16910_S" textname="test sensor 16910"/>
			<item id="16911" losttest="1" iotype="AI" name="Sensor16911_S" textname="test sensor 16911"/>
			<item id="16912" losttest="1" iotype="AI" name="Sensor16912_S" textname="test sensor 16912"/>
			<item id="16913" losttest="1" iotype="AI" name="Sensor16913_S" textname="test sensor 16913"/>
			<item id="16914" losttest="1" iotype="AI" name="Sensor16914_S" textname="test sensor 16914"/>
			<item id="16915" losttest="1" iotype="AI" name="Sensor16915_S" textname="test sensor 16915"/>
			<item id="16916" losttest="1" iotype="AI" name="Sensor16916_S" textname="test sensor 16916"/>
			<item id="16917" losttest="1" iotype="AI" name="Sensor16917_S" textname="test sensor 16917"/>
			<item id="16918" losttest="1" iotype="AI" name="Sensor16918_S" textname="test sensor 16918"/>
			<item id="16919" losttest="1" iotype="AI" name="Sensor16919_S" textname="test sensor 16919"/>
			<item id="16920" losttest="1" iotype="AI" name="Sensor16920_S" textname="test sensor 16920"/>
			<item id="16921" losttest="1" iotype="AI" name="Sensor16921_S" textname="test sensor 16921"/>
			<item id="16922" losttest="1" iotype="AI" name="Sensor16922_S" textname="test sensor 16922"/>
			<item id="16923" losttest="1" iotype="AI" name="Sensor16923_S" textname="test sensor 16923"/>
			<item id="16924" losttest="1" iotype="AI" name="Sensor16924_S" textname="test sensor 16924"/>
			<item id="16925" losttest="1" iotype="AI" name="Sensor16925_S" textname="test sensor 16925"/>
			<item id="16926" losttest="1" iotype="AI" name="Sensor16926_S" textname="test sensor 16926"/>
			<item id="16927" losttest="1" iotype="AI" name="Sensor16927_S" textname="test sensor 16927"/>
			<item id="16928" losttest="1" iotype="AI" name="Sensor16928_S" textname="test sensor 16928"/>
			<item id="16929" losttest="1" iotype="AI" name="Sensor16929_S" textname="test sensor 16929"/>
			<item id="16930" losttest="1" iotype="AI" name="Sensor16930_S" textname="test sensor 16930"/>
			<item id="16931" losttest="1" iotype="AI" name="Sensor16931_S" textname="test sensor 16931"/>
			<item id="16932" losttest="1" iotype="AI" name="Sensor16932_S" textname="test sensor 16932"/>
			<item id="16933" losttest="1" iotype="AI" name="Sensor16933_S" textname="test sensor 16933"/>
			<item id="16934" losttest="1" iotype="AI" name="Sensor16934_S" textname="test sensor 16934"/>
			<item id="16935" losttest="1" iotype="AI" name="Sensor16935_S" textname="test sensor 16935"/>
			<item id="16936" losttest="1" iotype="AI" name="Sensor16936_S" textname="test sensor 16936"/>
			<item id="16937" losttest="1" iotype="AI" name="Sensor16937_S" textname="test sensor 16937"/>
			<item id="16938" losttest="1" iotype="AI" name="Sensor16938_S" textname="test sensor 16938"/>
			<item id="16939" losttest="1" iotype="AI" name="Sensor16939_S" textname="test sensor 16939"/>
			<item id="16940" losttest="1" iotype="AI" name="Sensor16940_S" textname="test sensor 16940"/>
			<item id="16941" losttest="1" iotype="AI" name="Sensor16941_S" textname="test sensor 16941"/>
			<item id="16942" losttest="1" iotype="AI" name="Sensor16942_S" textname="test sensor 16942"/>
			<item id="16943" losttest="1" iotype="AI" name="Sensor16943_S" textname="test sensor 16943"/>
			<item id="16944" losttest="1" iotype="AI" name="Sensor16944_S" textname="test sensor 16944"/>
			<item id="16945" losttest="1" iotype="AI" name="Sensor16945_S" textname="test sensor 16945"/>
			<item id="16946" losttest="1" iotype="AI" name="Sensor16946_S" textname="test sensor 16946"/>
			<item id="16947" losttest="1" iotype="AI" name="Sensor16947_S" textname="test sensor 16947"/>
			<item id="16948" losttest="1" iotype="AI" name="Sensor16948_S" textname="test sensor 16948"/>
			<item id="16949" losttest="1" iotype="AI" name="Sensor16949_S" textname="test sensor 16949"/>
			<item id="16950" losttest="1" iotype="AI" name="Sensor16950_S" textname="test sensor 16950"/>
			<item id="16951" losttest="1" iotype="AI" name="Sensor16951_S" textname="test sensor 16951"/>
			<item id="16952" losttest="1" iotype="AI" name="Sensor16952_S" textname="test sensor 16952"/>
			<item id="16953" losttest="1" iotype="AI" name="Sensor16953_S" textname="test sensor 16953"/>
			<item id="16954" losttest="1" iotype="AI" name="Sensor16954_S" textname="test sensor 16954"/>
			<item id="16955" losttest="1" iotype="AI" name="Sensor16955_S" textname="test sensor 16955"/>
			<item id="16956" losttest="1" iotype="AI" name="Sensor16956_S" textname="test sensor 16956"/>
			<item id="16957" losttest="1" iotype="AI" name="Sensor16957_S" textname="test sensor 16957"/>
			<item id="16958" losttest="1" iotype="AI" name="Sensor16958_S" textname="test sensor 16958"/>
			<item id="16959" losttest="1" iotype="AI" name="Sensor16959_S" textname="test sensor 16959"/>
			<item id="16960" losttest="1" iotype="AI" name="Sensor16960_S" textname="test sensor 16960"/>
			<item id="16961" losttest="1" iotype="AI" name="Sensor16961_S" textname="test sensor 16961"/>
			<item id="16962" losttest="1" iotype="AI" name="Sensor16962_S" textname="test sensor 16962"/>
			<item id="16963" losttest="1" iotype="AI" name="Sensor16963_S" textname="test sensor 16963"/>
			<item id="16964" losttest="1" iotype="AI" name="Sensor16964_S" textname="test sensor 16964"/>
			<item id="16965" losttest="1" iotype="AI" name="Sensor16965_S" textname="test sensor 16965"/>
			<item id="16966" losttest="1" iotype="AI" name="Sensor16966_S" textname="test sensor 16966"/>
			<item id="16967" losttest="1" iotype="AI" name="Sensor16967_S" textname="test sensor 16967"/>
			<item id="16968" losttest="1" iotype="AI" name="Sensor16968_S" textname="test sensor 16968"/>
			<item id="16969" losttest="1" iotype="AI" name="Sensor16969_S" textname="test sensor 16969"/>
			<item id="16970" losttest="1" iotype="AI" name="Sensor16970_S" textname="test sensor 16970"/>
			<item id="16971" losttest="1" iotype="AI" name="Sensor16971_S" textname="test sensor 16971"/>
			<item id="16972" losttest="1" iotype="AI" name="Sensor16972_S" textname="test sensor 16972"/>
			<item id="16973" losttest="1" iotype="AI" name="Sensor16973_S" textname="test sensor 16973"/>
			<item id="16974" losttest="1" iotype="AI" name="Sensor16974_S" textname="test sensor 16974"/>
			<item id="16975" losttest="1" iotype="AI" name="Sensor16975_S" textname="test sensor 16975"/>
			<item id="16976" losttest="1" iotype="AI" name="Sensor16976_S" textname="test sensor 16976"/>
			<item id="16977" losttest="1" iotype="AI" name="Sensor16977_S" textname="test sensor 16977"/>
			<item id="16978" losttest="1" iotype="AI" name="Sensor16978_S" textname="test sensor 16978"/>
			<item id="16979" losttest="1" iotype="AI" name="Sensor16979_S" textname="test sensor 16979"/>
			<item id="16980" losttest="1" iotype="AI" name="Sensor16980_S" textname="test sensor 16980"/>
			<item id="16981" losttest="1" iotype="AI" name="Sensor16981_S" textname="test sensor 16981"/>
			<item id="16982" losttest="1" iotype="AI" name="Sensor16982_S" textname="test sensor 16982"/>
			<item id="16983" losttest="1" iotype="AI" name="Sensor16983_S" textname="test sensor 16983"/>
			<item id="16984" losttest="1" iotype="AI" name="Sensor16984_S" textname="test sensor 16984"/>
			<item id="16985" losttest="1" iotype="AI" name="Sensor16985_S" textname="test sensor 16985"/>
			<item id="16986" losttest="1" iotype="AI" name="Sensor16986_S" textname="test sensor 16986"/>
			<item id="16987" losttest="1" iotype="AI" name="Sensor16987_S" textname="test sensor 16987"/>
			<item id="16988" losttest="1" iotype="AI" name="Sensor16988_S" textname="test sensor 16988"/>
			<item id="16989" losttest="1" iotype="AI" name="Sensor16989_S" textname="test sensor 16989"/>
			<item id="16990" losttest="1" iotype="AI" name="Sensor16990_S" textname="test sensor 16990"/>
			<item id="16991" losttest="1" iotype="AI" name="Sensor16991_S" textname="test sensor 16991"/>
			<item id="16992" losttest="1" iotype="AI" name="Sensor16992_S" textname="test sensor 16992"/>
			<item id="16993" losttest="1" iotype="AI" name="Sensor16993_S" textname="test sensor 16993"/>
			<item id="16994" losttest="1" iotype="AI" name="Sensor16994_S" textname="test sensor 16994"/>
			<item id="16995" losttest="1" iotype="AI" name="Sensor16995_S" textname="test sensor 16995"/>
			<item id="16996" losttest="1" iotype="AI" name="Sensor16996_S" textname="test sensor 16996"/>
			<item id="16997" losttest="1" iotype="AI" name="Sensor16997_S" textname="test sensor 16997"/>
			<item id="16998" losttest="1" iotype="AI" name="Sensor16998_S" textname="test sensor 16998"/>
			<item id="16999" losttest="1" iotype="AI" name="Sensor16999_S" textname="test sensor 16999"/>
			<item id="17000" losttest="1" iotype="AI" name="Sensor17000_S" textname="test sensor 17000"/>
			<item id="17001" losttest="1" iotype="AI" name="Sensor17001_S" textname="test sensor 17001"/>
			<item id="17002" losttest="1" iotype="AI" name="Sensor17002_S" textname="test sensor 17002"/>
			<item id="17003" losttest="1" iotype="AI" name="Sensor17003_S" textname="test sensor 17003"/>
			<item id="17004" losttest="1" iotype="AI" name="Sensor17004_S" textname="test sensor 17004"/>
			<item id="17005" losttest="1" iotype="AI" name="Sensor17005_S" textname="test sensor 17005"/>
			<item id="17006" losttest="1" iotype="AI" name="Sensor17006_S" textname="test sensor 17006"/>
			<item id="17007" losttest="1" iotype="AI" name="Sensor17007_S" textname="test sensor 17007"/>
			<item id="17008" losttest="1" iotype="AI" name="Sensor17008_S" textname="test sensor 17008"/>
			<item id="17009" losttest="1" iotype="AI" name="Sensor17009_S" textname="test sensor 17009"/>
			<item id="17010" losttest="1" iotype="AI" name="Sensor17010_S" textname="test sensor 17010"/>
			<item id="17011" losttest="1" iotype="AI" name="Sensor17011_S" textname="test sensor 17011"/>
			<item id="17012" losttest="1" iotype="AI" name="Sensor17012_S" textname="test sensor 17012"/>
			<item id="17013" losttest="1" iotype="AI" name="Sensor17013_S" textname="test sensor 17013"/>
			<item id="17014" losttest="1" iotype="AI" name="Sensor17014_S" textname="test sensor 17014"/>
			<item id="17015" losttest="1" iotype="AI" name="Sensor17015_S" textname="test sensor 17015"/>
			<item id="17016" losttest="1" iotype="AI" name="Sensor17016_S" textname="test sensor 17016"/>
			<item id="17017" losttest="1" iotype="AI" name="Sensor17017_S" textname="test sensor 17017"/>
			<item id="17018" losttest="1" iotype="AI" name="Sensor17018_S" textname="test sensor 17018"/>
			<item id="17019" losttest="1" iotype="AI" name="Sensor17019_S" textname="test sensor 17019"/>
			<item id="17020" losttest="1" iotype="AI" name="Sensor17020_S" textname="test sensor 17020"/>
			<item id="17021" losttest="1" iotype="AI" name="Sensor17021_S" textname="test sensor 17021"/>
			<item id="17022" losttest="1" iotype="AI" name="Sensor17022_S" textname="test sensor 17022"/>
			<item id="17023" losttest="1" iotype="AI" name="Sensor17023_S" textname="test sensor 17023"/>
			<item id="17024" losttest="1" iotype="AI" name="Sensor17024_S" textname="test sensor 17024"/>
			<item id="17025" losttest="1" iotype="AI" name="Sensor17025_S" textname="test sensor 17025"/>
			<item id="17026" losttest="1" iotype="AI" name="Sensor17026_S" textname="test sensor 17026"/>
			<item id="17027" losttest="1" iotype="AI" name="Sensor17027_S" textname="test sensor 17027"/>
			<item id="17028" losttest="1" iotype="AI" name="Sensor17028_S" textname="test sensor 17028"/>
			<item id="17029" losttest="1" iotype="AI" name="Sensor17029_S" textname="test sensor 17029"/>
			<item id="17030" losttest="1" iotype="AI" name="Sensor17030_S" textname="test sensor 17030"/>
			<item id="17031" losttest="1" iotype="AI" name="Sensor17031_S" textname="test sensor 17031"/>
			<item id="17032" losttest="1" iotype="AI" name="Sensor17032_S" textname="test sensor 17032"/>
			<item id="17033" losttest="1" iotype="AI" name="Sensor17033_S" textname="test sensor 17033"/>
			<item id="17034" losttest="1" iotype="AI" name="Sensor17034_S" textname="test sensor 17034"/>
			<item id="17035" losttest="1" iotype="AI" name="Sensor17035_S" textname="test sensor 17035"/>
			<item id="17036" losttest="1" iotype="AI" name="Sensor17036_S" textname="test sensor 17036"/>
			<item id="17037" losttest="1" iotype="AI" name="Sensor17037_S" textname="test sensor 17037"/>
			<item id="17038" losttest="1" iotype="AI" name="Sensor17038_S" textname="test sensor 17038"/>
			<item id="17039" losttest="1" iotype="AI" name="Sensor17039_S" textname="test sensor 17039"/>
			<item id="17040" losttest="1" iotype="AI" name="Sensor17040_S" textname="test sensor 17040"/>
			<item id="17041" losttest="1" iotype="AI" name="Sensor17041_S" textname="test sensor 17041"/>
			<item id="17042" losttest="1" iotype="AI" name="Sensor17042_S" textname="test sensor 17042"/>
			<item id="17043" losttest="1" iotype="AI" name="Sensor17043_S" textname="test sensor 17043"/>
			<item id="17044" losttest="1" iotype="AI" name="Sensor17044_S" textname="test sensor 17044"/>
			<item id="17045" losttest="1" iotype="AI" name="Sensor17045_S" textname="test sensor 17045"/>
			<item id="17046" losttest="1" iotype="AI" name="Sensor17046_S" textname="test sensor 17046"/>
			<item id="17047" losttest="1" iotype="AI" name="Sensor17047_S" textname="test sensor 17047"/>
			<item id="17048" losttest="1" iotype="AI" name="Sensor17048_S" textname="test sensor 17048"/>
			<item id="17049" losttest="1" iotype="AI" name="Sensor17049_S" textname="test sensor 17049"/>
			<item id="17050" losttest="1" iotype="AI" name="Sensor17050_S" textname="test sensor 17050"/>
			<item id="17051" losttest="1" iotype="AI" name="Sensor17051_S" textname="test sensor 17051"/>
			<item id="17052" losttest="1" iotype="AI" name="Sensor17052_S" textname="test sensor 17052"/>
			<item id="17053" losttest="1" iotype="AI" name="Sensor17053_S" textname="test sensor 17053"/>
			<item id="17054" losttest="1" iotype="AI" name="Sensor17054_S" textname="test sensor 17054"/>
			<item id="17055" losttest="1" iotype="AI" name="Sensor17055_S" textname="test sensor 17055"/>
			<item id="17056" losttest="1" iotype="AI" name="Sensor17056_S" textname="test sensor 17056"/>
			<item id="17057" losttest="1" iotype="AI" name="Sensor17057_S" textname="test sensor 17057"/>
			<item id="17058" losttest="1" iotype="AI" name="Sensor17058_S" textname="test sensor 17058"/>
			<item id="17059" losttest="1" iotype="AI" name="Sensor17059_S" textname="test sensor 17059"/>
			<item id="17060" losttest="1" iotype="AI" name="Sensor17060_S" textname="test sensor 17060"/>
			<item id="17061" losttest="1" iotype="AI" name="Sensor17061_S" textname="test sensor 17061"/>
			<item id="17062" losttest="1" iotype="AI" name="Sensor17062_S" textname="test sensor 17062"/>
			<item id="17063" losttest="1" iotype="AI" name="Sensor17063_S" textname="test sensor 17063"/>
			<item id="17064" losttest="1" iotype="AI" name="Sensor17064_S" textname="test sensor 17064"/>
			<item id="17065" losttest="1" iotype="AI" name="Sensor17065_S" textname="test sensor 17065"/>
			<item id="17066" losttest="1" iotype="AI" name="Sensor17066_S" textname="test sensor 17066"/>
			<item id="17067" losttest="1" iotype="AI" name="Sensor17067_S" textname="test sensor 17067"/>
			<item id="17068" losttest="1" iotype="AI" name="Sensor17068_S" textname="test sensor 17068"/>
			<item id="17069" losttest="1" iotype="AI" name="Sensor17069_S" textname="test sensor 17069"/>
			<item id="17070" losttest="1" iotype="AI" name="Sensor17070_S" textname="test sensor 17070"/>
			<item id="17071" losttest="1" iotype="AI" name="Sensor17071_S" textname="test sensor 17071"/>
			<item id="17072" losttest="1" iotype="AI" name="Sensor17072_S" textname="test sensor 17072"/>
			<item id="17073" losttest="1" iotype="AI" name="Sensor17073_S" textname="test sensor 17073"/>
			<item id="17074" losttest="1" iotype="AI" name="Sensor17074_S" textname="test sensor 17074"/>
			<item id="17075" losttest="1" iotype="AI" name="Sensor17075_S" textname="test sensor 17075"/>
			<item id="17076" losttest="1" iotype="AI" name="Sensor17076_S" textname="test sensor 17076"/>
			<item id="17077" losttest="1" iotype="AI" name="Sensor17077_S" textname="test sensor 17077"/>
			<item id="17078" losttest="1" iotype="AI" name="Sensor17078_S" textname="test sensor 17078"/>
			<item id="17079" losttest="1" iotype="AI" name="Sensor17079_S" textname="test sensor 17079"/>
			<item id="17080" losttest="1" iotype="AI" name="Sensor17080_S" textname="test sensor 17080"/>
			<item id="17081" losttest="1" iotype="AI" name="Sensor17081_S" textname="test sensor 17081"/>
			<item id="17082" losttest="1" iotype="AI" name="Sensor17082_S" textname="test sensor 17082"/>
			<item id="17083" losttest="1" iotype="AI" name="Sensor17083_S" textname="test sensor 17083"/>
			<item id="17084" losttest="1" iotype="AI" name="Sensor17084_S" textname="test sensor 17084"/>
			<item id="17085" losttest="1" iotype="AI" name="Sensor17085_S" textname="test sensor 17085"/>
			<item id="17086" losttest="1" iotype="AI" name="Sensor17086_S" textname="test sensor 17086"/>
			<item id="17087" losttest="1" iotype="AI" name="Sensor17087_S" textname="test sensor 17087"/>
			<item id="17088" losttest="1" iotype="AI" name="Sensor17088_S" textname="test sensor 17088"/>
			<item id="17089" losttest="1" iotype="AI" name="Sensor17089_S" textname="test sensor 17089"/>
			<item id="17090" losttest="1" iotype="AI" name="Sensor17090_S" textname="test sensor 17090"/>
			<item id="17091" losttest="1" iotype="AI" name="Sensor17091_S" textname="test sensor 17091"/>
			<item id="17092" losttest="1" iotype="AI" name="Sensor17092_S" textname="test sensor 17092"/>
			<item id="17093" losttest="1" iotype="AI" name="Sensor17093_S" textname="test sensor 17093"/>
			<item id="17094" losttest="1" iotype="AI" name="Sensor17094_S" textname="test sensor 17094"/>
			<item id="17095" losttest="1" iotype="AI" name="Sensor17095_S" textname="test sensor 17095"/>
			<item id="17096" losttest="1" iotype="AI" name="Sensor17096_S" textname="test sensor 17096"/>
			<item id="17097" losttest="1" iotype="AI" name="Sensor17097_S" textname="test sensor 17097"/>
			<item id="17098" losttest="1" iotype="AI" name="Sensor17098_S" textname="test sensor 17098"/>
			<item id="17099" losttest="1" iotype="AI" name="Sensor17099_S" textname="test sensor 17099"/>
			<item id="17100" losttest="1" iotype="AI" name="Sensor17100_S" textname="test sensor 17100"/>
			<item id="17101" losttest="1" iotype="AI" name="Sensor17101_S" textname="test sensor 17101"/>
			<item id="17102" losttest="1" iotype="AI" name="Sensor17102_S" textname="test sensor 17102"/>
			<item id="17103" losttest="1" iotype="AI" name="Sensor17103_S" textname="test sensor 17103"/>
			<item id="17104" losttest="1" iotype="AI" name="Sensor17104_S" textname="test sensor 17104"/>
			<item id="17105" losttest="1" iotype="AI" name="Sensor17105_S" textname="test sensor 17105"/>
			<item id="17106" losttest="1" iotype="AI" name="Sensor17106_S" textname="test sensor 17106"/>
			<item id="17107" losttest="1" iotype="AI" name="Sensor17107_S" textname="test sensor 17107"/>
			<item id="17108" losttest="1" iotype="AI" name="Sensor17108_S" textname="test sensor 17108"/>
			<item id="17109" losttest="1" iotype="AI" name="Sensor17109_S" textname="test sensor 17109"/>
			<item id="17110" losttest="1" iotype="AI" name="Sensor17110_S" textname="test sensor 17110"/>
			<item id="17111" losttest="1" iotype="AI" name="Sensor17111_S" textname="test sensor 17111"/>
			<item id="17112" losttest="1" iotype="AI" name="Sensor17112_S" textname="test sensor 17112"/>
			<item id="17113" losttest="1" iotype="AI" name="Sensor17113_S" textname="test sensor 17113"/>
			<item id="17114" losttest="1" iotype="AI" name="Sensor17114_S" textname="test sensor 17114"/>
			<item id="17115" losttest="1" iotype="AI" name="Sensor17115_S" textname="test sensor 17115"/>
			<item id="17116" losttest="1" iotype="AI" name="Sensor17116_S" textname="test sensor 17116"/>
			<item id="17117" losttest="1" iotype="AI" name="Sensor17117_S" textname="test sensor 17117"/>
			<item id="17118" losttest="1" iotype="AI" name="Sensor17118_S" textname="test sensor 17118"/>
			<item id="17119" losttest="1" iotype="AI" name="Sensor17119_S" textname="test sensor 17119"/>
			<item id="17120" losttest="1" iotype="AI" name="Sensor17120_S" textname="test sensor 17120"/>
			<item id="17121" losttest="1" iotype="AI" name="Sensor17121_S" textname="test sensor 17121"/>
			<item id="17122" losttest="1" iotype="AI" name="Sensor17122_S" textname="test sensor 17122"/>
			<item id="17123" losttest="1" iotype="AI" name="Sensor17123_S" textname="test sensor 17123"/>
			<item id="17124" losttest="1" iotype="AI" name="Sensor17124_S" textname="test sensor 17124"/>
			<item id="17125" losttest="1" iotype="AI" name="Sensor17125_S" textname="test sensor 17125"/>
			<item id="17126" losttest="1" iotype="AI" name="Sensor17126_S" textname="test sensor 17126"/>
			<item id="17127" losttest="1" iotype="AI" name="Sensor17127_S" textname="test sensor 17127"/>
			<item id="17128" losttest="1" iotype="AI" name="Sensor17128_S" textname="test sensor 17128"/>
			<item id="17129" losttest="1" iotype="AI" name="Sensor17129_S" textname="test sensor 17129"/>
			<item id="17130" losttest="1" iotype="AI" name="Sensor17130_S" textname="test sensor 17130"/>
			<item id="17131" losttest="1" iotype="AI" name="Sensor17131_S" textname="test sensor 17131"/>
			<item id="17132" losttest="1" iotype="AI" name="Sensor17132_S" textname="test sensor 17132"/>
			<item id="17133" losttest="1" iotype="AI" name="Sensor17133_S" textname="test sensor 17133"/>
			<item id="17134" losttest="1" iotype="AI" name="Sensor17134_S" textname="test sensor 17134"/>
			<item id="17135" losttest="1" iotype="AI" name="Sensor17135_S" textname="test sensor 17135"/>
			<item id="17136" losttest="1" iotype="AI" name="Sensor17136_S" textname="test sensor 17136"/>
			<item id="17137" losttest="1" iotype="AI" name="Sensor17137_S" textname="test sensor 17137"/>
			<item id="17138" losttest="1" iotype="AI" name="Sensor17138_S" textname="test sensor 17138"/>
			<item id="17139" losttest="1" iotype="AI" name="Sensor17139_S" textname="test sensor 17139"/>
			<item id="17140" losttest="1" iotype="AI" name="Sensor17140_S" textname="test sensor 17140"/>
			<item id="17141" losttest="1" iotype="AI" name="Sensor17141_S" textname="test sensor 17141"/>
			<item id="17142" losttest="1" iotype="AI" name="Sensor17142_S" textname="test sensor 17142"/>
			<item id="17143" losttest="1" iotype="AI" name="Sensor17143_S" textname="test sensor 17143"/>
			<item id="17144" losttest="1" iotype="AI" name="Sensor17144_S" textname="test sensor 17144"/>
			<item id="17145" losttest="1" iotype="AI" name="Sensor17145_S" textname="test sensor 17145"/>
			<item id="17146" losttest="1" iotype="AI" name="Sensor17146_S" textname="test sensor 17146"/>
			<item id="17147" losttest="1" iotype="AI" name="Sensor17147_S" textname="test sensor 17147"/>
			<item id="17148" losttest="1" iotype="AI" name="Sensor17148_S" textname="test sensor 17148"/>
			<item id="17149" losttest="1" iotype="AI" name="Sensor17149_S" textname="test sensor 17149"/>
			<item id="17150" losttest="1" iotype="AI" name="Sensor17150_S" textname="test sensor 17150"/>
			<item id="17151" losttest="1" iotype="AI" name="Sensor17151_S" textname="test sensor 17151"/>
			<item id="17152" losttest="1" iotype="AI" name="Sensor17152_S" textname="test sensor 17152"/>
			<item id="17153" losttest="1" iotype="AI" name="Sensor17153_S" textname="test sensor 17153"/>
			<item id="17154" losttest="1" iotype="AI" name="Sensor17154_S" textname="test sensor 17154"/>
			<item id="17155" losttest="1" iotype="AI" name="Sensor17155_S" textname="test sensor 17155"/>
			<item id="17156" losttest="1" iotype="AI" name="Sensor17156_S" textname="test sensor 17156"/>
			<item id="17157" losttest="1" iotype="AI" name="Sensor17157_S" textname="test sensor 17157"/>
			<item id="17158" losttest="1" iotype="AI" name="Sensor17158_S" textname="test sensor 17158"/>
			<item id="17159" losttest="1" iotype="AI" name="Sensor17159_S" textname="test sensor 17159"/>
			<item id="17160" losttest="1" iotype="AI" name="Sensor17160_S" textname="test sensor 17160"/>
			<item id="17161" losttest="1" iotype="AI" name="Sensor17161_S" textname="test sensor 17161"/>
			<item id="17162" losttest="1" iotype="AI" name="Sensor17162_S" textname="test sensor 17162"/>
			<item id="17163" losttest="1" iotype="AI" name="Sensor17163_S" textname="test sensor 17163"/>
			<item id="17164" losttest="1" iotype="AI" name="Sensor17164_S" textname="test sensor 17164"/>
			<item id="17165" losttest="1" iotype="AI" name="Sensor17165_S" textname="test sensor 17165"/>
			<item id="17166" losttest="1" iotype="AI" name="Sensor17166_S" textname="test sensor 17166"/>
			<item id="17167" losttest="1" iotype="AI" name="Sensor17167_S" textname="test sensor 17167"/>
			<item id="17168" losttest="1" iotype="AI" name="Sensor17168_S" textname="test sensor 17168"/>
			<item id="17169" losttest="1" iotype="AI" name="Sensor17169_S" textname="test sensor 17169"/>
			<item id="17170" losttest="1" iotype="AI" name="Sensor17170_S" textname="test sensor 17170"/>
			<item id="17171" losttest="1" iotype="AI" name="Sensor17171_S" textname="test sensor 17171"/>
			<item id="17172" losttest="1" iotype="AI" name="Sensor17172_S" textname="test sensor 17172"/>
			<item id="17173" losttest="1" iotype="AI" name="Sensor17173_S" textname="test sensor 17173"/>
			<item id="17174" losttest="1" iotype="AI" name="Sensor17174_S" textname="test sensor 17174"/>
			<item id="17175" losttest="1" iotype="AI" name="Sensor17175_S" textname="test sensor 17175"/>
			<item id="17176" losttest="1" iotype="AI" name="Sensor17176_S" textname="test sensor 17176"/>
			<item id="17177" losttest="1" iotype="AI" name="Sensor17177_S" textname="test sensor 17177"/>
			<item id="17178" losttest="1" iotype="AI" name="Sensor17178_S" textname="test sensor 17178"/>
			<item id="17179" losttest="1" iotype="AI" name="Sensor17179_S" textname="test sensor 17179"/>
			<item id="17180" losttest="1" iotype="AI" name="Sensor17180_S" textname="test sensor 17180"/>
			<item id="17181" losttest="1" iotype="AI" name="Sensor17181_S" textname="test sensor 17181"/>
			<item id="17182" losttest="1" iotype="AI" name="Sensor17182_S" textname="test sensor 17182"/>
			<item id="17183" losttest="1" iotype="AI" name="Sensor17183_S" textname="test sensor 17183"/>
			<item id="17184" losttest="1" iotype="AI" name="Sensor17184_S" textname="test sensor 17184"/>
			<item id="17185" losttest="1" iotype="AI" name="Sensor17185_S" textname="test sensor 17185"/>
			<item id="17186" losttest="1" iotype="AI" name="Sensor17186_S" textname="test sensor 17186"/>
			<item id="17187" losttest="1" iotype="AI" name="Sensor17187_S" textname="test sensor 17187"/>
			<item id="17188" losttest="1" iotype="AI" name="Sensor17188_S" textname="test sensor 17188"/>
			<item id="17189" losttest="1" iotype="AI" name="Sensor17189_S" textname="test sensor 17189"/>
			<item id="17190" losttest="1" iotype="AI" name="Sensor17190_S" textname="test sensor 17190"/>
			<item id="17191" losttest="1" iotype="AI" name="Sensor17191_S" textname="test sensor 17191"/>
			<item id="17192" losttest="1" iotype="AI" name="Sensor17192_S" textname="test sensor 17192"/>
			<item id="17193" losttest="1" iotype="AI" name="Sensor17193_S" textname="test sensor 17193"/>
			<item id="17194" losttest="1" iotype="AI" name="Sensor17194_S" textname="test sensor 17194"/>
			<item id="17195" losttest="1" iotype="AI" name="Sensor17195_S" textname="test sensor 17195"/>
			<item id="17196" losttest="1" iotype="AI" name="Sensor17196_S" textname="test sensor 17196"/>
			<item id="17197" losttest="1" iotype="AI" name="Sensor17197_S" textname="test sensor 17197"/>
			<item id="17198" losttest="1" iotype="AI" name="Sensor17198_S" textname="test sensor 17198"/>
			<item id="17199" losttest="1" iotype="AI" name="Sensor17199_S" textname="test sensor 17199"/>
			<item id="17200" losttest="1" iotype="AI" name="Sensor17200_S" textname="test sensor 17200"/>
			<item id="17201" losttest="1" iotype="AI" name="Sensor17201_S" textname="test sensor 17201"/>
			<item id="17202" losttest="1" iotype="AI" name="Sensor17202_S" textname="test sensor 17202"/>
			<item id="17203" losttest="1" iotype="AI" name="Sensor17203_S" textname="test sensor 17203"/>
			<item id="17204" losttest="1" iotype="AI" name="Sensor17204_S" textname="test sensor 17204"/>
			<item id="17205" losttest="1" iotype="AI" name="Sensor17205_S" textname="test sensor 17205"/>
			<item id="17206" losttest="1" iotype="AI" name="Sensor17206_S" textname="test sensor 17206"/>
			<item id="17207" losttest="1" iotype="AI" name="Sensor17207_S" textname="test sensor 17207"/>
			<item id="17208" losttest="1" iotype="AI" name="Sensor17208_S" textname="test sensor 17208"/>
			<item id="17209" losttest="1" iotype="AI" name="Sensor17209_S" textname="test sensor 17209"/>
			<item id="17210" losttest="1" iotype="AI" name="Sensor17210_S" textname="test sensor 17210"/>
			<item id="17211" losttest="1" iotype="AI" name="Sensor17211_S" textname="test sensor 17211"/>
			<item id="17212" losttest="1" iotype="AI" name="Sensor17212_S" textname="test sensor 17212"/>
			<item id="17213" losttest="1" iotype="AI" name="Sensor17213_S" textname="test sensor 17213"/>
			<item id="17214" losttest="1" iotype="AI" name="Sensor17214_S" textname="test sensor 17214"/>
			<item id="17215" losttest="1" iotype="AI" name="Sensor17215_S" textname="test sensor 17215"/>
			<item id="17216" losttest="1" iotype="AI" name="Sensor17216_S" textname="test sensor 17216"/>
			<item id="17217" losttest="1" iotype="AI" name="Sensor17217_S" textname="test sensor 17217"/>
			<item id="17218" losttest="1" iotype="AI" name="Sensor17218_S" textname="test sensor 17218"/>
			<item id="17219" losttest="1" iotype="AI" name="Sensor17219_S" textname="test sensor 17219"/>
			<item id="17220" losttest="1" iotype="AI" name="Sensor17220_S" textname="test sensor 17220"/>
			<item id="17221" losttest="1" iotype="AI" name="Sensor17221_S" textname="test sensor 17221"/>
			<item id="17222" losttest="1" iotype="AI" name="Sensor17222_S" textname="test sensor 17222"/>
			<item id="17223" losttest="1" iotype="AI" name="Sensor17223_S" textname="test sensor 17223"/>
			<item id="17224" losttest="1" iotype="AI" name="Sensor17224_S" textname="test sensor 17224"/>
			<item id="17225" losttest="1" iotype="AI" name="Sensor17225_S" textname="test sensor 17225"/>
			<item id="17226" losttest="1" iotype="AI" name="Sensor17226_S" textname="test sensor 17226"/>
			<item id="17227" losttest="1" iotype="AI" name="Sensor17227_S" textname="test sensor 17227"/>
			<item id="17228" losttest="1" iotype="AI" name="Sensor17228_S" textname="test sensor 17228"/>
			<item id="17229" losttest="1" iotype="AI" name="Sensor17229_S" textname="test sensor 17229"/>
			<item id="17230" losttest="1" iotype="AI" name="Sensor17230_S" textname="test sensor 17230"/>
			<item id="17231" losttest="1" iotype="AI" name="Sensor17231_S" textname="test sensor 17231"/>
			<item id="17232" losttest="1" iotype="AI" name="Sensor17232_S" textname="test sensor 17232"/>
			<item id="17233" losttest="1" iotype="AI" name="Sensor17233_S" textname="test sensor 17233"/>
			<item id="17234" losttest="1" iotype="AI" name="Sensor17234_S" textname="test sensor 17234"/>
			<item id="17235" losttest="1" iotype="AI" name="Sensor17235_S" textname="test sensor 17235"/>
			<item id="17236" losttest="1" iotype="AI" name="Sensor17236_S" textname="test sensor 17236"/>
			<item id="17237" losttest="1" iotype="AI" name="Sensor17237_S" textname="test sensor 17237"/>
			<item id="17238" losttest="1" iotype="AI" name="Sensor17238_S" textname="test sensor 17238"/>
			<item id="17239" losttest="1" iotype="AI" name="Sensor17239_S" textname="test sensor 17239"/>
			<item id="17240" losttest="1" iotype="AI" name="Sensor17240_S" textname="test sensor 17240"/>
			<item id="17241" losttest="1" iotype="AI" name="Sensor17241_S" textname="test sensor 17241"/>
			<item id="17242" losttest="1" iotype="AI" name="Sensor17242_S" textname="test sensor 17242"/>
			<item id="17243" losttest="1" iotype="AI" name="Sensor17243_S" textname="test sensor 17243"/>
			<item id="17244" losttest="1" iotype="AI" name="Sensor17244_S" textname="test sensor 17244"/>
			<item id="17245" losttest="1" iotype="AI" name="Sensor17245_S" textname="test sensor 17245"/>
			<item id="17246" losttest="1" iotype="AI" name="Sensor17246_S" textname="test sensor 17246"/>
			<item id="17247" losttest="1" iotype="AI" name="Sensor17247_S" textname="test sensor 17247"/>
			<item id="17248" losttest="1" iotype="AI" name="Sensor17248_S" textname="test sensor 17248"/>
			<item id="17249" losttest="1" iotype="AI" name="Sensor17249_S" textname="test sensor 17249"/>
			<item id="17250" losttest="1" iotype="AI" name="Sensor17250_S" textname="test sensor 17250"/>
			<item id="17251" losttest="1" iotype="AI" name="Sensor17251_S" textname="test sensor 17251"/>
			<item id="17252" losttest="1" iotype="AI" name="Sensor17252_S" textname="test sensor 17252"/>
			<item id="17253" losttest="1" iotype="AI" name="Sensor17253_S" textname="test sensor 17253"/>
			<item id="17254" losttest="1" iotype="AI" name="Sensor17254_S" textname="test sensor 17254"/>
			<item id="17255" losttest="1" iotype="AI" name="Sensor17255_S" textname="test sensor 17255"/>
			<item id="17256" losttest="1" iotype="AI" name="Sensor17256_S" textname="test sensor 17256"/>
			<item id="17257" losttest="1" iotype="AI" name="Sensor17257_S" textname="test sensor 17257"/>
			<item id="17258" losttest="1" iotype="AI" name="Sensor17258_S" textname="test sensor 17258"/>
			<item id="17259" losttest="1" iotype="AI" name="Sensor17259_S" textname="test sensor 17259"/>
			<item id="17260" losttest="1" iotype="AI" name="Sensor17260_S" textname="test sensor 17260"/>
			<item id="17261" losttest="1" iotype="AI" name="Sensor17261_S" textname="test sensor 17261"/>
			<item id="17262" losttest="1" iotype="AI" name="Sensor17262_S" textname="test sensor 17262"/>
			<item id="17263" losttest="1" iotype="AI" name="Sensor17263_S" textname="test sensor 17263"/>
			<item id="17264" losttest="1" iotype="AI" name="Sensor17264_S" textname="test sensor 17264"/>
			<item id="17265" losttest="1" iotype="AI" name="Sensor17265_S" textname="test sensor 17265"/>
			<item id="17266" losttest="1" iotype="AI" name="Sensor17266_S" textname="test sensor 17266"/>
			<item id="17267" losttest="1" iotype="AI" name="Sensor17267_S" textname="test sensor 17267"/>
			<item id="17268" losttest="1" iotype="AI" name="Sensor17268_S" textname="test sensor 17268"/>
			<item id="17269" losttest="1" iotype="AI" name="Sensor17269_S" textname="test sensor 17269"/>
			<item id="17270" losttest="1" iotype="AI" name="Sensor17270_S" textname="test sensor 17270"/>
			<item id="17271" losttest="1" iotype="AI" name="Sensor17271_S" textname="test sensor 17271"/>
			<item id="17272" losttest="1" iotype="AI" name="Sensor17272_S" textname="test sensor 17272"/>
			<item id="17273" losttest="1" iotype="AI" name="Sensor17273_S" textname="test sensor 17273"/>
			<item id="17274" losttest="1" iotype="AI" name="Sensor17274_S" textname="test sensor 17274"/>
			<item id="17275" losttest="1" iotype="AI" name="Sensor17275_S" textname="test sensor 17275"/>
			<item id="17276" losttest="1" iotype="AI" name="Sensor17276_S" textname="test sensor 17276"/>
			<item id="17277" losttest="1" iotype="AI" name="Sensor17277_S" textname="test sensor 17277"/>
			<item id="17278" losttest="1" iotype="AI" name="Sensor17278_S" textname="test sensor 17278"/>
			<item id="17279" losttest="1" iotype="AI" name="Sensor17279_S" textname="test sensor 17279"/>
			<item id="17280" losttest="1" iotype="AI" name="Sensor17280_S" textname="test sensor 17280"/>
			<item id="17281" losttest="1" iotype="AI" name="Sensor17281_S" textname="test sensor 17281"/>
			<item id="17282" losttest="1" iotype="AI" name="Sensor17282_S" textname="test sensor 17282"/>
			<item id="17283" losttest="1" iotype="AI" name="Sensor17283_S" textname="test sensor 17283"/>
			<item id="17284" losttest="1" iotype="AI" name="Sensor17284_S" textname="test sensor 17284"/>
			<item id="17285" losttest="1" iotype="AI" name="Sensor17285_S" textname="test sensor 17285"/>
			<item id="17286" losttest="1" iotype="AI" name="Sensor17286_S" textname="test sensor 17286"/>
			<item id="17287" losttest="1" iotype="AI" name="Sensor17287_S" textname="test sensor 17287"/>
			<item id="17288" losttest="1" iotype="AI" name="Sensor17288_S" textname="test sensor 17288"/>
			<item id="17289" losttest="1" iotype="AI" name="Sensor17289_S" textname="test sensor 17289"/>
			<item id="17290" losttest="1" iotype="AI" name="Sensor17290_S" textname="test sensor 17290"/>
			<item id="17291" losttest="1" iotype="AI" name="Sensor17291_S" textname="test sensor 17291"/>
			<item id="17292" losttest="1" iotype="AI" name="Sensor17292_S" textname="test sensor 17292"/>
			<item id="17293" losttest="1" iotype="AI" name="Sensor17293_S" textname="test sensor 17293"/>
			<item id="17294" losttest="1" iotype="AI" name="Sensor17294_S" textname="test sensor 17294"/>
			<item id="17295" losttest="1" iotype="AI" name="Sensor17295_S" textname="test sensor 17295"/>
			<item id="17296" losttest="1" iotype="AI" name="Sensor17296_S" textname="test sensor 17296"/>
			<item id="17297" losttest="1" iotype="AI" name="Sensor17297_S" textname="test sensor 17297"/>
			<item id="17298" losttest="1" iotype="AI" name="Sensor17298_S" textname="test sensor 17298"/>
			<item id="17299" losttest="1" iotype="AI" name="Sensor17299_S" textname="test sensor 17299"/>
			<item id="17300" losttest="1" iotype="AI" name="Sensor17300_S" textname="test sensor 17300"/>
			<item id="17301" losttest="1" iotype="AI" name="Sensor17301_S" textname="test sensor 17301"/>
			<item id="17302" losttest="1" iotype="AI" name="Sensor17302_S" textname="test sensor 17302"/>
			<item id="17303" losttest="1" iotype="AI" name="Sensor17303_S" textname="test sensor 17303"/>
			<item id="17304" losttest="1" iotype="AI" name="Sensor17304_S" textname="test sensor 17304"/>
			<item id="17305" losttest="1" iotype="AI" name="Sensor17305_S" textname="test sensor 17305"/>
			<item id="17306" losttest="1" iotype="AI" name="Sensor17306_S" textname="test sensor 17306"/>
			<item id="17307" losttest="1" iotype="AI" name="Sensor17307_S" textname="test sensor 17307"/>
			<item id="17308" losttest="1" iotype="AI" name="Sensor17308_S" textname="test sensor 17308"/>
			<item id="17309" losttest="1" iotype="AI" name="Sensor17309_S" textname="test sensor 17309"/>
			<item id="17310" losttest="1" iotype="AI" name="Sensor17310_S" textname="test sensor 17310"/>
			<item id="17311" losttest="1" iotype="AI" name="Sensor17311_S" textname="test sensor 17311"/>
			<item id="17312" losttest="1" iotype="AI" name="Sensor17312_S" textname="test sensor 17312"/>
			<item id="17313" losttest="1" iotype="AI" name="Sensor17313_S" textname="test sensor 17313"/>
			<item id="17314" losttest="1" iotype="AI" name="Sensor17314_S" textname="test sensor 17314"/>
			<item id="17315" losttest="1" iotype="AI" name="Sensor17315_S" textname="test sensor 17315"/>
			<item id="17316" losttest="1" iotype="AI" name="Sensor17316_S" textname="test sensor 17316"/>
			<item id="17317" losttest="1" iotype="AI" name="Sensor17317_S" textname="test sensor 17317"/>
			<item id="17318" losttest="1" iotype="AI" name="Sensor17318_S" textname="test sensor 17318"/>
			<item id="17319" losttest="1" iotype="AI" name="Sensor17319_S" textname="test sensor 17319"/>
			<item id="17320" losttest="1" iotype="AI" name="Sensor17320_S" textname="test sensor 17320"/>
			<item id="17321" losttest="1" iotype="AI" name="Sensor17321_S" textname="test sensor 17321"/>
			<item id="17322" losttest="1" iotype="AI" name="Sensor17322_S" textname="test sensor 17322"/>
			<item id="17323" losttest="1" iotype="AI" name="Sensor17323_S" textname="test sensor 17323"/>
			<item id="17324" losttest="1" iotype="AI" name="Sensor17324_S" textname="test sensor 17324"/>
			<item id="17325" losttest="1" iotype="AI" name="Sensor17325_S" textname="test sensor 17325"/>
			<item id="17326" losttest="1" iotype="AI" name="Sensor17326_S" textname="test sensor 17326"/>
			<item id="17327" losttest="1" iotype="AI" name="Sensor17327_S" textname="test sensor 17327"/>
			<item id="17328" losttest="1" iotype="AI" name="Sensor17328_S" textname="test sensor 17328"/>
			<item id="17329" losttest="1" iotype="AI" name="Sensor17329_S" textname="test sensor 17329"/>
			<item id="17330" losttest="1" iotype="AI" name="Sensor17330_S" textname="test sensor 17330"/>
			<item id="17331" losttest="1" iotype="AI" name="Sensor17331_S" textname="test sensor 17331"/>
			<item id="17332" losttest="1" iotype="AI" name="Sensor17332_S" textname="test sensor 17332"/>
			<item id="17333" losttest="1" iotype="AI" name="Sensor17333_S" textname="test sensor 17333"/>
			<item id="17334" losttest="1" iotype="AI" name="Sensor17334_S" textname="test sensor 17334"/>
			<item id="17335" losttest="1" iotype="AI" name="Sensor17335_S" textname="test sensor 17335"/>
			<item id="17336" losttest="1" iotype="AI" name="Sensor17336_S" textname="test sensor 17336"/>
			<item id="17337" losttest="1" iotype="AI" name="Sensor17337_S" textname="test sensor 17337"/>
			<item id="17338" losttest="1" iotype="AI" name="Sensor17338_S" textname="test sensor 17338"/>
			<item id="17339" losttest="1" iotype="AI" name="Sensor17339_S" textname="test sensor 17339"/>
			<item id="17340" losttest="1" iotype="AI" name="Sensor17340_S" textname="test sensor 17340"/>
			<item id="17341" losttest="1" iotype="AI" name="Sensor17341_S" textname="test sensor 17341"/>
			<item id="17342" losttest="1" iotype="AI" name="Sensor17342_S" textname="test sensor 17342"/>
			<item id="17343" losttest="1" iotype="AI" name="Sensor17343_S" textname="test sensor 17343"/>
			<item id="17344" losttest="1" iotype="AI" name="Sensor17344_S" textname="test sensor 17344"/>
			<item id="17345" losttest="1" iotype="AI" name="Sensor17345_S" textname="test sensor 17345"/>
			<item id="17346" losttest="1" iotype="AI" name="Sensor17346_S" textname="test sensor 17346"/>
			<item id="17347" losttest="1" iotype="AI" name="Sensor17347_S" textname="test sensor 17347"/>
			<item id="17348" losttest="1" iotype="AI" name="Sensor17348_S" textname="test sensor 17348"/>
			<item id="17349" losttest="1" iotype="AI" name="Sensor17349_S" textname="test sensor 17349"/>
			<item id="17350" losttest="1" iotype="AI" name="Sensor17350_S" textname="test sensor 17350"/>
			<item id="17351" losttest="1" iotype="AI" name="Sensor17351_S" textname="test sensor 17351"/>
			<item id="17352" losttest="1" iotype="AI" name="Sensor17352_S" textname="test sensor 17352"/>
			<item id="17353" losttest="1" iotype="AI" name="Sensor17353_S" textname="test sensor 17353"/>
			<item id="17354" losttest="1" iotype="AI" name="Sensor17354_S" textname="test sensor 17354"/>
			<item id="17355" losttest="1" iotype="AI" name="Sensor17355_S" textname="test sensor 17355"/>
			<item id="17356" losttest="1" iotype="AI" name="Sensor17356_S" textname="test sensor 17356"/>
			<item id="17357" losttest="1" iotype="AI" name="Sensor17357_S" textname="test sensor 17357"/>
			<item id="17358" losttest="1" iotype="AI" name="Sensor17358_S" textname="test sensor 17358"/>
			<item id="17359" losttest="1" iotype="AI" name="Sensor17359_S" textname="test sensor 17359"/>
			<item id="17360" losttest="1" iotype="AI" name="Sensor17360_S" textname="test sensor 17360"/>
			<item id="17361" losttest="1" iotype="AI" name="Sensor17361_S" textname="test sensor 17361"/>
			<item id="17362" losttest="1" iotype="AI" name="Sensor17362_S" textname="test sensor 17362"/>
			<item id="17363" losttest="1" iotype="AI" name="Sensor17363_S" textname="test sensor 17363"/>
			<item id="17364" losttest="1" iotype="AI" name="Sensor17364_S" textname="test sensor 17364"/>
			<item id="17365" losttest="1" iotype="AI" name="Sensor17365_S" textname="test sensor 17365"/>
			<item id="17366" losttest="1" iotype="AI" name="Sensor17366_S" textname="test sensor 17366"/>
			<item id="17367" losttest="1" iotype="AI" name="Sensor17367_S" textname="test sensor 17367"/>
			<item id="17368" losttest="1" iotype="AI" name="Sensor17368_S" textname="test sensor 17368"/>
			<item id="17369" losttest="1" iotype="AI" name="Sensor17369_S" textname="test sensor 17369"/>
			<item id="17370" losttest="1" iotype="AI" name="Sensor17370_S" textname="test sensor 17370"/>
			<item id="17371" losttest="1" iotype="AI" name="Sensor17371_S" textname="test sensor 17371"/>
			<item id="17372" losttest="1" iotype="AI" name="Sensor17372_S" textname="test sensor 17372"/>
			<item id="17373" losttest="1" iotype="AI" name="Sensor17373_S" textname="test sensor 17373"/>
			<item id="17374" losttest="1" iotype="AI" name="Sensor17374_S" textname="test sensor 17374"/>
			<item id="17375" losttest="1" iotype="AI" name="Sensor17375_S" textname="test sensor 17375"/>
			<item id="17376" losttest="1" iotype="AI" name="Sensor17376_S" textname="test sensor 17376"/>
			<item id="17377" losttest="1" iotype="AI" name="Sensor17377_S" textname="test sensor 17377"/>
			<item id="17378" losttest="1" iotype="AI" name="Sensor17378_S" textname="test sensor 17378"/>
			<item id="17379" losttest="1" iotype="AI" name="Sensor17379_S" textname="test sensor 17379"/>
			<item id="17380" losttest="1" iotype="AI" name="Sensor17380_S" textname="test sensor 17380"/>
			<item id="17381" losttest="1" iotype="AI" name="Sensor17381_S" textname="test sensor 17381"/>
			<item id="17382" losttest="1" iotype="AI" name="Sensor17382_S" textname="test sensor 17382"/>
			<item id="17383" losttest="1" iotype="AI" name="Sensor17383_S" textname="test sensor 17383"/>
			<item id="17384" losttest="1" iotype="AI" name="Sensor17384_S" textname="test sensor 17384"/>
			<item id="17385" losttest="1" iotype="AI" name="Sensor17385_S" textname="test sensor 17385"/>
			<item id="17386" losttest="1" iotype="AI" name="Sensor17386_S" textname="test sensor 17386"/>
			<item id="17387" losttest="1" iotype="AI" name="Sensor17387_S" textname="test sensor 17387"/>
			<item id="17388" losttest="1" iotype="AI" name="Sensor17388_S" textname="test sensor 17388"/>
			<item id="17389" losttest="1" iotype="AI" name="Sensor17389_S" textname="test sensor 17389"/>
			<item id="17390" losttest="1" iotype="AI" name="Sensor17390_S" textname="test sensor 17390"/>
			<item id="17391" losttest="1" iotype="AI" name="Sensor17391_S" textname="test sensor 17391"/>
			<item id="17392" losttest="1" iotype="AI" name="Sensor17392_S" textname="test sensor 17392"/>
			<item id="17393" losttest="1" iotype="AI" name="Sensor17393_S" textname="test sensor 17393"/>
			<item id="17394" losttest="1" iotype="AI" name="Sensor17394_S" textname="test sensor 17394"/>
			<item id="17395" losttest="1" iotype="AI" name="Sensor17395_S" textname="test sensor 17395"/>
			<item id="17396" losttest="1" iotype="AI" name="Sensor17396_S" textname="test sensor 17396"/>
			<item id="17397" losttest="1" iotype="AI" name="Sensor17397_S" textname="test sensor 17397"/>
			<item id="17398" losttest="1" iotype="AI" name="Sensor17398_S" textname="test sensor 17398"/>
			<item id="17399" losttest="1" iotype="AI" name="Sensor17399_S" textname="test sensor 17399"/>
			<item id="17400" losttest="1" iotype="AI" name="Sensor17400_S" textname="test sensor 17400"/>
			<item id="17401" losttest="1" iotype="AI" name="Sensor17401_S" textname="test sensor 17401"/>
			<item id="17402" losttest="1" iotype="AI" name="Sensor17402_S" textname="test sensor 17402"/>
			<item id="17403" losttest="1" iotype="AI" name="Sensor17403_S" textname="test sensor 17403"/>
			<item id="17404" losttest="1" iotype="AI" name="Sensor17404_S" textname="test sensor 17404"/>
			<item id="17405" losttest="1" iotype="AI" name="Sensor17405_S" textname="test sensor 17405"/>
			<item id="17406" losttest="1" iotype="AI" name="Sensor17406_S" textname="test sensor 17406"/>
			<item id="17407" losttest="1" iotype="AI" name="Sensor17407_S" textname="test sensor 17407"/>
			<item id="17408" losttest="1" iotype="AI" name="Sensor17408_S" textname="test sensor 17408"/>
			<item id="17409" losttest="1" iotype="AI" name="Sensor17409_S" textname="test sensor 17409"/>
			<item id="17410" losttest="1" iotype="AI" name="Sensor17410_S" textname="test sensor 17410"/>
			<item id="17411" losttest="1" iotype="AI" name="Sensor17411_S" textname="test sensor 17411"/>
			<item id="17412" losttest="1" iotype="AI" name="Sensor17412_S" textname="test sensor 17412"/>
			<item id="17413" losttest="1" iotype="AI" name="Sensor17413_S" textname="test sensor 17413"/>
			<item id="17414" losttest="1" iotype="AI" name="Sensor17414_S" textname="test sensor 17414"/>
			<item id="17415" losttest="1" iotype="AI" name="Sensor17415_S" textname="test sensor 17415"/>
			<item id="17416" losttest="1" iotype="AI" name="Sensor17416_S" textname="test sensor 17416"/>
			<item id="17417" losttest="1" iotype="AI" name="Sensor17417_S" textname="test sensor 17417"/>
			<item id="17418" losttest="1" iotype="AI" name="Sensor17418_S" textname="test sensor 17418"/>
			<item id="17419" losttest="1" iotype="AI" name="Sensor17419_S" textname="test sensor 17419"/>
			<item id="17420" losttest="1" iotype="AI" name="Sensor17420_S" textname="test sensor 17420"/>
			<item id="17421" losttest="1" iotype="AI" name="Sensor17421_S" textname="test sensor 17421"/>
			<item id="17422" losttest="1" iotype="AI" name="Sensor17422_S" textname="test sensor 17422"/>
			<item id="17423" losttest="1" iotype="AI" name="Sensor17423_S" textname="test sensor 17423"/>
			<item id="17424" losttest="1" iotype="AI" name="Sensor17424_S" textname="test sensor 17424"/>
			<item id="17425" losttest="1" iotype="AI" name="Sensor17425_S" textname="test sensor 17425"/>
			<item id="17426" losttest="1" iotype="AI" name="Sensor17426_S" textname="test sensor 17426"/>
			<item id="17427" losttest="1" iotype="AI" name="Sensor17427_S" textname="test sensor 17427"/>
			<item id="17428" losttest="1" iotype="AI" name="Sensor17428_S" textname="test sensor 17428"/>
			<item id="17429" losttest="1" iotype="AI" name="Sensor17429_S" textname="test sensor 17429"/>
			<item id="17430" losttest="1" iotype="AI" name="Sensor17430_S" textname="test sensor 17430"/>
			<item id="17431" losttest="1" iotype="AI" name="Sensor17431_S" textname="test sensor 17431"/>
			<item id="17432" losttest="1" iotype="AI" name="Sensor17432_S" textname="test sensor 17432"/>
			<item id="17433" losttest="1" iotype="AI" name="Sensor17433_S" textname="test sensor 17433"/>
			<item id="17434" losttest="1" iotype="AI" name="Sensor17434_S" textname="test sensor 17434"/>
			<item id="17435" losttest="1" iotype="AI" name="Sensor17435_S" textname="test sensor 17435"/>
			<item id="17436" losttest="1" iotype="AI" name="Sensor17436_S" textname="test sensor 17436"/>
			<item id="17437" losttest="1" iotype="AI" name="Sensor17437_S" textname="test sensor 17437"/>
			<item id="17438" losttest="1" iotype="AI" name="Sensor17438_S" textname="test sensor 17438"/>
			<item id="17439" losttest="1" iotype="AI" name="Sensor17439_S" textname="test sensor 17439"/>
			<item id="17440" losttest="1" iotype="AI" name="Sensor17440_S" textname="test sensor 17440"/>
			<item id="17441" losttest="1" iotype="AI" name="Sensor17441_S" textname="test sensor 17441"/>
			<item id="17442" losttest="1" iotype="AI" name="Sensor17442_S" textname="test sensor 17442"/>
			<item id="17443" losttest="1" iotype="AI" name="Sensor17443_S" textname="test sensor 17443"/>
			<item id="17444" losttest="1" iotype="AI" name="Sensor17444_S" textname="test sensor 17444"/>
			<item id="17445" losttest="1" iotype="AI" name="Sensor17445_S" textname="test sensor 17445"/>
			<item id="17446" losttest="1" iotype="AI" name="Sensor17446_S" textname="test sensor 17446"/>
			<item id="17447" losttest="1" iotype="AI" name="Sensor17447_S" textname="test sensor 17447"/>
			<item id="17448" losttest="1" iotype="AI" name="Sensor17448_S" textname="test sensor 17448"/>
			<item id="17449" losttest="1" iotype="AI" name="Sensor17449_S" textname="test sensor 17449"/>
			<item id="17450" losttest="1" iotype="AI" name="Sensor17450_S" textname="test sensor 17450"/>
			<item id="17451" losttest="1" iotype="AI" name="Sensor17451_S" textname="test sensor 17451"/>
			<item id="17452" losttest="1" iotype="AI" name="Sensor17452_S" textname="test sensor 17452"/>
			<item id="17453" losttest="1" iotype="AI" name="Sensor17453_S" textname="test sensor 17453"/>
			<item id="17454" losttest="1" iotype="AI" name="Sensor17454_S" textname="test sensor 17454"/>
			<item id="17455" losttest="1" iotype="AI" name="Sensor17455_S" textname="test sensor 17455"/>
			<item id="17456" losttest="1" iotype="AI" name="Sensor17456_S" textname="test sensor 17456"/>
			<item id="17457" losttest="1" iotype="AI" name="Sensor17457_S" textname="test sensor 17457"/>
			<item id="17458" losttest="1" iotype="AI" name="Sensor17458_S" textname="test sensor 17458"/>
			<item id="17459" losttest="1" iotype="AI" name="Sensor17459_S" textname="test sensor 17459"/>
			<item id="17460" losttest="1" iotype="AI" name="Sensor17460_S" textname="test sensor 17460"/>
			<item id="17461" losttest="1" iotype="AI" name="Sensor17461_S" textname="test sensor 17461"/>
			<item id="17462" losttest="1" iotype="AI" name="Sensor17462_S" textname="test sensor 17462"/>
			<item id="17463" losttest="1" iotype="AI" name="Sensor17463_S" textname="test sensor 17463"/>
			<item id="17464" losttest="1" iotype="AI" name="Sensor17464_S" textname="test sensor 17464"/>
			<item id="17465" losttest="1" iotype="AI" name="Sensor17465_S" textname="test sensor 17465"/>
			<item id="17466" losttest="1" iotype="AI" name="Sensor17466_S" textname="test sensor 17466"/>
			<item id="17467" losttest="1" iotype="AI" name="Sensor17467_S" textname="test sensor 17467"/>
			<item id="17468" losttest="1" iotype="AI" name="Sensor17468_S" textname="test sensor 17468"/>
			<item id="17469" losttest="1" iotype="AI" name="Sensor17469_S" textname="test sensor 17469"/>
			<item id="17470" losttest="1" iotype="AI" name="Sensor17470_S" textname="test sensor 17470"/>
			<item id="17471" losttest="1" iotype="AI" name="Sensor17471_S" textname="test sensor 17471"/>
			<item id="17472" losttest="1" iotype="AI" name="Sensor17472_S" textname="test sensor 17472"/>
			<item id="17473" losttest="1" iotype="AI" name="Sensor17473_S" textname="test sensor 17473"/>
			<item id="17474" losttest="1" iotype="AI" name="Sensor17474_S" textname="test sensor 17474"/>
			<item id="17475" losttest="1" iotype="AI" name="Sensor17475_S" textname="test sensor 17475"/>
			<item id="17476" losttest="1" iotype="AI" name="Sensor17476_S" textname="test sensor 17476"/>
			<item id="17477" losttest="1" iotype="AI" name="Sensor17477_S" textname="test sensor 17477"/>
			<item id="17478" losttest="1" iotype="AI" name="Sensor17478_S" textname="test sensor 17478"/>
			<item id="17479" losttest="1" iotype="AI" name="Sensor17479_S" textname="test sensor 17479"/>
			<item id="17480" losttest="1" iotype="AI" name="Sensor17480_S" textname="test sensor 17480"/>
			<item id="17481" losttest="1" iotype="AI" name="Sensor17481_S" textname="test sensor 17481"/>
			<item id="17482" losttest="1" iotype="AI" name="Sensor17482_S" textname="test sensor 17482"/>
			<item id="17483" losttest="1" iotype="AI" name="Sensor17483_S" textname="test sensor 17483"/>
			<item id="17484" losttest="1" iotype="AI" name="Sensor17484_S" textname="test sensor 17484"/>
			<item id="17485" losttest="1" iotype="AI" name="Sensor17485_S" textname="test sensor 17485"/>
			<item id="17486" losttest="1" iotype="AI" name="Sensor17486_S" textname="test sensor 17486"/>
			<item id="17487" losttest="1" iotype="AI" name="Sensor17487_S" textname="test sensor 17487"/>
			<item id="17488" losttest="1" iotype="AI" name="Sensor17488_S" textname="test sensor 17488"/>
			<item id="17489" losttest="1" iotype="AI" name="Sensor17489_S" textname="test sensor 17489"/>
			<item id="17490" losttest="1" iotype="AI" name="Sensor17490_S" textname="test sensor 17490"/>
			<item id="17491" losttest="1" iotype="AI" name="Sensor17491_S" textname="test sensor 17491"/>
			<item id="17492" losttest="1" iotype="AI" name="Sensor17492_S" textname="test sensor 17492"/>
			<item id="17493" losttest="1" iotype="AI" name="Sensor17493_S" textname="test sensor 17493"/>
			<item id="17494" losttest="1" iotype="AI" name="Sensor17494_S" textname="test sensor 17494"/>
			<item id="17495" losttest="1" iotype="AI" name="Sensor17495_S" textname="test sensor 17495"/>
			<item id="17496" losttest="1" iotype="AI" name="Sensor17496_S" textname="test sensor 17496"/>
			<item id="17497" losttest="1" iotype="AI" name="Sensor17497_S" textname="test sensor 17497"/>
			<item id="17498" losttest="1" iotype="AI" name="Sensor17498_S" textname="test sensor 17498"/>
			<item id="17499" losttest="1" iotype="AI" name="Sensor17499_S" textname="test sensor 17499"/>
			<item id="17500" losttest="1" iotype="AI" name="Sensor17500_S" textname="test sensor 17500"/>
			<item id="17501" losttest="1" iotype="AI" name="Sensor17501_S" textname="test sensor 17501"/>
			<item id="17502" losttest="1" iotype="AI" name="Sensor17502_S" textname="test sensor 17502"/>
			<item id="17503" losttest="1" iotype="AI" name="Sensor17503_S" textname="test sensor 17503"/>
			<item id="17504" losttest="1" iotype="AI" name="Sensor17504_S" textname="test sensor 17504"/>
			<item id="17505" losttest="1" iotype="AI" name="Sensor17505_S" textname="test sensor 17505"/>
			<item id="17506" losttest="1" iotype="AI" name="Sensor17506_S" textname="test sensor 17506"/>
			<item id="17507" losttest="1" iotype="AI" name="Sensor17507_S" textname="test sensor 17507"/>
			<item id="17508" losttest="1" iotype="AI" name="Sensor17508_S" textname="test sensor 17508"/>
			<item id="17509" losttest="1" iotype="AI" name="Sensor17509_S" textname="test sensor 17509"/>
			<item id="17510" losttest="1" iotype="AI" name="Sensor17510_S" textname="test sensor 17510"/>
			<item id="17511" losttest="1" iotype="AI" name="Sensor17511_S" textname="test sensor 17511"/>
			<item id="17512" losttest="1" iotype="AI" name="Sensor17512_S" textname="test sensor 17512"/>
			<item id="17513" losttest="1" iotype="AI" name="Sensor17513_S" textname="test sensor 17513"/>
			<item id="17514" losttest="1" iotype="AI" name="Sensor17514_S" textname="test sensor 17514"/>
			<item id="17515" losttest="1" iotype="AI" name="Sensor17515_S" textname="test sensor 17515"/>
			<item id="17516" losttest="1" iotype="AI" name="Sensor17516_S" textname="test sensor 17516"/>
			<item id="17517" losttest="1" iotype="AI" name="Sensor17517_S" textname="test sensor 17517"/>
			<item id="17518" losttest="1" iotype="AI" name="Sensor17518_S" textname="test sensor 17518"/>
			<item id="17519" losttest="1" iotype="AI" name="Sensor17519_S" textname="test sensor 17519"/>
			<item id="17520" losttest="1" iotype="AI" name="Sensor17520_S" textname="test sensor 17520"/>
			<item id="17521" losttest="1" iotype="AI" name="Sensor17521_S" textname="test sensor 17521"/>
			<item id="17522" losttest="1" iotype="AI" name="Sensor17522_S" textname="test sensor 17522"/>
			<item id="17523" losttest="1" iotype="AI" name="Sensor17523_S" textname="test sensor 17523"/>
			<item id="17524" losttest="1" iotype="AI" name="Sensor17524_S" textname="test sensor 17524"/>
			<item id="17525" losttest="1" iotype="AI" name="Sensor17525_S" textname="test sensor 17525"/>
			<item id="17526" losttest="1" iotype="AI" name="Sensor17526_S" textname="test sensor 17526"/>
			<item id="17527" losttest="1" iotype="AI" name="Sensor17527_S" textname="test sensor 17527"/>
			<item id="17528" losttest="1" iotype="AI" name="Sensor17528_S" textname="test sensor 17528"/>
			<item id="17529" losttest="1" iotype="AI" name="Sensor17529_S" textname="test sensor 17529"/>
			<item id="17530" losttest="1" iotype="AI" name="Sensor17530_S" textname="test sensor 17530"/>
			<item id="17531" losttest="1" iotype="AI" name="Sensor17531_S" textname="test sensor 17531"/>
			<item id="17532" losttest="1" iotype="AI" name="Sensor17532_S" textname="test sensor 17532"/>
			<item id="17533" losttest="1" iotype="AI" name="Sensor17533_S" textname="test sensor 17533"/>
			<item id="17534" losttest="1" iotype="AI" name="Sensor17534_S" textname="test sensor 17534"/>
			<item id="17535" losttest="1" iotype="AI" name="Sensor17535_S" textname="test sensor 17535"/>
			<item id="17536" losttest="1" iotype="AI" name="Sensor17536_S" textname="test sensor 17536"/>
			<item id="17537" losttest="1" iotype="AI" name="Sensor17537_S" textname="test sensor 17537"/>
			<item id="17538" losttest="1" iotype="AI" name="Sensor17538_S" textname="test sensor 17538"/>
			<item id="17539" losttest="1" iotype="AI" name="Sensor17539_S" textname="test sensor 17539"/>
			<item id="17540" losttest="1" iotype="AI" name="Sensor17540_S" textname="test sensor 17540"/>
			<item id="17541" losttest="1" iotype="AI" name="Sensor17541_S" textname="test sensor 17541"/>
			<item id="17542" losttest="1" iotype="AI" name="Sensor17542_S" textname="test sensor 17542"/>
			<item id="17543" losttest="1" iotype="AI" name="Sensor17543_S" textname="test sensor 17543"/>
			<item id="17544" losttest="1" iotype="AI" name="Sensor17544_S" textname="test sensor 17544"/>
			<item id="17545" losttest="1" iotype="AI" name="Sensor17545_S" textname="test sensor 17545"/>
			<item id="17546" losttest="1" iotype="AI" name="Sensor17546_S" textname="test sensor 17546"/>
			<item id="17547" losttest="1" iotype="AI" name="Sensor17547_S" textname="test sensor 17547"/>
			<item id="17548" losttest="1" iotype="AI" name="Sensor17548_S" textname="test sensor 17548"/>
			<item id="17549" losttest="1" iotype="AI" name="Sensor17549_S" textname="test sensor 17549"/>
			<item id="17550" losttest="1" iotype="AI" name="Sensor17550_S" textname="test sensor 17550"/>
			<item id="17551" losttest="1" iotype="AI" name="Sensor17551_S" textname="test sensor 17551"/>
			<item id="17552" losttest="1" iotype="AI" name="Sensor17552_S" textname="test sensor 17552"/>
			<item id="17553" losttest="1" iotype="AI" name="Sensor17553_S" textname="test sensor 17553"/>
			<item id="17554" losttest="1" iotype="AI" name="Sensor17554_S" textname="test sensor 17554"/>
			<item id="17555" losttest="1" iotype="AI" name="Sensor17555_S" textname="test sensor 17555"/>
			<item id="17556" losttest="1" iotype="AI" name="Sensor17556_S" textname="test sensor 17556"/>
			<item id="17557" losttest="1" iotype="AI" name="Sensor17557_S" textname="test sensor 17557"/>
			<item id="17558" losttest="1" iotype="AI" name="Sensor17558_S" textname="test sensor 17558"/>
			<item id="17559" losttest="1" iotype="AI" name="Sensor17559_S" textname="test sensor 17559"/>
			<item id="17560" losttest="1" iotype="AI" name="Sensor17560_S" textname="test sensor 17560"/>
			<item id="17561" losttest="1" iotype="AI" name="Sensor17561_S" textname="test sensor 17561"/>
			<item id="17562" losttest="1" iotype="AI" name="Sensor17562_S" textname="test sensor 17562"/>
			<item id="17563" losttest="1" iotype="AI" name="Sensor17563_S" textname="test sensor 17563"/>
			<item id="17564" losttest="1" iotype="AI" name="Sensor17564_S" textname="test sensor 17564"/>
			<item id="17565" losttest="1" iotype="AI" name="Sensor17565_S" textname="test sensor 17565"/>
			<item id="17566" losttest="1" iotype="AI" name="Sensor17566_S" textname="test sensor 17566"/>
			<item id="17567" losttest="1" iotype="AI" name="Sensor17567_S" textname="test sensor 17567"/>
			<item id="17568" losttest="1" iotype="AI" name="Sensor17568_S" textname="test sensor 17568"/>
			<item id="17569" losttest="1" iotype="AI" name="Sensor17569_S" textname="test sensor 17569"/>
			<item id="17570" losttest="1" iotype="AI" name="Sensor17570_S" textname="test sensor 17570"/>
			<item id="17571" losttest="1" iotype="AI" name="Sensor17571_S" textname="test sensor 17571"/>
			<item id="17572" losttest="1" iotype="AI" name="Sensor17572_S" textname="test sensor 17572"/>
			<item id="17573" losttest="1" iotype="AI" name="Sensor17573_S" textname="test sensor 17573"/>
			<item id="17574" losttest="1" iotype="AI" name="Sensor17574_S" textname="test sensor 17574"/>
			<item id="17575" losttest="1" iotype="AI" name="Sensor17575_S" textname="test sensor 17575"/>
			<item id="17576" losttest="1" iotype="AI" name="Sensor17576_S" textname="test sensor 17576"/>
			<item id="17577" losttest="1" iotype="AI" name="Sensor17577_S" textname="test sensor 17577"/>
			<item id="17578" losttest="1" iotype="AI" name="Sensor17578_S" textname="test sensor 17578"/>
			<item id="17579" losttest="1" iotype="AI" name="Sensor17579_S" textname="test sensor 17579"/>
			<item id="17580" losttest="1" iotype="AI" name="Sensor17580_S" textname="test sensor 17580"/>
			<item id="17581" losttest="1" iotype="AI" name="Sensor17581_S" textname="test sensor 17581"/>
			<item id="17582" losttest="1" iotype="AI" name="Sensor17582_S" textname="test sensor 17582"/>
			<item id="17583" losttest="1" iotype="AI" name="Sensor17583_S" textname="test sensor 17583"/>
			<item id="17584" losttest="1" iotype="AI" name="Sensor17584_S" textname="test sensor 17584"/>
			<item id="17585" losttest="1" iotype="AI" name="Sensor17585_S" textname="test sensor 17585"/>
			<item id="17586" losttest="1" iotype="AI" name="Sensor17586_S" textname="test sensor 17586"/>
			<item id="17587" losttest="1" iotype="AI" name="Sensor17587_S" textname="test sensor 17587"/>
			<item id="17588" losttest="1" iotype="AI" name="Sensor17588_S" textname="test sensor 17588"/>
			<item id="17589" losttest="1" iotype="AI" name="Sensor17589_S" textname="test sensor 17589"/>
			<item id="17590" losttest="1" iotype="AI" name="Sensor17590_S" textname="test sensor 17590"/>
			<item id="17591" losttest="1" iotype="AI" name="Sensor17591_S" textname="test sensor 17591"/>
			<item id="17592" losttest="1" iotype="AI" name="Sensor17592_S" textname="test sensor 17592"/>
			<item id="17593" losttest="1" iotype="AI" name="Sensor17593_S" textname="test sensor 17593"/>
			<item id="17594" losttest="1" iotype="AI" name="Sensor17594_S" textname="test sensor 17594"/>
			<item id="17595" losttest="1" iotype="AI" name="Sensor17595_S" textname="test sensor 17595"/>
			<item id="17596" losttest="1" iotype="AI" name="Sensor17596_S" textname="test sensor 17596"/>
			<item id="17597" losttest="1" iotype="AI" name="Sensor17597_S" textname="test sensor 17597"/>
			<item id="17598" losttest="1" iotype="AI" name="Sensor17598_S" textname="test sensor 17598"/>
			<item id="17599" losttest="1" iotype="AI" name="Sensor17599_S" textname="test sensor 17599"/>
			<item id="17600" losttest="1" iotype="AI" name="Sensor17600_S" textname="test sensor 17600"/>
			<item id="17601" losttest="1" iotype="AI" name="Sensor17601_S" textname="test sensor 17601"/>
			<item id="17602" losttest="1" iotype="AI" name="Sensor17602_S" textname="test sensor 17602"/>
			<item id="17603" losttest="1" iotype="AI" name="Sensor17603_S" textname="test sensor 17603"/>
			<item id="17604" losttest="1" iotype="AI" name="Sensor17604_S" textname="test sensor 17604"/>
			<item id="17605" losttest="1" iotype="AI" name="Sensor17605_S" textname="test sensor 17605"/>
			<item id="17606" losttest="1" iotype="AI" name="Sensor17606_S" textname="test sensor 17606"/>
			<item id="17607" losttest="1" iotype="AI" name="Sensor17607_S" textname="test sensor 17607"/>
			<item id="17608" losttest="1" iotype="AI" name="Sensor17608_S" textname="test sensor 17608"/>
			<item id="17609" losttest="1" iotype="AI" name="Sensor17609_S" textname="test sensor 17609"/>
			<item id="17610" losttest="1" iotype="AI" name="Sensor17610_S" textname="test sensor 17610"/>
			<item id="17611" losttest="1" iotype="AI" name="Sensor17611_S" textname="test sensor 17611"/>
			<item id="17612" losttest="1" iotype="AI" name="Sensor17612_S" textname="test sensor 17612"/>
			<item id="17613" losttest="1" iotype="AI" name="Sensor17613_S" textname="test sensor 17613"/>
			<item id="17614" losttest="1" iotype="AI" name="Sensor17614_S" textname="test sensor 17614"/>
			<item id="17615" losttest="1" iotype="AI" name="Sensor17615_S" textname="test sensor 17615"/>
			<item id="17616" losttest="1" iotype="AI" name="Sensor17616_S" textname="test sensor 17616"/>
			<item id="17617" losttest="1" iotype="AI" name="Sensor17617_S" textname="test sensor 17617"/>
			<item id="17618" losttest="1" iotype="AI" name="Sensor17618_S" textname="test sensor 17618"/>
			<item id="17619" losttest="1" iotype="AI" name="Sensor17619_S" textname="test sensor 17619"/>
			<item id="17620" losttest="1" iotype="AI" name="Sensor17620_S" textname="test sensor 17620"/>
			<item id="17621" losttest="1" iotype="AI" name="Sensor17621_S" textname="test sensor 17621"/>
			<item id="17622" losttest="1" iotype="AI" name="Sensor17622_S" textname="test sensor 17622"/>
			<item id="17623" losttest="1" iotype="AI" name="Sensor17623_S" textname="test sensor 17623"/>
			<item id="17624" losttest="1" iotype="AI" name="Sensor17624_S" textname="test sensor 17624"/>
			<item id="17625" losttest="1" iotype="AI" name="Sensor17625_S" textname="test sensor 17625"/>
			<item id="17626" losttest="1" iotype="AI" name="Sensor17626_S" textname="test sensor 17626"/>
			<item id="17627" losttest="1" iotype="AI" name="Sensor17627_S" textname="test sensor 17627"/>
			<item id="17628" losttest="1" iotype="AI" name="Sensor17628_S" textname="test sensor 17628"/>
			<item id="17629" losttest="1" iotype="AI" name="Sensor17629_S" textname="test sensor 17629"/>
			<item id="17630" losttest="1" iotype="AI" name="Sensor17630_S" textname="test sensor 17630"/>
			<item id="17631" losttest="1" iotype="AI" name="Sensor17631_S" textname="test sensor 17631"/>
			<item id="17632" losttest="1" iotype="AI" name="Sensor17632_S" textname="test sensor 17632"/>
			<item id="17633" losttest="1" iotype="AI" name="Sensor17633_S" textname="test sensor 17633"/>
			<item id="17634" losttest="1" iotype="AI" name="Sensor17634_S" textname="test sensor 17634"/>
			<item id="17635" losttest="1" iotype="AI" name="Sensor17635_S" textname="test sensor 17635"/>
			<item id="17636" losttest="1" iotype="AI" name="Sensor17636_S" textname="test sensor 17636"/>
			<item id="17637" losttest="1" iotype="AI" name="Sensor17637_S" textname="test sensor 17637"/>
			<item id="17638" losttest="1" iotype="AI" name="Sensor17638_S" textname="test sensor 17638"/>
			<item id="17639" losttest="1" iotype="AI" name="Sensor17639_S" textname="test sensor 17639"/>
			<item id="17640" losttest="1" iotype="AI" name="Sensor17640_S" textname="test sensor 17640"/>
			<item id="17641" losttest="1" iotype="AI" name="Sensor17641_S" textname="test sensor 17641"/>
			<item id="17642" losttest="1" iotype="AI" name="Sensor17642_S" textname="test sensor 17642"/>
			<item id="17643" losttest="1" iotype="AI" name="Sensor17643_S" textname="test sensor 17643"/>
			<item id="17644" losttest="1" iotype="AI" name="Sensor17644_S" textname="test sensor 17644"/>
			<item id="17645" losttest="1" iotype="AI" name="Sensor17645_S" textname="test sensor 17645"/>
			<item id="17646" losttest="1" iotype="AI" name="Sensor17646_S" textname="test sensor 17646"/>
			<item id="17647" losttest="1" iotype="AI" name="Sensor17647_S" textname="test sensor 17647"/>
			<item id="17648" losttest="1" iotype="AI" name="Sensor17648_S" textname="test sensor 17648"/>
			<item id="17649" losttest="1" iotype="AI" name="Sensor17649_S" textname="test sensor 17649"/>
			<item id="17650" losttest="1" iotype="AI" name="Sensor17650_S" textname="test sensor 17650"/>
			<item id="17651" losttest="1" iotype="AI" name="Sensor17651_S" textname="test sensor 17651"/>
			<item id="17652" losttest="1" iotype="AI" name="Sensor17652_S" textname="test sensor 17652"/>
			<item id="17653" losttest="1" iotype="AI" name="Sensor17653_S" textname="test sensor 17653"/>
			<item id="17654" losttest="1" iotype="AI" name="Sensor17654_S" textname="test sensor 17654"/>
			<item id="17655" losttest="1" iotype="AI" name="Sensor17655_S" textname="test sensor 17655"/>
			<item id="17656" losttest="1" iotype="AI" name="Sensor17656_S" textname="test sensor 17656"/>
			<item id="17657" losttest="1" iotype="AI" name="Sensor17657_S" textname="test sensor 17657"/>
			<item id="17658" losttest="1" iotype="AI" name="Sensor17658_S" textname="test sensor 17658"/>
			<item id="17659" losttest="1" iotype="AI" name="Sensor17659_S" textname="test sensor 17659"/>
			<item id="17660" losttest="1" iotype="AI" name="Sensor17660_S" textname="test sensor 17660"/>
			<item id="17661" losttest="1" iotype="AI" name="Sensor17661_S" textname="test sensor 17661"/>
			<item id="17662" losttest="1" iotype="AI" name="Sensor17662_S" textname="test sensor 17662"/>
			<item id="17663" losttest="1" iotype="AI" name="Sensor17663_S" textname="test sensor 17663"/>
			<item id="17664" losttest="1" iotype="AI" name="Sensor17664_S" textname="test sensor 17664"/>
			<item id="17665" losttest="1" iotype="AI" name="Sensor17665_S" textname="test sensor 17665"/>
			<item id="17666" losttest="1" iotype="AI" name="Sensor17666_S" textname="test sensor 17666"/>
			<item id="17667" losttest="1" iotype="AI" name="Sensor17667_S" textname="test sensor 17667"/>
			<item id="17668" losttest="1" iotype="AI" name="Sensor17668_S" textname="test sensor 17668"/>
			<item id="17669" losttest="1" iotype="AI" name="Sensor17669_S" textname="test sensor 17669"/>
			<item id="17670" losttest="1" iotype="AI" name="Sensor17670_S" textname="test sensor 17670"/>
			<item id="17671" losttest="1" iotype="AI" name="Sensor17671_S" textname="test sensor 17671"/>
			<item id="17672" losttest="1" iotype="AI" name="Sensor17672_S" textname="test sensor 17672"/>
			<item id="17673" losttest="1" iotype="AI" name="Sensor17673_S" textname="test sensor 17673"/>
			<item id="17674" losttest="1" iotype="AI" name="Sensor17674_S" textname="test sensor 17674"/>
			<item id="17675" losttest="1" iotype="AI" name="Sensor17675_S" textname="test sensor 17675"/>
			<item id="17676" losttest="1" iotype="AI" name="Sensor17676_S" textname="test sensor 17676"/>
			<item id="17677" losttest="1" iotype="AI" name="Sensor17677_S" textname="test sensor 17677"/>
			<item id="17678" losttest="1" iotype="AI" name="Sensor17678_S" textname="test sensor 17678"/>
			<item id="17679" losttest="1" iotype="AI" name="Sensor17679_S" textname="test sensor 17679"/>
			<item id="17680" losttest="1" iotype="AI" name="Sensor17680_S" textname="test sensor 17680"/>
			<item id="17681" losttest="1" iotype="AI" name="Sensor17681_S" textname="test sensor 17681"/>
			<item id="17682" losttest="1" iotype="AI" name="Sensor17682_S" textname="test sensor 17682"/>
			<item id="17683" losttest="1" iotype="AI" name="Sensor17683_S" textname="test sensor 17683"/>
			<item id="17684" losttest="1" iotype="AI" name="Sensor17684_S" textname="test sensor 17684"/>
			<item id="17685" losttest="1" iotype="AI" name="Sensor17685_S" textname="test sensor 17685"/>
			<item id="17686" losttest="1" iotype="AI" name="Sensor17686_S" textname="test sensor 17686"/>
			<item id="17687" losttest="1" iotype="AI" name="Sensor17687_S" textname="test sensor 17687"/>
			<item id="17688" losttest="1" iotype="AI" name="Sensor17688_S" textname="test sensor 17688"/>
			<item id="17689" losttest="1" iotype="AI" name="Sensor17689_S" textname="test sensor 17689"/>
			<item id="17690" losttest="1" iotype="AI" name="Sensor17690_S" textname="test sensor 17690"/>
			<item id="17691" losttest="1" iotype="AI" name="Sensor17691_S" textname="test sensor 17691"/>
			<item id="17692" losttest="1" iotype="AI" name="Sensor17692_S" textname="test sensor 17692"/>
			<item id="17693" losttest="1" iotype="AI" name="Sensor17693_S" textname="test sensor 17693"/>
			<item id="17694" losttest="1" iotype="AI" name="Sensor17694_S" textname="test sensor 17694"/>
			<item id="17695" losttest="1" iotype="AI" name="Sensor17695_S" textname="test sensor 17695"/>
			<item id="17696" losttest="1" iotype="AI" name="Sensor17696_S" textname="test sensor 17696"/>
			<item id="17697" losttest="1" iotype="AI" name="Sensor17697_S" textname="test sensor 17697"/>
			<item id="17698" losttest="1" iotype="AI" name="Sensor17698_S" textname="test sensor 17698"/>
			<item id="17699" losttest="1" iotype="AI" name="Sensor17699_S" textname="test sensor 17699"/>
			<item id="17700" losttest="1" iotype="AI" name="Sensor17700_S" textname="test sensor 17700"/>
			<item id="17701" losttest="1" iotype="AI" name="Sensor17701_S" textname="test sensor 17701"/>
			<item id="17702" losttest="1" iotype="AI" name="Sensor17702_S" textname="test sensor 17702"/>
			<item id="17703" losttest="1" iotype="AI" name="Sensor17703_S" textname="test sensor 17703"/>
			<item id="17704" losttest="1" iotype="AI" name="Sensor17704_S" textname="test sensor 17704"/>
			<item id="17705" losttest="1" iotype="AI" name="Sensor17705_S" textname="test sensor 17705"/>
			<item id="17706" losttest="1" iotype="AI" name="Sensor17706_S" textname="test sensor 17706"/>
			<item id="17707" losttest="1" iotype="AI" name="Sensor17707_S" textname="test sensor 17707"/>
			<item id="17708" losttest="1" iotype="AI" name="Sensor17708_S" textname="test sensor 17708"/>
			<item id="17709" losttest="1" iotype="AI" name="Sensor17709_S" textname="test sensor 17709"/>
			<item id="17710" losttest="1" iotype="AI" name="Sensor17710_S" textname="test sensor 17710"/>
			<item id="17711" losttest="1" iotype="AI" name="Sensor17711_S" textname="test sensor 17711"/>
			<item id="17712" losttest="1" iotype="AI" name="Sensor17712_S" textname="test sensor 17712"/>
			<item id="17713" losttest="1" iotype="AI" name="Sensor17713_S" textname="test sensor 17713"/>
			<item id="17714" losttest="1" iotype="AI" name="Sensor17714_S" textname="test sensor 17714"/>
			<item id="17715" losttest="1" iotype="AI" name="Sensor17715_S" textname="test sensor 17715"/>
			<item id="17716" losttest="1" iotype="AI" name="Sensor17716_S" textname="test sensor 17716"/>
			<item id="17717" losttest="1" iotype="AI" name="Sensor17717_S" textname="test sensor 17717"/>
			<item id="17718" losttest="1" iotype="AI" name="Sensor17718_S" textname="test sensor 17718"/>
			<item id="17719" losttest="1" iotype="AI" name="Sensor17719_S" textname="test sensor 17719"/>
			<item id="17720" losttest="1" iotype="AI" name="Sensor17720_S" textname="test sensor 17720"/>
			<item id="17721" losttest="1" iotype="AI" name="Sensor17721_S" textname="test sensor 17721"/>
			<item id="17722" losttest="1" iotype="AI" name="Sensor17722_S" textname="test sensor 17722"/>
			<item id="17723" losttest="1" iotype="AI" name="Sensor17723_S" textname="test sensor 17723"/>
			<item id="17724" losttest="1" iotype="AI" name="Sensor17724_S" textname="test sensor 17724"/>
			<item id="17725" losttest="1" iotype="AI" name="Sensor17725_S" textname="test sensor 17725"/>
			<item id="17726" losttest="1" iotype="AI" name="Sensor17726_S" textname="test sensor 17726"/>
			<item id="17727" losttest="1" iotype="AI" name="Sensor17727_S" textname="test sensor 17727"/>
			<item id="17728" losttest="1" iotype="AI" name="Sensor17728_S" textname="test sensor 17728"/>
			<item id="17729" losttest="1" iotype="AI" name="Sensor17729_S" textname="test sensor 17729"/>
			<item id="17730" losttest="1" iotype="AI" name="Sensor17730_S" textname="test sensor 17730"/>
			<item id="17731" losttest="1" iotype="AI" name="Sensor17731_S" textname="test sensor 17731"/>
			<item id="17732" losttest="1" iotype="AI" name="Sensor17732_S" textname="test sensor 17732"/>
			<item id="17733" losttest="1" iotype="AI" name="Sensor17733_S" textname="test sensor 17733"/>
			<item id="17734" losttest="1" iotype="AI" name="Sensor17734_S" textname="test sensor 17734"/>
			<item id="17735" losttest="1" iotype="AI" name="Sensor17735_S" textname="test sensor 17735"/>
			<item id="17736" losttest="1" iotype="AI" name="Sensor17736_S" textname="test sensor 17736"/>
			<item id="17737" losttest="1" iotype="AI" name="Sensor17737_S" textname="test sensor 17737"/>
			<item id="17738" losttest="1" iotype="AI" name="Sensor17738_S" textname="test sensor 17738"/>
			<item id="17739" losttest="1" iotype="AI" name="Sensor17739_S" textname="test sensor 17739"/>
			<item id="17740" losttest="1" iotype="AI" name="Sensor17740_S" textname="test sensor 17740"/>
			<item id="17741" losttest="1" iotype="AI" name="Sensor17741_S" textname="test sensor 17741"/>
			<item id="17742" losttest="1" iotype="AI" name="Sensor17742_S" textname="test sensor 17742"/>
			<item id="17743" losttest="1" iotype="AI" name="Sensor17743_S" textname="test sensor 17743"/>
			<item id="17744" losttest="1" iotype="AI" name="Sensor17744_S" textname="test sensor 17744"/>
			<item id="17745" losttest="1" iotype="AI" name="Sensor17745_S" textname="test sensor 17745"/>
			<item id="17746" losttest="1" iotype="AI" name="Sensor17746_S" textname="test sensor 17746"/>
			<item id="17747" losttest="1" iotype="AI" name="Sensor17747_S" textname="test sensor 17747"/>
			<item id="17748" losttest="1" iotype="AI" name="Sensor17748_S" textname="test sensor 17748"/>
			<item id="17749" losttest="1" iotype="AI" name="Sensor17749_S" textname="test sensor 17749"/>
			<item id="17750" losttest="1" iotype="AI" name="Sensor17750_S" textname="test sensor 17750"/>
			<item id="17751" losttest="1" iotype="AI" name="Sensor17751_S" textname="test sensor 17751"/>
			<item id="17752" losttest="1" iotype="AI" name="Sensor17752_S" textname="test sensor 17752"/>
			<item id="17753" losttest="1" iotype="AI" name="Sensor17753_S" textname="test sensor 17753"/>
			<item id="17754" losttest="1" iotype="AI" name="Sensor17754_S" textname="test sensor 17754"/>
			<item id="17755" losttest="1" iotype="AI" name="Sensor17755_S" textname="test sensor 17755"/>
			<item id="17756" losttest="1" iotype="AI" name="Sensor17756_S" textname="test sensor 17756"/>
			<item id="17757" losttest="1" iotype="AI" name="Sensor17757_S" textname="test sensor 17757"/>
			<item id="17758" losttest="1" iotype="AI" name="Sensor17758_S" textname="test sensor 17758"/>
			<item id="17759" losttest="1" iotype="AI" name="Sensor17759_S" textname="test sensor 17759"/>
			<item id="17760" losttest="1" iotype="AI" name="Sensor17760_S" textname="test sensor 17760"/>
			<item id="17761" losttest="1" iotype="AI" name="Sensor17761_S" textname="test sensor 17761"/>
			<item id="17762" losttest="1" iotype="AI" name="Sensor17762_S" textname="test sensor 17762"/>
			<item id="17763" losttest="1" iotype="AI" name="Sensor17763_S" textname="test sensor 17763"/>
			<item id="17764" losttest="1" iotype="AI" name="Sensor17764_S" textname="test sensor 17764"/>
			<item id="17765" losttest="1" iotype="AI" name="Sensor17765_S" textname="test sensor 17765"/>
			<item id="17766" losttest="1" iotype="AI" name="Sensor17766_S" textname="test sensor 17766"/>
			<item id="17767" losttest="1" iotype="AI" name="Sensor17767_S" textname="test sensor 17767"/>
			<item id="17768" losttest="1" iotype="AI" name="Sensor17768_S" textname="test sensor 17768"/>
			<item id="17769" losttest="1" iotype="AI" name="Sensor17769_S" textname="test sensor 17769"/>
			<item id="17770" losttest="1" iotype="AI" name="Sensor17770_S" textname="test sensor 17770"/>
			<item id="17771" losttest="1" iotype="AI" name="Sensor17771_S" textname="test sensor 17771"/>
			<item id="17772" losttest="1" iotype="AI" name="Sensor17772_S" textname="test sensor 17772"/>
			<item id="17773" losttest="1" iotype="AI" name="Sensor17773_S" textname="test sensor 17773"/>
			<item id="17774" losttest="1" iotype="AI" name="Sensor17774_S" textname="test sensor 17774"/>
			<item id="17775" losttest="1" iotype="AI" name="Sensor17775_S" textname="test sensor 17775"/>
			<item id="17776" losttest="1" iotype="AI" name="Sensor17776_S" textname="test sensor 17776"/>
			<item id="17777" losttest="1" iotype="AI" name="Sensor17777_S" textname="test sensor 17777"/>
			<item id="17778" losttest="1" iotype="AI" name="Sensor17778_S" textname="test sensor 17778"/>
			<item id="17779" losttest="1" iotype="AI" name="Sensor17779_S" textname="test sensor 17779"/>
			<item id="17780" losttest="1" iotype="AI" name="Sensor17780_S" textname="test sensor 17780"/>
			<item id="17781" losttest="1" iotype="AI" name="Sensor17781_S" textname="test sensor 17781"/>
			<item id="17782" losttest="1" iotype="AI" name="Sensor17782_S" textname="test sensor 17782"/>
			<item id="17783" losttest="1" iotype="AI" name="Sensor17783_S" textname="test sensor 17783"/>
			<item id="17784" losttest="1" iotype="AI" name="Sensor17784_S" textname="test sensor 17784"/>
			<item id="17785" losttest="1" iotype="AI" name="Sensor17785_S" textname="test sensor 17785"/>
			<item id="17786" losttest="1" iotype="AI" name="Sensor17786_S" textname="test sensor 17786"/>
			<item id="17787" losttest="1" iotype="AI" name="Sensor17787_S" textname="test sensor 17787"/>
			<item id="17788" losttest="1" iotype="AI" name="Sensor17788_S" textname="test sensor 17788"/>
			<item id="17789" losttest="1" iotype="AI" name="Sensor17789_S" textname="test sensor 17789"/>
			<item id="17790" losttest="1" iotype="AI" name="Sensor17790_S" textname="test sensor 17790"/>
			<item id="17791" losttest="1" iotype="AI" name="Sensor17791_S" textname="test sensor 17791"/>
			<item id="17792" losttest="1" iotype="AI" name="Sensor17792_S" textname="test sensor 17792"/>
			<item id="17793" losttest="1" iotype="AI" name="Sensor17793_S" textname="test sensor 17793"/>
			<item id="17794" losttest="1" iotype="AI" name="Sensor17794_S" textname="test sensor 17794"/>
			<item id="17795" losttest="1" iotype="AI" name="Sensor17795_S" textname="test sensor 17795"/>
			<item id="17796" losttest="1" iotype="AI" name="Sensor17796_S" textname="test sensor 17796"/>
			<item id="17797" losttest="1" iotype="AI" name="Sensor17797_S" textname="test sensor 17797"/>
			<item id="17798" losttest="1" iotype="AI" name="Sensor17798_S" textname="test sensor 17798"/>
			<item id="17799" losttest="1" iotype="AI" name="Sensor17799_S" textname="test sensor 17799"/>
			<item id="17800" losttest="1" iotype="AI" name="Sensor17800_S" textname="test sensor 17800"/>
			<item id="17801" losttest="1" iotype="AI" name="Sensor17801_S" textname="test sensor 17801"/>
			<item id="17802" losttest="1" iotype="AI" name="Sensor17802_S" textname="test sensor 17802"/>
			<item id="17803" losttest="1" iotype="AI" name="Sensor17803_S" textname="test sensor 17803"/>
			<item id="17804" losttest="1" iotype="AI" name="Sensor17804_S" textname="test sensor 17804"/>
			<item id="17805" losttest="1" iotype="AI" name="Sensor17805_S" textname="test sensor 17805"/>
			<item id="17806" losttest="1" iotype="AI" name="Sensor17806_S" textname="test sensor 17806"/>
			<item id="17807" losttest="1" iotype="AI" name="Sensor17807_S" textname="test sensor 17807"/>
			<item id="17808" losttest="1" iotype="AI" name="Sensor17808_S" textname="test sensor 17808"/>
			<item id="17809" losttest="1" iotype="AI" name="Sensor17809_S" textname="test sensor 17809"/>
			<item id="17810" losttest="1" iotype="AI" name="Sensor17810_S" textname="test sensor 17810"/>
			<item id="17811" losttest="1" iotype="AI" name="Sensor17811_S" textname="test sensor 17811"/>
			<item id="17812" losttest="1" iotype="AI" name="Sensor17812_S" textname="test sensor 17812"/>
			<item id="17813" losttest="1" iotype="AI" name="Sensor17813_S" textname="test sensor 17813"/>
			<item id="17814" losttest="1" iotype="AI" name="Sensor17814_S" textname="test sensor 17814"/>
			<item id="17815" losttest="1" iotype="AI" name="Sensor17815_S" textname="test sensor 17815"/>
			<item id="17816" losttest="1" iotype="AI" name="Sensor17816_S" textname="test sensor 17816"/>
			<item id="17817" losttest="1" iotype="AI" name="Sensor17817_S" textname="test sensor 17817"/>
			<item id="17818" losttest="1" iotype="AI" name="Sensor17818_S" textname="test sensor 17818"/>
			<item id="17819" losttest="1" iotype="AI" name="Sensor17819_S" textname="test sensor 17819"/>
			<item id="17820" losttest="1" iotype="AI" name="Sensor17820_S" textname="test sensor 17820"/>
			<item id="17821" losttest="1" iotype="AI" name="Sensor17821_S" textname="test sensor 17821"/>
			<item id="17822" losttest="1" iotype="AI" name="Sensor17822_S" textname="test sensor 17822"/>
			<item id="17823" losttest="1" iotype="AI" name="Sensor17823_S" textname="test sensor 17823"/>
			<item id="17824" losttest="1" iotype="AI" name="Sensor17824_S" textname="test sensor 17824"/>
			<item id="17825" losttest="1" iotype="AI" name="Sensor17825_S" textname="test sensor 17825"/>
			<item id="17826" losttest="1" iotype="AI" name="Sensor17826_S" textname="test sensor 17826"/>
			<item id="17827" losttest="1" iotype="AI" name="Sensor17827_S" textname="test sensor 17827"/>
			<item id="17828" losttest="1" iotype="AI" name="Sensor17828_S" textname="test sensor 17828"/>
			<item id="17829" losttest="1" iotype="AI" name="Sensor17829_S" textname="test sensor 17829"/>
			<item id="17830" losttest="1" iotype="AI" name="Sensor17830_S" textname="test sensor 17830"/>
			<item id="17831" losttest="1" iotype="AI" name="Sensor17831_S" textname="test sensor 17831"/>
			<item id="17832" losttest="1" iotype="AI" name="Sensor17832_S" textname="test sensor 17832"/>
			<item id="17833" losttest="1" iotype="AI" name="Sensor17833_S" textname="test sensor 17833"/>
			<item id="17834" losttest="1" iotype="AI" name="Sensor17834_S" textname="test sensor 17834"/>
			<item id="17835" losttest="1" iotype="AI" name="Sensor17835_S" textname="test sensor 17835"/>
			<item id="17836" losttest="1" iotype="AI" name="Sensor17836_S" textname="test sensor 17836"/>
			<item id="17837" losttest="1" iotype="AI" name="Sensor17837_S" textname="test sensor 17837"/>
			<item id="17838" losttest="1" iotype="AI" name="Sensor17838_S" textname="test sensor 17838"/>
			<item id="17839" losttest="1" iotype="AI" name="Sensor17839_S" textname="test sensor 17839"/>
			<item id="17840" losttest="1" iotype="AI" name="Sensor17840_S" textname="test sensor 17840"/>
			<item id="17841" losttest="1" iotype="AI" name="Sensor17841_S" textname="test sensor 17841"/>
			<item id="17842" losttest="1" iotype="AI" name="Sensor17842_S" textname="test sensor 17842"/>
			<item id="17843" losttest="1" iotype="AI" name="Sensor17843_S" textname="test sensor 17843"/>
			<item id="17844" losttest="1" iotype="AI" name="Sensor17844_S" textname="test sensor 17844"/>
			<item id="17845" losttest="1" iotype="AI" name="Sensor17845_S" textname="test sensor 17845"/>
			<item id="17846" losttest="1" iotype="AI" name="Sensor17846_S" textname="test sensor 17846"/>
			<item id="17847" losttest="1" iotype="AI" name="Sensor17847_S" textname="test sensor 17847"/>
			<item id="17848" losttest="1" iotype="AI" name="Sensor17848_S" textname="test sensor 17848"/>
			<item id="17849" losttest="1" iotype="AI" name="Sensor17849_S" textname="test sensor 17849"/>
			<item id="17850" losttest="1" iotype="AI" name="Sensor17850_S" textname="test sensor 17850"/>
			<item id="17851" losttest="1" iotype="AI" name="Sensor17851_S" textname="test sensor 17851"/>
			<item id="17852" losttest="1" iotype="AI" name="Sensor17852_S" textname="test sensor 17852"/>
			<item id="17853" losttest="1" iotype="AI" name="Sensor17853_S" textname="test sensor 17853"/>
			<item id="17854" losttest="1" iotype="AI" name="Sensor17854_S" textname="test sensor 17854"/>
			<item id="17855" losttest="1" iotype="AI" name="Sensor17855_S" textname="test sensor 17855"/>
			<item id="17856" losttest="1" iotype="AI" name="Sensor17856_S" textname="test sensor 17856"/>
			<item id="17857" losttest="1" iotype="AI" name="Sensor17857_S" textname="test sensor 17857"/>
			<item id="17858" losttest="1" iotype="AI" name="Sensor17858_S" textname="test sensor 17858"/>
			<item id="17859" losttest="1" iotype="AI" name="Sensor17859_S" textname="test sensor 17859"/>
			<item id="17860" losttest="1" iotype="AI" name="Sensor17860_S" textname="test sensor 17860"/>
			<item id="17861" losttest="1" iotype="AI" name="Sensor17861_S" textname="test sensor 17861"/>
			<item id="17862" losttest="1" iotype="AI" name="Sensor17862_S" textname="test sensor 17862"/>
			<item id="17863" losttest="1" iotype="AI" name="Sensor17863_S" textname="test sensor 17863"/>
			<item id="17864" losttest="1" iotype="AI" name="Sensor17864_S" textname="test sensor 17864"/>
			<item id="17865" losttest="1" iotype="AI" name="Sensor17865_S" textname="test sensor 17865"/>
			<item id="17866" losttest="1" iotype="AI" name="Sensor17866_S" textname="test sensor 17866"/>
			<item id="17867" losttest="1" iotype="AI" name="Sensor17867_S" textname="test sensor 17867"/>
			<item id="17868" losttest="1" iotype="AI" name="Sensor17868_S" textname="test sensor 17868"/>
			<item id="17869" losttest="1" iotype="AI" name="Sensor17869_S" textname="test sensor 17869"/>
			<item id="17870" losttest="1" iotype="AI" name="Sensor17870_S" textname="test sensor 17870"/>
			<item id="17871" losttest="1" iotype="AI" name="Sensor17871_S" textname="test sensor 17871"/>
			<item id="17872" losttest="1" iotype="AI" name="Sensor17872_S" textname="test sensor 17872"/>
			<item id="17873" losttest="1" iotype="AI" name="Sensor17873_S" textname="test sensor 17873"/>
			<item id="17874" losttest="1" iotype="AI" name="Sensor17874_S" textname="test sensor 17874"/>
			<item id="17875" losttest="1" iotype="AI" name="Sensor17875_S" textname="test sensor 17875"/>
			<item id="17876" losttest="1" iotype="AI" name="Sensor17876_S" textname="test sensor 17876"/>
			<item id="17877" losttest="1" iotype="AI" name="Sensor17877_S" textname="test sensor 17877"/>
			<item id="17878" losttest="1" iotype="AI" name="Sensor17878_S" textname="test sensor 17878"/>
			<item id="17879" losttest="1" iotype="AI" name="Sensor17879_S" textname="test sensor 17879"/>
			<item id="17880" losttest="1" iotype="AI" name="Sensor17880_S" textname="test sensor 17880"/>
			<item id="17881" losttest="1" iotype="AI" name="Sensor17881_S" textname="test sensor 17881"/>
			<item id="17882" losttest="1" iotype="AI" name="Sensor17882_S" textname="test sensor 17882"/>
			<item id="17883" losttest="1" iotype="AI" name="Sensor17883_S" textname="test sensor 17883"/>
			<item id="17884" losttest="1" iotype="AI" name="Sensor17884_S" textname="test sensor 17884"/>
			<item id="17885" losttest="1" iotype="AI" name="Sensor17885_S" textname="test sensor 17885"/>
			<item id="17886" losttest="1" iotype="AI" name="Sensor17886_S" textname="test sensor 17886"/>
			<item id="17887" losttest="1" iotype="AI" name="Sensor17887_S" textname="test sensor 17887"/>
			<item id="17888" losttest="1" iotype="AI" name="Sensor17888_S" textname="test sensor 17888"/>
			<item id="17889" losttest="1" iotype="AI" name="Sensor17889_S" textname="test sensor 17889"/>
			<item id="17890" losttest="1" iotype="AI" name="Sensor17890_S" textname="test sensor 17890"/>
			<item id="17891" losttest="1" iotype="AI" name="Sensor17891_S" textname="test sensor 17891"/>
			<item id="17892" losttest="1" iotype="AI" name="Sensor17892_S" textname="test sensor 17892"/>
			<item id="17893" losttest="1" iotype="AI" name="Sensor17893_S" textname="test sensor 17893"/>
			<item id="17894" losttest="1" iotype="AI" name="Sensor17894_S" textname="test sensor 17894"/>
			<item id="17895" losttest="1" iotype="AI" name="Sensor17895_S" textname="test sensor 17895"/>
			<item id="17896" losttest="1" iotype="AI" name="Sensor17896_S" textname="test sensor 17896"/>
			<item id="17897" losttest="1" iotype="AI" name="Sensor17897_S" textname="test sensor 17897"/>
			<item id="17898" losttest="1" iotype="AI" name="Sensor17898_S" textname="test sensor 17898"/>
			<item id="17899" losttest="1" iotype="AI" name="Sensor17899_S" textname="test sensor 17899"/>
			<item id="17900" losttest="1" iotype="AI" name="Sensor17900_S" textname="test sensor 17900"/>
			<item id="17901" losttest="1" iotype="AI" name="Sensor17901_S" textname="test sensor 17901"/>
			<item id="17902" losttest="1" iotype="AI" name="Sensor17902_S" textname="test sensor 17902"/>
			<item id="17903" losttest="1" iotype="AI" name="Sensor17903_S" textname="test sensor 17903"/>
			<item id="17904" losttest="1" iotype="AI" name="Sensor17904_S" textname="test sensor 17904"/>
			<item id="17905" losttest="1" iotype="AI" name="Sensor17905_S" textname="test sensor 17905"/>
			<item id="17906" losttest="1" iotype="AI" name="Sensor17906_S" textname="test sensor 17906"/>
			<item id="17907" losttest="1" iotype="AI" name="Sensor17907_S" textname="test sensor 17907"/>
			<item id="17908" losttest="1" iotype="AI" name="Sensor17908_S" textname="test sensor 17908"/>
			<item id="17909" losttest="1" iotype="AI" name="Sensor17909_S" textname="test sensor 17909"/>
			<item id="17910" losttest="1" iotype="AI" name="Sensor17910_S" textname="test sensor 17910"/>
			<item id="17911" losttest="1" iotype="AI" name="Sensor17911_S" textname="test sensor 17911"/>
			<item id="17912" losttest="1" iotype="AI" name="Sensor17912_S" textname="test sensor 17912"/>
			<item id="17913" losttest="1" iotype="AI" name="Sensor17913_S" textname="test sensor 17913"/>
			<item id="17914" losttest="1" iotype="AI" name="Sensor17914_S" textname="test sensor 17914"/>
			<item id="17915" losttest="1" iotype="AI" name="Sensor17915_S" textname="test sensor 17915"/>
			<item id="17916" losttest="1" iotype="AI" name="Sensor17916_S" textname="test sensor 17916"/>
			<item id="17917" losttest="1" iotype="AI" name="Sensor17917_S" textname="test sensor 17917"/>
			<item id="17918" losttest="1" iotype="AI" name="Sensor17918_S" textname="test sensor 17918"/>
			<item id="17919" losttest="1" iotype="AI" name="Sensor17919_S" textname="test sensor 17919"/>
			<item id="17920" losttest="1" iotype="AI" name="Sensor17920_S" textname="test sensor 17920"/>
			<item id="17921" losttest="1" iotype="AI" name="Sensor17921_S" textname="test sensor 17921"/>
			<item id="17922" losttest="1" iotype="AI" name="Sensor17922_S" textname="test sensor 17922"/>
			<item id="17923" losttest="1" iotype="AI" name="Sensor17923_S" textname="test sensor 17923"/>
			<item id="17924" losttest="1" iotype="AI" name="Sensor17924_S" textname="test sensor 17924"/>
			<item id="17925" losttest="1" iotype="AI" name="Sensor17925_S" textname="test sensor 17925"/>
			<item id="17926" losttest="1" iotype="AI" name="Sensor17926_S" textname="test sensor 17926"/>
			<item id="17927" losttest="1" iotype="AI" name="Sensor17927_S" textname="test sensor 17927"/>
			<item id="17928" losttest="1" iotype="AI" name="Sensor17928_S" textname="test sensor 17928"/>
			<item id="17929" losttest="1" iotype="AI" name="Sensor17929_S" textname="test sensor 17929"/>
			<item id="17930" losttest="1" iotype="AI" name="Sensor17930_S" textname="test sensor 17930"/>
			<item id="17931" losttest="1" iotype="AI" name="Sensor17931_S" textname="test sensor 17931"/>
			<item id="17932" losttest="1" iotype="AI" name="Sensor17932_S" textname="test sensor 17932"/>
			<item id="17933" losttest="1" iotype="AI" name="Sensor17933_S" textname="test sensor 17933"/>
			<item id="17934" losttest="1" iotype="AI" name="Sensor17934_S" textname="test sensor 17934"/>
			<item id="17935" losttest="1" iotype="AI" name="Sensor17935_S" textname="test sensor 17935"/>
			<item id="17936" losttest="1" iotype="AI" name="Sensor17936_S" textname="test sensor 17936"/>
			<item id="17937" losttest="1" iotype="AI" name="Sensor17937_S" textname="test sensor 17937"/>
			<item id="17938" losttest="1" iotype="AI" name="Sensor17938_S" textname="test sensor 17938"/>
			<item id="17939" losttest="1" iotype="AI" name="Sensor17939_S" textname="test sensor 17939"/>
			<item id="17940" losttest="1" iotype="AI" name="Sensor17940_S" textname="test sensor 17940"/>
			<item id="17941" losttest="1" iotype="AI" name="Sensor17941_S" textname="test sensor 17941"/>
			<item id="17942" losttest="1" iotype="AI" name="Sensor17942_S" textname="test sensor 17942"/>
			<item id="17943" losttest="1" iotype="AI" name="Sensor17943_S" textname="test sensor 17943"/>
			<item id="17944" losttest="1" iotype="AI" name="Sensor17944_S" textname="test sensor 17944"/>
			<item id="17945" losttest="1" iotype="AI" name="Sensor17945_S" textname="test sensor 17945"/>
			<item id="17946" losttest="1" iotype="AI" name="Sensor17946_S" textname="test sensor 17946"/>
			<item id="17947" losttest="1" iotype="AI" name="Sensor17947_S" textname="test sensor 17947"/>
			<item id="17948" losttest="1" iotype="AI" name="Sensor17948_S" textname="test sensor 17948"/>
			<item id="17949" losttest="1" iotype="AI" name="Sensor17949_S" textname="test sensor 17949"/>
			<item id="17950" losttest="1" iotype="AI" name="Sensor17950_S" textname="test sensor 17950"/>
			<item id="17951" losttest="1" iotype="AI" name="Sensor17951_S" textname="test sensor 17951"/>
			<item id="17952" losttest="1" iotype="AI" name="Sensor17952_S" textname="test sensor 17952"/>
			<item id="17953" losttest="1" iotype="AI" name="Sensor17953_S" textname="test sensor 17953"/>
			<item id="17954" losttest="1" iotype="AI" name="Sensor17954_S" textname="test sensor 17954"/>
			<item id="17955" losttest="1" iotype="AI" name="Sensor17955_S" textname="test sensor 17955"/>
			<item id="17956" losttest="1" iotype="AI" name="Sensor17956_S" textname="test sensor 17956"/>
			<item id="17957" losttest="1" iotype="AI" name="Sensor17957_S" textname="test sensor 17957"/>
			<item id="17958" losttest="1" iotype="AI" name="Sensor17958_S" textname="test sensor 17958"/>
			<item id="17959" losttest="1" iotype="AI" name="Sensor17959_S" textname="test sensor 17959"/>
			<item id="17960" losttest="1" iotype="AI" name="Sensor17960_S" textname="test sensor 17960"/>
			<item id="17961" losttest="1" iotype="AI" name="Sensor17961_S" textname="test sensor 17961"/>
			<item id="17962" losttest="1" iotype="AI" name="Sensor17962_S" textname="test sensor 17962"/>
			<item id="17963" losttest="1" iotype="AI" name="Sensor17963_S" textname="test sensor 17963"/>
			<item id="17964" losttest="1" iotype="AI" name="Sensor17964_S" textname="test sensor 17964"/>
			<item id="17965" losttest="1" iotype="AI" name="Sensor17965_S" textname="test sensor 17965"/>
			<item id="17966" losttest="1" iotype="AI" name="Sensor17966_S" textname="test sensor 17966"/>
			<item id="17967" losttest="1" iotype="AI" name="Sensor17967_S" textname="test sensor 17967"/>
			<item id="17968" losttest="1" iotype="AI" name="Sensor17968_S" textname="test sensor 17968"/>
			<item id="17969" losttest="1" iotype="AI" name="Sensor17969_S" textname="test sensor 17969"/>
			<item id="17970" losttest="1" iotype="AI" name="Sensor17970_S" textname="test sensor 17970"/>
			<item id="17971" losttest="1" iotype="AI" name="Sensor17971_S" textname="test sensor 17971"/>
			<item id="17972" losttest="1" iotype="AI" name="Sensor17972_S" textname="test sensor 17972"/>
			<item id="17973" losttest="1" iotype="AI" name="Sensor17973_S" textname="test sensor 17973"/>
			<item id="17974" losttest="1" iotype="AI" name="Sensor17974_S" textname="test sensor 17974"/>
			<item id="17975" losttest="1" iotype="AI" name="Sensor17975_S" textname="test sensor 17975"/>
			<item id="17976" losttest="1" iotype="AI" name="Sensor17976_S" textname="test sensor 17976"/>
			<item id="17977" losttest="1" iotype="AI" name="Sensor17977_S" textname="test sensor 17977"/>
			<item id="17978" losttest="1" iotype="AI" name="Sensor17978_S" textname="test sensor 17978"/>
			<item id="17979" losttest="1" iotype="AI" name="Sensor17979_S" textname="test sensor 17979"/>
			<item id="17980" losttest="1" iotype="AI" name="Sensor17980_S" textname="test sensor 17980"/>
			<item id="17981" losttest="1" iotype="AI" name="Sensor17981_S" textname="test sensor 17981"/>
			<item id="17982" losttest="1" iotype="AI" name="Sensor17982_S" textname="test sensor 17982"/>
			<item id="17983" losttest="1" iotype="AI" name="Sensor17983_S" textname="test sensor 17983"/>
			<item id="17984" losttest="1" iotype="AI" name="Sensor17984_S" textname="test sensor 17984"/>
			<item id="17985" losttest="1" iotype="AI" name="Sensor17985_S" textname="test sensor 17985"/>
			<item id="17986" losttest="1" iotype="AI" name="Sensor17986_S" textname="test sensor 17986"/>
			<item id="17987" losttest="1" iotype="AI" name="Sensor17987_S" textname="test sensor 17987"/>
			<item id="17988" losttest="1" iotype="AI" name="Sensor17988_S" textname="test sensor 17988"/>
			<item id="17989" losttest="1" iotype="AI" name="Sensor17989_S" textname="test sensor 17989"/>
			<item id="17990" losttest="1" iotype="AI" name="Sensor17990_S" textname="test sensor 17990"/>
			<item id="17991" losttest="1" iotype="AI" name="Sensor17991_S" textname="test sensor 17991"/>
			<item id="17992" losttest="1" iotype="AI" name="Sensor17992_S" textname="test sensor 17992"/>
			<item id="17993" losttest="1" iotype="AI" name="Sensor17993_S" textname="test sensor 17993"/>
			<item id="17994" losttest="1" iotype="AI" name="Sensor17994_S" textname="test sensor 17994"/>
			<item id="17995" losttest="1" iotype="AI" name="Sensor17995_S" textname="test sensor 17995"/>
			<item id="17996" losttest="1" iotype="AI" name="Sensor17996_S" textname="test sensor 17996"/>
			<item id="17997" losttest="1" iotype="AI" name="Sensor17997_S" textname="test sensor 17997"/>
			<item id="17998" losttest="1" iotype="AI" name="Sensor17998_S" textname="test sensor 17998"/>
			<item id="17999" losttest="1" iotype="AI" name="Sensor17999_S" textname="test sensor 17999"/>
			<item id="18000" losttest="1" iotype="AI" name="Sensor18000_S" textname="test sensor 18000"/>
			<item id="18001" losttest="1" iotype="AI" name="Sensor18001_S" textname="test sensor 18001"/>
			<item id="18002" losttest="1" iotype="AI" name="Sensor18002_S" textname="test sensor 18002"/>
			<item id="18003" losttest="1" iotype="AI" name="Sensor18003_S" textname="test sensor 18003"/>
			<item id="18004" losttest="1" iotype="AI" name="Sensor18004_S" textname="test sensor 18004"/>
			<item id="18005" losttest="1" iotype="AI" name="Sensor18005_S" textname="test sensor 18005"/>
			<item id="18006" losttest="1" iotype="AI" name="Sensor18006_S" textname="test sensor 18006"/>
			<item id="18007" losttest="1" iotype="AI" name="Sensor18007_S" textname="test sensor 18007"/>
			<item id="18008" losttest="1" iotype="AI" name="Sensor18008_S" textname="test sensor 18008"/>
			<item id="18009" losttest="1" iotype="AI" name="Sensor18009_S" textname="test sensor 18009"/>
			<item id="18010" losttest="1" iotype="AI" name="Sensor18010_S" textname="test sensor 18010"/>
			<item id="18011" losttest="1" iotype="AI" name="Sensor18011_S" textname="test sensor 18011"/>
			<item id="18012" losttest="1" iotype="AI" name="Sensor18012_S" textname="test sensor 18012"/>
			<item id="18013" losttest="1" iotype="AI" name="Sensor18013_S" textname="test sensor 18013"/>
			<item id="18014" losttest="1" iotype="AI" name="Sensor18014_S" textname="test sensor 18014"/>
			<item id="18015" losttest="1" iotype="AI" name="Sensor18015_S" textname="test sensor 18015"/>
			<item id="18016" losttest="1" iotype="AI" name="Sensor18016_S" textname="test sensor 18016"/>
			<item id="18017" losttest="1" iotype="AI" name="Sensor18017_S" textname="test sensor 18017"/>
			<item id="18018" losttest="1" iotype="AI" name="Sensor18018_S" textname="test sensor 18018"/>
			<item id="18019" losttest="1" iotype="AI" name="Sensor18019_S" textname="test sensor 18019"/>
			<item id="18020" losttest="1" iotype="AI" name="Sensor18020_S" textname="test sensor 18020"/>
			<item id="18021" losttest="1" iotype="AI" name="Sensor18021_S" textname="test sensor 18021"/>
			<item id="18022" losttest="1" iotype="AI" name="Sensor18022_S" textname="test sensor 18022"/>
			<item id="18023" losttest="1" iotype="AI" name="Sensor18023_S" textname="test sensor 18023"/>
			<item id="18024" losttest="1" iotype="AI" name="Sensor18024_S" textname="test sensor 18024"/>
			<item id="18025" losttest="1" iotype="AI" name="Sensor18025_S" textname="test sensor 18025"/>
			<item id="18026" losttest="1" iotype="AI" name="Sensor18026_S" textname="test sensor 18026"/>
			<item id="18027" losttest="1" iotype="AI" name="Sensor18027_S" textname="test sensor 18027"/>
			<item id="18028" losttest="1" iotype="AI" name="Sensor18028_S" textname="test sensor 18028"/>
			<item id="18029" losttest="1" iotype="AI" name="Sensor18029_S" textname="test sensor 18029"/>
			<item id="18030" losttest="1" iotype="AI" name="Sensor18030_S" textname="test sensor 18030"/>
			<item id="18031" losttest="1" iotype="AI" name="Sensor18031_S" textname="test sensor 18031"/>
			<item id="18032" losttest="1" iotype="AI" name="Sensor18032_S" textname="test sensor 18032"/>
			<item id="18033" losttest="1" iotype="AI" name="Sensor18033_S" textname="test sensor 18033"/>
			<item id="18034" losttest="1" iotype="AI" name="Sensor18034_S" textname="test sensor 18034"/>
			<item id="18035" losttest="1" iotype="AI" name="Sensor18035_S" textname="test sensor 18035"/>
			<item id="18036" losttest="1" iotype="AI" name="Sensor18036_S" textname="test sensor 18036"/>
			<item id="18037" losttest="1" iotype="AI" name="Sensor18037_S" textname="test sensor 18037"/>
			<item id="18038" losttest="1" iotype="AI" name="Sensor18038_S" textname="test sensor 18038"/>
			<item id="18039" losttest="1" iotype="AI" name="Sensor18039_S" textname="test sensor 18039"/>
			<item id="18040" losttest="1" iotype="AI" name="Sensor18040_S" textname="test sensor 18040"/>
			<item id="18041" losttest="1" iotype="AI" name="Sensor18041_S" textname="test sensor 18041"/>
			<item id="18042" losttest="1" iotype="AI" name="Sensor18042_S" textname="test sensor 18042"/>
			<item id="18043" losttest="1" iotype="AI" name="Sensor18043_S" textname="test sensor 18043"/>
			<item id="18044" losttest="1" iotype="AI" name="Sensor18044_S" textname="test sensor 18044"/>
			<item id="18045" losttest="1" iotype="AI" name="Sensor18045_S" textname="test sensor 18045"/>
			<item id="18046" losttest="1" iotype="AI" name="Sensor18046_S" textname="test sensor 18046"/>
			<item id="18047" losttest="1" iotype="AI" name="Sensor18047_S" textname="test sensor 18047"/>
			<item id="18048" losttest="1" iotype="AI" name="Sensor18048_S" textname="test sensor 18048"/>
			<item id="18049" losttest="1" iotype="AI" name="Sensor18049_S" textname="test sensor 18049"/>
			<item id="18050" losttest="1" iotype="AI" name="Sensor18050_S" textname="test sensor 18050"/>
			<item id="18051" losttest="1" iotype="AI" name="Sensor18051_S" textname="test sensor 18051"/>
			<item id="18052" losttest="1" iotype="AI" name="Sensor18052_S" textname="test sensor 18052"/>
			<item id="18053" losttest="1" iotype="AI" name="Sensor18053_S" textname="test sensor 18053"/>
			<item id="18054" losttest="1" iotype="AI" name="Sensor18054_S" textname="test sensor 18054"/>
			<item id="18055" losttest="1" iotype="AI" name="Sensor18055_S" textname="test sensor 18055"/>
			<item id="18056" losttest="1" iotype="AI" name="Sensor18056_S" textname="test sensor 18056"/>
			<item id="18057" losttest="1" iotype="AI" name="Sensor18057_S" textname="test sensor 18057"/>
			<item id="18058" losttest="1" iotype="AI" name="Sensor18058_S" textname="test sensor 18058"/>
			<item id="18059" losttest="1" iotype="AI" name="Sensor18059_S" textname="test sensor 18059"/>
			<item id="18060" losttest="1" iotype="AI" name="Sensor18060_S" textname="test sensor 18060"/>
			<item id="18061" losttest="1" iotype="AI" name="Sensor18061_S" textname="test sensor 18061"/>
			<item id="18062" losttest="1" iotype="AI" name="Sensor18062_S" textname="test sensor 18062"/>
			<item id="18063" losttest="1" iotype="AI" name="Sensor18063_S" textname="test sensor 18063"/>
			<item id="18064" losttest="1" iotype="AI" name="Sensor18064_S" textname="test sensor 18064"/>
			<item id="18065" losttest="1" iotype="AI" name="Sensor18065_S" textname="test sensor 18065"/>
			<item id="18066" losttest="1" iotype="AI" name="Sensor18066_S" textname="test sensor 18066"/>
			<item id="18067" losttest="1" iotype="AI" name="Sensor18067_S" textname="test sensor 18067"/>
			<item id="18068" losttest="1" iotype="AI" name="Sensor18068_S" textname="test sensor 18068"/>
			<item id="18069" losttest="1" iotype="AI" name="Sensor18069_S" textname="test sensor 18069"/>
			<item id="18070" losttest="1" iotype="AI" name="Sensor18070_S" textname="test sensor 18070"/>
			<item id="18071" losttest="1" iotype="AI" name="Sensor18071_S" textname="test sensor 18071"/>
			<item id="18072" losttest="1" iotype="AI" name="Sensor18072_S" textname="test sensor 18072"/>
			<item id="18073" losttest="1" iotype="AI" name="Sensor18073_S" textname="test sensor 18073"/>
			<item id="18074" losttest="1" iotype="AI" name="Sensor18074_S" textname="test sensor 18074"/>
			<item id="18075" losttest="1" iotype="AI" name="Sensor18075_S" textname="test sensor 18075"/>
			<item id="18076" losttest="1" iotype="AI" name="Sensor18076_S" textname="test sensor 18076"/>
			<item id="18077" losttest="1" iotype="AI" name="Sensor18077_S" textname="test sensor 18077"/>
			<item id="18078" losttest="1" iotype="AI" name="Sensor18078_S" textname="test sensor 18078"/>
			<item id="18079" losttest="1" iotype="AI" name="Sensor18079_S" textname="test sensor 18079"/>
			<item id="18080" losttest="1" iotype="AI" name="Sensor18080_S" textname="test sensor 18080"/>
			<item id="18081" losttest="1" iotype="AI" name="Sensor18081_S" textname="test sensor 18081"/>
			<item id="18082" losttest="1" iotype="AI" name="Sensor18082_S" textname="test sensor 18082"/>
			<item id="18083" losttest="1" iotype="AI" name="Sensor18083_S" textname="test sensor 18083"/>
			<item id="18084" losttest="1" iotype="AI" name="Sensor18084_S" textname="test sensor 18084"/>
			<item id="18085" losttest="1" iotype="AI" name="Sensor18085_S" textname="test sensor 18085"/>
			<item id="18086" losttest="1" iotype="AI" name="Sensor18086_S" textname="test sensor 18086"/>
			<item id="18087" losttest="1" iotype="AI" name="Sensor18087_S" textname="test sensor 18087"/>
			<item id="18088" losttest="1" iotype="AI" name="Sensor18088_S" textname="test sensor 18088"/>
			<item id="18089" losttest="1" iotype="AI" name="Sensor18089_S" textname="test sensor 18089"/>
			<item id="18090" losttest="1" iotype="AI" name="Sensor18090_S" textname="test sensor 18090"/>
			<item id="18091" losttest="1" iotype="AI" name="Sensor18091_S" textname="test sensor 18091"/>
			<item id="18092" losttest="1" iotype="AI" name="Sensor18092_S" textname="test sensor 18092"/>
			<item id="18093" losttest="1" iotype="AI" name="Sensor18093_S" textname="test sensor 18093"/>
			<item id="18094" losttest="1" iotype="AI" name="Sensor18094_S" textname="test sensor 18094"/>
			<item id="18095" losttest="1" iotype="AI" name="Sensor18095_S" textname="test sensor 18095"/>
			<item id="18096" losttest="1" iotype="AI" name="Sensor18096_S" textname="test sensor 18096"/>
			<item id="18097" losttest="1" iotype="AI" name="Sensor18097_S" textname="test sensor 18097"/>
			<item id="18098" losttest="1" iotype="AI" name="Sensor18098_S" textname="test sensor 18098"/>
			<item id="18099" losttest="1" iotype="AI" name="Sensor18099_S" textname="test sensor 18099"/>
			<item id="18100" losttest="1" iotype="AI" name="Sensor18100_S" textname="test sensor 18100"/>
			<item id="18101" losttest="1" iotype="AI" name="Sensor18101_S" textname="test sensor 18101"/>
			<item id="18102" losttest="1" iotype="AI" name="Sensor18102_S" textname="test sensor 18102"/>
			<item id="18103" losttest="1" iotype="AI" name="Sensor18103_S" textname="test sensor 18103"/>
			<item id="18104" losttest="1" iotype="AI" name="Sensor18104_S" textname="test sensor 18104"/>
			<item id="18105" losttest="1" iotype="AI" name="Sensor18105_S" textname="test sensor 18105"/>
			<item id="18106" losttest="1" iotype="AI" name="Sensor18106_S" textname="test sensor 18106"/>
			<item id="18107" losttest="1" iotype="AI" name="Sensor18107_S" textname="test sensor 18107"/>
			<item id="18108" losttest="1" iotype="AI" name="Sensor18108_S" textname="test sensor 18108"/>
			<item id="18109" losttest="1" iotype="AI" name="Sensor18109_S" textname="test sensor 18109"/>
			<item id="18110" losttest="1" iotype="AI" name="Sensor18110_S" textname="test sensor 18110"/>
			<item id="18111" losttest="1" iotype="AI" name="Sensor18111_S" textname="test sensor 18111"/>
			<item id="18112" losttest="1" iotype="AI" name="Sensor18112_S" textname="test sensor 18112"/>
			<item id="18113" losttest="1" iotype="AI" name="Sensor18113_S" textname="test sensor 18113"/>
			<item id="18114" losttest="1" iotype="AI" name="Sensor18114_S" textname="test sensor 18114"/>
			<item id="18115" losttest="1" iotype="AI" name="Sensor18115_S" textname="test sensor 18115"/>
			<item id="18116" losttest="1" iotype="AI" name="Sensor18116_S" textname="test sensor 18116"/>
			<item id="18117" losttest="1" iotype="AI" name="Sensor18117_S" textname="test sensor 18117"/>
			<item id="18118" losttest="1" iotype="AI" name="Sensor18118_S" textname="test sensor 18118"/>
			<item id="18119" losttest="1" iotype="AI" name="Sensor18119_S" textname="test sensor 18119"/>
			<item id="18120" losttest="1" iotype="AI" name="Sensor18120_S" textname="test sensor 18120"/>
			<item id="18121" losttest="1" iotype="AI" name="Sensor18121_S" textname="test sensor 18121"/>
			<item id="18122" losttest="1" iotype="AI" name="Sensor18122_S" textname="test sensor 18122"/>
			<item id="18123" losttest="1" iotype="AI" name="Sensor18123_S" textname="test sensor 18123"/>
			<item id="18124" losttest="1" iotype="AI" name="Sensor18124_S" textname="test sensor 18124"/>
			<item id="18125" losttest="1" iotype="AI" name="Sensor18125_S" textname="test sensor 18125"/>
			<item id="18126" losttest="1" iotype="AI" name="Sensor18126_S" textname="test sensor 18126"/>
			<item id="18127" losttest="1" iotype="AI" name="Sensor18127_S" textname="test sensor 18127"/>
			<item id="18128" losttest="1" iotype="AI" name="Sensor18128_S" textname="test sensor 18128"/>
			<item id="18129" losttest="1" iotype="AI" name="Sensor18129_S" textname="test sensor 18129"/>
			<item id="18130" losttest="1" iotype="AI" name="Sensor18130_S" textname="test sensor 18130"/>
			<item id="18131" losttest="1" iotype="AI" name="Sensor18131_S" textname="test sensor 18131"/>
			<item id="18132" losttest="1" iotype="AI" name="Sensor18132_S" textname="test sensor 18132"/>
			<item id="18133" losttest="1" iotype="AI" name="Sensor18133_S" textname="test sensor 18133"/>
			<item id="18134" losttest="1" iotype="AI" name="Sensor18134_S" textname="test sensor 18134"/>
			<item id="18135" losttest="1" iotype="AI" name="Sensor18135_S" textname="test sensor 18135"/>
			<item id="18136" losttest="1" iotype="AI" name="Sensor18136_S" textname="test sensor 18136"/>
			<item id="18137" losttest="1" iotype="AI" name="Sensor18137_S" textname="test sensor 18137"/>
			<item id="18138" losttest="1" iotype="AI" name="Sensor18138_S" textname="test sensor 18138"/>
			<item id="18139" losttest="1" iotype="AI" name="Sensor18139_S" textname="test sensor 18139"/>
			<item id="18140" losttest="1" iotype="AI" name="Sensor18140_S" textname="test sensor 18140"/>
			<item id="18141" losttest="1" iotype="AI" name="Sensor18141_S" textname="test sensor 18141"/>
			<item id="18142" losttest="1" iotype="AI" name="Sensor18142_S" textname="test sensor 18142"/>
			<item id="18143" losttest="1" iotype="AI" name="Sensor18143_S" textname="test sensor 18143"/>
			<item id="18144" losttest="1" iotype="AI" name="Sensor18144_S" textname="test sensor 18144"/>
			<item id="18145" losttest="1" iotype="AI" name="Sensor18145_S" textname="test sensor 18145"/>
			<item id="18146" losttest="1" iotype="AI" name="Sensor18146_S" textname="test sensor 18146"/>
			<item id="18147" losttest="1" iotype="AI" name="Sensor18147_S" textname="test sensor 18147"/>
			<item id="18148" losttest="1" iotype="AI" name="Sensor18148_S" textname="test sensor 18148"/>
			<item id="18149" losttest="1" iotype="AI" name="Sensor18149_S" textname="test sensor 18149"/>
			<item id="18150" losttest="1" iotype="AI" name="Sensor18150_S" textname="test sensor 18150"/>
			<item id="18151" losttest="1" iotype="AI" name="Sensor18151_S" textname="test sensor 18151"/>
			<item id="18152" losttest="1" iotype="AI" name="Sensor18152_S" textname="test sensor 18152"/>
			<item id="18153" losttest="1" iotype="AI" name="Sensor18153_S" textname="test sensor 18153"/>
			<item id="18154" losttest="1" iotype="AI" name="Sensor18154_S" textname="test sensor 18154"/>
			<item id="18155" losttest="1" iotype="AI" name="Sensor18155_S" textname="test sensor 18155"/>
			<item id="18156" losttest="1" iotype="AI" name="Sensor18156_S" textname="test sensor 18156"/>
			<item id="18157" losttest="1" iotype="AI" name="Sensor18157_S" textname="test sensor 18157"/>
			<item id="18158" losttest="1" iotype="AI" name="Sensor18158_S" textname="test sensor 18158"/>
			<item id="18159" losttest="1" iotype="AI" name="Sensor18159_S" textname="test sensor 18159"/>
			<item id="18160" losttest="1" iotype="AI" name="Sensor18160_S" textname="test sensor 18160"/>
			<item id="18161" losttest="1" iotype="AI" name="Sensor18161_S" textname="test sensor 18161"/>
			<item id="18162" losttest="1" iotype="AI" name="Sensor18162_S" textname="test sensor 18162"/>
			<item id="18163" losttest="1" iotype="AI" name="Sensor18163_S" textname="test sensor 18163"/>
			<item id="18164" losttest="1" iotype="AI" name="Sensor18164_S" textname="test sensor 18164"/>
			<item id="18165" losttest="1" iotype="AI" name="Sensor18165_S" textname="test sensor 18165"/>
			<item id="18166" losttest="1" iotype="AI" name="Sensor18166_S" textname="test sensor 18166"/>
			<item id="18167" losttest="1" iotype="AI" name="Sensor18167_S" textname="test sensor 18167"/>
			<item id="18168" losttest="1" iotype="AI" name="Sensor18168_S" textname="test sensor 18168"/>
			<item id="18169" losttest="1" iotype="AI" name="Sensor18169_S" textname="test sensor 18169"/>
			<item id="18170" losttest="1" iotype="AI" name="Sensor18170_S" textname="test sensor 18170"/>
			<item id="18171" losttest="1" iotype="AI" name="Sensor18171_S" textname="test sensor 18171"/>
			<item id="18172" losttest="1" iotype="AI" name="Sensor18172_S" textname="test sensor 18172"/>
			<item id="18173" losttest="1" iotype="AI" name="Sensor18173_S" textname="test sensor 18173"/>
			<item id="18174" losttest="1" iotype="AI" name="Sensor18174_S" textname="test sensor 18174"/>
			<item id="18175" losttest="1" iotype="AI" name="Sensor18175_S" textname="test sensor 18175"/>
			<item id="18176" losttest="1" iotype="AI" name="Sensor18176_S" textname="test sensor 18176"/>
			<item id="18177" losttest="1" iotype="AI" name="Sensor18177_S" textname="test sensor 18177"/>
			<item id="18178" losttest="1" iotype="AI" name="Sensor18178_S" textname="test sensor 18178"/>
			<item id="18179" losttest="1" iotype="AI" name="Sensor18179_S" textname="test sensor 18179"/>
			<item id="18180" losttest="1" iotype="AI" name="Sensor18180_S" textname="test sensor 18180"/>
			<item id="18181" losttest="1" iotype="AI" name="Sensor18181_S" textname="test sensor 18181"/>
			<item id="18182" losttest="1" iotype="AI" name="Sensor18182_S" textname="test sensor 18182"/>
			<item id="18183" losttest="1" iotype="AI" name="Sensor18183_S" textname="test sensor 18183"/>
			<item id="18184" losttest="1" iotype="AI" name="Sensor18184_S" textname="test sensor 18184"/>
			<item id="18185" losttest="1" iotype="AI" name="Sensor18185_S" textname="test sensor 18185"/>
			<item id="18186" losttest="1" iotype="AI" name="Sensor18186_S" textname="test sensor 18186"/>
			<item id="18187" losttest="1" iotype="AI" name="Sensor18187_S" textname="test sensor 18187"/>
			<item id="18188" losttest="1" iotype="AI" name="Sensor18188_S" textname="test sensor 18188"/>
			<item id="18189" losttest="1" iotype="AI" name="Sensor18189_S" textname="test sensor 18189"/>
			<item id="18190" losttest="1" iotype="AI" name="Sensor18190_S" textname="test sensor 18190"/>
			<item id="18191" losttest="1" iotype="AI" name="Sensor18191_S" textname="test sensor 18191"/>
			<item id="18192" losttest="1" iotype="AI" name="Sensor18192_S" textname="test sensor 18192"/>
			<item id="18193" losttest="1" iotype="AI" name="Sensor18193_S" textname="test sensor 18193"/>
			<item id="18194" losttest="1" iotype="AI" name="Sensor18194_S" textname="test sensor 18194"/>
			<item id="18195" losttest="1" iotype="AI" name="Sensor18195_S" textname="test sensor 18195"/>
			<item id="18196" losttest="1" iotype="AI" name="Sensor18196_S" textname="test sensor 18196"/>
			<item id="18197" losttest="1" iotype="AI" name="Sensor18197_S" textname="test sensor 18197"/>
			<item id="18198" losttest="1" iotype="AI" name="Sensor18198_S" textname="test sensor 18198"/>
			<item id="18199" losttest="1" iotype="AI" name="Sensor18199_S" textname="test sensor 18199"/>
			<item id="18200" losttest="1" iotype="AI" name="Sensor18200_S" textname="test sensor 18200"/>
			<item id="18201" losttest="1" iotype="AI" name="Sensor18201_S" textname="test sensor 18201"/>
			<item id="18202" losttest="1" iotype="AI" name="Sensor18202_S" textname="test sensor 18202"/>
			<item id="18203" losttest="1" iotype="AI" name="Sensor18203_S" textname="test sensor 18203"/>
			<item id="18204" losttest="1" iotype="AI" name="Sensor18204_S" textname="test sensor 18204"/>
			<item id="18205" losttest="1" iotype="AI" name="Sensor18205_S" textname="test sensor 18205"/>
			<item id="18206" losttest="1" iotype="AI" name="Sensor18206_S" textname="test sensor 18206"/>
			<item id="18207" losttest="1" iotype="AI" name="Sensor18207_S" textname="test sensor 18207"/>
			<item id="18208" losttest="1" iotype="AI" name="Sensor18208_S" textname="test sensor 18208"/>
			<item id="18209" losttest="1" iotype="AI" name="Sensor18209_S" textname="test sensor 18209"/>
			<item id="18210" losttest="1" iotype="AI" name="Sensor18210_S" textname="test sensor 18210"/>
			<item id="18211" losttest="1" iotype="AI" name="Sensor18211_S" textname="test sensor 18211"/>
			<item id="18212" losttest="1" iotype="AI" name="Sensor18212_S" textname="test sensor 18212"/>
			<item id="18213" losttest="1" iotype="AI" name="Sensor18213_S" textname="test sensor 18213"/>
			<item id="18214" losttest="1" iotype="AI" name="Sensor18214_S" textname="test sensor 18214"/>
			<item id="18215" losttest="1" iotype="AI" name="Sensor18215_S" textname="test sensor 18215"/>
			<item id="18216" losttest="1" iotype="AI" name="Sensor18216_S" textname="test sensor 18216"/>
			<item id="18217" losttest="1" iotype="AI" name="Sensor18217_S" textname="test sensor 18217"/>
			<item id="18218" losttest="1" iotype="AI" name="Sensor18218_S" textname="test sensor 18218"/>
			<item id="18219" losttest="1" iotype="AI" name="Sensor18219_S" textname="test sensor 18219"/>
			<item id="18220" losttest="1" iotype="AI" name="Sensor18220_S" textname="test sensor 18220"/>
			<item id="18221" losttest="1" iotype="AI" name="Sensor18221_S" textname="test sensor 18221"/>
			<item id="18222" losttest="1" iotype="AI" name="Sensor18222_S" textname="test sensor 18222"/>
			<item id="18223" losttest="1" iotype="AI" name="Sensor18223_S" textname="test sensor 18223"/>
			<item id="18224" losttest="1" iotype="AI" name="Sensor18224_S" textname="test sensor 18224"/>
			<item id="18225" losttest="1" iotype="AI" name="Sensor18225_S" textname="test sensor 18225"/>
			<item id="18226" losttest="1" iotype="AI" name="Sensor18226_S" textname="test sensor 18226"/>
			<item id="18227" losttest="1" iotype="AI" name="Sensor18227_S" textname="test sensor 18227"/>
			<item id="18228" losttest="1" iotype="AI" name="Sensor18228_S" textname="test sensor 18228"/>
			<item id="18229" losttest="1" iotype="AI" name="Sensor18229_S" textname="test sensor 18229"/>
			<item id="18230" losttest="1" iotype="AI" name="Sensor18230_S" textname="test sensor 18230"/>
			<item id="18231" losttest="1" iotype="AI" name="Sensor18231_S" textname="test sensor 18231"/>
			<item id="18232" losttest="1" iotype="AI" name="Sensor18232_S" textname="test sensor 18232"/>
			<item id="18233" losttest="1" iotype="AI" name="Sensor18233_S" textname="test sensor 18233"/>
			<item id="18234" losttest="1" iotype="AI" name="Sensor18234_S" textname="test sensor 18234"/>
			<item id="18235" losttest="1" iotype="AI" name="Sensor18235_S" textname="test sensor 18235"/>
			<item id="18236" losttest="1" iotype="AI" name="Sensor18236_S" textname="test sensor 18236"/>
			<item id="18237" losttest="1" iotype="AI" name="Sensor18237_S" textname="test sensor 18237"/>
			<item id="18238" losttest="1" iotype="AI" name="Sensor18238_S" textname="test sensor 18238"/>
			<item id="18239" losttest="1" iotype="AI" name="Sensor18239_S" textname="test sensor 18239"/>
			<item id="18240" losttest="1" iotype="AI" name="Sensor18240_S" textname="test sensor 18240"/>
			<item id="18241" losttest="1" iotype="AI" name="Sensor18241_S" textname="test sensor 18241"/>
			<item id="18242" losttest="1" iotype="AI" name="Sensor18242_S" textname="test sensor 18242"/>
			<item id="18243" losttest="1" iotype="AI" name="Sensor18243_S" textname="test sensor 18243"/>
			<item id="18244" losttest="1" iotype="AI" name="Sensor18244_S" textname="test sensor 18244"/>
			<item id="18245" losttest="1" iotype="AI" name="Sensor18245_S" textname="test sensor 18245"/>
			<item id="18246" losttest="1" iotype="AI" name="Sensor18246_S" textname="test sensor 18246"/>
			<item id="18247" losttest="1" iotype="AI" name="Sensor18247_S" textname="test sensor 18247"/>
			<item id="18248" losttest="1" iotype="AI" name="Sensor18248_S" textname="test sensor 18248"/>
			<item id="18249" losttest="1" iotype="AI" name="Sensor18249_S" textname="test sensor 18249"/>
			<item id="18250" losttest="1" iotype="AI" name="Sensor18250_S" textname="test sensor 18250"/>
			<item id="18251" losttest="1" iotype="AI" name="Sensor18251_S" textname="test sensor 18251"/>
			<item id="18252" losttest="1" iotype="AI" name="Sensor18252_S" textname="test sensor 18252"/>
			<item id="18253" losttest="1" iotype="AI" name="Sensor18253_S" textname="test sensor 18253"/>
			<item id="18254" losttest="1" iotype="AI" name="Sensor18254_S" textname="test sensor 18254"/>
			<item id="18255" losttest="1" iotype="AI" name="Sensor18255_S" textname="test sensor 18255"/>
			<item id="18256" losttest="1" iotype="AI" name="Sensor18256_S" textname="test sensor 18256"/>
			<item id="18257" losttest="1" iotype="AI" name="Sensor18257_S" textname="test sensor 18257"/>
			<item id="18258" losttest="1" iotype="AI" name="Sensor18258_S" textname="test sensor 18258"/>
			<item id="18259" losttest="1" iotype="AI" name="Sensor18259_S" textname="test sensor 18259"/>
			<item id="18260" losttest="1" iotype="AI" name="Sensor18260_S" textname="test sensor 18260"/>
			<item id="18261" losttest="1" iotype="AI" name="Sensor18261_S" textname="test sensor 18261"/>
			<item id="18262" losttest="1" iotype="AI" name="Sensor18262_S" textname="test sensor 18262"/>
			<item id="18263" losttest="1" iotype="AI" name="Sensor18263_S" textname="test sensor 18263"/>
			<item id="18264" losttest="1" iotype="AI" name="Sensor18264_S" textname="test sensor 18264"/>
			<item id="18265" losttest="1" iotype="AI" name="Sensor18265_S" textname="test sensor 18265"/>
			<item id="18266" losttest="1" iotype="AI" name="Sensor18266_S" textname="test sensor 18266"/>
			<item id="18267" losttest="1" iotype="AI" name="Sensor18267_S" textname="test sensor 18267"/>
			<item id="18268" losttest="1" iotype="AI" name="Sensor18268_S" textname="test sensor 18268"/>
			<item id="18269" losttest="1" iotype="AI" name="Sensor18269_S" textname="test sensor 18269"/>
			<item id="18270" losttest="1" iotype="AI" name="Sensor18270_S" textname="test sensor 18270"/>
			<item id="18271" losttest="1" iotype="AI" name="Sensor18271_S" textname="test sensor 18271"/>
			<item id="18272" losttest="1" iotype="AI" name="Sensor18272_S" textname="test sensor 18272"/>
			<item id="18273" losttest="1" iotype="AI" name="Sensor18273_S" textname="test sensor 18273"/>
			<item id="18274" losttest="1" iotype="AI" name="Sensor18274_S" textname="test sensor 18274"/>
			<item id="18275" losttest="1" iotype="AI" name="Sensor18275_S" textname="test sensor 18275"/>
			<item id="18276" losttest="1" iotype="AI" name="Sensor18276_S" textname="test sensor 18276"/>
			<item id="18277" losttest="1" iotype="AI" name="Sensor18277_S" textname="test sensor 18277"/>
			<item id="18278" losttest="1" iotype="AI" name="Sensor18278_S" textname="test sensor 18278"/>
			<item id="18279" losttest="1" iotype="AI" name="Sensor18279_S" textname="test sensor 18279"/>
			<item id="18280" losttest="1" iotype="AI" name="Sensor18280_S" textname="test sensor 18280"/>
			<item id="18281" losttest="1" iotype="AI" name="Sensor18281_S" textname="test sensor 18281"/>
			<item id="18282" losttest="1" iotype="AI" name="Sensor18282_S" textname="test sensor 18282"/>
			<item id="18283" losttest="1" iotype="AI" name="Sensor18283_S" textname="test sensor 18283"/>
			<item id="18284" losttest="1" iotype="AI" name="Sensor18284_S" textname="test sensor 18284"/>
			<item id="18285" losttest="1" iotype="AI" name="Sensor18285_S" textname="test sensor 18285"/>
			<item id="18286" losttest="1" iotype="AI" name="Sensor18286_S" textname="test sensor 18286"/>
			<item id="18287" losttest="1" iotype="AI" name="Sensor18287_S" textname="test sensor 18287"/>
			<item id="18288" losttest="1" iotype="AI" name="Sensor18288_S" textname="test sensor 18288"/>
			<item id="18289" losttest="1" iotype="AI" name="Sensor18289_S" textname="test sensor 18289"/>
			<item id="18290" losttest="1" iotype="AI" name="Sensor18290_S" textname="test sensor 18290"/>
			<item id="18291" losttest="1" iotype="AI" name="Sensor18291_S" textname="test sensor 18291"/>
			<item id="18292" losttest="1" iotype="AI" name="Sensor18292_S" textname="test sensor 18292"/>
			<item id="18293" losttest="1" iotype="AI" name="Sensor18293_S" textname="test sensor 18293"/>
			<item id="18294" losttest="1" iotype="AI" name="Sensor18294_S" textname="test sensor 18294"/>
			<item id="18295" losttest="1" iotype="AI" name="Sensor18295_S" textname="test sensor 18295"/>
			<item id="18296" losttest="1" iotype="AI" name="Sensor18296_S" textname="test sensor 18296"/>
			<item id="18297" losttest="1" iotype="AI" name="Sensor18297_S" textname="test sensor 18297"/>
			<item id="18298" losttest="1" iotype="AI" name="Sensor18298_S" textname="test sensor 18298"/>
			<item id="18299" losttest="1" iotype="AI" name="Sensor18299_S" textname="test sensor 18299"/>
			<item id="18300" losttest="1" iotype="AI" name="Sensor18300_S" textname="test sensor 18300"/>
			<item id="18301" losttest="1" iotype="AI" name="Sensor18301_S" textname="test sensor 18301"/>
			<item id="18302" losttest="1" iotype="AI" name="Sensor18302_S" textname="test sensor 18302"/>
			<item id="18303" losttest="1" iotype="AI" name="Sensor18303_S" textname="test sensor 18303"/>
			<item id="18304" losttest="1" iotype="AI" name="Sensor18304_S" textname="test sensor 18304"/>
			<item id="18305" losttest="1" iotype="AI" name="Sensor18305_S" textname="test sensor 18305"/>
			<item id="18306" losttest="1" iotype="AI" name="Sensor18306_S" textname="test sensor 18306"/>
			<item id="18307" losttest="1" iotype="AI" name="Sensor18307_S" textname="test sensor 18307"/>
			<item id="18308" losttest="1" iotype="AI" name="Sensor18308_S" textname="test sensor 18308"/>
			<item id="18309" losttest="1" iotype="AI" name="Sensor18309_S" textname="test sensor 18309"/>
			<item id="18310" losttest="1" iotype="AI" name="Sensor18310_S" textname="test sensor 18310"/>
			<item id="18311" losttest="1" iotype="AI" name="Sensor18311_S" textname="test sensor 18311"/>
			<item id="18312" losttest="1" iotype="AI" name="Sensor18312_S" textname="test sensor 18312"/>
			<item id="18313" losttest="1" iotype="AI" name="Sensor18313_S" textname="test sensor 18313"/>
			<item id="18314" losttest="1" iotype="AI" name="Sensor18314_S" textname="test sensor 18314"/>
			<item id="18315" losttest="1" iotype="AI" name="Sensor18315_S" textname="test sensor 18315"/>
			<item id="18316" losttest="1" iotype="AI" name="Sensor18316_S" textname="test sensor 18316"/>
			<item id="18317" losttest="1" iotype="AI" name="Sensor18317_S" textname="test sensor 18317"/>
			<item id="18318" losttest="1" iotype="AI" name="Sensor18318_S" textname="test sensor 18318"/>
			<item id="18319" losttest="1" iotype="AI" name="Sensor18319_S" textname="test sensor 18319"/>
			<item id="18320" losttest="1" iotype="AI" name="Sensor18320_S" textname="test sensor 18320"/>
			<item id="18321" losttest="1" iotype="AI" name="Sensor18321_S" textname="test sensor 18321"/>
			<item id="18322" losttest="1" iotype="AI" name="Sensor18322_S" textname="test sensor 18322"/>
			<item id="18323" losttest="1" iotype="AI" name="Sensor18323_S" textname="test sensor 18323"/>
			<item id="18324" losttest="1" iotype="AI" name="Sensor18324_S" textname="test sensor 18324"/>
			<item id="18325" losttest="1" iotype="AI" name="Sensor18325_S" textname="test sensor 18325"/>
			<item id="18326" losttest="1" iotype="AI" name="Sensor18326_S" textname="test sensor 18326"/>
			<item id="18327" losttest="1" iotype="AI" name="Sensor18327_S" textname="test sensor 18327"/>
			<item id="18328" losttest="1" iotype="AI" name="Sensor18328_S" textname="test sensor 18328"/>
			<item id="18329" losttest="1" iotype="AI" name="Sensor18329_S" textname="test sensor 18329"/>
			<item id="18330" losttest="1" iotype="AI" name="Sensor18330_S" textname="test sensor 18330"/>
			<item id="18331" losttest="1" iotype="AI" name="Sensor18331_S" textname="test sensor 18331"/>
			<item id="18332" losttest="1" iotype="AI" name="Sensor18332_S" textname="test sensor 18332"/>
			<item id="18333" losttest="1" iotype="AI" name="Sensor18333_S" textname="test sensor 18333"/>
			<item id="18334" losttest="1" iotype="AI" name="Sensor18334_S" textname="test sensor 18334"/>
			<item id="18335" losttest="1" iotype="AI" name="Sensor18335_S" textname="test sensor 18335"/>
			<item id="18336" losttest="1" iotype="AI" name="Sensor18336_S" textname="test sensor 18336"/>
			<item id="18337" losttest="1" iotype="AI" name="Sensor18337_S" textname="test sensor 18337"/>
			<item id="18338" losttest="1" iotype="AI" name="Sensor18338_S" textname="test sensor 18338"/>
			<item id="18339" losttest="1" iotype="AI" name="Sensor18339_S" textname="test sensor 18339"/>
			<item id="18340" losttest="1" iotype="AI" name="Sensor18340_S" textname="test sensor 18340"/>
			<item id="18341" losttest="1" iotype="AI" name="Sensor18341_S" textname="test sensor 18341"/>
			<item id="18342" losttest="1" iotype="AI" name="Sensor18342_S" textname="test sensor 18342"/>
			<item id="18343" losttest="1" iotype="AI" name="Sensor18343_S" textname="test sensor 18343"/>
			<item id="18344" losttest="1" iotype="AI" name="Sensor18344_S" textname="test sensor 18344"/>
			<item id="18345" losttest="1" iotype="AI" name="Sensor18345_S" textname="test sensor 18345"/>
			<item id="18346" losttest="1" iotype="AI" name="Sensor18346_S" textname="test sensor 18346"/>
			<item id="18347" losttest="1" iotype="AI" name="Sensor18347_S" textname="test sensor 18347"/>
			<item id="18348" losttest="1" iotype="AI" name="Sensor18348_S" textname="test sensor 18348"/>
			<item id="18349" losttest="1" iotype="AI" name="Sensor18349_S" textname="test sensor 18349"/>
			<item id="18350" losttest="1" iotype="AI" name="Sensor18350_S" textname="test sensor 18350"/>
			<item id="18351" losttest="1" iotype="AI" name="Sensor18351_S" textname="test sensor 18351"/>
			<item id="18352" losttest="1" iotype="AI" name="Sensor18352_S" textname="test sensor 18352"/>
			<item id="18353" losttest="1" iotype="AI" name="Sensor18353_S" textname="test sensor 18353"/>
			<item id="18354" losttest="1" iotype="AI" name="Sensor18354_S" textname="test sensor 18354"/>
			<item id="18355" losttest="1" iotype="AI" name="Sensor18355_S" textname="test sensor 18355"/>
			<item id="18356" losttest="1" iotype="AI" name="Sensor18356_S" textname="test sensor 18356"/>
			<item id="18357" losttest="1" iotype="AI" name="Sensor18357_S" textname="test sensor 18357"/>
			<item id="18358" losttest="1" iotype="AI" name="Sensor18358_S" textname="test sensor 18358"/>
			<item id="18359" losttest="1" iotype="AI" name="Sensor18359_S" textname="test sensor 18359"/>
			<item id="18360" losttest="1" iotype="AI" name="Sensor18360_S" textname="test sensor 18360"/>
			<item id="18361" losttest="1" iotype="AI" name="Sensor18361_S" textname="test sensor 18361"/>
			<item id="18362" losttest="1" iotype="AI" name="Sensor18362_S" textname="test sensor 18362"/>
			<item id="18363" losttest="1" iotype="AI" name="Sensor18363_S" textname="test sensor 18363"/>
			<item id="18364" losttest="1" iotype="AI" name="Sensor18364_S" textname="test sensor 18364"/>
			<item id="18365" losttest="1" iotype="AI" name="Sensor18365_S" textname="test sensor 18365"/>
			<item id="18366" losttest="1" iotype="AI" name="Sensor18366_S" textname="test sensor 18366"/>
			<item id="18367" losttest="1" iotype="AI" name="Sensor18367_S" textname="test sensor 18367"/>
			<item id="18368" losttest="1" iotype="AI" name="Sensor18368_S" textname="test sensor 18368"/>
			<item id="18369" losttest="1" iotype="AI" name="Sensor18369_S" textname="test sensor 18369"/>
			<item id="18370" losttest="1" iotype="AI" name="Sensor18370_S" textname="test sensor 18370"/>
			<item id="18371" losttest="1" iotype="AI" name="Sensor18371_S" textname="test sensor 18371"/>
			<item id="18372" losttest="1" iotype="AI" name="Sensor18372_S" textname="test sensor 18372"/>
			<item id="18373" losttest="1" iotype="AI" name="Sensor18373_S" textname="test sensor 18373"/>
			<item id="18374" losttest="1" iotype="AI" name="Sensor18374_S" textname="test sensor 18374"/>
			<item id="18375" losttest="1" iotype="AI" name="Sensor18375_S" textname="test sensor 18375"/>
			<item id="18376" losttest="1" iotype="AI" name="Sensor18376_S" textname="test sensor 18376"/>
			<item id="18377" losttest="1" iotype="AI" name="Sensor18377_S" textname="test sensor 18377"/>
			<item id="18378" losttest="1" iotype="AI" name="Sensor18378_S" textname="test sensor 18378"/>
			<item id="18379" losttest="1" iotype="AI" name="Sensor18379_S" textname="test sensor 18379"/>
			<item id="18380" losttest="1" iotype="AI" name="Sensor18380_S" textname="test sensor 18380"/>
			<item id="18381" losttest="1" iotype="AI" name="Sensor18381_S" textname="test sensor 18381"/>
			<item id="18382" losttest="1" iotype="AI" name="Sensor18382_S" textname="test sensor 18382"/>
			<item id="18383" losttest="1" iotype="AI" name="Sensor18383_S" textname="test sensor 18383"/>
			<item id="18384" losttest="1" iotype="AI" name="Sensor18384_S" textname="test sensor 18384"/>
			<item id="18385" losttest="1" iotype="AI" name="Sensor18385_S" textname="test sensor 18385"/>
			<item id="18386" losttest="1" iotype="AI" name="Sensor18386_S" textname="test sensor 18386"/>
			<item id="18387" losttest="1" iotype="AI" name="Sensor18387_S" textname="test sensor 18387"/>
			<item id="18388" losttest="1" iotype="AI" name="Sensor18388_S" textname="test sensor 18388"/>
			<item id="18389" losttest="1" iotype="AI" name="Sensor18389_S" textname="test sensor 18389"/>
			<item id="18390" losttest="1" iotype="AI" name="Sensor18390_S" textname="test sensor 18390"/>
			<item id="18391" losttest="1" iotype="AI" name="Sensor18391_S" textname="test sensor 18391"/>
			<item id="18392" losttest="1" iotype="AI" name="Sensor18392_S" textname="test sensor 18392"/>
			<item id="18393" losttest="1" iotype="AI" name="Sensor18393_S" textname="test sensor 18393"/>
			<item id="18394" losttest="1" iotype="AI" name="Sensor18394_S" textname="test sensor 18394"/>
			<item id="18395" losttest="1" iotype="AI" name="Sensor18395_S" textname="test sensor 18395"/>
			<item id="18396" losttest="1" iotype="AI" name="Sensor18396_S" textname="test sensor 18396"/>
			<item id="18397" losttest="1" iotype="AI" name="Sensor18397_S" textname="test sensor 18397"/>
			<item id="18398" losttest="1" iotype="AI" name="Sensor18398_S" textname="test sensor 18398"/>
			<item id="18399" losttest="1" iotype="AI" name="Sensor18399_S" textname="test sensor 18399"/>
			<item id="18400" losttest="1" iotype="AI" name="Sensor18400_S" textname="test sensor 18400"/>
			<item id="18401" losttest="1" iotype="AI" name="Sensor18401_S" textname="test sensor 18401"/>
			<item id="18402" losttest="1" iotype="AI" name="Sensor18402_S" textname="test sensor 18402"/>
			<item id="18403" losttest="1" iotype="AI" name="Sensor18403_S" textname="test sensor 18403"/>
			<item id="18404" losttest="1" iotype="AI" name="Sensor18404_S" textname="test sensor 18404"/>
			<item id="18405" losttest="1" iotype="AI" name="Sensor18405_S" textname="test sensor 18405"/>
			<item id="18406" losttest="1" iotype="AI" name="Sensor18406_S" textname="test sensor 18406"/>
			<item id="18407" losttest="1" iotype="AI" name="Sensor18407_S" textname="test sensor 18407"/>
			<item id="18408" losttest="1" iotype="AI" name="Sensor18408_S" textname="test sensor 18408"/>
			<item id="18409" losttest="1" iotype="AI" name="Sensor18409_S" textname="test sensor 18409"/>
			<item id="18410" losttest="1" iotype="AI" name="Sensor18410_S" textname="test sensor 18410"/>
			<item id="18411" losttest="1" iotype="AI" name="Sensor18411_S" textname="test sensor 18411"/>
			<item id="18412" losttest="1" iotype="AI" name="Sensor18412_S" textname="test sensor 18412"/>
			<item id="18413" losttest="1" iotype="AI" name="Sensor18413_S" textname="test sensor 18413"/>
			<item id="18414" losttest="1" iotype="AI" name="Sensor18414_S" textname="test sensor 18414"/>
			<item id="18415" losttest="1" iotype="AI" name="Sensor18415_S" textname="test sensor 18415"/>
			<item id="18416" losttest="1" iotype="AI" name="Sensor18416_S" textname="test sensor 18416"/>
			<item id="18417" losttest="1" iotype="AI" name="Sensor18417_S" textname="test sensor 18417"/>
			<item id="18418" losttest="1" iotype="AI" name="Sensor18418_S" textname="test sensor 18418"/>
			<item id="18419" losttest="1" iotype="AI" name="Sensor18419_S" textname="test sensor 18419"/>
			<item id="18420" losttest="1" iotype="AI" name="Sensor18420_S" textname="test sensor 18420"/>
			<item id="18421" losttest="1" iotype="AI" name="Sensor18421_S" textname="test sensor 18421"/>
			<item id="18422" losttest="1" iotype="AI" name="Sensor18422_S" textname="test sensor 18422"/>
			<item id="18423" losttest="1" iotype="AI" name="Sensor18423_S" textname="test sensor 18423"/>
			<item id="18424" losttest="1" iotype="AI" name="Sensor18424_S" textname="test sensor 18424"/>
			<item id="18425" losttest="1" iotype="AI" name="Sensor18425_S" textname="test sensor 18425"/>
			<item id="18426" losttest="1" iotype="AI" name="Sensor18426_S" textname="test sensor 18426"/>
			<item id="18427" losttest="1" iotype="AI" name="Sensor18427_S" textname="test sensor 18427"/>
			<item id="18428" losttest="1" iotype="AI" name="Sensor18428_S" textname="test sensor 18428"/>
			<item id="18429" losttest="1" iotype="AI" name="Sensor18429_S" textname="test sensor 18429"/>
			<item id="18430" losttest="1" iotype="AI" name="Sensor18430_S" textname="test sensor 18430"/>
			<item id="18431" losttest="1" iotype="AI" name="Sensor18431_S" textname="test sensor 18431"/>
			<item id="18432" losttest="1" iotype="AI" name="Sensor18432_S" textname="test sensor 18432"/>
			<item id="18433" losttest="1" iotype="AI" name="Sensor18433_S" textname="test sensor 18433"/>
			<item id="18434" losttest="1" iotype="AI" name="Sensor18434_S" textname="test sensor 18434"/>
			<item id="18435" losttest="1" iotype="AI" name="Sensor18435_S" textname="test sensor 18435"/>
			<item id="18436" losttest="1" iotype="AI" name="Sensor18436_S" textname="test sensor 18436"/>
			<item id="18437" losttest="1" iotype="AI" name="Sensor18437_S" textname="test sensor 18437"/>
			<item id="18438" losttest="1" iotype="AI" name="Sensor18438_S" textname="test sensor 18438"/>
			<item id="18439" losttest="1" iotype="AI" name="Sensor18439_S" textname="test sensor 18439"/>
			<item id="18440" losttest="1" iotype="AI" name="Sensor18440_S" textname="test sensor 18440"/>
			<item id="18441" losttest="1" iotype="AI" name="Sensor18441_S" textname="test sensor 18441"/>
			<item id="18442" losttest="1" iotype="AI" name="Sensor18442_S" textname="test sensor 18442"/>
			<item id="18443" losttest="1" iotype="AI" name="Sensor18443_S" textname="test sensor 18443"/>
			<item id="18444" losttest="1" iotype="AI" name="Sensor18444_S" textname="test sensor 18444"/>
			<item id="18445" losttest="1" iotype="AI" name="Sensor18445_S" textname="test sensor 18445"/>
			<item id="18446" losttest="1" iotype="AI" name="Sensor18446_S" textname="test sensor 18446"/>
			<item id="18447" losttest="1" iotype="AI" name="Sensor18447_S" textname="test sensor 18447"/>
			<item id="18448" losttest="1" iotype="AI" name="Sensor18448_S" textname="test sensor 18448"/>
			<item id="18449" losttest="1" iotype="AI" name="Sensor18449_S" textname="test sensor 18449"/>
			<item id="18450" losttest="1" iotype="AI" name="Sensor18450_S" textname="test sensor 18450"/>
			<item id="18451" losttest="1" iotype="AI" name="Sensor18451_S" textname="test sensor 18451"/>
			<item id="18452" losttest="1" iotype="AI" name="Sensor18452_S" textname="test sensor 18452"/>
			<item id="18453" losttest="1" iotype="AI" name="Sensor18453_S" textname="test sensor 18453"/>
			<item id="18454" losttest="1" iotype="AI" name="Sensor18454_S" textname="test sensor 18454"/>
			<item id="18455" losttest="1" iotype="AI" name="Sensor18455_S" textname="test sensor 18455"/>
			<item id="18456" losttest="1" iotype="AI" name="Sensor18456_S" textname="test sensor 18456"/>
			<item id="18457" losttest="1" iotype="AI" name="Sensor18457_S" textname="test sensor 18457"/>
			<item id="18458" losttest="1" iotype="AI" name="Sensor18458_S" textname="test sensor 18458"/>
			<item id="18459" losttest="1" iotype="AI" name="Sensor18459_S" textname="test sensor 18459"/>
			<item id="18460" losttest="1" iotype="AI" name="Sensor18460_S" textname="test sensor 18460"/>
			<item id="18461" losttest="1" iotype="AI" name="Sensor18461_S" textname="test sensor 18461"/>
			<item id="18462" losttest="1" iotype="AI" name="Sensor18462_S" textname="test sensor 18462"/>
			<item id="18463" losttest="1" iotype="AI" name="Sensor18463_S" textname="test sensor 18463"/>
			<item id="18464" losttest="1" iotype="AI" name="Sensor18464_S" textname="test sensor 18464"/>
			<item id="18465" losttest="1" iotype="AI" name="Sensor18465_S" textname="test sensor 18465"/>
			<item id="18466" losttest="1" iotype="AI" name="Sensor18466_S" textname="test sensor 18466"/>
			<item id="18467" losttest="1" iotype="AI" name="Sensor18467_S" textname="test sensor 18467"/>
			<item id="18468" losttest="1" iotype="AI" name="Sensor18468_S" textname="test sensor 18468"/>
			<item id="18469" losttest="1" iotype="AI" name="Sensor18469_S" textname="test sensor 18469"/>
			<item id="18470" losttest="1" iotype="AI" name="Sensor18470_S" textname="test sensor 18470"/>
			<item id="18471" losttest="1" iotype="AI" name="Sensor18471_S" textname="test sensor 18471"/>
			<item id="18472" losttest="1" iotype="AI" name="Sensor18472_S" textname="test sensor 18472"/>
			<item id="18473" losttest="1" iotype="AI" name="Sensor18473_S" textname="test sensor 18473"/>
			<item id="18474" losttest="1" iotype="AI" name="Sensor18474_S" textname="test sensor 18474"/>
			<item id="18475" losttest="1" iotype="AI" name="Sensor18475_S" textname="test sensor 18475"/>
			<item id="18476" losttest="1" iotype="AI" name="Sensor18476_S" textname="test sensor 18476"/>
			<item id="18477" losttest="1" iotype="AI" name="Sensor18477_S" textname="test sensor 18477"/>
			<item id="18478" losttest="1" iotype="AI" name="Sensor18478_S" textname="test sensor 18478"/>
			<item id="18479" losttest="1" iotype="AI" name="Sensor18479_S" textname="test sensor 18479"/>
			<item id="18480" losttest="1" iotype="AI" name="Sensor18480_S" textname="test sensor 18480"/>
			<item id="18481" losttest="1" iotype="AI" name="Sensor18481_S" textname="test sensor 18481"/>
			<item id="18482" losttest="1" iotype="AI" name="Sensor18482_S" textname="test sensor 18482"/>
			<item id="18483" losttest="1" iotype="AI" name="Sensor18483_S" textname="test sensor 18483"/>
			<item id="18484" losttest="1" iotype="AI" name="Sensor18484_S" textname="test sensor 18484"/>
			<item id="18485" losttest="1" iotype="AI" name="Sensor18485_S" textname="test sensor 18485"/>
			<item id="18486" losttest="1" iotype="AI" name="Sensor18486_S" textname="test sensor 18486"/>
			<item id="18487" losttest="1" iotype="AI" name="Sensor18487_S" textname="test sensor 18487"/>
			<item id="18488" losttest="1" iotype="AI" name="Sensor18488_S" textname="test sensor 18488"/>
			<item id="18489" losttest="1" iotype="AI" name="Sensor18489_S" textname="test sensor 18489"/>
			<item id="18490" losttest="1" iotype="AI" name="Sensor18490_S" textname="test sensor 18490"/>
			<item id="18491" losttest="1" iotype="AI" name="Sensor18491_S" textname="test sensor 18491"/>
			<item id="18492" losttest="1" iotype="AI" name="Sensor18492_S" textname="test sensor 18492"/>
			<item id="18493" losttest="1" iotype="AI" name="Sensor18493_S" textname="test sensor 18493"/>
			<item id="18494" losttest="1" iotype="AI" name="Sensor18494_S" textname="test sensor 18494"/>
			<item id="18495" losttest="1" iotype="AI" name="Sensor18495_S" textname="test sensor 18495"/>
			<item id="18496" losttest="1" iotype="AI" name="Sensor18496_S" textname="test sensor 18496"/>
			<item id="18497" losttest="1" iotype="AI" name="Sensor18497_S" textname="test sensor 18497"/>
			<item id="18498" losttest="1" iotype="AI" name="Sensor18498_S" textname="test sensor 18498"/>
			<item id="18499" losttest="1" iotype="AI" name="Sensor18499_S" textname="test sensor 18499"/>
			<item id="18500" losttest="1" iotype="AI" name="Sensor18500_S" textname="test sensor 18500"/>
			<item id="18501" losttest="1" iotype="AI" name="Sensor18501_S" textname="test sensor 18501"/>
			<item id="18502" losttest="1" iotype="AI" name="Sensor18502_S" textname="test sensor 18502"/>
			<item id="18503" losttest="1" iotype="AI" name="Sensor18503_S" textname="test sensor 18503"/>
			<item id="18504" losttest="1" iotype="AI" name="Sensor18504_S" textname="test sensor 18504"/>
			<item id="18505" losttest="1" iotype="AI" name="Sensor18505_S" textname="test sensor 18505"/>
			<item id="18506" losttest="1" iotype="AI" name="Sensor18506_S" textname="test sensor 18506"/>
			<item id="18507" losttest="1" iotype="AI" name="Sensor18507_S" textname="test sensor 18507"/>
			<item id="18508" losttest="1" iotype="AI" name="Sensor18508_S" textname="test sensor 18508"/>
			<item id="18509" losttest="1" iotype="AI" name="Sensor18509_S" textname="test sensor 18509"/>
			<item id="18510" losttest="1" iotype="AI" name="Sensor18510_S" textname="test sensor 18510"/>
			<item id="18511" losttest="1" iotype="AI" name="Sensor18511_S" textname="test sensor 18511"/>
			<item id="18512" losttest="1" iotype="AI" name="Sensor18512_S" textname="test sensor 18512"/>
			<item id="18513" losttest="1" iotype="AI" name="Sensor18513_S" textname="test sensor 18513"/>
			<item id="18514" losttest="1" iotype="AI" name="Sensor18514_S" textname="test sensor 18514"/>
			<item id="18515" losttest="1" iotype="AI" name="Sensor18515_S" textname="test sensor 18515"/>
			<item id="18516" losttest="1" iotype="AI" name="Sensor18516_S" textname="test sensor 18516"/>
			<item id="18517" losttest="1" iotype="AI" name="Sensor18517_S" textname="test sensor 18517"/>
			<item id="18518" losttest="1" iotype="AI" name="Sensor18518_S" textname="test sensor 18518"/>
			<item id="18519" losttest="1" iotype="AI" name="Sensor18519_S" textname="test sensor 18519"/>
			<item id="18520" losttest="1" iotype="AI" name="Sensor18520_S" textname="test sensor 18520"/>
			<item id="18521" losttest="1" iotype="AI" name="Sensor18521_S" textname="test sensor 18521"/>
			<item id="18522" losttest="1" iotype="AI" name="Sensor18522_S" textname="test sensor 18522"/>
			<item id="18523" losttest="1" iotype="AI" name="Sensor18523_S" textname="test sensor 18523"/>
			<item id="18524" losttest="1" iotype="AI" name="Sensor18524_S" textname="test sensor 18524"/>
			<item id="18525" losttest="1" iotype="AI" name="Sensor18525_S" textname="test sensor 18525"/>
			<item id="18526" losttest="1" iotype="AI" name="Sensor18526_S" textname="test sensor 18526"/>
			<item id="18527" losttest="1" iotype="AI" name="Sensor18527_S" textname="test sensor 18527"/>
			<item id="18528" losttest="1" iotype="AI" name="Sensor18528_S" textname="test sensor 18528"/>
			<item id="18529" losttest="1" iotype="AI" name="Sensor18529_S" textname="test sensor 18529"/>
			<item id="18530" losttest="1" iotype="AI" name="Sensor18530_S" textname="test sensor 18530"/>
			<item id="18531" losttest="1" iotype="AI" name="Sensor18531_S" textname="test sensor 18531"/>
			<item id="18532" losttest="1" iotype="AI" name="Sensor18532_S" textname="test sensor 18532"/>
			<item id="18533" losttest="1" iotype="AI" name="Sensor18533_S" textname="test sensor 18533"/>
			<item id="18534" losttest="1" iotype="AI" name="Sensor18534_S" textname="test sensor 18534"/>
			<item id="18535" losttest="1" iotype="AI" name="Sensor18535_S" textname="test sensor 18535"/>
			<item id="18536" losttest="1" iotype="AI" name="Sensor18536_S" textname="test sensor 18536"/>
			<item id="18537" losttest="1" iotype="AI" name="Sensor18537_S" textname="test sensor 18537"/>
			<item id="18538" losttest="1" iotype="AI" name="Sensor18538_S" textname="test sensor 18538"/>
			<item id="18539" losttest="1" iotype="AI" name="Sensor18539_S" textname="test sensor 18539"/>
			<item id="18540" losttest="1" iotype="AI" name="Sensor18540_S" textname="test sensor 18540"/>
			<item id="18541" losttest="1" iotype="AI" name="Sensor18541_S" textname="test sensor 18541"/>
			<item id="18542" losttest="1" iotype="AI" name="Sensor18542_S" textname="test sensor 18542"/>
			<item id="18543" losttest="1" iotype="AI" name="Sensor18543_S" textname="test sensor 18543"/>
			<item id="18544" losttest="1" iotype="AI" name="Sensor18544_S" textname="test sensor 18544"/>
			<item id="18545" losttest="1" iotype="AI" name="Sensor18545_S" textname="test sensor 18545"/>
			<item id="18546" losttest="1" iotype="AI" name="Sensor18546_S" textname="test sensor 18546"/>
			<item id="18547" losttest="1" iotype="AI" name="Sensor18547_S" textname="test sensor 18547"/>
			<item id="18548" losttest="1" iotype="AI" name="Sensor18548_S" textname="test sensor 18548"/>
			<item id="18549" losttest="1" iotype="AI" name="Sensor18549_S" textname="test sensor 18549"/>
			<item id="18550" losttest="1" iotype="AI" name="Sensor18550_S" textname="test sensor 18550"/>
			<item id="18551" losttest="1" iotype="AI" name="Sensor18551_S" textname="test sensor 18551"/>
			<item id="18552" losttest="1" iotype="AI" name="Sensor18552_S" textname="test sensor 18552"/>
			<item id="18553" losttest="1" iotype="AI" name="Sensor18553_S" textname="test sensor 18553"/>
			<item id="18554" losttest="1" iotype="AI" name="Sensor18554_S" textname="test sensor 18554"/>
			<item id="18555" losttest="1" iotype="AI" name="Sensor18555_S" textname="test sensor 18555"/>
			<item id="18556" losttest="1" iotype="AI" name="Sensor18556_S" textname="test sensor 18556"/>
			<item id="18557" losttest="1" iotype="AI" name="Sensor18557_S" textname="test sensor 18557"/>
			<item id="18558" losttest="1" iotype="AI" name="Sensor18558_S" textname="test sensor 18558"/>
			<item id="18559" losttest="1" iotype="AI" name="Sensor18559_S" textname="test sensor 18559"/>
			<item id="18560" losttest="1" iotype="AI" name="Sensor18560_S" textname="test sensor 18560"/>
			<item id="18561" losttest="1" iotype="AI" name="Sensor18561_S" textname="test sensor 18561"/>
			<item id="18562" losttest="1" iotype="AI" name="Sensor18562_S" textname="test sensor 18562"/>
			<item id="18563" losttest="1" iotype="AI" name="Sensor18563_S" textname="test sensor 18563"/>
			<item id="18564" losttest="1" iotype="AI" name="Sensor18564_S" textname="test sensor 18564"/>
			<item id="18565" losttest="1" iotype="AI" name="Sensor18565_S" textname="test sensor 18565"/>
			<item id="18566" losttest="1" iotype="AI" name="Sensor18566_S" textname="test sensor 18566"/>
			<item id="18567" losttest="1" iotype="AI" name="Sensor18567_S" textname="test sensor 18567"/>
			<item id="18568" losttest="1" iotype="AI" name="Sensor18568_S" textname="test sensor 18568"/>
			<item id="18569" losttest="1" iotype="AI" name="Sensor18569_S" textname="test sensor 18569"/>
			<item id="18570" losttest="1" iotype="AI" name="Sensor18570_S" textname="test sensor 18570"/>
			<item id="18571" losttest="1" iotype="AI" name="Sensor18571_S" textname="test sensor 18571"/>
			<item id="18572" losttest="1" iotype="AI" name="Sensor18572_S" textname="test sensor 18572"/>
			<item id="18573" losttest="1" iotype="AI" name="Sensor18573_S" textname="test sensor 18573"/>
			<item id="18574" losttest="1" iotype="AI" name="Sensor18574_S" textname="test sensor 18574"/>
			<item id="18575" losttest="1" iotype="AI" name="Sensor18575_S" textname="test sensor 18575"/>
			<item id="18576" losttest="1" iotype="AI" name="Sensor18576_S" textname="test sensor 18576"/>
			<item id="18577" losttest="1" iotype="AI" name="Sensor18577_S" textname="test sensor 18577"/>
			<item id="18578" losttest="1" iotype="AI" name="Sensor18578_S" textname="test sensor 18578"/>
			<item id="18579" losttest="1" iotype="AI" name="Sensor18579_S" textname="test sensor 18579"/>
			<item id="18580" losttest="1" iotype="AI" name="Sensor18580_S" textname="test sensor 18580"/>
			<item id="18581" losttest="1" iotype="AI" name="Sensor18581_S" textname="test sensor 18581"/>
			<item id="18582" losttest="1" iotype="AI" name="Sensor18582_S" textname="test sensor 18582"/>
			<item id="18583" losttest="1" iotype="AI" name="Sensor18583_S" textname="test sensor 18583"/>
			<item id="18584" losttest="1" iotype="AI" name="Sensor18584_S" textname="test sensor 18584"/>
			<item id="18585" losttest="1" iotype="AI" name="Sensor18585_S" textname="test sensor 18585"/>
			<item id="18586" losttest="1" iotype="AI" name="Sensor18586_S" textname="test sensor 18586"/>
			<item id="18587" losttest="1" iotype="AI" name="Sensor18587_S" textname="test sensor 18587"/>
			<item id="18588" losttest="1" iotype="AI" name="Sensor18588_S" textname="test sensor 18588"/>
			<item id="18589" losttest="1" iotype="AI" name="Sensor18589_S" textname="test sensor 18589"/>
			<item id="18590" losttest="1" iotype="AI" name="Sensor18590_S" textname="test sensor 18590"/>
			<item id="18591" losttest="1" iotype="AI" name="Sensor18591_S" textname="test sensor 18591"/>
			<item id="18592" losttest="1" iotype="AI" name="Sensor18592_S" textname="test sensor 18592"/>
			<item id="18593" losttest="1" iotype="AI" name="Sensor18593_S" textname="test sensor 18593"/>
			<item id="18594" losttest="1" iotype="AI" name="Sensor18594_S" textname="test sensor 18594"/>
			<item id="18595" losttest="1" iotype="AI" name="Sensor18595_S" textname="test sensor 18595"/>
			<item id="18596" losttest="1" iotype="AI" name="Sensor18596_S" textname="test sensor 18596"/>
			<item id="18597" losttest="1" iotype="AI" name="Sensor18597_S" textname="test sensor 18597"/>
			<item id="18598" losttest="1" iotype="AI" name="Sensor18598_S" textname="test sensor 18598"/>
			<item id="18599" losttest="1" iotype="AI" name="Sensor18599_S" textname="test sensor 18599"/>
			<item id="18600" losttest="1" iotype="AI" name="Sensor18600_S" textname="test sensor 18600"/>
			<item id="18601" losttest="1" iotype="AI" name="Sensor18601_S" textname="test sensor 18601"/>
			<item id="18602" losttest="1" iotype="AI" name="Sensor18602_S" textname="test sensor 18602"/>
			<item id="18603" losttest="1" iotype="AI" name="Sensor18603_S" textname="test sensor 18603"/>
			<item id="18604" losttest="1" iotype="AI" name="Sensor18604_S" textname="test sensor 18604"/>
			<item id="18605" losttest="1" iotype="AI" name="Sensor18605_S" textname="test sensor 18605"/>
			<item id="18606" losttest="1" iotype="AI" name="Sensor18606_S" textname="test sensor 18606"/>
			<item id="18607" losttest="1" iotype="AI" name="Sensor18607_S" textname="test sensor 18607"/>
			<item id="18608" losttest="1" iotype="AI" name="Sensor18608_S" textname="test sensor 18608"/>
			<item id="18609" losttest="1" iotype="AI" name="Sensor18609_S" textname="test sensor 18609"/>
			<item id="18610" losttest="1" iotype="AI" name="Sensor18610_S" textname="test sensor 18610"/>
			<item id="18611" losttest="1" iotype="AI" name="Sensor18611_S" textname="test sensor 18611"/>
			<item id="18612" losttest="1" iotype="AI" name="Sensor18612_S" textname="test sensor 18612"/>
			<item id="18613" losttest="1" iotype="AI" name="Sensor18613_S" textname="test sensor 18613"/>
			<item id="18614" losttest="1" iotype="AI" name="Sensor18614_S" textname="test sensor 18614"/>
			<item id="18615" losttest="1" iotype="AI" name="Sensor18615_S" textname="test sensor 18615"/>
			<item id="18616" losttest="1" iotype="AI" name="Sensor18616_S" textname="test sensor 18616"/>
			<item id="18617" losttest="1" iotype="AI" name="Sensor18617_S" textname="test sensor 18617"/>
			<item id="18618" losttest="1" iotype="AI" name="Sensor18618_S" textname="test sensor 18618"/>
			<item id="18619" losttest="1" iotype="AI" name="Sensor18619_S" textname="test sensor 18619"/>
			<item id="18620" losttest="1" iotype="AI" name="Sensor18620_S" textname="test sensor 18620"/>
			<item id="18621" losttest="1" iotype="AI" name="Sensor18621_S" textname="test sensor 18621"/>
			<item id="18622" losttest="1" iotype="AI" name="Sensor18622_S" textname="test sensor 18622"/>
			<item id="18623" losttest="1" iotype="AI" name="Sensor18623_S" textname="test sensor 18623"/>
			<item id="18624" losttest="1" iotype="AI" name="Sensor18624_S" textname="test sensor 18624"/>
			<item id="18625" losttest="1" iotype="AI" name="Sensor18625_S" textname="test sensor 18625"/>
			<item id="18626" losttest="1" iotype="AI" name="Sensor18626_S" textname="test sensor 18626"/>
			<item id="18627" losttest="1" iotype="AI" name="Sensor18627_S" textname="test sensor 18627"/>
			<item id="18628" losttest="1" iotype="AI" name="Sensor18628_S" textname="test sensor 18628"/>
			<item id="18629" losttest="1" iotype="AI" name="Sensor18629_S" textname="test sensor 18629"/>
			<item id="18630" losttest="1" iotype="AI" name="Sensor18630_S" textname="test sensor 18630"/>
			<item id="18631" losttest="1" iotype="AI" name="Sensor18631_S" textname="test sensor 18631"/>
			<item id="18632" losttest="1" iotype="AI" name="Sensor18632_S" textname="test sensor 18632"/>
			<item id="18633" losttest="1" iotype="AI" name="Sensor18633_S" textname="test sensor 18633"/>
			<item id="18634" losttest="1" iotype="AI" name="Sensor18634_S" textname="test sensor 18634"/>
			<item id="18635" losttest="1" iotype="AI" name="Sensor18635_S" textname="test sensor 18635"/>
			<item id="18636" losttest="1" iotype="AI" name="Sensor18636_S" textname="test sensor 18636"/>
			<item id="18637" losttest="1" iotype="AI" name="Sensor18637_S" textname="test sensor 18637"/>
			<item id="18638" losttest="1" iotype="AI" name="Sensor18638_S" textname="test sensor 18638"/>
			<item id="18639" losttest="1" iotype="AI" name="Sensor18639_S" textname="test sensor 18639"/>
			<item id="18640" losttest="1" iotype="AI" name="Sensor18640_S" textname="test sensor 18640"/>
			<item id="18641" losttest="1" iotype="AI" name="Sensor18641_S" textname="test sensor 18641"/>
			<item id="18642" losttest="1" iotype="AI" name="Sensor18642_S" textname="test sensor 18642"/>
			<item id="18643" losttest="1" iotype="AI" name="Sensor18643_S" textname="test sensor 18643"/>
			<item id="18644" losttest="1" iotype="AI" name="Sensor18644_S" textname="test sensor 18644"/>
			<item id="18645" losttest="1" iotype="AI" name="Sensor18645_S" textname="test sensor 18645"/>
			<item id="18646" losttest="1" iotype="AI" name="Sensor18646_S" textname="test sensor 18646"/>
			<item id="18647" losttest="1" iotype="AI" name="Sensor18647_S" textname="test sensor 18647"/>
			<item id="18648" losttest="1" iotype="AI" name="Sensor18648_S" textname="test sensor 18648"/>
			<item id="18649" losttest="1" iotype="AI" name="Sensor18649_S" textname="test sensor 18649"/>
			<item id="18650" losttest="1" iotype="AI" name="Sensor18650_S" textname="test sensor 18650"/>
			<item id="18651" losttest="1" iotype="AI" name="Sensor18651_S" textname="test sensor 18651"/>
			<item id="18652" losttest="1" iotype="AI" name="Sensor18652_S" textname="test sensor 18652"/>
			<item id="18653" losttest="1" iotype="AI" name="Sensor18653_S" textname="test sensor 18653"/>
			<item id="18654" losttest="1" iotype="AI" name="Sensor18654_S" textname="test sensor 18654"/>
			<item id="18655" losttest="1" iotype="AI" name="Sensor18655_S" textname="test sensor 18655"/>
			<item id="18656" losttest="1" iotype="AI" name="Sensor18656_S" textname="test sensor 18656"/>
			<item id="18657" losttest="1" iotype="AI" name="Sensor18657_S" textname="test sensor 18657"/>
			<item id="18658" losttest="1" iotype="AI" name="Sensor18658_S" textname="test sensor 18658"/>
			<item id="18659" losttest="1" iotype="AI" name="Sensor18659_S" textname="test sensor 18659"/>
			<item id="18660" losttest="1" iotype="AI" name="Sensor18660_S" textname="test sensor 18660"/>
			<item id="18661" losttest="1" iotype="AI" name="Sensor18661_S" textname="test sensor 18661"/>
			<item id="18662" losttest="1" iotype="AI" name="Sensor18662_S" textname="test sensor 18662"/>
			<item id="18663" losttest="1" iotype="AI" name="Sensor18663_S" textname="test sensor 18663"/>
			<item id="18664" losttest="1" iotype="AI" name="Sensor18664_S" textname="test sensor 18664"/>
			<item id="18665" losttest="1" iotype="AI" name="Sensor18665_S" textname="test sensor 18665"/>
			<item id="18666" losttest="1" iotype="AI" name="Sensor18666_S" textname="test sensor 18666"/>
			<item id="18667" losttest="1" iotype="AI" name="Sensor18667_S" textname="test sensor 18667"/>
			<item id="18668" losttest="1" iotype="AI" name="Sensor18668_S" textname="test sensor 18668"/>
			<item id="18669" losttest="1" iotype="AI" name="Sensor18669_S" textname="test sensor 18669"/>
			<item id="18670" losttest="1" iotype="AI" name="Sensor18670_S" textname="test sensor 18670"/>
			<item id="18671" losttest="1" iotype="AI" name="Sensor18671_S" textname="test sensor 18671"/>
			<item id="18672" losttest="1" iotype="AI" name="Sensor18672_S" textname="test sensor 18672"/>
			<item id="18673" losttest="1" iotype="AI" name="Sensor18673_S" textname="test sensor 18673"/>
			<item id="18674" losttest="1" iotype="AI" name="Sensor18674_S" textname="test sensor 18674"/>
			<item id="18675" losttest="1" iotype="AI" name="Sensor18675_S" textname="test sensor 18675"/>
			<item id="18676" losttest="1" iotype="AI" name="Sensor18676_S" textname="test sensor 18676"/>
			<item id="18677" losttest="1" iotype="AI" name="Sensor18677_S" textname="test sensor 18677"/>
			<item id="18678" losttest="1" iotype="AI" name="Sensor18678_S" textname="test sensor 18678"/>
			<item id="18679" losttest="1" iotype="AI" name="Sensor18679_S" textname="test sensor 18679"/>
			<item id="18680" losttest="1" iotype="AI" name="Sensor18680_S" textname="test sensor 18680"/>
			<item id="18681" losttest="1" iotype="AI" name="Sensor18681_S" textname="test sensor 18681"/>
			<item id="18682" losttest="1" iotype="AI" name="Sensor18682_S" textname="test sensor 18682"/>
			<item id="18683" losttest="1" iotype="AI" name="Sensor18683_S" textname="test sensor 18683"/>
			<item id="18684" losttest="1" iotype="AI" name="Sensor18684_S" textname="test sensor 18684"/>
			<item id="18685" losttest="1" iotype="AI" name="Sensor18685_S" textname="test sensor 18685"/>
			<item id="18686" losttest="1" iotype="AI" name="Sensor18686_S" textname="test sensor 18686"/>
			<item id="18687" losttest="1" iotype="AI" name="Sensor18687_S" textname="test sensor 18687"/>
			<item id="18688" losttest="1" iotype="AI" name="Sensor18688_S" textname="test sensor 18688"/>
			<item id="18689" losttest="1" iotype="AI" name="Sensor18689_S" textname="test sensor 18689"/>
			<item id="18690" losttest="1" iotype="AI" name="Sensor18690_S" textname="test sensor 18690"/>
			<item id="18691" losttest="1" iotype="AI" name="Sensor18691_S" textname="test sensor 18691"/>
			<item id="18692" losttest="1" iotype="AI" name="Sensor18692_S" textname="test sensor 18692"/>
			<item id="18693" losttest="1" iotype="AI" name="Sensor18693_S" textname="test sensor 18693"/>
			<item id="18694" losttest="1" iotype="AI" name="Sensor18694_S" textname="test sensor 18694"/>
			<item id="18695" losttest="1" iotype="AI" name="Sensor18695_S" textname="test sensor 18695"/>
			<item id="18696" losttest="1" iotype="AI" name="Sensor18696_S" textname="test sensor 18696"/>
			<item id="18697" losttest="1" iotype="AI" name="Sensor18697_S" textname="test sensor 18697"/>
			<item id="18698" losttest="1" iotype="AI" name="Sensor18698_S" textname="test sensor 18698"/>
			<item id="18699" losttest="1" iotype="AI" name="Sensor18699_S" textname="test sensor 18699"/>
			<item id="18700" losttest="1" iotype="AI" name="Sensor18700_S" textname="test sensor 18700"/>
			<item id="18701" losttest="1" iotype="AI" name="Sensor18701_S" textname="test sensor 18701"/>
			<item id="18702" losttest="1" iotype="AI" name="Sensor18702_S" textname="test sensor 18702"/>
			<item id="18703" losttest="1" iotype="AI" name="Sensor18703_S" textname="test sensor 18703"/>
			<item id="18704" losttest="1" iotype="AI" name="Sensor18704_S" textname="test sensor 18704"/>
			<item id="18705" losttest="1" iotype="AI" name="Sensor18705_S" textname="test sensor 18705"/>
			<item id="18706" losttest="1" iotype="AI" name="Sensor18706_S" textname="test sensor 18706"/>
			<item id="18707" losttest="1" iotype="AI" name="Sensor18707_S" textname="test sensor 18707"/>
			<item id="18708" losttest="1" iotype="AI" name="Sensor18708_S" textname="test sensor 18708"/>
			<item id="18709" losttest="1" iotype="AI" name="Sensor18709_S" textname="test sensor 18709"/>
			<item id="18710" losttest="1" iotype="AI" name="Sensor18710_S" textname="test sensor 18710"/>
			<item id="18711" losttest="1" iotype="AI" name="Sensor18711_S" textname="test sensor 18711"/>
			<item id="18712" losttest="1" iotype="AI" name="Sensor18712_S" textname="test sensor 18712"/>
			<item id="18713" losttest="1" iotype="AI" name="Sensor18713_S" textname="test sensor 18713"/>
			<item id="18714" losttest="1" iotype="AI" name="Sensor18714_S" textname="test sensor 18714"/>
			<item id="18715" losttest="1" iotype="AI" name="Sensor18715_S" textname="test sensor 18715"/>
			<item id="18716" losttest="1" iotype="AI" name="Sensor18716_S" textname="test sensor 18716"/>
			<item id="18717" losttest="1" iotype="AI" name="Sensor18717_S" textname="test sensor 18717"/>
			<item id="18718" losttest="1" iotype="AI" name="Sensor18718_S" textname="test sensor 18718"/>
			<item id="18719" losttest="1" iotype="AI" name="Sensor18719_S" textname="test sensor 18719"/>
			<item id="18720" losttest="1" iotype="AI" name="Sensor18720_S" textname="test sensor 18720"/>
			<item id="18721" losttest="1" iotype="AI" name="Sensor18721_S" textname="test sensor 18721"/>
			<item id="18722" losttest="1" iotype="AI" name="Sensor18722_S" textname="test sensor 18722"/>
			<item id="18723" losttest="1" iotype="AI" name="Sensor18723_S" textname="test sensor 18723"/>
			<item id="18724" losttest="1" iotype="AI" name="Sensor18724_S" textname="test sensor 18724"/>
			<item id="18725" losttest="1" iotype="AI" name="Sensor18725_S" textname="test sensor 18725"/>
			<item id="18726" losttest="1" iotype="AI" name="Sensor18726_S" textname="test sensor 18726"/>
			<item id="18727" losttest="1" iotype="AI" name="Sensor18727_S" textname="test sensor 18727"/>
			<item id="18728" losttest="1" iotype="AI" name="Sensor18728_S" textname="test sensor 18728"/>
			<item id="18729" losttest="1" iotype="AI" name="Sensor18729_S" textname="test sensor 18729"/>
			<item id="18730" losttest="1" iotype="AI" name="Sensor18730_S" textname="test sensor 18730"/>
			<item id="18731" losttest="1" iotype="AI" name="Sensor18731_S" textname="test sensor 18731"/>
			<item id="18732" losttest="1" iotype="AI" name="Sensor18732_S" textname="test sensor 18732"/>
			<item id="18733" losttest="1" iotype="AI" name="Sensor18733_S" textname="test sensor 18733"/>
			<item id="18734" losttest="1" iotype="AI" name="Sensor18734_S" textname="test sensor 18734"/>
			<item id="18735" losttest="1" iotype="AI" name="Sensor18735_S" textname="test sensor 18735"/>
			<item id="18736" losttest="1" iotype="AI" name="Sensor18736_S" textname="test sensor 18736"/>
			<item id="18737" losttest="1" iotype="AI" name="Sensor18737_S" textname="test sensor 18737"/>
			<item id="18738" losttest="1" iotype="AI" name="Sensor18738_S" textname="test sensor 18738"/>
			<item id="18739" losttest="1" iotype="AI" name="Sensor18739_S" textname="test sensor 18739"/>
			<item id="18740" losttest="1" iotype="AI" name="Sensor18740_S" textname="test sensor 18740"/>
			<item id="18741" losttest="1" iotype="AI" name="Sensor18741_S" textname="test sensor 18741"/>
			<item id="18742" losttest="1" iotype="AI" name="Sensor18742_S" textname="test sensor 18742"/>
			<item id="18743" losttest="1" iotype="AI" name="Sensor18743_S" textname="test sensor 18743"/>
			<item id="18744" losttest="1" iotype="AI" name="Sensor18744_S" textname="test sensor 18744"/>
			<item id="18745" losttest="1" iotype="AI" name="Sensor18745_S" textname="test sensor 18745"/>
			<item id="18746" losttest="1" iotype="AI" name="Sensor18746_S" textname="test sensor 18746"/>
			<item id="18747" losttest="1" iotype="AI" name="Sensor18747_S" textname="test sensor 18747"/>
			<item id="18748" losttest="1" iotype="AI" name="Sensor18748_S" textname="test sensor 18748"/>
			<item id="18749" losttest="1" iotype="AI" name="Sensor18749_S" textname="test sensor 18749"/>
			<item id="18750" losttest="1" iotype="AI" name="Sensor18750_S" textname="test sensor 18750"/>
			<item id="18751" losttest="1" iotype="AI" name="Sensor18751_S" textname="test sensor 18751"/>
			<item id="18752" losttest="1" iotype="AI" name="Sensor18752_S" textname="test sensor 18752"/>
			<item id="18753" losttest="1" iotype="AI" name="Sensor18753_S" textname="test sensor 18753"/>
			<item id="18754" losttest="1" iotype="AI" name="Sensor18754_S" textname="test sensor 18754"/>
			<item id="18755" losttest="1" iotype="AI" name="Sensor18755_S" textname="test sensor 18755"/>
			<item id="18756" losttest="1" iotype="AI" name="Sensor18756_S" textname="test sensor 18756"/>
			<item id="18757" losttest="1" iotype="AI" name="Sensor18757_S" textname="test sensor 18757"/>
			<item id="18758" losttest="1" iotype="AI" name="Sensor18758_S" textname="test sensor 18758"/>
			<item id="18759" losttest="1" iotype="AI" name="Sensor18759_S" textname="test sensor 18759"/>
			<item id="18760" losttest="1" iotype="AI" name="Sensor18760_S" textname="test sensor 18760"/>
			<item id="18761" losttest="1" iotype="AI" name="Sensor18761_S" textname="test sensor 18761"/>
			<item id="18762" losttest="1" iotype="AI" name="Sensor18762_S" textname="test sensor 18762"/>
			<item id="18763" losttest="1" iotype="AI" name="Sensor18763_S" textname="test sensor 18763"/>
			<item id="18764" losttest="1" iotype="AI" name="Sensor18764_S" textname="test sensor 18764"/>
			<item id="18765" losttest="1" iotype="AI" name="Sensor18765_S" textname="test sensor 18765"/>
			<item id="18766" losttest="1" iotype="AI" name="Sensor18766_S" textname="test sensor 18766"/>
			<item id="18767" losttest="1" iotype="AI" name="Sensor18767_S" textname="test sensor 18767"/>
			<item id="18768" losttest="1" iotype="AI" name="Sensor18768_S" textname="test sensor 18768"/>
			<item id="18769" losttest="1" iotype="AI" name="Sensor18769_S" textname="test sensor 18769"/>
			<item id="18770" losttest="1" iotype="AI" name="Sensor18770_S" textname="test sensor 18770"/>
			<item id="18771" losttest="1" iotype="AI" name="Sensor18771_S" textname="test sensor 18771"/>
			<item id="18772" losttest="1" iotype="AI" name="Sensor18772_S" textname="test sensor 18772"/>
			<item id="18773" losttest="1" iotype="AI" name="Sensor18773_S" textname="test sensor 18773"/>
			<item id="18774" losttest="1" iotype="AI" name="Sensor18774_S" textname="test sensor 18774"/>
			<item id="18775" losttest="1" iotype="AI" name="Sensor18775_S" textname="test sensor 18775"/>
			<item id="18776" losttest="1" iotype="AI" name="Sensor18776_S" textname="test sensor 18776"/>
			<item id="18777" losttest="1" iotype="AI" name="Sensor18777_S" textname="test sensor 18777"/>
			<item id="18778" losttest="1" iotype="AI" name="Sensor18778_S" textname="test sensor 18778"/>
			<item id="18779" losttest="1" iotype="AI" name="Sensor18779_S" textname="test sensor 18779"/>
			<item id="18780" losttest="1" iotype="AI" name="Sensor18780_S" textname="test sensor 18780"/>
			<item id="18781" losttest="1" iotype="AI" name="Sensor18781_S" textname="test sensor 18781"/>
			<item id="18782" losttest="1" iotype="AI" name="Sensor18782_S" textname="test sensor 18782"/>
			<item id="18783" losttest="1" iotype="AI" name="Sensor18783_S" textname="test sensor 18783"/>
			<item id="18784" losttest="1" iotype="AI" name="Sensor18784_S" textname="test sensor 18784"/>
			<item id="18785" losttest="1" iotype="AI" name="Sensor18785_S" textname="test sensor 18785"/>
			<item id="18786" losttest="1" iotype="AI" name="Sensor18786_S" textname="test sensor 18786"/>
			<item id="18787" losttest="1" iotype="AI" name="Sensor18787_S" textname="test sensor 18787"/>
			<item id="18788" losttest="1" iotype="AI" name="Sensor18788_S" textname="test sensor 18788"/>
			<item id="18789" losttest="1" iotype="AI" name="Sensor18789_S" textname="test sensor 18789"/>
			<item id="18790" losttest="1" iotype="AI" name="Sensor18790_S" textname="test sensor 18790"/>
			<item id="18791" losttest="1" iotype="AI" name="Sensor18791_S" textname="test sensor 18791"/>
			<item id="18792" losttest="1" iotype="AI" name="Sensor18792_S" textname="test sensor 18792"/>
			<item id="18793" losttest="1" iotype="AI" name="Sensor18793_S" textname="test sensor 18793"/>
			<item id="18794" losttest="1" iotype="AI" name="Sensor18794_S" textname="test sensor 18794"/>
			<item id="18795" losttest="1" iotype="AI" name="Sensor18795_S" textname="test sensor 18795"/>
			<item id="18796" losttest="1" iotype="AI" name="Sensor18796_S" textname="test sensor 18796"/>
			<item id="18797" losttest="1" iotype="AI" name="Sensor18797_S" textname="test sensor 18797"/>
			<item id="18798" losttest="1" iotype="AI" name="Sensor18798_S" textname="test sensor 18798"/>
			<item id="18799" losttest="1" iotype="AI" name="Sensor18799_S" textname="test sensor 18799"/>
			<item id="18800" losttest="1" iotype="AI" name="Sensor18800_S" textname="test sensor 18800"/>
			<item id="18801" losttest="1" iotype="AI" name="Sensor18801_S" textname="test sensor 18801"/>
			<item id="18802" losttest="1" iotype="AI" name="Sensor18802_S" textname="test sensor 18802"/>
			<item id="18803" losttest="1" iotype="AI" name="Sensor18803_S" textname="test sensor 18803"/>
			<item id="18804" losttest="1" iotype="AI" name="Sensor18804_S" textname="test sensor 18804"/>
			<item id="18805" losttest="1" iotype="AI" name="Sensor18805_S" textname="test sensor 18805"/>
			<item id="18806" losttest="1" iotype="AI" name="Sensor18806_S" textname="test sensor 18806"/>
			<item id="18807" losttest="1" iotype="AI" name="Sensor18807_S" textname="test sensor 18807"/>
			<item id="18808" losttest="1" iotype="AI" name="Sensor18808_S" textname="test sensor 18808"/>
			<item id="18809" losttest="1" iotype="AI" name="Sensor18809_S" textname="test sensor 18809"/>
			<item id="18810" losttest="1" iotype="AI" name="Sensor18810_S" textname="test sensor 18810"/>
			<item id="18811" losttest="1" iotype="AI" name="Sensor18811_S" textname="test sensor 18811"/>
			<item id="18812" losttest="1" iotype="AI" name="Sensor18812_S" textname="test sensor 18812"/>
			<item id="18813" losttest="1" iotype="AI" name="Sensor18813_S" textname="test sensor 18813"/>
			<item id="18814" losttest="1" iotype="AI" name="Sensor18814_S" textname="test sensor 18814"/>
			<item id="18815" losttest="1" iotype="AI" name="Sensor18815_S" textname="test sensor 18815"/>
			<item id="18816" losttest="1" iotype="AI" name="Sensor18816_S" textname="test sensor 18816"/>
			<item id="18817" losttest="1" iotype="AI" name="Sensor18817_S" textname="test sensor 18817"/>
			<item id="18818" losttest="1" iotype="AI" name="Sensor18818_S" textname="test sensor 18818"/>
			<item id="18819" losttest="1" iotype="AI" name="Sensor18819_S" textname="test sensor 18819"/>
			<item id="18820" losttest="1" iotype="AI" name="Sensor18820_S" textname="test sensor 18820"/>
			<item id="18821" losttest="1" iotype="AI" name="Sensor18821_S" textname="test sensor 18821"/>
			<item id="18822" losttest="1" iotype="AI" name="Sensor18822_S" textname="test sensor 18822"/>
			<item id="18823" losttest="1" iotype="AI" name="Sensor18823_S" textname="test sensor 18823"/>
			<item id="18824" losttest="1" iotype="AI" name="Sensor18824_S" textname="test sensor 18824"/>
			<item id="18825" losttest="1" iotype="AI" name="Sensor18825_S" textname="test sensor 18825"/>
			<item id="18826" losttest="1" iotype="AI" name="Sensor18826_S" textname="test sensor 18826"/>
			<item id="18827" losttest="1" iotype="AI" name="Sensor18827_S" textname="test sensor 18827"/>
			<item id="18828" losttest="1" iotype="AI" name="Sensor18828_S" textname="test sensor 18828"/>
			<item id="18829" losttest="1" iotype="AI" name="Sensor18829_S" textname="test sensor 18829"/>
			<item id="18830" losttest="1" iotype="AI" name="Sensor18830_S" textname="test sensor 18830"/>
			<item id="18831" losttest="1" iotype="AI" name="Sensor18831_S" textname="test sensor 18831"/>
			<item id="18832" losttest="1" iotype="AI" name="Sensor18832_S" textname="test sensor 18832"/>
			<item id="18833" losttest="1" iotype="AI" name="Sensor18833_S" textname="test sensor 18833"/>
			<item id="18834" losttest="1" iotype="AI" name="Sensor18834_S" textname="test sensor 18834"/>
			<item id="18835" losttest="1" iotype="AI" name="Sensor18835_S" textname="test sensor 18835"/>
			<item id="18836" losttest="1" iotype="AI" name="Sensor18836_S" textname="test sensor 18836"/>
			<item id="18837" losttest="1" iotype="AI" name="Sensor18837_S" textname="test sensor 18837"/>
			<item id="18838" losttest="1" iotype="AI" name="Sensor18838_S" textname="test sensor 18838"/>
			<item id="18839" losttest="1" iotype="AI" name="Sensor18839_S" textname="test sensor 18839"/>
			<item id="18840" losttest="1" iotype="AI" name="Sensor18840_S" textname="test sensor 18840"/>
			<item id="18841" losttest="1" iotype="AI" name="Sensor18841_S" textname="test sensor 18841"/>
			<item id="18842" losttest="1" iotype="AI" name="Sensor18842_S" textname="test sensor 18842"/>
			<item id="18843" losttest="1" iotype="AI" name="Sensor18843_S" textname="test sensor 18843"/>
			<item id="18844" losttest="1" iotype="AI" name="Sensor18844_S" textname="test sensor 18844"/>
			<item id="18845" losttest="1" iotype="AI" name="Sensor18845_S" textname="test sensor 18845"/>
			<item id="18846" losttest="1" iotype="AI" name="Sensor18846_S" textname="test sensor 18846"/>
			<item id="18847" losttest="1" iotype="AI" name="Sensor18847_S" textname="test sensor 18847"/>
			<item id="18848" losttest="1" iotype="AI" name="Sensor18848_S" textname="test sensor 18848"/>
			<item id="18849" losttest="1" iotype="AI" name="Sensor18849_S" textname="test sensor 18849"/>
			<item id="18850" losttest="1" iotype="AI" name="Sensor18850_S" textname="test sensor 18850"/>
			<item id="18851" losttest="1" iotype="AI" name="Sensor18851_S" textname="test sensor 18851"/>
			<item id="18852" losttest="1" iotype="AI" name="Sensor18852_S" textname="test sensor 18852"/>
			<item id="18853" losttest="1" iotype="AI" name="Sensor18853_S" textname="test sensor 18853"/>
			<item id="18854" losttest="1" iotype="AI" name="Sensor18854_S" textname="test sensor 18854"/>
			<item id="18855" losttest="1" iotype="AI" name="Sensor18855_S" textname="test sensor 18855"/>
			<item id="18856" losttest="1" iotype="AI" name="Sensor18856_S" textname="test sensor 18856"/>
			<item id="18857" losttest="1" iotype="AI" name="Sensor18857_S" textname="test sensor 18857"/>
			<item id="18858" losttest="1" iotype="AI" name="Sensor18858_S" textname="test sensor 18858"/>
			<item id="18859" losttest="1" iotype="AI" name="Sensor18859_S" textname="test sensor 18859"/>
			<item id="18860" losttest="1" iotype="AI" name="Sensor18860_S" textname="test sensor 18860"/>
			<item id="18861" losttest="1" iotype="AI" name="Sensor18861_S" textname="test sensor 18861"/>
			<item id="18862" losttest="1" iotype="AI" name="Sensor18862_S" textname="test sensor 18862"/>
			<item id="18863" losttest="1" iotype="AI" name="Sensor18863_S" textname="test sensor 18863"/>
			<item id="18864" losttest="1" iotype="AI" name="Sensor18864_S" textname="test sensor 18864"/>
			<item id="18865" losttest="1" iotype="AI" name="Sensor18865_S" textname="test sensor 18865"/>
			<item id="18866" losttest="1" iotype="AI" name="Sensor18866_S" textname="test sensor 18866"/>
			<item id="18867" losttest="1" iotype="AI" name="Sensor18867_S" textname="test sensor 18867"/>
			<item id="18868" losttest="1" iotype="AI" name="Sensor18868_S" textname="test sensor 18868"/>
			<item id="18869" losttest="1" iotype="AI" name="Sensor18869_S" textname="test sensor 18869"/>
			<item id="18870" losttest="1" iotype="AI" name="Sensor18870_S" textname="test sensor 18870"/>
			<item id="18871" losttest="1" iotype="AI" name="Sensor18871_S" textname="test sensor 18871"/>
			<item id="18872" losttest="1" iotype="AI" name="Sensor18872_S" textname="test sensor 18872"/>
			<item id="18873" losttest="1" iotype="AI" name="Sensor18873_S" textname="test sensor 18873"/>
			<item id="18874" losttest="1" iotype="AI" name="Sensor18874_S" textname="test sensor 18874"/>
			<item id="18875" losttest="1" iotype="AI" name="Sensor18875_S" textname="test sensor 18875"/>
			<item id="18876" losttest="1" iotype="AI" name="Sensor18876_S" textname="test sensor 18876"/>
			<item id="18877" losttest="1" iotype="AI" name="Sensor18877_S" textname="test sensor 18877"/>
			<item id="18878" losttest="1" iotype="AI" name="Sensor18878_S" textname="test sensor 18878"/>
			<item id="18879" losttest="1" iotype="AI" name="Sensor18879_S" textname="test sensor 18879"/>
			<item id="18880" losttest="1" iotype="AI" name="Sensor18880_S" textname="test sensor 18880"/>
			<item id="18881" losttest="1" iotype="AI" name="Sensor18881_S" textname="test sensor 18881"/>
			<item id="18882" losttest="1" iotype="AI" name="Sensor18882_S" textname="test sensor 18882"/>
			<item id="18883" losttest="1" iotype="AI" name="Sensor18883_S" textname="test sensor 18883"/>
			<item id="18884" losttest="1" iotype="AI" name="Sensor18884_S" textname="test sensor 18884"/>
			<item id="18885" losttest="1" iotype="AI" name="Sensor18885_S" textname="test sensor 18885"/>
			<item id="18886" losttest="1" iotype="AI" name="Sensor18886_S" textname="test sensor 18886"/>
			<item id="18887" losttest="1" iotype="AI" name="Sensor18887_S" textname="test sensor 18887"/>
			<item id="18888" losttest="1" iotype="AI" name="Sensor18888_S" textname="test sensor 18888"/>
			<item id="18889" losttest="1" iotype="AI" name="Sensor18889_S" textname="test sensor 18889"/>
			<item id="18890" losttest="1" iotype="AI" name="Sensor18890_S" textname="test sensor 18890"/>
			<item id="18891" losttest="1" iotype="AI" name="Sensor18891_S" textname="test sensor 18891"/>
			<item id="18892" losttest="1" iotype="AI" name="Sensor18892_S" textname="test sensor 18892"/>
			<item id="18893" losttest="1" iotype="AI" name="Sensor18893_S" textname="test sensor 18893"/>
			<item id="18894" losttest="1" iotype="AI" name="Sensor18894_S" textname="test sensor 18894"/>
			<item id="18895" losttest="1" iotype="AI" name="Sensor18895_S" textname="test sensor 18895"/>
			<item id="18896" losttest="1" iotype="AI" name="Sensor18896_S" textname="test sensor 18896"/>
			<item id="18897" losttest="1" iotype="AI" name="Sensor18897_S" textname="test sensor 18897"/>
			<item id="18898" losttest="1" iotype="AI" name="Sensor18898_S" textname="test sensor 18898"/>
			<item id="18899" losttest="1" iotype="AI" name="Sensor18899_S" textname="test sensor 18899"/>
			<item id="18900" losttest="1" iotype="AI" name="Sensor18900_S" textname="test sensor 18900"/>
			<item id="18901" losttest="1" iotype="AI" name="Sensor18901_S" textname="test sensor 18901"/>
			<item id="18902" losttest="1" iotype="AI" name="Sensor18902_S" textname="test sensor 18902"/>
			<item id="18903" losttest="1" iotype="AI" name="Sensor18903_S" textname="test sensor 18903"/>
			<item id="18904" losttest="1" iotype="AI" name="Sensor18904_S" textname="test sensor 18904"/>
			<item id="18905" losttest="1" iotype="AI" name="Sensor18905_S" textname="test sensor 18905"/>
			<item id="18906" losttest="1" iotype="AI" name="Sensor18906_S" textname="test sensor 18906"/>
			<item id="18907" losttest="1" iotype="AI" name="Sensor18907_S" textname="test sensor 18907"/>
			<item id="18908" losttest="1" iotype="AI" name="Sensor18908_S" textname="test sensor 18908"/>
			<item id="18909" losttest="1" iotype="AI" name="Sensor18909_S" textname="test sensor 18909"/>
			<item id="18910" losttest="1" iotype="AI" name="Sensor18910_S" textname="test sensor 18910"/>
			<item id="18911" losttest="1" iotype="AI" name="Sensor18911_S" textname="test sensor 18911"/>
			<item id="18912" losttest="1" iotype="AI" name="Sensor18912_S" textname="test sensor 18912"/>
			<item id="18913" losttest="1" iotype="AI" name="Sensor18913_S" textname="test sensor 18913"/>
			<item id="18914" losttest="1" iotype="AI" name="Sensor18914_S" textname="test sensor 18914"/>
			<item id="18915" losttest="1" iotype="AI" name="Sensor18915_S" textname="test sensor 18915"/>
			<item id="18916" losttest="1" iotype="AI" name="Sensor18916_S" textname="test sensor 18916"/>
			<item id="18917" losttest="1" iotype="AI" name="Sensor18917_S" textname="test sensor 18917"/>
			<item id="18918" losttest="1" iotype="AI" name="Sensor18918_S" textname="test sensor 18918"/>
			<item id="18919" losttest="1" iotype="AI" name="Sensor18919_S" textname="test sensor 18919"/>
			<item id="18920" losttest="1" iotype="AI" name="Sensor18920_S" textname="test sensor 18920"/>
			<item id="18921" losttest="1" iotype="AI" name="Sensor18921_S" textname="test sensor 18921"/>
			<item id="18922" losttest="1" iotype="AI" name="Sensor18922_S" textname="test sensor 18922"/>
			<item id="18923" losttest="1" iotype="AI" name="Sensor18923_S" textname="test sensor 18923"/>
			<item id="18924" losttest="1" iotype="AI" name="Sensor18924_S" textname="test sensor 18924"/>
			<item id="18925" losttest="1" iotype="AI" name="Sensor18925_S" textname="test sensor 18925"/>
			<item id="18926" losttest="1" iotype="AI" name="Sensor18926_S" textname="test sensor 18926"/>
			<item id="18927" losttest="1" iotype="AI" name="Sensor18927_S" textname="test sensor 18927"/>
			<item id="18928" losttest="1" iotype="AI" name="Sensor18928_S" textname="test sensor 18928"/>
			<item id="18929" losttest="1" iotype="AI" name="Sensor18929_S" textname="test sensor 18929"/>
			<item id="18930" losttest="1" iotype="AI" name="Sensor18930_S" textname="test sensor 18930"/>
			<item id="18931" losttest="1" iotype="AI" name="Sensor18931_S" textname="test sensor 18931"/>
			<item id="18932" losttest="1" iotype="AI" name="Sensor18932_S" textname="test sensor 18932"/>
			<item id="18933" losttest="1" iotype="AI" name="Sensor18933_S" textname="test sensor 18933"/>
			<item id="18934" losttest="1" iotype="AI" name="Sensor18934_S" textname="test sensor 18934"/>
			<item id="18935" losttest="1" iotype="AI" name="Sensor18935_S" textname="test sensor 18935"/>
			<item id="18936" losttest="1" iotype="AI" name="Sensor18936_S" textname="test sensor 18936"/>
			<item id="18937" losttest="1" iotype="AI" name="Sensor18937_S" textname="test sensor 18937"/>
			<item id="18938" losttest="1" iotype="AI" name="Sensor18938_S" textname="test sensor 18938"/>
			<item id="18939" losttest="1" iotype="AI" name="Sensor18939_S" textname="test sensor 18939"/>
			<item id="18940" losttest="1" iotype="AI" name="Sensor18940_S" textname="test sensor 18940"/>
			<item id="18941" losttest="1" iotype="AI" name="Sensor18941_S" textname="test sensor 18941"/>
			<item id="18942" losttest="1" iotype="AI" name="Sensor18942_S" textname="test sensor 18942"/>
			<item id="18943" losttest="1" iotype="AI" name="Sensor18943_S" textname="test sensor 18943"/>
			<item id="18944" losttest="1" iotype="AI" name="Sensor18944_S" textname="test sensor 18944"/>
			<item id="18945" losttest="1" iotype="AI" name="Sensor18945_S" textname="test sensor 18945"/>
			<item id="18946" losttest="1" iotype="AI" name="Sensor18946_S" textname="test sensor 18946"/>
			<item id="18947" losttest="1" iotype="AI" name="Sensor18947_S" textname="test sensor 18947"/>
			<item id="18948" losttest="1" iotype="AI" name="Sensor18948_S" textname="test sensor 18948"/>
			<item id="18949" losttest="1" iotype="AI" name="Sensor18949_S" textname="test sensor 18949"/>
			<item id="18950" losttest="1" iotype="AI" name="Sensor18950_S" textname="test sensor 18950"/>
			<item id="18951" losttest="1" iotype="AI" name="Sensor18951_S" textname="test sensor 18951"/>
			<item id="18952" losttest="1" iotype="AI" name="Sensor18952_S" textname="test sensor 18952"/>
			<item id="18953" losttest="1" iotype="AI" name="Sensor18953_S" textname="test sensor 18953"/>
			<item id="18954" losttest="1" iotype="AI" name="Sensor18954_S" textname="test sensor 18954"/>
			<item id="18955" losttest="1" iotype="AI" name="Sensor18955_S" textname="test sensor 18955"/>
			<item id="18956" losttest="1" iotype="AI" name="Sensor18956_S" textname="test sensor 18956"/>
			<item id="18957" losttest="1" iotype="AI" name="Sensor18957_S" textname="test sensor 18957"/>
			<item id="18958" losttest="1" iotype="AI" name="Sensor18958_S" textname="test sensor 18958"/>
			<item id="18959" losttest="1" iotype="AI" name="Sensor18959_S" textname="test sensor 18959"/>
			<item id="18960" losttest="1" iotype="AI" name="Sensor18960_S" textname="test sensor 18960"/>
			<item id="18961" losttest="1" iotype="AI" name="Sensor18961_S" textname="test sensor 18961"/>
			<item id="18962" losttest="1" iotype="AI" name="Sensor18962_S" textname="test sensor 18962"/>
			<item id="18963" losttest="1" iotype="AI" name="Sensor18963_S" textname="test sensor 18963"/>
			<item id="18964" losttest="1" iotype="AI" name="Sensor18964_S" textname="test sensor 18964"/>
			<item id="18965" losttest="1" iotype="AI" name="Sensor18965_S" textname="test sensor 18965"/>
			<item id="18966" losttest="1" iotype="AI" name="Sensor18966_S" textname="test sensor 18966"/>
			<item id="18967" losttest="1" iotype="AI" name="Sensor18967_S" textname="test sensor 18967"/>
			<item id="18968" losttest="1" iotype="AI" name="Sensor18968_S" textname="test sensor 18968"/>
			<item id="18969" losttest="1" iotype="AI" name="Sensor18969_S" textname="test sensor 18969"/>
			<item id="18970" losttest="1" iotype="AI" name="Sensor18970_S" textname="test sensor 18970"/>
			<item id="18971" losttest="1" iotype="AI" name="Sensor18971_S" textname="test sensor 18971"/>
			<item id="18972" losttest="1" iotype="AI" name="Sensor18972_S" textname="test sensor 18972"/>
			<item id="18973" losttest="1" iotype="AI" name="Sensor18973_S" textname="test sensor 18973"/>
			<item id="18974" losttest="1" iotype="AI" name="Sensor18974_S" textname="test sensor 18974"/>
			<item id="18975" losttest="1" iotype="AI" name="Sensor18975_S" textname="test sensor 18975"/>
			<item id="18976" losttest="1" iotype="AI" name="Sensor18976_S" textname="test sensor 18976"/>
			<item id="18977" losttest="1" iotype="AI" name="Sensor18977_S" textname="test sensor 18977"/>
			<item id="18978" losttest="1" iotype="AI" name="Sensor18978_S" textname="test sensor 18978"/>
			<item id="18979" losttest="1" iotype="AI" name="Sensor18979_S" textname="test sensor 18979"/>
			<item id="18980" losttest="1" iotype="AI" name="Sensor18980_S" textname="test sensor 18980"/>
			<item id="18981" losttest="1" iotype="AI" name="Sensor18981_S" textname="test sensor 18981"/>
			<item id="18982" losttest="1" iotype="AI" name="Sensor18982_S" textname="test sensor 18982"/>
			<item id="18983" losttest="1" iotype="AI" name="Sensor18983_S" textname="test sensor 18983"/>
			<item id="18984" losttest="1" iotype="AI" name="Sensor18984_S" textname="test sensor 18984"/>
			<item id="18985" losttest="1" iotype="AI" name="Sensor18985_S" textname="test sensor 18985"/>
			<item id="18986" losttest="1" iotype="AI" name="Sensor18986_S" textname="test sensor 18986"/>
			<item id="18987" losttest="1" iotype="AI" name="Sensor18987_S" textname="test sensor 18987"/>
			<item id="18988" losttest="1" iotype="AI" name="Sensor18988_S" textname="test sensor 18988"/>
			<item id="18989" losttest="1" iotype="AI" name="Sensor18989_S" textname="test sensor 18989"/>
			<item id="18990" losttest="1" iotype="AI" name="Sensor18990_S" textname="test sensor 18990"/>
			<item id="18991" losttest="1" iotype="AI" name="Sensor18991_S" textname="test sensor 18991"/>
			<item id="18992" losttest="1" iotype="AI" name="Sensor18992_S" textname="test sensor 18992"/>
			<item id="18993" losttest="1" iotype="AI" name="Sensor18993_S" textname="test sensor 18993"/>
			<item id="18994" losttest="1" iotype="AI" name="Sensor18994_S" textname="test sensor 18994"/>
			<item id="18995" losttest="1" iotype="AI" name="Sensor18995_S" textname="test sensor 18995"/>
			<item id="18996" losttest="1" iotype="AI" name="Sensor18996_S" textname="test sensor 18996"/>
			<item id="18997" losttest="1" iotype="AI" name="Sensor18997_S" textname="test sensor 18997"/>
			<item id="18998" losttest="1" iotype="AI" name="Sensor18998_S" textname="test sensor 18998"/>
			<item id="18999" losttest="1" iotype="AI" name="Sensor18999_S" textname="test sensor 18999"/>
			<item id="19000" losttest="1" iotype="AI" name="Sensor19000_S" textname="test sensor 19000"/>
			<item id="19001" losttest="1" iotype="AI" name="Sensor19001_S" textname="test sensor 19001"/>
			<item id="19002" losttest="1" iotype="AI" name="Sensor19002_S" textname="test sensor 19002"/>
			<item id="19003" losttest="1" iotype="AI" name="Sensor19003_S" textname="test sensor 19003"/>
			<item id="19004" losttest="1" iotype="AI" name="Sensor19004_S" textname="test sensor 19004"/>
			<item id="19005" losttest="1" iotype="AI" name="Sensor19005_S" textname="test sensor 19005"/>
			<item id="19006" losttest="1" iotype="AI" name="Sensor19006_S" textname="test sensor 19006"/>
			<item id="19007" losttest="1" iotype="AI" name="Sensor19007_S" textname="test sensor 19007"/>
			<item id="19008" losttest="1" iotype="AI" name="Sensor19008_S" textname="test sensor 19008"/>
			<item id="19009" losttest="1" iotype="AI" name="Sensor19009_S" textname="test sensor 19009"/>
			<item id="19010" losttest="1" iotype="AI" name="Sensor19010_S" textname="test sensor 19010"/>
			<item id="19011" losttest="1" iotype="AI" name="Sensor19011_S" textname="test sensor 19011"/>
			<item id="19012" losttest="1" iotype="AI" name="Sensor19012_S" textname="test sensor 19012"/>
			<item id="19013" losttest="1" iotype="AI" name="Sensor19013_S" textname="test sensor 19013"/>
			<item id="19014" losttest="1" iotype="AI" name="Sensor19014_S" textname="test sensor 19014"/>
			<item id="19015" losttest="1" iotype="AI" name="Sensor19015_S" textname="test sensor 19015"/>
			<item id="19016" losttest="1" iotype="AI" name="Sensor19016_S" textname="test sensor 19016"/>
			<item id="19017" losttest="1" iotype="AI" name="Sensor19017_S" textname="test sensor 19017"/>
			<item id="19018" losttest="1" iotype="AI" name="Sensor19018_S" textname="test sensor 19018"/>
			<item id="19019" losttest="1" iotype="AI" name="Sensor19019_S" textname="test sensor 19019"/>
			<item id="19020" losttest="1" iotype="AI" name="Sensor19020_S" textname="test sensor 19020"/>
			<item id="19021" losttest="1" iotype="AI" name="Sensor19021_S" textname="test sensor 19021"/>
			<item id="19022" losttest="1" iotype="AI" name="Sensor19022_S" textname="test sensor 19022"/>
			<item id="19023" losttest="1" iotype="AI" name="Sensor19023_S" textname="test sensor 19023"/>
			<item id="19024" losttest="1" iotype="AI" name="Sensor19024_S" textname="test sensor 19024"/>
			<item id="19025" losttest="1" iotype="AI" name="Sensor19025_S" textname="test sensor 19025"/>
			<item id="19026" losttest="1" iotype="AI" name="Sensor19026_S" textname="test sensor 19026"/>
			<item id="19027" losttest="1" iotype="AI" name="Sensor19027_S" textname="test sensor 19027"/>
			<item id="19028" losttest="1" iotype="AI" name="Sensor19028_S" textname="test sensor 19028"/>
			<item id="19029" losttest="1" iotype="AI" name="Sensor19029_S" textname="test sensor 19029"/>
			<item id="19030" losttest="1" iotype="AI" name="Sensor19030_S" textname="test sensor 19030"/>
			<item id="19031" losttest="1" iotype="AI" name="Sensor19031_S" textname="test sensor 19031"/>
			<item id="19032" losttest="1" iotype="AI" name="Sensor19032_S" textname="test sensor 19032"/>
			<item id="19033" losttest="1" iotype="AI" name="Sensor19033_S" textname="test sensor 19033"/>
			<item id="19034" losttest="1" iotype="AI" name="Sensor19034_S" textname="test sensor 19034"/>
			<item id="19035" losttest="1" iotype="AI" name="Sensor19035_S" textname="test sensor 19035"/>
			<item id="19036" losttest="1" iotype="AI" name="Sensor19036_S" textname="test sensor 19036"/>
			<item id="19037" losttest="1" iotype="AI" name="Sensor19037_S" textname="test sensor 19037"/>
			<item id="19038" losttest="1" iotype="AI" name="Sensor19038_S" textname="test sensor 19038"/>
			<item id="19039" losttest="1" iotype="AI" name="Sensor19039_S" textname="test sensor 19039"/>
			<item id="19040" losttest="1" iotype="AI" name="Sensor19040_S" textname="test sensor 19040"/>
			<item id="19041" losttest="1" iotype="AI" name="Sensor19041_S" textname="test sensor 19041"/>
			<item id="19042" losttest="1" iotype="AI" name="Sensor19042_S" textname="test sensor 19042"/>
			<item id="19043" losttest="1" iotype="AI" name="Sensor19043_S" textname="test sensor 19043"/>
			<item id="19044" losttest="1" iotype="AI" name="Sensor19044_S" textname="test sensor 19044"/>
			<item id="19045" losttest="1" iotype="AI" name="Sensor19045_S" textname="test sensor 19045"/>
			<item id="19046" losttest="1" iotype="AI" name="Sensor19046_S" textname="test sensor 19046"/>
			<item id="19047" losttest="1" iotype="AI" name="Sensor19047_S" textname="test sensor 19047"/>
			<item id="19048" losttest="1" iotype="AI" name="Sensor19048_S" textname="test sensor 19048"/>
			<item id="19049" losttest="1" iotype="AI" name="Sensor19049_S" textname="test sensor 19049"/>
			<item id="19050" losttest="1" iotype="AI" name="Sensor19050_S" textname="test sensor 19050"/>
			<item id="19051" losttest="1" iotype="AI" name="Sensor19051_S" textname="test sensor 19051"/>
			<item id="19052" losttest="1" iotype="AI" name="Sensor19052_S" textname="test sensor 19052"/>
			<item id="19053" losttest="1" iotype="AI" name="Sensor19053_S" textname="test sensor 19053"/>
			<item id="19054" losttest="1" iotype="AI" name="Sensor19054_S" textname="test sensor 19054"/>
			<item id="19055" losttest="1" iotype="AI" name="Sensor19055_S" textname="test sensor 19055"/>
			<item id="19056" losttest="1" iotype="AI" name="Sensor19056_S" textname="test sensor 19056"/>
			<item id="19057" losttest="1" iotype="AI" name="Sensor19057_S" textname="test sensor 19057"/>
			<item id="19058" losttest="1" iotype="AI" name="Sensor19058_S" textname="test sensor 19058"/>
			<item id="19059" losttest="1" iotype="AI" name="Sensor19059_S" textname="test sensor 19059"/>
			<item id="19060" losttest="1" iotype="AI" name="Sensor19060_S" textname="test sensor 19060"/>
			<item id="19061" losttest="1" iotype="AI" name="Sensor19061_S" textname="test sensor 19061"/>
			<item id="19062" losttest="1" iotype="AI" name="Sensor19062_S" textname="test sensor 19062"/>
			<item id="19063" losttest="1" iotype="AI" name="Sensor19063_S" textname="test sensor 19063"/>
			<item id="19064" losttest="1" iotype="AI" name="Sensor19064_S" textname="test sensor 19064"/>
			<item id="19065" losttest="1" iotype="AI" name="Sensor19065_S" textname="test sensor 19065"/>
			<item id="19066" losttest="1" iotype="AI" name="Sensor19066_S" textname="test sensor 19066"/>
			<item id="19067" losttest="1" iotype="AI" name="Sensor19067_S" textname="test sensor 19067"/>
			<item id="19068" losttest="1" iotype="AI" name="Sensor19068_S" textname="test sensor 19068"/>
			<item id="19069" losttest="1" iotype="AI" name="Sensor19069_S" textname="test sensor 19069"/>
			<item id="19070" losttest="1" iotype="AI" name="Sensor19070_S" textname="test sensor 19070"/>
			<item id="19071" losttest="1" iotype="AI" name="Sensor19071_S" textname="test sensor 19071"/>
			<item id="19072" losttest="1" iotype="AI" name="Sensor19072_S" textname="test sensor 19072"/>
			<item id="19073" losttest="1" iotype="AI" name="Sensor19073_S" textname="test sensor 19073"/>
			<item id="19074" losttest="1" iotype="AI" name="Sensor19074_S" textname="test sensor 19074"/>
			<item id="19075" losttest="1" iotype="AI" name="Sensor19075_S" textname="test sensor 19075"/>
			<item id="19076" losttest="1" iotype="AI" name="Sensor19076_S" textname="test sensor 19076"/>
			<item id="19077" losttest="1" iotype="AI" name="Sensor19077_S" textname="test sensor 19077"/>
			<item id="19078" losttest="1" iotype="AI" name="Sensor19078_S" textname="test sensor 19078"/>
			<item id="19079" losttest="1" iotype="AI" name="Sensor19079_S" textname="test sensor 19079"/>
			<item id="19080" losttest="1" iotype="AI" name="Sensor19080_S" textname="test sensor 19080"/>
			<item id="19081" losttest="1" iotype="AI" name="Sensor19081_S" textname="test sensor 19081"/>
			<item id="19082" losttest="1" iotype="AI" name="Sensor19082_S" textname="test sensor 19082"/>
			<item id="19083" losttest="1" iotype="AI" name="Sensor19083_S" textname="test sensor 19083"/>
			<item id="19084" losttest="1" iotype="AI" name="Sensor19084_S" textname="test sensor 19084"/>
			<item id="19085" losttest="1" iotype="AI" name="Sensor19085_S" textname="test sensor 19085"/>
			<item id="19086" losttest="1" iotype="AI" name="Sensor19086_S" textname="test sensor 19086"/>
			<item id="19087" losttest="1" iotype="AI" name="Sensor19087_S" textname="test sensor 19087"/>
			<item id="19088" losttest="1" iotype="AI" name="Sensor19088_S" textname="test sensor 19088"/>
			<item id="19089" losttest="1" iotype="AI" name="Sensor19089_S" textname="test sensor 19089"/>
			<item id="19090" losttest="1" iotype="AI" name="Sensor19090_S" textname="test sensor 19090"/>
			<item id="19091" losttest="1" iotype="AI" name="Sensor19091_S" textname="test sensor 19091"/>
			<item id="19092" losttest="1" iotype="AI" name="Sensor19092_S" textname="test sensor 19092"/>
			<item id="19093" losttest="1" iotype="AI" name="Sensor19093_S" textname="test sensor 19093"/>
			<item id="19094" losttest="1" iotype="AI" name="Sensor19094_S" textname="test sensor 19094"/>
			<item id="19095" losttest="1" iotype="AI" name="Sensor19095_S" textname="test sensor 19095"/>
			<item id="19096" losttest="1" iotype="AI" name="Sensor19096_S" textname="test sensor 19096"/>
			<item id="19097" losttest="1" iotype="AI" name="Sensor19097_S" textname="test sensor 19097"/>
			<item id="19098" losttest="1" iotype="AI" name="Sensor19098_S" textname="test sensor 19098"/>
			<item id="19099" losttest="1" iotype="AI" name="Sensor19099_S" textname="test sensor 19099"/>
			<item id="19100" losttest="1" iotype="AI" name="Sensor19100_S" textname="test sensor 19100"/>
			<item id="19101" losttest="1" iotype="AI" name="Sensor19101_S" textname="test sensor 19101"/>
			<item id="19102" losttest="1" iotype="AI" name="Sensor19102_S" textname="test sensor 19102"/>
			<item id="19103" losttest="1" iotype="AI" name="Sensor19103_S" textname="test sensor 19103"/>
			<item id="19104" losttest="1" iotype="AI" name="Sensor19104_S" textname="test sensor 19104"/>
			<item id="19105" losttest="1" iotype="AI" name="Sensor19105_S" textname="test sensor 19105"/>
			<item id="19106" losttest="1" iotype="AI" name="Sensor19106_S" textname="test sensor 19106"/>
			<item id="19107" losttest="1" iotype="AI" name="Sensor19107_S" textname="test sensor 19107"/>
			<item id="19108" losttest="1" iotype="AI" name="Sensor19108_S" textname="test sensor 19108"/>
			<item id="19109" losttest="1" iotype="AI" name="Sensor19109_S" textname="test sensor 19109"/>
			<item id="19110" losttest="1" iotype="AI" name="Sensor19110_S" textname="test sensor 19110"/>
			<item id="19111" losttest="1" iotype="AI" name="Sensor19111_S" textname="test sensor 19111"/>
			<item id="19112" losttest="1" iotype="AI" name="Sensor19112_S" textname="test sensor 19112"/>
			<item id="19113" losttest="1" iotype="AI" name="Sensor19113_S" textname="test sensor 19113"/>
			<item id="19114" losttest="1" iotype="AI" name="Sensor19114_S" textname="test sensor 19114"/>
			<item id="19115" losttest="1" iotype="AI" name="Sensor19115_S" textname="test sensor 19115"/>
			<item id="19116" losttest="1" iotype="AI" name="Sensor19116_S" textname="test sensor 19116"/>
			<item id="19117" losttest="1" iotype="AI" name="Sensor19117_S" textname="test sensor 19117"/>
			<item id="19118" losttest="1" iotype="AI" name="Sensor19118_S" textname="test sensor 19118"/>
			<item id="19119" losttest="1" iotype="AI" name="Sensor19119_S" textname="test sensor 19119"/>
			<item id="19120" losttest="1" iotype="AI" name="Sensor19120_S" textname="test sensor 19120"/>
			<item id="19121" losttest="1" iotype="AI" name="Sensor19121_S" textname="test sensor 19121"/>
			<item id="19122" losttest="1" iotype="AI" name="Sensor19122_S" textname="test sensor 19122"/>
			<item id="19123" losttest="1" iotype="AI" name="Sensor19123_S" textname="test sensor 19123"/>
			<item id="19124" losttest="1" iotype="AI" name="Sensor19124_S" textname="test sensor 19124"/>
			<item id="19125" losttest="1" iotype="AI" name="Sensor19125_S" textname="test sensor 19125"/>
			<item id="19126" losttest="1" iotype="AI" name="Sensor19126_S" textname="test sensor 19126"/>
			<item id="19127" losttest="1" iotype="AI" name="Sensor19127_S" textname="test sensor 19127"/>
			<item id="19128" losttest="1" iotype="AI" name="Sensor19128_S" textname="test sensor 19128"/>
			<item id="19129" losttest="1" iotype="AI" name="Sensor19129_S" textname="test sensor 19129"/>
			<item id="19130" losttest="1" iotype="AI" name="Sensor19130_S" textname="test sensor 19130"/>
			<item id="19131" losttest="1" iotype="AI" name="Sensor19131_S" textname="test sensor 19131"/>
			<item id="19132" losttest="1" iotype="AI" name="Sensor19132_S" textname="test sensor 19132"/>
			<item id="19133" losttest="1" iotype="AI" name="Sensor19133_S" textname="test sensor 19133"/>
			<item id="19134" losttest="1" iotype="AI" name="Sensor19134_S" textname="test sensor 19134"/>
			<item id="19135" losttest="1" iotype="AI" name="Sensor19135_S" textname="test sensor 19135"/>
			<item id="19136" losttest="1" iotype="AI" name="Sensor19136_S" textname="test sensor 19136"/>
			<item id="19137" losttest="1" iotype="AI" name="Sensor19137_S" textname="test sensor 19137"/>
			<item id="19138" losttest="1" iotype="AI" name="Sensor19138_S" textname="test sensor 19138"/>
			<item id="19139" losttest="1" iotype="AI" name="Sensor19139_S" textname="test sensor 19139"/>
			<item id="19140" losttest="1" iotype="AI" name="Sensor19140_S" textname="test sensor 19140"/>
			<item id="19141" losttest="1" iotype="AI" name="Sensor19141_S" textname="test sensor 19141"/>
			<item id="19142" losttest="1" iotype="AI" name="Sensor19142_S" textname="test sensor 19142"/>
			<item id="19143" losttest="1" iotype="AI" name="Sensor19143_S" textname="test sensor 19143"/>
			<item id="19144" losttest="1" iotype="AI" name="Sensor19144_S" textname="test sensor 19144"/>
			<item id="19145" losttest="1" iotype="AI" name="Sensor19145_S" textname="test sensor 19145"/>
			<item id="19146" losttest="1" iotype="AI" name="Sensor19146_S" textname="test sensor 19146"/>
			<item id="19147" losttest="1" iotype="AI" name="Sensor19147_S" textname="test sensor 19147"/>
			<item id="19148" losttest="1" iotype="AI" name="Sensor19148_S" textname="test sensor 19148"/>
			<item id="19149" losttest="1" iotype="AI" name="Sensor19149_S" textname="test sensor 19149"/>
			<item id="19150" losttest="1" iotype="AI" name="Sensor19150_S" textname="test sensor 19150"/>
			<item id="19151" losttest="1" iotype="AI" name="Sensor19151_S" textname="test sensor 19151"/>
			<item id="19152" losttest="1" iotype="AI" name="Sensor19152_S" textname="test sensor 19152"/>
			<item id="19153" losttest="1" iotype="AI" name="Sensor19153_S" textname="test sensor 19153"/>
			<item id="19154" losttest="1" iotype="AI" name="Sensor19154_S" textname="test sensor 19154"/>
			<item id="19155" losttest="1" iotype="AI" name="Sensor19155_S" textname="test sensor 19155"/>
			<item id="19156" losttest="1" iotype="AI" name="Sensor19156_S" textname="test sensor 19156"/>
			<item id="19157" losttest="1" iotype="AI" name="Sensor19157_S" textname="test sensor 19157"/>
			<item id="19158" losttest="1" iotype="AI" name="Sensor19158_S" textname="test sensor 19158"/>
			<item id="19159" losttest="1" iotype="AI" name="Sensor19159_S" textname="test sensor 19159"/>
			<item id="19160" losttest="1" iotype="AI" name="Sensor19160_S" textname="test sensor 19160"/>
			<item id="19161" losttest="1" iotype="AI" name="Sensor19161_S" textname="test sensor 19161"/>
			<item id="19162" losttest="1" iotype="AI" name="Sensor19162_S" textname="test sensor 19162"/>
			<item id="19163" losttest="1" iotype="AI" name="Sensor19163_S" textname="test sensor 19163"/>
			<item id="19164" losttest="1" iotype="AI" name="Sensor19164_S" textname="test sensor 19164"/>
			<item id="19165" losttest="1" iotype="AI" name="Sensor19165_S" textname="test sensor 19165"/>
			<item id="19166" losttest="1" iotype="AI" name="Sensor19166_S" textname="test sensor 19166"/>
			<item id="19167" losttest="1" iotype="AI" name="Sensor19167_S" textname="test sensor 19167"/>
			<item id="19168" losttest="1" iotype="AI" name="Sensor19168_S" textname="test sensor 19168"/>
			<item id="19169" losttest="1" iotype="AI" name="Sensor19169_S" textname="test sensor 19169"/>
			<item id="19170" losttest="1" iotype="AI" name="Sensor19170_S" textname="test sensor 19170"/>
			<item id="19171" losttest="1" iotype="AI" name="Sensor19171_S" textname="test sensor 19171"/>
			<item id="19172" losttest="1" iotype="AI" name="Sensor19172_S" textname="test sensor 19172"/>
			<item id="19173" losttest="1" iotype="AI" name="Sensor19173_S" textname="test sensor 19173"/>
			<item id="19174" losttest="1" iotype="AI" name="Sensor19174_S" textname="test sensor 19174"/>
			<item id="19175" losttest="1" iotype="AI" name="Sensor19175_S" textname="test sensor 19175"/>
			<item id="19176" losttest="1" iotype="AI" name="Sensor19176_S" textname="test sensor 19176"/>
			<item id="19177" losttest="1" iotype="AI" name="Sensor19177_S" textname="test sensor 19177"/>
			<item id="19178" losttest="1" iotype="AI" name="Sensor19178_S" textname="test sensor 19178"/>
			<item id="19179" losttest="1" iotype="AI" name="Sensor19179_S" textname="test sensor 19179"/>
			<item id="19180" losttest="1" iotype="AI" name="Sensor19180_S" textname="test sensor 19180"/>
			<item id="19181" losttest="1" iotype="AI" name="Sensor19181_S" textname="test sensor 19181"/>
			<item id="19182" losttest="1" iotype="AI" name="Sensor19182_S" textname="test sensor 19182"/>
			<item id="19183" losttest="1" iotype="AI" name="Sensor19183_S" textname="test sensor 19183"/>
			<item id="19184" losttest="1" iotype="AI" name="Sensor19184_S" textname="test sensor 19184"/>
			<item id="19185" losttest="1" iotype="AI" name="Sensor19185_S" textname="test sensor 19185"/>
			<item id="19186" losttest="1" iotype="AI" name="Sensor19186_S" textname="test sensor 19186"/>
			<item id="19187" losttest="1" iotype="AI" name="Sensor19187_S" textname="test sensor 19187"/>
			<item id="19188" losttest="1" iotype="AI" name="Sensor19188_S" textname="test sensor 19188"/>
			<item id="19189" losttest="1" iotype="AI" name="Sensor19189_S" textname="test sensor 19189"/>
			<item id="19190" losttest="1" iotype="AI" name="Sensor19190_S" textname="test sensor 19190"/>
			<item id="19191" losttest="1" iotype="AI" name="Sensor19191_S" textname="test sensor 19191"/>
			<item id="19192" losttest="1" iotype="AI" name="Sensor19192_S" textname="test sensor 19192"/>
			<item id="19193" losttest="1" iotype="AI" name="Sensor19193_S" textname="test sensor 19193"/>
			<item id="19194" losttest="1" iotype="AI" name="Sensor19194_S" textname="test sensor 19194"/>
			<item id="19195" losttest="1" iotype="AI" name="Sensor19195_S" textname="test sensor 19195"/>
			<item id="19196" losttest="1" iotype="AI" name="Sensor19196_S" textname="test sensor 19196"/>
			<item id="19197" losttest="1" iotype="AI" name="Sensor19197_S" textname="test sensor 19197"/>
			<item id="19198" losttest="1" iotype="AI" name="Sensor19198_S" textname="test sensor 19198"/>
			<item id="19199" losttest="1" iotype="AI" name="Sensor19199_S" textname="test sensor 19199"/>
			<item id="19200" losttest="1" iotype="AI" name="Sensor19200_S" textname="test sensor 19200"/>
			<item id="19201" losttest="1" iotype="AI" name="Sensor19201_S" textname="test sensor 19201"/>
			<item id="19202" losttest="1" iotype="AI" name="Sensor19202_S" textname="test sensor 19202"/>
			<item id="19203" losttest="1" iotype="AI" name="Sensor19203_S" textname="test sensor 19203"/>
			<item id="19204" losttest="1" iotype="AI" name="Sensor19204_S" textname="test sensor 19204"/>
			<item id="19205" losttest="1" iotype="AI" name="Sensor19205_S" textname="test sensor 19205"/>
			<item id="19206" losttest="1" iotype="AI" name="Sensor19206_S" textname="test sensor 19206"/>
			<item id="19207" losttest="1" iotype="AI" name="Sensor19207_S" textname="test sensor 19207"/>
			<item id="19208" losttest="1" iotype="AI" name="Sensor19208_S" textname="test sensor 19208"/>
			<item id="19209" losttest="1" iotype="AI" name="Sensor19209_S" textname="test sensor 19209"/>
			<item id="19210" losttest="1" iotype="AI" name="Sensor19210_S" textname="test sensor 19210"/>
			<item id="19211" losttest="1" iotype="AI" name="Sensor19211_S" textname="test sensor 19211"/>
			<item id="19212" losttest="1" iotype="AI" name="Sensor19212_S" textname="test sensor 19212"/>
			<item id="19213" losttest="1" iotype="AI" name="Sensor19213_S" textname="test sensor 19213"/>
			<item id="19214" losttest="1" iotype="AI" name="Sensor19214_S" textname="test sensor 19214"/>
			<item id="19215" losttest="1" iotype="AI" name="Sensor19215_S" textname="test sensor 19215"/>
			<item id="19216" losttest="1" iotype="AI" name="Sensor19216_S" textname="test sensor 19216"/>
			<item id="19217" losttest="1" iotype="AI" name="Sensor19217_S" textname="test sensor 19217"/>
			<item id="19218" losttest="1" iotype="AI" name="Sensor19218_S" textname="test sensor 19218"/>
			<item id="19219" losttest="1" iotype="AI" name="Sensor19219_S" textname="test sensor 19219"/>
			<item id="19220" losttest="1" iotype="AI" name="Sensor19220_S" textname="test sensor 19220"/>
			<item id="19221" losttest="1" iotype="AI" name="Sensor19221_S" textname="test sensor 19221"/>
			<item id="19222" losttest="1" iotype="AI" name="Sensor19222_S" textname="test sensor 19222"/>
			<item id="19223" losttest="1" iotype="AI" name="Sensor19223_S" textname="test sensor 19223"/>
			<item id="19224" losttest="1" iotype="AI" name="Sensor19224_S" textname="test sensor 19224"/>
			<item id="19225" losttest="1" iotype="AI" name="Sensor19225_S" textname="test sensor 19225"/>
			<item id="19226" losttest="1" iotype="AI" name="Sensor19226_S" textname="test sensor 19226"/>
			<item id="19227" losttest="1" iotype="AI" name="Sensor19227_S" textname="test sensor 19227"/>
			<item id="19228" losttest="1" iotype="AI" name="Sensor19228_S" textname="test sensor 19228"/>
			<item id="19229" losttest="1" iotype="AI" name="Sensor19229_S" textname="test sensor 19229"/>
			<item id="19230" losttest="1" iotype="AI" name="Sensor19230_S" textname="test sensor 19230"/>
			<item id="19231" losttest="1" iotype="AI" name="Sensor19231_S" textname="test sensor 19231"/>
			<item id="19232" losttest="1" iotype="AI" name="Sensor19232_S" textname="test sensor 19232"/>
			<item id="19233" losttest="1" iotype="AI" name="Sensor19233_S" textname="test sensor 19233"/>
			<item id="19234" losttest="1" iotype="AI" name="Sensor19234_S" textname="test sensor 19234"/>
			<item id="19235" losttest="1" iotype="AI" name="Sensor19235_S" textname="test sensor 19235"/>
			<item id="19236" losttest="1" iotype="AI" name="Sensor19236_S" textname="test sensor 19236"/>
			<item id="19237" losttest="1" iotype="AI" name="Sensor19237_S" textname="test sensor 19237"/>
			<item id="19238" losttest="1" iotype="AI" name="Sensor19238_S" textname="test sensor 19238"/>
			<item id="19239" losttest="1" iotype="AI" name="Sensor19239_S" textname="test sensor 19239"/>
			<item id="19240" losttest="1" iotype="AI" name="Sensor19240_S" textname="test sensor 19240"/>
			<item id="19241" losttest="1" iotype="AI" name="Sensor19241_S" textname="test sensor 19241"/>
			<item id="19242" losttest="1" iotype="AI" name="Sensor19242_S" textname="test sensor 19242"/>
			<item id="19243" losttest="1" iotype="AI" name="Sensor19243_S" textname="test sensor 19243"/>
			<item id="19244" losttest="1" iotype="AI" name="Sensor19244_S" textname="test sensor 19244"/>
			<item id="19245" losttest="1" iotype="AI" name="Sensor19245_S" textname="test sensor 19245"/>
			<item id="19246" losttest="1" iotype="AI" name="Sensor19246_S" textname="test sensor 19246"/>
			<item id="19247" losttest="1" iotype="AI" name="Sensor19247_S" textname="test sensor 19247"/>
			<item id="19248" losttest="1" iotype="AI" name="Sensor19248_S" textname="test sensor 19248"/>
			<item id="19249" losttest="1" iotype="AI" name="Sensor19249_S" textname="test sensor 19249"/>
			<item id="19250" losttest="1" iotype="AI" name="Sensor19250_S" textname="test sensor 19250"/>
			<item id="19251" losttest="1" iotype="AI" name="Sensor19251_S" textname="test sensor 19251"/>
			<item id="19252" losttest="1" iotype="AI" name="Sensor19252_S" textname="test sensor 19252"/>
			<item id="19253" losttest="1" iotype="AI" name="Sensor19253_S" textname="test sensor 19253"/>
			<item id="19254" losttest="1" iotype="AI" name="Sensor19254_S" textname="test sensor 19254"/>
			<item id="19255" losttest="1" iotype="AI" name="Sensor19255_S" textname="test sensor 19255"/>
			<item id="19256" losttest="1" iotype="AI" name="Sensor19256_S" textname="test sensor 19256"/>
			<item id="19257" losttest="1" iotype="AI" name="Sensor19257_S" textname="test sensor 19257"/>
			<item id="19258" losttest="1" iotype="AI" name="Sensor19258_S" textname="test sensor 19258"/>
			<item id="19259" losttest="1" iotype="AI" name="Sensor19259_S" textname="test sensor 19259"/>
			<item id="19260" losttest="1" iotype="AI" name="Sensor19260_S" textname="test sensor 19260"/>
			<item id="19261" losttest="1" iotype="AI" name="Sensor19261_S" textname="test sensor 19261"/>
			<item id="19262" losttest="1" iotype="AI" name="Sensor19262_S" textname="test sensor 19262"/>
			<item id="19263" losttest="1" iotype="AI" name="Sensor19263_S" textname="test sensor 19263"/>
			<item id="19264" losttest="1" iotype="AI" name="Sensor19264_S" textname="test sensor 19264"/>
			<item id="19265" losttest="1" iotype="AI" name="Sensor19265_S" textname="test sensor 19265"/>
			<item id="19266" losttest="1" iotype="AI" name="Sensor19266_S" textname="test sensor 19266"/>
			<item id="19267" losttest="1" iotype="AI" name="Sensor19267_S" textname="test sensor 19267"/>
			<item id="19268" losttest="1" iotype="AI" name="Sensor19268_S" textname="test sensor 19268"/>
			<item id="19269" losttest="1" iotype="AI" name="Sensor19269_S" textname="test sensor 19269"/>
			<item id="19270" losttest="1" iotype="AI" name="Sensor19270_S" textname="test sensor 19270"/>
			<item id="19271" losttest="1" iotype="AI" name="Sensor19271_S" textname="test sensor 19271"/>
			<item id="19272" losttest="1" iotype="AI" name="Sensor19272_S" textname="test sensor 19272"/>
			<item id="19273" losttest="1" iotype="AI" name="Sensor19273_S" textname="test sensor 19273"/>
			<item id="19274" losttest="1" iotype="AI" name="Sensor19274_S" textname="test sensor 19274"/>
			<item id="19275" losttest="1" iotype="AI" name="Sensor19275_S" textname="test sensor 19275"/>
			<item id="19276" losttest="1" iotype="AI" name="Sensor19276_S" textname="test sensor 19276"/>
			<item id="19277" losttest="1" iotype="AI" name="Sensor19277_S" textname="test sensor 19277"/>
			<item id="19278" losttest="1" iotype="AI" name="Sensor19278_S" textname="test sensor 19278"/>
			<item id="19279" losttest="1" iotype="AI" name="Sensor19279_S" textname="test sensor 19279"/>
			<item id="19280" losttest="1" iotype="AI" name="Sensor19280_S" textname="test sensor 19280"/>
			<item id="19281" losttest="1" iotype="AI" name="Sensor19281_S" textname="test sensor 19281"/>
			<item id="19282" losttest="1" iotype="AI" name="Sensor19282_S" textname="test sensor 19282"/>
			<item id="19283" losttest="1" iotype="AI" name="Sensor19283_S" textname="test sensor 19283"/>
			<item id="19284" losttest="1" iotype="AI" name="Sensor19284_S" textname="test sensor 19284"/>
			<item id="19285" losttest="1" iotype="AI" name="Sensor19285_S" textname="test sensor 19285"/>
			<item id="19286" losttest="1" iotype="AI" name="Sensor19286_S" textname="test sensor 19286"/>
			<item id="19287" losttest="1" iotype="AI" name="Sensor19287_S" textname="test sensor 19287"/>
			<item id="19288" losttest="1" iotype="AI" name="Sensor19288_S" textname="test sensor 19288"/>
			<item id="19289" losttest="1" iotype="AI" name="Sensor19289_S" textname="test sensor 19289"/>
			<item id="19290" losttest="1" iotype="AI" name="Sensor19290_S" textname="test sensor 19290"/>
			<item id="19291" losttest="1" iotype="AI" name="Sensor19291_S" textname="test sensor 19291"/>
			<item id="19292" losttest="1" iotype="AI" name="Sensor19292_S" textname="test sensor 19292"/>
			<item id="19293" losttest="1" iotype="AI" name="Sensor19293_S" textname="test sensor 19293"/>
			<item id="19294" losttest="1" iotype="AI" name="Sensor19294_S" textname="test sensor 19294"/>
			<item id="19295" losttest="1" iotype="AI" name="Sensor19295_S" textname="test sensor 19295"/>
			<item id="19296" losttest="1" iotype="AI" name="Sensor19296_S" textname="test sensor 19296"/>
			<item id="19297" losttest="1" iotype="AI" name="Sensor19297_S" textname="test sensor 19297"/>
			<item id="19298" losttest="1" iotype="AI" name="Sensor19298_S" textname="test sensor 19298"/>
			<item id="19299" losttest="1" iotype="AI" name="Sensor19299_S" textname="test sensor 19299"/>
			<item id="19300" losttest="1" iotype="AI" name="Sensor19300_S" textname="test sensor 19300"/>
			<item id="19301" losttest="1" iotype="AI" name="Sensor19301_S" textname="test sensor 19301"/>
			<item id="19302" losttest="1" iotype="AI" name="Sensor19302_S" textname="test sensor 19302"/>
			<item id="19303" losttest="1" iotype="AI" name="Sensor19303_S" textname="test sensor 19303"/>
			<item id="19304" losttest="1" iotype="AI" name="Sensor19304_S" textname="test sensor 19304"/>
			<item id="19305" losttest="1" iotype="AI" name="Sensor19305_S" textname="test sensor 19305"/>
			<item id="19306" losttest="1" iotype="AI" name="Sensor19306_S" textname="test sensor 19306"/>
			<item id="19307" losttest="1" iotype="AI" name="Sensor19307_S" textname="test sensor 19307"/>
			<item id="19308" losttest="1" iotype="AI" name="Sensor19308_S" textname="test sensor 19308"/>
			<item id="19309" losttest="1" iotype="AI" name="Sensor19309_S" textname="test sensor 19309"/>
			<item id="19310" losttest="1" iotype="AI" name="Sensor19310_S" textname="test sensor 19310"/>
			<item id="19311" losttest="1" iotype="AI" name="Sensor19311_S" textname="test sensor 19311"/>
			<item id="19312" losttest="1" iotype="AI" name="Sensor19312_S" textname="test sensor 19312"/>
			<item id="19313" losttest="1" iotype="AI" name="Sensor19313_S" textname="test sensor 19313"/>
			<item id="19314" losttest="1" iotype="AI" name="Sensor19314_S" textname="test sensor 19314"/>
			<item id="19315" losttest="1" iotype="AI" name="Sensor19315_S" textname="test sensor 19315"/>
			<item id="19316" losttest="1" iotype="AI" name="Sensor19316_S" textname="test sensor 19316"/>
			<item id="19317" losttest="1" iotype="AI" name="Sensor19317_S" textname="test sensor 19317"/>
			<item id="19318" losttest="1" iotype="AI" name="Sensor19318_S" textname="test sensor 19318"/>
			<item id="19319" losttest="1" iotype="AI" name="Sensor19319_S" textname="test sensor 19319"/>
			<item id="19320" losttest="1" iotype="AI" name="Sensor19320_S" textname="test sensor 19320"/>
			<item id="19321" losttest="1" iotype="AI" name="Sensor19321_S" textname="test sensor 19321"/>
			<item id="19322" losttest="1" iotype="AI" name="Sensor19322_S" textname="test sensor 19322"/>
			<item id="19323" losttest="1" iotype="AI" name="Sensor19323_S" textname="test sensor 19323"/>
			<item id="19324" losttest="1" iotype="AI" name="Sensor19324_S" textname="test sensor 19324"/>
			<item id="19325" losttest="1" iotype="AI" name="Sensor19325_S" textname="test sensor 19325"/>
			<item id="19326" losttest="1" iotype="AI" name="Sensor19326_S" textname="test sensor 19326"/>
			<item id="19327" losttest="1" iotype="AI" name="Sensor19327_S" textname="test sensor 19327"/>
			<item id="19328" losttest="1" iotype="AI" name="Sensor19328_S" textname="test sensor 19328"/>
			<item id="19329" losttest="1" iotype="AI" name="Sensor19329_S" textname="test sensor 19329"/>
			<item id="19330" losttest="1" iotype="AI" name="Sensor19330_S" textname="test sensor 19330"/>
			<item id="19331" losttest="1" iotype="AI" name="Sensor19331_S" textname="test sensor 19331"/>
			<item id="19332" losttest="1" iotype="AI" name="Sensor19332_S" textname="test sensor 19332"/>
			<item id="19333" losttest="1" iotype="AI" name="Sensor19333_S" textname="test sensor 19333"/>
			<item id="19334" losttest="1" iotype="AI" name="Sensor19334_S" textname="test sensor 19334"/>
			<item id="19335" losttest="1" iotype="AI" name="Sensor19335_S" textname="test sensor 19335"/>
			<item id="19336" losttest="1" iotype="AI" name="Sensor19336_S" textname="test sensor 19336"/>
			<item id="19337" losttest="1" iotype="AI" name="Sensor19337_S" textname="test sensor 19337"/>
			<item id="19338" losttest="1" iotype="AI" name="Sensor19338_S" textname="test sensor 19338"/>
			<item id="19339" losttest="1" iotype="AI" name="Sensor19339_S" textname="test sensor 19339"/>
			<item id="19340" losttest="1" iotype="AI" name="Sensor19340_S" textname="test sensor 19340"/>
			<item id="19341" losttest="1" iotype="AI" name="Sensor19341_S" textname="test sensor 19341"/>
			<item id="19342" losttest="1" iotype="AI" name="Sensor19342_S" textname="test sensor 19342"/>
			<item id="19343" losttest="1" iotype="AI" name="Sensor19343_S" textname="test sensor 19343"/>
			<item id="19344" losttest="1" iotype="AI" name="Sensor19344_S" textname="test sensor 19344"/>
			<item id="19345" losttest="1" iotype="AI" name="Sensor19345_S" textname="test sensor 19345"/>
			<item id="19346" losttest="1" iotype="AI" name="Sensor19346_S" textname="test sensor 19346"/>
			<item id="19347" losttest="1" iotype="AI" name="Sensor19347_S" textname="test sensor 19347"/>
			<item id="19348" losttest="1" iotype="AI" name="Sensor19348_S" textname="test sensor 19348"/>
			<item id="19349" losttest="1" iotype="AI" name="Sensor19349_S" textname="test sensor 19349"/>
			<item id="19350" losttest="1" iotype="AI" name="Sensor19350_S" textname="test sensor 19350"/>
			<item id="19351" losttest="1" iotype="AI" name="Sensor19351_S" textname="test sensor 19351"/>
			<item id="19352" losttest="1" iotype="AI" name="Sensor19352_S" textname="test sensor 19352"/>
			<item id="19353" losttest="1" iotype="AI" name="Sensor19353_S" textname="test sensor 19353"/>
			<item id="19354" losttest="1" iotype="AI" name="Sensor19354_S" textname="test sensor 19354"/>
			<item id="19355" losttest="1" iotype="AI" name="Sensor19355_S" textname="test sensor 19355"/>
			<item id="19356" losttest="1" iotype="AI" name="Sensor19356_S" textname="test sensor 19356"/>
			<item id="19357" losttest="1" iotype="AI" name="Sensor19357_S" textname="test sensor 19357"/>
			<item id="19358" losttest="1" iotype="AI" name="Sensor19358_S" textname="test sensor 19358"/>
			<item id="19359" losttest="1" iotype="AI" name="Sensor19359_S" textname="test sensor 19359"/>
			<item id="19360" losttest="1" iotype="AI" name="Sensor19360_S" textname="test sensor 19360"/>
			<item id="19361" losttest="1" iotype="AI" name="Sensor19361_S" textname="test sensor 19361"/>
			<item id="19362" losttest="1" iotype="AI" name="Sensor19362_S" textname="test sensor 19362"/>
			<item id="19363" losttest="1" iotype="AI" name="Sensor19363_S" textname="test sensor 19363"/>
			<item id="19364" losttest="1" iotype="AI" name="Sensor19364_S" textname="test sensor 19364"/>
			<item id="19365" losttest="1" iotype="AI" name="Sensor19365_S" textname="test sensor 19365"/>
			<item id="19366" losttest="1" iotype="AI" name="Sensor19366_S" textname="test sensor 19366"/>
			<item id="19367" losttest="1" iotype="AI" name="Sensor19367_S" textname="test sensor 19367"/>
			<item id="19368" losttest="1" iotype="AI" name="Sensor19368_S" textname="test sensor 19368"/>
			<item id="19369" losttest="1" iotype="AI" name="Sensor19369_S" textname="test sensor 19369"/>
			<item id="19370" losttest="1" iotype="AI" name="Sensor19370_S" textname="test sensor 19370"/>
			<item id="19371" losttest="1" iotype="AI" name="Sensor19371_S" textname="test sensor 19371"/>
			<item id="19372" losttest="1" iotype="AI" name="Sensor19372_S" textname="test sensor 19372"/>
			<item id="19373" losttest="1" iotype="AI" name="Sensor19373_S" textname="test sensor 19373"/>
			<item id="19374" losttest="1" iotype="AI" name="Sensor19374_S" textname="test sensor 19374"/>
			<item id="19375" losttest="1" iotype="AI" name="Sensor19375_S" textname="test sensor 19375"/>
			<item id="19376" losttest="1" iotype="AI" name="Sensor19376_S" textname="test sensor 19376"/>
			<item id="19377" losttest="1" iotype="AI" name="Sensor19377_S" textname="test sensor 19377"/>
			<item id="19378" losttest="1" iotype="AI" name="Sensor19378_S" textname="test sensor 19378"/>
			<item id="19379" losttest="1" iotype="AI" name="Sensor19379_S" textname="test sensor 19379"/>
			<item id="19380" losttest="1" iotype="AI" name="Sensor19380_S" textname="test sensor 19380"/>
			<item id="19381" losttest="1" iotype="AI" name="Sensor19381_S" textname="test sensor 19381"/>
			<item id="19382" losttest="1" iotype="AI" name="Sensor19382_S" textname="test sensor 19382"/>
			<item id="19383" losttest="1" iotype="AI" name="Sensor19383_S" textname="test sensor 19383"/>
			<item id="19384" losttest="1" iotype="AI" name="Sensor19384_S" textname="test sensor 19384"/>
			<item id="19385" losttest="1" iotype="AI" name="Sensor19385_S" textname="test sensor 19385"/>
			<item id="19386" losttest="1" iotype="AI" name="Sensor19386_S" textname="test sensor 19386"/>
			<item id="19387" losttest="1" iotype="AI" name="Sensor19387_S" textname="test sensor 19387"/>
			<item id="19388" losttest="1" iotype="AI" name="Sensor19388_S" textname="test sensor 19388"/>
			<item id="19389" losttest="1" iotype="AI" name="Sensor19389_S" textname="test sensor 19389"/>
			<item id="19390" losttest="1" iotype="AI" name="Sensor19390_S" textname="test sensor 19390"/>
			<item id="19391" losttest="1" iotype="AI" name="Sensor19391_S" textname="test sensor 19391"/>
			<item id="19392" losttest="1" iotype="AI" name="Sensor19392_S" textname="test sensor 19392"/>
			<item id="19393" losttest="1" iotype="AI" name="Sensor19393_S" textname="test sensor 19393"/>
			<item id="19394" losttest="1" iotype="AI" name="Sensor19394_S" textname="test sensor 19394"/>
			<item id="19395" losttest="1" iotype="AI" name="Sensor19395_S" textname="test sensor 19395"/>
			<item id="19396" losttest="1" iotype="AI" name="Sensor19396_S" textname="test sensor 19396"/>
			<item id="19397" losttest="1" iotype="AI" name="Sensor19397_S" textname="test sensor 19397"/>
			<item id="19398" losttest="1" iotype="AI" name="Sensor19398_S" textname="test sensor 19398"/>
			<item id="19399" losttest="1" iotype="AI" name="Sensor19399_S" textname="test sensor 19399"/>
			<item id="19400" losttest="1" iotype="AI" name="Sensor19400_S" textname="test sensor 19400"/>
			<item id="19401" losttest="1" iotype="AI" name="Sensor19401_S" textname="test sensor 19401"/>
			<item id="19402" losttest="1" iotype="AI" name="Sensor19402_S" textname="test sensor 19402"/>
			<item id="19403" losttest="1" iotype="AI" name="Sensor19403_S" textname="test sensor 19403"/>
			<item id="19404" losttest="1" iotype="AI" name="Sensor19404_S" textname="test sensor 19404"/>
			<item id="19405" losttest="1" iotype="AI" name="Sensor19405_S" textname="test sensor 19405"/>
			<item id="19406" losttest="1" iotype="AI" name="Sensor19406_S" textname="test sensor 19406"/>
			<item id="19407" losttest="1" iotype="AI" name="Sensor19407_S" textname="test sensor 19407"/>
			<item id="19408" losttest="1" iotype="AI" name="Sensor19408_S" textname="test sensor 19408"/>
			<item id="19409" losttest="1" iotype="AI" name="Sensor19409_S" textname="test sensor 19409"/>
			<item id="19410" losttest="1" iotype="AI" name="Sensor19410_S" textname="test sensor 19410"/>
			<item id="19411" losttest="1" iotype="AI" name="Sensor19411_S" textname="test sensor 19411"/>
			<item id="19412" losttest="1" iotype="AI" name="Sensor19412_S" textname="test sensor 19412"/>
			<item id="19413" losttest="1" iotype="AI" name="Sensor19413_S" textname="test sensor 19413"/>
			<item id="19414" losttest="1" iotype="AI" name="Sensor19414_S" textname="test sensor 19414"/>
			<item id="19415" losttest="1" iotype="AI" name="Sensor19415_S" textname="test sensor 19415"/>
			<item id="19416" losttest="1" iotype="AI" name="Sensor19416_S" textname="test sensor 19416"/>
			<item id="19417" losttest="1" iotype="AI" name="Sensor19417_S" textname="test sensor 19417"/>
			<item id="19418" losttest="1" iotype="AI" name="Sensor19418_S" textname="test sensor 19418"/>
			<item id="19419" losttest="1" iotype="AI" name="Sensor19419_S" textname="test sensor 19419"/>
			<item id="19420" losttest="1" iotype="AI" name="Sensor19420_S" textname="test sensor 19420"/>
			<item id="19421" losttest="1" iotype="AI" name="Sensor19421_S" textname="test sensor 19421"/>
			<item id="19422" losttest="1" iotype="AI" name="Sensor19422_S" textname="test sensor 19422"/>
			<item id="19423" losttest="1" iotype="AI" name="Sensor19423_S" textname="test sensor 19423"/>
			<item id="19424" losttest="1" iotype="AI" name="Sensor19424_S" textname="test sensor 19424"/>
			<item id="19425" losttest="1" iotype="AI" name="Sensor19425_S" textname="test sensor 19425"/>
			<item id="19426" losttest="1" iotype="AI" name="Sensor19426_S" textname="test sensor 19426"/>
			<item id="19427" losttest="1" iotype="AI" name="Sensor19427_S" textname="test sensor 19427"/>
			<item id="19428" losttest="1" iotype="AI" name="Sensor19428_S" textname="test sensor 19428"/>
			<item id="19429" losttest="1" iotype="AI" name="Sensor19429_S" textname="test sensor 19429"/>
			<item id="19430" losttest="1" iotype="AI" name="Sensor19430_S" textname="test sensor 19430"/>
			<item id="19431" losttest="1" iotype="AI" name="Sensor19431_S" textname="test sensor 19431"/>
			<item id="19432" losttest="1" iotype="AI" name="Sensor19432_S" textname="test sensor 19432"/>
			<item id="19433" losttest="1" iotype="AI" name="Sensor19433_S" textname="test sensor 19433"/>
			<item id="19434" losttest="1" iotype="AI" name="Sensor19434_S" textname="test sensor 19434"/>
			<item id="19435" losttest="1" iotype="AI" name="Sensor19435_S" textname="test sensor 19435"/>
			<item id="19436" losttest="1" iotype="AI" name="Sensor19436_S" textname="test sensor 19436"/>
			<item id="19437" losttest="1" iotype="AI" name="Sensor19437_S" textname="test sensor 19437"/>
			<item id="19438" losttest="1" iotype="AI" name="Sensor19438_S" textname="test sensor 19438"/>
			<item id="19439" losttest="1" iotype="AI" name="Sensor19439_S" textname="test sensor 19439"/>
			<item id="19440" losttest="1" iotype="AI" name="Sensor19440_S" textname="test sensor 19440"/>
			<item id="19441" losttest="1" iotype="AI" name="Sensor19441_S" textname="test sensor 19441"/>
			<item id="19442" losttest="1" iotype="AI" name="Sensor19442_S" textname="test sensor 19442"/>
			<item id="19443" losttest="1" iotype="AI" name="Sensor19443_S" textname="test sensor 19443"/>
			<item id="19444" losttest="1" iotype="AI" name="Sensor19444_S" textname="test sensor 19444"/>
			<item id="19445" losttest="1" iotype="AI" name="Sensor19445_S" textname="test sensor 19445"/>
			<item id="19446" losttest="1" iotype="AI" name="Sensor19446_S" textname="test sensor 19446"/>
			<item id="19447" losttest="1" iotype="AI" name="Sensor19447_S" textname="test sensor 19447"/>
			<item id="19448" losttest="1" iotype="AI" name="Sensor19448_S" textname="test sensor 19448"/>
			<item id="19449" losttest="1" iotype="AI" name="Sensor19449_S" textname="test sensor 19449"/>
			<item id="19450" losttest="1" iotype="AI" name="Sensor19450_S" textname="test sensor 19450"/>
			<item id="19451" losttest="1" iotype="AI" name="Sensor19451_S" textname="test sensor 19451"/>
			<item id="19452" losttest="1" iotype="AI" name="Sensor19452_S" textname="test sensor 19452"/>
			<item id="19453" losttest="1" iotype="AI" name="Sensor19453_S" textname="test sensor 19453"/>
			<item id="19454" losttest="1" iotype="AI" name="Sensor19454_S" textname="test sensor 19454"/>
			<item id="19455" losttest="1" iotype="AI" name="Sensor19455_S" textname="test sensor 19455"/>
			<item id="19456" losttest="1" iotype="AI" name="Sensor19456_S" textname="test sensor 19456"/>
			<item id="19457" losttest="1" iotype="AI" name="Sensor19457_S" textname="test sensor 19457"/>
			<item id="19458" losttest="1" iotype="AI" name="Sensor19458_S" textname="test sensor 19458"/>
			<item id="19459" losttest="1" iotype="AI" name="Sensor19459_S" textname="test sensor 19459"/>
			<item id="19460" losttest="1" iotype="AI" name="Sensor19460_S" textname="test sensor 19460"/>
			<item id="19461" losttest="1" iotype="AI" name="Sensor19461_S" textname="test sensor 19461"/>
			<item id="19462" losttest="1" iotype="AI" name="Sensor19462_S" textname="test sensor 19462"/>
			<item id="19463" losttest="1" iotype="AI" name="Sensor19463_S" textname="test sensor 19463"/>
			<item id="19464" losttest="1" iotype="AI" name="Sensor19464_S" textname="test sensor 19464"/>
			<item id="19465" losttest="1" iotype="AI" name="Sensor19465_S" textname="test sensor 19465"/>
			<item id="19466" losttest="1" iotype="AI" name="Sensor19466_S" textname="test sensor 19466"/>
			<item id="19467" losttest="1" iotype="AI" name="Sensor19467_S" textname="test sensor 19467"/>
			<item id="19468" losttest="1" iotype="AI" name="Sensor19468_S" textname="test sensor 19468"/>
			<item id="19469" losttest="1" iotype="AI" name="Sensor19469_S" textname="test sensor 19469"/>
			<item id="19470" losttest="1" iotype="AI" name="Sensor19470_S" textname="test sensor 19470"/>
			<item id="19471" losttest="1" iotype="AI" name="Sensor19471_S" textname="test sensor 19471"/>
			<item id="19472" losttest="1" iotype="AI" name="Sensor19472_S" textname="test sensor 19472"/>
			<item id="19473" losttest="1" iotype="AI" name="Sensor19473_S" textname="test sensor 19473"/>
			<item id="19474" losttest="1" iotype="AI" name="Sensor19474_S" textname="test sensor 19474"/>
			<item id="19475" losttest="1" iotype="AI" name="Sensor19475_S" textname="test sensor 19475"/>
			<item id="19476" losttest="1" iotype="AI" name="Sensor19476_S" textname="test sensor 19476"/>
			<item id="19477" losttest="1" iotype="AI" name="Sensor19477_S" textname="test sensor 19477"/>
			<item id="19478" losttest="1" iotype="AI" name="Sensor19478_S" textname="test sensor 19478"/>
			<item id="19479" losttest="1" iotype="AI" name="Sensor19479_S" textname="test sensor 19479"/>
			<item id="19480" losttest="1" iotype="AI" name="Sensor19480_S" textname="test sensor 19480"/>
			<item id="19481" losttest="1" iotype="AI" name="Sensor19481_S" textname="test sensor 19481"/>
			<item id="19482" losttest="1" iotype="AI" name="Sensor19482_S" textname="test sensor 19482"/>
			<item id="19483" losttest="1" iotype="AI" name="Sensor19483_S" textname="test sensor 19483"/>
			<item id="19484" losttest="1" iotype="AI" name="Sensor19484_S" textname="test sensor 19484"/>
			<item id="19485" losttest="1" iotype="AI" name="Sensor19485_S" textname="test sensor 19485"/>
			<item id="19486" losttest="1" iotype="AI" name="Sensor19486_S" textname="test sensor 19486"/>
			<item id="19487" losttest="1" iotype="AI" name="Sensor19487_S" textname="test sensor 19487"/>
			<item id="19488" losttest="1" iotype="AI" name="Sensor19488_S" textname="test sensor 19488"/>
			<item id="19489" losttest="1" iotype="AI" name="Sensor19489_S" textname="test sensor 19489"/>
			<item id="19490" losttest="1" iotype="AI" name="Sensor19490_S" textname="test sensor 19490"/>
			<item id="19491" losttest="1" iotype="AI" name="Sensor19491_S" textname="test sensor 19491"/>
			<item id="19492" losttest="1" iotype="AI" name="Sensor19492_S" textname="test sensor 19492"/>
			<item id="19493" losttest="1" iotype="AI" name="Sensor19493_S" textname="test sensor 19493"/>
			<item id="19494" losttest="1" iotype="AI" name="Sensor19494_S" textname="test sensor 19494"/>
			<item id="19495" losttest="1" iotype="AI" name="Sensor19495_S" textname="test sensor 19495"/>
			<item id="19496" losttest="1" iotype="AI" name="Sensor19496_S" textname="test sensor 19496"/>
			<item id="19497" losttest="1" iotype="AI" name="Sensor19497_S" textname="test sensor 19497"/>
			<item id="19498" losttest="1" iotype="AI" name="Sensor19498_S" textname="test sensor 19498"/>
			<item id="19499" losttest="1" iotype="AI" name="Sensor19499_S" textname="test sensor 19499"/>
			<item id="19500" losttest="1" iotype="AI" name="Sensor19500_S" textname="test sensor 19500"/>
			<item id="19501" losttest="1" iotype="AI" name="Sensor19501_S" textname="test sensor 19501"/>
			<item id="19502" losttest="1" iotype="AI" name="Sensor19502_S" textname="test sensor 19502"/>
			<item id="19503" losttest="1" iotype="AI" name="Sensor19503_S" textname="test sensor 19503"/>
			<item id="19504" losttest="1" iotype="AI" name="Sensor19504_S" textname="test sensor 19504"/>
			<item id="19505" losttest="1" iotype="AI" name="Sensor19505_S" textname="test sensor 19505"/>
			<item id="19506" losttest="1" iotype="AI" name="Sensor19506_S" textname="test sensor 19506"/>
			<item id="19507" losttest="1" iotype="AI" name="Sensor19507_S" textname="test sensor 19507"/>
			<item id="19508" losttest="1" iotype="AI" name="Sensor19508_S" textname="test sensor 19508"/>
			<item id="19509" losttest="1" iotype="AI" name="Sensor19509_S" textname="test sensor 19509"/>
			<item id="19510" losttest="1" iotype="AI" name="Sensor19510_S" textname="test sensor 19510"/>
			<item id="19511" losttest="1" iotype="AI" name="Sensor19511_S" textname="test sensor 19511"/>
			<item id="19512" losttest="1" iotype="AI" name="Sensor19512_S" textname="test sensor 19512"/>
			<item id="19513" losttest="1" iotype="AI" name="Sensor19513_S" textname="test sensor 19513"/>
			<item id="19514" losttest="1" iotype="AI" name="Sensor19514_S" textname="test sensor 19514"/>
			<item id="19515" losttest="1" iotype="AI" name="Sensor19515_S" textname="test sensor 19515"/>
			<item id="19516" losttest="1" iotype="AI" name="Sensor19516_S" textname="test sensor 19516"/>
			<item id="19517" losttest="1" iotype="AI" name="Sensor19517_S" textname="test sensor 19517"/>
			<item id="19518" losttest="1" iotype="AI" name="Sensor19518_S" textname="test sensor 19518"/>
			<item id="19519" losttest="1" iotype="AI" name="Sensor19519_S" textname="test sensor 19519"/>
			<item id="19520" losttest="1" iotype="AI" name="Sensor19520_S" textname="test sensor 19520"/>
			<item id="19521" losttest="1" iotype="AI" name="Sensor19521_S" textname="test sensor 19521"/>
			<item id="19522" losttest="1" iotype="AI" name="Sensor19522_S" textname="test sensor 19522"/>
			<item id="19523" losttest="1" iotype="AI" name="Sensor19523_S" textname="test sensor 19523"/>
			<item id="19524" losttest="1" iotype="AI" name="Sensor19524_S" textname="test sensor 19524"/>
			<item id="19525" losttest="1" iotype="AI" name="Sensor19525_S" textname="test sensor 19525"/>
			<item id="19526" losttest="1" iotype="AI" name="Sensor19526_S" textname="test sensor 19526"/>
			<item id="19527" losttest="1" iotype="AI" name="Sensor19527_S" textname="test sensor 19527"/>
			<item id="19528" losttest="1" iotype="AI" name="Sensor19528_S" textname="test sensor 19528"/>
			<item id="19529" losttest="1" iotype="AI" name="Sensor19529_S" textname="test sensor 19529"/>
			<item id="19530" losttest="1" iotype="AI" name="Sensor19530_S" textname="test sensor 19530"/>
			<item id="19531" losttest="1" iotype="AI" name="Sensor19531_S" textname="test sensor 19531"/>
			<item id="19532" losttest="1" iotype="AI" name="Sensor19532_S" textname="test sensor 19532"/>
			<item id="19533" losttest="1" iotype="AI" name="Sensor19533_S" textname="test sensor 19533"/>
			<item id="19534" losttest="1" iotype="AI" name="Sensor19534_S" textname="test sensor 19534"/>
			<item id="19535" losttest="1" iotype="AI" name="Sensor19535_S" textname="test sensor 19535"/>
			<item id="19536" losttest="1" iotype="AI" name="Sensor19536_S" textname="test sensor 19536"/>
			<item id="19537" losttest="1" iotype="AI" name="Sensor19537_S" textname="test sensor 19537"/>
			<item id="19538" losttest="1" iotype="AI" name="Sensor19538_S" textname="test sensor 19538"/>
			<item id="19539" losttest="1" iotype="AI" name="Sensor19539_S" textname="test sensor 19539"/>
			<item id="19540" losttest="1" iotype="AI" name="Sensor19540_S" textname="test sensor 19540"/>
			<item id="19541" losttest="1" iotype="AI" name="Sensor19541_S" textname="test sensor 19541"/>
			<item id="19542" losttest="1" iotype="AI" name="Sensor19542_S" textname="test sensor 19542"/>
			<item id="19543" losttest="1" iotype="AI" name="Sensor19543_S" textname="test sensor 19543"/>
			<item id="19544" losttest="1" iotype="AI" name="Sensor19544_S" textname="test sensor 19544"/>
			<item id="19545" losttest="1" iotype="AI" name="Sensor19545_S" textname="test sensor 19545"/>
			<item id="19546" losttest="1" iotype="AI" name="Sensor19546_S" textname="test sensor 19546"/>
			<item id="19547" losttest="1" iotype="AI" name="Sensor19547_S" textname="test sensor 19547"/>
			<item id="19548" losttest="1" iotype="AI" name="Sensor19548_S" textname="test sensor 19548"/>
			<item id="19549" losttest="1" iotype="AI" name="Sensor19549_S" textname="test sensor 19549"/>
			<item id="19550" losttest="1" iotype="AI" name="Sensor19550_S" textname="test sensor 19550"/>
			<item id="19551" losttest="1" iotype="AI" name="Sensor19551_S" textname="test sensor 19551"/>
			<item id="19552" losttest="1" iotype="AI" name="Sensor19552_S" textname="test sensor 19552"/>
			<item id="19553" losttest="1" iotype="AI" name="Sensor19553_S" textname="test sensor 19553"/>
			<item id="19554" losttest="1" iotype="AI" name="Sensor19554_S" textname="test sensor 19554"/>
			<item id="19555" losttest="1" iotype="AI" name="Sensor19555_S" textname="test sensor 19555"/>
			<item id="19556" losttest="1" iotype="AI" name="Sensor19556_S" textname="test sensor 19556"/>
			<item id="19557" losttest="1" iotype="AI" name="Sensor19557_S" textname="test sensor 19557"/>
			<item id="19558" losttest="1" iotype="AI" name="Sensor19558_S" textname="test sensor 19558"/>
			<item id="19559" losttest="1" iotype="AI" name="Sensor19559_S" textname="test sensor 19559"/>
			<item id="19560" losttest="1" iotype="AI" name="Sensor19560_S" textname="test sensor 19560"/>
			<item id="19561" losttest="1" iotype="AI" name="Sensor19561_S" textname="test sensor 19561"/>
			<item id="19562" losttest="1" iotype="AI" name="Sensor19562_S" textname="test sensor 19562"/>
			<item id="19563" losttest="1" iotype="AI" name="Sensor19563_S" textname="test sensor 19563"/>
			<item id="19564" losttest="1" iotype="AI" name="Sensor19564_S" textname="test sensor 19564"/>
			<item id="19565" losttest="1" iotype="AI" name="Sensor19565_S" textname="test sensor 19565"/>
			<item id="19566" losttest="1" iotype="AI" name="Sensor19566_S" textname="test sensor 19566"/>
			<item id="19567" losttest="1" iotype="AI" name="Sensor19567_S" textname="test sensor 19567"/>
			<item id="19568" losttest="1" iotype="AI" name="Sensor19568_S" textname="test sensor 19568"/>
			<item id="19569" losttest="1" iotype="AI" name="Sensor19569_S" textname="test sensor 19569"/>
			<item id="19570" losttest="1" iotype="AI" name="Sensor19570_S" textname="test sensor 19570"/>
			<item id="19571" losttest="1" iotype="AI" name="Sensor19571_S" textname="test sensor 19571"/>
			<item id="19572" losttest="1" iotype="AI" name="Sensor19572_S" textname="test sensor 19572"/>
			<item id="19573" losttest="1" iotype="AI" name="Sensor19573_S" textname="test sensor 19573"/>
			<item id="19574" losttest="1" iotype="AI" name="Sensor19574_S" textname="test sensor 19574"/>
			<item id="19575" losttest="1" iotype="AI" name="Sensor19575_S" textname="test sensor 19575"/>
			<item id="19576" losttest="1" iotype="AI" name="Sensor19576_S" textname="test sensor 19576"/>
			<item id="19577" losttest="1" iotype="AI" name="Sensor19577_S" textname="test sensor 19577"/>
			<item id="19578" losttest="1" iotype="AI" name="Sensor19578_S" textname="test sensor 19578"/>
			<item id="19579" losttest="1" iotype="AI" name="Sensor19579_S" textname="test sensor 19579"/>
			<item id="19580" losttest="1" iotype="AI" name="Sensor19580_S" textname="test sensor 19580"/>
			<item id="19581" losttest="1" iotype="AI" name="Sensor19581_S" textname="test sensor 19581"/>
			<item id="19582" losttest="1" iotype="AI" name="Sensor19582_S" textname="test sensor 19582"/>
			<item id="19583" losttest="1" iotype="AI" name="Sensor19583_S" textname="test sensor 19583"/>
			<item id="19584" losttest="1" iotype="AI" name="Sensor19584_S" textname="test sensor 19584"/>
			<item id="19585" losttest="1" iotype="AI" name="Sensor19585_S" textname="test sensor 19585"/>
			<item id="19586" losttest="1" iotype="AI" name="Sensor19586_S" textname="test sensor 19586"/>
			<item id="19587" losttest="1" iotype="AI" name="Sensor19587_S" textname="test sensor 19587"/>
			<item id="19588" losttest="1" iotype="AI" name="Sensor19588_S" textname="test sensor 19588"/>
			<item id="19589" losttest="1" iotype="AI" name="Sensor19589_S" textname="test sensor 19589"/>
			<item id="19590" losttest="1" iotype="AI" name="Sensor19590_S" textname="test sensor 19590"/>
			<item id="19591" losttest="1" iotype="AI" name="Sensor19591_S" textname="test sensor 19591"/>
			<item id="19592" losttest="1" iotype="AI" name="Sensor19592_S" textname="test sensor 19592"/>
			<item id="19593" losttest="1" iotype="AI" name="Sensor19593_S" textname="test sensor 19593"/>
			<item id="19594" losttest="1" iotype="AI" name="Sensor19594_S" textname="test sensor 19594"/>
			<item id="19595" losttest="1" iotype="AI" name="Sensor19595_S" textname="test sensor 19595"/>
			<item id="19596" losttest="1" iotype="AI" name="Sensor19596_S" textname="test sensor 19596"/>
			<item id="19597" losttest="1" iotype="AI" name="Sensor19597_S" textname="test sensor 19597"/>
			<item id="19598" losttest="1" iotype="AI" name="Sensor19598_S" textname="test sensor 19598"/>
			<item id="19599" losttest="1" iotype="AI" name="Sensor19599_S" textname="test sensor 19599"/>
			<item id="19600" losttest="1" iotype="AI" name="Sensor19600_S" textname="test sensor 19600"/>
			<item id="19601" losttest="1" iotype="AI" name="Sensor19601_S" textname="test sensor 19601"/>
			<item id="19602" losttest="1" iotype="AI" name="Sensor19602_S" textname="test sensor 19602"/>
			<item id="19603" losttest="1" iotype="AI" name="Sensor19603_S" textname="test sensor 19603"/>
			<item id="19604" losttest="1" iotype="AI" name="Sensor19604_S" textname="test sensor 19604"/>
			<item id="19605" losttest="1" iotype="AI" name="Sensor19605_S" textname="test sensor 19605"/>
			<item id="19606" losttest="1" iotype="AI" name="Sensor19606_S" textname="test sensor 19606"/>
			<item id="19607" losttest="1" iotype="AI" name="Sensor19607_S" textname="test sensor 19607"/>
			<item id="19608" losttest="1" iotype="AI" name="Sensor19608_S" textname="test sensor 19608"/>
			<item id="19609" losttest="1" iotype="AI" name="Sensor19609_S" textname="test sensor 19609"/>
			<item id="19610" losttest="1" iotype="AI" name="Sensor19610_S" textname="test sensor 19610"/>
			<item id="19611" losttest="1" iotype="AI" name="Sensor19611_S" textname="test sensor 19611"/>
			<item id="19612" losttest="1" iotype="AI" name="Sensor19612_S" textname="test sensor 19612"/>
			<item id="19613" losttest="1" iotype="AI" name="Sensor19613_S" textname="test sensor 19613"/>
			<item id="19614" losttest="1" iotype="AI" name="Sensor19614_S" textname="test sensor 19614"/>
			<item id="19615" losttest="1" iotype="AI" name="Sensor19615_S" textname="test sensor 19615"/>
			<item id="19616" losttest="1" iotype="AI" name="Sensor19616_S" textname="test sensor 19616"/>
			<item id="19617" losttest="1" iotype="AI" name="Sensor19617_S" textname="test sensor 19617"/>
			<item id="19618" losttest="1" iotype="AI" name="Sensor19618_S" textname="test sensor 19618"/>
			<item id="19619" losttest="1" iotype="AI" name="Sensor19619_S" textname="test sensor 19619"/>
			<item id="19620" losttest="1" iotype="AI" name="Sensor19620_S" textname="test sensor 19620"/>
			<item id="19621" losttest="1" iotype="AI" name="Sensor19621_S" textname="test sensor 19621"/>
			<item id="19622" losttest="1" iotype="AI" name="Sensor19622_S" textname="test sensor 19622"/>
			<item id="19623" losttest="1" iotype="AI" name="Sensor19623_S" textname="test sensor 19623"/>
			<item id="19624" losttest="1" iotype="AI" name="Sensor19624_S" textname="test sensor 19624"/>
			<item id="19625" losttest="1" iotype="AI" name="Sensor19625_S" textname="test sensor 19625"/>
			<item id="19626" losttest="1" iotype="AI" name="Sensor19626_S" textname="test sensor 19626"/>
			<item id="19627" losttest="1" iotype="AI" name="Sensor19627_S" textname="test sensor 19627"/>
			<item id="19628" losttest="1" iotype="AI" name="Sensor19628_S" textname="test sensor 19628"/>
			<item id="19629" losttest="1" iotype="AI" name="Sensor19629_S" textname="test sensor 19629"/>
			<item id="19630" losttest="1" iotype="AI" name="Sensor19630_S" textname="test sensor 19630"/>
			<item id="19631" losttest="1" iotype="AI" name="Sensor19631_S" textname="test sensor 19631"/>
			<item id="19632" losttest="1" iotype="AI" name="Sensor19632_S" textname="test sensor 19632"/>
			<item id="19633" losttest="1" iotype="AI" name="Sensor19633_S" textname="test sensor 19633"/>
			<item id="19634" losttest="1" iotype="AI" name="Sensor19634_S" textname="test sensor 19634"/>
			<item id="19635" losttest="1" iotype="AI" name="Sensor19635_S" textname="test sensor 19635"/>
			<item id="19636" losttest="1" iotype="AI" name="Sensor19636_S" textname="test sensor 19636"/>
			<item id="19637" losttest="1" iotype="AI" name="Sensor19637_S" textname="test sensor 19637"/>
			<item id="19638" losttest="1" iotype="AI" name="Sensor19638_S" textname="test sensor 19638"/>
			<item id="19639" losttest="1" iotype="AI" name="Sensor19639_S" textname="test sensor 19639"/>
			<item id="19640" losttest="1" iotype="AI" name="Sensor19640_S" textname="test sensor 19640"/>
			<item id="19641" losttest="1" iotype="AI" name="Sensor19641_S" textname="test sensor 19641"/>
			<item id="19642" losttest="1" iotype="AI" name="Sensor19642_S" textname="test sensor 19642"/>
			<item id="19643" losttest="1" iotype="AI" name="Sensor19643_S" textname="test sensor 19643"/>
			<item id="19644" losttest="1" iotype="AI" name="Sensor19644_S" textname="test sensor 19644"/>
			<item id="19645" losttest="1" iotype="AI" name="Sensor19645_S" textname="test sensor 19645"/>
			<item id="19646" losttest="1" iotype="AI" name="Sensor19646_S" textname="test sensor 19646"/>
			<item id="19647" losttest="1" iotype="AI" name="Sensor19647_S" textname="test sensor 19647"/>
			<item id="19648" losttest="1" iotype="AI" name="Sensor19648_S" textname="test sensor 19648"/>
			<item id="19649" losttest="1" iotype="AI" name="Sensor19649_S" textname="test sensor 19649"/>
			<item id="19650" losttest="1" iotype="AI" name="Sensor19650_S" textname="test sensor 19650"/>
			<item id="19651" losttest="1" iotype="AI" name="Sensor19651_S" textname="test sensor 19651"/>
			<item id="19652" losttest="1" iotype="AI" name="Sensor19652_S" textname="test sensor 19652"/>
			<item id="19653" losttest="1" iotype="AI" name="Sensor19653_S" textname="test sensor 19653"/>
			<item id="19654" losttest="1" iotype="AI" name="Sensor19654_S" textname="test sensor 19654"/>
			<item id="19655" losttest="1" iotype="AI" name="Sensor19655_S" textname="test sensor 19655"/>
			<item id="19656" losttest="1" iotype="AI" name="Sensor19656_S" textname="test sensor 19656"/>
			<item id="19657" losttest="1" iotype="AI" name="Sensor19657_S" textname="test sensor 19657"/>
			<item id="19658" losttest="1" iotype="AI" name="Sensor19658_S" textname="test sensor 19658"/>
			<item id="19659" losttest="1" iotype="AI" name="Sensor19659_S" textname="test sensor 19659"/>
			<item id="19660" losttest="1" iotype="AI" name="Sensor19660_S" textname="test sensor 19660"/>
			<item id="19661" losttest="1" iotype="AI" name="Sensor19661_S" textname="test sensor 19661"/>
			<item id="19662" losttest="1" iotype="AI" name="Sensor19662_S" textname="test sensor 19662"/>
			<item id="19663" losttest="1" iotype="AI" name="Sensor19663_S" textname="test sensor 19663"/>
			<item id="19664" losttest="1" iotype="AI" name="Sensor19664_S" textname="test sensor 19664"/>
			<item id="19665" losttest="1" iotype="AI" name="Sensor19665_S" textname="test sensor 19665"/>
			<item id="19666" losttest="1" iotype="AI" name="Sensor19666_S" textname="test sensor 19666"/>
			<item id="19667" losttest="1" iotype="AI" name="Sensor19667_S" textname="test sensor 19667"/>
			<item id="19668" losttest="1" iotype="AI" name="Sensor19668_S" textname="test sensor 19668"/>
			<item id="19669" losttest="1" iotype="AI" name="Sensor19669_S" textname="test sensor 19669"/>
			<item id="19670" losttest="1" iotype="AI" name="Sensor19670_S" textname="test sensor 19670"/>
			<item id="19671" losttest="1" iotype="AI" name="Sensor19671_S" textname="test sensor 19671"/>
			<item id="19672" losttest="1" iotype="AI" name="Sensor19672_S" textname="test sensor 19672"/>
			<item id="19673" losttest="1" iotype="AI" name="Sensor19673_S" textname="test sensor 19673"/>
			<item id="19674" losttest="1" iotype="AI" name="Sensor19674_S" textname="test sensor 19674"/>
			<item id="19675" losttest="1" iotype="AI" name="Sensor19675_S" textname="test sensor 19675"/>
			<item id="19676" losttest="1" iotype="AI" name="Sensor19676_S" textname="test sensor 19676"/>
			<item id="19677" losttest="1" iotype="AI" name="Sensor19677_S" textname="test sensor 19677"/>
			<item id="19678" losttest="1" iotype="AI" name="Sensor19678_S" textname="test sensor 19678"/>
			<item id="19679" losttest="1" iotype="AI" name="Sensor19679_S" textname="test sensor 19679"/>
			<item id="19680" losttest="1" iotype="AI" name="Sensor19680_S" textname="test sensor 19680"/>
			<item id="19681" losttest="1" iotype="AI" name="Sensor19681_S" textname="test sensor 19681"/>
			<item id="19682" losttest="1" iotype="AI" name="Sensor19682_S" textname="test sensor 19682"/>
			<item id="19683" losttest="1" iotype="AI" name="Sensor19683_S" textname="test sensor 19683"/>
			<item id="19684" losttest="1" iotype="AI" name="Sensor19684_S" textname="test sensor 19684"/>
			<item id="19685" losttest="1" iotype="AI" name="Sensor19685_S" textname="test sensor 19685"/>
			<item id="19686" losttest="1" iotype="AI" name="Sensor19686_S" textname="test sensor 19686"/>
			<item id="19687" losttest="1" iotype="AI" name="Sensor19687_S" textname="test sensor 19687"/>
			<item id="19688" losttest="1" iotype="AI" name="Sensor19688_S" textname="test sensor 19688"/>
			<item id="19689" losttest="1" iotype="AI" name="Sensor19689_S" textname="test sensor 19689"/>
			<item id="19690" losttest="1" iotype="AI" name="Sensor19690_S" textname="test sensor 19690"/>
			<item id="19691" losttest="1" iotype="AI" name="Sensor19691_S" textname="test sensor 19691"/>
			<item id="19692" losttest="1" iotype="AI" name="Sensor19692_S" textname="test sensor 19692"/>
			<item id="19693" losttest="1" iotype="AI" name="Sensor19693_S" textname="test sensor 19693"/>
			<item id="19694" losttest="1" iotype="AI" name="Sensor19694_S" textname="test sensor 19694"/>
			<item id="19695" losttest="1" iotype="AI" name="Sensor19695_S" textname="test sensor 19695"/>
			<item id="19696" losttest="1" iotype="AI" name="Sensor19696_S" textname="test sensor 19696"/>
			<item id="19697" losttest="1" iotype="AI" name="Sensor19697_S" textname="test sensor 19697"/>
			<item id="19698" losttest="1" iotype="AI" name="Sensor19698_S" textname="test sensor 19698"/>
			<item id="19699" losttest="1" iotype="AI" name="Sensor19699_S" textname="test sensor 19699"/>
			<item id="19700" losttest="1" iotype="AI" name="Sensor19700_S" textname="test sensor 19700"/>
			<item id="19701" losttest="1" iotype="AI" name="Sensor19701_S" textname="test sensor 19701"/>
			<item id="19702" losttest="1" iotype="AI" name="Sensor19702_S" textname="test sensor 19702"/>
			<item id="19703" losttest="1" iotype="AI" name="Sensor19703_S" textname="test sensor 19703"/>
			<item id="19704" losttest="1" iotype="AI" name="Sensor19704_S" textname="test sensor 19704"/>
			<item id="19705" losttest="1" iotype="AI" name="Sensor19705_S" textname="test sensor 19705"/>
			<item id="19706" losttest="1" iotype="AI" name="Sensor19706_S" textname="test sensor 19706"/>
			<item id="19707" losttest="1" iotype="AI" name="Sensor19707_S" textname="test sensor 19707"/>
			<item id="19708" losttest="1" iotype="AI" name="Sensor19708_S" textname="test sensor 19708"/>
			<item id="19709" losttest="1" iotype="AI" name="Sensor19709_S" textname="test sensor 19709"/>
			<item id="19710" losttest="1" iotype="AI" name="Sensor19710_S" textname="test sensor 19710"/>
			<item id="19711" losttest="1" iotype="AI" name="Sensor19711_S" textname="test sensor 19711"/>
			<item id="19712" losttest="1" iotype="AI" name="Sensor19712_S" textname="test sensor 19712"/>
			<item id="19713" losttest="1" iotype="AI" name="Sensor19713_S" textname="test sensor 19713"/>
			<item id="19714" losttest="1" iotype="AI" name="Sensor19714_S" textname="test sensor 19714"/>
			<item id="19715" losttest="1" iotype="AI" name="Sensor19715_S" textname="test sensor 19715"/>
			<item id="19716" losttest="1" iotype="AI" name="Sensor19716_S" textname="test sensor 19716"/>
			<item id="19717" losttest="1" iotype="AI" name="Sensor19717_S" textname="test sensor 19717"/>
			<item id="19718" losttest="1" iotype="AI" name="Sensor19718_S" textname="test sensor 19718"/>
			<item id="19719" losttest="1" iotype="AI" name="Sensor19719_S" textname="test sensor 19719"/>
			<item id="19720" losttest="1" iotype="AI" name="Sensor19720_S" textname="test sensor 19720"/>
			<item id="19721" losttest="1" iotype="AI" name="Sensor19721_S" textname="test sensor 19721"/>
			<item id="19722" losttest="1" iotype="AI" name="Sensor19722_S" textname="test sensor 19722"/>
			<item id="19723" losttest="1" iotype="AI" name="Sensor19723_S" textname="test sensor 19723"/>
			<item id="19724" losttest="1" iotype="AI" name="Sensor19724_S" textname="test sensor 19724"/>
			<item id="19725" losttest="1" iotype="AI" name="Sensor19725_S" textname="test sensor 19725"/>
			<item id="19726" losttest="1" iotype="AI" name="Sensor19726_S" textname="test sensor 19726"/>
			<item id="19727" losttest="1" iotype="AI" name="Sensor19727_S" textname="test sensor 19727"/>
			<item id="19728" losttest="1" iotype="AI" name="Sensor19728_S" textname="test sensor 19728"/>
			<item id="19729" losttest="1" iotype="AI" name="Sensor19729_S" textname="test sensor 19729"/>
			<item id="19730" losttest="1" iotype="AI" name="Sensor19730_S" textname="test sensor 19730"/>
			<item id="19731" losttest="1" iotype="AI" name="Sensor19731_S" textname="test sensor 19731"/>
			<item id="19732" losttest="1" iotype="AI" name="Sensor19732_S" textname="test sensor 19732"/>
			<item id="19733" losttest="1" iotype="AI" name="Sensor19733_S" textname="test sensor 19733"/>
			<item id="19734" losttest="1" iotype="AI" name="Sensor19734_S" textname="test sensor 19734"/>
			<item id="19735" losttest="1" iotype="AI" name="Sensor19735_S" textname="test sensor 19735"/>
			<item id="19736" losttest="1" iotype="AI" name="Sensor19736_S" textname="test sensor 19736"/>
			<item id="19737" losttest="1" iotype="AI" name="Sensor19737_S" textname="test sensor 19737"/>
			<item id="19738" losttest="1" iotype="AI" name="Sensor19738_S" textname="test sensor 19738"/>
			<item id="19739" losttest="1" iotype="AI" name="Sensor19739_S" textname="test sensor 19739"/>
			<item id="19740" losttest="1" iotype="AI" name="Sensor19740_S" textname="test sensor 19740"/>
			<item id="19741" losttest="1" iotype="AI" name="Sensor19741_S" textname="test sensor 19741"/>
			<item id="19742" losttest="1" iotype="AI" name="Sensor19742_S" textname="test sensor 19742"/>
			<item id="19743" losttest="1" iotype="AI" name="Sensor19743_S" textname="test sensor 19743"/>
			<item id="19744" losttest="1" iotype="AI" name="Sensor19744_S" textname="test sensor 19744"/>
			<item id="19745" losttest="1" iotype="AI" name="Sensor19745_S" textname="test sensor 19745"/>
			<item id="19746" losttest="1" iotype="AI" name="Sensor19746_S" textname="test sensor 19746"/>
			<item id="19747" losttest="1" iotype="AI" name="Sensor19747_S" textname="test sensor 19747"/>
			<item id="19748" losttest="1" iotype="AI" name="Sensor19748_S" textname="test sensor 19748"/>
			<item id="19749" losttest="1" iotype="AI" name="Sensor19749_S" textname="test sensor 19749"/>
			<item id="19750" losttest="1" iotype="AI" name="Sensor19750_S" textname="test sensor 19750"/>
			<item id="19751" losttest="1" iotype="AI" name="Sensor19751_S" textname="test sensor 19751"/>
			<item id="19752" losttest="1" iotype="AI" name="Sensor19752_S" textname="test sensor 19752"/>
			<item id="19753" losttest="1" iotype="AI" name="Sensor19753_S" textname="test sensor 19753"/>
			<item id="19754" losttest="1" iotype="AI" name="Sensor19754_S" textname="test sensor 19754"/>
			<item id="19755" losttest="1" iotype="AI" name="Sensor19755_S" textname="test sensor 19755"/>
			<item id="19756" losttest="1" iotype="AI" name="Sensor19756_S" textname="test sensor 19756"/>
			<item id="19757" losttest="1" iotype="AI" name="Sensor19757_S" textname="test sensor 19757"/>
			<item id="19758" losttest="1" iotype="AI" name="Sensor19758_S" textname="test sensor 19758"/>
			<item id="19759" losttest="1" iotype="AI" name="Sensor19759_S" textname="test sensor 19759"/>
			<item id="19760" losttest="1" iotype="AI" name="Sensor19760_S" textname="test sensor 19760"/>
			<item id="19761" losttest="1" iotype="AI" name="Sensor19761_S" textname="test sensor 19761"/>
			<item id="19762" losttest="1" iotype="AI" name="Sensor19762_S" textname="test sensor 19762"/>
			<item id="19763" losttest="1" iotype="AI" name="Sensor19763_S" textname="test sensor 19763"/>
			<item id="19764" losttest="1" iotype="AI" name="Sensor19764_S" textname="test sensor 19764"/>
			<item id="19765" losttest="1" iotype="AI" name="Sensor19765_S" textname="test sensor 19765"/>
			<item id="19766" losttest="1" iotype="AI" name="Sensor19766_S" textname="test sensor 19766"/>
			<item id="19767" losttest="1" iotype="AI" name="Sensor19767_S" textname="test sensor 19767"/>
			<item id="19768" losttest="1" iotype="AI" name="Sensor19768_S" textname="test sensor 19768"/>
			<item id="19769" losttest="1" iotype="AI" name="Sensor19769_S" textname="test sensor 19769"/>
			<item id="19770" losttest="1" iotype="AI" name="Sensor19770_S" textname="test sensor 19770"/>
			<item id="19771" losttest="1" iotype="AI" name="Sensor19771_S" textname="test sensor 19771"/>
			<item id="19772" losttest="1" iotype="AI" name="Sensor19772_S" textname="test sensor 19772"/>
			<item id="19773" losttest="1" iotype="AI" name="Sensor19773_S" textname="test sensor 19773"/>
			<item id="19774" losttest="1" iotype="AI" name="Sensor19774_S" textname="test sensor 19774"/>
			<item id="19775" losttest="1" iotype="AI" name="Sensor19775_S" textname="test sensor 19775"/>
			<item id="19776" losttest="1" iotype="AI" name="Sensor19776_S" textname="test sensor 19776"/>
			<item id="19777" losttest="1" iotype="AI" name="Sensor19777_S" textname="test sensor 19777"/>
			<item id="19778" losttest="1" iotype="AI" name="Sensor19778_S" textname="test sensor 19778"/>
			<item id="19779" losttest="1" iotype="AI" name="Sensor19779_S" textname="test sensor 19779"/>
			<item id="19780" losttest="1" iotype="AI" name="Sensor19780_S" textname="test sensor 19780"/>
			<item id="19781" losttest="1" iotype="AI" name="Sensor19781_S" textname="test sensor 19781"/>
			<item id="19782" losttest="1" iotype="AI" name="Sensor19782_S" textname="test sensor 19782"/>
			<item id="19783" losttest="1" iotype="AI" name="Sensor19783_S" textname="test sensor 19783"/>
			<item id="19784" losttest="1" iotype="AI" name="Sensor19784_S" textname="test sensor 19784"/>
			<item id="19785" losttest="1" iotype="AI" name="Sensor19785_S" textname="test sensor 19785"/>
			<item id="19786" losttest="1" iotype="AI" name="Sensor19786_S" textname="test sensor 19786"/>
			<item id="19787" losttest="1" iotype="AI" name="Sensor19787_S" textname="test sensor 19787"/>
			<item id="19788" losttest="1" iotype="AI" name="Sensor19788_S" textname="test sensor 19788"/>
			<item id="19789" losttest="1" iotype="AI" name="Sensor19789_S" textname="test sensor 19789"/>
			<item id="19790" losttest="1" iotype="AI" name="Sensor19790_S" textname="test sensor 19790"/>
			<item id="19791" losttest="1" iotype="AI" name="Sensor19791_S" textname="test sensor 19791"/>
			<item id="19792" losttest="1" iotype="AI" name="Sensor19792_S" textname="test sensor 19792"/>
			<item id="19793" losttest="1" iotype="AI" name="Sensor19793_S" textname="test sensor 19793"/>
			<item id="19794" losttest="1" iotype="AI" name="Sensor19794_S" textname="test sensor 19794"/>
			<item id="19795" losttest="1" iotype="AI" name="Sensor19795_S" textname="test sensor 19795"/>
			<item id="19796" losttest="1" iotype="AI" name="Sensor19796_S" textname="test sensor 19796"/>
			<item id="19797" losttest="1" iotype="AI" name="Sensor19797_S" textname="test sensor 19797"/>
			<item id="19798" losttest="1" iotype="AI" name="Sensor19798_S" textname="test sensor 19798"/>
			<item id="19799" losttest="1" iotype="AI" name="Sensor19799_S" textname="test sensor 19799"/>
			<item id="19800" losttest="1" iotype="AI" name="Sensor19800_S" textname="test sensor 19800"/>
			<item id="19801" losttest="1" iotype="AI" name="Sensor19801_S" textname="test sensor 19801"/>
			<item id="19802" losttest="1" iotype="AI" name="Sensor19802_S" textname="test sensor 19802"/>
			<item id="19803" losttest="1" iotype="AI" name="Sensor19803_S" textname="test sensor 19803"/>
			<item id="19804" losttest="1" iotype="AI" name="Sensor19804_S" textname="test sensor 19804"/>
			<item id="19805" losttest="1" iotype="AI" name="Sensor19805_S" textname="test sensor 19805"/>
			<item id="19806" losttest="1" iotype="AI" name="Sensor19806_S" textname="test sensor 19806"/>
			<item id="19807" losttest="1" iotype="AI" name="Sensor19807_S" textname="test sensor 19807"/>
			<item id="19808" losttest="1" iotype="AI" name="Sensor19808_S" textname="test sensor 19808"/>
			<item id="19809" losttest="1" iotype="AI" name="Sensor19809_S" textname="test sensor 19809"/>
			<item id="19810" losttest="1" iotype="AI" name="Sensor19810_S" textname="test sensor 19810"/>
			<item id="19811" losttest="1" iotype="AI" name="Sensor19811_S" textname="test sensor 19811"/>
			<item id="19812" losttest="1" iotype="AI" name="Sensor19812_S" textname="test sensor 19812"/>
			<item id="19813" losttest="1" iotype="AI" name="Sensor19813_S" textname="test sensor 19813"/>
			<item id="19814" losttest="1" iotype="AI" name="Sensor19814_S" textname="test sensor 19814"/>
			<item id="19815" losttest="1" iotype="AI" name="Sensor19815_S" textname="test sensor 19815"/>
			<item id="19816" losttest="1" iotype="AI" name="Sensor19816_S" textname="test sensor 19816"/>
			<item id="19817" losttest="1" iotype="AI" name="Sensor19817_S" textname="test sensor 19817"/>
			<item id="19818" losttest="1" iotype="AI" name="Sensor19818_S" textname="test sensor 19818"/>
			<item id="19819" losttest="1" iotype="AI" name="Sensor19819_S" textname="test sensor 19819"/>
			<item id="19820" losttest="1" iotype="AI" name="Sensor19820_S" textname="test sensor 19820"/>
			<item id="19821" losttest="1" iotype="AI" name="Sensor19821_S" textname="test sensor 19821"/>
			<item id="19822" losttest="1" iotype="AI" name="Sensor19822_S" textname="test sensor 19822"/>
			<item id="19823" losttest="1" iotype="AI" name="Sensor19823_S" textname="test sensor 19823"/>
			<item id="19824" losttest="1" iotype="AI" name="Sensor19824_S" textname="test sensor 19824"/>
			<item id="19825" losttest="1" iotype="AI" name="Sensor19825_S" textname="test sensor 19825"/>
			<item id="19826" losttest="1" iotype="AI" name="Sensor19826_S" textname="test sensor 19826"/>
			<item id="19827" losttest="1" iotype="AI" name="Sensor19827_S" textname="test sensor 19827"/>
			<item id="19828" losttest="1" iotype="AI" name="Sensor19828_S" textname="test sensor 19828"/>
			<item id="19829" losttest="1" iotype="AI" name="Sensor19829_S" textname="test sensor 19829"/>
			<item id="19830" losttest="1" iotype="AI" name="Sensor19830_S" textname="test sensor 19830"/>
			<item id="19831" losttest="1" iotype="AI" name="Sensor19831_S" textname="test sensor 19831"/>
			<item id="19832" losttest="1" iotype="AI" name="Sensor19832_S" textname="test sensor 19832"/>
			<item id="19833" losttest="1" iotype="AI" name="Sensor19833_S" textname="test sensor 19833"/>
			<item id="19834" losttest="1" iotype="AI" name="Sensor19834_S" textname="test sensor 19834"/>
			<item id="19835" losttest="1" iotype="AI" name="Sensor19835_S" textname="test sensor 19835"/>
			<item id="19836" losttest="1" iotype="AI" name="Sensor19836_S" textname="test sensor 19836"/>
			<item id="19837" losttest="1" iotype="AI" name="Sensor19837_S" textname="test sensor 19837"/>
			<item id="19838" losttest="1" iotype="AI" name="Sensor19838_S" textname="test sensor 19838"/>
			<item id="19839" losttest="1" iotype="AI" name="Sensor19839_S" textname="test sensor 19839"/>
			<item id="19840" losttest="1" iotype="AI" name="Sensor19840_S" textname="test sensor 19840"/>
			<item id="19841" losttest="1" iotype="AI" name="Sensor19841_S" textname="test sensor 19841"/>
			<item id="19842" losttest="1" iotype="AI" name="Sensor19842_S" textname="test sensor 19842"/>
			<item id="19843" losttest="1" iotype="AI" name="Sensor19843_S" textname="test sensor 19843"/>
			<item id="19844" losttest="1" iotype="AI" name="Sensor19844_S" textname="test sensor 19844"/>
			<item id="19845" losttest="1" iotype="AI" name="Sensor19845_S" textname="test sensor 19845"/>
			<item id="19846" losttest="1" iotype="AI" name="Sensor19846_S" textname="test sensor 19846"/>
			<item id="19847" losttest="1" iotype="AI" name="Sensor19847_S" textname="test sensor 19847"/>
			<item id="19848" losttest="1" iotype="AI" name="Sensor19848_S" textname="test sensor 19848"/>
			<item id="19849" losttest="1" iotype="AI" name="Sensor19849_S" textname="test sensor 19849"/>
			<item id="19850" losttest="1" iotype="AI" name="Sensor19850_S" textname="test sensor 19850"/>
			<item id="19851" losttest="1" iotype="AI" name="Sensor19851_S" textname="test sensor 19851"/>
			<item id="19852" losttest="1" iotype="AI" name="Sensor19852_S" textname="test sensor 19852"/>
			<item id="19853" losttest="1" iotype="AI" name="Sensor19853_S" textname="test sensor 19853"/>
			<item id="19854" losttest="1" iotype="AI" name="Sensor19854_S" textname="test sensor 19854"/>
			<item id="19855" losttest="1" iotype="AI" name="Sensor19855_S" textname="test sensor 19855"/>
			<item id="19856" losttest="1" iotype="AI" name="Sensor19856_S" textname="test sensor 19856"/>
			<item id="19857" losttest="1" iotype="AI" name="Sensor19857_S" textname="test sensor 19857"/>
			<item id="19858" losttest="1" iotype="AI" name="Sensor19858_S" textname="test sensor 19858"/>
			<item id="19859" losttest="1" iotype="AI" name="Sensor19859_S" textname="test sensor 19859"/>
			<item id="19860" losttest="1" iotype="AI" name="Sensor19860_S" textname="test sensor 19860"/>
			<item id="19861" losttest="1" iotype="AI" name="Sensor19861_S" textname="test sensor 19861"/>
			<item id="19862" losttest="1" iotype="AI" name="Sensor19862_S" textname="test sensor 19862"/>
			<item id="19863" losttest="1" iotype="AI" name="Sensor19863_S" textname="test sensor 19863"/>
			<item id="19864" losttest="1" iotype="AI" name="Sensor19864_S" textname="test sensor 19864"/>
			<item id="19865" losttest="1" iotype="AI" name="Sensor19865_S" textname="test sensor 19865"/>
			<item id="19866" losttest="1" iotype="AI" name="Sensor19866_S" textname="test sensor 19866"/>
			<item id="19867" losttest="1" iotype="AI" name="Sensor19867_S" textname="test sensor 19867"/>
			<item id="19868" losttest="1" iotype="AI" name="Sensor19868_S" textname="test sensor 19868"/>
			<item id="19869" losttest="1" iotype="AI" name="Sensor19869_S" textname="test sensor 19869"/>
			<item id="19870" losttest="1" iotype="AI" name="Sensor19870_S" textname="test sensor 19870"/>
			<item id="19871" losttest="1" iotype="AI" name="Sensor19871_S" textname="test sensor 19871"/>
			<item id="19872" losttest="1" iotype="AI" name="Sensor19872_S" textname="test sensor 19872"/>
			<item id="19873" losttest="1" iotype="AI" name="Sensor19873_S" textname="test sensor 19873"/>
			<item id="19874" losttest="1" iotype="AI" name="Sensor19874_S" textname="test sensor 19874"/>
			<item id="19875" losttest="1" iotype="AI" name="Sensor19875_S" textname="test sensor 19875"/>
			<item id="19876" losttest="1" iotype="AI" name="Sensor19876_S" textname="test sensor 19876"/>
			<item id="19877" losttest="1" iotype="AI" name="Sensor19877_S" textname="test sensor 19877"/>
			<item id="19878" losttest="1" iotype="AI" name="Sensor19878_S" textname="test sensor 19878"/>
			<item id="19879" losttest="1" iotype="AI" name="Sensor19879_S" textname="test sensor 19879"/>
			<item id="19880" losttest="1" iotype="AI" name="Sensor19880_S" textname="test sensor 19880"/>
			<item id="19881" losttest="1" iotype="AI" name="Sensor19881_S" textname="test sensor 19881"/>
			<item id="19882" losttest="1" iotype="AI" name="Sensor19882_S" textname="test sensor 19882"/>
			<item id="19883" losttest="1" iotype="AI" name="Sensor19883_S" textname="test sensor 19883"/>
			<item id="19884" losttest="1" iotype="AI" name="Sensor19884_S" textname="test sensor 19884"/>
			<item id="19885" losttest="1" iotype="AI" name="Sensor19885_S" textname="test sensor 19885"/>
			<item id="19886" losttest="1" iotype="AI" name="Sensor19886_S" textname="test sensor 19886"/>
			<item id="19887" losttest="1" iotype="AI" name="Sensor19887_S" textname="test sensor 19887"/>
			<item id="19888" losttest="1" iotype="AI" name="Sensor19888_S" textname="test sensor 19888"/>
			<item id="19889" losttest="1" iotype="AI" name="Sensor19889_S" textname="test sensor 19889"/>
			<item id="19890" losttest="1" iotype="AI" name="Sensor19890_S" textname="test sensor 19890"/>
			<item id="19891" losttest="1" iotype="AI" name="Sensor19891_S" textname="test sensor 19891"/>
			<item id="19892" losttest="1" iotype="AI" name="Sensor19892_S" textname="test sensor 19892"/>
			<item id="19893" losttest="1" iotype="AI" name="Sensor19893_S" textname="test sensor 19893"/>
			<item id="19894" losttest="1" iotype="AI" name="Sensor19894_S" textname="test sensor 19894"/>
			<item id="19895" losttest="1" iotype="AI" name="Sensor19895_S" textname="test sensor 19895"/>
			<item id="19896" losttest="1" iotype="AI" name="Sensor19896_S" textname="test sensor 19896"/>
			<item id="19897" losttest="1" iotype="AI" name="Sensor19897_S" textname="test sensor 19897"/>
			<item id="19898" losttest="1" iotype="AI" name="Sensor19898_S" textname="test sensor 19898"/>
			<item id="19899" losttest="1" iotype="AI" name="Sensor19899_S" textname="test sensor 19899"/>
			<item id="19900" losttest="1" iotype="AI" name="Sensor19900_S" textname="test sensor 19900"/>
			<item id="19901" losttest="1" iotype="AI" name="Sensor19901_S" textname="test sensor 19901"/>
			<item id="19902" losttest="1" iotype="AI" name="Sensor19902_S" textname="test sensor 19902"/>
			<item id="19903" losttest="1" iotype="AI" name="Sensor19903_S" textname="test sensor 19903"/>
			<item id="19904" losttest="1" iotype="AI" name="Sensor19904_S" textname="test sensor 19904"/>
			<item id="19905" losttest="1" iotype="AI" name="Sensor19905_S" textname="test sensor 19905"/>
			<item id="19906" losttest="1" iotype="AI" name="Sensor19906_S" textname="test sensor 19906"/>
			<item id="19907" losttest="1" iotype="AI" name="Sensor19907_S" textname="test sensor 19907"/>
			<item id="19908" losttest="1" iotype="AI" name="Sensor19908_S" textname="test sensor 19908"/>
			<item id="19909" losttest="1" iotype="AI" name="Sensor19909_S" textname="test sensor 19909"/>
			<item id="19910" losttest="1" iotype="AI" name="Sensor19910_S" textname="test sensor 19910"/>
			<item id="19911" losttest="1" iotype="AI" name="Sensor19911_S" textname="test sensor 19911"/>
			<item id="19912" losttest="1" iotype="AI" name="Sensor19912_S" textname="test sensor 19912"/>
			<item id="19913" losttest="1" iotype="AI" name="Sensor19913_S" textname="test sensor 19913"/>
			<item id="19914" losttest="1" iotype="AI" name="Sensor19914_S" textname="test sensor 19914"/>
			<item id="19915" losttest="1" iotype="AI" name="Sensor19915_S" textname="test sensor 19915"/>
			<item id="19916" losttest="1" iotype="AI" name="Sensor19916_S" textname="test sensor 19916"/>
			<item id="19917" losttest="1" iotype="AI" name="Sensor19917_S" textname="test sensor 19917"/>
			<item id="19918" losttest="1" iotype="AI" name="Sensor19918_S" textname="test sensor 19918"/>
			<item id="19919" losttest="1" iotype="AI" name="Sensor19919_S" textname="test sensor 19919"/>
			<item id="19920" losttest="1" iotype="AI" name="Sensor19920_S" textname="test sensor 19920"/>
			<item id="19921" losttest="1" iotype="AI" name="Sensor19921_S" textname="test sensor 19921"/>
			<item id="19922" losttest="1" iotype="AI" name="Sensor19922_S" textname="test sensor 19922"/>
			<item id="19923" losttest="1" iotype="AI" name="Sensor19923_S" textname="test sensor 19923"/>
			<item id="19924" losttest="1" iotype="AI" name="Sensor19924_S" textname="test sensor 19924"/>
			<item id="19925" losttest="1" iotype="AI" name="Sensor19925_S" textname="test sensor 19925"/>
			<item id="19926" losttest="1" iotype="AI" name="Sensor19926_S" textname="test sensor 19926"/>
			<item id="19927" losttest="1" iotype="AI" name="Sensor19927_S" textname="test sensor 19927"/>
			<item id="19928" losttest="1" iotype="AI" name="Sensor19928_S" textname="test sensor 19928"/>
			<item id="19929" losttest="1" iotype="AI" name="Sensor19929_S" textname="test sensor 19929"/>
			<item id="19930" losttest="1" iotype="AI" name="Sensor19930_S" textname="test sensor 19930"/>
			<item id="19931" losttest="1" iotype="AI" name="Sensor19931_S" textname="test sensor 19931"/>
			<item id="19932" losttest="1" iotype="AI" name="Sensor19932_S" textname="test sensor 19932"/>
			<item id="19933" losttest="1" iotype="AI" name="Sensor19933_S" textname="test sensor 19933"/>
			<item id="19934" losttest="1" iotype="AI" name="Sensor19934_S" textname="test sensor 19934"/>
			<item id="19935" losttest="1" iotype="AI" name="Sensor19935_S" textname="test sensor 19935"/>
			<item id="19936" losttest="1" iotype="AI" name="Sensor19936_S" textname="test sensor 19936"/>
			<item id="19937" losttest="1" iotype="AI" name="Sensor19937_S" textname="test sensor 19937"/>
			<item id="19938" losttest="1" iotype="AI" name="Sensor19938_S" textname="test sensor 19938"/>
			<item id="19939" losttest="1" iotype="AI" name="Sensor19939_S" textname="test sensor 19939"/>
			<item id="19940" losttest="1" iotype="AI" name="Sensor19940_S" textname="test sensor 19940"/>
			<item id="19941" losttest="1" iotype="AI" name="Sensor19941_S" textname="test sensor 19941"/>
			<item id="19942" losttest="1" iotype="AI" name="Sensor19942_S" textname="test sensor 19942"/>
			<item id="19943" losttest="1" iotype="AI" name="Sensor19943_S" textname="test sensor 19943"/>
			<item id="19944" losttest="1" iotype="AI" name="Sensor19944_S" textname="test sensor 19944"/>
			<item id="19945" losttest="1" iotype="AI" name="Sensor19945_S" textname="test sensor 19945"/>
			<item id="19946" losttest="1" iotype="AI" name="Sensor19946_S" textname="test sensor 19946"/>
			<item id="19947" losttest="1" iotype="AI" name="Sensor19947_S" textname="test sensor 19947"/>
			<item id="19948" losttest="1" iotype="AI" name="Sensor19948_S" textname="test sensor 19948"/>
			<item id="19949" losttest="1" iotype="AI" name="Sensor19949_S" textname="test sensor 19949"/>
			<item id="19950" losttest="1" iotype="AI" name="Sensor19950_S" textname="test sensor 19950"/>
			<item id="19951" losttest="1" iotype="AI" name="Sensor19951_S" textname="test sensor 19951"/>
			<item id="19952" losttest="1" iotype="AI" name="Sensor19952_S" textname="test sensor 19952"/>
			<item id="19953" losttest="1" iotype="AI" name="Sensor19953_S" textname="test sensor 19953"/>
			<item id="19954" losttest="1" iotype="AI" name="Sensor19954_S" textname="test sensor 19954"/>
			<item id="19955" losttest="1" iotype="AI" name="Sensor19955_S" textname="test sensor 19955"/>
			<item id="19956" losttest="1" iotype="AI" name="Sensor19956_S" textname="test sensor 19956"/>
			<item id="19957" losttest="1" iotype="AI" name="Sensor19957_S" textname="test sensor 19957"/>
			<item id="19958" losttest="1" iotype="AI" name="Sensor19958_S" textname="test sensor 19958"/>
			<item id="19959" losttest="1" iotype="AI" name="Sensor19959_S" textname="test sensor 19959"/>
			<item id="19960" losttest="1" iotype="AI" name="Sensor19960_S" textname="test sensor 19960"/>
			<item id="19961" losttest="1" iotype="AI" name="Sensor19961_S" textname="test sensor 19961"/>
			<item id="19962" losttest="1" iotype="AI" name="Sensor19962_S" textname="test sensor 19962"/>
			<item id="19963" losttest="1" iotype="AI" name="Sensor19963_S" textname="test sensor 19963"/>
			<item id="19964" losttest="1" iotype="AI" name="Sensor19964_S" textname="test sensor 19964"/>
			<item id="19965" losttest="1" iotype="AI" name="Sensor19965_S" textname="test sensor 19965"/>
			<item id="19966" losttest="1" iotype="AI" name="Sensor19966_S" textname="test sensor 19966"/>
			<item id="19967" losttest="1" iotype="AI" name="Sensor19967_S" textname="test sensor 19967"/>
			<item id="19968" losttest="1" iotype="AI" name="Sensor19968_S" textname="test sensor 19968"/>
			<item id="19969" losttest="1" iotype="AI" name="Sensor19969_S" textname="test sensor 19969"/>
			<item id="19970" losttest="1" iotype="AI" name="Sensor19970_S" textname="test sensor 19970"/>
			<item id="19971" losttest="1" iotype="AI" name="Sensor19971_S" textname="test sensor 19971"/>
			<item id="19972" losttest="1" iotype="AI" name="Sensor19972_S" textname="test sensor 19972"/>
			<item id="19973" losttest="1" iotype="AI" name="Sensor19973_S" textname="test sensor 19973"/>
			<item id="19974" losttest="1" iotype="AI" name="Sensor19974_S" textname="test sensor 19974"/>
			<item id="19975" losttest="1" iotype="AI" name="Sensor19975_S" textname="test sensor 19975"/>
			<item id="19976" losttest="1" iotype="AI" name="Sensor19976_S" textname="test sensor 19976"/>
			<item id="19977" losttest="1" iotype="AI" name="Sensor19977_S" textname="test sensor 19977"/>
			<item id="19978" losttest="1" iotype="AI" name="Sensor19978_S" textname="test sensor 19978"/>
			<item id="19979" losttest="1" iotype="AI" name="Sensor19979_S" textname="test sensor 19979"/>
			<item id="19980" losttest="1" iotype="AI" name="Sensor19980_S" textname="test sensor 19980"/>
			<item id="19981" losttest="1" iotype="AI" name="Sensor19981_S" textname="test sensor 19981"/>
			<item id="19982" losttest="1" iotype="AI" name="Sensor19982_S" textname="test sensor 19982"/>
			<item id="19983" losttest="1" iotype="AI" name="Sensor19983_S" textname="test sensor 19983"/>
			<item id="19984" losttest="1" iotype="AI" name="Sensor19984_S" textname="test sensor 19984"/>
			<item id="19985" losttest="1" iotype="AI" name="Sensor19985_S" textname="test sensor 19985"/>
			<item id="19986" losttest="1" iotype="AI" name="Sensor19986_S" textname="test sensor 19986"/>
			<item id="19987" losttest="1" iotype="AI" name="Sensor19987_S" textname="test sensor 19987"/>
			<item id="19988" losttest="1" iotype="AI" name="Sensor19988_S" textname="test sensor 19988"/>
			<item id="19989" losttest="1" iotype="AI" name="Sensor19989_S" textname="test sensor 19989"/>
			<item id="19990" losttest="1" iotype="AI" name="Sensor19990_S" textname="test sensor 19990"/>
			<item id="19991" losttest="1" iotype="AI" name="Sensor19991_S" textname="test sensor 19991"/>
			<item id="19992" losttest="1" iotype="AI" name="Sensor19992_S" textname="test sensor 19992"/>
			<item id="19993" losttest="1" iotype="AI" name="Sensor19993_S" textname="test sensor 19993"/>
			<item id="19994" losttest="1" iotype="AI" name="Sensor19994_S" textname="test sensor 19994"/>
			<item id="19995" losttest="1" iotype="AI" name="Sensor19995_S" textname="test sensor 19995"/>
			<item id="19996" losttest="1" iotype="AI" name="Sensor19996_S" textname="test sensor 19996"/>
			<item id="19997" losttest="1" iotype="AI" name="Sensor19997_S" textname="test sensor 19997"/>
			<item id="19998" losttest="1" iotype="AI" name="Sensor19998_S" textname="test sensor 19998"/>
			<item id="19999" losttest="1" iotype="AI" name="Sensor19999_S" textname="test sensor 19999"/>
			<item id="20000" losttest="1" iotype="AI" name="Sensor20000_S" textname="test sensor 20000"/>
			<item id="20001" losttest="2" iotype="AI" name="Sensor20001_S" textname="test sensor 20001"/>
			<item id="20002" losttest="2" iotype="AI" name="Sensor20002_S" textname="test sensor 20002"/>
			<item id="20003" losttest="2" iotype="AI" name="Sensor20003_S" textname="test sensor 20003"/>
			<item id="20004" losttest="2" iotype="AI" name="Sensor20004_S" textname="test sensor 20004"/>
			<item id="20005" losttest="2" iotype="AI" name="Sensor20005_S" textname="test sensor 20005"/>
			<item id="20006" losttest="2" iotype="AI" name="Sensor20006_S" textname="test sensor 20006"/>
			<item id="20007" losttest="2" iotype="AI" name="Sensor20007_S" textname="test sensor 20007"/>
			<item id="20008" losttest="2" iotype="AI" name="Sensor20008_S" textname="test sensor 20008"/>
			<item id="20009" losttest="2" iotype="AI" name="Sensor20009_S" textname="test sensor 20009"/>
			<item id="20010" losttest="2" iotype="AI" name="Sensor20010_S" textname="test sensor 20010"/>
			<item id="20011" losttest="2" iotype="AI" name="Sensor20011_S" textname="test sensor 20011"/>
			<item id="20012" losttest="2" iotype="AI" name="Sensor20012_S" textname="test sensor 20012"/>
			<item id="20013" losttest="2" iotype="AI" name="Sensor20013_S" textname="test sensor 20013"/>
			<item id="20014" losttest="2" iotype="AI" name="Sensor20014_S" textname="test sensor 20014"/>
			<item id="20015" losttest="2" iotype="AI" name="Sensor20015_S" textname="test sensor 20015"/>
			<item id="20016" losttest="2" iotype="AI" name="Sensor20016_S" textname="test sensor 20016"/>
			<item id="20017" losttest="2" iotype="AI" name="Sensor20017_S" textname="test sensor 20017"/>
			<item id="20018" losttest="2" iotype="AI" name="Sensor20018_S" textname="test sensor 20018"/>
			<item id="20019" losttest="2" iotype="AI" name="Sensor20019_S" textname="test sensor 20019"/>
			<item id="20020" losttest="2" iotype="AI" name="Sensor20020_S" textname="test sensor 20020"/>
			<item id="20021" losttest="2" iotype="AI" name="Sensor20021_S" textname="test sensor 20021"/>
			<item id="20022" losttest="2" iotype="AI" name="Sensor20022_S" textname="test sensor 20022"/>
			<item id="20023" losttest="2" iotype="AI" name="Sensor20023_S" textname="test sensor 20023"/>
			<item id="20024" losttest="2" iotype="AI" name="Sensor20024_S" textname="test sensor 20024"/>
			<item id="20025" losttest="2" iotype="AI" name="Sensor20025_S" textname="test sensor 20025"/>
			<item id="20026" losttest="2" iotype="AI" name="Sensor20026_S" textname="test sensor 20026"/>
			<item id="20027" losttest="2" iotype="AI" name="Sensor20027_S" textname="test sensor 20027"/>
			<item id="20028" losttest="2" iotype="AI" name="Sensor20028_S" textname="test sensor 20028"/>
			<item id="20029" losttest="2" iotype="AI" name="Sensor20029_S" textname="test sensor 20029"/>
			<item id="20030" losttest="2" iotype="AI" name="Sensor20030_S" textname="test sensor 20030"/>
			<item id="20031" losttest="2" iotype="AI" name="Sensor20031_S" textname="test sensor 20031"/>
			<item id="20032" losttest="2" iotype="AI" name="Sensor20032_S" textname="test sensor 20032"/>
			<item id="20033" losttest="2" iotype="AI" name="Sensor20033_S" textname="test sensor 20033"/>
			<item id="20034" losttest="2" iotype="AI" name="Sensor20034_S" textname="test sensor 20034"/>
			<item id="20035" losttest="2" iotype="AI" name="Sensor20035_S" textname="test sensor 20035"/>
			<item id="20036" losttest="2" iotype="AI" name="Sensor20036_S" textname="test sensor 20036"/>
			<item id="20037" losttest="2" iotype="AI" name="Sensor20037_S" textname="test sensor 20037"/>
			<item id="20038" losttest="2" iotype="AI" name="Sensor20038_S" textname="test sensor 20038"/>
			<item id="20039" losttest="2" iotype="AI" name="Sensor20039_S" textname="test sensor 20039"/>
			<item id="20040" losttest="2" iotype="AI" name="Sensor20040_S" textname="test sensor 20040"/>
			<item id="20041" losttest="2" iotype="AI" name="Sensor20041_S" textname="test sensor 20041"/>
			<item id="20042" losttest="2" iotype="AI" name="Sensor20042_S" textname="test sensor 20042"/>
			<item id="20043" losttest="2" iotype="AI" name="Sensor20043_S" textname="test sensor 20043"/>
			<item id="20044" losttest="2" iotype="AI" name="Sensor20044_S" textname="test sensor 20044"/>
			<item id="20045" losttest="2" iotype="AI" name="Sensor20045_S" textname="test sensor 20045"/>
			<item id="20046" losttest="2" iotype="AI" name="Sensor20046_S" textname="test sensor 20046"/>
			<item id="20047" losttest="2" iotype="AI" name="Sensor20047_S" textname="test sensor 20047"/>
			<item id="20048" losttest="2" iotype="AI" name="Sensor20048_S" textname="test sensor 20048"/>
			<item id="20049" losttest="2" iotype="AI" name="Sensor20049_S" textname="test sensor 20049"/>
			<item id="20050" losttest="2" iotype="AI" name="Sensor20050_S" textname="test sensor 20050"/>
			<item id="20051" losttest="2" iotype="AI" name="Sensor20051_S" textname="test sensor 20051"/>
			<item id="20052" losttest="2" iotype="AI" name="Sensor20052_S" textname="test sensor 20052"/>
			<item id="20053" losttest="2" iotype="AI" name="Sensor20053_S" textname="test sensor 20053"/>
			<item id="20054" losttest="2" iotype="AI" name="Sensor20054_S" textname="test sensor 20054"/>
			<item id="20055" losttest="2" iotype="AI" name="Sensor20055_S" textname="test sensor 20055"/>
			<item id="20056" losttest="2" iotype="AI" name="Sensor20056_S" textname="test sensor 20056"/>
			<item id="20057" losttest="2" iotype="AI" name="Sensor20057_S" textname="test sensor 20057"/>
			<item id="20058" losttest="2" iotype="AI" name="Sensor20058_S" textname="test sensor 20058"/>
			<item id="20059" losttest="2" iotype="AI" name="Sensor20059_S" textname="test sensor 20059"/>
			<item id="20060" losttest="2" iotype="AI" name="Sensor20060_S" textname="test sensor 20060"/>
			<item id="20061" losttest="2" iotype="AI" name="Sensor20061_S" textname="test sensor 20061"/>
			<item id="20062" losttest="2" iotype="AI" name="Sensor20062_S" textname="test sensor 20062"/>
			<item id="20063" losttest="2" iotype="AI" name="Sensor20063_S" textname="test sensor 20063"/>
			<item id="20064" losttest="2" iotype="AI" name="Sensor20064_S" textname="test sensor 20064"/>
			<item id="20065" losttest="2" iotype="AI" name="Sensor20065_S" textname="test sensor 20065"/>
			<item id="20066" losttest="2" iotype="AI" name="Sensor20066_S" textname="test sensor 20066"/>
			<item id="20067" losttest="2" iotype="AI" name="Sensor20067_S" textname="test sensor 20067"/>
			<item id="20068" losttest="2" iotype="AI" name="Sensor20068_S" textname="test sensor 20068"/>
			<item id="20069" losttest="2" iotype="AI" name="Sensor20069_S" textname="test sensor 20069"/>
			<item id="20070" losttest="2" iotype="AI" name="Sensor20070_S" textname="test sensor 20070"/>
			<item id="20071" losttest="2" iotype="AI" name="Sensor20071_S" textname="test sensor 20071"/>
			<item id="20072" losttest="2" iotype="AI" name="Sensor20072_S" textname="test sensor 20072"/>
			<item id="20073" losttest="2" iotype="AI" name="Sensor20073_S" textname="test sensor 20073"/>
			<item id="20074" losttest="2" iotype="AI" name="Sensor20074_S" textname="test sensor 20074"/>
			<item id="20075" losttest="2" iotype="AI" name="Sensor20075_S" textname="test sensor 20075"/>
			<item id="20076" losttest="2" iotype="AI" name="Sensor20076_S" textname="test sensor 20076"/>
			<item id="20077" losttest="2" iotype="AI" name="Sensor20077_S" textname="test sensor 20077"/>
			<item id="20078" losttest="2" iotype="AI" name="Sensor20078_S" textname="test sensor 20078"/>
			<item id="20079" losttest="2" iotype="AI" name="Sensor20079_S" textname="test sensor 20079"/>
			<item id="20080" losttest="2" iotype="AI" name="Sensor20080_S" textname="test sensor 20080"/>
			<item id="20081" losttest="2" iotype="AI" name="Sensor20081_S" textname="test sensor 20081"/>
			<item id="20082" losttest="2" iotype="AI" name="Sensor20082_S" textname="test sensor 20082"/>
			<item id="20083" losttest="2" iotype="AI" name="Sensor20083_S" textname="test sensor 20083"/>
			<item id="20084" losttest="2" iotype="AI" name="Sensor20084_S" textname="test sensor 20084"/>
			<item id="20085" losttest="2" iotype="AI" name="Sensor20085_S" textname="test sensor 20085"/>
			<item id="20086" losttest="2" iotype="AI" name="Sensor20086_S" textname="test sensor 20086"/>
			<item id="20087" losttest="2" iotype="AI" name="Sensor20087_S" textname="test sensor 20087"/>
			<item id="20088" losttest="2" iotype="AI" name="Sensor20088_S" textname="test sensor 20088"/>
			<item id="20089" losttest="2" iotype="AI" name="Sensor20089_S" textname="test sensor 20089"/>
			<item id="20090" losttest="2" iotype="AI" name="Sensor20090_S" textname="test sensor 20090"/>
			<item id="20091" losttest="2" iotype="AI" name="Sensor20091_S" textname="test sensor 20091"/>
			<item id="20092" losttest="2" iotype="AI" name="Sensor20092_S" textname="test sensor 20092"/>
			<item id="20093" losttest="2" iotype="AI" name="Sensor20093_S" textname="test sensor 20093"/>
			<item id="20094" losttest="2" iotype="AI" name="Sensor20094_S" textname="test sensor 20094"/>
			<item id="20095" losttest="2" iotype="AI" name="Sensor20095_S" textname="test sensor 20095"/>
			<item id="20096" losttest="2" iotype="AI" name="Sensor20096_S" textname="test sensor 20096"/>
			<item id="20097" losttest="2" iotype="AI" name="Sensor20097_S" textname="test sensor 20097"/>
			<item id="20098" losttest="2" iotype="AI" name="Sensor20098_S" textname="test sensor 20098"/>
			<item id="20099" losttest="2" iotype="AI" name="Sensor20099_S" textname="test sensor 20099"/>
			<item id="20100" losttest="2" iotype="AI" name="Sensor20100_S" textname="test sensor 20100"/>
			<item id="20101" losttest="2" iotype="AI" name="Sensor20101_S" textname="test sensor 20101"/>
			<item id="20102" losttest="2" iotype="AI" name="Sensor20102_S" textname="test sensor 20102"/>
			<item id="20103" losttest="2" iotype="AI" name="Sensor20103_S" textname="test sensor 20103"/>
			<item id="20104" losttest="2" iotype="AI" name="Sensor20104_S" textname="test sensor 20104"/>
			<item id="20105" losttest="2" iotype="AI" name="Sensor20105_S" textname="test sensor 20105"/>
			<item id="20106" losttest="2" iotype="AI" name="Sensor20106_S" textname="test sensor 20106"/>
			<item id="20107" losttest="2" iotype="AI" name="Sensor20107_S" textname="test sensor 20107"/>
			<item id="20108" losttest="2" iotype="AI" name="Sensor20108_S" textname="test sensor 20108"/>
			<item id="20109" losttest="2" iotype="AI" name="Sensor20109_S" textname="test sensor 20109"/>
			<item id="20110" losttest="2" iotype="AI" name="Sensor20110_S" textname="test sensor 20110"/>
			<item id="20111" losttest="2" iotype="AI" name="Sensor20111_S" textname="test sensor 20111"/>
			<item id="20112" losttest="2" iotype="AI" name="Sensor20112_S" textname="test sensor 20112"/>
			<item id="20113" losttest="2" iotype="AI" name="Sensor20113_S" textname="test sensor 20113"/>
			<item id="20114" losttest="2" iotype="AI" name="Sensor20114_S" textname="test sensor 20114"/>
			<item id="20115" losttest="2" iotype="AI" name="Sensor20115_S" textname="test sensor 20115"/>
			<item id="20116" losttest="2" iotype="AI" name="Sensor20116_S" textname="test sensor 20116"/>
			<item id="20117" losttest="2" iotype="AI" name="Sensor20117_S" textname="test sensor 20117"/>
			<item id="20118" losttest="2" iotype="AI" name="Sensor20118_S" textname="test sensor 20118"/>
			<item id="20119" losttest="2" iotype="AI" name="Sensor20119_S" textname="test sensor 20119"/>
			<item id="20120" losttest="2" iotype="AI" name="Sensor20120_S" textname="test sensor 20120"/>
			<item id="20121" losttest="2" iotype="AI" name="Sensor20121_S" textname="test sensor 20121"/>
			<item id="20122" losttest="2" iotype="AI" name="Sensor20122_S" textname="test sensor 20122"/>
			<item id="20123" losttest="2" iotype="AI" name="Sensor20123_S" textname="test sensor 20123"/>
			<item id="20124" losttest="2" iotype="AI" name="Sensor20124_S" textname="test sensor 20124"/>
			<item id="20125" losttest="2" iotype="AI" name="Sensor20125_S" textname="test sensor 20125"/>
			<item id="20126" losttest="2" iotype="AI" name="Sensor20126_S" textname="test sensor 20126"/>
			<item id="20127" losttest="2" iotype="AI" name="Sensor20127_S" textname="test sensor 20127"/>
			<item id="20128" losttest="2" iotype="AI" name="Sensor20128_S" textname="test sensor 20128"/>
			<item id="20129" losttest="2" iotype="AI" name="Sensor20129_S" textname="test sensor 20129"/>
			<item id="20130" losttest="2" iotype="AI" name="Sensor20130_S" textname="test sensor 20130"/>
			<item id="20131" losttest="2" iotype="AI" name="Sensor20131_S" textname="test sensor 20131"/>
			<item id="20132" losttest="2" iotype="AI" name="Sensor20132_S" textname="test sensor 20132"/>
			<item id="20133" losttest="2" iotype="AI" name="Sensor20133_S" textname="test sensor 20133"/>
			<item id="20134" losttest="2" iotype="AI" name="Sensor20134_S" textname="test sensor 20134"/>
			<item id="20135" losttest="2" iotype="AI" name="Sensor20135_S" textname="test sensor 20135"/>
			<item id="20136" losttest="2" iotype="AI" name="Sensor20136_S" textname="test sensor 20136"/>
			<item id="20137" losttest="2" iotype="AI" name="Sensor20137_S" textname="test sensor 20137"/>
			<item id="20138" losttest="2" iotype="AI" name="Sensor20138_S" textname="test sensor 20138"/>
			<item id="20139" losttest="2" iotype="AI" name="Sensor20139_S" textname="test sensor 20139"/>
			<item id="20140" losttest="2" iotype="AI" name="Sensor20140_S" textname="test sensor 20140"/>
			<item id="20141" losttest="2" iotype="AI" name="Sensor20141_S" textname="test sensor 20141"/>
			<item id="20142" losttest="2" iotype="AI" name="Sensor20142_S" textname="test sensor 20142"/>
			<item id="20143" losttest="2" iotype="AI" name="Sensor20143_S" textname="test sensor 20143"/>
			<item id="20144" losttest="2" iotype="AI" name="Sensor20144_S" textname="test sensor 20144"/>
			<item id="20145" losttest="2" iotype="AI" name="Sensor20145_S" textname="test sensor 20145"/>
			<item id="20146" losttest="2" iotype="AI" name="Sensor20146_S" textname="test sensor 20146"/>
			<item id="20147" losttest="2" iotype="AI" name="Sensor20147_S" textname="test sensor 20147"/>
			<item id="20148" losttest="2" iotype="AI" name="Sensor20148_S" textname="test sensor 20148"/>
			<item id="20149" losttest="2" iotype="AI" name="Sensor20149_S" textname="test sensor 20149"/>
			<item id="20150" losttest="2" iotype="AI" name="Sensor20150_S" textname="test sensor 20150"/>
			<item id="20151" losttest="2" iotype="AI" name="Sensor20151_S" textname="test sensor 20151"/>
			<item id="20152" losttest="2" iotype="AI" name="Sensor20152_S" textname="test sensor 20152"/>
			<item id="20153" losttest="2" iotype="AI" name="Sensor20153_S" textname="test sensor 20153"/>
			<item id="20154" losttest="2" iotype="AI" name="Sensor20154_S" textname="test sensor 20154"/>
			<item id="20155" losttest="2" iotype="AI" name="Sensor20155_S" textname="test sensor 20155"/>
			<item id="20156" losttest="2" iotype="AI" name="Sensor20156_S" textname="test sensor 20156"/>
			<item id="20157" losttest="2" iotype="AI" name="Sensor20157_S" textname="test sensor 20157"/>
			<item id="20158" losttest="2" iotype="AI" name="Sensor20158_S" textname="test sensor 20158"/>
			<item id="20159" losttest="2" iotype="AI" name="Sensor20159_S" textname="test sensor 20159"/>
			<item id="20160" losttest="2" iotype="AI" name="Sensor20160_S" textname="test sensor 20160"/>
			<item id="20161" losttest="2" iotype="AI" name="Sensor20161_S" textname="test sensor 20161"/>
			<item id="20162" losttest="2" iotype="AI" name="Sensor20162_S" textname="test sensor 20162"/>
			<item id="20163" losttest="2" iotype="AI" name="Sensor20163_S" textname="test sensor 20163"/>
			<item id="20164" losttest="2" iotype="AI" name="Sensor20164_S" textname="test sensor 20164"/>
			<item id="20165" losttest="2" iotype="AI" name="Sensor20165_S" textname="test sensor 20165"/>
			<item id="20166" losttest="2" iotype="AI" name="Sensor20166_S" textname="test sensor 20166"/>
			<item id="20167" losttest="2" iotype="AI" name="Sensor20167_S" textname="test sensor 20167"/>
			<item id="20168" losttest="2" iotype="AI" name="Sensor20168_S" textname="test sensor 20168"/>
			<item id="20169" losttest="2" iotype="AI" name="Sensor20169_S" textname="test sensor 20169"/>
			<item id="20170" losttest="2" iotype="AI" name="Sensor20170_S" textname="test sensor 20170"/>
			<item id="20171" losttest="2" iotype="AI" name="Sensor20171_S" textname="test sensor 20171"/>
			<item id="20172" losttest="2" iotype="AI" name="Sensor20172_S" textname="test sensor 20172"/>
			<item id="20173" losttest="2" iotype="AI" name="Sensor20173_S" textname="test sensor 20173"/>
			<item id="20174" losttest="2" iotype="AI" name="Sensor20174_S" textname="test sensor 20174"/>
			<item id="20175" losttest="2" iotype="AI" name="Sensor20175_S" textname="test sensor 20175"/>
			<item id="20176" losttest="2" iotype="AI" name="Sensor20176_S" textname="test sensor 20176"/>
			<item id="20177" losttest="2" iotype="AI" name="Sensor20177_S" textname="test sensor 20177"/>
			<item id="20178" losttest="2" iotype="AI" name="Sensor20178_S" textname="test sensor 20178"/>
			<item id="20179" losttest="2" iotype="AI" name="Sensor20179_S" textname="test sensor 20179"/>
			<item id="20180" losttest="2" iotype="AI" name="Sensor20180_S" textname="test sensor 20180"/>
			<item id="20181" losttest="2" iotype="AI" name="Sensor20181_S" textname="test sensor 20181"/>
			<item id="20182" losttest="2" iotype="AI" name="Sensor20182_S" textname="test sensor 20182"/>
			<item id="20183" losttest="2" iotype="AI" name="Sensor20183_S" textname="test sensor 20183"/>
			<item id="20184" losttest="2" iotype="AI" name="Sensor20184_S" textname="test sensor 20184"/>
			<item id="20185" losttest="2" iotype="AI" name="Sensor20185_S" textname="test sensor 20185"/>
			<item id="20186" losttest="2" iotype="AI" name="Sensor20186_S" textname="test sensor 20186"/>
			<item id="20187" losttest="2" iotype="AI" name="Sensor20187_S" textname="test sensor 20187"/>
			<item id="20188" losttest="2" iotype="AI" name="Sensor20188_S" textname="test sensor 20188"/>
			<item id="20189" losttest="2" iotype="AI" name="Sensor20189_S" textname="test sensor 20189"/>
			<item id="20190" losttest="2" iotype="AI" name="Sensor20190_S" textname="test sensor 20190"/>
			<item id="20191" losttest="2" iotype="AI" name="Sensor20191_S" textname="test sensor 20191"/>
			<item id="20192" losttest="2" iotype="AI" name="Sensor20192_S" textname="test sensor 20192"/>
			<item id="20193" losttest="2" iotype="AI" name="Sensor20193_S" textname="test sensor 20193"/>
			<item id="20194" losttest="2" iotype="AI" name="Sensor20194_S" textname="test sensor 20194"/>
			<item id="20195" losttest="2" iotype="AI" name="Sensor20195_S" textname="test sensor 20195"/>
			<item id="20196" losttest="2" iotype="AI" name="Sensor20196_S" textname="test sensor 20196"/>
			<item id="20197" losttest="2" iotype="AI" name="Sensor20197_S" textname="test sensor 20197"/>
			<item id="20198" losttest="2" iotype="AI" name="Sensor20198_S" textname="test sensor 20198"/>
			<item id="20199" losttest="2" iotype="AI" name="Sensor20199_S" textname="test sensor 20199"/>
			<item id="20200" losttest="2" iotype="AI" name="Sensor20200_S" textname="test sensor 20200"/>
			<item id="20201" losttest="2" iotype="AI" name="Sensor20201_S" textname="test sensor 20201"/>
			<item id="20202" losttest="2" iotype="AI" name="Sensor20202_S" textname="test sensor 20202"/>
			<item id="20203" losttest="2" iotype="AI" name="Sensor20203_S" textname="test sensor 20203"/>
			<item id="20204" losttest="2" iotype="AI" name="Sensor20204_S" textname="test sensor 20204"/>
			<item id="20205" losttest="2" iotype="AI" name="Sensor20205_S" textname="test sensor 20205"/>
			<item id="20206" losttest="2" iotype="AI" name="Sensor20206_S" textname="test sensor 20206"/>
			<item id="20207" losttest="2" iotype="AI" name="Sensor20207_S" textname="test sensor 20207"/>
			<item id="20208" losttest="2" iotype="AI" name="Sensor20208_S" textname="test sensor 20208"/>
			<item id="20209" losttest="2" iotype="AI" name="Sensor20209_S" textname="test sensor 20209"/>
			<item id="20210" losttest="2" iotype="AI" name="Sensor20210_S" textname="test sensor 20210"/>
			<item id="20211" losttest="2" iotype="AI" name="Sensor20211_S" textname="test sensor 20211"/>
			<item id="20212" losttest="2" iotype="AI" name="Sensor20212_S" textname="test sensor 20212"/>
			<item id="20213" losttest="2" iotype="AI" name="Sensor20213_S" textname="test sensor 20213"/>
			<item id="20214" losttest="2" iotype="AI" name="Sensor20214_S" textname="test sensor 20214"/>
			<item id="20215" losttest="2" iotype="AI" name="Sensor20215_S" textname="test sensor 20215"/>
			<item id="20216" losttest="2" iotype="AI" name="Sensor20216_S" textname="test sensor 20216"/>
			<item id="20217" losttest="2" iotype="AI" name="Sensor20217_S" textname="test sensor 20217"/>
			<item id="20218" losttest="2" iotype="AI" name="Sensor20218_S" textname="test sensor 20218"/>
			<item id="20219" losttest="2" iotype="AI" name="Sensor20219_S" textname="test sensor 20219"/>
			<item id="20220" losttest="2" iotype="AI" name="Sensor20220_S" textname="test sensor 20220"/>
			<item id="20221" losttest="2" iotype="AI" name="Sensor20221_S" textname="test sensor 20221"/>
			<item id="20222" losttest="2" iotype="AI" name="Sensor20222_S" textname="test sensor 20222"/>
			<item id="20223" losttest="2" iotype="AI" name="Sensor20223_S" textname="test sensor 20223"/>
			<item id="20224" losttest="2" iotype="AI" name="Sensor20224_S" textname="test sensor 20224"/>
			<item id="20225" losttest="2" iotype="AI" name="Sensor20225_S" textname="test sensor 20225"/>
			<item id="20226" losttest="2" iotype="AI" name="Sensor20226_S" textname="test sensor 20226"/>
			<item id="20227" losttest="2" iotype="AI" name="Sensor20227_S" textname="test sensor 20227"/>
			<item id="20228" losttest="2" iotype="AI" name="Sensor20228_S" textname="test sensor 20228"/>
			<item id="20229" losttest="2" iotype="AI" name="Sensor20229_S" textname="test sensor 20229"/>
			<item id="20230" losttest="2" iotype="AI" name="Sensor20230_S" textname="test sensor 20230"/>
			<item id="20231" losttest="2" iotype="AI" name="Sensor20231_S" textname="test sensor 20231"/>
			<item id="20232" losttest="2" iotype="AI" name="Sensor20232_S" textname="test sensor 20232"/>
			<item id="20233" losttest="2" iotype="AI" name="Sensor20233_S" textname="test sensor 20233"/>
			<item id="20234" losttest="2" iotype="AI" name="Sensor20234_S" textname="test sensor 20234"/>
			<item id="20235" losttest="2" iotype="AI" name="Sensor20235_S" textname="test sensor 20235"/>
			<item id="20236" losttest="2" iotype="AI" name="Sensor20236_S" textname="test sensor 20236"/>
			<item id="20237" losttest="2" iotype="AI" name="Sensor20237_S" textname="test sensor 20237"/>
			<item id="20238" losttest="2" iotype="AI" name="Sensor20238_S" textname="test sensor 20238"/>
			<item id="20239" losttest="2" iotype="AI" name="Sensor20239_S" textname="test sensor 20239"/>
			<item id="20240" losttest="2" iotype="AI" name="Sensor20240_S" textname="test sensor 20240"/>
			<item id="20241" losttest="2" iotype="AI" name="Sensor20241_S" textname="test sensor 20241"/>
			<item id="20242" losttest="2" iotype="AI" name="Sensor20242_S" textname="test sensor 20242"/>
			<item id="20243" losttest="2" iotype="AI" name="Sensor20243_S" textname="test sensor 20243"/>
			<item id="20244" losttest="2" iotype="AI" name="Sensor20244_S" textname="test sensor 20244"/>
			<item id="20245" losttest="2" iotype="AI" name="Sensor20245_S" textname="test sensor 20245"/>
			<item id="20246" losttest="2" iotype="AI" name="Sensor20246_S" textname="test sensor 20246"/>
			<item id="20247" losttest="2" iotype="AI" name="Sensor20247_S" textname="test sensor 20247"/>
			<item id="20248" losttest="2" iotype="AI" name="Sensor20248_S" textname="test sensor 20248"/>
			<item id="20249" losttest="2" iotype="AI" name="Sensor20249_S" textname="test sensor 20249"/>
			<item id="20250" losttest="2" iotype="AI" name="Sensor20250_S" textname="test sensor 20250"/>
			<item id="20251" losttest="2" iotype="AI" name="Sensor20251_S" textname="test sensor 20251"/>
			<item id="20252" losttest="2" iotype="AI" name="Sensor20252_S" textname="test sensor 20252"/>
			<item id="20253" losttest="2" iotype="AI" name="Sensor20253_S" textname="test sensor 20253"/>
			<item id="20254" losttest="2" iotype="AI" name="Sensor20254_S" textname="test sensor 20254"/>
			<item id="20255" losttest="2" iotype="AI" name="Sensor20255_S" textname="test sensor 20255"/>
			<item id="20256" losttest="2" iotype="AI" name="Sensor20256_S" textname="test sensor 20256"/>
			<item id="20257" losttest="2" iotype="AI" name="Sensor20257_S" textname="test sensor 20257"/>
			<item id="20258" losttest="2" iotype="AI" name="Sensor20258_S" textname="test sensor 20258"/>
			<item id="20259" losttest="2" iotype="AI" name="Sensor20259_S" textname="test sensor 20259"/>
			<item id="20260" losttest="2" iotype="AI" name="Sensor20260_S" textname="test sensor 20260"/>
			<item id="20261" losttest="2" iotype="AI" name="Sensor20261_S" textname="test sensor 20261"/>
			<item id="20262" losttest="2" iotype="AI" name="Sensor20262_S" textname="test sensor 20262"/>
			<item id="20263" losttest="2" iotype="AI" name="Sensor20263_S" textname="test sensor 20263"/>
			<item id="20264" losttest="2" iotype="AI" name="Sensor20264_S" textname="test sensor 20264"/>
			<item id="20265" losttest="2" iotype="AI" name="Sensor20265_S" textname="test sensor 20265"/>
			<item id="20266" losttest="2" iotype="AI" name="Sensor20266_S" textname="test sensor 20266"/>
			<item id="20267" losttest="2" iotype="AI" name="Sensor20267_S" textname="test sensor 20267"/>
			<item id="20268" losttest="2" iotype="AI" name="Sensor20268_S" textname="test sensor 20268"/>
			<item id="20269" losttest="2" iotype="AI" name="Sensor20269_S" textname="test sensor 20269"/>
			<item id="20270" losttest="2" iotype="AI" name="Sensor20270_S" textname="test sensor 20270"/>
			<item id="20271" losttest="2" iotype="AI" name="Sensor20271_S" textname="test sensor 20271"/>
			<item id="20272" losttest="2" iotype="AI" name="Sensor20272_S" textname="test sensor 20272"/>
			<item id="20273" losttest="2" iotype="AI" name="Sensor20273_S" textname="test sensor 20273"/>
			<item id="20274" losttest="2" iotype="AI" name="Sensor20274_S" textname="test sensor 20274"/>
			<item id="20275" losttest="2" iotype="AI" name="Sensor20275_S" textname="test sensor 20275"/>
			<item id="20276" losttest="2" iotype="AI" name="Sensor20276_S" textname="test sensor 20276"/>
			<item id="20277" losttest="2" iotype="AI" name="Sensor20277_S" textname="test sensor 20277"/>
			<item id="20278" losttest="2" iotype="AI" name="Sensor20278_S" textname="test sensor 20278"/>
			<item id="20279" losttest="2" iotype="AI" name="Sensor20279_S" textname="test sensor 20279"/>
			<item id="20280" losttest="2" iotype="AI" name="Sensor20280_S" textname="test sensor 20280"/>
			<item id="20281" losttest="2" iotype="AI" name="Sensor20281_S" textname="test sensor 20281"/>
			<item id="20282" losttest="2" iotype="AI" name="Sensor20282_S" textname="test sensor 20282"/>
			<item id="20283" losttest="2" iotype="AI" name="Sensor20283_S" textname="test sensor 20283"/>
			<item id="20284" losttest="2" iotype="AI" name="Sensor20284_S" textname="test sensor 20284"/>
			<item id="20285" losttest="2" iotype="AI" name="Sensor20285_S" textname="test sensor 20285"/>
			<item id="20286" losttest="2" iotype="AI" name="Sensor20286_S" textname="test sensor 20286"/>
			<item id="20287" losttest="2" iotype="AI" name="Sensor20287_S" textname="test sensor 20287"/>
			<item id="20288" losttest="2" iotype="AI" name="Sensor20288_S" textname="test sensor 20288"/>
			<item id="20289" losttest="2" iotype="AI" name="Sensor20289_S" textname="test sensor 20289"/>
			<item id="20290" losttest="2" iotype="AI" name="Sensor20290_S" textname="test sensor 20290"/>
			<item id="20291" losttest="2" iotype="AI" name="Sensor20291_S" textname="test sensor 20291"/>
			<item id="20292" losttest="2" iotype="AI" name="Sensor20292_S" textname="test sensor 20292"/>
			<item id="20293" losttest="2" iotype="AI" name="Sensor20293_S" textname="test sensor 20293"/>
			<item id="20294" losttest="2" iotype="AI" name="Sensor20294_S" textname="test sensor 20294"/>
			<item id="20295" losttest="2" iotype="AI" name="Sensor20295_S" textname="test sensor 20295"/>
			<item id="20296" losttest="2" iotype="AI" name="Sensor20296_S" textname="test sensor 20296"/>
			<item id="20297" losttest="2" iotype="AI" name="Sensor20297_S" textname="test sensor 20297"/>
			<item id="20298" losttest="2" iotype="AI" name="Sensor20298_S" textname="test sensor 20298"/>
			<item id="20299" losttest="2" iotype="AI" name="Sensor20299_S" textname="test sensor 20299"/>
			<item id="20300" losttest="2" iotype="AI" name="Sensor20300_S" textname="test sensor 20300"/>
			<item id="20301" losttest="2" iotype="AI" name="Sensor20301_S" textname="test sensor 20301"/>
			<item id="20302" losttest="2" iotype="AI" name="Sensor20302_S" textname="test sensor 20302"/>
			<item id="20303" losttest="2" iotype="AI" name="Sensor20303_S" textname="test sensor 20303"/>
			<item id="20304" losttest="2" iotype="AI" name="Sensor20304_S" textname="test sensor 20304"/>
			<item id="20305" losttest="2" iotype="AI" name="Sensor20305_S" textname="test sensor 20305"/>
			<item id="20306" losttest="2" iotype="AI" name="Sensor20306_S" textname="test sensor 20306"/>
			<item id="20307" losttest="2" iotype="AI" name="Sensor20307_S" textname="test sensor 20307"/>
			<item id="20308" losttest="2" iotype="AI" name="Sensor20308_S" textname="test sensor 20308"/>
			<item id="20309" losttest="2" iotype="AI" name="Sensor20309_S" textname="test sensor 20309"/>
			<item id="20310" losttest="2" iotype="AI" name="Sensor20310_S" textname="test sensor 20310"/>
			<item id="20311" losttest="2" iotype="AI" name="Sensor20311_S" textname="test sensor 20311"/>
			<item id="20312" losttest="2" iotype="AI" name="Sensor20312_S" textname="test sensor 20312"/>
			<item id="20313" losttest="2" iotype="AI" name="Sensor20313_S" textname="test sensor 20313"/>
			<item id="20314" losttest="2" iotype="AI" name="Sensor20314_S" textname="test sensor 20314"/>
			<item id="20315" losttest="2" iotype="AI" name="Sensor20315_S" textname="test sensor 20315"/>
			<item id="20316" losttest="2" iotype="AI" name="Sensor20316_S" textname="test sensor 20316"/>
			<item id="20317" losttest="2" iotype="AI" name="Sensor20317_S" textname="test sensor 20317"/>
			<item id="20318" losttest="2" iotype="AI" name="Sensor20318_S" textname="test sensor 20318"/>
			<item id="20319" losttest="2" iotype="AI" name="Sensor20319_S" textname="test sensor 20319"/>
			<item id="20320" losttest="2" iotype="AI" name="Sensor20320_S" textname="test sensor 20320"/>
			<item id="20321" losttest="2" iotype="AI" name="Sensor20321_S" textname="test sensor 20321"/>
			<item id="20322" losttest="2" iotype="AI" name="Sensor20322_S" textname="test sensor 20322"/>
			<item id="20323" losttest="2" iotype="AI" name="Sensor20323_S" textname="test sensor 20323"/>
			<item id="20324" losttest="2" iotype="AI" name="Sensor20324_S" textname="test sensor 20324"/>
			<item id="20325" losttest="2" iotype="AI" name="Sensor20325_S" textname="test sensor 20325"/>
			<item id="20326" losttest="2" iotype="AI" name="Sensor20326_S" textname="test sensor 20326"/>
			<item id="20327" losttest="2" iotype="AI" name="Sensor20327_S" textname="test sensor 20327"/>
			<item id="20328" losttest="2" iotype="AI" name="Sensor20328_S" textname="test sensor 20328"/>
			<item id="20329" losttest="2" iotype="AI" name="Sensor20329_S" textname="test sensor 20329"/>
			<item id="20330" losttest="2" iotype="AI" name="Sensor20330_S" textname="test sensor 20330"/>
			<item id="20331" losttest="2" iotype="AI" name="Sensor20331_S" textname="test sensor 20331"/>
			<item id="20332" losttest="2" iotype="AI" name="Sensor20332_S" textname="test sensor 20332"/>
			<item id="20333" losttest="2" iotype="AI" name="Sensor20333_S" textname="test sensor 20333"/>
			<item id="20334" losttest="2" iotype="AI" name="Sensor20334_S" textname="test sensor 20334"/>
			<item id="20335" losttest="2" iotype="AI" name="Sensor20335_S" textname="test sensor 20335"/>
			<item id="20336" losttest="2" iotype="AI" name="Sensor20336_S" textname="test sensor 20336"/>
			<item id="20337" losttest="2" iotype="AI" name="Sensor20337_S" textname="test sensor 20337"/>
			<item id="20338" losttest="2" iotype="AI" name="Sensor20338_S" textname="test sensor 20338"/>
			<item id="20339" losttest="2" iotype="AI" name="Sensor20339_S" textname="test sensor 20339"/>
			<item id="20340" losttest="2" iotype="AI" name="Sensor20340_S" textname="test sensor 20340"/>
			<item id="20341" losttest="2" iotype="AI" name="Sensor20341_S" textname="test sensor 20341"/>
			<item id="20342" losttest="2" iotype="AI" name="Sensor20342_S" textname="test sensor 20342"/>
			<item id="20343" losttest="2" iotype="AI" name="Sensor20343_S" textname="test sensor 20343"/>
			<item id="20344" losttest="2" iotype="AI" name="Sensor20344_S" textname="test sensor 20344"/>
			<item id="20345" losttest="2" iotype="AI" name="Sensor20345_S" textname="test sensor 20345"/>
			<item id="20346" losttest="2" iotype="AI" name="Sensor20346_S" textname="test sensor 20346"/>
			<item id="20347" losttest="2" iotype="AI" name="Sensor20347_S" textname="test sensor 20347"/>
			<item id="20348" losttest="2" iotype="AI" name="Sensor20348_S" textname="test sensor 20348"/>
			<item id="20349" losttest="2" iotype="AI" name="Sensor20349_S" textname="test sensor 20349"/>
			<item id="20350" losttest="2" iotype="AI" name="Sensor20350_S" textname="test sensor 20350"/>
			<item id="20351" losttest="2" iotype="AI" name="Sensor20351_S" textname="test sensor 20351"/>
			<item id="20352" losttest="2" iotype="AI" name="Sensor20352_S" textname="test sensor 20352"/>
			<item id="20353" losttest="2" iotype="AI" name="Sensor20353_S" textname="test sensor 20353"/>
			<item id="20354" losttest="2" iotype="AI" name="Sensor20354_S" textname="test sensor 20354"/>
			<item id="20355" losttest="2" iotype="AI" name="Sensor20355_S" textname="test sensor 20355"/>
			<item id="20356" losttest="2" iotype="AI" name="Sensor20356_S" textname="test sensor 20356"/>
			<item id="20357" losttest="2" iotype="AI" name="Sensor20357_S" textname="test sensor 20357"/>
			<item id="20358" losttest="2" iotype="AI" name="Sensor20358_S" textname="test sensor 20358"/>
			<item id="20359" losttest="2" iotype="AI" name="Sensor20359_S" textname="test sensor 20359"/>
			<item id="20360" losttest="2" iotype="AI" name="Sensor20360_S" textname="test sensor 20360"/>
			<item id="20361" losttest="2" iotype="AI" name="Sensor20361_S" textname="test sensor 20361"/>
			<item id="20362" losttest="2" iotype="AI" name="Sensor20362_S" textname="test sensor 20362"/>
			<item id="20363" losttest="2" iotype="AI" name="Sensor20363_S" textname="test sensor 20363"/>
			<item id="20364" losttest="2" iotype="AI" name="Sensor20364_S" textname="test sensor 20364"/>
			<item id="20365" losttest="2" iotype="AI" name="Sensor20365_S" textname="test sensor 20365"/>
			<item id="20366" losttest="2" iotype="AI" name="Sensor20366_S" textname="test sensor 20366"/>
			<item id="20367" losttest="2" iotype="AI" name="Sensor20367_S" textname="test sensor 20367"/>
			<item id="20368" losttest="2" iotype="AI" name="Sensor20368_S" textname="test sensor 20368"/>
			<item id="20369" losttest="2" iotype="AI" name="Sensor20369_S" textname="test sensor 20369"/>
			<item id="20370" losttest="2" iotype="AI" name="Sensor20370_S" textname="test sensor 20370"/>
			<item id="20371" losttest="2" iotype="AI" name="Sensor20371_S" textname="test sensor 20371"/>
			<item id="20372" losttest="2" iotype="AI" name="Sensor20372_S" textname="test sensor 20372"/>
			<item id="20373" losttest="2" iotype="AI" name="Sensor20373_S" textname="test sensor 20373"/>
			<item id="20374" losttest="2" iotype="AI" name="Sensor20374_S" textname="test sensor 20374"/>
			<item id="20375" losttest="2" iotype="AI" name="Sensor20375_S" textname="test sensor 20375"/>
			<item id="20376" losttest="2" iotype="AI" name="Sensor20376_S" textname="test sensor 20376"/>
			<item id="20377" losttest="2" iotype="AI" name="Sensor20377_S" textname="test sensor 20377"/>
			<item id="20378" losttest="2" iotype="AI" name="Sensor20378_S" textname="test sensor 20378"/>
			<item id="20379" losttest="2" iotype="AI" name="Sensor20379_S" textname="test sensor 20379"/>
			<item id="20380" losttest="2" iotype="AI" name="Sensor20380_S" textname="test sensor 20380"/>
			<item id="20381" losttest="2" iotype="AI" name="Sensor20381_S" textname="test sensor 20381"/>
			<item id="20382" losttest="2" iotype="AI" name="Sensor20382_S" textname="test sensor 20382"/>
			<item id="20383" losttest="2" iotype="AI" name="Sensor20383_S" textname="test sensor 20383"/>
			<item id="20384" losttest="2" iotype="AI" name="Sensor20384_S" textname="test sensor 20384"/>
			<item id="20385" losttest="2" iotype="AI" name="Sensor20385_S" textname="test sensor 20385"/>
			<item id="20386" losttest="2" iotype="AI" name="Sensor20386_S" textname="test sensor 20386"/>
			<item id="20387" losttest="2" iotype="AI" name="Sensor20387_S" textname="test sensor 20387"/>
			<item id="20388" losttest="2" iotype="AI" name="Sensor20388_S" textname="test sensor 20388"/>
			<item id="20389" losttest="2" iotype="AI" name="Sensor20389_S" textname="test sensor 20389"/>
			<item id="20390" losttest="2" iotype="AI" name="Sensor20390_S" textname="test sensor 20390"/>
			<item id="20391" losttest="2" iotype="AI" name="Sensor20391_S" textname="test sensor 20391"/>
			<item id="20392" losttest="2" iotype="AI" name="Sensor20392_S" textname="test sensor 20392"/>
			<item id="20393" losttest="2" iotype="AI" name="Sensor20393_S" textname="test sensor 20393"/>
			<item id="20394" losttest="2" iotype="AI" name="Sensor20394_S" textname="test sensor 20394"/>
			<item id="20395" losttest="2" iotype="AI" name="Sensor20395_S" textname="test sensor 20395"/>
			<item id="20396" losttest="2" iotype="AI" name="Sensor20396_S" textname="test sensor 20396"/>
			<item id="20397" losttest="2" iotype="AI" name="Sensor20397_S" textname="test sensor 20397"/>
			<item id="20398" losttest="2" iotype="AI" name="Sensor20398_S" textname="test sensor 20398"/>
			<item id="20399" losttest="2" iotype="AI" name="Sensor20399_S" textname="test sensor 20399"/>
			<item id="20400" losttest="2" iotype="AI" name="Sensor20400_S" textname="test sensor 20400"/>
			<item id="20401" losttest="2" iotype="AI" name="Sensor20401_S" textname="test sensor 20401"/>
			<item id="20402" losttest="2" iotype="AI" name="Sensor20402_S" textname="test sensor 20402"/>
			<item id="20403" losttest="2" iotype="AI" name="Sensor20403_S" textname="test sensor 20403"/>
			<item id="20404" losttest="2" iotype="AI" name="Sensor20404_S" textname="test sensor 20404"/>
			<item id="20405" losttest="2" iotype="AI" name="Sensor20405_S" textname="test sensor 20405"/>
			<item id="20406" losttest="2" iotype="AI" name="Sensor20406_S" textname="test sensor 20406"/>
			<item id="20407" losttest="2" iotype="AI" name="Sensor20407_S" textname="test sensor 20407"/>
			<item id="20408" losttest="2" iotype="AI" name="Sensor20408_S" textname="test sensor 20408"/>
			<item id="20409" losttest="2" iotype="AI" name="Sensor20409_S" textname="test sensor 20409"/>
			<item id="20410" losttest="2" iotype="AI" name="Sensor20410_S" textname="test sensor 20410"/>
			<item id="20411" losttest="2" iotype="AI" name="Sensor20411_S" textname="test sensor 20411"/>
			<item id="20412" losttest="2" iotype="AI" name="Sensor20412_S" textname="test sensor 20412"/>
			<item id="20413" losttest="2" iotype="AI" name="Sensor20413_S" textname="test sensor 20413"/>
			<item id="20414" losttest="2" iotype="AI" name="Sensor20414_S" textname="test sensor 20414"/>
			<item id="20415" losttest="2" iotype="AI" name="Sensor20415_S" textname="test sensor 20415"/>
			<item id="20416" losttest="2" iotype="AI" name="Sensor20416_S" textname="test sensor 20416"/>
			<item id="20417" losttest="2" iotype="AI" name="Sensor20417_S" textname="test sensor 20417"/>
			<item id="20418" losttest="2" iotype="AI" name="Sensor20418_S" textname="test sensor 20418"/>
			<item id="20419" losttest="2" iotype="AI" name="Sensor20419_S" textname="test sensor 20419"/>
			<item id="20420" losttest="2" iotype="AI" name="Sensor20420_S" textname="test sensor 20420"/>
			<item id="20421" losttest="2" iotype="AI" name="Sensor20421_S" textname="test sensor 20421"/>
			<item id="20422" losttest="2" iotype="AI" name="Sensor20422_S" textname="test sensor 20422"/>
			<item id="20423" losttest="2" iotype="AI" name="Sensor20423_S" textname="test sensor 20423"/>
			<item id="20424" losttest="2" iotype="AI" name="Sensor20424_S" textname="test sensor 20424"/>
			<item id="20425" losttest="2" iotype="AI" name="Sensor20425_S" textname="test sensor 20425"/>
			<item id="20426" losttest="2" iotype="AI" name="Sensor20426_S" textname="test sensor 20426"/>
			<item id="20427" losttest="2" iotype="AI" name="Sensor20427_S" textname="test sensor 20427"/>
			<item id="20428" losttest="2" iotype="AI" name="Sensor20428_S" textname="test sensor 20428"/>
			<item id="20429" losttest="2" iotype="AI" name="Sensor20429_S" textname="test sensor 20429"/>
			<item id="20430" losttest="2" iotype="AI" name="Sensor20430_S" textname="test sensor 20430"/>
			<item id="20431" losttest="2" iotype="AI" name="Sensor20431_S" textname="test sensor 20431"/>
			<item id="20432" losttest="2" iotype="AI" name="Sensor20432_S" textname="test sensor 20432"/>
			<item id="20433" losttest="2" iotype="AI" name="Sensor20433_S" textname="test sensor 20433"/>
			<item id="20434" losttest="2" iotype="AI" name="Sensor20434_S" textname="test sensor 20434"/>
			<item id="20435" losttest="2" iotype="AI" name="Sensor20435_S" textname="test sensor 20435"/>
			<item id="20436" losttest="2" iotype="AI" name="Sensor20436_S" textname="test sensor 20436"/>
			<item id="20437" losttest="2" iotype="AI" name="Sensor20437_S" textname="test sensor 20437"/>
			<item id="20438" losttest="2" iotype="AI" name="Sensor20438_S" textname="test sensor 20438"/>
			<item id="20439" losttest="2" iotype="AI" name="Sensor20439_S" textname="test sensor 20439"/>
			<item id="20440" losttest="2" iotype="AI" name="Sensor20440_S" textname="test sensor 20440"/>
			<item id="20441" losttest="2" iotype="AI" name="Sensor20441_S" textname="test sensor 20441"/>
			<item id="20442" losttest="2" iotype="AI" name="Sensor20442_S" textname="test sensor 20442"/>
			<item id="20443" losttest="2" iotype="AI" name="Sensor20443_S" textname="test sensor 20443"/>
			<item id="20444" losttest="2" iotype="AI" name="Sensor20444_S" textname="test sensor 20444"/>
			<item id="20445" losttest="2" iotype="AI" name="Sensor20445_S" textname="test sensor 20445"/>
			<item id="20446" losttest="2" iotype="AI" name="Sensor20446_S" textname="test sensor 20446"/>
			<item id="20447" losttest="2" iotype="AI" name="Sensor20447_S" textname="test sensor 20447"/>
			<item id="20448" losttest="2" iotype="AI" name="Sensor20448_S" textname="test sensor 20448"/>
			<item id="20449" losttest="2" iotype="AI" name="Sensor20449_S" textname="test sensor 20449"/>
			<item id="20450" losttest="2" iotype="AI" name="Sensor20450_S" textname="test sensor 20450"/>
			<item id="20451" losttest="2" iotype="AI" name="Sensor20451_S" textname="test sensor 20451"/>
			<item id="20452" losttest="2" iotype="AI" name="Sensor20452_S" textname="test sensor 20452"/>
			<item id="20453" losttest="2" iotype="AI" name="Sensor20453_S" textname="test sensor 20453"/>
			<item id="20454" losttest="2" iotype="AI" name="Sensor20454_S" textname="test sensor 20454"/>
			<item id="20455" losttest="2" iotype="AI" name="Sensor20455_S" textname="test sensor 20455"/>
			<item id="20456" losttest="2" iotype="AI" name="Sensor20456_S" textname="test sensor 20456"/>
			<item id="20457" losttest="2" iotype="AI" name="Sensor20457_S" textname="test sensor 20457"/>
			<item id="20458" losttest="2" iotype="AI" name="Sensor20458_S" textname="test sensor 20458"/>
			<item id="20459" losttest="2" iotype="AI" name="Sensor20459_S" textname="test sensor 20459"/>
			<item id="20460" losttest="2" iotype="AI" name="Sensor20460_S" textname="test sensor 20460"/>
			<item id="20461" losttest="2" iotype="AI" name="Sensor20461_S" textname="test sensor 20461"/>
			<item id="20462" losttest="2" iotype="AI" name="Sensor20462_S" textname="test sensor 20462"/>
			<item id="20463" losttest="2" iotype="AI" name="Sensor20463_S" textname="test sensor 20463"/>
			<item id="20464" losttest="2" iotype="AI" name="Sensor20464_S" textname="test sensor 20464"/>
			<item id="20465" losttest="2" iotype="AI" name="Sensor20465_S" textname="test sensor 20465"/>
			<item id="20466" losttest="2" iotype="AI" name="Sensor20466_S" textname="test sensor 20466"/>
			<item id="20467" losttest="2" iotype="AI" name="Sensor20467_S" textname="test sensor 20467"/>
			<item id="20468" losttest="2" iotype="AI" name="Sensor20468_S" textname="test sensor 20468"/>
			<item id="20469" losttest="2" iotype="AI" name="Sensor20469_S" textname="test sensor 20469"/>
			<item id="20470" losttest="2" iotype="AI" name="Sensor20470_S" textname="test sensor 20470"/>
			<item id="20471" losttest="2" iotype="AI" name="Sensor20471_S" textname="test sensor 20471"/>
			<item id="20472" losttest="2" iotype="AI" name="Sensor20472_S" textname="test sensor 20472"/>
			<item id="20473" losttest="2" iotype="AI" name="Sensor20473_S" textname="test sensor 20473"/>
			<item id="20474" losttest="2" iotype="AI" name="Sensor20474_S" textname="test sensor 20474"/>
			<item id="20475" losttest="2" iotype="AI" name="Sensor20475_S" textname="test sensor 20475"/>
			<item id="20476" losttest="2" iotype="AI" name="Sensor20476_S" textname="test sensor 20476"/>
			<item id="20477" losttest="2" iotype="AI" name="Sensor20477_S" textname="test sensor 20477"/>
			<item id="20478" losttest="2" iotype="AI" name="Sensor20478_S" textname="test sensor 20478"/>
			<item id="20479" losttest="2" iotype="AI" name="Sensor20479_S" textname="test sensor 20479"/>
			<item id="20480" losttest="2" iotype="AI" name="Sensor20480_S" textname="test sensor 20480"/>
			<item id="20481" losttest="2" iotype="AI" name="Sensor20481_S" textname="test sensor 20481"/>
			<item id="20482" losttest="2" iotype="AI" name="Sensor20482_S" textname="test sensor 20482"/>
			<item id="20483" losttest="2" iotype="AI" name="Sensor20483_S" textname="test sensor 20483"/>
			<item id="20484" losttest="2" iotype="AI" name="Sensor20484_S" textname="test sensor 20484"/>
			<item id="20485" losttest="2" iotype="AI" name="Sensor20485_S" textname="test sensor 20485"/>
			<item id="20486" losttest="2" iotype="AI" name="Sensor20486_S" textname="test sensor 20486"/>
			<item id="20487" losttest="2" iotype="AI" name="Sensor20487_S" textname="test sensor 20487"/>
			<item id="20488" losttest="2" iotype="AI" name="Sensor20488_S" textname="test sensor 20488"/>
			<item id="20489" losttest="2" iotype="AI" name="Sensor20489_S" textname="test sensor 20489"/>
			<item id="20490" losttest="2" iotype="AI" name="Sensor20490_S" textname="test sensor 20490"/>
			<item id="20491" losttest="2" iotype="AI" name="Sensor20491_S" textname="test sensor 20491"/>
			<item id="20492" losttest="2" iotype="AI" name="Sensor20492_S" textname="test sensor 20492"/>
			<item id="20493" losttest="2" iotype="AI" name="Sensor20493_S" textname="test sensor 20493"/>
			<item id="20494" losttest="2" iotype="AI" name="Sensor20494_S" textname="test sensor 20494"/>
			<item id="20495" losttest="2" iotype="AI" name="Sensor20495_S" textname="test sensor 20495"/>
			<item id="20496" losttest="2" iotype="AI" name="Sensor20496_S" textname="test sensor 20496"/>
			<item id="20497" losttest="2" iotype="AI" name="Sensor20497_S" textname="test sensor 20497"/>
			<item id="20498" losttest="2" iotype="AI" name="Sensor20498_S" textname="test sensor 20498"/>
			<item id="20499" losttest="2" iotype="AI" name="Sensor20499_S" textname="test sensor 20499"/>
			<item id="20500" losttest="2" iotype="AI" name="Sensor20500_S" textname="test sensor 20500"/>
			<item id="20501" losttest="2" iotype="AI" name="Sensor20501_S" textname="test sensor 20501"/>
			<item id="20502" losttest="2" iotype="AI" name="Sensor20502_S" textname="test sensor 20502"/>
			<item id="20503" losttest="2" iotype="AI" name="Sensor20503_S" textname="test sensor 20503"/>
			<item id="20504" losttest="2" iotype="AI" name="Sensor20504_S" textname="test sensor 20504"/>
			<item id="20505" losttest="2" iotype="AI" name="Sensor20505_S" textname="test sensor 20505"/>
			<item id="20506" losttest="2" iotype="AI" name="Sensor20506_S" textname="test sensor 20506"/>
			<item id="20507" losttest="2" iotype="AI" name="Sensor20507_S" textname="test sensor 20507"/>
			<item id="20508" losttest="2" iotype="AI" name="Sensor20508_S" textname="test sensor 20508"/>
			<item id="20509" losttest="2" iotype="AI" name="Sensor20509_S" textname="test sensor 20509"/>
			<item id="20510" losttest="2" iotype="AI" name="Sensor20510_S" textname="test sensor 20510"/>
			<item id="20511" losttest="2" iotype="AI" name="Sensor20511_S" textname="test sensor 20511"/>
			<item id="20512" losttest="2" iotype="AI" name="Sensor20512_S" textname="test sensor 20512"/>
			<item id="20513" losttest="2" iotype="AI" name="Sensor20513_S" textname="test sensor 20513"/>
			<item id="20514" losttest="2" iotype="AI" name="Sensor20514_S" textname="test sensor 20514"/>
			<item id="20515" losttest="2" iotype="AI" name="Sensor20515_S" textname="test sensor 20515"/>
			<item id="20516" losttest="2" iotype="AI" name="Sensor20516_S" textname="test sensor 20516"/>
			<item id="20517" losttest="2" iotype="AI" name="Sensor20517_S" textname="test sensor 20517"/>
			<item id="20518" losttest="2" iotype="AI" name="Sensor20518_S" textname="test sensor 20518"/>
			<item id="20519" losttest="2" iotype="AI" name="Sensor20519_S" textname="test sensor 20519"/>
			<item id="20520" losttest="2" iotype="AI" name="Sensor20520_S" textname="test sensor 20520"/>
			<item id="20521" losttest="2" iotype="AI" name="Sensor20521_S" textname="test sensor 20521"/>
			<item id="20522" losttest="2" iotype="AI" name="Sensor20522_S" textname="test sensor 20522"/>
			<item id="20523" losttest="2" iotype="AI" name="Sensor20523_S" textname="test sensor 20523"/>
			<item id="20524" losttest="2" iotype="AI" name="Sensor20524_S" textname="test sensor 20524"/>
			<item id="20525" losttest="2" iotype="AI" name="Sensor20525_S" textname="test sensor 20525"/>
			<item id="20526" losttest="2" iotype="AI" name="Sensor20526_S" textname="test sensor 20526"/>
			<item id="20527" losttest="2" iotype="AI" name="Sensor20527_S" textname="test sensor 20527"/>
			<item id="20528" losttest="2" iotype="AI" name="Sensor20528_S" textname="test sensor 20528"/>
			<item id="20529" losttest="2" iotype="AI" name="Sensor20529_S" textname="test sensor 20529"/>
			<item id="20530" losttest="2" iotype="AI" name="Sensor20530_S" textname="test sensor 20530"/>
			<item id="20531" losttest="2" iotype="AI" name="Sensor20531_S" textname="test sensor 20531"/>
			<item id="20532" losttest="2" iotype="AI" name="Sensor20532_S" textname="test sensor 20532"/>
			<item id="20533" losttest="2" iotype="AI" name="Sensor20533_S" textname="test sensor 20533"/>
			<item id="20534" losttest="2" iotype="AI" name="Sensor20534_S" textname="test sensor 20534"/>
			<item id="20535" losttest="2" iotype="AI" name="Sensor20535_S" textname="test sensor 20535"/>
			<item id="20536" losttest="2" iotype="AI" name="Sensor20536_S" textname="test sensor 20536"/>
			<item id="20537" losttest="2" iotype="AI" name="Sensor20537_S" textname="test sensor 20537"/>
			<item id="20538" losttest="2" iotype="AI" name="Sensor20538_S" textname="test sensor 20538"/>
			<item id="20539" losttest="2" iotype="AI" name="Sensor20539_S" textname="test sensor 20539"/>
			<item id="20540" losttest="2" iotype="AI" name="Sensor20540_S" textname="test sensor 20540"/>
			<item id="20541" losttest="2" iotype="AI" name="Sensor20541_S" textname="test sensor 20541"/>
			<item id="20542" losttest="2" iotype="AI" name="Sensor20542_S" textname="test sensor 20542"/>
			<item id="20543" losttest="2" iotype="AI" name="Sensor20543_S" textname="test sensor 20543"/>
			<item id="20544" losttest="2" iotype="AI" name="Sensor20544_S" textname="test sensor 20544"/>
			<item id="20545" losttest="2" iotype="AI" name="Sensor20545_S" textname="test sensor 20545"/>
			<item id="20546" losttest="2" iotype="AI" name="Sensor20546_S" textname="test sensor 20546"/>
			<item id="20547" losttest="2" iotype="AI" name="Sensor20547_S" textname="test sensor 20547"/>
			<item id="20548" losttest="2" iotype="AI" name="Sensor20548_S" textname="test sensor 20548"/>
			<item id="20549" losttest="2" iotype="AI" name="Sensor20549_S" textname="test sensor 20549"/>
			<item id="20550" losttest="2" iotype="AI" name="Sensor20550_S" textname="test sensor 20550"/>
			<item id="20551" losttest="2" iotype="AI" name="Sensor20551_S" textname="test sensor 20551"/>
			<item id="20552" losttest="2" iotype="AI" name="Sensor20552_S" textname="test sensor 20552"/>
			<item id="20553" losttest="2" iotype="AI" name="Sensor20553_S" textname="test sensor 20553"/>
			<item id="20554" losttest="2" iotype="AI" name="Sensor20554_S" textname="test sensor 20554"/>
			<item id="20555" losttest="2" iotype="AI" name="Sensor20555_S" textname="test sensor 20555"/>
			<item id="20556" losttest="2" iotype="AI" name="Sensor20556_S" textname="test sensor 20556"/>
			<item id="20557" losttest="2" iotype="AI" name="Sensor20557_S" textname="test sensor 20557"/>
			<item id="20558" losttest="2" iotype="AI" name="Sensor20558_S" textname="test sensor 20558"/>
			<item id="20559" losttest="2" iotype="AI" name="Sensor20559_S" textname="test sensor 20559"/>
			<item id="20560" losttest="2" iotype="AI" name="Sensor20560_S" textname="test sensor 20560"/>
			<item id="20561" losttest="2" iotype="AI" name="Sensor20561_S" textname="test sensor 20561"/>
			<item id="20562" losttest="2" iotype="AI" name="Sensor20562_S" textname="test sensor 20562"/>
			<item id="20563" losttest="2" iotype="AI" name="Sensor20563_S" textname="test sensor 20563"/>
			<item id="20564" losttest="2" iotype="AI" name="Sensor20564_S" textname="test sensor 20564"/>
			<item id="20565" losttest="2" iotype="AI" name="Sensor20565_S" textname="test sensor 20565"/>
			<item id="20566" losttest="2" iotype="AI" name="Sensor20566_S" textname="test sensor 20566"/>
			<item id="20567" losttest="2" iotype="AI" name="Sensor20567_S" textname="test sensor 20567"/>
			<item id="20568" losttest="2" iotype="AI" name="Sensor20568_S" textname="test sensor 20568"/>
			<item id="20569" losttest="2" iotype="AI" name="Sensor20569_S" textname="test sensor 20569"/>
			<item id="20570" losttest="2" iotype="AI" name="Sensor20570_S" textname="test sensor 20570"/>
			<item id="20571" losttest="2" iotype="AI" name="Sensor20571_S" textname="test sensor 20571"/>
			<item id="20572" losttest="2" iotype="AI" name="Sensor20572_S" textname="test sensor 20572"/>
			<item id="20573" losttest="2" iotype="AI" name="Sensor20573_S" textname="test sensor 20573"/>
			<item id="20574" losttest="2" iotype="AI" name="Sensor20574_S" textname="test sensor 20574"/>
			<item id="20575" losttest="2" iotype="AI" name="Sensor20575_S" textname="test sensor 20575"/>
			<item id="20576" losttest="2" iotype="AI" name="Sensor20576_S" textname="test sensor 20576"/>
			<item id="20577" losttest="2" iotype="AI" name="Sensor20577_S" textname="test sensor 20577"/>
			<item id="20578" losttest="2" iotype="AI" name="Sensor20578_S" textname="test sensor 20578"/>
			<item id="20579" losttest="2" iotype="AI" name="Sensor20579_S" textname="test sensor 20579"/>
			<item id="20580" losttest="2" iotype="AI" name="Sensor20580_S" textname="test sensor 20580"/>
			<item id="20581" losttest="2" iotype="AI" name="Sensor20581_S" textname="test sensor 20581"/>
			<item id="20582" losttest="2" iotype="AI" name="Sensor20582_S" textname="test sensor 20582"/>
			<item id="20583" losttest="2" iotype="AI" name="Sensor20583_S" textname="test sensor 20583"/>
			<item id="20584" losttest="2" iotype="AI" name="Sensor20584_S" textname="test sensor 20584"/>
			<item id="20585" losttest="2" iotype="AI" name="Sensor20585_S" textname="test sensor 20585"/>
			<item id="20586" losttest="2" iotype="AI" name="Sensor20586_S" textname="test sensor 20586"/>
			<item id="20587" losttest="2" iotype="AI" name="Sensor20587_S" textname="test sensor 20587"/>
			<item id="20588" losttest="2" iotype="AI" name="Sensor20588_S" textname="test sensor 20588"/>
			<item id="20589" losttest="2" iotype="AI" name="Sensor20589_S" textname="test sensor 20589"/>
			<item id="20590" losttest="2" iotype="AI" name="Sensor20590_S" textname="test sensor 20590"/>
			<item id="20591" losttest="2" iotype="AI" name="Sensor20591_S" textname="test sensor 20591"/>
			<item id="20592" losttest="2" iotype="AI" name="Sensor20592_S" textname="test sensor 20592"/>
			<item id="20593" losttest="2" iotype="AI" name="Sensor20593_S" textname="test sensor 20593"/>
			<item id="20594" losttest="2" iotype="AI" name="Sensor20594_S" textname="test sensor 20594"/>
			<item id="20595" losttest="2" iotype="AI" name="Sensor20595_S" textname="test sensor 20595"/>
			<item id="20596" losttest="2" iotype="AI" name="Sensor20596_S" textname="test sensor 20596"/>
			<item id="20597" losttest="2" iotype="AI" name="Sensor20597_S" textname="test sensor 20597"/>
			<item id="20598" losttest="2" iotype="AI" name="Sensor20598_S" textname="test sensor 20598"/>
			<item id="20599" losttest="2" iotype="AI" name="Sensor20599_S" textname="test sensor 20599"/>
			<item id="20600" losttest="2" iotype="AI" name="Sensor20600_S" textname="test sensor 20600"/>
			<item id="20601" losttest="2" iotype="AI" name="Sensor20601_S" textname="test sensor 20601"/>
			<item id="20602" losttest="2" iotype="AI" name="Sensor20602_S" textname="test sensor 20602"/>
			<item id="20603" losttest="2" iotype="AI" name="Sensor20603_S" textname="test sensor 20603"/>
			<item id="20604" losttest="2" iotype="AI" name="Sensor20604_S" textname="test sensor 20604"/>
			<item id="20605" losttest="2" iotype="AI" name="Sensor20605_S" textname="test sensor 20605"/>
			<item id="20606" losttest="2" iotype="AI" name="Sensor20606_S" textname="test sensor 20606"/>
			<item id="20607" losttest="2" iotype="AI" name="Sensor20607_S" textname="test sensor 20607"/>
			<item id="20608" losttest="2" iotype="AI" name="Sensor20608_S" textname="test sensor 20608"/>
			<item id="20609" losttest="2" iotype="AI" name="Sensor20609_S" textname="test sensor 20609"/>
			<item id="20610" losttest="2" iotype="AI" name="Sensor20610_S" textname="test sensor 20610"/>
			<item id="20611" losttest="2" iotype="AI" name="Sensor20611_S" textname="test sensor 20611"/>
			<item id="20612" losttest="2" iotype="AI" name="Sensor20612_S" textname="test sensor 20612"/>
			<item id="20613" losttest="2" iotype="AI" name="Sensor20613_S" textname="test sensor 20613"/>
			<item id="20614" losttest="2" iotype="AI" name="Sensor20614_S" textname="test sensor 20614"/>
			<item id="20615" losttest="2" iotype="AI" name="Sensor20615_S" textname="test sensor 20615"/>
			<item id="20616" losttest="2" iotype="AI" name="Sensor20616_S" textname="test sensor 20616"/>
			<item id="20617" losttest="2" iotype="AI" name="Sensor20617_S" textname="test sensor 20617"/>
			<item id="20618" losttest="2" iotype="AI" name="Sensor20618_S" textname="test sensor 20618"/>
			<item id="20619" losttest="2" iotype="AI" name="Sensor20619_S" textname="test sensor 20619"/>
			<item id="20620" losttest="2" iotype="AI" name="Sensor20620_S" textname="test sensor 20620"/>
			<item id="20621" losttest="2" iotype="AI" name="Sensor20621_S" textname="test sensor 20621"/>
			<item id="20622" losttest="2" iotype="AI" name="Sensor20622_S" textname="test sensor 20622"/>
			<item id="20623" losttest="2" iotype="AI" name="Sensor20623_S" textname="test sensor 20623"/>
			<item id="20624" losttest="2" iotype="AI" name="Sensor20624_S" textname="test sensor 20624"/>
			<item id="20625" losttest="2" iotype="AI" name="Sensor20625_S" textname="test sensor 20625"/>
			<item id="20626" losttest="2" iotype="AI" name="Sensor20626_S" textname="test sensor 20626"/>
			<item id="20627" losttest="2" iotype="AI" name="Sensor20627_S" textname="test sensor 20627"/>
			<item id="20628" losttest="2" iotype="AI" name="Sensor20628_S" textname="test sensor 20628"/>
			<item id="20629" losttest="2" iotype="AI" name="Sensor20629_S" textname="test sensor 20629"/>
			<item id="20630" losttest="2" iotype="AI" name="Sensor20630_S" textname="test sensor 20630"/>
			<item id="20631" losttest="2" iotype="AI" name="Sensor20631_S" textname="test sensor 20631"/>
			<item id="20632" losttest="2" iotype="AI" name="Sensor20632_S" textname="test sensor 20632"/>
			<item id="20633" losttest="2" iotype="AI" name="Sensor20633_S" textname="test sensor 20633"/>
			<item id="20634" losttest="2" iotype="AI" name="Sensor20634_S" textname="test sensor 20634"/>
			<item id="20635" losttest="2" iotype="AI" name="Sensor20635_S" textname="test sensor 20635"/>
			<item id="20636" losttest="2" iotype="AI" name="Sensor20636_S" textname="test sensor 20636"/>
			<item id="20637" losttest="2" iotype="AI" name="Sensor20637_S" textname="test sensor 20637"/>
			<item id="20638" losttest="2" iotype="AI" name="Sensor20638_S" textname="test sensor 20638"/>
			<item id="20639" losttest="2" iotype="AI" name="Sensor20639_S" textname="test sensor 20639"/>
			<item id="20640" losttest="2" iotype="AI" name="Sensor20640_S" textname="test sensor 20640"/>
			<item id="20641" losttest="2" iotype="AI" name="Sensor20641_S" textname="test sensor 20641"/>
			<item id="20642" losttest="2" iotype="AI" name="Sensor20642_S" textname="test sensor 20642"/>
			<item id="20643" losttest="2" iotype="AI" name="Sensor20643_S" textname="test sensor 20643"/>
			<item id="20644" losttest="2" iotype="AI" name="Sensor20644_S" textname="test sensor 20644"/>
			<item id="20645" losttest="2" iotype="AI" name="Sensor20645_S" textname="test sensor 20645"/>
			<item id="20646" losttest="2" iotype="AI" name="Sensor20646_S" textname="test sensor 20646"/>
			<item id="20647" losttest="2" iotype="AI" name="Sensor20647_S" textname="test sensor 20647"/>
			<item id="20648" losttest="2" iotype="AI" name="Sensor20648_S" textname="test sensor 20648"/>
			<item id="20649" losttest="2" iotype="AI" name="Sensor20649_S" textname="test sensor 20649"/>
			<item id="20650" losttest="2" iotype="AI" name="Sensor20650_S" textname="test sensor 20650"/>
			<item id="20651" losttest="2" iotype="AI" name="Sensor20651_S" textname="test sensor 20651"/>
			<item id="20652" losttest="2" iotype="AI" name="Sensor20652_S" textname="test sensor 20652"/>
			<item id="20653" losttest="2" iotype="AI" name="Sensor20653_S" textname="test sensor 20653"/>
			<item id="20654" losttest="2" iotype="AI" name="Sensor20654_S" textname="test sensor 20654"/>
			<item id="20655" losttest="2" iotype="AI" name="Sensor20655_S" textname="test sensor 20655"/>
			<item id="20656" losttest="2" iotype="AI" name="Sensor20656_S" textname="test sensor 20656"/>
			<item id="20657" losttest="2" iotype="AI" name="Sensor20657_S" textname="test sensor 20657"/>
			<item id="20658" losttest="2" iotype="AI" name="Sensor20658_S" textname="test sensor 20658"/>
			<item id="20659" losttest="2" iotype="AI" name="Sensor20659_S" textname="test sensor 20659"/>
			<item id="20660" losttest="2" iotype="AI" name="Sensor20660_S" textname="test sensor 20660"/>
			<item id="20661" losttest="2" iotype="AI" name="Sensor20661_S" textname="test sensor 20661"/>
			<item id="20662" losttest="2" iotype="AI" name="Sensor20662_S" textname="test sensor 20662"/>
			<item id="20663" losttest="2" iotype="AI" name="Sensor20663_S" textname="test sensor 20663"/>
			<item id="20664" losttest="2" iotype="AI" name="Sensor20664_S" textname="test sensor 20664"/>
			<item id="20665" losttest="2" iotype="AI" name="Sensor20665_S" textname="test sensor 20665"/>
			<item id="20666" losttest="2" iotype="AI" name="Sensor20666_S" textname="test sensor 20666"/>
			<item id="20667" losttest="2" iotype="AI" name="Sensor20667_S" textname="test sensor 20667"/>
			<item id="20668" losttest="2" iotype="AI" name="Sensor20668_S" textname="test sensor 20668"/>
			<item id="20669" losttest="2" iotype="AI" name="Sensor20669_S" textname="test sensor 20669"/>
			<item id="20670" losttest="2" iotype="AI" name="Sensor20670_S" textname="test sensor 20670"/>
			<item id="20671" losttest="2" iotype="AI" name="Sensor20671_S" textname="test sensor 20671"/>
			<item id="20672" losttest="2" iotype="AI" name="Sensor20672_S" textname="test sensor 20672"/>
			<item id="20673" losttest="2" iotype="AI" name="Sensor20673_S" textname="test sensor 20673"/>
			<item id="20674" losttest="2" iotype="AI" name="Sensor20674_S" textname="test sensor 20674"/>
			<item id="20675" losttest="2" iotype="AI" name="Sensor20675_S" textname="test sensor 20675"/>
			<item id="20676" losttest="2" iotype="AI" name="Sensor20676_S" textname="test sensor 20676"/>
			<item id="20677" losttest="2" iotype="AI" name="Sensor20677_S" textname="test sensor 20677"/>
			<item id="20678" losttest="2" iotype="AI" name="Sensor20678_S" textname="test sensor 20678"/>
			<item id="20679" losttest="2" iotype="AI" name="Sensor20679_S" textname="test sensor 20679"/>
			<item id="20680" losttest="2" iotype="AI" name="Sensor20680_S" textname="test sensor 20680"/>
			<item id="20681" losttest="2" iotype="AI" name="Sensor20681_S" textname="test sensor 20681"/>
			<item id="20682" losttest="2" iotype="AI" name="Sensor20682_S" textname="test sensor 20682"/>
			<item id="20683" losttest="2" iotype="AI" name="Sensor20683_S" textname="test sensor 20683"/>
			<item id="20684" losttest="2" iotype="AI" name="Sensor20684_S" textname="test sensor 20684"/>
			<item id="20685" losttest="2" iotype="AI" name="Sensor20685_S" textname="test sensor 20685"/>
			<item id="20686" losttest="2" iotype="AI" name="Sensor20686_S" textname="test sensor 20686"/>
			<item id="20687" losttest="2" iotype="AI" name="Sensor20687_S" textname="test sensor 20687"/>
			<item id="20688" losttest="2" iotype="AI" name="Sensor20688_S" textname="test sensor 20688"/>
			<item id="20689" losttest="2" iotype="AI" name="Sensor20689_S" textname="test sensor 20689"/>
			<item id="20690" losttest="2" iotype="AI" name="Sensor20690_S" textname="test sensor 20690"/>
			<item id="20691" losttest="2" iotype="AI" name="Sensor20691_S" textname="test sensor 20691"/>
			<item id="20692" losttest="2" iotype="AI" name="Sensor20692_S" textname="test sensor 20692"/>
			<item id="20693" losttest="2" iotype="AI" name="Sensor20693_S" textname="test sensor 20693"/>
			<item id="20694" losttest="2" iotype="AI" name="Sensor20694_S" textname="test sensor 20694"/>
			<item id="20695" losttest="2" iotype="AI" name="Sensor20695_S" textname="test sensor 20695"/>
			<item id="20696" losttest="2" iotype="AI" name="Sensor20696_S" textname="test sensor 20696"/>
			<item id="20697" losttest="2" iotype="AI" name="Sensor20697_S" textname="test sensor 20697"/>
			<item id="20698" losttest="2" iotype="AI" name="Sensor20698_S" textname="test sensor 20698"/>
			<item id="20699" losttest="2" iotype="AI" name="Sensor20699_S" textname="test sensor 20699"/>
			<item id="20700" losttest="2" iotype="AI" name="Sensor20700_S" textname="test sensor 20700"/>
			<item id="20701" losttest="2" iotype="AI" name="Sensor20701_S" textname="test sensor 20701"/>
			<item id="20702" losttest="2" iotype="AI" name="Sensor20702_S" textname="test sensor 20702"/>
			<item id="20703" losttest="2" iotype="AI" name="Sensor20703_S" textname="test sensor 20703"/>
			<item id="20704" losttest="2" iotype="AI" name="Sensor20704_S" textname="test sensor 20704"/>
			<item id="20705" losttest="2" iotype="AI" name="Sensor20705_S" textname="test sensor 20705"/>
			<item id="20706" losttest="2" iotype="AI" name="Sensor20706_S" textname="test sensor 20706"/>
			<item id="20707" losttest="2" iotype="AI" name="Sensor20707_S" textname="test sensor 20707"/>
			<item id="20708" losttest="2" iotype="AI" name="Sensor20708_S" textname="test sensor 20708"/>
			<item id="20709" losttest="2" iotype="AI" name="Sensor20709_S" textname="test sensor 20709"/>
			<item id="20710" losttest="2" iotype="AI" name="Sensor20710_S" textname="test sensor 20710"/>
			<item id="20711" losttest="2" iotype="AI" name="Sensor20711_S" textname="test sensor 20711"/>
			<item id="20712" losttest="2" iotype="AI" name="Sensor20712_S" textname="test sensor 20712"/>
			<item id="20713" losttest="2" iotype="AI" name="Sensor20713_S" textname="test sensor 20713"/>
			<item id="20714" losttest="2" iotype="AI" name="Sensor20714_S" textname="test sensor 20714"/>
			<item id="20715" losttest="2" iotype="AI" name="Sensor20715_S" textname="test sensor 20715"/>
			<item id="20716" losttest="2" iotype="AI" name="Sensor20716_S" textname="test sensor 20716"/>
			<item id="20717" losttest="2" iotype="AI" name="Sensor20717_S" textname="test sensor 20717"/>
			<item id="20718" losttest="2" iotype="AI" name="Sensor20718_S" textname="test sensor 20718"/>
			<item id="20719" losttest="2" iotype="AI" name="Sensor20719_S" textname="test sensor 20719"/>
			<item id="20720" losttest="2" iotype="AI" name="Sensor20720_S" textname="test sensor 20720"/>
			<item id="20721" losttest="2" iotype="AI" name="Sensor20721_S" textname="test sensor 20721"/>
			<item id="20722" losttest="2" iotype="AI" name="Sensor20722_S" textname="test sensor 20722"/>
			<item id="20723" losttest="2" iotype="AI" name="Sensor20723_S" textname="test sensor 20723"/>
			<item id="20724" losttest="2" iotype="AI" name="Sensor20724_S" textname="test sensor 20724"/>
			<item id="20725" losttest="2" iotype="AI" name="Sensor20725_S" textname="test sensor 20725"/>
			<item id="20726" losttest="2" iotype="AI" name="Sensor20726_S" textname="test sensor 20726"/>
			<item id="20727" losttest="2" iotype="AI" name="Sensor20727_S" textname="test sensor 20727"/>
			<item id="20728" losttest="2" iotype="AI" name="Sensor20728_S" textname="test sensor 20728"/>
			<item id="20729" losttest="2" iotype="AI" name="Sensor20729_S" textname="test sensor 20729"/>
			<item id="20730" losttest="2" iotype="AI" name="Sensor20730_S" textname="test sensor 20730"/>
			<item id="20731" losttest="2" iotype="AI" name="Sensor20731_S" textname="test sensor 20731"/>
			<item id="20732" losttest="2" iotype="AI" name="Sensor20732_S" textname="test sensor 20732"/>
			<item id="20733" losttest="2" iotype="AI" name="Sensor20733_S" textname="test sensor 20733"/>
			<item id="20734" losttest="2" iotype="AI" name="Sensor20734_S" textname="test sensor 20734"/>
			<item id="20735" losttest="2" iotype="AI" name="Sensor20735_S" textname="test sensor 20735"/>
			<item id="20736" losttest="2" iotype="AI" name="Sensor20736_S" textname="test sensor 20736"/>
			<item id="20737" losttest="2" iotype="AI" name="Sensor20737_S" textname="test sensor 20737"/>
			<item id="20738" losttest="2" iotype="AI" name="Sensor20738_S" textname="test sensor 20738"/>
			<item id="20739" losttest="2" iotype="AI" name="Sensor20739_S" textname="test sensor 20739"/>
			<item id="20740" losttest="2" iotype="AI" name="Sensor20740_S" textname="test sensor 20740"/>
			<item id="20741" losttest="2" iotype="AI" name="Sensor20741_S" textname="test sensor 20741"/>
			<item id="20742" losttest="2" iotype="AI" name="Sensor20742_S" textname="test sensor 20742"/>
			<item id="20743" losttest="2" iotype="AI" name="Sensor20743_S" textname="test sensor 20743"/>
			<item id="20744" losttest="2" iotype="AI" name="Sensor20744_S" textname="test sensor 20744"/>
			<item id="20745" losttest="2" iotype="AI" name="Sensor20745_S" textname="test sensor 20745"/>
			<item id="20746" losttest="2" iotype="AI" name="Sensor20746_S" textname="test sensor 20746"/>
			<item id="20747" losttest="2" iotype="AI" name="Sensor20747_S" textname="test sensor 20747"/>
			<item id="20748" losttest="2" iotype="AI" name="Sensor20748_S" textname="test sensor 20748"/>
			<item id="20749" losttest="2" iotype="AI" name="Sensor20749_S" textname="test sensor 20749"/>
			<item id="20750" losttest="2" iotype="AI" name="Sensor20750_S" textname="test sensor 20750"/>
			<item id="20751" losttest="2" iotype="AI" name="Sensor20751_S" textname="test sensor 20751"/>
			<item id="20752" losttest="2" iotype="AI" name="Sensor20752_S" textname="test sensor 20752"/>
			<item id="20753" losttest="2" iotype="AI" name="Sensor20753_S" textname="test sensor 20753"/>
			<item id="20754" losttest="2" iotype="AI" name="Sensor20754_S" textname="test sensor 20754"/>
			<item id="20755" losttest="2" iotype="AI" name="Sensor20755_S" textname="test sensor 20755"/>
			<item id="20756" losttest="2" iotype="AI" name="Sensor20756_S" textname="test sensor 20756"/>
			<item id="20757" losttest="2" iotype="AI" name="Sensor20757_S" textname="test sensor 20757"/>
			<item id="20758" losttest="2" iotype="AI" name="Sensor20758_S" textname="test sensor 20758"/>
			<item id="20759" losttest="2" iotype="AI" name="Sensor20759_S" textname="test sensor 20759"/>
			<item id="20760" losttest="2" iotype="AI" name="Sensor20760_S" textname="test sensor 20760"/>
			<item id="20761" losttest="2" iotype="AI" name="Sensor20761_S" textname="test sensor 20761"/>
			<item id="20762" losttest="2" iotype="AI" name="Sensor20762_S" textname="test sensor 20762"/>
			<item id="20763" losttest="2" iotype="AI" name="Sensor20763_S" textname="test sensor 20763"/>
			<item id="20764" losttest="2" iotype="AI" name="Sensor20764_S" textname="test sensor 20764"/>
			<item id="20765" losttest="2" iotype="AI" name="Sensor20765_S" textname="test sensor 20765"/>
			<item id="20766" losttest="2" iotype="AI" name="Sensor20766_S" textname="test sensor 20766"/>
			<item id="20767" losttest="2" iotype="AI" name="Sensor20767_S" textname="test sensor 20767"/>
			<item id="20768" losttest="2" iotype="AI" name="Sensor20768_S" textname="test sensor 20768"/>
			<item id="20769" losttest="2" iotype="AI" name="Sensor20769_S" textname="test sensor 20769"/>
			<item id="20770" losttest="2" iotype="AI" name="Sensor20770_S" textname="test sensor 20770"/>
			<item id="20771" losttest="2" iotype="AI" name="Sensor20771_S" textname="test sensor 20771"/>
			<item id="20772" losttest="2" iotype="AI" name="Sensor20772_S" textname="test sensor 20772"/>
			<item id="20773" losttest="2" iotype="AI" name="Sensor20773_S" textname="test sensor 20773"/>
			<item id="20774" losttest="2" iotype="AI" name="Sensor20774_S" textname="test sensor 20774"/>
			<item id="20775" losttest="2" iotype="AI" name="Sensor20775_S" textname="test sensor 20775"/>
			<item id="20776" losttest="2" iotype="AI" name="Sensor20776_S" textname="test sensor 20776"/>
			<item id="20777" losttest="2" iotype="AI" name="Sensor20777_S" textname="test sensor 20777"/>
			<item id="20778" losttest="2" iotype="AI" name="Sensor20778_S" textname="test sensor 20778"/>
			<item id="20779" losttest="2" iotype="AI" name="Sensor20779_S" textname="test sensor 20779"/>
			<item id="20780" losttest="2" iotype="AI" name="Sensor20780_S" textname="test sensor 20780"/>
			<item id="20781" losttest="2" iotype="AI" name="Sensor20781_S" textname="test sensor 20781"/>
			<item id="20782" losttest="2" iotype="AI" name="Sensor20782_S" textname="test sensor 20782"/>
			<item id="20783" losttest="2" iotype="AI" name="Sensor20783_S" textname="test sensor 20783"/>
			<item id="20784" losttest="2" iotype="AI" name="Sensor20784_S" textname="test sensor 20784"/>
			<item id="20785" losttest="2" iotype="AI" name="Sensor20785_S" textname="test sensor 20785"/>
			<item id="20786" losttest="2" iotype="AI" name="Sensor20786_S" textname="test sensor 20786"/>
			<item id="20787" losttest="2" iotype="AI" name="Sensor20787_S" textname="test sensor 20787"/>
			<item id="20788" losttest="2" iotype="AI" name="Sensor20788_S" textname="test sensor 20788"/>
			<item id="20789" losttest="2" iotype="AI" name="Sensor20789_S" textname="test sensor 20789"/>
			<item id="20790" losttest="2" iotype="AI" name="Sensor20790_S" textname="test sensor 20790"/>
			<item id="20791" losttest="2" iotype="AI" name="Sensor20791_S" textname="test sensor 20791"/>
			<item id="20792" losttest="2" iotype="AI" name="Sensor20792_S" textname="test sensor 20792"/>
			<item id="20793" losttest="2" iotype="AI" name="Sensor20793_S" textname="test sensor 20793"/>
			<item id="20794" losttest="2" iotype="AI" name="Sensor20794_S" textname="test sensor 20794"/>
			<item id="20795" losttest="2" iotype="AI" name="Sensor20795_S" textname="test sensor 20795"/>
			<item id="20796" losttest="2" iotype="AI" name="Sensor20796_S" textname="test sensor 20796"/>
			<item id="20797" losttest="2" iotype="AI" name="Sensor20797_S" textname="test sensor 20797"/>
			<item id="20798" losttest="2" iotype="AI" name="Sensor20798_S" textname="test sensor 20798"/>
			<item id="20799" losttest="2" iotype="AI" name="Sensor20799_S" textname="test sensor 20799"/>
			<item id="20800" losttest="2" iotype="AI" name="Sensor20800_S" textname="test sensor 20800"/>
			<item id="20801" losttest="2" iotype="AI" name="Sensor20801_S" textname="test sensor 20801"/>
			<item id="20802" losttest="2" iotype="AI" name="Sensor20802_S" textname="test sensor 20802"/>
			<item id="20803" losttest="2" iotype="AI" name="Sensor20803_S" textname="test sensor 20803"/>
			<item id="20804" losttest="2" iotype="AI" name="Sensor20804_S" textname="test sensor 20804"/>
			<item id="20805" losttest="2" iotype="AI" name="Sensor20805_S" textname="test sensor 20805"/>
			<item id="20806" losttest="2" iotype="AI" name="Sensor20806_S" textname="test sensor 20806"/>
			<item id="20807" losttest="2" iotype="AI" name="Sensor20807_S" textname="test sensor 20807"/>
			<item id="20808" losttest="2" iotype="AI" name="Sensor20808_S" textname="test sensor 20808"/>
			<item id="20809" losttest="2" iotype="AI" name="Sensor20809_S" textname="test sensor 20809"/>
			<item id="20810" losttest="2" iotype="AI" name="Sensor20810_S" textname="test sensor 20810"/>
			<item id="20811" losttest="2" iotype="AI" name="Sensor20811_S" textname="test sensor 20811"/>
			<item id="20812" losttest="2" iotype="AI" name="Sensor20812_S" textname="test sensor 20812"/>
			<item id="20813" losttest="2" iotype="AI" name="Sensor20813_S" textname="test sensor 20813"/>
			<item id="20814" losttest="2" iotype="AI" name="Sensor20814_S" textname="test sensor 20814"/>
			<item id="20815" losttest="2" iotype="AI" name="Sensor20815_S" textname="test sensor 20815"/>
			<item id="20816" losttest="2" iotype="AI" name="Sensor20816_S" textname="test sensor 20816"/>
			<item id="20817" losttest="2" iotype="AI" name="Sensor20817_S" textname="test sensor 20817"/>
			<item id="20818" losttest="2" iotype="AI" name="Sensor20818_S" textname="test sensor 20818"/>
			<item id="20819" losttest="2" iotype="AI" name="Sensor20819_S" textname="test sensor 20819"/>
			<item id="20820" losttest="2" iotype="AI" name="Sensor20820_S" textname="test sensor 20820"/>
			<item id="20821" losttest="2" iotype="AI" name="Sensor20821_S" textname="test sensor 20821"/>
			<item id="20822" losttest="2" iotype="AI" name="Sensor20822_S" textname="test sensor 20822"/>
			<item id="20823" losttest="2" iotype="AI" name="Sensor20823_S" textname="test sensor 20823"/>
			<item id="20824" losttest="2" iotype="AI" name="Sensor20824_S" textname="test sensor 20824"/>
			<item id="20825" losttest="2" iotype="AI" name="Sensor20825_S" textname="test sensor 20825"/>
			<item id="20826" losttest="2" iotype="AI" name="Sensor20826_S" textname="test sensor 20826"/>
			<item id="20827" losttest="2" iotype="AI" name="Sensor20827_S" textname="test sensor 20827"/>
			<item id="20828" losttest="2" iotype="AI" name="Sensor20828_S" textname="test sensor 20828"/>
			<item id="20829" losttest="2" iotype="AI" name="Sensor20829_S" textname="test sensor 20829"/>
			<item id="20830" losttest="2" iotype="AI" name="Sensor20830_S" textname="test sensor 20830"/>
			<item id="20831" losttest="2" iotype="AI" name="Sensor20831_S" textname="test sensor 20831"/>
			<item id="20832" losttest="2" iotype="AI" name="Sensor20832_S" textname="test sensor 20832"/>
			<item id="20833" losttest="2" iotype="AI" name="Sensor20833_S" textname="test sensor 20833"/>
			<item id="20834" losttest="2" iotype="AI" name="Sensor20834_S" textname="test sensor 20834"/>
			<item id="20835" losttest="2" iotype="AI" name="Sensor20835_S" textname="test sensor 20835"/>
			<item id="20836" losttest="2" iotype="AI" name="Sensor20836_S" textname="test sensor 20836"/>
			<item id="20837" losttest="2" iotype="AI" name="Sensor20837_S" textname="test sensor 20837"/>
			<item id="20838" losttest="2" iotype="AI" name="Sensor20838_S" textname="test sensor 20838"/>
			<item id="20839" losttest="2" iotype="AI" name="Sensor20839_S" textname="test sensor 20839"/>
			<item id="20840" losttest="2" iotype="AI" name="Sensor20840_S" textname="test sensor 20840"/>
			<item id="20841" losttest="2" iotype="AI" name="Sensor20841_S" textname="test sensor 20841"/>
			<item id="20842" losttest="2" iotype="AI" name="Sensor20842_S" textname="test sensor 20842"/>
			<item id="20843" losttest="2" iotype="AI" name="Sensor20843_S" textname="test sensor 20843"/>
			<item id="20844" losttest="2" iotype="AI" name="Sensor20844_S" textname="test sensor 20844"/>
			<item id="20845" losttest="2" iotype="AI" name="Sensor20845_S" textname="test sensor 20845"/>
			<item id="20846" losttest="2" iotype="AI" name="Sensor20846_S" textname="test sensor 20846"/>
			<item id="20847" losttest="2" iotype="AI" name="Sensor20847_S" textname="test sensor 20847"/>
			<item id="20848" losttest="2" iotype="AI" name="Sensor20848_S" textname="test sensor 20848"/>
			<item id="20849" losttest="2" iotype="AI" name="Sensor20849_S" textname="test sensor 20849"/>
			<item id="20850" losttest="2" iotype="AI" name="Sensor20850_S" textname="test sensor 20850"/>
			<item id="20851" losttest="2" iotype="AI" name="Sensor20851_S" textname="test sensor 20851"/>
			<item id="20852" losttest="2" iotype="AI" name="Sensor20852_S" textname="test sensor 20852"/>
			<item id="20853" losttest="2" iotype="AI" name="Sensor20853_S" textname="test sensor 20853"/>
			<item id="20854" losttest="2" iotype="AI" name="Sensor20854_S" textname="test sensor 20854"/>
			<item id="20855" losttest="2" iotype="AI" name="Sensor20855_S" textname="test sensor 20855"/>
			<item id="20856" losttest="2" iotype="AI" name="Sensor20856_S" textname="test sensor 20856"/>
			<item id="20857" losttest="2" iotype="AI" name="Sensor20857_S" textname="test sensor 20857"/>
			<item id="20858" losttest="2" iotype="AI" name="Sensor20858_S" textname="test sensor 20858"/>
			<item id="20859" losttest="2" iotype="AI" name="Sensor20859_S" textname="test sensor 20859"/>
			<item id="20860" losttest="2" iotype="AI" name="Sensor20860_S" textname="test sensor 20860"/>
			<item id="20861" losttest="2" iotype="AI" name="Sensor20861_S" textname="test sensor 20861"/>
			<item id="20862" losttest="2" iotype="AI" name="Sensor20862_S" textname="test sensor 20862"/>
			<item id="20863" losttest="2" iotype="AI" name="Sensor20863_S" textname="test sensor 20863"/>
			<item id="20864" losttest="2" iotype="AI" name="Sensor20864_S" textname="test sensor 20864"/>
			<item id="20865" losttest="2" iotype="AI" name="Sensor20865_S" textname="test sensor 20865"/>
			<item id="20866" losttest="2" iotype="AI" name="Sensor20866_S" textname="test sensor 20866"/>
			<item id="20867" losttest="2" iotype="AI" name="Sensor20867_S" textname="test sensor 20867"/>
			<item id="20868" losttest="2" iotype="AI" name="Sensor20868_S" textname="test sensor 20868"/>
			<item id="20869" losttest="2" iotype="AI" name="Sensor20869_S" textname="test sensor 20869"/>
			<item id="20870" losttest="2" iotype="AI" name="Sensor20870_S" textname="test sensor 20870"/>
			<item id="20871" losttest="2" iotype="AI" name="Sensor20871_S" textname="test sensor 20871"/>
			<item id="20872" losttest="2" iotype="AI" name="Sensor20872_S" textname="test sensor 20872"/>
			<item id="20873" losttest="2" iotype="AI" name="Sensor20873_S" textname="test sensor 20873"/>
			<item id="20874" losttest="2" iotype="AI" name="Sensor20874_S" textname="test sensor 20874"/>
			<item id="20875" losttest="2" iotype="AI" name="Sensor20875_S" textname="test sensor 20875"/>
			<item id="20876" losttest="2" iotype="AI" name="Sensor20876_S" textname="test sensor 20876"/>
			<item id="20877" losttest="2" iotype="AI" name="Sensor20877_S" textname="test sensor 20877"/>
			<item id="20878" losttest="2" iotype="AI" name="Sensor20878_S" textname="test sensor 20878"/>
			<item id="20879" losttest="2" iotype="AI" name="Sensor20879_S" textname="test sensor 20879"/>
			<item id="20880" losttest="2" iotype="AI" name="Sensor20880_S" textname="test sensor 20880"/>
			<item id="20881" losttest="2" iotype="AI" name="Sensor20881_S" textname="test sensor 20881"/>
			<item id="20882" losttest="2" iotype="AI" name="Sensor20882_S" textname="test sensor 20882"/>
			<item id="20883" losttest="2" iotype="AI" name="Sensor20883_S" textname="test sensor 20883"/>
			<item id="20884" losttest="2" iotype="AI" name="Sensor20884_S" textname="test sensor 20884"/>
			<item id="20885" losttest="2" iotype="AI" name="Sensor20885_S" textname="test sensor 20885"/>
			<item id="20886" losttest="2" iotype="AI" name="Sensor20886_S" textname="test sensor 20886"/>
			<item id="20887" losttest="2" iotype="AI" name="Sensor20887_S" textname="test sensor 20887"/>
			<item id="20888" losttest="2" iotype="AI" name="Sensor20888_S" textname="test sensor 20888"/>
			<item id="20889" losttest="2" iotype="AI" name="Sensor20889_S" textname="test sensor 20889"/>
			<item id="20890" losttest="2" iotype="AI" name="Sensor20890_S" textname="test sensor 20890"/>
			<item id="20891" losttest="2" iotype="AI" name="Sensor20891_S" textname="test sensor 20891"/>
			<item id="20892" losttest="2" iotype="AI" name="Sensor20892_S" textname="test sensor 20892"/>
			<item id="20893" losttest="2" iotype="AI" name="Sensor20893_S" textname="test sensor 20893"/>
			<item id="20894" losttest="2" iotype="AI" name="Sensor20894_S" textname="test sensor 20894"/>
			<item id="20895" losttest="2" iotype="AI" name="Sensor20895_S" textname="test sensor 20895"/>
			<item id="20896" losttest="2" iotype="AI" name="Sensor20896_S" textname="test sensor 20896"/>
			<item id="20897" losttest="2" iotype="AI" name="Sensor20897_S" textname="test sensor 20897"/>
			<item id="20898" losttest="2" iotype="AI" name="Sensor20898_S" textname="test sensor 20898"/>
			<item id="20899" losttest="2" iotype="AI" name="Sensor20899_S" textname="test sensor 20899"/>
			<item id="20900" losttest="2" iotype="AI" name="Sensor20900_S" textname="test sensor 20900"/>
			<item id="20901" losttest="2" iotype="AI" name="Sensor20901_S" textname="test sensor 20901"/>
			<item id="20902" losttest="2" iotype="AI" name="Sensor20902_S" textname="test sensor 20902"/>
			<item id="20903" losttest="2" iotype="AI" name="Sensor20903_S" textname="test sensor 20903"/>
			<item id="20904" losttest="2" iotype="AI" name="Sensor20904_S" textname="test sensor 20904"/>
			<item id="20905" losttest="2" iotype="AI" name="Sensor20905_S" textname="test sensor 20905"/>
			<item id="20906" losttest="2" iotype="AI" name="Sensor20906_S" textname="test sensor 20906"/>
			<item id="20907" losttest="2" iotype="AI" name="Sensor20907_S" textname="test sensor 20907"/>
			<item id="20908" losttest="2" iotype="AI" name="Sensor20908_S" textname="test sensor 20908"/>
			<item id="20909" losttest="2" iotype="AI" name="Sensor20909_S" textname="test sensor 20909"/>
			<item id="20910" losttest="2" iotype="AI" name="Sensor20910_S" textname="test sensor 20910"/>
			<item id="20911" losttest="2" iotype="AI" name="Sensor20911_S" textname="test sensor 20911"/>
			<item id="20912" losttest="2" iotype="AI" name="Sensor20912_S" textname="test sensor 20912"/>
			<item id="20913" losttest="2" iotype="AI" name="Sensor20913_S" textname="test sensor 20913"/>
			<item id="20914" losttest="2" iotype="AI" name="Sensor20914_S" textname="test sensor 20914"/>
			<item id="20915" losttest="2" iotype="AI" name="Sensor20915_S" textname="test sensor 20915"/>
			<item id="20916" losttest="2" iotype="AI" name="Sensor20916_S" textname="test sensor 20916"/>
			<item id="20917" losttest="2" iotype="AI" name="Sensor20917_S" textname="test sensor 20917"/>
			<item id="20918" losttest="2" iotype="AI" name="Sensor20918_S" textname="test sensor 20918"/>
			<item id="20919" losttest="2" iotype="AI" name="Sensor20919_S" textname="test sensor 20919"/>
			<item id="20920" losttest="2" iotype="AI" name="Sensor20920_S" textname="test sensor 20920"/>
			<item id="20921" losttest="2" iotype="AI" name="Sensor20921_S" textname="test sensor 20921"/>
			<item id="20922" losttest="2" iotype="AI" name="Sensor20922_S" textname="test sensor 20922"/>
			<item id="20923" losttest="2" iotype="AI" name="Sensor20923_S" textname="test sensor 20923"/>
			<item id="20924" losttest="2" iotype="AI" name="Sensor20924_S" textname="test sensor 20924"/>
			<item id="20925" losttest="2" iotype="AI" name="Sensor20925_S" textname="test sensor 20925"/>
			<item id="20926" losttest="2" iotype="AI" name="Sensor20926_S" textname="test sensor 20926"/>
			<item id="20927" losttest="2" iotype="AI" name="Sensor20927_S" textname="test sensor 20927"/>
			<item id="20928" losttest="2" iotype="AI" name="Sensor20928_S" textname="test sensor 20928"/>
			<item id="20929" losttest="2" iotype="AI" name="Sensor20929_S" textname="test sensor 20929"/>
			<item id="20930" losttest="2" iotype="AI" name="Sensor20930_S" textname="test sensor 20930"/>
			<item id="20931" losttest="2" iotype="AI" name="Sensor20931_S" textname="test sensor 20931"/>
			<item id="20932" losttest="2" iotype="AI" name="Sensor20932_S" textname="test sensor 20932"/>
			<item id="20933" losttest="2" iotype="AI" name="Sensor20933_S" textname="test sensor 20933"/>
			<item id="20934" losttest="2" iotype="AI" name="Sensor20934_S" textname="test sensor 20934"/>
			<item id="20935" losttest="2" iotype="AI" name="Sensor20935_S" textname="test sensor 20935"/>
			<item id="20936" losttest="2" iotype="AI" name="Sensor20936_S" textname="test sensor 20936"/>
			<item id="20937" losttest="2" iotype="AI" name="Sensor20937_S" textname="test sensor 20937"/>
			<item id="20938" losttest="2" iotype="AI" name="Sensor20938_S" textname="test sensor 20938"/>
			<item id="20939" losttest="2" iotype="AI" name="Sensor20939_S" textname="test sensor 20939"/>
			<item id="20940" losttest="2" iotype="AI" name="Sensor20940_S" textname="test sensor 20940"/>
			<item id="20941" losttest="2" iotype="AI" name="Sensor20941_S" textname="test sensor 20941"/>
			<item id="20942" losttest="2" iotype="AI" name="Sensor20942_S" textname="test sensor 20942"/>
			<item id="20943" losttest="2" iotype="AI" name="Sensor20943_S" textname="test sensor 20943"/>
			<item id="20944" losttest="2" iotype="AI" name="Sensor20944_S" textname="test sensor 20944"/>
			<item id="20945" losttest="2" iotype="AI" name="Sensor20945_S" textname="test sensor 20945"/>
			<item id="20946" losttest="2" iotype="AI" name="Sensor20946_S" textname="test sensor 20946"/>
			<item id="20947" losttest="2" iotype="AI" name="Sensor20947_S" textname="test sensor 20947"/>
			<item id="20948" losttest="2" iotype="AI" name="Sensor20948_S" textname="test sensor 20948"/>
			<item id="20949" losttest="2" iotype="AI" name="Sensor20949_S" textname="test sensor 20949"/>
			<item id="20950" losttest="2" iotype="AI" name="Sensor20950_S" textname="test sensor 20950"/>
			<item id="20951" losttest="2" iotype="AI" name="Sensor20951_S" textname="test sensor 20951"/>
			<item id="20952" losttest="2" iotype="AI" name="Sensor20952_S" textname="test sensor 20952"/>
			<item id="20953" losttest="2" iotype="AI" name="Sensor20953_S" textname="test sensor 20953"/>
			<item id="20954" losttest="2" iotype="AI" name="Sensor20954_S" textname="test sensor 20954"/>
			<item id="20955" losttest="2" iotype="AI" name="Sensor20955_S" textname="test sensor 20955"/>
			<item id="20956" losttest="2" iotype="AI" name="Sensor20956_S" textname="test sensor 20956"/>
			<item id="20957" losttest="2" iotype="AI" name="Sensor20957_S" textname="test sensor 20957"/>
			<item id="20958" losttest="2" iotype="AI" name="Sensor20958_S" textname="test sensor 20958"/>
			<item id="20959" losttest="2" iotype="AI" name="Sensor20959_S" textname="test sensor 20959"/>
			<item id="20960" losttest="2" iotype="AI" name="Sensor20960_S" textname="test sensor 20960"/>
			<item id="20961" losttest="2" iotype="AI" name="Sensor20961_S" textname="test sensor 20961"/>
			<item id="20962" losttest="2" iotype="AI" name="Sensor20962_S" textname="test sensor 20962"/>
			<item id="20963" losttest="2" iotype="AI" name="Sensor20963_S" textname="test sensor 20963"/>
			<item id="20964" losttest="2" iotype="AI" name="Sensor20964_S" textname="test sensor 20964"/>
			<item id="20965" losttest="2" iotype="AI" name="Sensor20965_S" textname="test sensor 20965"/>
			<item id="20966" losttest="2" iotype="AI" name="Sensor20966_S" textname="test sensor 20966"/>
			<item id="20967" losttest="2" iotype="AI" name="Sensor20967_S" textname="test sensor 20967"/>
			<item id="20968" losttest="2" iotype="AI" name="Sensor20968_S" textname="test sensor 20968"/>
			<item id="20969" losttest="2" iotype="AI" name="Sensor20969_S" textname="test sensor 20969"/>
			<item id="20970" losttest="2" iotype="AI" name="Sensor20970_S" textname="test sensor 20970"/>
			<item id="20971" losttest="2" iotype="AI" name="Sensor20971_S" textname="test sensor 20971"/>
			<item id="20972" losttest="2" iotype="AI" name="Sensor20972_S" textname="test sensor 20972"/>
			<item id="20973" losttest="2" iotype="AI" name="Sensor20973_S" textname="test sensor 20973"/>
			<item id="20974" losttest="2" iotype="AI" name="Sensor20974_S" textname="test sensor 20974"/>
			<item id="20975" losttest="2" iotype="AI" name="Sensor20975_S" textname="test sensor 20975"/>
			<item id="20976" losttest="2" iotype="AI" name="Sensor20976_S" textname="test sensor 20976"/>
			<item id="20977" losttest="2" iotype="AI" name="Sensor20977_S" textname="test sensor 20977"/>
			<item id="20978" losttest="2" iotype="AI" name="Sensor20978_S" textname="test sensor 20978"/>
			<item id="20979" losttest="2" iotype="AI" name="Sensor20979_S" textname="test sensor 20979"/>
			<item id="20980" losttest="2" iotype="AI" name="Sensor20980_S" textname="test sensor 20980"/>
			<item id="20981" losttest="2" iotype="AI" name="Sensor20981_S" textname="test sensor 20981"/>
			<item id="20982" losttest="2" iotype="AI" name="Sensor20982_S" textname="test sensor 20982"/>
			<item id="20983" losttest="2" iotype="AI" name="Sensor20983_S" textname="test sensor 20983"/>
			<item id="20984" losttest="2" iotype="AI" name="Sensor20984_S" textname="test sensor 20984"/>
			<item id="20985" losttest="2" iotype="AI" name="Sensor20985_S" textname="test sensor 20985"/>
			<item id="20986" losttest="2" iotype="AI" name="Sensor20986_S" textname="test sensor 20986"/>
			<item id="20987" losttest="2" iotype="AI" name="Sensor20987_S" textname="test sensor 20987"/>
			<item id="20988" losttest="2" iotype="AI" name="Sensor20988_S" textname="test sensor 20988"/>
			<item id="20989" losttest="2" iotype="AI" name="Sensor20989_S" textname="test sensor 20989"/>
			<item id="20990" losttest="2" iotype="AI" name="Sensor20990_S" textname="test sensor 20990"/>
			<item id="20991" losttest="2" iotype="AI" name="Sensor20991_S" textname="test sensor 20991"/>
			<item id="20992" losttest="2" iotype="AI" name="Sensor20992_S" textname="test sensor 20992"/>
			<item id="20993" losttest="2" iotype="AI" name="Sensor20993_S" textname="test sensor 20993"/>
			<item id="20994" losttest="2" iotype="AI" name="Sensor20994_S" textname="test sensor 20994"/>
			<item id="20995" losttest="2" iotype="AI" name="Sensor20995_S" textname="test sensor 20995"/>
			<item id="20996" losttest="2" iotype="AI" name="Sensor20996_S" textname="test sensor 20996"/>
			<item id="20997" losttest="2" iotype="AI" name="Sensor20997_S" textname="test sensor 20997"/>
			<item id="20998" losttest="2" iotype="AI" name="Sensor20998_S" textname="test sensor 20998"/>
			<item id="20999" losttest="2" iotype="AI" name="Sensor20999_S" textname="test sensor 20999"/>
			<item id="21000" losttest="2" iotype="AI" name="Sensor21000_S" textname="test sensor 21000"/>
			<item id="21001" losttest="2" iotype="AI" name="Sensor21001_S" textname="test sensor 21001"/>
			<item id="21002" losttest="2" iotype="AI" name="Sensor21002_S" textname="test sensor 21002"/>
			<item id="21003" losttest="2" iotype="AI" name="Sensor21003_S" textname="test sensor 21003"/>
			<item id="21004" losttest="2" iotype="AI" name="Sensor21004_S" textname="test sensor 21004"/>
			<item id="21005" losttest="2" iotype="AI" name="Sensor21005_S" textname="test sensor 21005"/>
			<item id="21006" losttest="2" iotype="AI" name="Sensor21006_S" textname="test sensor 21006"/>
			<item id="21007" losttest="2" iotype="AI" name="Sensor21007_S" textname="test sensor 21007"/>
			<item id="21008" losttest="2" iotype="AI" name="Sensor21008_S" textname="test sensor 21008"/>
			<item id="21009" losttest="2" iotype="AI" name="Sensor21009_S" textname="test sensor 21009"/>
			<item id="21010" losttest="2" iotype="AI" name="Sensor21010_S" textname="test sensor 21010"/>
			<item id="21011" losttest="2" iotype="AI" name="Sensor21011_S" textname="test sensor 21011"/>
			<item id="21012" losttest="2" iotype="AI" name="Sensor21012_S" textname="test sensor 21012"/>
			<item id="21013" losttest="2" iotype="AI" name="Sensor21013_S" textname="test sensor 21013"/>
			<item id="21014" losttest="2" iotype="AI" name="Sensor21014_S" textname="test sensor 21014"/>
			<item id="21015" losttest="2" iotype="AI" name="Sensor21015_S" textname="test sensor 21015"/>
			<item id="21016" losttest="2" iotype="AI" name="Sensor21016_S" textname="test sensor 21016"/>
			<item id="21017" losttest="2" iotype="AI" name="Sensor21017_S" textname="test sensor 21017"/>
			<item id="21018" losttest="2" iotype="AI" name="Sensor21018_S" textname="test sensor 21018"/>
			<item id="21019" losttest="2" iotype="AI" name="Sensor21019_S" textname="test sensor 21019"/>
			<item id="21020" losttest="2" iotype="AI" name="Sensor21020_S" textname="test sensor 21020"/>
			<item id="21021" losttest="2" iotype="AI" name="Sensor21021_S" textname="test sensor 21021"/>
			<item id="21022" losttest="2" iotype="AI" name="Sensor21022_S" textname="test sensor 21022"/>
			<item id="21023" losttest="2" iotype="AI" name="Sensor21023_S" textname="test sensor 21023"/>
			<item id="21024" losttest="2" iotype="AI" name="Sensor21024_S" textname="test sensor 21024"/>
			<item id="21025" losttest="2" iotype="AI" name="Sensor21025_S" textname="test sensor 21025"/>
			<item id="21026" losttest="2" iotype="AI" name="Sensor21026_S" textname="test sensor 21026"/>
			<item id="21027" losttest="2" iotype="AI" name="Sensor21027_S" textname="test sensor 21027"/>
			<item id="21028" losttest="2" iotype="AI" name="Sensor21028_S" textname="test sensor 21028"/>
			<item id="21029" losttest="2" iotype="AI" name="Sensor21029_S" textname="test sensor 21029"/>
			<item id="21030" losttest="2" iotype="AI" name="Sensor21030_S" textname="test sensor 21030"/>
			<item id="21031" losttest="2" iotype="AI" name="Sensor21031_S" textname="test sensor 21031"/>
			<item id="21032" losttest="2" iotype="AI" name="Sensor21032_S" textname="test sensor 21032"/>
			<item id="21033" losttest="2" iotype="AI" name="Sensor21033_S" textname="test sensor 21033"/>
			<item id="21034" losttest="2" iotype="AI" name="Sensor21034_S" textname="test sensor 21034"/>
			<item id="21035" losttest="2" iotype="AI" name="Sensor21035_S" textname="test sensor 21035"/>
			<item id="21036" losttest="2" iotype="AI" name="Sensor21036_S" textname="test sensor 21036"/>
			<item id="21037" losttest="2" iotype="AI" name="Sensor21037_S" textname="test sensor 21037"/>
			<item id="21038" losttest="2" iotype="AI" name="Sensor21038_S" textname="test sensor 21038"/>
			<item id="21039" losttest="2" iotype="AI" name="Sensor21039_S" textname="test sensor 21039"/>
			<item id="21040" losttest="2" iotype="AI" name="Sensor21040_S" textname="test sensor 21040"/>
			<item id="21041" losttest="2" iotype="AI" name="Sensor21041_S" textname="test sensor 21041"/>
			<item id="21042" losttest="2" iotype="AI" name="Sensor21042_S" textname="test sensor 21042"/>
			<item id="21043" losttest="2" iotype="AI" name="Sensor21043_S" textname="test sensor 21043"/>
			<item id="21044" losttest="2" iotype="AI" name="Sensor21044_S" textname="test sensor 21044"/>
			<item id="21045" losttest="2" iotype="AI" name="Sensor21045_S" textname="test sensor 21045"/>
			<item id="21046" losttest="2" iotype="AI" name="Sensor21046_S" textname="test sensor 21046"/>
			<item id="21047" losttest="2" iotype="AI" name="Sensor21047_S" textname="test sensor 21047"/>
			<item id="21048" losttest="2" iotype="AI" name="Sensor21048_S" textname="test sensor 21048"/>
			<item id="21049" losttest="2" iotype="AI" name="Sensor21049_S" textname="test sensor 21049"/>
			<item id="21050" losttest="2" iotype="AI" name="Sensor21050_S" textname="test sensor 21050"/>
			<item id="21051" losttest="2" iotype="AI" name="Sensor21051_S" textname="test sensor 21051"/>
			<item id="21052" losttest="2" iotype="AI" name="Sensor21052_S" textname="test sensor 21052"/>
			<item id="21053" losttest="2" iotype="AI" name="Sensor21053_S" textname="test sensor 21053"/>
			<item id="21054" losttest="2" iotype="AI" name="Sensor21054_S" textname="test sensor 21054"/>
			<item id="21055" losttest="2" iotype="AI" name="Sensor21055_S" textname="test sensor 21055"/>
			<item id="21056" losttest="2" iotype="AI" name="Sensor21056_S" textname="test sensor 21056"/>
			<item id="21057" losttest="2" iotype="AI" name="Sensor21057_S" textname="test sensor 21057"/>
			<item id="21058" losttest="2" iotype="AI" name="Sensor21058_S" textname="test sensor 21058"/>
			<item id="21059" losttest="2" iotype="AI" name="Sensor21059_S" textname="test sensor 21059"/>
			<item id="21060" losttest="2" iotype="AI" name="Sensor21060_S" textname="test sensor 21060"/>
			<item id="21061" losttest="2" iotype="AI" name="Sensor21061_S" textname="test sensor 21061"/>
			<item id="21062" losttest="2" iotype="AI" name="Sensor21062_S" textname="test sensor 21062"/>
			<item id="21063" losttest="2" iotype="AI" name="Sensor21063_S" textname="test sensor 21063"/>
			<item id="21064" losttest="2" iotype="AI" name="Sensor21064_S" textname="test sensor 21064"/>
			<item id="21065" losttest="2" iotype="AI" name="Sensor21065_S" textname="test sensor 21065"/>
			<item id="21066" losttest="2" iotype="AI" name="Sensor21066_S" textname="test sensor 21066"/>
			<item id="21067" losttest="2" iotype="AI" name="Sensor21067_S" textname="test sensor 21067"/>
			<item id="21068" losttest="2" iotype="AI" name="Sensor21068_S" textname="test sensor 21068"/>
			<item id="21069" losttest="2" iotype="AI" name="Sensor21069_S" textname="test sensor 21069"/>
			<item id="21070" losttest="2" iotype="AI" name="Sensor21070_S" textname="test sensor 21070"/>
			<item id="21071" losttest="2" iotype="AI" name="Sensor21071_S" textname="test sensor 21071"/>
			<item id="21072" losttest="2" iotype="AI" name="Sensor21072_S" textname="test sensor 21072"/>
			<item id="21073" losttest="2" iotype="AI" name="Sensor21073_S" textname="test sensor 21073"/>
			<item id="21074" losttest="2" iotype="AI" name="Sensor21074_S" textname="test sensor 21074"/>
			<item id="21075" losttest="2" iotype="AI" name="Sensor21075_S" textname="test sensor 21075"/>
			<item id="21076" losttest="2" iotype="AI" name="Sensor21076_S" textname="test sensor 21076"/>
			<item id="21077" losttest="2" iotype="AI" name="Sensor21077_S" textname="test sensor 21077"/>
			<item id="21078" losttest="2" iotype="AI" name="Sensor21078_S" textname="test sensor 21078"/>
			<item id="21079" losttest="2" iotype="AI" name="Sensor21079_S" textname="test sensor 21079"/>
			<item id="21080" losttest="2" iotype="AI" name="Sensor21080_S" textname="test sensor 21080"/>
			<item id="21081" losttest="2" iotype="AI" name="Sensor21081_S" textname="test sensor 21081"/>
			<item id="21082" losttest="2" iotype="AI" name="Sensor21082_S" textname="test sensor 21082"/>
			<item id="21083" losttest="2" iotype="AI" name="Sensor21083_S" textname="test sensor 21083"/>
			<item id="21084" losttest="2" iotype="AI" name="Sensor21084_S" textname="test sensor 21084"/>
			<item id="21085" losttest="2" iotype="AI" name="Sensor21085_S" textname="test sensor 21085"/>
			<item id="21086" losttest="2" iotype="AI" name="Sensor21086_S" textname="test sensor 21086"/>
			<item id="21087" losttest="2" iotype="AI" name="Sensor21087_S" textname="test sensor 21087"/>
			<item id="21088" losttest="2" iotype="AI" name="Sensor21088_S" textname="test sensor 21088"/>
			<item id="21089" losttest="2" iotype="AI" name="Sensor21089_S" textname="test sensor 21089"/>
			<item id="21090" losttest="2" iotype="AI" name="Sensor21090_S" textname="test sensor 21090"/>
			<item id="21091" losttest="2" iotype="AI" name="Sensor21091_S" textname="test sensor 21091"/>
			<item id="21092" losttest="2" iotype="AI" name="Sensor21092_S" textname="test sensor 21092"/>
			<item id="21093" losttest="2" iotype="AI" name="Sensor21093_S" textname="test sensor 21093"/>
			<item id="21094" losttest="2" iotype="AI" name="Sensor21094_S" textname="test sensor 21094"/>
			<item id="21095" losttest="2" iotype="AI" name="Sensor21095_S" textname="test sensor 21095"/>
			<item id="21096" losttest="2" iotype="AI" name="Sensor21096_S" textname="test sensor 21096"/>
			<item id="21097" losttest="2" iotype="AI" name="Sensor21097_S" textname="test sensor 21097"/>
			<item id="21098" losttest="2" iotype="AI" name="Sensor21098_S" textname="test sensor 21098"/>
			<item id="21099" losttest="2" iotype="AI" name="Sensor21099_S" textname="test sensor 21099"/>
			<item id="21100" losttest="2" iotype="AI" name="Sensor21100_S" textname="test sensor 21100"/>
			<item id="21101" losttest="2" iotype="AI" name="Sensor21101_S" textname="test sensor 21101"/>
			<item id="21102" losttest="2" iotype="AI" name="Sensor21102_S" textname="test sensor 21102"/>
			<item id="21103" losttest="2" iotype="AI" name="Sensor21103_S" textname="test sensor 21103"/>
			<item id="21104" losttest="2" iotype="AI" name="Sensor21104_S" textname="test sensor 21104"/>
			<item id="21105" losttest="2" iotype="AI" name="Sensor21105_S" textname="test sensor 21105"/>
			<item id="21106" losttest="2" iotype="AI" name="Sensor21106_S" textname="test sensor 21106"/>
			<item id="21107" losttest="2" iotype="AI" name="Sensor21107_S" textname="test sensor 21107"/>
			<item id="21108" losttest="2" iotype="AI" name="Sensor21108_S" textname="test sensor 21108"/>
			<item id="21109" losttest="2" iotype="AI" name="Sensor21109_S" textname="test sensor 21109"/>
			<item id="21110" losttest="2" iotype="AI" name="Sensor21110_S" textname="test sensor 21110"/>
			<item id="21111" losttest="2" iotype="AI" name="Sensor21111_S" textname="test sensor 21111"/>
			<item id="21112" losttest="2" iotype="AI" name="Sensor21112_S" textname="test sensor 21112"/>
			<item id="21113" losttest="2" iotype="AI" name="Sensor21113_S" textname="test sensor 21113"/>
			<item id="21114" losttest="2" iotype="AI" name="Sensor21114_S" textname="test sensor 21114"/>
			<item id="21115" losttest="2" iotype="AI" name="Sensor21115_S" textname="test sensor 21115"/>
			<item id="21116" losttest="2" iotype="AI" name="Sensor21116_S" textname="test sensor 21116"/>
			<item id="21117" losttest="2" iotype="AI" name="Sensor21117_S" textname="test sensor 21117"/>
			<item id="21118" losttest="2" iotype="AI" name="Sensor21118_S" textname="test sensor 21118"/>
			<item id="21119" losttest="2" iotype="AI" name="Sensor21119_S" textname="test sensor 21119"/>
			<item id="21120" losttest="2" iotype="AI" name="Sensor21120_S" textname="test sensor 21120"/>
			<item id="21121" losttest="2" iotype="AI" name="Sensor21121_S" textname="test sensor 21121"/>
			<item id="21122" losttest="2" iotype="AI" name="Sensor21122_S" textname="test sensor 21122"/>
			<item id="21123" losttest="2" iotype="AI" name="Sensor21123_S" textname="test sensor 21123"/>
			<item id="21124" losttest="2" iotype="AI" name="Sensor21124_S" textname="test sensor 21124"/>
			<item id="21125" losttest="2" iotype="AI" name="Sensor21125_S" textname="test sensor 21125"/>
			<item id="21126" losttest="2" iotype="AI" name="Sensor21126_S" textname="test sensor 21126"/>
			<item id="21127" losttest="2" iotype="AI" name="Sensor21127_S" textname="test sensor 21127"/>
			<item id="21128" losttest="2" iotype="AI" name="Sensor21128_S" textname="test sensor 21128"/>
			<item id="21129" losttest="2" iotype="AI" name="Sensor21129_S" textname="test sensor 21129"/>
			<item id="21130" losttest="2" iotype="AI" name="Sensor21130_S" textname="test sensor 21130"/>
			<item id="21131" losttest="2" iotype="AI" name="Sensor21131_S" textname="test sensor 21131"/>
			<item id="21132" losttest="2" iotype="AI" name="Sensor21132_S" textname="test sensor 21132"/>
			<item id="21133" losttest="2" iotype="AI" name="Sensor21133_S" textname="test sensor 21133"/>
			<item id="21134" losttest="2" iotype="AI" name="Sensor21134_S" textname="test sensor 21134"/>
			<item id="21135" losttest="2" iotype="AI" name="Sensor21135_S" textname="test sensor 21135"/>
			<item id="21136" losttest="2" iotype="AI" name="Sensor21136_S" textname="test sensor 21136"/>
			<item id="21137" losttest="2" iotype="AI" name="Sensor21137_S" textname="test sensor 21137"/>
			<item id="21138" losttest="2" iotype="AI" name="Sensor21138_S" textname="test sensor 21138"/>
			<item id="21139" losttest="2" iotype="AI" name="Sensor21139_S" textname="test sensor 21139"/>
			<item id="21140" losttest="2" iotype="AI" name="Sensor21140_S" textname="test sensor 21140"/>
			<item id="21141" losttest="2" iotype="AI" name="Sensor21141_S" textname="test sensor 21141"/>
			<item id="21142" losttest="2" iotype="AI" name="Sensor21142_S" textname="test sensor 21142"/>
			<item id="21143" losttest="2" iotype="AI" name="Sensor21143_S" textname="test sensor 21143"/>
			<item id="21144" losttest="2" iotype="AI" name="Sensor21144_S" textname="test sensor 21144"/>
			<item id="21145" losttest="2" iotype="AI" name="Sensor21145_S" textname="test sensor 21145"/>
			<item id="21146" losttest="2" iotype="AI" name="Sensor21146_S" textname="test sensor 21146"/>
			<item id="21147" losttest="2" iotype="AI" name="Sensor21147_S" textname="test sensor 21147"/>
			<item id="21148" losttest="2" iotype="AI" name="Sensor21148_S" textname="test sensor 21148"/>
			<item id="21149" losttest="2" iotype="AI" name="Sensor21149_S" textname="test sensor 21149"/>
			<item id="21150" losttest="2" iotype="AI" name="Sensor21150_S" textname="test sensor 21150"/>
			<item id="21151" losttest="2" iotype="AI" name="Sensor21151_S" textname="test sensor 21151"/>
			<item id="21152" losttest="2" iotype="AI" name="Sensor21152_S" textname="test sensor 21152"/>
			<item id="21153" losttest="2" iotype="AI" name="Sensor21153_S" textname="test sensor 21153"/>
			<item id="21154" losttest="2" iotype="AI" name="Sensor21154_S" textname="test sensor 21154"/>
			<item id="21155" losttest="2" iotype="AI" name="Sensor21155_S" textname="test sensor 21155"/>
			<item id="21156" losttest="2" iotype="AI" name="Sensor21156_S" textname="test sensor 21156"/>
			<item id="21157" losttest="2" iotype="AI" name="Sensor21157_S" textname="test sensor 21157"/>
			<item id="21158" losttest="2" iotype="AI" name="Sensor21158_S" textname="test sensor 21158"/>
			<item id="21159" losttest="2" iotype="AI" name="Sensor21159_S" textname="test sensor 21159"/>
			<item id="21160" losttest="2" iotype="AI" name="Sensor21160_S" textname="test sensor 21160"/>
			<item id="21161" losttest="2" iotype="AI" name="Sensor21161_S" textname="test sensor 21161"/>
			<item id="21162" losttest="2" iotype="AI" name="Sensor21162_S" textname="test sensor 21162"/>
			<item id="21163" losttest="2" iotype="AI" name="Sensor21163_S" textname="test sensor 21163"/>
			<item id="21164" losttest="2" iotype="AI" name="Sensor21164_S" textname="test sensor 21164"/>
			<item id="21165" losttest="2" iotype="AI" name="Sensor21165_S" textname="test sensor 21165"/>
			<item id="21166" losttest="2" iotype="AI" name="Sensor21166_S" textname="test sensor 21166"/>
			<item id="21167" losttest="2" iotype="AI" name="Sensor21167_S" textname="test sensor 21167"/>
			<item id="21168" losttest="2" iotype="AI" name="Sensor21168_S" textname="test sensor 21168"/>
			<item id="21169" losttest="2" iotype="AI" name="Sensor21169_S" textname="test sensor 21169"/>
			<item id="21170" losttest="2" iotype="AI" name="Sensor21170_S" textname="test sensor 21170"/>
			<item id="21171" losttest="2" iotype="AI" name="Sensor21171_S" textname="test sensor 21171"/>
			<item id="21172" losttest="2" iotype="AI" name="Sensor21172_S" textname="test sensor 21172"/>
			<item id="21173" losttest="2" iotype="AI" name="Sensor21173_S" textname="test sensor 21173"/>
			<item id="21174" losttest="2" iotype="AI" name="Sensor21174_S" textname="test sensor 21174"/>
			<item id="21175" losttest="2" iotype="AI" name="Sensor21175_S" textname="test sensor 21175"/>
			<item id="21176" losttest="2" iotype="AI" name="Sensor21176_S" textname="test sensor 21176"/>
			<item id="21177" losttest="2" iotype="AI" name="Sensor21177_S" textname="test sensor 21177"/>
			<item id="21178" losttest="2" iotype="AI" name="Sensor21178_S" textname="test sensor 21178"/>
			<item id="21179" losttest="2" iotype="AI" name="Sensor21179_S" textname="test sensor 21179"/>
			<item id="21180" losttest="2" iotype="AI" name="Sensor21180_S" textname="test sensor 21180"/>
			<item id="21181" losttest="2" iotype="AI" name="Sensor21181_S" textname="test sensor 21181"/>
			<item id="21182" losttest="2" iotype="AI" name="Sensor21182_S" textname="test sensor 21182"/>
			<item id="21183" losttest="2" iotype="AI" name="Sensor21183_S" textname="test sensor 21183"/>
			<item id="21184" losttest="2" iotype="AI" name="Sensor21184_S" textname="test sensor 21184"/>
			<item id="21185" losttest="2" iotype="AI" name="Sensor21185_S" textname="test sensor 21185"/>
			<item id="21186" losttest="2" iotype="AI" name="Sensor21186_S" textname="test sensor 21186"/>
			<item id="21187" losttest="2" iotype="AI" name="Sensor21187_S" textname="test sensor 21187"/>
			<item id="21188" losttest="2" iotype="AI" name="Sensor21188_S" textname="test sensor 21188"/>
			<item id="21189" losttest="2" iotype="AI" name="Sensor21189_S" textname="test sensor 21189"/>
			<item id="21190" losttest="2" iotype="AI" name="Sensor21190_S" textname="test sensor 21190"/>
			<item id="21191" losttest="2" iotype="AI" name="Sensor21191_S" textname="test sensor 21191"/>
			<item id="21192" losttest="2" iotype="AI" name="Sensor21192_S" textname="test sensor 21192"/>
			<item id="21193" losttest="2" iotype="AI" name="Sensor21193_S" textname="test sensor 21193"/>
			<item id="21194" losttest="2" iotype="AI" name="Sensor21194_S" textname="test sensor 21194"/>
			<item id="21195" losttest="2" iotype="AI" name="Sensor21195_S" textname="test sensor 21195"/>
			<item id="21196" losttest="2" iotype="AI" name="Sensor21196_S" textname="test sensor 21196"/>
			<item id="21197" losttest="2" iotype="AI" name="Sensor21197_S" textname="test sensor 21197"/>
			<item id="21198" losttest="2" iotype="AI" name="Sensor21198_S" textname="test sensor 21198"/>
			<item id="21199" losttest="2" iotype="AI" name="Sensor21199_S" textname="test sensor 21199"/>
			<item id="21200" losttest="2" iotype="AI" name="Sensor21200_S" textname="test sensor 21200"/>
			<item id="21201" losttest="2" iotype="AI" name="Sensor21201_S" textname="test sensor 21201"/>
			<item id="21202" losttest="2" iotype="AI" name="Sensor21202_S" textname="test sensor 21202"/>
			<item id="21203" losttest="2" iotype="AI" name="Sensor21203_S" textname="test sensor 21203"/>
			<item id="21204" losttest="2" iotype="AI" name="Sensor21204_S" textname="test sensor 21204"/>
			<item id="21205" losttest="2" iotype="AI" name="Sensor21205_S" textname="test sensor 21205"/>
			<item id="21206" losttest="2" iotype="AI" name="Sensor21206_S" textname="test sensor 21206"/>
			<item id="21207" losttest="2" iotype="AI" name="Sensor21207_S" textname="test sensor 21207"/>
			<item id="21208" losttest="2" iotype="AI" name="Sensor21208_S" textname="test sensor 21208"/>
			<item id="21209" losttest="2" iotype="AI" name="Sensor21209_S" textname="test sensor 21209"/>
			<item id="21210" losttest="2" iotype="AI" name="Sensor21210_S" textname="test sensor 21210"/>
			<item id="21211" losttest="2" iotype="AI" name="Sensor21211_S" textname="test sensor 21211"/>
			<item id="21212" losttest="2" iotype="AI" name="Sensor21212_S" textname="test sensor 21212"/>
			<item id="21213" losttest="2" iotype="AI" name="Sensor21213_S" textname="test sensor 21213"/>
			<item id="21214" losttest="2" iotype="AI" name="Sensor21214_S" textname="test sensor 21214"/>
			<item id="21215" losttest="2" iotype="AI" name="Sensor21215_S" textname="test sensor 21215"/>
			<item id="21216" losttest="2" iotype="AI" name="Sensor21216_S" textname="test sensor 21216"/>
			<item id="21217" losttest="2" iotype="AI" name="Sensor21217_S" textname="test sensor 21217"/>
			<item id="21218" losttest="2" iotype="AI" name="Sensor21218_S" textname="test sensor 21218"/>
			<item id="21219" losttest="2" iotype="AI" name="Sensor21219_S" textname="test sensor 21219"/>
			<item id="21220" losttest="2" iotype="AI" name="Sensor21220_S" textname="test sensor 21220"/>
			<item id="21221" losttest="2" iotype="AI" name="Sensor21221_S" textname="test sensor 21221"/>
			<item id="21222" losttest="2" iotype="AI" name="Sensor21222_S" textname="test sensor 21222"/>
			<item id="21223" losttest="2" iotype="AI" name="Sensor21223_S" textname="test sensor 21223"/>
			<item id="21224" losttest="2" iotype="AI" name="Sensor21224_S" textname="test sensor 21224"/>
			<item id="21225" losttest="2" iotype="AI" name="Sensor21225_S" textname="test sensor 21225"/>
			<item id="21226" losttest="2" iotype="AI" name="Sensor21226_S" textname="test sensor 21226"/>
			<item id="21227" losttest="2" iotype="AI" name="Sensor21227_S" textname="test sensor 21227"/>
			<item id="21228" losttest="2" iotype="AI" name="Sensor21228_S" textname="test sensor 21228"/>
			<item id="21229" losttest="2" iotype="AI" name="Sensor21229_S" textname="test sensor 21229"/>
			<item id="21230" losttest="2" iotype="AI" name="Sensor21230_S" textname="test sensor 21230"/>
			<item id="21231" losttest="2" iotype="AI" name="Sensor21231_S" textname="test sensor 21231"/>
			<item id="21232" losttest="2" iotype="AI" name="Sensor21232_S" textname="test sensor 21232"/>
			<item id="21233" losttest="2" iotype="AI" name="Sensor21233_S" textname="test sensor 21233"/>
			<item id="21234" losttest="2" iotype="AI" name="Sensor21234_S" textname="test sensor 21234"/>
			<item id="21235" losttest="2" iotype="AI" name="Sensor21235_S" textname="test sensor 21235"/>
			<item id="21236" losttest="2" iotype="AI" name="Sensor21236_S" textname="test sensor 21236"/>
			<item id="21237" losttest="2" iotype="AI" name="Sensor21237_S" textname="test sensor 21237"/>
			<item id="21238" losttest="2" iotype="AI" name="Sensor21238_S" textname="test sensor 21238"/>
			<item id="21239" losttest="2" iotype="AI" name="Sensor21239_S" textname="test sensor 21239"/>
			<item id="21240" losttest="2" iotype="AI" name="Sensor21240_S" textname="test sensor 21240"/>
			<item id="21241" losttest="2" iotype="AI" name="Sensor21241_S" textname="test sensor 21241"/>
			<item id="21242" losttest="2" iotype="AI" name="Sensor21242_S" textname="test sensor 21242"/>
			<item id="21243" losttest="2" iotype="AI" name="Sensor21243_S" textname="test sensor 21243"/>
			<item id="21244" losttest="2" iotype="AI" name="Sensor21244_S" textname="test sensor 21244"/>
			<item id="21245" losttest="2" iotype="AI" name="Sensor21245_S" textname="test sensor 21245"/>
			<item id="21246" losttest="2" iotype="AI" name="Sensor21246_S" textname="test sensor 21246"/>
			<item id="21247" losttest="2" iotype="AI" name="Sensor21247_S" textname="test sensor 21247"/>
			<item id="21248" losttest="2" iotype="AI" name="Sensor21248_S" textname="test sensor 21248"/>
			<item id="21249" losttest="2" iotype="AI" name="Sensor21249_S" textname="test sensor 21249"/>
			<item id="21250" losttest="2" iotype="AI" name="Sensor21250_S" textname="test sensor 21250"/>
			<item id="21251" losttest="2" iotype="AI" name="Sensor21251_S" textname="test sensor 21251"/>
			<item id="21252" losttest="2" iotype="AI" name="Sensor21252_S" textname="test sensor 21252"/>
			<item id="21253" losttest="2" iotype="AI" name="Sensor21253_S" textname="test sensor 21253"/>
			<item id="21254" losttest="2" iotype="AI" name="Sensor21254_S" textname="test sensor 21254"/>
			<item id="21255" losttest="2" iotype="AI" name="Sensor21255_S" textname="test sensor 21255"/>
			<item id="21256" losttest="2" iotype="AI" name="Sensor21256_S" textname="test sensor 21256"/>
			<item id="21257" losttest="2" iotype="AI" name="Sensor21257_S" textname="test sensor 21257"/>
			<item id="21258" losttest="2" iotype="AI" name="Sensor21258_S" textname="test sensor 21258"/>
			<item id="21259" losttest="2" iotype="AI" name="Sensor21259_S" textname="test sensor 21259"/>
			<item id="21260" losttest="2" iotype="AI" name="Sensor21260_S" textname="test sensor 21260"/>
			<item id="21261" losttest="2" iotype="AI" name="Sensor21261_S" textname="test sensor 21261"/>
			<item id="21262" losttest="2" iotype="AI" name="Sensor21262_S" textname="test sensor 21262"/>
			<item id="21263" losttest="2" iotype="AI" name="Sensor21263_S" textname="test sensor 21263"/>
			<item id="21264" losttest="2" iotype="AI" name="Sensor21264_S" textname="test sensor 21264"/>
			<item id="21265" losttest="2" iotype="AI" name="Sensor21265_S" textname="test sensor 21265"/>
			<item id="21266" losttest="2" iotype="AI" name="Sensor21266_S" textname="test sensor 21266"/>
			<item id="21267" losttest="2" iotype="AI" name="Sensor21267_S" textname="test sensor 21267"/>
			<item id="21268" losttest="2" iotype="AI" name="Sensor21268_S" textname="test sensor 21268"/>
			<item id="21269" losttest="2" iotype="AI" name="Sensor21269_S" textname="test sensor 21269"/>
			<item id="21270" losttest="2" iotype="AI" name="Sensor21270_S" textname="test sensor 21270"/>
			<item id="21271" losttest="2" iotype="AI" name="Sensor21271_S" textname="test sensor 21271"/>
			<item id="21272" losttest="2" iotype="AI" name="Sensor21272_S" textname="test sensor 21272"/>
			<item id="21273" losttest="2" iotype="AI" name="Sensor21273_S" textname="test sensor 21273"/>
			<item id="21274" losttest="2" iotype="AI" name="Sensor21274_S" textname="test sensor 21274"/>
			<item id="21275" losttest="2" iotype="AI" name="Sensor21275_S" textname="test sensor 21275"/>
			<item id="21276" losttest="2" iotype="AI" name="Sensor21276_S" textname="test sensor 21276"/>
			<item id="21277" losttest="2" iotype="AI" name="Sensor21277_S" textname="test sensor 21277"/>
			<item id="21278" losttest="2" iotype="AI" name="Sensor21278_S" textname="test sensor 21278"/>
			<item id="21279" losttest="2" iotype="AI" name="Sensor21279_S" textname="test sensor 21279"/>
			<item id="21280" losttest="2" iotype="AI" name="Sensor21280_S" textname="test sensor 21280"/>
			<item id="21281" losttest="2" iotype="AI" name="Sensor21281_S" textname="test sensor 21281"/>
			<item id="21282" losttest="2" iotype="AI" name="Sensor21282_S" textname="test sensor 21282"/>
			<item id="21283" losttest="2" iotype="AI" name="Sensor21283_S" textname="test sensor 21283"/>
			<item id="21284" losttest="2" iotype="AI" name="Sensor21284_S" textname="test sensor 21284"/>
			<item id="21285" losttest="2" iotype="AI" name="Sensor21285_S" textname="test sensor 21285"/>
			<item id="21286" losttest="2" iotype="AI" name="Sensor21286_S" textname="test sensor 21286"/>
			<item id="21287" losttest="2" iotype="AI" name="Sensor21287_S" textname="test sensor 21287"/>
			<item id="21288" losttest="2" iotype="AI" name="Sensor21288_S" textname="test sensor 21288"/>
			<item id="21289" losttest="2" iotype="AI" name="Sensor21289_S" textname="test sensor 21289"/>
			<item id="21290" losttest="2" iotype="AI" name="Sensor21290_S" textname="test sensor 21290"/>
			<item id="21291" losttest="2" iotype="AI" name="Sensor21291_S" textname="test sensor 21291"/>
			<item id="21292" losttest="2" iotype="AI" name="Sensor21292_S" textname="test sensor 21292"/>
			<item id="21293" losttest="2" iotype="AI" name="Sensor21293_S" textname="test sensor 21293"/>
			<item id="21294" losttest="2" iotype="AI" name="Sensor21294_S" textname="test sensor 21294"/>
			<item id="21295" losttest="2" iotype="AI" name="Sensor21295_S" textname="test sensor 21295"/>
			<item id="21296" losttest="2" iotype="AI" name="Sensor21296_S" textname="test sensor 21296"/>
			<item id="21297" losttest="2" iotype="AI" name="Sensor21297_S" textname="test sensor 21297"/>
			<item id="21298" losttest="2" iotype="AI" name="Sensor21298_S" textname="test sensor 21298"/>
			<item id="21299" losttest="2" iotype="AI" name="Sensor21299_S" textname="test sensor 21299"/>
			<item id="21300" losttest="2" iotype="AI" name="Sensor21300_S" textname="test sensor 21300"/>
			<item id="21301" losttest="2" iotype="AI" name="Sensor21301_S" textname="test sensor 21301"/>
			<item id="21302" losttest="2" iotype="AI" name="Sensor21302_S" textname="test sensor 21302"/>
			<item id="21303" losttest="2" iotype="AI" name="Sensor21303_S" textname="test sensor 21303"/>
			<item id="21304" losttest="2" iotype="AI" name="Sensor21304_S" textname="test sensor 21304"/>
			<item id="21305" losttest="2" iotype="AI" name="Sensor21305_S" textname="test sensor 21305"/>
			<item id="21306" losttest="2" iotype="AI" name="Sensor21306_S" textname="test sensor 21306"/>
			<item id="21307" losttest="2" iotype="AI" name="Sensor21307_S" textname="test sensor 21307"/>
			<item id="21308" losttest="2" iotype="AI" name="Sensor21308_S" textname="test sensor 21308"/>
			<item id="21309" losttest="2" iotype="AI" name="Sensor21309_S" textname="test sensor 21309"/>
			<item id="21310" losttest="2" iotype="AI" name="Sensor21310_S" textname="test sensor 21310"/>
			<item id="21311" losttest="2" iotype="AI" name="Sensor21311_S" textname="test sensor 21311"/>
			<item id="21312" losttest="2" iotype="AI" name="Sensor21312_S" textname="test sensor 21312"/>
			<item id="21313" losttest="2" iotype="AI" name="Sensor21313_S" textname="test sensor 21313"/>
			<item id="21314" losttest="2" iotype="AI" name="Sensor21314_S" textname="test sensor 21314"/>
			<item id="21315" losttest="2" iotype="AI" name="Sensor21315_S" textname="test sensor 21315"/>
			<item id="21316" losttest="2" iotype="AI" name="Sensor21316_S" textname="test sensor 21316"/>
			<item id="21317" losttest="2" iotype="AI" name="Sensor21317_S" textname="test sensor 21317"/>
			<item id="21318" losttest="2" iotype="AI" name="Sensor21318_S" textname="test sensor 21318"/>
			<item id="21319" losttest="2" iotype="AI" name="Sensor21319_S" textname="test sensor 21319"/>
			<item id="21320" losttest="2" iotype="AI" name="Sensor21320_S" textname="test sensor 21320"/>
			<item id="21321" losttest="2" iotype="AI" name="Sensor21321_S" textname="test sensor 21321"/>
			<item id="21322" losttest="2" iotype="AI" name="Sensor21322_S" textname="test sensor 21322"/>
			<item id="21323" losttest="2" iotype="AI" name="Sensor21323_S" textname="test sensor 21323"/>
			<item id="21324" losttest="2" iotype="AI" name="Sensor21324_S" textname="test sensor 21324"/>
			<item id="21325" losttest="2" iotype="AI" name="Sensor21325_S" textname="test sensor 21325"/>
			<item id="21326" losttest="2" iotype="AI" name="Sensor21326_S" textname="test sensor 21326"/>
			<item id="21327" losttest="2" iotype="AI" name="Sensor21327_S" textname="test sensor 21327"/>
			<item id="21328" losttest="2" iotype="AI" name="Sensor21328_S" textname="test sensor 21328"/>
			<item id="21329" losttest="2" iotype="AI" name="Sensor21329_S" textname="test sensor 21329"/>
			<item id="21330" losttest="2" iotype="AI" name="Sensor21330_S" textname="test sensor 21330"/>
			<item id="21331" losttest="2" iotype="AI" name="Sensor21331_S" textname="test sensor 21331"/>
			<item id="21332" losttest="2" iotype="AI" name="Sensor21332_S" textname="test sensor 21332"/>
			<item id="21333" losttest="2" iotype="AI" name="Sensor21333_S" textname="test sensor 21333"/>
			<item id="21334" losttest="2" iotype="AI" name="Sensor21334_S" textname="test sensor 21334"/>
			<item id="21335" losttest="2" iotype="AI" name="Sensor21335_S" textname="test sensor 21335"/>
			<item id="21336" losttest="2" iotype="AI" name="Sensor21336_S" textname="test sensor 21336"/>
			<item id="21337" losttest="2" iotype="AI" name="Sensor21337_S" textname="test sensor 21337"/>
			<item id="21338" losttest="2" iotype="AI" name="Sensor21338_S" textname="test sensor 21338"/>
			<item id="21339" losttest="2" iotype="AI" name="Sensor21339_S" textname="test sensor 21339"/>
			<item id="21340" losttest="2" iotype="AI" name="Sensor21340_S" textname="test sensor 21340"/>
			<item id="21341" losttest="2" iotype="AI" name="Sensor21341_S" textname="test sensor 21341"/>
			<item id="21342" losttest="2" iotype="AI" name="Sensor21342_S" textname="test sensor 21342"/>
			<item id="21343" losttest="2" iotype="AI" name="Sensor21343_S" textname="test sensor 21343"/>
			<item id="21344" losttest="2" iotype="AI" name="Sensor21344_S" textname="test sensor 21344"/>
			<item id="21345" losttest="2" iotype="AI" name="Sensor21345_S" textname="test sensor 21345"/>
			<item id="21346" losttest="2" iotype="AI" name="Sensor21346_S" textname="test sensor 21346"/>
			<item id="21347" losttest="2" iotype="AI" name="Sensor21347_S" textname="test sensor 21347"/>
			<item id="21348" losttest="2" iotype="AI" name="Sensor21348_S" textname="test sensor 21348"/>
			<item id="21349" losttest="2" iotype="AI" name="Sensor21349_S" textname="test sensor 21349"/>
			<item id="21350" losttest="2" iotype="AI" name="Sensor21350_S" textname="test sensor 21350"/>
			<item id="21351" losttest="2" iotype="AI" name="Sensor21351_S" textname="test sensor 21351"/>
			<item id="21352" losttest="2" iotype="AI" name="Sensor21352_S" textname="test sensor 21352"/>
			<item id="21353" losttest="2" iotype="AI" name="Sensor21353_S" textname="test sensor 21353"/>
			<item id="21354" losttest="2" iotype="AI" name="Sensor21354_S" textname="test sensor 21354"/>
			<item id="21355" losttest="2" iotype="AI" name="Sensor21355_S" textname="test sensor 21355"/>
			<item id="21356" losttest="2" iotype="AI" name="Sensor21356_S" textname="test sensor 21356"/>
			<item id="21357" losttest="2" iotype="AI" name="Sensor21357_S" textname="test sensor 21357"/>
			<item id="21358" losttest="2" iotype="AI" name="Sensor21358_S" textname="test sensor 21358"/>
			<item id="21359" losttest="2" iotype="AI" name="Sensor21359_S" textname="test sensor 21359"/>
			<item id="21360" losttest="2" iotype="AI" name="Sensor21360_S" textname="test sensor 21360"/>
			<item id="21361" losttest="2" iotype="AI" name="Sensor21361_S" textname="test sensor 21361"/>
			<item id="21362" losttest="2" iotype="AI" name="Sensor21362_S" textname="test sensor 21362"/>
			<item id="21363" losttest="2" iotype="AI" name="Sensor21363_S" textname="test sensor 21363"/>
			<item id="21364" losttest="2" iotype="AI" name="Sensor21364_S" textname="test sensor 21364"/>
			<item id="21365" losttest="2" iotype="AI" name="Sensor21365_S" textname="test sensor 21365"/>
			<item id="21366" losttest="2" iotype="AI" name="Sensor21366_S" textname="test sensor 21366"/>
			<item id="21367" losttest="2" iotype="AI" name="Sensor21367_S" textname="test sensor 21367"/>
			<item id="21368" losttest="2" iotype="AI" name="Sensor21368_S" textname="test sensor 21368"/>
			<item id="21369" losttest="2" iotype="AI" name="Sensor21369_S" textname="test sensor 21369"/>
			<item id="21370" losttest="2" iotype="AI" name="Sensor21370_S" textname="test sensor 21370"/>
			<item id="21371" losttest="2" iotype="AI" name="Sensor21371_S" textname="test sensor 21371"/>
			<item id="21372" losttest="2" iotype="AI" name="Sensor21372_S" textname="test sensor 21372"/>
			<item id="21373" losttest="2" iotype="AI" name="Sensor21373_S" textname="test sensor 21373"/>
			<item id="21374" losttest="2" iotype="AI" name="Sensor21374_S" textname="test sensor 21374"/>
			<item id="21375" losttest="2" iotype="AI" name="Sensor21375_S" textname="test sensor 21375"/>
			<item id="21376" losttest="2" iotype="AI" name="Sensor21376_S" textname="test sensor 21376"/>
			<item id="21377" losttest="2" iotype="AI" name="Sensor21377_S" textname="test sensor 21377"/>
			<item id="21378" losttest="2" iotype="AI" name="Sensor21378_S" textname="test sensor 21378"/>
			<item id="21379" losttest="2" iotype="AI" name="Sensor21379_S" textname="test sensor 21379"/>
			<item id="21380" losttest="2" iotype="AI" name="Sensor21380_S" textname="test sensor 21380"/>
			<item id="21381" losttest="2" iotype="AI" name="Sensor21381_S" textname="test sensor 21381"/>
			<item id="21382" losttest="2" iotype="AI" name="Sensor21382_S" textname="test sensor 21382"/>
			<item id="21383" losttest="2" iotype="AI" name="Sensor21383_S" textname="test sensor 21383"/>
			<item id="21384" losttest="2" iotype="AI" name="Sensor21384_S" textname="test sensor 21384"/>
			<item id="21385" losttest="2" iotype="AI" name="Sensor21385_S" textname="test sensor 21385"/>
			<item id="21386" losttest="2" iotype="AI" name="Sensor21386_S" textname="test sensor 21386"/>
			<item id="21387" losttest="2" iotype="AI" name="Sensor21387_S" textname="test sensor 21387"/>
			<item id="21388" losttest="2" iotype="AI" name="Sensor21388_S" textname="test sensor 21388"/>
			<item id="21389" losttest="2" iotype="AI" name="Sensor21389_S" textname="test sensor 21389"/>
			<item id="21390" losttest="2" iotype="AI" name="Sensor21390_S" textname="test sensor 21390"/>
			<item id="21391" losttest="2" iotype="AI" name="Sensor21391_S" textname="test sensor 21391"/>
			<item id="21392" losttest="2" iotype="AI" name="Sensor21392_S" textname="test sensor 21392"/>
			<item id="21393" losttest="2" iotype="AI" name="Sensor21393_S" textname="test sensor 21393"/>
			<item id="21394" losttest="2" iotype="AI" name="Sensor21394_S" textname="test sensor 21394"/>
			<item id="21395" losttest="2" iotype="AI" name="Sensor21395_S" textname="test sensor 21395"/>
			<item id="21396" losttest="2" iotype="AI" name="Sensor21396_S" textname="test sensor 21396"/>
			<item id="21397" losttest="2" iotype="AI" name="Sensor21397_S" textname="test sensor 21397"/>
			<item id="21398" losttest="2" iotype="AI" name="Sensor21398_S" textname="test sensor 21398"/>
			<item id="21399" losttest="2" iotype="AI" name="Sensor21399_S" textname="test sensor 21399"/>
			<item id="21400" losttest="2" iotype="AI" name="Sensor21400_S" textname="test sensor 21400"/>
			<item id="21401" losttest="2" iotype="AI" name="Sensor21401_S" textname="test sensor 21401"/>
			<item id="21402" losttest="2" iotype="AI" name="Sensor21402_S" textname="test sensor 21402"/>
			<item id="21403" losttest="2" iotype="AI" name="Sensor21403_S" textname="test sensor 21403"/>
			<item id="21404" losttest="2" iotype="AI" name="Sensor21404_S" textname="test sensor 21404"/>
			<item id="21405" losttest="2" iotype="AI" name="Sensor21405_S" textname="test sensor 21405"/>
			<item id="21406" losttest="2" iotype="AI" name="Sensor21406_S" textname="test sensor 21406"/>
			<item id="21407" losttest="2" iotype="AI" name="Sensor21407_S" textname="test sensor 21407"/>
			<item id="21408" losttest="2" iotype="AI" name="Sensor21408_S" textname="test sensor 21408"/>
			<item id="21409" losttest="2" iotype="AI" name="Sensor21409_S" textname="test sensor 21409"/>
			<item id="21410" losttest="2" iotype="AI" name="Sensor21410_S" textname="test sensor 21410"/>
			<item id="21411" losttest="2" iotype="AI" name="Sensor21411_S" textname="test sensor 21411"/>
			<item id="21412" losttest="2" iotype="AI" name="Sensor21412_S" textname="test sensor 21412"/>
			<item id="21413" losttest="2" iotype="AI" name="Sensor21413_S" textname="test sensor 21413"/>
			<item id="21414" losttest="2" iotype="AI" name="Sensor21414_S" textname="test sensor 21414"/>
			<item id="21415" losttest="2" iotype="AI" name="Sensor21415_S" textname="test sensor 21415"/>
			<item id="21416" losttest="2" iotype="AI" name="Sensor21416_S" textname="test sensor 21416"/>
			<item id="21417" losttest="2" iotype="AI" name="Sensor21417_S" textname="test sensor 21417"/>
			<item id="21418" losttest="2" iotype="AI" name="Sensor21418_S" textname="test sensor 21418"/>
			<item id="21419" losttest="2" iotype="AI" name="Sensor21419_S" textname="test sensor 21419"/>
			<item id="21420" losttest="2" iotype="AI" name="Sensor21420_S" textname="test sensor 21420"/>
			<item id="21421" losttest="2" iotype="AI" name="Sensor21421_S" textname="test sensor 21421"/>
			<item id="21422" losttest="2" iotype="AI" name="Sensor21422_S" textname="test sensor 21422"/>
			<item id="21423" losttest="2" iotype="AI" name="Sensor21423_S" textname="test sensor 21423"/>
			<item id="21424" losttest="2" iotype="AI" name="Sensor21424_S" textname="test sensor 21424"/>
			<item id="21425" losttest="2" iotype="AI" name="Sensor21425_S" textname="test sensor 21425"/>
			<item id="21426" losttest="2" iotype="AI" name="Sensor21426_S" textname="test sensor 21426"/>
			<item id="21427" losttest="2" iotype="AI" name="Sensor21427_S" textname="test sensor 21427"/>
			<item id="21428" losttest="2" iotype="AI" name="Sensor21428_S" textname="test sensor 21428"/>
			<item id="21429" losttest="2" iotype="AI" name="Sensor21429_S" textname="test sensor 21429"/>
			<item id="21430" losttest="2" iotype="AI" name="Sensor21430_S" textname="test sensor 21430"/>
			<item id="21431" losttest="2" iotype="AI" name="Sensor21431_S" textname="test sensor 21431"/>
			<item id="21432" losttest="2" iotype="AI" name="Sensor21432_S" textname="test sensor 21432"/>
			<item id="21433" losttest="2" iotype="AI" name="Sensor21433_S" textname="test sensor 21433"/>
			<item id="21434" losttest="2" iotype="AI" name="Sensor21434_S" textname="test sensor 21434"/>
			<item id="21435" losttest="2" iotype="AI" name="Sensor21435_S" textname="test sensor 21435"/>
			<item id="21436" losttest="2" iotype="AI" name="Sensor21436_S" textname="test sensor 21436"/>
			<item id="21437" losttest="2" iotype="AI" name="Sensor21437_S" textname="test sensor 21437"/>
			<item id="21438" losttest="2" iotype="AI" name="Sensor21438_S" textname="test sensor 21438"/>
			<item id="21439" losttest="2" iotype="AI" name="Sensor21439_S" textname="test sensor 21439"/>
			<item id="21440" losttest="2" iotype="AI" name="Sensor21440_S" textname="test sensor 21440"/>
			<item id="21441" losttest="2" iotype="AI" name="Sensor21441_S" textname="test sensor 21441"/>
			<item id="21442" losttest="2" iotype="AI" name="Sensor21442_S" textname="test sensor 21442"/>
			<item id="21443" losttest="2" iotype="AI" name="Sensor21443_S" textname="test sensor 21443"/>
			<item id="21444" losttest="2" iotype="AI" name="Sensor21444_S" textname="test sensor 21444"/>
			<item id="21445" losttest="2" iotype="AI" name="Sensor21445_S" textname="test sensor 21445"/>
			<item id="21446" losttest="2" iotype="AI" name="Sensor21446_S" textname="test sensor 21446"/>
			<item id="21447" losttest="2" iotype="AI" name="Sensor21447_S" textname="test sensor 21447"/>
			<item id="21448" losttest="2" iotype="AI" name="Sensor21448_S" textname="test sensor 21448"/>
			<item id="21449" losttest="2" iotype="AI" name="Sensor21449_S" textname="test sensor 21449"/>
			<item id="21450" losttest="2" iotype="AI" name="Sensor21450_S" textname="test sensor 21450"/>
			<item id="21451" losttest="2" iotype="AI" name="Sensor21451_S" textname="test sensor 21451"/>
			<item id="21452" losttest="2" iotype="AI" name="Sensor21452_S" textname="test sensor 21452"/>
			<item id="21453" losttest="2" iotype="AI" name="Sensor21453_S" textname="test sensor 21453"/>
			<item id="21454" losttest="2" iotype="AI" name="Sensor21454_S" textname="test sensor 21454"/>
			<item id="21455" losttest="2" iotype="AI" name="Sensor21455_S" textname="test sensor 21455"/>
			<item id="21456" losttest="2" iotype="AI" name="Sensor21456_S" textname="test sensor 21456"/>
			<item id="21457" losttest="2" iotype="AI" name="Sensor21457_S" textname="test sensor 21457"/>
			<item id="21458" losttest="2" iotype="AI" name="Sensor21458_S" textname="test sensor 21458"/>
			<item id="21459" losttest="2" iotype="AI" name="Sensor21459_S" textname="test sensor 21459"/>
			<item id="21460" losttest="2" iotype="AI" name="Sensor21460_S" textname="test sensor 21460"/>
			<item id="21461" losttest="2" iotype="AI" name="Sensor21461_S" textname="test sensor 21461"/>
			<item id="21462" losttest="2" iotype="AI" name="Sensor21462_S" textname="test sensor 21462"/>
			<item id="21463" losttest="2" iotype="AI" name="Sensor21463_S" textname="test sensor 21463"/>
			<item id="21464" losttest="2" iotype="AI" name="Sensor21464_S" textname="test sensor 21464"/>
			<item id="21465" losttest="2" iotype="AI" name="Sensor21465_S" textname="test sensor 21465"/>
			<item id="21466" losttest="2" iotype="AI" name="Sensor21466_S" textname="test sensor 21466"/>
			<item id="21467" losttest="2" iotype="AI" name="Sensor21467_S" textname="test sensor 21467"/>
			<item id="21468" losttest="2" iotype="AI" name="Sensor21468_S" textname="test sensor 21468"/>
			<item id="21469" losttest="2" iotype="AI" name="Sensor21469_S" textname="test sensor 21469"/>
			<item id="21470" losttest="2" iotype="AI" name="Sensor21470_S" textname="test sensor 21470"/>
			<item id="21471" losttest="2" iotype="AI" name="Sensor21471_S" textname="test sensor 21471"/>
			<item id="21472" losttest="2" iotype="AI" name="Sensor21472_S" textname="test sensor 21472"/>
			<item id="21473" losttest="2" iotype="AI" name="Sensor21473_S" textname="test sensor 21473"/>
			<item id="21474" losttest="2" iotype="AI" name="Sensor21474_S" textname="test sensor 21474"/>
			<item id="21475" losttest="2" iotype="AI" name="Sensor21475_S" textname="test sensor 21475"/>
			<item id="21476" losttest="2" iotype="AI" name="Sensor21476_S" textname="test sensor 21476"/>
			<item id="21477" losttest="2" iotype="AI" name="Sensor21477_S" textname="test sensor 21477"/>
			<item id="21478" losttest="2" iotype="AI" name="Sensor21478_S" textname="test sensor 21478"/>
			<item id="21479" losttest="2" iotype="AI" name="Sensor21479_S" textname="test sensor 21479"/>
			<item id="21480" losttest="2" iotype="AI" name="Sensor21480_S" textname="test sensor 21480"/>
			<item id="21481" losttest="2" iotype="AI" name="Sensor21481_S" textname="test sensor 21481"/>
			<item id="21482" losttest="2" iotype="AI" name="Sensor21482_S" textname="test sensor 21482"/>
			<item id="21483" losttest="2" iotype="AI" name="Sensor21483_S" textname="test sensor 21483"/>
			<item id="21484" losttest="2" iotype="AI" name="Sensor21484_S" textname="test sensor 21484"/>
			<item id="21485" losttest="2" iotype="AI" name="Sensor21485_S" textname="test sensor 21485"/>
			<item id="21486" losttest="2" iotype="AI" name="Sensor21486_S" textname="test sensor 21486"/>
			<item id="21487" losttest="2" iotype="AI" name="Sensor21487_S" textname="test sensor 21487"/>
			<item id="21488" losttest="2" iotype="AI" name="Sensor21488_S" textname="test sensor 21488"/>
			<item id="21489" losttest="2" iotype="AI" name="Sensor21489_S" textname="test sensor 21489"/>
			<item id="21490" losttest="2" iotype="AI" name="Sensor21490_S" textname="test sensor 21490"/>
			<item id="21491" losttest="2" iotype="AI" name="Sensor21491_S" textname="test sensor 21491"/>
			<item id="21492" losttest="2" iotype="AI" name="Sensor21492_S" textname="test sensor 21492"/>
			<item id="21493" losttest="2" iotype="AI" name="Sensor21493_S" textname="test sensor 21493"/>
			<item id="21494" losttest="2" iotype="AI" name="Sensor21494_S" textname="test sensor 21494"/>
			<item id="21495" losttest="2" iotype="AI" name="Sensor21495_S" textname="test sensor 21495"/>
			<item id="21496" losttest="2" iotype="AI" name="Sensor21496_S" textname="test sensor 21496"/>
			<item id="21497" losttest="2" iotype="AI" name="Sensor21497_S" textname="test sensor 21497"/>
			<item id="21498" losttest="2" iotype="AI" name="Sensor21498_S" textname="test sensor 21498"/>
			<item id="21499" losttest="2" iotype="AI" name="Sensor21499_S" textname="test sensor 21499"/>
			<item id="21500" losttest="2" iotype="AI" name="Sensor21500_S" textname="test sensor 21500"/>
			<item id="21501" losttest="2" iotype="AI" name="Sensor21501_S" textname="test sensor 21501"/>
			<item id="21502" losttest="2" iotype="AI" name="Sensor21502_S" textname="test sensor 21502"/>
			<item id="21503" losttest="2" iotype="AI" name="Sensor21503_S" textname="test sensor 21503"/>
			<item id="21504" losttest="2" iotype="AI" name="Sensor21504_S" textname="test sensor 21504"/>
			<item id="21505" losttest="2" iotype="AI" name="Sensor21505_S" textname="test sensor 21505"/>
			<item id="21506" losttest="2" iotype="AI" name="Sensor21506_S" textname="test sensor 21506"/>
			<item id="21507" losttest="2" iotype="AI" name="Sensor21507_S" textname="test sensor 21507"/>
			<item id="21508" losttest="2" iotype="AI" name="Sensor21508_S" textname="test sensor 21508"/>
			<item id="21509" losttest="2" iotype="AI" name="Sensor21509_S" textname="test sensor 21509"/>
			<item id="21510" losttest="2" iotype="AI" name="Sensor21510_S" textname="test sensor 21510"/>
			<item id="21511" losttest="2" iotype="AI" name="Sensor21511_S" textname="test sensor 21511"/>
			<item id="21512" losttest="2" iotype="AI" name="Sensor21512_S" textname="test sensor 21512"/>
			<item id="21513" losttest="2" iotype="AI" name="Sensor21513_S" textname="test sensor 21513"/>
			<item id="21514" losttest="2" iotype="AI" name="Sensor21514_S" textname="test sensor 21514"/>
			<item id="21515" losttest="2" iotype="AI" name="Sensor21515_S" textname="test sensor 21515"/>
			<item id="21516" losttest="2" iotype="AI" name="Sensor21516_S" textname="test sensor 21516"/>
			<item id="21517" losttest="2" iotype="AI" name="Sensor21517_S" textname="test sensor 21517"/>
			<item id="21518" losttest="2" iotype="AI" name="Sensor21518_S" textname="test sensor 21518"/>
			<item id="21519" losttest="2" iotype="AI" name="Sensor21519_S" textname="test sensor 21519"/>
			<item id="21520" losttest="2" iotype="AI" name="Sensor21520_S" textname="test sensor 21520"/>
			<item id="21521" losttest="2" iotype="AI" name="Sensor21521_S" textname="test sensor 21521"/>
			<item id="21522" losttest="2" iotype="AI" name="Sensor21522_S" textname="test sensor 21522"/>
			<item id="21523" losttest="2" iotype="AI" name="Sensor21523_S" textname="test sensor 21523"/>
			<item id="21524" losttest="2" iotype="AI" name="Sensor21524_S" textname="test sensor 21524"/>
			<item id="21525" losttest="2" iotype="AI" name="Sensor21525_S" textname="test sensor 21525"/>
			<item id="21526" losttest="2" iotype="AI" name="Sensor21526_S" textname="test sensor 21526"/>
			<item id="21527" losttest="2" iotype="AI" name="Sensor21527_S" textname="test sensor 21527"/>
			<item id="21528" losttest="2" iotype="AI" name="Sensor21528_S" textname="test sensor 21528"/>
			<item id="21529" losttest="2" iotype="AI" name="Sensor21529_S" textname="test sensor 21529"/>
			<item id="21530" losttest="2" iotype="AI" name="Sensor21530_S" textname="test sensor 21530"/>
			<item id="21531" losttest="2" iotype="AI" name="Sensor21531_S" textname="test sensor 21531"/>
			<item id="21532" losttest="2" iotype="AI" name="Sensor21532_S" textname="test sensor 21532"/>
			<item id="21533" losttest="2" iotype="AI" name="Sensor21533_S" textname="test sensor 21533"/>
			<item id="21534" losttest="2" iotype="AI" name="Sensor21534_S" textname="test sensor 21534"/>
			<item id="21535" losttest="2" iotype="AI" name="Sensor21535_S" textname="test sensor 21535"/>
			<item id="21536" losttest="2" iotype="AI" name="Sensor21536_S" textname="test sensor 21536"/>
			<item id="21537" losttest="2" iotype="AI" name="Sensor21537_S" textname="test sensor 21537"/>
			<item id="21538" losttest="2" iotype="AI" name="Sensor21538_S" textname="test sensor 21538"/>
			<item id="21539" losttest="2" iotype="AI" name="Sensor21539_S" textname="test sensor 21539"/>
			<item id="21540" losttest="2" iotype="AI" name="Sensor21540_S" textname="test sensor 21540"/>
			<item id="21541" losttest="2" iotype="AI" name="Sensor21541_S" textname="test sensor 21541"/>
			<item id="21542" losttest="2" iotype="AI" name="Sensor21542_S" textname="test sensor 21542"/>
			<item id="21543" losttest="2" iotype="AI" name="Sensor21543_S" textname="test sensor 21543"/>
			<item id="21544" losttest="2" iotype="AI" name="Sensor21544_S" textname="test sensor 21544"/>
			<item id="21545" losttest="2" iotype="AI" name="Sensor21545_S" textname="test sensor 21545"/>
			<item id="21546" losttest="2" iotype="AI" name="Sensor21546_S" textname="test sensor 21546"/>
			<item id="21547" losttest="2" iotype="AI" name="Sensor21547_S" textname="test sensor 21547"/>
			<item id="21548" losttest="2" iotype="AI" name="Sensor21548_S" textname="test sensor 21548"/>
			<item id="21549" losttest="2" iotype="AI" name="Sensor21549_S" textname="test sensor 21549"/>
			<item id="21550" losttest="2" iotype="AI" name="Sensor21550_S" textname="test sensor 21550"/>
			<item id="21551" losttest="2" iotype="AI" name="Sensor21551_S" textname="test sensor 21551"/>
			<item id="21552" losttest="2" iotype="AI" name="Sensor21552_S" textname="test sensor 21552"/>
			<item id="21553" losttest="2" iotype="AI" name="Sensor21553_S" textname="test sensor 21553"/>
			<item id="21554" losttest="2" iotype="AI" name="Sensor21554_S" textname="test sensor 21554"/>
			<item id="21555" losttest="2" iotype="AI" name="Sensor21555_S" textname="test sensor 21555"/>
			<item id="21556" losttest="2" iotype="AI" name="Sensor21556_S" textname="test sensor 21556"/>
			<item id="21557" losttest="2" iotype="AI" name="Sensor21557_S" textname="test sensor 21557"/>
			<item id="21558" losttest="2" iotype="AI" name="Sensor21558_S" textname="test sensor 21558"/>
			<item id="21559" losttest="2" iotype="AI" name="Sensor21559_S" textname="test sensor 21559"/>
			<item id="21560" losttest="2" iotype="AI" name="Sensor21560_S" textname="test sensor 21560"/>
			<item id="21561" losttest="2" iotype="AI" name="Sensor21561_S" textname="test sensor 21561"/>
			<item id="21562" losttest="2" iotype="AI" name="Sensor21562_S" textname="test sensor 21562"/>
			<item id="21563" losttest="2" iotype="AI" name="Sensor21563_S" textname="test sensor 21563"/>
			<item id="21564" losttest="2" iotype="AI" name="Sensor21564_S" textname="test sensor 21564"/>
			<item id="21565" losttest="2" iotype="AI" name="Sensor21565_S" textname="test sensor 21565"/>
			<item id="21566" losttest="2" iotype="AI" name="Sensor21566_S" textname="test sensor 21566"/>
			<item id="21567" losttest="2" iotype="AI" name="Sensor21567_S" textname="test sensor 21567"/>
			<item id="21568" losttest="2" iotype="AI" name="Sensor21568_S" textname="test sensor 21568"/>
			<item id="21569" losttest="2" iotype="AI" name="Sensor21569_S" textname="test sensor 21569"/>
			<item id="21570" losttest="2" iotype="AI" name="Sensor21570_S" textname="test sensor 21570"/>
			<item id="21571" losttest="2" iotype="AI" name="Sensor21571_S" textname="test sensor 21571"/>
			<item id="21572" losttest="2" iotype="AI" name="Sensor21572_S" textname="test sensor 21572"/>
			<item id="21573" losttest="2" iotype="AI" name="Sensor21573_S" textname="test sensor 21573"/>
			<item id="21574" losttest="2" iotype="AI" name="Sensor21574_S" textname="test sensor 21574"/>
			<item id="21575" losttest="2" iotype="AI" name="Sensor21575_S" textname="test sensor 21575"/>
			<item id="21576" losttest="2" iotype="AI" name="Sensor21576_S" textname="test sensor 21576"/>
			<item id="21577" losttest="2" iotype="AI" name="Sensor21577_S" textname="test sensor 21577"/>
			<item id="21578" losttest="2" iotype="AI" name="Sensor21578_S" textname="test sensor 21578"/>
			<item id="21579" losttest="2" iotype="AI" name="Sensor21579_S" textname="test sensor 21579"/>
			<item id="21580" losttest="2" iotype="AI" name="Sensor21580_S" textname="test sensor 21580"/>
			<item id="21581" losttest="2" iotype="AI" name="Sensor21581_S" textname="test sensor 21581"/>
			<item id="21582" losttest="2" iotype="AI" name="Sensor21582_S" textname="test sensor 21582"/>
			<item id="21583" losttest="2" iotype="AI" name="Sensor21583_S" textname="test sensor 21583"/>
			<item id="21584" losttest="2" iotype="AI" name="Sensor21584_S" textname="test sensor 21584"/>
			<item id="21585" losttest="2" iotype="AI" name="Sensor21585_S" textname="test sensor 21585"/>
			<item id="21586" losttest="2" iotype="AI" name="Sensor21586_S" textname="test sensor 21586"/>
			<item id="21587" losttest="2" iotype="AI" name="Sensor21587_S" textname="test sensor 21587"/>
			<item id="21588" losttest="2" iotype="AI" name="Sensor21588_S" textname="test sensor 21588"/>
			<item id="21589" losttest="2" iotype="AI" name="Sensor21589_S" textname="test sensor 21589"/>
			<item id="21590" losttest="2" iotype="AI" name="Sensor21590_S" textname="test sensor 21590"/>
			<item id="21591" losttest="2" iotype="AI" name="Sensor21591_S" textname="test sensor 21591"/>
			<item id="21592" losttest="2" iotype="AI" name="Sensor21592_S" textname="test sensor 21592"/>
			<item id="21593" losttest="2" iotype="AI" name="Sensor21593_S" textname="test sensor 21593"/>
			<item id="21594" losttest="2" iotype="AI" name="Sensor21594_S" textname="test sensor 21594"/>
			<item id="21595" losttest="2" iotype="AI" name="Sensor21595_S" textname="test sensor 21595"/>
			<item id="21596" losttest="2" iotype="AI" name="Sensor21596_S" textname="test sensor 21596"/>
			<item id="21597" losttest="2" iotype="AI" name="Sensor21597_S" textname="test sensor 21597"/>
			<item id="21598" losttest="2" iotype="AI" name="Sensor21598_S" textname="test sensor 21598"/>
			<item id="21599" losttest="2" iotype="AI" name="Sensor21599_S" textname="test sensor 21599"/>
			<item id="21600" losttest="2" iotype="AI" name="Sensor21600_S" textname="test sensor 21600"/>
			<item id="21601" losttest="2" iotype="AI" name="Sensor21601_S" textname="test sensor 21601"/>
			<item id="21602" losttest="2" iotype="AI" name="Sensor21602_S" textname="test sensor 21602"/>
			<item id="21603" losttest="2" iotype="AI" name="Sensor21603_S" textname="test sensor 21603"/>
			<item id="21604" losttest="2" iotype="AI" name="Sensor21604_S" textname="test sensor 21604"/>
			<item id="21605" losttest="2" iotype="AI" name="Sensor21605_S" textname="test sensor 21605"/>
			<item id="21606" losttest="2" iotype="AI" name="Sensor21606_S" textname="test sensor 21606"/>
			<item id="21607" losttest="2" iotype="AI" name="Sensor21607_S" textname="test sensor 21607"/>
			<item id="21608" losttest="2" iotype="AI" name="Sensor21608_S" textname="test sensor 21608"/>
			<item id="21609" losttest="2" iotype="AI" name="Sensor21609_S" textname="test sensor 21609"/>
			<item id="21610" losttest="2" iotype="AI" name="Sensor21610_S" textname="test sensor 21610"/>
			<item id="21611" losttest="2" iotype="AI" name="Sensor21611_S" textname="test sensor 21611"/>
			<item id="21612" losttest="2" iotype="AI" name="Sensor21612_S" textname="test sensor 21612"/>
			<item id="21613" losttest="2" iotype="AI" name="Sensor21613_S" textname="test sensor 21613"/>
			<item id="21614" losttest="2" iotype="AI" name="Sensor21614_S" textname="test sensor 21614"/>
			<item id="21615" losttest="2" iotype="AI" name="Sensor21615_S" textname="test sensor 21615"/>
			<item id="21616" losttest="2" iotype="AI" name="Sensor21616_S" textname="test sensor 21616"/>
			<item id="21617" losttest="2" iotype="AI" name="Sensor21617_S" textname="test sensor 21617"/>
			<item id="21618" losttest="2" iotype="AI" name="Sensor21618_S" textname="test sensor 21618"/>
			<item id="21619" losttest="2" iotype="AI" name="Sensor21619_S" textname="test sensor 21619"/>
			<item id="21620" losttest="2" iotype="AI" name="Sensor21620_S" textname="test sensor 21620"/>
			<item id="21621" losttest="2" iotype="AI" name="Sensor21621_S" textname="test sensor 21621"/>
			<item id="21622" losttest="2" iotype="AI" name="Sensor21622_S" textname="test sensor 21622"/>
			<item id="21623" losttest="2" iotype="AI" name="Sensor21623_S" textname="test sensor 21623"/>
			<item id="21624" losttest="2" iotype="AI" name="Sensor21624_S" textname="test sensor 21624"/>
			<item id="21625" losttest="2" iotype="AI" name="Sensor21625_S" textname="test sensor 21625"/>
			<item id="21626" losttest="2" iotype="AI" name="Sensor21626_S" textname="test sensor 21626"/>
			<item id="21627" losttest="2" iotype="AI" name="Sensor21627_S" textname="test sensor 21627"/>
			<item id="21628" losttest="2" iotype="AI" name="Sensor21628_S" textname="test sensor 21628"/>
			<item id="21629" losttest="2" iotype="AI" name="Sensor21629_S" textname="test sensor 21629"/>
			<item id="21630" losttest="2" iotype="AI" name="Sensor21630_S" textname="test sensor 21630"/>
			<item id="21631" losttest="2" iotype="AI" name="Sensor21631_S" textname="test sensor 21631"/>
			<item id="21632" losttest="2" iotype="AI" name="Sensor21632_S" textname="test sensor 21632"/>
			<item id="21633" losttest="2" iotype="AI" name="Sensor21633_S" textname="test sensor 21633"/>
			<item id="21634" losttest="2" iotype="AI" name="Sensor21634_S" textname="test sensor 21634"/>
			<item id="21635" losttest="2" iotype="AI" name="Sensor21635_S" textname="test sensor 21635"/>
			<item id="21636" losttest="2" iotype="AI" name="Sensor21636_S" textname="test sensor 21636"/>
			<item id="21637" losttest="2" iotype="AI" name="Sensor21637_S" textname="test sensor 21637"/>
			<item id="21638" losttest="2" iotype="AI" name="Sensor21638_S" textname="test sensor 21638"/>
			<item id="21639" losttest="2" iotype="AI" name="Sensor21639_S" textname="test sensor 21639"/>
			<item id="21640" losttest="2" iotype="AI" name="Sensor21640_S" textname="test sensor 21640"/>
			<item id="21641" losttest="2" iotype="AI" name="Sensor21641_S" textname="test sensor 21641"/>
			<item id="21642" losttest="2" iotype="AI" name="Sensor21642_S" textname="test sensor 21642"/>
			<item id="21643" losttest="2" iotype="AI" name="Sensor21643_S" textname="test sensor 21643"/>
			<item id="21644" losttest="2" iotype="AI" name="Sensor21644_S" textname="test sensor 21644"/>
			<item id="21645" losttest="2" iotype="AI" name="Sensor21645_S" textname="test sensor 21645"/>
			<item id="21646" losttest="2" iotype="AI" name="Sensor21646_S" textname="test sensor 21646"/>
			<item id="21647" losttest="2" iotype="AI" name="Sensor21647_S" textname="test sensor 21647"/>
			<item id="21648" losttest="2" iotype="AI" name="Sensor21648_S" textname="test sensor 21648"/>
			<item id="21649" losttest="2" iotype="AI" name="Sensor21649_S" textname="test sensor 21649"/>
			<item id="21650" losttest="2" iotype="AI" name="Sensor21650_S" textname="test sensor 21650"/>
			<item id="21651" losttest="2" iotype="AI" name="Sensor21651_S" textname="test sensor 21651"/>
			<item id="21652" losttest="2" iotype="AI" name="Sensor21652_S" textname="test sensor 21652"/>
			<item id="21653" losttest="2" iotype="AI" name="Sensor21653_S" textname="test sensor 21653"/>
			<item id="21654" losttest="2" iotype="AI" name="Sensor21654_S" textname="test sensor 21654"/>
			<item id="21655" losttest="2" iotype="AI" name="Sensor21655_S" textname="test sensor 21655"/>
			<item id="21656" losttest="2" iotype="AI" name="Sensor21656_S" textname="test sensor 21656"/>
			<item id="21657" losttest="2" iotype="AI" name="Sensor21657_S" textname="test sensor 21657"/>
			<item id="21658" losttest="2" iotype="AI" name="Sensor21658_S" textname="test sensor 21658"/>
			<item id="21659" losttest="2" iotype="AI" name="Sensor21659_S" textname="test sensor 21659"/>
			<item id="21660" losttest="2" iotype="AI" name="Sensor21660_S" textname="test sensor 21660"/>
			<item id="21661" losttest="2" iotype="AI" name="Sensor21661_S" textname="test sensor 21661"/>
			<item id="21662" losttest="2" iotype="AI" name="Sensor21662_S" textname="test sensor 21662"/>
			<item id="21663" losttest="2" iotype="AI" name="Sensor21663_S" textname="test sensor 21663"/>
			<item id="21664" losttest="2" iotype="AI" name="Sensor21664_S" textname="test sensor 21664"/>
			<item id="21665" losttest="2" iotype="AI" name="Sensor21665_S" textname="test sensor 21665"/>
			<item id="21666" losttest="2" iotype="AI" name="Sensor21666_S" textname="test sensor 21666"/>
			<item id="21667" losttest="2" iotype="AI" name="Sensor21667_S" textname="test sensor 21667"/>
			<item id="21668" losttest="2" iotype="AI" name="Sensor21668_S" textname="test sensor 21668"/>
			<item id="21669" losttest="2" iotype="AI" name="Sensor21669_S" textname="test sensor 21669"/>
			<item id="21670" losttest="2" iotype="AI" name="Sensor21670_S" textname="test sensor 21670"/>
			<item id="21671" losttest="2" iotype="AI" name="Sensor21671_S" textname="test sensor 21671"/>
			<item id="21672" losttest="2" iotype="AI" name="Sensor21672_S" textname="test sensor 21672"/>
			<item id="21673" losttest="2" iotype="AI" name="Sensor21673_S" textname="test sensor 21673"/>
			<item id="21674" losttest="2" iotype="AI" name="Sensor21674_S" textname="test sensor 21674"/>
			<item id="21675" losttest="2" iotype="AI" name="Sensor21675_S" textname="test sensor 21675"/>
			<item id="21676" losttest="2" iotype="AI" name="Sensor21676_S" textname="test sensor 21676"/>
			<item id="21677" losttest="2" iotype="AI" name="Sensor21677_S" textname="test sensor 21677"/>
			<item id="21678" losttest="2" iotype="AI" name="Sensor21678_S" textname="test sensor 21678"/>
			<item id="21679" losttest="2" iotype="AI" name="Sensor21679_S" textname="test sensor 21679"/>
			<item id="21680" losttest="2" iotype="AI" name="Sensor21680_S" textname="test sensor 21680"/>
			<item id="21681" losttest="2" iotype="AI" name="Sensor21681_S" textname="test sensor 21681"/>
			<item id="21682" losttest="2" iotype="AI" name="Sensor21682_S" textname="test sensor 21682"/>
			<item id="21683" losttest="2" iotype="AI" name="Sensor21683_S" textname="test sensor 21683"/>
			<item id="21684" losttest="2" iotype="AI" name="Sensor21684_S" textname="test sensor 21684"/>
			<item id="21685" losttest="2" iotype="AI" name="Sensor21685_S" textname="test sensor 21685"/>
			<item id="21686" losttest="2" iotype="AI" name="Sensor21686_S" textname="test sensor 21686"/>
			<item id="21687" losttest="2" iotype="AI" name="Sensor21687_S" textname="test sensor 21687"/>
			<item id="21688" losttest="2" iotype="AI" name="Sensor21688_S" textname="test sensor 21688"/>
			<item id="21689" losttest="2" iotype="AI" name="Sensor21689_S" textname="test sensor 21689"/>
			<item id="21690" losttest="2" iotype="AI" name="Sensor21690_S" textname="test sensor 21690"/>
			<item id="21691" losttest="2" iotype="AI" name="Sensor21691_S" textname="test sensor 21691"/>
			<item id="21692" losttest="2" iotype="AI" name="Sensor21692_S" textname="test sensor 21692"/>
			<item id="21693" losttest="2" iotype="AI" name="Sensor21693_S" textname="test sensor 21693"/>
			<item id="21694" losttest="2" iotype="AI" name="Sensor21694_S" textname="test sensor 21694"/>
			<item id="21695" losttest="2" iotype="AI" name="Sensor21695_S" textname="test sensor 21695"/>
			<item id="21696" losttest="2" iotype="AI" name="Sensor21696_S" textname="test sensor 21696"/>
			<item id="21697" losttest="2" iotype="AI" name="Sensor21697_S" textname="test sensor 21697"/>
			<item id="21698" losttest="2" iotype="AI" name="Sensor21698_S" textname="test sensor 21698"/>
			<item id="21699" losttest="2" iotype="AI" name="Sensor21699_S" textname="test sensor 21699"/>
			<item id="21700" losttest="2" iotype="AI" name="Sensor21700_S" textname="test sensor 21700"/>
			<item id="21701" losttest="2" iotype="AI" name="Sensor21701_S" textname="test sensor 21701"/>
			<item id="21702" losttest="2" iotype="AI" name="Sensor21702_S" textname="test sensor 21702"/>
			<item id="21703" losttest="2" iotype="AI" name="Sensor21703_S" textname="test sensor 21703"/>
			<item id="21704" losttest="2" iotype="AI" name="Sensor21704_S" textname="test sensor 21704"/>
			<item id="21705" losttest="2" iotype="AI" name="Sensor21705_S" textname="test sensor 21705"/>
			<item id="21706" losttest="2" iotype="AI" name="Sensor21706_S" textname="test sensor 21706"/>
			<item id="21707" losttest="2" iotype="AI" name="Sensor21707_S" textname="test sensor 21707"/>
			<item id="21708" losttest="2" iotype="AI" name="Sensor21708_S" textname="test sensor 21708"/>
			<item id="21709" losttest="2" iotype="AI" name="Sensor21709_S" textname="test sensor 21709"/>
			<item id="21710" losttest="2" iotype="AI" name="Sensor21710_S" textname="test sensor 21710"/>
			<item id="21711" losttest="2" iotype="AI" name="Sensor21711_S" textname="test sensor 21711"/>
			<item id="21712" losttest="2" iotype="AI" name="Sensor21712_S" textname="test sensor 21712"/>
			<item id="21713" losttest="2" iotype="AI" name="Sensor21713_S" textname="test sensor 21713"/>
			<item id="21714" losttest="2" iotype="AI" name="Sensor21714_S" textname="test sensor 21714"/>
			<item id="21715" losttest="2" iotype="AI" name="Sensor21715_S" textname="test sensor 21715"/>
			<item id="21716" losttest="2" iotype="AI" name="Sensor21716_S" textname="test sensor 21716"/>
			<item id="21717" losttest="2" iotype="AI" name="Sensor21717_S" textname="test sensor 21717"/>
			<item id="21718" losttest="2" iotype="AI" name="Sensor21718_S" textname="test sensor 21718"/>
			<item id="21719" losttest="2" iotype="AI" name="Sensor21719_S" textname="test sensor 21719"/>
			<item id="21720" losttest="2" iotype="AI" name="Sensor21720_S" textname="test sensor 21720"/>
			<item id="21721" losttest="2" iotype="AI" name="Sensor21721_S" textname="test sensor 21721"/>
			<item id="21722" losttest="2" iotype="AI" name="Sensor21722_S" textname="test sensor 21722"/>
			<item id="21723" losttest="2" iotype="AI" name="Sensor21723_S" textname="test sensor 21723"/>
			<item id="21724" losttest="2" iotype="AI" name="Sensor21724_S" textname="test sensor 21724"/>
			<item id="21725" losttest="2" iotype="AI" name="Sensor21725_S" textname="test sensor 21725"/>
			<item id="21726" losttest="2" iotype="AI" name="Sensor21726_S" textname="test sensor 21726"/>
			<item id="21727" losttest="2" iotype="AI" name="Sensor21727_S" textname="test sensor 21727"/>
			<item id="21728" losttest="2" iotype="AI" name="Sensor21728_S" textname="test sensor 21728"/>
			<item id="21729" losttest="2" iotype="AI" name="Sensor21729_S" textname="test sensor 21729"/>
			<item id="21730" losttest="2" iotype="AI" name="Sensor21730_S" textname="test sensor 21730"/>
			<item id="21731" losttest="2" iotype="AI" name="Sensor21731_S" textname="test sensor 21731"/>
			<item id="21732" losttest="2" iotype="AI" name="Sensor21732_S" textname="test sensor 21732"/>
			<item id="21733" losttest="2" iotype="AI" name="Sensor21733_S" textname="test sensor 21733"/>
			<item id="21734" losttest="2" iotype="AI" name="Sensor21734_S" textname="test sensor 21734"/>
			<item id="21735" losttest="2" iotype="AI" name="Sensor21735_S" textname="test sensor 21735"/>
			<item id="21736" losttest="2" iotype="AI" name="Sensor21736_S" textname="test sensor 21736"/>
			<item id="21737" losttest="2" iotype="AI" name="Sensor21737_S" textname="test sensor 21737"/>
			<item id="21738" losttest="2" iotype="AI" name="Sensor21738_S" textname="test sensor 21738"/>
			<item id="21739" losttest="2" iotype="AI" name="Sensor21739_S" textname="test sensor 21739"/>
			<item id="21740" losttest="2" iotype="AI" name="Sensor21740_S" textname="test sensor 21740"/>
			<item id="21741" losttest="2" iotype="AI" name="Sensor21741_S" textname="test sensor 21741"/>
			<item id="21742" losttest="2" iotype="AI" name="Sensor21742_S" textname="test sensor 21742"/>
			<item id="21743" losttest="2" iotype="AI" name="Sensor21743_S" textname="test sensor 21743"/>
			<item id="21744" losttest="2" iotype="AI" name="Sensor21744_S" textname="test sensor 21744"/>
			<item id="21745" losttest="2" iotype="AI" name="Sensor21745_S" textname="test sensor 21745"/>
			<item id="21746" losttest="2" iotype="AI" name="Sensor21746_S" textname="test sensor 21746"/>
			<item id="21747" losttest="2" iotype="AI" name="Sensor21747_S" textname="test sensor 21747"/>
			<item id="21748" losttest="2" iotype="AI" name="Sensor21748_S" textname="test sensor 21748"/>
			<item id="21749" losttest="2" iotype="AI" name="Sensor21749_S" textname="test sensor 21749"/>
			<item id="21750" losttest="2" iotype="AI" name="Sensor21750_S" textname="test sensor 21750"/>
			<item id="21751" losttest="2" iotype="AI" name="Sensor21751_S" textname="test sensor 21751"/>
			<item id="21752" losttest="2" iotype="AI" name="Sensor21752_S" textname="test sensor 21752"/>
			<item id="21753" losttest="2" iotype="AI" name="Sensor21753_S" textname="test sensor 21753"/>
			<item id="21754" losttest="2" iotype="AI" name="Sensor21754_S" textname="test sensor 21754"/>
			<item id="21755" losttest="2" iotype="AI" name="Sensor21755_S" textname="test sensor 21755"/>
			<item id="21756" losttest="2" iotype="AI" name="Sensor21756_S" textname="test sensor 21756"/>
			<item id="21757" losttest="2" iotype="AI" name="Sensor21757_S" textname="test sensor 21757"/>
			<item id="21758" losttest="2" iotype="AI" name="Sensor21758_S" textname="test sensor 21758"/>
			<item id="21759" losttest="2" iotype="AI" name="Sensor21759_S" textname="test sensor 21759"/>
			<item id="21760" losttest="2" iotype="AI" name="Sensor21760_S" textname="test sensor 21760"/>
			<item id="21761" losttest="2" iotype="AI" name="Sensor21761_S" textname="test sensor 21761"/>
			<item id="21762" losttest="2" iotype="AI" name="Sensor21762_S" textname="test sensor 21762"/>
			<item id="21763" losttest="2" iotype="AI" name="Sensor21763_S" textname="test sensor 21763"/>
			<item id="21764" losttest="2" iotype="AI" name="Sensor21764_S" textname="test sensor 21764"/>
			<item id="21765" losttest="2" iotype="AI" name="Sensor21765_S" textname="test sensor 21765"/>
			<item id="21766" losttest="2" iotype="AI" name="Sensor21766_S" textname="test sensor 21766"/>
			<item id="21767" losttest="2" iotype="AI" name="Sensor21767_S" textname="test sensor 21767"/>
			<item id="21768" losttest="2" iotype="AI" name="Sensor21768_S" textname="test sensor 21768"/>
			<item id="21769" losttest="2" iotype="AI" name="Sensor21769_S" textname="test sensor 21769"/>
			<item id="21770" losttest="2" iotype="AI" name="Sensor21770_S" textname="test sensor 21770"/>
			<item id="21771" losttest="2" iotype="AI" name="Sensor21771_S" textname="test sensor 21771"/>
			<item id="21772" losttest="2" iotype="AI" name="Sensor21772_S" textname="test sensor 21772"/>
			<item id="21773" losttest="2" iotype="AI" name="Sensor21773_S" textname="test sensor 21773"/>
			<item id="21774" losttest="2" iotype="AI" name="Sensor21774_S" textname="test sensor 21774"/>
			<item id="21775" losttest="2" iotype="AI" name="Sensor21775_S" textname="test sensor 21775"/>
			<item id="21776" losttest="2" iotype="AI" name="Sensor21776_S" textname="test sensor 21776"/>
			<item id="21777" losttest="2" iotype="AI" name="Sensor21777_S" textname="test sensor 21777"/>
			<item id="21778" losttest="2" iotype="AI" name="Sensor21778_S" textname="test sensor 21778"/>
			<item id="21779" losttest="2" iotype="AI" name="Sensor21779_S" textname="test sensor 21779"/>
			<item id="21780" losttest="2" iotype="AI" name="Sensor21780_S" textname="test sensor 21780"/>
			<item id="21781" losttest="2" iotype="AI" name="Sensor21781_S" textname="test sensor 21781"/>
			<item id="21782" losttest="2" iotype="AI" name="Sensor21782_S" textname="test sensor 21782"/>
			<item id="21783" losttest="2" iotype="AI" name="Sensor21783_S" textname="test sensor 21783"/>
			<item id="21784" losttest="2" iotype="AI" name="Sensor21784_S" textname="test sensor 21784"/>
			<item id="21785" losttest="2" iotype="AI" name="Sensor21785_S" textname="test sensor 21785"/>
			<item id="21786" losttest="2" iotype="AI" name="Sensor21786_S" textname="test sensor 21786"/>
			<item id="21787" losttest="2" iotype="AI" name="Sensor21787_S" textname="test sensor 21787"/>
			<item id="21788" losttest="2" iotype="AI" name="Sensor21788_S" textname="test sensor 21788"/>
			<item id="21789" losttest="2" iotype="AI" name="Sensor21789_S" textname="test sensor 21789"/>
			<item id="21790" losttest="2" iotype="AI" name="Sensor21790_S" textname="test sensor 21790"/>
			<item id="21791" losttest="2" iotype="AI" name="Sensor21791_S" textname="test sensor 21791"/>
			<item id="21792" losttest="2" iotype="AI" name="Sensor21792_S" textname="test sensor 21792"/>
			<item id="21793" losttest="2" iotype="AI" name="Sensor21793_S" textname="test sensor 21793"/>
			<item id="21794" losttest="2" iotype="AI" name="Sensor21794_S" textname="test sensor 21794"/>
			<item id="21795" losttest="2" iotype="AI" name="Sensor21795_S" textname="test sensor 21795"/>
			<item id="21796" losttest="2" iotype="AI" name="Sensor21796_S" textname="test sensor 21796"/>
			<item id="21797" losttest="2" iotype="AI" name="Sensor21797_S" textname="test sensor 21797"/>
			<item id="21798" losttest="2" iotype="AI" name="Sensor21798_S" textname="test sensor 21798"/>
			<item id="21799" losttest="2" iotype="AI" name="Sensor21799_S" textname="test sensor 21799"/>
			<item id="21800" losttest="2" iotype="AI" name="Sensor21800_S" textname="test sensor 21800"/>
			<item id="21801" losttest="2" iotype="AI" name="Sensor21801_S" textname="test sensor 21801"/>
			<item id="21802" losttest="2" iotype="AI" name="Sensor21802_S" textname="test sensor 21802"/>
			<item id="21803" losttest="2" iotype="AI" name="Sensor21803_S" textname="test sensor 21803"/>
			<item id="21804" losttest="2" iotype="AI" name="Sensor21804_S" textname="test sensor 21804"/>
			<item id="21805" losttest="2" iotype="AI" name="Sensor21805_S" textname="test sensor 21805"/>
			<item id="21806" losttest="2" iotype="AI" name="Sensor21806_S" textname="test sensor 21806"/>
			<item id="21807" losttest="2" iotype="AI" name="Sensor21807_S" textname="test sensor 21807"/>
			<item id="21808" losttest="2" iotype="AI" name="Sensor21808_S" textname="test sensor 21808"/>
			<item id="21809" losttest="2" iotype="AI" name="Sensor21809_S" textname="test sensor 21809"/>
			<item id="21810" losttest="2" iotype="AI" name="Sensor21810_S" textname="test sensor 21810"/>
			<item id="21811" losttest="2" iotype="AI" name="Sensor21811_S" textname="test sensor 21811"/>
			<item id="21812" losttest="2" iotype="AI" name="Sensor21812_S" textname="test sensor 21812"/>
			<item id="21813" losttest="2" iotype="AI" name="Sensor21813_S" textname="test sensor 21813"/>
			<item id="21814" losttest="2" iotype="AI" name="Sensor21814_S" textname="test sensor 21814"/>
			<item id="21815" losttest="2" iotype="AI" name="Sensor21815_S" textname="test sensor 21815"/>
			<item id="21816" losttest="2" iotype="AI" name="Sensor21816_S" textname="test sensor 21816"/>
			<item id="21817" losttest="2" iotype="AI" name="Sensor21817_S" textname="test sensor 21817"/>
			<item id="21818" losttest="2" iotype="AI" name="Sensor21818_S" textname="test sensor 21818"/>
			<item id="21819" losttest="2" iotype="AI" name="Sensor21819_S" textname="test sensor 21819"/>
			<item id="21820" losttest="2" iotype="AI" name="Sensor21820_S" textname="test sensor 21820"/>
			<item id="21821" losttest="2" iotype="AI" name="Sensor21821_S" textname="test sensor 21821"/>
			<item id="21822" losttest="2" iotype="AI" name="Sensor21822_S" textname="test sensor 21822"/>
			<item id="21823" losttest="2" iotype="AI" name="Sensor21823_S" textname="test sensor 21823"/>
			<item id="21824" losttest="2" iotype="AI" name="Sensor21824_S" textname="test sensor 21824"/>
			<item id="21825" losttest="2" iotype="AI" name="Sensor21825_S" textname="test sensor 21825"/>
			<item id="21826" losttest="2" iotype="AI" name="Sensor21826_S" textname="test sensor 21826"/>
			<item id="21827" losttest="2" iotype="AI" name="Sensor21827_S" textname="test sensor 21827"/>
			<item id="21828" losttest="2" iotype="AI" name="Sensor21828_S" textname="test sensor 21828"/>
			<item id="21829" losttest="2" iotype="AI" name="Sensor21829_S" textname="test sensor 21829"/>
			<item id="21830" losttest="2" iotype="AI" name="Sensor21830_S" textname="test sensor 21830"/>
			<item id="21831" losttest="2" iotype="AI" name="Sensor21831_S" textname="test sensor 21831"/>
			<item id="21832" losttest="2" iotype="AI" name="Sensor21832_S" textname="test sensor 21832"/>
			<item id="21833" losttest="2" iotype="AI" name="Sensor21833_S" textname="test sensor 21833"/>
			<item id="21834" losttest="2" iotype="AI" name="Sensor21834_S" textname="test sensor 21834"/>
			<item id="21835" losttest="2" iotype="AI" name="Sensor21835_S" textname="test sensor 21835"/>
			<item id="21836" losttest="2" iotype="AI" name="Sensor21836_S" textname="test sensor 21836"/>
			<item id="21837" losttest="2" iotype="AI" name="Sensor21837_S" textname="test sensor 21837"/>
			<item id="21838" losttest="2" iotype="AI" name="Sensor21838_S" textname="test sensor 21838"/>
			<item id="21839" losttest="2" iotype="AI" name="Sensor21839_S" textname="test sensor 21839"/>
			<item id="21840" losttest="2" iotype="AI" name="Sensor21840_S" textname="test sensor 21840"/>
			<item id="21841" losttest="2" iotype="AI" name="Sensor21841_S" textname="test sensor 21841"/>
			<item id="21842" losttest="2" iotype="AI" name="Sensor21842_S" textname="test sensor 21842"/>
			<item id="21843" losttest="2" iotype="AI" name="Sensor21843_S" textname="test sensor 21843"/>
			<item id="21844" losttest="2" iotype="AI" name="Sensor21844_S" textname="test sensor 21844"/>
			<item id="21845" losttest="2" iotype="AI" name="Sensor21845_S" textname="test sensor 21845"/>
			<item id="21846" losttest="2" iotype="AI" name="Sensor21846_S" textname="test sensor 21846"/>
			<item id="21847" losttest="2" iotype="AI" name="Sensor21847_S" textname="test sensor 21847"/>
			<item id="21848" losttest="2" iotype="AI" name="Sensor21848_S" textname="test sensor 21848"/>
			<item id="21849" losttest="2" iotype="AI" name="Sensor21849_S" textname="test sensor 21849"/>
			<item id="21850" losttest="2" iotype="AI" name="Sensor21850_S" textname="test sensor 21850"/>
			<item id="21851" losttest="2" iotype="AI" name="Sensor21851_S" textname="test sensor 21851"/>
			<item id="21852" losttest="2" iotype="AI" name="Sensor21852_S" textname="test sensor 21852"/>
			<item id="21853" losttest="2" iotype="AI" name="Sensor21853_S" textname="test sensor 21853"/>
			<item id="21854" losttest="2" iotype="AI" name="Sensor21854_S" textname="test sensor 21854"/>
			<item id="21855" losttest="2" iotype="AI" name="Sensor21855_S" textname="test sensor 21855"/>
			<item id="21856" losttest="2" iotype="AI" name="Sensor21856_S" textname="test sensor 21856"/>
			<item id="21857" losttest="2" iotype="AI" name="Sensor21857_S" textname="test sensor 21857"/>
			<item id="21858" losttest="2" iotype="AI" name="Sensor21858_S" textname="test sensor 21858"/>
			<item id="21859" losttest="2" iotype="AI" name="Sensor21859_S" textname="test sensor 21859"/>
			<item id="21860" losttest="2" iotype="AI" name="Sensor21860_S" textname="test sensor 21860"/>
			<item id="21861" losttest="2" iotype="AI" name="Sensor21861_S" textname="test sensor 21861"/>
			<item id="21862" losttest="2" iotype="AI" name="Sensor21862_S" textname="test sensor 21862"/>
			<item id="21863" losttest="2" iotype="AI" name="Sensor21863_S" textname="test sensor 21863"/>
			<item id="21864" losttest="2" iotype="AI" name="Sensor21864_S" textname="test sensor 21864"/>
			<item id="21865" losttest="2" iotype="AI" name="Sensor21865_S" textname="test sensor 21865"/>
			<item id="21866" losttest="2" iotype="AI" name="Sensor21866_S" textname="test sensor 21866"/>
			<item id="21867" losttest="2" iotype="AI" name="Sensor21867_S" textname="test sensor 21867"/>
			<item id="21868" losttest="2" iotype="AI" name="Sensor21868_S" textname="test sensor 21868"/>
			<item id="21869" losttest="2" iotype="AI" name="Sensor21869_S" textname="test sensor 21869"/>
			<item id="21870" losttest="2" iotype="AI" name="Sensor21870_S" textname="test sensor 21870"/>
			<item id="21871" losttest="2" iotype="AI" name="Sensor21871_S" textname="test sensor 21871"/>
			<item id="21872" losttest="2" iotype="AI" name="Sensor21872_S" textname="test sensor 21872"/>
			<item id="21873" losttest="2" iotype="AI" name="Sensor21873_S" textname="test sensor 21873"/>
			<item id="21874" losttest="2" iotype="AI" name="Sensor21874_S" textname="test sensor 21874"/>
			<item id="21875" losttest="2" iotype="AI" name="Sensor21875_S" textname="test sensor 21875"/>
			<item id="21876" losttest="2" iotype="AI" name="Sensor21876_S" textname="test sensor 21876"/>
			<item id="21877" losttest="2" iotype="AI" name="Sensor21877_S" textname="test sensor 21877"/>
			<item id="21878" losttest="2" iotype="AI" name="Sensor21878_S" textname="test sensor 21878"/>
			<item id="21879" losttest="2" iotype="AI" name="Sensor21879_S" textname="test sensor 21879"/>
			<item id="21880" losttest="2" iotype="AI" name="Sensor21880_S" textname="test sensor 21880"/>
			<item id="21881" losttest="2" iotype="AI" name="Sensor21881_S" textname="test sensor 21881"/>
			<item id="21882" losttest="2" iotype="AI" name="Sensor21882_S" textname="test sensor 21882"/>
			<item id="21883" losttest="2" iotype="AI" name="Sensor21883_S" textname="test sensor 21883"/>
			<item id="21884" losttest="2" iotype="AI" name="Sensor21884_S" textname="test sensor 21884"/>
			<item id="21885" losttest="2" iotype="AI" name="Sensor21885_S" textname="test sensor 21885"/>
			<item id="21886" losttest="2" iotype="AI" name="Sensor21886_S" textname="test sensor 21886"/>
			<item id="21887" losttest="2" iotype="AI" name="Sensor21887_S" textname="test sensor 21887"/>
			<item id="21888" losttest="2" iotype="AI" name="Sensor21888_S" textname="test sensor 21888"/>
			<item id="21889" losttest="2" iotype="AI" name="Sensor21889_S" textname="test sensor 21889"/>
			<item id="21890" losttest="2" iotype="AI" name="Sensor21890_S" textname="test sensor 21890"/>
			<item id="21891" losttest="2" iotype="AI" name="Sensor21891_S" textname="test sensor 21891"/>
			<item id="21892" losttest="2" iotype="AI" name="Sensor21892_S" textname="test sensor 21892"/>
			<item id="21893" losttest="2" iotype="AI" name="Sensor21893_S" textname="test sensor 21893"/>
			<item id="21894" losttest="2" iotype="AI" name="Sensor21894_S" textname="test sensor 21894"/>
			<item id="21895" losttest="2" iotype="AI" name="Sensor21895_S" textname="test sensor 21895"/>
			<item id="21896" losttest="2" iotype="AI" name="Sensor21896_S" textname="test sensor 21896"/>
			<item id="21897" losttest="2" iotype="AI" name="Sensor21897_S" textname="test sensor 21897"/>
			<item id="21898" losttest="2" iotype="AI" name="Sensor21898_S" textname="test sensor 21898"/>
			<item id="21899" losttest="2" iotype="AI" name="Sensor21899_S" textname="test sensor 21899"/>
			<item id="21900" losttest="2" iotype="AI" name="Sensor21900_S" textname="test sensor 21900"/>
			<item id="21901" losttest="2" iotype="AI" name="Sensor21901_S" textname="test sensor 21901"/>
			<item id="21902" losttest="2" iotype="AI" name="Sensor21902_S" textname="test sensor 21902"/>
			<item id="21903" losttest="2" iotype="AI" name="Sensor21903_S" textname="test sensor 21903"/>
			<item id="21904" losttest="2" iotype="AI" name="Sensor21904_S" textname="test sensor 21904"/>
			<item id="21905" losttest="2" iotype="AI" name="Sensor21905_S" textname="test sensor 21905"/>
			<item id="21906" losttest="2" iotype="AI" name="Sensor21906_S" textname="test sensor 21906"/>
			<item id="21907" losttest="2" iotype="AI" name="Sensor21907_S" textname="test sensor 21907"/>
			<item id="21908" losttest="2" iotype="AI" name="Sensor21908_S" textname="test sensor 21908"/>
			<item id="21909" losttest="2" iotype="AI" name="Sensor21909_S" textname="test sensor 21909"/>
			<item id="21910" losttest="2" iotype="AI" name="Sensor21910_S" textname="test sensor 21910"/>
			<item id="21911" losttest="2" iotype="AI" name="Sensor21911_S" textname="test sensor 21911"/>
			<item id="21912" losttest="2" iotype="AI" name="Sensor21912_S" textname="test sensor 21912"/>
			<item id="21913" losttest="2" iotype="AI" name="Sensor21913_S" textname="test sensor 21913"/>
			<item id="21914" losttest="2" iotype="AI" name="Sensor21914_S" textname="test sensor 21914"/>
			<item id="21915" losttest="2" iotype="AI" name="Sensor21915_S" textname="test sensor 21915"/>
			<item id="21916" losttest="2" iotype="AI" name="Sensor21916_S" textname="test sensor 21916"/>
			<item id="21917" losttest="2" iotype="AI" name="Sensor21917_S" textname="test sensor 21917"/>
			<item id="21918" losttest="2" iotype="AI" name="Sensor21918_S" textname="test sensor 21918"/>
			<item id="21919" losttest="2" iotype="AI" name="Sensor21919_S" textname="test sensor 21919"/>
			<item id="21920" losttest="2" iotype="AI" name="Sensor21920_S" textname="test sensor 21920"/>
			<item id="21921" losttest="2" iotype="AI" name="Sensor21921_S" textname="test sensor 21921"/>
			<item id="21922" losttest="2" iotype="AI" name="Sensor21922_S" textname="test sensor 21922"/>
			<item id="21923" losttest="2" iotype="AI" name="Sensor21923_S" textname="test sensor 21923"/>
			<item id="21924" losttest="2" iotype="AI" name="Sensor21924_S" textname="test sensor 21924"/>
			<item id="21925" losttest="2" iotype="AI" name="Sensor21925_S" textname="test sensor 21925"/>
			<item id="21926" losttest="2" iotype="AI" name="Sensor21926_S" textname="test sensor 21926"/>
			<item id="21927" losttest="2" iotype="AI" name="Sensor21927_S" textname="test sensor 21927"/>
			<item id="21928" losttest="2" iotype="AI" name="Sensor21928_S" textname="test sensor 21928"/>
			<item id="21929" losttest="2" iotype="AI" name="Sensor21929_S" textname="test sensor 21929"/>
			<item id="21930" losttest="2" iotype="AI" name="Sensor21930_S" textname="test sensor 21930"/>
			<item id="21931" losttest="2" iotype="AI" name="Sensor21931_S" textname="test sensor 21931"/>
			<item id="21932" losttest="2" iotype="AI" name="Sensor21932_S" textname="test sensor 21932"/>
			<item id="21933" losttest="2" iotype="AI" name="Sensor21933_S" textname="test sensor 21933"/>
			<item id="21934" losttest="2" iotype="AI" name="Sensor21934_S" textname="test sensor 21934"/>
			<item id="21935" losttest="2" iotype="AI" name="Sensor21935_S" textname="test sensor 21935"/>
			<item id="21936" losttest="2" iotype="AI" name="Sensor21936_S" textname="test sensor 21936"/>
			<item id="21937" losttest="2" iotype="AI" name="Sensor21937_S" textname="test sensor 21937"/>
			<item id="21938" losttest="2" iotype="AI" name="Sensor21938_S" textname="test sensor 21938"/>
			<item id="21939" losttest="2" iotype="AI" name="Sensor21939_S" textname="test sensor 21939"/>
			<item id="21940" losttest="2" iotype="AI" name="Sensor21940_S" textname="test sensor 21940"/>
			<item id="21941" losttest="2" iotype="AI" name="Sensor21941_S" textname="test sensor 21941"/>
			<item id="21942" losttest="2" iotype="AI" name="Sensor21942_S" textname="test sensor 21942"/>
			<item id="21943" losttest="2" iotype="AI" name="Sensor21943_S" textname="test sensor 21943"/>
			<item id="21944" losttest="2" iotype="AI" name="Sensor21944_S" textname="test sensor 21944"/>
			<item id="21945" losttest="2" iotype="AI" name="Sensor21945_S" textname="test sensor 21945"/>
			<item id="21946" losttest="2" iotype="AI" name="Sensor21946_S" textname="test sensor 21946"/>
			<item id="21947" losttest="2" iotype="AI" name="Sensor21947_S" textname="test sensor 21947"/>
			<item id="21948" losttest="2" iotype="AI" name="Sensor21948_S" textname="test sensor 21948"/>
			<item id="21949" losttest="2" iotype="AI" name="Sensor21949_S" textname="test sensor 21949"/>
			<item id="21950" losttest="2" iotype="AI" name="Sensor21950_S" textname="test sensor 21950"/>
			<item id="21951" losttest="2" iotype="AI" name="Sensor21951_S" textname="test sensor 21951"/>
			<item id="21952" losttest="2" iotype="AI" name="Sensor21952_S" textname="test sensor 21952"/>
			<item id="21953" losttest="2" iotype="AI" name="Sensor21953_S" textname="test sensor 21953"/>
			<item id="21954" losttest="2" iotype="AI" name="Sensor21954_S" textname="test sensor 21954"/>
			<item id="21955" losttest="2" iotype="AI" name="Sensor21955_S" textname="test sensor 21955"/>
			<item id="21956" losttest="2" iotype="AI" name="Sensor21956_S" textname="test sensor 21956"/>
			<item id="21957" losttest="2" iotype="AI" name="Sensor21957_S" textname="test sensor 21957"/>
			<item id="21958" losttest="2" iotype="AI" name="Sensor21958_S" textname="test sensor 21958"/>
			<item id="21959" losttest="2" iotype="AI" name="Sensor21959_S" textname="test sensor 21959"/>
			<item id="21960" losttest="2" iotype="AI" name="Sensor21960_S" textname="test sensor 21960"/>
			<item id="21961" losttest="2" iotype="AI" name="Sensor21961_S" textname="test sensor 21961"/>
			<item id="21962" losttest="2" iotype="AI" name="Sensor21962_S" textname="test sensor 21962"/>
			<item id="21963" losttest="2" iotype="AI" name="Sensor21963_S" textname="test sensor 21963"/>
			<item id="21964" losttest="2" iotype="AI" name="Sensor21964_S" textname="test sensor 21964"/>
			<item id="21965" losttest="2" iotype="AI" name="Sensor21965_S" textname="test sensor 21965"/>
			<item id="21966" losttest="2" iotype="AI" name="Sensor21966_S" textname="test sensor 21966"/>
			<item id="21967" losttest="2" iotype="AI" name="Sensor21967_S" textname="test sensor 21967"/>
			<item id="21968" losttest="2" iotype="AI" name="Sensor21968_S" textname="test sensor 21968"/>
			<item id="21969" losttest="2" iotype="AI" name="Sensor21969_S" textname="test sensor 21969"/>
			<item id="21970" losttest="2" iotype="AI" name="Sensor21970_S" textname="test sensor 21970"/>
			<item id="21971" losttest="2" iotype="AI" name="Sensor21971_S" textname="test sensor 21971"/>
			<item id="21972" losttest="2" iotype="AI" name="Sensor21972_S" textname="test sensor 21972"/>
			<item id="21973" losttest="2" iotype="AI" name="Sensor21973_S" textname="test sensor 21973"/>
			<item id="21974" losttest="2" iotype="AI" name="Sensor21974_S" textname="test sensor 21974"/>
			<item id="21975" losttest="2" iotype="AI" name="Sensor21975_S" textname="test sensor 21975"/>
			<item id="21976" losttest="2" iotype="AI" name="Sensor21976_S" textname="test sensor 21976"/>
			<item id="21977" losttest="2" iotype="AI" name="Sensor21977_S" textname="test sensor 21977"/>
			<item id="21978" losttest="2" iotype="AI" name="Sensor21978_S" textname="test sensor 21978"/>
			<item id="21979" losttest="2" iotype="AI" name="Sensor21979_S" textname="test sensor 21979"/>
			<item id="21980" losttest="2" iotype="AI" name="Sensor21980_S" textname="test sensor 21980"/>
			<item id="21981" losttest="2" iotype="AI" name="Sensor21981_S" textname="test sensor 21981"/>
			<item id="21982" losttest="2" iotype="AI" name="Sensor21982_S" textname="test sensor 21982"/>
			<item id="21983" losttest="2" iotype="AI" name="Sensor21983_S" textname="test sensor 21983"/>
			<item id="21984" losttest="2" iotype="AI" name="Sensor21984_S" textname="test sensor 21984"/>
			<item id="21985" losttest="2" iotype="AI" name="Sensor21985_S" textname="test sensor 21985"/>
			<item id="21986" losttest="2" iotype="AI" name="Sensor21986_S" textname="test sensor 21986"/>
			<item id="21987" losttest="2" iotype="AI" name="Sensor21987_S" textname="test sensor 21987"/>
			<item id="21988" losttest="2" iotype="AI" name="Sensor21988_S" textname="test sensor 21988"/>
			<item id="21989" losttest="2" iotype="AI" name="Sensor21989_S" textname="test sensor 21989"/>
			<item id="21990" losttest="2" iotype="AI" name="Sensor21990_S" textname="test sensor 21990"/>
			<item id="21991" losttest="2" iotype="AI" name="Sensor21991_S" textname="test sensor 21991"/>
			<item id="21992" losttest="2" iotype="AI" name="Sensor21992_S" textname="test sensor 21992"/>
			<item id="21993" losttest="2" iotype="AI" name="Sensor21993_S" textname="test sensor 21993"/>
			<item id="21994" losttest="2" iotype="AI" name="Sensor21994_S" textname="test sensor 21994"/>
			<item id="21995" losttest="2" iotype="AI" name="Sensor21995_S" textname="test sensor 21995"/>
			<item id="21996" losttest="2" iotype="AI" name="Sensor21996_S" textname="test sensor 21996"/>
			<item id="21997" losttest="2" iotype="AI" name="Sensor21997_S" textname="test sensor 21997"/>
			<item id="21998" losttest="2" iotype="AI" name="Sensor21998_S" textname="test sensor 21998"/>
			<item id="21999" losttest="2" iotype="AI" name="Sensor21999_S" textname="test sensor 21999"/>
			<item id="22000" losttest="2" iotype="AI" name="Sensor22000_S" textname="test sensor 22000"/>
			<item id="22001" losttest="2" iotype="AI" name="Sensor22001_S" textname="test sensor 22001"/>
			<item id="22002" losttest="2" iotype="AI" name="Sensor22002_S" textname="test sensor 22002"/>
			<item id="22003" losttest="2" iotype="AI" name="Sensor22003_S" textname="test sensor 22003"/>
			<item id="22004" losttest="2" iotype="AI" name="Sensor22004_S" textname="test sensor 22004"/>
			<item id="22005" losttest="2" iotype="AI" name="Sensor22005_S" textname="test sensor 22005"/>
			<item id="22006" losttest="2" iotype="AI" name="Sensor22006_S" textname="test sensor 22006"/>
			<item id="22007" losttest="2" iotype="AI" name="Sensor22007_S" textname="test sensor 22007"/>
			<item id="22008" losttest="2" iotype="AI" name="Sensor22008_S" textname="test sensor 22008"/>
			<item id="22009" losttest="2" iotype="AI" name="Sensor22009_S" textname="test sensor 22009"/>
			<item id="22010" losttest="2" iotype="AI" name="Sensor22010_S" textname="test sensor 22010"/>
			<item id="22011" losttest="2" iotype="AI" name="Sensor22011_S" textname="test sensor 22011"/>
			<item id="22012" losttest="2" iotype="AI" name="Sensor22012_S" textname="test sensor 22012"/>
			<item id="22013" losttest="2" iotype="AI" name="Sensor22013_S" textname="test sensor 22013"/>
			<item id="22014" losttest="2" iotype="AI" name="Sensor22014_S" textname="test sensor 22014"/>
			<item id="22015" losttest="2" iotype="AI" name="Sensor22015_S" textname="test sensor 22015"/>
			<item id="22016" losttest="2" iotype="AI" name="Sensor22016_S" textname="test sensor 22016"/>
			<item id="22017" losttest="2" iotype="AI" name="Sensor22017_S" textname="test sensor 22017"/>
			<item id="22018" losttest="2" iotype="AI" name="Sensor22018_S" textname="test sensor 22018"/>
			<item id="22019" losttest="2" iotype="AI" name="Sensor22019_S" textname="test sensor 22019"/>
			<item id="22020" losttest="2" iotype="AI" name="Sensor22020_S" textname="test sensor 22020"/>
			<item id="22021" losttest="2" iotype="AI" name="Sensor22021_S" textname="test sensor 22021"/>
			<item id="22022" losttest="2" iotype="AI" name="Sensor22022_S" textname="test sensor 22022"/>
			<item id="22023" losttest="2" iotype="AI" name="Sensor22023_S" textname="test sensor 22023"/>
			<item id="22024" losttest="2" iotype="AI" name="Sensor22024_S" textname="test sensor 22024"/>
			<item id="22025" losttest="2" iotype="AI" name="Sensor22025_S" textname="test sensor 22025"/>
			<item id="22026" losttest="2" iotype="AI" name="Sensor22026_S" textname="test sensor 22026"/>
			<item id="22027" losttest="2" iotype="AI" name="Sensor22027_S" textname="test sensor 22027"/>
			<item id="22028" losttest="2" iotype="AI" name="Sensor22028_S" textname="test sensor 22028"/>
			<item id="22029" losttest="2" iotype="AI" name="Sensor22029_S" textname="test sensor 22029"/>
			<item id="22030" losttest="2" iotype="AI" name="Sensor22030_S" textname="test sensor 22030"/>
			<item id="22031" losttest="2" iotype="AI" name="Sensor22031_S" textname="test sensor 22031"/>
			<item id="22032" losttest="2" iotype="AI" name="Sensor22032_S" textname="test sensor 22032"/>
			<item id="22033" losttest="2" iotype="AI" name="Sensor22033_S" textname="test sensor 22033"/>
			<item id="22034" losttest="2" iotype="AI" name="Sensor22034_S" textname="test sensor 22034"/>
			<item id="22035" losttest="2" iotype="AI" name="Sensor22035_S" textname="test sensor 22035"/>
			<item id="22036" losttest="2" iotype="AI" name="Sensor22036_S" textname="test sensor 22036"/>
			<item id="22037" losttest="2" iotype="AI" name="Sensor22037_S" textname="test sensor 22037"/>
			<item id="22038" losttest="2" iotype="AI" name="Sensor22038_S" textname="test sensor 22038"/>
			<item id="22039" losttest="2" iotype="AI" name="Sensor22039_S" textname="test sensor 22039"/>
			<item id="22040" losttest="2" iotype="AI" name="Sensor22040_S" textname="test sensor 22040"/>
			<item id="22041" losttest="2" iotype="AI" name="Sensor22041_S" textname="test sensor 22041"/>
			<item id="22042" losttest="2" iotype="AI" name="Sensor22042_S" textname="test sensor 22042"/>
			<item id="22043" losttest="2" iotype="AI" name="Sensor22043_S" textname="test sensor 22043"/>
			<item id="22044" losttest="2" iotype="AI" name="Sensor22044_S" textname="test sensor 22044"/>
			<item id="22045" losttest="2" iotype="AI" name="Sensor22045_S" textname="test sensor 22045"/>
			<item id="22046" losttest="2" iotype="AI" name="Sensor22046_S" textname="test sensor 22046"/>
			<item id="22047" losttest="2" iotype="AI" name="Sensor22047_S" textname="test sensor 22047"/>
			<item id="22048" losttest="2" iotype="AI" name="Sensor22048_S" textname="test sensor 22048"/>
			<item id="22049" losttest="2" iotype="AI" name="Sensor22049_S" textname="test sensor 22049"/>
			<item id="22050" losttest="2" iotype="AI" name="Sensor22050_S" textname="test sensor 22050"/>
			<item id="22051" losttest="2" iotype="AI" name="Sensor22051_S" textname="test sensor 22051"/>
			<item id="22052" losttest="2" iotype="AI" name="Sensor22052_S" textname="test sensor 22052"/>
			<item id="22053" losttest="2" iotype="AI" name="Sensor22053_S" textname="test sensor 22053"/>
			<item id="22054" losttest="2" iotype="AI" name="Sensor22054_S" textname="test sensor 22054"/>
			<item id="22055" losttest="2" iotype="AI" name="Sensor22055_S" textname="test sensor 22055"/>
			<item id="22056" losttest="2" iotype="AI" name="Sensor22056_S" textname="test sensor 22056"/>
			<item id="22057" losttest="2" iotype="AI" name="Sensor22057_S" textname="test sensor 22057"/>
			<item id="22058" losttest="2" iotype="AI" name="Sensor22058_S" textname="test sensor 22058"/>
			<item id="22059" losttest="2" iotype="AI" name="Sensor22059_S" textname="test sensor 22059"/>
			<item id="22060" losttest="2" iotype="AI" name="Sensor22060_S" textname="test sensor 22060"/>
			<item id="22061" losttest="2" iotype="AI" name="Sensor22061_S" textname="test sensor 22061"/>
			<item id="22062" losttest="2" iotype="AI" name="Sensor22062_S" textname="test sensor 22062"/>
			<item id="22063" losttest="2" iotype="AI" name="Sensor22063_S" textname="test sensor 22063"/>
			<item id="22064" losttest="2" iotype="AI" name="Sensor22064_S" textname="test sensor 22064"/>
			<item id="22065" losttest="2" iotype="AI" name="Sensor22065_S" textname="test sensor 22065"/>
			<item id="22066" losttest="2" iotype="AI" name="Sensor22066_S" textname="test sensor 22066"/>
			<item id="22067" losttest="2" iotype="AI" name="Sensor22067_S" textname="test sensor 22067"/>
			<item id="22068" losttest="2" iotype="AI" name="Sensor22068_S" textname="test sensor 22068"/>
			<item id="22069" losttest="2" iotype="AI" name="Sensor22069_S" textname="test sensor 22069"/>
			<item id="22070" losttest="2" iotype="AI" name="Sensor22070_S" textname="test sensor 22070"/>
			<item id="22071" losttest="2" iotype="AI" name="Sensor22071_S" textname="test sensor 22071"/>
			<item id="22072" losttest="2" iotype="AI" name="Sensor22072_S" textname="test sensor 22072"/>
			<item id="22073" losttest="2" iotype="AI" name="Sensor22073_S" textname="test sensor 22073"/>
			<item id="22074" losttest="2" iotype="AI" name="Sensor22074_S" textname="test sensor 22074"/>
			<item id="22075" losttest="2" iotype="AI" name="Sensor22075_S" textname="test sensor 22075"/>
			<item id="22076" losttest="2" iotype="AI" name="Sensor22076_S" textname="test sensor 22076"/>
			<item id="22077" losttest="2" iotype="AI" name="Sensor22077_S" textname="test sensor 22077"/>
			<item id="22078" losttest="2" iotype="AI" name="Sensor22078_S" textname="test sensor 22078"/>
			<item id="22079" losttest="2" iotype="AI" name="Sensor22079_S" textname="test sensor 22079"/>
			<item id="22080" losttest="2" iotype="AI" name="Sensor22080_S" textname="test sensor 22080"/>
			<item id="22081" losttest="2" iotype="AI" name="Sensor22081_S" textname="test sensor 22081"/>
			<item id="22082" losttest="2" iotype="AI" name="Sensor22082_S" textname="test sensor 22082"/>
			<item id="22083" losttest="2" iotype="AI" name="Sensor22083_S" textname="test sensor 22083"/>
			<item id="22084" losttest="2" iotype="AI" name="Sensor22084_S" textname="test sensor 22084"/>
			<item id="22085" losttest="2" iotype="AI" name="Sensor22085_S" textname="test sensor 22085"/>
			<item id="22086" losttest="2" iotype="AI" name="Sensor22086_S" textname="test sensor 22086"/>
			<item id="22087" losttest="2" iotype="AI" name="Sensor22087_S" textname="test sensor 22087"/>
			<item id="22088" losttest="2" iotype="AI" name="Sensor22088_S" textname="test sensor 22088"/>
			<item id="22089" losttest="2" iotype="AI" name="Sensor22089_S" textname="test sensor 22089"/>
			<item id="22090" losttest="2" iotype="AI" name="Sensor22090_S" textname="test sensor 22090"/>
			<item id="22091" losttest="2" iotype="AI" name="Sensor22091_S" textname="test sensor 22091"/>
			<item id="22092" losttest="2" iotype="AI" name="Sensor22092_S" textname="test sensor 22092"/>
			<item id="22093" losttest="2" iotype="AI" name="Sensor22093_S" textname="test sensor 22093"/>
			<item id="22094" losttest="2" iotype="AI" name="Sensor22094_S" textname="test sensor 22094"/>
			<item id="22095" losttest="2" iotype="AI" name="Sensor22095_S" textname="test sensor 22095"/>
			<item id="22096" losttest="2" iotype="AI" name="Sensor22096_S" textname="test sensor 22096"/>
			<item id="22097" losttest="2" iotype="AI" name="Sensor22097_S" textname="test sensor 22097"/>
			<item id="22098" losttest="2" iotype="AI" name="Sensor22098_S" textname="test sensor 22098"/>
			<item id="22099" losttest="2" iotype="AI" name="Sensor22099_S" textname="test sensor 22099"/>
			<item id="22100" losttest="2" iotype="AI" name="Sensor22100_S" textname="test sensor 22100"/>
			<item id="22101" losttest="2" iotype="AI" name="Sensor22101_S" textname="test sensor 22101"/>
			<item id="22102" losttest="2" iotype="AI" name="Sensor22102_S" textname="test sensor 22102"/>
			<item id="22103" losttest="2" iotype="AI" name="Sensor22103_S" textname="test sensor 22103"/>
			<item id="22104" losttest="2" iotype="AI" name="Sensor22104_S" textname="test sensor 22104"/>
			<item id="22105" losttest="2" iotype="AI" name="Sensor22105_S" textname="test sensor 22105"/>
			<item id="22106" losttest="2" iotype="AI" name="Sensor22106_S" textname="test sensor 22106"/>
			<item id="22107" losttest="2" iotype="AI" name="Sensor22107_S" textname="test sensor 22107"/>
			<item id="22108" losttest="2" iotype="AI" name="Sensor22108_S" textname="test sensor 22108"/>
			<item id="22109" losttest="2" iotype="AI" name="Sensor22109_S" textname="test sensor 22109"/>
			<item id="22110" losttest="2" iotype="AI" name="Sensor22110_S" textname="test sensor 22110"/>
			<item id="22111" losttest="2" iotype="AI" name="Sensor22111_S" textname="test sensor 22111"/>
			<item id="22112" losttest="2" iotype="AI" name="Sensor22112_S" textname="test sensor 22112"/>
			<item id="22113" losttest="2" iotype="AI" name="Sensor22113_S" textname="test sensor 22113"/>
			<item id="22114" losttest="2" iotype="AI" name="Sensor22114_S" textname="test sensor 22114"/>
			<item id="22115" losttest="2" iotype="AI" name="Sensor22115_S" textname="test sensor 22115"/>
			<item id="22116" losttest="2" iotype="AI" name="Sensor22116_S" textname="test sensor 22116"/>
			<item id="22117" losttest="2" iotype="AI" name="Sensor22117_S" textname="test sensor 22117"/>
			<item id="22118" losttest="2" iotype="AI" name="Sensor22118_S" textname="test sensor 22118"/>
			<item id="22119" losttest="2" iotype="AI" name="Sensor22119_S" textname="test sensor 22119"/>
			<item id="22120" losttest="2" iotype="AI" name="Sensor22120_S" textname="test sensor 22120"/>
			<item id="22121" losttest="2" iotype="AI" name="Sensor22121_S" textname="test sensor 22121"/>
			<item id="22122" losttest="2" iotype="AI" name="Sensor22122_S" textname="test sensor 22122"/>
			<item id="22123" losttest="2" iotype="AI" name="Sensor22123_S" textname="test sensor 22123"/>
			<item id="22124" losttest="2" iotype="AI" name="Sensor22124_S" textname="test sensor 22124"/>
			<item id="22125" losttest="2" iotype="AI" name="Sensor22125_S" textname="test sensor 22125"/>
			<item id="22126" losttest="2" iotype="AI" name="Sensor22126_S" textname="test sensor 22126"/>
			<item id="22127" losttest="2" iotype="AI" name="Sensor22127_S" textname="test sensor 22127"/>
			<item id="22128" losttest="2" iotype="AI" name="Sensor22128_S" textname="test sensor 22128"/>
			<item id="22129" losttest="2" iotype="AI" name="Sensor22129_S" textname="test sensor 22129"/>
			<item id="22130" losttest="2" iotype="AI" name="Sensor22130_S" textname="test sensor 22130"/>
			<item id="22131" losttest="2" iotype="AI" name="Sensor22131_S" textname="test sensor 22131"/>
			<item id="22132" losttest="2" iotype="AI" name="Sensor22132_S" textname="test sensor 22132"/>
			<item id="22133" losttest="2" iotype="AI" name="Sensor22133_S" textname="test sensor 22133"/>
			<item id="22134" losttest="2" iotype="AI" name="Sensor22134_S" textname="test sensor 22134"/>
			<item id="22135" losttest="2" iotype="AI" name="Sensor22135_S" textname="test sensor 22135"/>
			<item id="22136" losttest="2" iotype="AI" name="Sensor22136_S" textname="test sensor 22136"/>
			<item id="22137" losttest="2" iotype="AI" name="Sensor22137_S" textname="test sensor 22137"/>
			<item id="22138" losttest="2" iotype="AI" name="Sensor22138_S" textname="test sensor 22138"/>
			<item id="22139" losttest="2" iotype="AI" name="Sensor22139_S" textname="test sensor 22139"/>
			<item id="22140" losttest="2" iotype="AI" name="Sensor22140_S" textname="test sensor 22140"/>
			<item id="22141" losttest="2" iotype="AI" name="Sensor22141_S" textname="test sensor 22141"/>
			<item id="22142" losttest="2" iotype="AI" name="Sensor22142_S" textname="test sensor 22142"/>
			<item id="22143" losttest="2" iotype="AI" name="Sensor22143_S" textname="test sensor 22143"/>
			<item id="22144" losttest="2" iotype="AI" name="Sensor22144_S" textname="test sensor 22144"/>
			<item id="22145" losttest="2" iotype="AI" name="Sensor22145_S" textname="test sensor 22145"/>
			<item id="22146" losttest="2" iotype="AI" name="Sensor22146_S" textname="test sensor 22146"/>
			<item id="22147" losttest="2" iotype="AI" name="Sensor22147_S" textname="test sensor 22147"/>
			<item id="22148" losttest="2" iotype="AI" name="Sensor22148_S" textname="test sensor 22148"/>
			<item id="22149" losttest="2" iotype="AI" name="Sensor22149_S" textname="test sensor 22149"/>
			<item id="22150" losttest="2" iotype="AI" name="Sensor22150_S" textname="test sensor 22150"/>
			<item id="22151" losttest="2" iotype="AI" name="Sensor22151_S" textname="test sensor 22151"/>
			<item id="22152" losttest="2" iotype="AI" name="Sensor22152_S" textname="test sensor 22152"/>
			<item id="22153" losttest="2" iotype="AI" name="Sensor22153_S" textname="test sensor 22153"/>
			<item id="22154" losttest="2" iotype="AI" name="Sensor22154_S" textname="test sensor 22154"/>
			<item id="22155" losttest="2" iotype="AI" name="Sensor22155_S" textname="test sensor 22155"/>
			<item id="22156" losttest="2" iotype="AI" name="Sensor22156_S" textname="test sensor 22156"/>
			<item id="22157" losttest="2" iotype="AI" name="Sensor22157_S" textname="test sensor 22157"/>
			<item id="22158" losttest="2" iotype="AI" name="Sensor22158_S" textname="test sensor 22158"/>
			<item id="22159" losttest="2" iotype="AI" name="Sensor22159_S" textname="test sensor 22159"/>
			<item id="22160" losttest="2" iotype="AI" name="Sensor22160_S" textname="test sensor 22160"/>
			<item id="22161" losttest="2" iotype="AI" name="Sensor22161_S" textname="test sensor 22161"/>
			<item id="22162" losttest="2" iotype="AI" name="Sensor22162_S" textname="test sensor 22162"/>
			<item id="22163" losttest="2" iotype="AI" name="Sensor22163_S" textname="test sensor 22163"/>
			<item id="22164" losttest="2" iotype="AI" name="Sensor22164_S" textname="test sensor 22164"/>
			<item id="22165" losttest="2" iotype="AI" name="Sensor22165_S" textname="test sensor 22165"/>
			<item id="22166" losttest="2" iotype="AI" name="Sensor22166_S" textname="test sensor 22166"/>
			<item id="22167" losttest="2" iotype="AI" name="Sensor22167_S" textname="test sensor 22167"/>
			<item id="22168" losttest="2" iotype="AI" name="Sensor22168_S" textname="test sensor 22168"/>
			<item id="22169" losttest="2" iotype="AI" name="Sensor22169_S" textname="test sensor 22169"/>
			<item id="22170" losttest="2" iotype="AI" name="Sensor22170_S" textname="test sensor 22170"/>
			<item id="22171" losttest="2" iotype="AI" name="Sensor22171_S" textname="test sensor 22171"/>
			<item id="22172" losttest="2" iotype="AI" name="Sensor22172_S" textname="test sensor 22172"/>
			<item id="22173" losttest="2" iotype="AI" name="Sensor22173_S" textname="test sensor 22173"/>
			<item id="22174" losttest="2" iotype="AI" name="Sensor22174_S" textname="test sensor 22174"/>
			<item id="22175" losttest="2" iotype="AI" name="Sensor22175_S" textname="test sensor 22175"/>
			<item id="22176" losttest="2" iotype="AI" name="Sensor22176_S" textname="test sensor 22176"/>
			<item id="22177" losttest="2" iotype="AI" name="Sensor22177_S" textname="test sensor 22177"/>
			<item id="22178" losttest="2" iotype="AI" name="Sensor22178_S" textname="test sensor 22178"/>
			<item id="22179" losttest="2" iotype="AI" name="Sensor22179_S" textname="test sensor 22179"/>
			<item id="22180" losttest="2" iotype="AI" name="Sensor22180_S" textname="test sensor 22180"/>
			<item id="22181" losttest="2" iotype="AI" name="Sensor22181_S" textname="test sensor 22181"/>
			<item id="22182" losttest="2" iotype="AI" name="Sensor22182_S" textname="test sensor 22182"/>
			<item id="22183" losttest="2" iotype="AI" name="Sensor22183_S" textname="test sensor 22183"/>
			<item id="22184" losttest="2" iotype="AI" name="Sensor22184_S" textname="test sensor 22184"/>
			<item id="22185" losttest="2" iotype="AI" name="Sensor22185_S" textname="test sensor 22185"/>
			<item id="22186" losttest="2" iotype="AI" name="Sensor22186_S" textname="test sensor 22186"/>
			<item id="22187" losttest="2" iotype="AI" name="Sensor22187_S" textname="test sensor 22187"/>
			<item id="22188" losttest="2" iotype="AI" name="Sensor22188_S" textname="test sensor 22188"/>
			<item id="22189" losttest="2" iotype="AI" name="Sensor22189_S" textname="test sensor 22189"/>
			<item id="22190" losttest="2" iotype="AI" name="Sensor22190_S" textname="test sensor 22190"/>
			<item id="22191" losttest="2" iotype="AI" name="Sensor22191_S" textname="test sensor 22191"/>
			<item id="22192" losttest="2" iotype="AI" name="Sensor22192_S" textname="test sensor 22192"/>
			<item id="22193" losttest="2" iotype="AI" name="Sensor22193_S" textname="test sensor 22193"/>
			<item id="22194" losttest="2" iotype="AI" name="Sensor22194_S" textname="test sensor 22194"/>
			<item id="22195" losttest="2" iotype="AI" name="Sensor22195_S" textname="test sensor 22195"/>
			<item id="22196" losttest="2" iotype="AI" name="Sensor22196_S" textname="test sensor 22196"/>
			<item id="22197" losttest="2" iotype="AI" name="Sensor22197_S" textname="test sensor 22197"/>
			<item id="22198" losttest="2" iotype="AI" name="Sensor22198_S" textname="test sensor 22198"/>
			<item id="22199" losttest="2" iotype="AI" name="Sensor22199_S" textname="test sensor 22199"/>
			<item id="22200" losttest="2" iotype="AI" name="Sensor22200_S" textname="test sensor 22200"/>
			<item id="22201" losttest="2" iotype="AI" name="Sensor22201_S" textname="test sensor 22201"/>
			<item id="22202" losttest="2" iotype="AI" name="Sensor22202_S" textname="test sensor 22202"/>
			<item id="22203" losttest="2" iotype="AI" name="Sensor22203_S" textname="test sensor 22203"/>
			<item id="22204" losttest="2" iotype="AI" name="Sensor22204_S" textname="test sensor 22204"/>
			<item id="22205" losttest="2" iotype="AI" name="Sensor22205_S" textname="test sensor 22205"/>
			<item id="22206" losttest="2" iotype="AI" name="Sensor22206_S" textname="test sensor 22206"/>
			<item id="22207" losttest="2" iotype="AI" name="Sensor22207_S" textname="test sensor 22207"/>
			<item id="22208" losttest="2" iotype="AI" name="Sensor22208_S" textname="test sensor 22208"/>
			<item id="22209" losttest="2" iotype="AI" name="Sensor22209_S" textname="test sensor 22209"/>
			<item id="22210" losttest="2" iotype="AI" name="Sensor22210_S" textname="test sensor 22210"/>
			<item id="22211" losttest="2" iotype="AI" name="Sensor22211_S" textname="test sensor 22211"/>
			<item id="22212" losttest="2" iotype="AI" name="Sensor22212_S" textname="test sensor 22212"/>
			<item id="22213" losttest="2" iotype="AI" name="Sensor22213_S" textname="test sensor 22213"/>
			<item id="22214" losttest="2" iotype="AI" name="Sensor22214_S" textname="test sensor 22214"/>
			<item id="22215" losttest="2" iotype="AI" name="Sensor22215_S" textname="test sensor 22215"/>
			<item id="22216" losttest="2" iotype="AI" name="Sensor22216_S" textname="test sensor 22216"/>
			<item id="22217" losttest="2" iotype="AI" name="Sensor22217_S" textname="test sensor 22217"/>
			<item id="22218" losttest="2" iotype="AI" name="Sensor22218_S" textname="test sensor 22218"/>
			<item id="22219" losttest="2" iotype="AI" name="Sensor22219_S" textname="test sensor 22219"/>
			<item id="22220" losttest="2" iotype="AI" name="Sensor22220_S" textname="test sensor 22220"/>
			<item id="22221" losttest="2" iotype="AI" name="Sensor22221_S" textname="test sensor 22221"/>
			<item id="22222" losttest="2" iotype="AI" name="Sensor22222_S" textname="test sensor 22222"/>
			<item id="22223" losttest="2" iotype="AI" name="Sensor22223_S" textname="test sensor 22223"/>
			<item id="22224" losttest="2" iotype="AI" name="Sensor22224_S" textname="test sensor 22224"/>
			<item id="22225" losttest="2" iotype="AI" name="Sensor22225_S" textname="test sensor 22225"/>
			<item id="22226" losttest="2" iotype="AI" name="Sensor22226_S" textname="test sensor 22226"/>
			<item id="22227" losttest="2" iotype="AI" name="Sensor22227_S" textname="test sensor 22227"/>
			<item id="22228" losttest="2" iotype="AI" name="Sensor22228_S" textname="test sensor 22228"/>
			<item id="22229" losttest="2" iotype="AI" name="Sensor22229_S" textname="test sensor 22229"/>
			<item id="22230" losttest="2" iotype="AI" name="Sensor22230_S" textname="test sensor 22230"/>
			<item id="22231" losttest="2" iotype="AI" name="Sensor22231_S" textname="test sensor 22231"/>
			<item id="22232" losttest="2" iotype="AI" name="Sensor22232_S" textname="test sensor 22232"/>
			<item id="22233" losttest="2" iotype="AI" name="Sensor22233_S" textname="test sensor 22233"/>
			<item id="22234" losttest="2" iotype="AI" name="Sensor22234_S" textname="test sensor 22234"/>
			<item id="22235" losttest="2" iotype="AI" name="Sensor22235_S" textname="test sensor 22235"/>
			<item id="22236" losttest="2" iotype="AI" name="Sensor22236_S" textname="test sensor 22236"/>
			<item id="22237" losttest="2" iotype="AI" name="Sensor22237_S" textname="test sensor 22237"/>
			<item id="22238" losttest="2" iotype="AI" name="Sensor22238_S" textname="test sensor 22238"/>
			<item id="22239" losttest="2" iotype="AI" name="Sensor22239_S" textname="test sensor 22239"/>
			<item id="22240" losttest="2" iotype="AI" name="Sensor22240_S" textname="test sensor 22240"/>
			<item id="22241" losttest="2" iotype="AI" name="Sensor22241_S" textname="test sensor 22241"/>
			<item id="22242" losttest="2" iotype="AI" name="Sensor22242_S" textname="test sensor 22242"/>
			<item id="22243" losttest="2" iotype="AI" name="Sensor22243_S" textname="test sensor 22243"/>
			<item id="22244" losttest="2" iotype="AI" name="Sensor22244_S" textname="test sensor 22244"/>
			<item id="22245" losttest="2" iotype="AI" name="Sensor22245_S" textname="test sensor 22245"/>
			<item id="22246" losttest="2" iotype="AI" name="Sensor22246_S" textname="test sensor 22246"/>
			<item id="22247" losttest="2" iotype="AI" name="Sensor22247_S" textname="test sensor 22247"/>
			<item id="22248" losttest="2" iotype="AI" name="Sensor22248_S" textname="test sensor 22248"/>
			<item id="22249" losttest="2" iotype="AI" name="Sensor22249_S" textname="test sensor 22249"/>
			<item id="22250" losttest="2" iotype="AI" name="Sensor22250_S" textname="test sensor 22250"/>
			<item id="22251" losttest="2" iotype="AI" name="Sensor22251_S" textname="test sensor 22251"/>
			<item id="22252" losttest="2" iotype="AI" name="Sensor22252_S" textname="test sensor 22252"/>
			<item id="22253" losttest="2" iotype="AI" name="Sensor22253_S" textname="test sensor 22253"/>
			<item id="22254" losttest="2" iotype="AI" name="Sensor22254_S" textname="test sensor 22254"/>
			<item id="22255" losttest="2" iotype="AI" name="Sensor22255_S" textname="test sensor 22255"/>
			<item id="22256" losttest="2" iotype="AI" name="Sensor22256_S" textname="test sensor 22256"/>
			<item id="22257" losttest="2" iotype="AI" name="Sensor22257_S" textname="test sensor 22257"/>
			<item id="22258" losttest="2" iotype="AI" name="Sensor22258_S" textname="test sensor 22258"/>
			<item id="22259" losttest="2" iotype="AI" name="Sensor22259_S" textname="test sensor 22259"/>
			<item id="22260" losttest="2" iotype="AI" name="Sensor22260_S" textname="test sensor 22260"/>
			<item id="22261" losttest="2" iotype="AI" name="Sensor22261_S" textname="test sensor 22261"/>
			<item id="22262" losttest="2" iotype="AI" name="Sensor22262_S" textname="test sensor 22262"/>
			<item id="22263" losttest="2" iotype="AI" name="Sensor22263_S" textname="test sensor 22263"/>
			<item id="22264" losttest="2" iotype="AI" name="Sensor22264_S" textname="test sensor 22264"/>
			<item id="22265" losttest="2" iotype="AI" name="Sensor22265_S" textname="test sensor 22265"/>
			<item id="22266" losttest="2" iotype="AI" name="Sensor22266_S" textname="test sensor 22266"/>
			<item id="22267" losttest="2" iotype="AI" name="Sensor22267_S" textname="test sensor 22267"/>
			<item id="22268" losttest="2" iotype="AI" name="Sensor22268_S" textname="test sensor 22268"/>
			<item id="22269" losttest="2" iotype="AI" name="Sensor22269_S" textname="test sensor 22269"/>
			<item id="22270" losttest="2" iotype="AI" name="Sensor22270_S" textname="test sensor 22270"/>
			<item id="22271" losttest="2" iotype="AI" name="Sensor22271_S" textname="test sensor 22271"/>
			<item id="22272" losttest="2" iotype="AI" name="Sensor22272_S" textname="test sensor 22272"/>
			<item id="22273" losttest="2" iotype="AI" name="Sensor22273_S" textname="test sensor 22273"/>
			<item id="22274" losttest="2" iotype="AI" name="Sensor22274_S" textname="test sensor 22274"/>
			<item id="22275" losttest="2" iotype="AI" name="Sensor22275_S" textname="test sensor 22275"/>
			<item id="22276" losttest="2" iotype="AI" name="Sensor22276_S" textname="test sensor 22276"/>
			<item id="22277" losttest="2" iotype="AI" name="Sensor22277_S" textname="test sensor 22277"/>
			<item id="22278" losttest="2" iotype="AI" name="Sensor22278_S" textname="test sensor 22278"/>
			<item id="22279" losttest="2" iotype="AI" name="Sensor22279_S" textname="test sensor 22279"/>
			<item id="22280" losttest="2" iotype="AI" name="Sensor22280_S" textname="test sensor 22280"/>
			<item id="22281" losttest="2" iotype="AI" name="Sensor22281_S" textname="test sensor 22281"/>
			<item id="22282" losttest="2" iotype="AI" name="Sensor22282_S" textname="test sensor 22282"/>
			<item id="22283" losttest="2" iotype="AI" name="Sensor22283_S" textname="test sensor 22283"/>
			<item id="22284" losttest="2" iotype="AI" name="Sensor22284_S" textname="test sensor 22284"/>
			<item id="22285" losttest="2" iotype="AI" name="Sensor22285_S" textname="test sensor 22285"/>
			<item id="22286" losttest="2" iotype="AI" name="Sensor22286_S" textname="test sensor 22286"/>
			<item id="22287" losttest="2" iotype="AI" name="Sensor22287_S" textname="test sensor 22287"/>
			<item id="22288" losttest="2" iotype="AI" name="Sensor22288_S" textname="test sensor 22288"/>
			<item id="22289" losttest="2" iotype="AI" name="Sensor22289_S" textname="test sensor 22289"/>
			<item id="22290" losttest="2" iotype="AI" name="Sensor22290_S" textname="test sensor 22290"/>
			<item id="22291" losttest="2" iotype="AI" name="Sensor22291_S" textname="test sensor 22291"/>
			<item id="22292" losttest="2" iotype="AI" name="Sensor22292_S" textname="test sensor 22292"/>
			<item id="22293" losttest="2" iotype="AI" name="Sensor22293_S" textname="test sensor 22293"/>
			<item id="22294" losttest="2" iotype="AI" name="Sensor22294_S" textname="test sensor 22294"/>
			<item id="22295" losttest="2" iotype="AI" name="Sensor22295_S" textname="test sensor 22295"/>
			<item id="22296" losttest="2" iotype="AI" name="Sensor22296_S" textname="test sensor 22296"/>
			<item id="22297" losttest="2" iotype="AI" name="Sensor22297_S" textname="test sensor 22297"/>
			<item id="22298" losttest="2" iotype="AI" name="Sensor22298_S" textname="test sensor 22298"/>
			<item id="22299" losttest="2" iotype="AI" name="Sensor22299_S" textname="test sensor 22299"/>
			<item id="22300" losttest="2" iotype="AI" name="Sensor22300_S" textname="test sensor 22300"/>
			<item id="22301" losttest="2" iotype="AI" name="Sensor22301_S" textname="test sensor 22301"/>
			<item id="22302" losttest="2" iotype="AI" name="Sensor22302_S" textname="test sensor 22302"/>
			<item id="22303" losttest="2" iotype="AI" name="Sensor22303_S" textname="test sensor 22303"/>
			<item id="22304" losttest="2" iotype="AI" name="Sensor22304_S" textname="test sensor 22304"/>
			<item id="22305" losttest="2" iotype="AI" name="Sensor22305_S" textname="test sensor 22305"/>
			<item id="22306" losttest="2" iotype="AI" name="Sensor22306_S" textname="test sensor 22306"/>
			<item id="22307" losttest="2" iotype="AI" name="Sensor22307_S" textname="test sensor 22307"/>
			<item id="22308" losttest="2" iotype="AI" name="Sensor22308_S" textname="test sensor 22308"/>
			<item id="22309" losttest="2" iotype="AI" name="Sensor22309_S" textname="test sensor 22309"/>
			<item id="22310" losttest="2" iotype="AI" name="Sensor22310_S" textname="test sensor 22310"/>
			<item id="22311" losttest="2" iotype="AI" name="Sensor22311_S" textname="test sensor 22311"/>
			<item id="22312" losttest="2" iotype="AI" name="Sensor22312_S" textname="test sensor 22312"/>
			<item id="22313" losttest="2" iotype="AI" name="Sensor22313_S" textname="test sensor 22313"/>
			<item id="22314" losttest="2" iotype="AI" name="Sensor22314_S" textname="test sensor 22314"/>
			<item id="22315" losttest="2" iotype="AI" name="Sensor22315_S" textname="test sensor 22315"/>
			<item id="22316" losttest="2" iotype="AI" name="Sensor22316_S" textname="test sensor 22316"/>
			<item id="22317" losttest="2" iotype="AI" name="Sensor22317_S" textname="test sensor 22317"/>
			<item id="22318" losttest="2" iotype="AI" name="Sensor22318_S" textname="test sensor 22318"/>
			<item id="22319" losttest="2" iotype="AI" name="Sensor22319_S" textname="test sensor 22319"/>
			<item id="22320" losttest="2" iotype="AI" name="Sensor22320_S" textname="test sensor 22320"/>
			<item id="22321" losttest="2" iotype="AI" name="Sensor22321_S" textname="test sensor 22321"/>
			<item id="22322" losttest="2" iotype="AI" name="Sensor22322_S" textname="test sensor 22322"/>
			<item id="22323" losttest="2" iotype="AI" name="Sensor22323_S" textname="test sensor 22323"/>
			<item id="22324" losttest="2" iotype="AI" name="Sensor22324_S" textname="test sensor 22324"/>
			<item id="22325" losttest="2" iotype="AI" name="Sensor22325_S" textname="test sensor 22325"/>
			<item id="22326" losttest="2" iotype="AI" name="Sensor22326_S" textname="test sensor 22326"/>
			<item id="22327" losttest="2" iotype="AI" name="Sensor22327_S" textname="test sensor 22327"/>
			<item id="22328" losttest="2" iotype="AI" name="Sensor22328_S" textname="test sensor 22328"/>
			<item id="22329" losttest="2" iotype="AI" name="Sensor22329_S" textname="test sensor 22329"/>
			<item id="22330" losttest="2" iotype="AI" name="Sensor22330_S" textname="test sensor 22330"/>
			<item id="22331" losttest="2" iotype="AI" name="Sensor22331_S" textname="test sensor 22331"/>
			<item id="22332" losttest="2" iotype="AI" name="Sensor22332_S" textname="test sensor 22332"/>
			<item id="22333" losttest="2" iotype="AI" name="Sensor22333_S" textname="test sensor 22333"/>
			<item id="22334" losttest="2" iotype="AI" name="Sensor22334_S" textname="test sensor 22334"/>
			<item id="22335" losttest="2" iotype="AI" name="Sensor22335_S" textname="test sensor 22335"/>
			<item id="22336" losttest="2" iotype="AI" name="Sensor22336_S" textname="test sensor 22336"/>
			<item id="22337" losttest="2" iotype="AI" name="Sensor22337_S" textname="test sensor 22337"/>
			<item id="22338" losttest="2" iotype="AI" name="Sensor22338_S" textname="test sensor 22338"/>
			<item id="22339" losttest="2" iotype="AI" name="Sensor22339_S" textname="test sensor 22339"/>
			<item id="22340" losttest="2" iotype="AI" name="Sensor22340_S" textname="test sensor 22340"/>
			<item id="22341" losttest="2" iotype="AI" name="Sensor22341_S" textname="test sensor 22341"/>
			<item id="22342" losttest="2" iotype="AI" name="Sensor22342_S" textname="test sensor 22342"/>
			<item id="22343" losttest="2" iotype="AI" name="Sensor22343_S" textname="test sensor 22343"/>
			<item id="22344" losttest="2" iotype="AI" name="Sensor22344_S" textname="test sensor 22344"/>
			<item id="22345" losttest="2" iotype="AI" name="Sensor22345_S" textname="test sensor 22345"/>
			<item id="22346" losttest="2" iotype="AI" name="Sensor22346_S" textname="test sensor 22346"/>
			<item id="22347" losttest="2" iotype="AI" name="Sensor22347_S" textname="test sensor 22347"/>
			<item id="22348" losttest="2" iotype="AI" name="Sensor22348_S" textname="test sensor 22348"/>
			<item id="22349" losttest="2" iotype="AI" name="Sensor22349_S" textname="test sensor 22349"/>
			<item id="22350" losttest="2" iotype="AI" name="Sensor22350_S" textname="test sensor 22350"/>
			<item id="22351" losttest="2" iotype="AI" name="Sensor22351_S" textname="test sensor 22351"/>
			<item id="22352" losttest="2" iotype="AI" name="Sensor22352_S" textname="test sensor 22352"/>
			<item id="22353" losttest="2" iotype="AI" name="Sensor22353_S" textname="test sensor 22353"/>
			<item id="22354" losttest="2" iotype="AI" name="Sensor22354_S" textname="test sensor 22354"/>
			<item id="22355" losttest="2" iotype="AI" name="Sensor22355_S" textname="test sensor 22355"/>
			<item id="22356" losttest="2" iotype="AI" name="Sensor22356_S" textname="test sensor 22356"/>
			<item id="22357" losttest="2" iotype="AI" name="Sensor22357_S" textname="test sensor 22357"/>
			<item id="22358" losttest="2" iotype="AI" name="Sensor22358_S" textname="test sensor 22358"/>
			<item id="22359" losttest="2" iotype="AI" name="Sensor22359_S" textname="test sensor 22359"/>
			<item id="22360" losttest="2" iotype="AI" name="Sensor22360_S" textname="test sensor 22360"/>
			<item id="22361" losttest="2" iotype="AI" name="Sensor22361_S" textname="test sensor 22361"/>
			<item id="22362" losttest="2" iotype="AI" name="Sensor22362_S" textname="test sensor 22362"/>
			<item id="22363" losttest="2" iotype="AI" name="Sensor22363_S" textname="test sensor 22363"/>
			<item id="22364" losttest="2" iotype="AI" name="Sensor22364_S" textname="test sensor 22364"/>
			<item id="22365" losttest="2" iotype="AI" name="Sensor22365_S" textname="test sensor 22365"/>
			<item id="22366" losttest="2" iotype="AI" name="Sensor22366_S" textname="test sensor 22366"/>
			<item id="22367" losttest="2" iotype="AI" name="Sensor22367_S" textname="test sensor 22367"/>
			<item id="22368" losttest="2" iotype="AI" name="Sensor22368_S" textname="test sensor 22368"/>
			<item id="22369" losttest="2" iotype="AI" name="Sensor22369_S" textname="test sensor 22369"/>
			<item id="22370" losttest="2" iotype="AI" name="Sensor22370_S" textname="test sensor 22370"/>
			<item id="22371" losttest="2" iotype="AI" name="Sensor22371_S" textname="test sensor 22371"/>
			<item id="22372" losttest="2" iotype="AI" name="Sensor22372_S" textname="test sensor 22372"/>
			<item id="22373" losttest="2" iotype="AI" name="Sensor22373_S" textname="test sensor 22373"/>
			<item id="22374" losttest="2" iotype="AI" name="Sensor22374_S" textname="test sensor 22374"/>
			<item id="22375" losttest="2" iotype="AI" name="Sensor22375_S" textname="test sensor 22375"/>
			<item id="22376" losttest="2" iotype="AI" name="Sensor22376_S" textname="test sensor 22376"/>
			<item id="22377" losttest="2" iotype="AI" name="Sensor22377_S" textname="test sensor 22377"/>
			<item id="22378" losttest="2" iotype="AI" name="Sensor22378_S" textname="test sensor 22378"/>
			<item id="22379" losttest="2" iotype="AI" name="Sensor22379_S" textname="test sensor 22379"/>
			<item id="22380" losttest="2" iotype="AI" name="Sensor22380_S" textname="test sensor 22380"/>
			<item id="22381" losttest="2" iotype="AI" name="Sensor22381_S" textname="test sensor 22381"/>
			<item id="22382" losttest="2" iotype="AI" name="Sensor22382_S" textname="test sensor 22382"/>
			<item id="22383" losttest="2" iotype="AI" name="Sensor22383_S" textname="test sensor 22383"/>
			<item id="22384" losttest="2" iotype="AI" name="Sensor22384_S" textname="test sensor 22384"/>
			<item id="22385" losttest="2" iotype="AI" name="Sensor22385_S" textname="test sensor 22385"/>
			<item id="22386" losttest="2" iotype="AI" name="Sensor22386_S" textname="test sensor 22386"/>
			<item id="22387" losttest="2" iotype="AI" name="Sensor22387_S" textname="test sensor 22387"/>
			<item id="22388" losttest="2" iotype="AI" name="Sensor22388_S" textname="test sensor 22388"/>
			<item id="22389" losttest="2" iotype="AI" name="Sensor22389_S" textname="test sensor 22389"/>
			<item id="22390" losttest="2" iotype="AI" name="Sensor22390_S" textname="test sensor 22390"/>
			<item id="22391" losttest="2" iotype="AI" name="Sensor22391_S" textname="test sensor 22391"/>
			<item id="22392" losttest="2" iotype="AI" name="Sensor22392_S" textname="test sensor 22392"/>
			<item id="22393" losttest="2" iotype="AI" name="Sensor22393_S" textname="test sensor 22393"/>
			<item id="22394" losttest="2" iotype="AI" name="Sensor22394_S" textname="test sensor 22394"/>
			<item id="22395" losttest="2" iotype="AI" name="Sensor22395_S" textname="test sensor 22395"/>
			<item id="22396" losttest="2" iotype="AI" name="Sensor22396_S" textname="test sensor 22396"/>
			<item id="22397" losttest="2" iotype="AI" name="Sensor22397_S" textname="test sensor 22397"/>
			<item id="22398" losttest="2" iotype="AI" name="Sensor22398_S" textname="test sensor 22398"/>
			<item id="22399" losttest="2" iotype="AI" name="Sensor22399_S" textname="test sensor 22399"/>
			<item id="22400" losttest="2" iotype="AI" name="Sensor22400_S" textname="test sensor 22400"/>
			<item id="22401" losttest="2" iotype="AI" name="Sensor22401_S" textname="test sensor 22401"/>
			<item id="22402" losttest="2" iotype="AI" name="Sensor22402_S" textname="test sensor 22402"/>
			<item id="22403" losttest="2" iotype="AI" name="Sensor22403_S" textname="test sensor 22403"/>
			<item id="22404" losttest="2" iotype="AI" name="Sensor22404_S" textname="test sensor 22404"/>
			<item id="22405" losttest="2" iotype="AI" name="Sensor22405_S" textname="test sensor 22405"/>
			<item id="22406" losttest="2" iotype="AI" name="Sensor22406_S" textname="test sensor 22406"/>
			<item id="22407" losttest="2" iotype="AI" name="Sensor22407_S" textname="test sensor 22407"/>
			<item id="22408" losttest="2" iotype="AI" name="Sensor22408_S" textname="test sensor 22408"/>
			<item id="22409" losttest="2" iotype="AI" name="Sensor22409_S" textname="test sensor 22409"/>
			<item id="22410" losttest="2" iotype="AI" name="Sensor22410_S" textname="test sensor 22410"/>
			<item id="22411" losttest="2" iotype="AI" name="Sensor22411_S" textname="test sensor 22411"/>
			<item id="22412" losttest="2" iotype="AI" name="Sensor22412_S" textname="test sensor 22412"/>
			<item id="22413" losttest="2" iotype="AI" name="Sensor22413_S" textname="test sensor 22413"/>
			<item id="22414" losttest="2" iotype="AI" name="Sensor22414_S" textname="test sensor 22414"/>
			<item id="22415" losttest="2" iotype="AI" name="Sensor22415_S" textname="test sensor 22415"/>
			<item id="22416" losttest="2" iotype="AI" name="Sensor22416_S" textname="test sensor 22416"/>
			<item id="22417" losttest="2" iotype="AI" name="Sensor22417_S" textname="test sensor 22417"/>
			<item id="22418" losttest="2" iotype="AI" name="Sensor22418_S" textname="test sensor 22418"/>
			<item id="22419" losttest="2" iotype="AI" name="Sensor22419_S" textname="test sensor 22419"/>
			<item id="22420" losttest="2" iotype="AI" name="Sensor22420_S" textname="test sensor 22420"/>
			<item id="22421" losttest="2" iotype="AI" name="Sensor22421_S" textname="test sensor 22421"/>
			<item id="22422" losttest="2" iotype="AI" name="Sensor22422_S" textname="test sensor 22422"/>
			<item id="22423" losttest="2" iotype="AI" name="Sensor22423_S" textname="test sensor 22423"/>
			<item id="22424" losttest="2" iotype="AI" name="Sensor22424_S" textname="test sensor 22424"/>
			<item id="22425" losttest="2" iotype="AI" name="Sensor22425_S" textname="test sensor 22425"/>
			<item id="22426" losttest="2" iotype="AI" name="Sensor22426_S" textname="test sensor 22426"/>
			<item id="22427" losttest="2" iotype="AI" name="Sensor22427_S" textname="test sensor 22427"/>
			<item id="22428" losttest="2" iotype="AI" name="Sensor22428_S" textname="test sensor 22428"/>
			<item id="22429" losttest="2" iotype="AI" name="Sensor22429_S" textname="test sensor 22429"/>
			<item id="22430" losttest="2" iotype="AI" name="Sensor22430_S" textname="test sensor 22430"/>
			<item id="22431" losttest="2" iotype="AI" name="Sensor22431_S" textname="test sensor 22431"/>
			<item id="22432" losttest="2" iotype="AI" name="Sensor22432_S" textname="test sensor 22432"/>
			<item id="22433" losttest="2" iotype="AI" name="Sensor22433_S" textname="test sensor 22433"/>
			<item id="22434" losttest="2" iotype="AI" name="Sensor22434_S" textname="test sensor 22434"/>
			<item id="22435" losttest="2" iotype="AI" name="Sensor22435_S" textname="test sensor 22435"/>
			<item id="22436" losttest="2" iotype="AI" name="Sensor22436_S" textname="test sensor 22436"/>
			<item id="22437" losttest="2" iotype="AI" name="Sensor22437_S" textname="test sensor 22437"/>
			<item id="22438" losttest="2" iotype="AI" name="Sensor22438_S" textname="test sensor 22438"/>
			<item id="22439" losttest="2" iotype="AI" name="Sensor22439_S" textname="test sensor 22439"/>
			<item id="22440" losttest="2" iotype="AI" name="Sensor22440_S" textname="test sensor 22440"/>
			<item id="22441" losttest="2" iotype="AI" name="Sensor22441_S" textname="test sensor 22441"/>
			<item id="22442" losttest="2" iotype="AI" name="Sensor22442_S" textname="test sensor 22442"/>
			<item id="22443" losttest="2" iotype="AI" name="Sensor22443_S" textname="test sensor 22443"/>
			<item id="22444" losttest="2" iotype="AI" name="Sensor22444_S" textname="test sensor 22444"/>
			<item id="22445" losttest="2" iotype="AI" name="Sensor22445_S" textname="test sensor 22445"/>
			<item id="22446" losttest="2" iotype="AI" name="Sensor22446_S" textname="test sensor 22446"/>
			<item id="22447" losttest="2" iotype="AI" name="Sensor22447_S" textname="test sensor 22447"/>
			<item id="22448" losttest="2" iotype="AI" name="Sensor22448_S" textname="test sensor 22448"/>
			<item id="22449" losttest="2" iotype="AI" name="Sensor22449_S" textname="test sensor 22449"/>
			<item id="22450" losttest="2" iotype="AI" name="Sensor22450_S" textname="test sensor 22450"/>
			<item id="22451" losttest="2" iotype="AI" name="Sensor22451_S" textname="test sensor 22451"/>
			<item id="22452" losttest="2" iotype="AI" name="Sensor22452_S" textname="test sensor 22452"/>
			<item id="22453" losttest="2" iotype="AI" name="Sensor22453_S" textname="test sensor 22453"/>
			<item id="22454" losttest="2" iotype="AI" name="Sensor22454_S" textname="test sensor 22454"/>
			<item id="22455" losttest="2" iotype="AI" name="Sensor22455_S" textname="test sensor 22455"/>
			<item id="22456" losttest="2" iotype="AI" name="Sensor22456_S" textname="test sensor 22456"/>
			<item id="22457" losttest="2" iotype="AI" name="Sensor22457_S" textname="test sensor 22457"/>
			<item id="22458" losttest="2" iotype="AI" name="Sensor22458_S" textname="test sensor 22458"/>
			<item id="22459" losttest="2" iotype="AI" name="Sensor22459_S" textname="test sensor 22459"/>
			<item id="22460" losttest="2" iotype="AI" name="Sensor22460_S" textname="test sensor 22460"/>
			<item id="22461" losttest="2" iotype="AI" name="Sensor22461_S" textname="test sensor 22461"/>
			<item id="22462" losttest="2" iotype="AI" name="Sensor22462_S" textname="test sensor 22462"/>
			<item id="22463" losttest="2" iotype="AI" name="Sensor22463_S" textname="test sensor 22463"/>
			<item id="22464" losttest="2" iotype="AI" name="Sensor22464_S" textname="test sensor 22464"/>
			<item id="22465" losttest="2" iotype="AI" name="Sensor22465_S" textname="test sensor 22465"/>
			<item id="22466" losttest="2" iotype="AI" name="Sensor22466_S" textname="test sensor 22466"/>
			<item id="22467" losttest="2" iotype="AI" name="Sensor22467_S" textname="test sensor 22467"/>
			<item id="22468" losttest="2" iotype="AI" name="Sensor22468_S" textname="test sensor 22468"/>
			<item id="22469" losttest="2" iotype="AI" name="Sensor22469_S" textname="test sensor 22469"/>
			<item id="22470" losttest="2" iotype="AI" name="Sensor22470_S" textname="test sensor 22470"/>
			<item id="22471" losttest="2" iotype="AI" name="Sensor22471_S" textname="test sensor 22471"/>
			<item id="22472" losttest="2" iotype="AI" name="Sensor22472_S" textname="test sensor 22472"/>
			<item id="22473" losttest="2" iotype="AI" name="Sensor22473_S" textname="test sensor 22473"/>
			<item id="22474" losttest="2" iotype="AI" name="Sensor22474_S" textname="test sensor 22474"/>
			<item id="22475" losttest="2" iotype="AI" name="Sensor22475_S" textname="test sensor 22475"/>
			<item id="22476" losttest="2" iotype="AI" name="Sensor22476_S" textname="test sensor 22476"/>
			<item id="22477" losttest="2" iotype="AI" name="Sensor22477_S" textname="test sensor 22477"/>
			<item id="22478" losttest="2" iotype="AI" name="Sensor22478_S" textname="test sensor 22478"/>
			<item id="22479" losttest="2" iotype="AI" name="Sensor22479_S" textname="test sensor 22479"/>
			<item id="22480" losttest="2" iotype="AI" name="Sensor22480_S" textname="test sensor 22480"/>
			<item id="22481" losttest="2" iotype="AI" name="Sensor22481_S" textname="test sensor 22481"/>
			<item id="22482" losttest="2" iotype="AI" name="Sensor22482_S" textname="test sensor 22482"/>
			<item id="22483" losttest="2" iotype="AI" name="Sensor22483_S" textname="test sensor 22483"/>
			<item id="22484" losttest="2" iotype="AI" name="Sensor22484_S" textname="test sensor 22484"/>
			<item id="22485" losttest="2" iotype="AI" name="Sensor22485_S" textname="test sensor 22485"/>
			<item id="22486" losttest="2" iotype="AI" name="Sensor22486_S" textname="test sensor 22486"/>
			<item id="22487" losttest="2" iotype="AI" name="Sensor22487_S" textname="test sensor 22487"/>
			<item id="22488" losttest="2" iotype="AI" name="Sensor22488_S" textname="test sensor 22488"/>
			<item id="22489" losttest="2" iotype="AI" name="Sensor22489_S" textname="test sensor 22489"/>
			<item id="22490" losttest="2" iotype="AI" name="Sensor22490_S" textname="test sensor 22490"/>
			<item id="22491" losttest="2" iotype="AI" name="Sensor22491_S" textname="test sensor 22491"/>
			<item id="22492" losttest="2" iotype="AI" name="Sensor22492_S" textname="test sensor 22492"/>
			<item id="22493" losttest="2" iotype="AI" name="Sensor22493_S" textname="test sensor 22493"/>
			<item id="22494" losttest="2" iotype="AI" name="Sensor22494_S" textname="test sensor 22494"/>
			<item id="22495" losttest="2" iotype="AI" name="Sensor22495_S" textname="test sensor 22495"/>
			<item id="22496" losttest="2" iotype="AI" name="Sensor22496_S" textname="test sensor 22496"/>
			<item id="22497" losttest="2" iotype="AI" name="Sensor22497_S" textname="test sensor 22497"/>
			<item id="22498" losttest="2" iotype="AI" name="Sensor22498_S" textname="test sensor 22498"/>
			<item id="22499" losttest="2" iotype="AI" name="Sensor22499_S" textname="test sensor 22499"/>
			<item id="22500" losttest="2" iotype="AI" name="Sensor22500_S" textname="test sensor 22500"/>
			<item id="22501" losttest="2" iotype="AI" name="Sensor22501_S" textname="test sensor 22501"/>
			<item id="22502" losttest="2" iotype="AI" name="Sensor22502_S" textname="test sensor 22502"/>
			<item id="22503" losttest="2" iotype="AI" name="Sensor22503_S" textname="test sensor 22503"/>
			<item id="22504" losttest="2" iotype="AI" name="Sensor22504_S" textname="test sensor 22504"/>
			<item id="22505" losttest="2" iotype="AI" name="Sensor22505_S" textname="test sensor 22505"/>
			<item id="22506" losttest="2" iotype="AI" name="Sensor22506_S" textname="test sensor 22506"/>
			<item id="22507" losttest="2" iotype="AI" name="Sensor22507_S" textname="test sensor 22507"/>
			<item id="22508" losttest="2" iotype="AI" name="Sensor22508_S" textname="test sensor 22508"/>
			<item id="22509" losttest="2" iotype="AI" name="Sensor22509_S" textname="test sensor 22509"/>
			<item id="22510" losttest="2" iotype="AI" name="Sensor22510_S" textname="test sensor 22510"/>
			<item id="22511" losttest="2" iotype="AI" name="Sensor22511_S" textname="test sensor 22511"/>
			<item id="22512" losttest="2" iotype="AI" name="Sensor22512_S" textname="test sensor 22512"/>
			<item id="22513" losttest="2" iotype="AI" name="Sensor22513_S" textname="test sensor 22513"/>
			<item id="22514" losttest="2" iotype="AI" name="Sensor22514_S" textname="test sensor 22514"/>
			<item id="22515" losttest="2" iotype="AI" name="Sensor22515_S" textname="test sensor 22515"/>
			<item id="22516" losttest="2" iotype="AI" name="Sensor22516_S" textname="test sensor 22516"/>
			<item id="22517" losttest="2" iotype="AI" name="Sensor22517_S" textname="test sensor 22517"/>
			<item id="22518" losttest="2" iotype="AI" name="Sensor22518_S" textname="test sensor 22518"/>
			<item id="22519" losttest="2" iotype="AI" name="Sensor22519_S" textname="test sensor 22519"/>
			<item id="22520" losttest="2" iotype="AI" name="Sensor22520_S" textname="test sensor 22520"/>
			<item id="22521" losttest="2" iotype="AI" name="Sensor22521_S" textname="test sensor 22521"/>
			<item id="22522" losttest="2" iotype="AI" name="Sensor22522_S" textname="test sensor 22522"/>
			<item id="22523" losttest="2" iotype="AI" name="Sensor22523_S" textname="test sensor 22523"/>
			<item id="22524" losttest="2" iotype="AI" name="Sensor22524_S" textname="test sensor 22524"/>
			<item id="22525" losttest="2" iotype="AI" name="Sensor22525_S" textname="test sensor 22525"/>
			<item id="22526" losttest="2" iotype="AI" name="Sensor22526_S" textname="test sensor 22526"/>
			<item id="22527" losttest="2" iotype="AI" name="Sensor22527_S" textname="test sensor 22527"/>
			<item id="22528" losttest="2" iotype="AI" name="Sensor22528_S" textname="test sensor 22528"/>
			<item id="22529" losttest="2" iotype="AI" name="Sensor22529_S" textname="test sensor 22529"/>
			<item id="22530" losttest="2" iotype="AI" name="Sensor22530_S" textname="test sensor 22530"/>
			<item id="22531" losttest="2" iotype="AI" name="Sensor22531_S" textname="test sensor 22531"/>
			<item id="22532" losttest="2" iotype="AI" name="Sensor22532_S" textname="test sensor 22532"/>
			<item id="22533" losttest="2" iotype="AI" name="Sensor22533_S" textname="test sensor 22533"/>
			<item id="22534" losttest="2" iotype="AI" name="Sensor22534_S" textname="test sensor 22534"/>
			<item id="22535" losttest="2" iotype="AI" name="Sensor22535_S" textname="test sensor 22535"/>
			<item id="22536" losttest="2" iotype="AI" name="Sensor22536_S" textname="test sensor 22536"/>
			<item id="22537" losttest="2" iotype="AI" name="Sensor22537_S" textname="test sensor 22537"/>
			<item id="22538" losttest="2" iotype="AI" name="Sensor22538_S" textname="test sensor 22538"/>
			<item id="22539" losttest="2" iotype="AI" name="Sensor22539_S" textname="test sensor 22539"/>
			<item id="22540" losttest="2" iotype="AI" name="Sensor22540_S" textname="test sensor 22540"/>
			<item id="22541" losttest="2" iotype="AI" name="Sensor22541_S" textname="test sensor 22541"/>
			<item id="22542" losttest="2" iotype="AI" name="Sensor22542_S" textname="test sensor 22542"/>
			<item id="22543" losttest="2" iotype="AI" name="Sensor22543_S" textname="test sensor 22543"/>
			<item id="22544" losttest="2" iotype="AI" name="Sensor22544_S" textname="test sensor 22544"/>
			<item id="22545" losttest="2" iotype="AI" name="Sensor22545_S" textname="test sensor 22545"/>
			<item id="22546" losttest="2" iotype="AI" name="Sensor22546_S" textname="test sensor 22546"/>
			<item id="22547" losttest="2" iotype="AI" name="Sensor22547_S" textname="test sensor 22547"/>
			<item id="22548" losttest="2" iotype="AI" name="Sensor22548_S" textname="test sensor 22548"/>
			<item id="22549" losttest="2" iotype="AI" name="Sensor22549_S" textname="test sensor 22549"/>
			<item id="22550" losttest="2" iotype="AI" name="Sensor22550_S" textname="test sensor 22550"/>
			<item id="22551" losttest="2" iotype="AI" name="Sensor22551_S" textname="test sensor 22551"/>
			<item id="22552" losttest="2" iotype="AI" name="Sensor22552_S" textname="test sensor 22552"/>
			<item id="22553" losttest="2" iotype="AI" name="Sensor22553_S" textname="test sensor 22553"/>
			<item id="22554" losttest="2" iotype="AI" name="Sensor22554_S" textname="test sensor 22554"/>
			<item id="22555" losttest="2" iotype="AI" name="Sensor22555_S" textname="test sensor 22555"/>
			<item id="22556" losttest="2" iotype="AI" name="Sensor22556_S" textname="test sensor 22556"/>
			<item id="22557" losttest="2" iotype="AI" name="Sensor22557_S" textname="test sensor 22557"/>
			<item id="22558" losttest="2" iotype="AI" name="Sensor22558_S" textname="test sensor 22558"/>
			<item id="22559" losttest="2" iotype="AI" name="Sensor22559_S" textname="test sensor 22559"/>
			<item id="22560" losttest="2" iotype="AI" name="Sensor22560_S" textname="test sensor 22560"/>
			<item id="22561" losttest="2" iotype="AI" name="Sensor22561_S" textname="test sensor 22561"/>
			<item id="22562" losttest="2" iotype="AI" name="Sensor22562_S" textname="test sensor 22562"/>
			<item id="22563" losttest="2" iotype="AI" name="Sensor22563_S" textname="test sensor 22563"/>
			<item id="22564" losttest="2" iotype="AI" name="Sensor22564_S" textname="test sensor 22564"/>
			<item id="22565" losttest="2" iotype="AI" name="Sensor22565_S" textname="test sensor 22565"/>
			<item id="22566" losttest="2" iotype="AI" name="Sensor22566_S" textname="test sensor 22566"/>
			<item id="22567" losttest="2" iotype="AI" name="Sensor22567_S" textname="test sensor 22567"/>
			<item id="22568" losttest="2" iotype="AI" name="Sensor22568_S" textname="test sensor 22568"/>
			<item id="22569" losttest="2" iotype="AI" name="Sensor22569_S" textname="test sensor 22569"/>
			<item id="22570" losttest="2" iotype="AI" name="Sensor22570_S" textname="test sensor 22570"/>
			<item id="22571" losttest="2" iotype="AI" name="Sensor22571_S" textname="test sensor 22571"/>
			<item id="22572" losttest="2" iotype="AI" name="Sensor22572_S" textname="test sensor 22572"/>
			<item id="22573" losttest="2" iotype="AI" name="Sensor22573_S" textname="test sensor 22573"/>
			<item id="22574" losttest="2" iotype="AI" name="Sensor22574_S" textname="test sensor 22574"/>
			<item id="22575" losttest="2" iotype="AI" name="Sensor22575_S" textname="test sensor 22575"/>
			<item id="22576" losttest="2" iotype="AI" name="Sensor22576_S" textname="test sensor 22576"/>
			<item id="22577" losttest="2" iotype="AI" name="Sensor22577_S" textname="test sensor 22577"/>
			<item id="22578" losttest="2" iotype="AI" name="Sensor22578_S" textname="test sensor 22578"/>
			<item id="22579" losttest="2" iotype="AI" name="Sensor22579_S" textname="test sensor 22579"/>
			<item id="22580" losttest="2" iotype="AI" name="Sensor22580_S" textname="test sensor 22580"/>
			<item id="22581" losttest="2" iotype="AI" name="Sensor22581_S" textname="test sensor 22581"/>
			<item id="22582" losttest="2" iotype="AI" name="Sensor22582_S" textname="test sensor 22582"/>
			<item id="22583" losttest="2" iotype="AI" name="Sensor22583_S" textname="test sensor 22583"/>
			<item id="22584" losttest="2" iotype="AI" name="Sensor22584_S" textname="test sensor 22584"/>
			<item id="22585" losttest="2" iotype="AI" name="Sensor22585_S" textname="test sensor 22585"/>
			<item id="22586" losttest="2" iotype="AI" name="Sensor22586_S" textname="test sensor 22586"/>
			<item id="22587" losttest="2" iotype="AI" name="Sensor22587_S" textname="test sensor 22587"/>
			<item id="22588" losttest="2" iotype="AI" name="Sensor22588_S" textname="test sensor 22588"/>
			<item id="22589" losttest="2" iotype="AI" name="Sensor22589_S" textname="test sensor 22589"/>
			<item id="22590" losttest="2" iotype="AI" name="Sensor22590_S" textname="test sensor 22590"/>
			<item id="22591" losttest="2" iotype="AI" name="Sensor22591_S" textname="test sensor 22591"/>
			<item id="22592" losttest="2" iotype="AI" name="Sensor22592_S" textname="test sensor 22592"/>
			<item id="22593" losttest="2" iotype="AI" name="Sensor22593_S" textname="test sensor 22593"/>
			<item id="22594" losttest="2" iotype="AI" name="Sensor22594_S" textname="test sensor 22594"/>
			<item id="22595" losttest="2" iotype="AI" name="Sensor22595_S" textname="test sensor 22595"/>
			<item id="22596" losttest="2" iotype="AI" name="Sensor22596_S" textname="test sensor 22596"/>
			<item id="22597" losttest="2" iotype="AI" name="Sensor22597_S" textname="test sensor 22597"/>
			<item id="22598" losttest="2" iotype="AI" name="Sensor22598_S" textname="test sensor 22598"/>
			<item id="22599" losttest="2" iotype="AI" name="Sensor22599_S" textname="test sensor 22599"/>
			<item id="22600" losttest="2" iotype="AI" name="Sensor22600_S" textname="test sensor 22600"/>
			<item id="22601" losttest="2" iotype="AI" name="Sensor22601_S" textname="test sensor 22601"/>
			<item id="22602" losttest="2" iotype="AI" name="Sensor22602_S" textname="test sensor 22602"/>
			<item id="22603" losttest="2" iotype="AI" name="Sensor22603_S" textname="test sensor 22603"/>
			<item id="22604" losttest="2" iotype="AI" name="Sensor22604_S" textname="test sensor 22604"/>
			<item id="22605" losttest="2" iotype="AI" name="Sensor22605_S" textname="test sensor 22605"/>
			<item id="22606" losttest="2" iotype="AI" name="Sensor22606_S" textname="test sensor 22606"/>
			<item id="22607" losttest="2" iotype="AI" name="Sensor22607_S" textname="test sensor 22607"/>
			<item id="22608" losttest="2" iotype="AI" name="Sensor22608_S" textname="test sensor 22608"/>
			<item id="22609" losttest="2" iotype="AI" name="Sensor22609_S" textname="test sensor 22609"/>
			<item id="22610" losttest="2" iotype="AI" name="Sensor22610_S" textname="test sensor 22610"/>
			<item id="22611" losttest="2" iotype="AI" name="Sensor22611_S" textname="test sensor 22611"/>
			<item id="22612" losttest="2" iotype="AI" name="Sensor22612_S" textname="test sensor 22612"/>
			<item id="22613" losttest="2" iotype="AI" name="Sensor22613_S" textname="test sensor 22613"/>
			<item id="22614" losttest="2" iotype="AI" name="Sensor22614_S" textname="test sensor 22614"/>
			<item id="22615" losttest="2" iotype="AI" name="Sensor22615_S" textname="test sensor 22615"/>
			<item id="22616" losttest="2" iotype="AI" name="Sensor22616_S" textname="test sensor 22616"/>
			<item id="22617" losttest="2" iotype="AI" name="Sensor22617_S" textname="test sensor 22617"/>
			<item id="22618" losttest="2" iotype="AI" name="Sensor22618_S" textname="test sensor 22618"/>
			<item id="22619" losttest="2" iotype="AI" name="Sensor22619_S" textname="test sensor 22619"/>
			<item id="22620" losttest="2" iotype="AI" name="Sensor22620_S" textname="test sensor 22620"/>
			<item id="22621" losttest="2" iotype="AI" name="Sensor22621_S" textname="test sensor 22621"/>
			<item id="22622" losttest="2" iotype="AI" name="Sensor22622_S" textname="test sensor 22622"/>
			<item id="22623" losttest="2" iotype="AI" name="Sensor22623_S" textname="test sensor 22623"/>
			<item id="22624" losttest="2" iotype="AI" name="Sensor22624_S" textname="test sensor 22624"/>
			<item id="22625" losttest="2" iotype="AI" name="Sensor22625_S" textname="test sensor 22625"/>
			<item id="22626" losttest="2" iotype="AI" name="Sensor22626_S" textname="test sensor 22626"/>
			<item id="22627" losttest="2" iotype="AI" name="Sensor22627_S" textname="test sensor 22627"/>
			<item id="22628" losttest="2" iotype="AI" name="Sensor22628_S" textname="test sensor 22628"/>
			<item id="22629" losttest="2" iotype="AI" name="Sensor22629_S" textname="test sensor 22629"/>
			<item id="22630" losttest="2" iotype="AI" name="Sensor22630_S" textname="test sensor 22630"/>
			<item id="22631" losttest="2" iotype="AI" name="Sensor22631_S" textname="test sensor 22631"/>
			<item id="22632" losttest="2" iotype="AI" name="Sensor22632_S" textname="test sensor 22632"/>
			<item id="22633" losttest="2" iotype="AI" name="Sensor22633_S" textname="test sensor 22633"/>
			<item id="22634" losttest="2" iotype="AI" name="Sensor22634_S" textname="test sensor 22634"/>
			<item id="22635" losttest="2" iotype="AI" name="Sensor22635_S" textname="test sensor 22635"/>
			<item id="22636" losttest="2" iotype="AI" name="Sensor22636_S" textname="test sensor 22636"/>
			<item id="22637" losttest="2" iotype="AI" name="Sensor22637_S" textname="test sensor 22637"/>
			<item id="22638" losttest="2" iotype="AI" name="Sensor22638_S" textname="test sensor 22638"/>
			<item id="22639" losttest="2" iotype="AI" name="Sensor22639_S" textname="test sensor 22639"/>
			<item id="22640" losttest="2" iotype="AI" name="Sensor22640_S" textname="test sensor 22640"/>
			<item id="22641" losttest="2" iotype="AI" name="Sensor22641_S" textname="test sensor 22641"/>
			<item id="22642" losttest="2" iotype="AI" name="Sensor22642_S" textname="test sensor 22642"/>
			<item id="22643" losttest="2" iotype="AI" name="Sensor22643_S" textname="test sensor 22643"/>
			<item id="22644" losttest="2" iotype="AI" name="Sensor22644_S" textname="test sensor 22644"/>
			<item id="22645" losttest="2" iotype="AI" name="Sensor22645_S" textname="test sensor 22645"/>
			<item id="22646" losttest="2" iotype="AI" name="Sensor22646_S" textname="test sensor 22646"/>
			<item id="22647" losttest="2" iotype="AI" name="Sensor22647_S" textname="test sensor 22647"/>
			<item id="22648" losttest="2" iotype="AI" name="Sensor22648_S" textname="test sensor 22648"/>
			<item id="22649" losttest="2" iotype="AI" name="Sensor22649_S" textname="test sensor 22649"/>
			<item id="22650" losttest="2" iotype="AI" name="Sensor22650_S" textname="test sensor 22650"/>
			<item id="22651" losttest="2" iotype="AI" name="Sensor22651_S" textname="test sensor 22651"/>
			<item id="22652" losttest="2" iotype="AI" name="Sensor22652_S" textname="test sensor 22652"/>
			<item id="22653" losttest="2" iotype="AI" name="Sensor22653_S" textname="test sensor 22653"/>
			<item id="22654" losttest="2" iotype="AI" name="Sensor22654_S" textname="test sensor 22654"/>
			<item id="22655" losttest="2" iotype="AI" name="Sensor22655_S" textname="test sensor 22655"/>
			<item id="22656" losttest="2" iotype="AI" name="Sensor22656_S" textname="test sensor 22656"/>
			<item id="22657" losttest="2" iotype="AI" name="Sensor22657_S" textname="test sensor 22657"/>
			<item id="22658" losttest="2" iotype="AI" name="Sensor22658_S" textname="test sensor 22658"/>
			<item id="22659" losttest="2" iotype="AI" name="Sensor22659_S" textname="test sensor 22659"/>
			<item id="22660" losttest="2" iotype="AI" name="Sensor22660_S" textname="test sensor 22660"/>
			<item id="22661" losttest="2" iotype="AI" name="Sensor22661_S" textname="test sensor 22661"/>
			<item id="22662" losttest="2" iotype="AI" name="Sensor22662_S" textname="test sensor 22662"/>
			<item id="22663" losttest="2" iotype="AI" name="Sensor22663_S" textname="test sensor 22663"/>
			<item id="22664" losttest="2" iotype="AI" name="Sensor22664_S" textname="test sensor 22664"/>
			<item id="22665" losttest="2" iotype="AI" name="Sensor22665_S" textname="test sensor 22665"/>
			<item id="22666" losttest="2" iotype="AI" name="Sensor22666_S" textname="test sensor 22666"/>
			<item id="22667" losttest="2" iotype="AI" name="Sensor22667_S" textname="test sensor 22667"/>
			<item id="22668" losttest="2" iotype="AI" name="Sensor22668_S" textname="test sensor 22668"/>
			<item id="22669" losttest="2" iotype="AI" name="Sensor22669_S" textname="test sensor 22669"/>
			<item id="22670" losttest="2" iotype="AI" name="Sensor22670_S" textname="test sensor 22670"/>
			<item id="22671" losttest="2" iotype="AI" name="Sensor22671_S" textname="test sensor 22671"/>
			<item id="22672" losttest="2" iotype="AI" name="Sensor22672_S" textname="test sensor 22672"/>
			<item id="22673" losttest="2" iotype="AI" name="Sensor22673_S" textname="test sensor 22673"/>
			<item id="22674" losttest="2" iotype="AI" name="Sensor22674_S" textname="test sensor 22674"/>
			<item id="22675" losttest="2" iotype="AI" name="Sensor22675_S" textname="test sensor 22675"/>
			<item id="22676" losttest="2" iotype="AI" name="Sensor22676_S" textname="test sensor 22676"/>
			<item id="22677" losttest="2" iotype="AI" name="Sensor22677_S" textname="test sensor 22677"/>
			<item id="22678" losttest="2" iotype="AI" name="Sensor22678_S" textname="test sensor 22678"/>
			<item id="22679" losttest="2" iotype="AI" name="Sensor22679_S" textname="test sensor 22679"/>
			<item id="22680" losttest="2" iotype="AI" name="Sensor22680_S" textname="test sensor 22680"/>
			<item id="22681" losttest="2" iotype="AI" name="Sensor22681_S" textname="test sensor 22681"/>
			<item id="22682" losttest="2" iotype="AI" name="Sensor22682_S" textname="test sensor 22682"/>
			<item id="22683" losttest="2" iotype="AI" name="Sensor22683_S" textname="test sensor 22683"/>
			<item id="22684" losttest="2" iotype="AI" name="Sensor22684_S" textname="test sensor 22684"/>
			<item id="22685" losttest="2" iotype="AI" name="Sensor22685_S" textname="test sensor 22685"/>
			<item id="22686" losttest="2" iotype="AI" name="Sensor22686_S" textname="test sensor 22686"/>
			<item id="22687" losttest="2" iotype="AI" name="Sensor22687_S" textname="test sensor 22687"/>
			<item id="22688" losttest="2" iotype="AI" name="Sensor22688_S" textname="test sensor 22688"/>
			<item id="22689" losttest="2" iotype="AI" name="Sensor22689_S" textname="test sensor 22689"/>
			<item id="22690" losttest="2" iotype="AI" name="Sensor22690_S" textname="test sensor 22690"/>
			<item id="22691" losttest="2" iotype="AI" name="Sensor22691_S" textname="test sensor 22691"/>
			<item id="22692" losttest="2" iotype="AI" name="Sensor22692_S" textname="test sensor 22692"/>
			<item id="22693" losttest="2" iotype="AI" name="Sensor22693_S" textname="test sensor 22693"/>
			<item id="22694" losttest="2" iotype="AI" name="Sensor22694_S" textname="test sensor 22694"/>
			<item id="22695" losttest="2" iotype="AI" name="Sensor22695_S" textname="test sensor 22695"/>
			<item id="22696" losttest="2" iotype="AI" name="Sensor22696_S" textname="test sensor 22696"/>
			<item id="22697" losttest="2" iotype="AI" name="Sensor22697_S" textname="test sensor 22697"/>
			<item id="22698" losttest="2" iotype="AI" name="Sensor22698_S" textname="test sensor 22698"/>
			<item id="22699" losttest="2" iotype="AI" name="Sensor22699_S" textname="test sensor 22699"/>
			<item id="22700" losttest="2" iotype="AI" name="Sensor22700_S" textname="test sensor 22700"/>
			<item id="22701" losttest="2" iotype="AI" name="Sensor22701_S" textname="test sensor 22701"/>
			<item id="22702" losttest="2" iotype="AI" name="Sensor22702_S" textname="test sensor 22702"/>
			<item id="22703" losttest="2" iotype="AI" name="Sensor22703_S" textname="test sensor 22703"/>
			<item id="22704" losttest="2" iotype="AI" name="Sensor22704_S" textname="test sensor 22704"/>
			<item id="22705" losttest="2" iotype="AI" name="Sensor22705_S" textname="test sensor 22705"/>
			<item id="22706" losttest="2" iotype="AI" name="Sensor22706_S" textname="test sensor 22706"/>
			<item id="22707" losttest="2" iotype="AI" name="Sensor22707_S" textname="test sensor 22707"/>
			<item id="22708" losttest="2" iotype="AI" name="Sensor22708_S" textname="test sensor 22708"/>
			<item id="22709" losttest="2" iotype="AI" name="Sensor22709_S" textname="test sensor 22709"/>
			<item id="22710" losttest="2" iotype="AI" name="Sensor22710_S" textname="test sensor 22710"/>
			<item id="22711" losttest="2" iotype="AI" name="Sensor22711_S" textname="test sensor 22711"/>
			<item id="22712" losttest="2" iotype="AI" name="Sensor22712_S" textname="test sensor 22712"/>
			<item id="22713" losttest="2" iotype="AI" name="Sensor22713_S" textname="test sensor 22713"/>
			<item id="22714" losttest="2" iotype="AI" name="Sensor22714_S" textname="test sensor 22714"/>
			<item id="22715" losttest="2" iotype="AI" name="Sensor22715_S" textname="test sensor 22715"/>
			<item id="22716" losttest="2" iotype="AI" name="Sensor22716_S" textname="test sensor 22716"/>
			<item id="22717" losttest="2" iotype="AI" name="Sensor22717_S" textname="test sensor 22717"/>
			<item id="22718" losttest="2" iotype="AI" name="Sensor22718_S" textname="test sensor 22718"/>
			<item id="22719" losttest="2" iotype="AI" name="Sensor22719_S" textname="test sensor 22719"/>
			<item id="22720" losttest="2" iotype="AI" name="Sensor22720_S" textname="test sensor 22720"/>
			<item id="22721" losttest="2" iotype="AI" name="Sensor22721_S" textname="test sensor 22721"/>
			<item id="22722" losttest="2" iotype="AI" name="Sensor22722_S" textname="test sensor 22722"/>
			<item id="22723" losttest="2" iotype="AI" name="Sensor22723_S" textname="test sensor 22723"/>
			<item id="22724" losttest="2" iotype="AI" name="Sensor22724_S" textname="test sensor 22724"/>
			<item id="22725" losttest="2" iotype="AI" name="Sensor22725_S" textname="test sensor 22725"/>
			<item id="22726" losttest="2" iotype="AI" name="Sensor22726_S" textname="test sensor 22726"/>
			<item id="22727" losttest="2" iotype="AI" name="Sensor22727_S" textname="test sensor 22727"/>
			<item id="22728" losttest="2" iotype="AI" name="Sensor22728_S" textname="test sensor 22728"/>
			<item id="22729" losttest="2" iotype="AI" name="Sensor22729_S" textname="test sensor 22729"/>
			<item id="22730" losttest="2" iotype="AI" name="Sensor22730_S" textname="test sensor 22730"/>
			<item id="22731" losttest="2" iotype="AI" name="Sensor22731_S" textname="test sensor 22731"/>
			<item id="22732" losttest="2" iotype="AI" name="Sensor22732_S" textname="test sensor 22732"/>
			<item id="22733" losttest="2" iotype="AI" name="Sensor22733_S" textname="test sensor 22733"/>
			<item id="22734" losttest="2" iotype="AI" name="Sensor22734_S" textname="test sensor 22734"/>
			<item id="22735" losttest="2" iotype="AI" name="Sensor22735_S" textname="test sensor 22735"/>
			<item id="22736" losttest="2" iotype="AI" name="Sensor22736_S" textname="test sensor 22736"/>
			<item id="22737" losttest="2" iotype="AI" name="Sensor22737_S" textname="test sensor 22737"/>
			<item id="22738" losttest="2" iotype="AI" name="Sensor22738_S" textname="test sensor 22738"/>
			<item id="22739" losttest="2" iotype="AI" name="Sensor22739_S" textname="test sensor 22739"/>
			<item id="22740" losttest="2" iotype="AI" name="Sensor22740_S" textname="test sensor 22740"/>
			<item id="22741" losttest="2" iotype="AI" name="Sensor22741_S" textname="test sensor 22741"/>
			<item id="22742" losttest="2" iotype="AI" name="Sensor22742_S" textname="test sensor 22742"/>
			<item id="22743" losttest="2" iotype="AI" name="Sensor22743_S" textname="test sensor 22743"/>
			<item id="22744" losttest="2" iotype="AI" name="Sensor22744_S" textname="test sensor 22744"/>
			<item id="22745" losttest="2" iotype="AI" name="Sensor22745_S" textname="test sensor 22745"/>
			<item id="22746" losttest="2" iotype="AI" name="Sensor22746_S" textname="test sensor 22746"/>
			<item id="22747" losttest="2" iotype="AI" name="Sensor22747_S" textname="test sensor 22747"/>
			<item id="22748" losttest="2" iotype="AI" name="Sensor22748_S" textname="test sensor 22748"/>
			<item id="22749" losttest="2" iotype="AI" name="Sensor22749_S" textname="test sensor 22749"/>
			<item id="22750" losttest="2" iotype="AI" name="Sensor22750_S" textname="test sensor 22750"/>
			<item id="22751" losttest="2" iotype="AI" name="Sensor22751_S" textname="test sensor 22751"/>
			<item id="22752" losttest="2" iotype="AI" name="Sensor22752_S" textname="test sensor 22752"/>
			<item id="22753" losttest="2" iotype="AI" name="Sensor22753_S" textname="test sensor 22753"/>
			<item id="22754" losttest="2" iotype="AI" name="Sensor22754_S" textname="test sensor 22754"/>
			<item id="22755" losttest="2" iotype="AI" name="Sensor22755_S" textname="test sensor 22755"/>
			<item id="22756" losttest="2" iotype="AI" name="Sensor22756_S" textname="test sensor 22756"/>
			<item id="22757" losttest="2" iotype="AI" name="Sensor22757_S" textname="test sensor 22757"/>
			<item id="22758" losttest="2" iotype="AI" name="Sensor22758_S" textname="test sensor 22758"/>
			<item id="22759" losttest="2" iotype="AI" name="Sensor22759_S" textname="test sensor 22759"/>
			<item id="22760" losttest="2" iotype="AI" name="Sensor22760_S" textname="test sensor 22760"/>
			<item id="22761" losttest="2" iotype="AI" name="Sensor22761_S" textname="test sensor 22761"/>
			<item id="22762" losttest="2" iotype="AI" name="Sensor22762_S" textname="test sensor 22762"/>
			<item id="22763" losttest="2" iotype="AI" name="Sensor22763_S" textname="test sensor 22763"/>
			<item id="22764" losttest="2" iotype="AI" name="Sensor22764_S" textname="test sensor 22764"/>
			<item id="22765" losttest="2" iotype="AI" name="Sensor22765_S" textname="test sensor 22765"/>
			<item id="22766" losttest="2" iotype="AI" name="Sensor22766_S" textname="test sensor 22766"/>
			<item id="22767" losttest="2" iotype="AI" name="Sensor22767_S" textname="test sensor 22767"/>
			<item id="22768" losttest="2" iotype="AI" name="Sensor22768_S" textname="test sensor 22768"/>
			<item id="22769" losttest="2" iotype="AI" name="Sensor22769_S" textname="test sensor 22769"/>
			<item id="22770" losttest="2" iotype="AI" name="Sensor22770_S" textname="test sensor 22770"/>
			<item id="22771" losttest="2" iotype="AI" name="Sensor22771_S" textname="test sensor 22771"/>
			<item id="22772" losttest="2" iotype="AI" name="Sensor22772_S" textname="test sensor 22772"/>
			<item id="22773" losttest="2" iotype="AI" name="Sensor22773_S" textname="test sensor 22773"/>
			<item id="22774" losttest="2" iotype="AI" name="Sensor22774_S" textname="test sensor 22774"/>
			<item id="22775" losttest="2" iotype="AI" name="Sensor22775_S" textname="test sensor 22775"/>
			<item id="22776" losttest="2" iotype="AI" name="Sensor22776_S" textname="test sensor 22776"/>
			<item id="22777" losttest="2" iotype="AI" name="Sensor22777_S" textname="test sensor 22777"/>
			<item id="22778" losttest="2" iotype="AI" name="Sensor22778_S" textname="test sensor 22778"/>
			<item id="22779" losttest="2" iotype="AI" name="Sensor22779_S" textname="test sensor 22779"/>
			<item id="22780" losttest="2" iotype="AI" name="Sensor22780_S" textname="test sensor 22780"/>
			<item id="22781" losttest="2" iotype="AI" name="Sensor22781_S" textname="test sensor 22781"/>
			<item id="22782" losttest="2" iotype="AI" name="Sensor22782_S" textname="test sensor 22782"/>
			<item id="22783" losttest="2" iotype="AI" name="Sensor22783_S" textname="test sensor 22783"/>
			<item id="22784" losttest="2" iotype="AI" name="Sensor22784_S" textname="test sensor 22784"/>
			<item id="22785" losttest="2" iotype="AI" name="Sensor22785_S" textname="test sensor 22785"/>
			<item id="22786" losttest="2" iotype="AI" name="Sensor22786_S" textname="test sensor 22786"/>
			<item id="22787" losttest="2" iotype="AI" name="Sensor22787_S" textname="test sensor 22787"/>
			<item id="22788" losttest="2" iotype="AI" name="Sensor22788_S" textname="test sensor 22788"/>
			<item id="22789" losttest="2" iotype="AI" name="Sensor22789_S" textname="test sensor 22789"/>
			<item id="22790" losttest="2" iotype="AI" name="Sensor22790_S" textname="test sensor 22790"/>
			<item id="22791" losttest="2" iotype="AI" name="Sensor22791_S" textname="test sensor 22791"/>
			<item id="22792" losttest="2" iotype="AI" name="Sensor22792_S" textname="test sensor 22792"/>
			<item id="22793" losttest="2" iotype="AI" name="Sensor22793_S" textname="test sensor 22793"/>
			<item id="22794" losttest="2" iotype="AI" name="Sensor22794_S" textname="test sensor 22794"/>
			<item id="22795" losttest="2" iotype="AI" name="Sensor22795_S" textname="test sensor 22795"/>
			<item id="22796" losttest="2" iotype="AI" name="Sensor22796_S" textname="test sensor 22796"/>
			<item id="22797" losttest="2" iotype="AI" name="Sensor22797_S" textname="test sensor 22797"/>
			<item id="22798" losttest="2" iotype="AI" name="Sensor22798_S" textname="test sensor 22798"/>
			<item id="22799" losttest="2" iotype="AI" name="Sensor22799_S" textname="test sensor 22799"/>
			<item id="22800" losttest="2" iotype="AI" name="Sensor22800_S" textname="test sensor 22800"/>
			<item id="22801" losttest="2" iotype="AI" name="Sensor22801_S" textname="test sensor 22801"/>
			<item id="22802" losttest="2" iotype="AI" name="Sensor22802_S" textname="test sensor 22802"/>
			<item id="22803" losttest="2" iotype="AI" name="Sensor22803_S" textname="test sensor 22803"/>
			<item id="22804" losttest="2" iotype="AI" name="Sensor22804_S" textname="test sensor 22804"/>
			<item id="22805" losttest="2" iotype="AI" name="Sensor22805_S" textname="test sensor 22805"/>
			<item id="22806" losttest="2" iotype="AI" name="Sensor22806_S" textname="test sensor 22806"/>
			<item id="22807" losttest="2" iotype="AI" name="Sensor22807_S" textname="test sensor 22807"/>
			<item id="22808" losttest="2" iotype="AI" name="Sensor22808_S" textname="test sensor 22808"/>
			<item id="22809" losttest="2" iotype="AI" name="Sensor22809_S" textname="test sensor 22809"/>
			<item id="22810" losttest="2" iotype="AI" name="Sensor22810_S" textname="test sensor 22810"/>
			<item id="22811" losttest="2" iotype="AI" name="Sensor22811_S" textname="test sensor 22811"/>
			<item id="22812" losttest="2" iotype="AI" name="Sensor22812_S" textname="test sensor 22812"/>
			<item id="22813" losttest="2" iotype="AI" name="Sensor22813_S" textname="test sensor 22813"/>
			<item id="22814" losttest="2" iotype="AI" name="Sensor22814_S" textname="test sensor 22814"/>
			<item id="22815" losttest="2" iotype="AI" name="Sensor22815_S" textname="test sensor 22815"/>
			<item id="22816" losttest="2" iotype="AI" name="Sensor22816_S" textname="test sensor 22816"/>
			<item id="22817" losttest="2" iotype="AI" name="Sensor22817_S" textname="test sensor 22817"/>
			<item id="22818" losttest="2" iotype="AI" name="Sensor22818_S" textname="test sensor 22818"/>
			<item id="22819" losttest="2" iotype="AI" name="Sensor22819_S" textname="test sensor 22819"/>
			<item id="22820" losttest="2" iotype="AI" name="Sensor22820_S" textname="test sensor 22820"/>
			<item id="22821" losttest="2" iotype="AI" name="Sensor22821_S" textname="test sensor 22821"/>
			<item id="22822" losttest="2" iotype="AI" name="Sensor22822_S" textname="test sensor 22822"/>
			<item id="22823" losttest="2" iotype="AI" name="Sensor22823_S" textname="test sensor 22823"/>
			<item id="22824" losttest="2" iotype="AI" name="Sensor22824_S" textname="test sensor 22824"/>
			<item id="22825" losttest="2" iotype="AI" name="Sensor22825_S" textname="test sensor 22825"/>
			<item id="22826" losttest="2" iotype="AI" name="Sensor22826_S" textname="test sensor 22826"/>
			<item id="22827" losttest="2" iotype="AI" name="Sensor22827_S" textname="test sensor 22827"/>
			<item id="22828" losttest="2" iotype="AI" name="Sensor22828_S" textname="test sensor 22828"/>
			<item id="22829" losttest="2" iotype="AI" name="Sensor22829_S" textname="test sensor 22829"/>
			<item id="22830" losttest="2" iotype="AI" name="Sensor22830_S" textname="test sensor 22830"/>
			<item id="22831" losttest="2" iotype="AI" name="Sensor22831_S" textname="test sensor 22831"/>
			<item id="22832" losttest="2" iotype="AI" name="Sensor22832_S" textname="test sensor 22832"/>
			<item id="22833" losttest="2" iotype="AI" name="Sensor22833_S" textname="test sensor 22833"/>
			<item id="22834" losttest="2" iotype="AI" name="Sensor22834_S" textname="test sensor 22834"/>
			<item id="22835" losttest="2" iotype="AI" name="Sensor22835_S" textname="test sensor 22835"/>
			<item id="22836" losttest="2" iotype="AI" name="Sensor22836_S" textname="test sensor 22836"/>
			<item id="22837" losttest="2" iotype="AI" name="Sensor22837_S" textname="test sensor 22837"/>
			<item id="22838" losttest="2" iotype="AI" name="Sensor22838_S" textname="test sensor 22838"/>
			<item id="22839" losttest="2" iotype="AI" name="Sensor22839_S" textname="test sensor 22839"/>
			<item id="22840" losttest="2" iotype="AI" name="Sensor22840_S" textname="test sensor 22840"/>
			<item id="22841" losttest="2" iotype="AI" name="Sensor22841_S" textname="test sensor 22841"/>
			<item id="22842" losttest="2" iotype="AI" name="Sensor22842_S" textname="test sensor 22842"/>
			<item id="22843" losttest="2" iotype="AI" name="Sensor22843_S" textname="test sensor 22843"/>
			<item id="22844" losttest="2" iotype="AI" name="Sensor22844_S" textname="test sensor 22844"/>
			<item id="22845" losttest="2" iotype="AI" name="Sensor22845_S" textname="test sensor 22845"/>
			<item id="22846" losttest="2" iotype="AI" name="Sensor22846_S" textname="test sensor 22846"/>
			<item id="22847" losttest="2" iotype="AI" name="Sensor22847_S" textname="test sensor 22847"/>
			<item id="22848" losttest="2" iotype="AI" name="Sensor22848_S" textname="test sensor 22848"/>
			<item id="22849" losttest="2" iotype="AI" name="Sensor22849_S" textname="test sensor 22849"/>
			<item id="22850" losttest="2" iotype="AI" name="Sensor22850_S" textname="test sensor 22850"/>
			<item id="22851" losttest="2" iotype="AI" name="Sensor22851_S" textname="test sensor 22851"/>
			<item id="22852" losttest="2" iotype="AI" name="Sensor22852_S" textname="test sensor 22852"/>
			<item id="22853" losttest="2" iotype="AI" name="Sensor22853_S" textname="test sensor 22853"/>
			<item id="22854" losttest="2" iotype="AI" name="Sensor22854_S" textname="test sensor 22854"/>
			<item id="22855" losttest="2" iotype="AI" name="Sensor22855_S" textname="test sensor 22855"/>
			<item id="22856" losttest="2" iotype="AI" name="Sensor22856_S" textname="test sensor 22856"/>
			<item id="22857" losttest="2" iotype="AI" name="Sensor22857_S" textname="test sensor 22857"/>
			<item id="22858" losttest="2" iotype="AI" name="Sensor22858_S" textname="test sensor 22858"/>
			<item id="22859" losttest="2" iotype="AI" name="Sensor22859_S" textname="test sensor 22859"/>
			<item id="22860" losttest="2" iotype="AI" name="Sensor22860_S" textname="test sensor 22860"/>
			<item id="22861" losttest="2" iotype="AI" name="Sensor22861_S" textname="test sensor 22861"/>
			<item id="22862" losttest="2" iotype="AI" name="Sensor22862_S" textname="test sensor 22862"/>
			<item id="22863" losttest="2" iotype="AI" name="Sensor22863_S" textname="test sensor 22863"/>
			<item id="22864" losttest="2" iotype="AI" name="Sensor22864_S" textname="test sensor 22864"/>
			<item id="22865" losttest="2" iotype="AI" name="Sensor22865_S" textname="test sensor 22865"/>
			<item id="22866" losttest="2" iotype="AI" name="Sensor22866_S" textname="test sensor 22866"/>
			<item id="22867" losttest="2" iotype="AI" name="Sensor22867_S" textname="test sensor 22867"/>
			<item id="22868" losttest="2" iotype="AI" name="Sensor22868_S" textname="test sensor 22868"/>
			<item id="22869" losttest="2" iotype="AI" name="Sensor22869_S" textname="test sensor 22869"/>
			<item id="22870" losttest="2" iotype="AI" name="Sensor22870_S" textname="test sensor 22870"/>
			<item id="22871" losttest="2" iotype="AI" name="Sensor22871_S" textname="test sensor 22871"/>
			<item id="22872" losttest="2" iotype="AI" name="Sensor22872_S" textname="test sensor 22872"/>
			<item id="22873" losttest="2" iotype="AI" name="Sensor22873_S" textname="test sensor 22873"/>
			<item id="22874" losttest="2" iotype="AI" name="Sensor22874_S" textname="test sensor 22874"/>
			<item id="22875" losttest="2" iotype="AI" name="Sensor22875_S" textname="test sensor 22875"/>
			<item id="22876" losttest="2" iotype="AI" name="Sensor22876_S" textname="test sensor 22876"/>
			<item id="22877" losttest="2" iotype="AI" name="Sensor22877_S" textname="test sensor 22877"/>
			<item id="22878" losttest="2" iotype="AI" name="Sensor22878_S" textname="test sensor 22878"/>
			<item id="22879" losttest="2" iotype="AI" name="Sensor22879_S" textname="test sensor 22879"/>
			<item id="22880" losttest="2" iotype="AI" name="Sensor22880_S" textname="test sensor 22880"/>
			<item id="22881" losttest="2" iotype="AI" name="Sensor22881_S" textname="test sensor 22881"/>
			<item id="22882" losttest="2" iotype="AI" name="Sensor22882_S" textname="test sensor 22882"/>
			<item id="22883" losttest="2" iotype="AI" name="Sensor22883_S" textname="test sensor 22883"/>
			<item id="22884" losttest="2" iotype="AI" name="Sensor22884_S" textname="test sensor 22884"/>
			<item id="22885" losttest="2" iotype="AI" name="Sensor22885_S" textname="test sensor 22885"/>
			<item id="22886" losttest="2" iotype="AI" name="Sensor22886_S" textname="test sensor 22886"/>
			<item id="22887" losttest="2" iotype="AI" name="Sensor22887_S" textname="test sensor 22887"/>
			<item id="22888" losttest="2" iotype="AI" name="Sensor22888_S" textname="test sensor 22888"/>
			<item id="22889" losttest="2" iotype="AI" name="Sensor22889_S" textname="test sensor 22889"/>
			<item id="22890" losttest="2" iotype="AI" name="Sensor22890_S" textname="test sensor 22890"/>
			<item id="22891" losttest="2" iotype="AI" name="Sensor22891_S" textname="test sensor 22891"/>
			<item id="22892" losttest="2" iotype="AI" name="Sensor22892_S" textname="test sensor 22892"/>
			<item id="22893" losttest="2" iotype="AI" name="Sensor22893_S" textname="test sensor 22893"/>
			<item id="22894" losttest="2" iotype="AI" name="Sensor22894_S" textname="test sensor 22894"/>
			<item id="22895" losttest="2" iotype="AI" name="Sensor22895_S" textname="test sensor 22895"/>
			<item id="22896" losttest="2" iotype="AI" name="Sensor22896_S" textname="test sensor 22896"/>
			<item id="22897" losttest="2" iotype="AI" name="Sensor22897_S" textname="test sensor 22897"/>
			<item id="22898" losttest="2" iotype="AI" name="Sensor22898_S" textname="test sensor 22898"/>
			<item id="22899" losttest="2" iotype="AI" name="Sensor22899_S" textname="test sensor 22899"/>
			<item id="22900" losttest="2" iotype="AI" name="Sensor22900_S" textname="test sensor 22900"/>
			<item id="22901" losttest="2" iotype="AI" name="Sensor22901_S" textname="test sensor 22901"/>
			<item id="22902" losttest="2" iotype="AI" name="Sensor22902_S" textname="test sensor 22902"/>
			<item id="22903" losttest="2" iotype="AI" name="Sensor22903_S" textname="test sensor 22903"/>
			<item id="22904" losttest="2" iotype="AI" name="Sensor22904_S" textname="test sensor 22904"/>
			<item id="22905" losttest="2" iotype="AI" name="Sensor22905_S" textname="test sensor 22905"/>
			<item id="22906" losttest="2" iotype="AI" name="Sensor22906_S" textname="test sensor 22906"/>
			<item id="22907" losttest="2" iotype="AI" name="Sensor22907_S" textname="test sensor 22907"/>
			<item id="22908" losttest="2" iotype="AI" name="Sensor22908_S" textname="test sensor 22908"/>
			<item id="22909" losttest="2" iotype="AI" name="Sensor22909_S" textname="test sensor 22909"/>
			<item id="22910" losttest="2" iotype="AI" name="Sensor22910_S" textname="test sensor 22910"/>
			<item id="22911" losttest="2" iotype="AI" name="Sensor22911_S" textname="test sensor 22911"/>
			<item id="22912" losttest="2" iotype="AI" name="Sensor22912_S" textname="test sensor 22912"/>
			<item id="22913" losttest="2" iotype="AI" name="Sensor22913_S" textname="test sensor 22913"/>
			<item id="22914" losttest="2" iotype="AI" name="Sensor22914_S" textname="test sensor 22914"/>
			<item id="22915" losttest="2" iotype="AI" name="Sensor22915_S" textname="test sensor 22915"/>
			<item id="22916" losttest="2" iotype="AI" name="Sensor22916_S" textname="test sensor 22916"/>
			<item id="22917" losttest="2" iotype="AI" name="Sensor22917_S" textname="test sensor 22917"/>
			<item id="22918" losttest="2" iotype="AI" name="Sensor22918_S" textname="test sensor 22918"/>
			<item id="22919" losttest="2" iotype="AI" name="Sensor22919_S" textname="test sensor 22919"/>
			<item id="22920" losttest="2" iotype="AI" name="Sensor22920_S" textname="test sensor 22920"/>
			<item id="22921" losttest="2" iotype="AI" name="Sensor22921_S" textname="test sensor 22921"/>
			<item id="22922" losttest="2" iotype="AI" name="Sensor22922_S" textname="test sensor 22922"/>
			<item id="22923" losttest="2" iotype="AI" name="Sensor22923_S" textname="test sensor 22923"/>
			<item id="22924" losttest="2" iotype="AI" name="Sensor22924_S" textname="test sensor 22924"/>
			<item id="22925" losttest="2" iotype="AI" name="Sensor22925_S" textname="test sensor 22925"/>
			<item id="22926" losttest="2" iotype="AI" name="Sensor22926_S" textname="test sensor 22926"/>
			<item id="22927" losttest="2" iotype="AI" name="Sensor22927_S" textname="test sensor 22927"/>
			<item id="22928" losttest="2" iotype="AI" name="Sensor22928_S" textname="test sensor 22928"/>
			<item id="22929" losttest="2" iotype="AI" name="Sensor22929_S" textname="test sensor 22929"/>
			<item id="22930" losttest="2" iotype="AI" name="Sensor22930_S" textname="test sensor 22930"/>
			<item id="22931" losttest="2" iotype="AI" name="Sensor22931_S" textname="test sensor 22931"/>
			<item id="22932" losttest="2" iotype="AI" name="Sensor22932_S" textname="test sensor 22932"/>
			<item id="22933" losttest="2" iotype="AI" name="Sensor22933_S" textname="test sensor 22933"/>
			<item id="22934" losttest="2" iotype="AI" name="Sensor22934_S" textname="test sensor 22934"/>
			<item id="22935" losttest="2" iotype="AI" name="Sensor22935_S" textname="test sensor 22935"/>
			<item id="22936" losttest="2" iotype="AI" name="Sensor22936_S" textname="test sensor 22936"/>
			<item id="22937" losttest="2" iotype="AI" name="Sensor22937_S" textname="test sensor 22937"/>
			<item id="22938" losttest="2" iotype="AI" name="Sensor22938_S" textname="test sensor 22938"/>
			<item id="22939" losttest="2" iotype="AI" name="Sensor22939_S" textname="test sensor 22939"/>
			<item id="22940" losttest="2" iotype="AI" name="Sensor22940_S" textname="test sensor 22940"/>
			<item id="22941" losttest="2" iotype="AI" name="Sensor22941_S" textname="test sensor 22941"/>
			<item id="22942" losttest="2" iotype="AI" name="Sensor22942_S" textname="test sensor 22942"/>
			<item id="22943" losttest="2" iotype="AI" name="Sensor22943_S" textname="test sensor 22943"/>
			<item id="22944" losttest="2" iotype="AI" name="Sensor22944_S" textname="test sensor 22944"/>
			<item id="22945" losttest="2" iotype="AI" name="Sensor22945_S" textname="test sensor 22945"/>
			<item id="22946" losttest="2" iotype="AI" name="Sensor22946_S" textname="test sensor 22946"/>
			<item id="22947" losttest="2" iotype="AI" name="Sensor22947_S" textname="test sensor 22947"/>
			<item id="22948" losttest="2" iotype="AI" name="Sensor22948_S" textname="test sensor 22948"/>
			<item id="22949" losttest="2" iotype="AI" name="Sensor22949_S" textname="test sensor 22949"/>
			<item id="22950" losttest="2" iotype="AI" name="Sensor22950_S" textname="test sensor 22950"/>
			<item id="22951" losttest="2" iotype="AI" name="Sensor22951_S" textname="test sensor 22951"/>
			<item id="22952" losttest="2" iotype="AI" name="Sensor22952_S" textname="test sensor 22952"/>
			<item id="22953" losttest="2" iotype="AI" name="Sensor22953_S" textname="test sensor 22953"/>
			<item id="22954" losttest="2" iotype="AI" name="Sensor22954_S" textname="test sensor 22954"/>
			<item id="22955" losttest="2" iotype="AI" name="Sensor22955_S" textname="test sensor 22955"/>
			<item id="22956" losttest="2" iotype="AI" name="Sensor22956_S" textname="test sensor 22956"/>
			<item id="22957" losttest="2" iotype="AI" name="Sensor22957_S" textname="test sensor 22957"/>
			<item id="22958" losttest="2" iotype="AI" name="Sensor22958_S" textname="test sensor 22958"/>
			<item id="22959" losttest="2" iotype="AI" name="Sensor22959_S" textname="test sensor 22959"/>
			<item id="22960" losttest="2" iotype="AI" name="Sensor22960_S" textname="test sensor 22960"/>
			<item id="22961" losttest="2" iotype="AI" name="Sensor22961_S" textname="test sensor 22961"/>
			<item id="22962" losttest="2" iotype="AI" name="Sensor22962_S" textname="test sensor 22962"/>
			<item id="22963" losttest="2" iotype="AI" name="Sensor22963_S" textname="test sensor 22963"/>
			<item id="22964" losttest="2" iotype="AI" name="Sensor22964_S" textname="test sensor 22964"/>
			<item id="22965" losttest="2" iotype="AI" name="Sensor22965_S" textname="test sensor 22965"/>
			<item id="22966" losttest="2" iotype="AI" name="Sensor22966_S" textname="test sensor 22966"/>
			<item id="22967" losttest="2" iotype="AI" name="Sensor22967_S" textname="test sensor 22967"/>
			<item id="22968" losttest="2" iotype="AI" name="Sensor22968_S" textname="test sensor 22968"/>
			<item id="22969" losttest="2" iotype="AI" name="Sensor22969_S" textname="test sensor 22969"/>
			<item id="22970" losttest="2" iotype="AI" name="Sensor22970_S" textname="test sensor 22970"/>
			<item id="22971" losttest="2" iotype="AI" name="Sensor22971_S" textname="test sensor 22971"/>
			<item id="22972" losttest="2" iotype="AI" name="Sensor22972_S" textname="test sensor 22972"/>
			<item id="22973" losttest="2" iotype="AI" name="Sensor22973_S" textname="test sensor 22973"/>
			<item id="22974" losttest="2" iotype="AI" name="Sensor22974_S" textname="test sensor 22974"/>
			<item id="22975" losttest="2" iotype="AI" name="Sensor22975_S" textname="test sensor 22975"/>
			<item id="22976" losttest="2" iotype="AI" name="Sensor22976_S" textname="test sensor 22976"/>
			<item id="22977" losttest="2" iotype="AI" name="Sensor22977_S" textname="test sensor 22977"/>
			<item id="22978" losttest="2" iotype="AI" name="Sensor22978_S" textname="test sensor 22978"/>
			<item id="22979" losttest="2" iotype="AI" name="Sensor22979_S" textname="test sensor 22979"/>
			<item id="22980" losttest="2" iotype="AI" name="Sensor22980_S" textname="test sensor 22980"/>
			<item id="22981" losttest="2" iotype="AI" name="Sensor22981_S" textname="test sensor 22981"/>
			<item id="22982" losttest="2" iotype="AI" name="Sensor22982_S" textname="test sensor 22982"/>
			<item id="22983" losttest="2" iotype="AI" name="Sensor22983_S" textname="test sensor 22983"/>
			<item id="22984" losttest="2" iotype="AI" name="Sensor22984_S" textname="test sensor 22984"/>
			<item id="22985" losttest="2" iotype="AI" name="Sensor22985_S" textname="test sensor 22985"/>
			<item id="22986" losttest="2" iotype="AI" name="Sensor22986_S" textname="test sensor 22986"/>
			<item id="22987" losttest="2" iotype="AI" name="Sensor22987_S" textname="test sensor 22987"/>
			<item id="22988" losttest="2" iotype="AI" name="Sensor22988_S" textname="test sensor 22988"/>
			<item id="22989" losttest="2" iotype="AI" name="Sensor22989_S" textname="test sensor 22989"/>
			<item id="22990" losttest="2" iotype="AI" name="Sensor22990_S" textname="test sensor 22990"/>
			<item id="22991" losttest="2" iotype="AI" name="Sensor22991_S" textname="test sensor 22991"/>
			<item id="22992" losttest="2" iotype="AI" name="Sensor22992_S" textname="test sensor 22992"/>
			<item id="22993" losttest="2" iotype="AI" name="Sensor22993_S" textname="test sensor 22993"/>
			<item id="22994" losttest="2" iotype="AI" name="Sensor22994_S" textname="test sensor 22994"/>
			<item id="22995" losttest="2" iotype="AI" name="Sensor22995_S" textname="test sensor 22995"/>
			<item id="22996" losttest="2" iotype="AI" name="Sensor22996_S" textname="test sensor 22996"/>
			<item id="22997" losttest="2" iotype="AI" name="Sensor22997_S" textname="test sensor 22997"/>
			<item id="22998" losttest="2" iotype="AI" name="Sensor22998_S" textname="test sensor 22998"/>
			<item id="22999" losttest="2" iotype="AI" name="Sensor22999_S" textname="test sensor 22999"/>
			<item id="23000" losttest="2" iotype="AI" name="Sensor23000_S" textname="test sensor 23000"/>
			<item id="23001" losttest="2" iotype="AI" name="Sensor23001_S" textname="test sensor 23001"/>
			<item id="23002" losttest="2" iotype="AI" name="Sensor23002_S" textname="test sensor 23002"/>
			<item id="23003" losttest="2" iotype="AI" name="Sensor23003_S" textname="test sensor 23003"/>
			<item id="23004" losttest="2" iotype="AI" name="Sensor23004_S" textname="test sensor 23004"/>
			<item id="23005" losttest="2" iotype="AI" name="Sensor23005_S" textname="test sensor 23005"/>
			<item id="23006" losttest="2" iotype="AI" name="Sensor23006_S" textname="test sensor 23006"/>
			<item id="23007" losttest="2" iotype="AI" name="Sensor23007_S" textname="test sensor 23007"/>
			<item id="23008" losttest="2" iotype="AI" name="Sensor23008_S" textname="test sensor 23008"/>
			<item id="23009" losttest="2" iotype="AI" name="Sensor23009_S" textname="test sensor 23009"/>
			<item id="23010" losttest="2" iotype="AI" name="Sensor23010_S" textname="test sensor 23010"/>
			<item id="23011" losttest="2" iotype="AI" name="Sensor23011_S" textname="test sensor 23011"/>
			<item id="23012" losttest="2" iotype="AI" name="Sensor23012_S" textname="test sensor 23012"/>
			<item id="23013" losttest="2" iotype="AI" name="Sensor23013_S" textname="test sensor 23013"/>
			<item id="23014" losttest="2" iotype="AI" name="Sensor23014_S" textname="test sensor 23014"/>
			<item id="23015" losttest="2" iotype="AI" name="Sensor23015_S" textname="test sensor 23015"/>
			<item id="23016" losttest="2" iotype="AI" name="Sensor23016_S" textname="test sensor 23016"/>
			<item id="23017" losttest="2" iotype="AI" name="Sensor23017_S" textname="test sensor 23017"/>
			<item id="23018" losttest="2" iotype="AI" name="Sensor23018_S" textname="test sensor 23018"/>
			<item id="23019" losttest="2" iotype="AI" name="Sensor23019_S" textname="test sensor 23019"/>
			<item id="23020" losttest="2" iotype="AI" name="Sensor23020_S" textname="test sensor 23020"/>
			<item id="23021" losttest="2" iotype="AI" name="Sensor23021_S" textname="test sensor 23021"/>
			<item id="23022" losttest="2" iotype="AI" name="Sensor23022_S" textname="test sensor 23022"/>
			<item id="23023" losttest="2" iotype="AI" name="Sensor23023_S" textname="test sensor 23023"/>
			<item id="23024" losttest="2" iotype="AI" name="Sensor23024_S" textname="test sensor 23024"/>
			<item id="23025" losttest="2" iotype="AI" name="Sensor23025_S" textname="test sensor 23025"/>
			<item id="23026" losttest="2" iotype="AI" name="Sensor23026_S" textname="test sensor 23026"/>
			<item id="23027" losttest="2" iotype="AI" name="Sensor23027_S" textname="test sensor 23027"/>
			<item id="23028" losttest="2" iotype="AI" name="Sensor23028_S" textname="test sensor 23028"/>
			<item id="23029" losttest="2" iotype="AI" name="Sensor23029_S" textname="test sensor 23029"/>
			<item id="23030" losttest="2" iotype="AI" name="Sensor23030_S" textname="test sensor 23030"/>
			<item id="23031" losttest="2" iotype="AI" name="Sensor23031_S" textname="test sensor 23031"/>
			<item id="23032" losttest="2" iotype="AI" name="Sensor23032_S" textname="test sensor 23032"/>
			<item id="23033" losttest="2" iotype="AI" name="Sensor23033_S" textname="test sensor 23033"/>
			<item id="23034" losttest="2" iotype="AI" name="Sensor23034_S" textname="test sensor 23034"/>
			<item id="23035" losttest="2" iotype="AI" name="Sensor23035_S" textname="test sensor 23035"/>
			<item id="23036" losttest="2" iotype="AI" name="Sensor23036_S" textname="test sensor 23036"/>
			<item id="23037" losttest="2" iotype="AI" name="Sensor23037_S" textname="test sensor 23037"/>
			<item id="23038" losttest="2" iotype="AI" name="Sensor23038_S" textname="test sensor 23038"/>
			<item id="23039" losttest="2" iotype="AI" name="Sensor23039_S" textname="test sensor 23039"/>
			<item id="23040" losttest="2" iotype="AI" name="Sensor23040_S" textname="test sensor 23040"/>
			<item id="23041" losttest="2" iotype="AI" name="Sensor23041_S" textname="test sensor 23041"/>
			<item id="23042" losttest="2" iotype="AI" name="Sensor23042_S" textname="test sensor 23042"/>
			<item id="23043" losttest="2" iotype="AI" name="Sensor23043_S" textname="test sensor 23043"/>
			<item id="23044" losttest="2" iotype="AI" name="Sensor23044_S" textname="test sensor 23044"/>
			<item id="23045" losttest="2" iotype="AI" name="Sensor23045_S" textname="test sensor 23045"/>
			<item id="23046" losttest="2" iotype="AI" name="Sensor23046_S" textname="test sensor 23046"/>
			<item id="23047" losttest="2" iotype="AI" name="Sensor23047_S" textname="test sensor 23047"/>
			<item id="23048" losttest="2" iotype="AI" name="Sensor23048_S" textname="test sensor 23048"/>
			<item id="23049" losttest="2" iotype="AI" name="Sensor23049_S" textname="test sensor 23049"/>
			<item id="23050" losttest="2" iotype="AI" name="Sensor23050_S" textname="test sensor 23050"/>
			<item id="23051" losttest="2" iotype="AI" name="Sensor23051_S" textname="test sensor 23051"/>
			<item id="23052" losttest="2" iotype="AI" name="Sensor23052_S" textname="test sensor 23052"/>
			<item id="23053" losttest="2" iotype="AI" name="Sensor23053_S" textname="test sensor 23053"/>
			<item id="23054" losttest="2" iotype="AI" name="Sensor23054_S" textname="test sensor 23054"/>
			<item id="23055" losttest="2" iotype="AI" name="Sensor23055_S" textname="test sensor 23055"/>
			<item id="23056" losttest="2" iotype="AI" name="Sensor23056_S" textname="test sensor 23056"/>
			<item id="23057" losttest="2" iotype="AI" name="Sensor23057_S" textname="test sensor 23057"/>
			<item id="23058" losttest="2" iotype="AI" name="Sensor23058_S" textname="test sensor 23058"/>
			<item id="23059" losttest="2" iotype="AI" name="Sensor23059_S" textname="test sensor 23059"/>
			<item id="23060" losttest="2" iotype="AI" name="Sensor23060_S" textname="test sensor 23060"/>
			<item id="23061" losttest="2" iotype="AI" name="Sensor23061_S" textname="test sensor 23061"/>
			<item id="23062" losttest="2" iotype="AI" name="Sensor23062_S" textname="test sensor 23062"/>
			<item id="23063" losttest="2" iotype="AI" name="Sensor23063_S" textname="test sensor 23063"/>
			<item id="23064" losttest="2" iotype="AI" name="Sensor23064_S" textname="test sensor 23064"/>
			<item id="23065" losttest="2" iotype="AI" name="Sensor23065_S" textname="test sensor 23065"/>
			<item id="23066" losttest="2" iotype="AI" name="Sensor23066_S" textname="test sensor 23066"/>
			<item id="23067" losttest="2" iotype="AI" name="Sensor23067_S" textname="test sensor 23067"/>
			<item id="23068" losttest="2" iotype="AI" name="Sensor23068_S" textname="test sensor 23068"/>
			<item id="23069" losttest="2" iotype="AI" name="Sensor23069_S" textname="test sensor 23069"/>
			<item id="23070" losttest="2" iotype="AI" name="Sensor23070_S" textname="test sensor 23070"/>
			<item id="23071" losttest="2" iotype="AI" name="Sensor23071_S" textname="test sensor 23071"/>
			<item id="23072" losttest="2" iotype="AI" name="Sensor23072_S" textname="test sensor 23072"/>
			<item id="23073" losttest="2" iotype="AI" name="Sensor23073_S" textname="test sensor 23073"/>
			<item id="23074" losttest="2" iotype="AI" name="Sensor23074_S" textname="test sensor 23074"/>
			<item id="23075" losttest="2" iotype="AI" name="Sensor23075_S" textname="test sensor 23075"/>
			<item id="23076" losttest="2" iotype="AI" name="Sensor23076_S" textname="test sensor 23076"/>
			<item id="23077" losttest="2" iotype="AI" name="Sensor23077_S" textname="test sensor 23077"/>
			<item id="23078" losttest="2" iotype="AI" name="Sensor23078_S" textname="test sensor 23078"/>
			<item id="23079" losttest="2" iotype="AI" name="Sensor23079_S" textname="test sensor 23079"/>
			<item id="23080" losttest="2" iotype="AI" name="Sensor23080_S" textname="test sensor 23080"/>
			<item id="23081" losttest="2" iotype="AI" name="Sensor23081_S" textname="test sensor 23081"/>
			<item id="23082" losttest="2" iotype="AI" name="Sensor23082_S" textname="test sensor 23082"/>
			<item id="23083" losttest="2" iotype="AI" name="Sensor23083_S" textname="test sensor 23083"/>
			<item id="23084" losttest="2" iotype="AI" name="Sensor23084_S" textname="test sensor 23084"/>
			<item id="23085" losttest="2" iotype="AI" name="Sensor23085_S" textname="test sensor 23085"/>
			<item id="23086" losttest="2" iotype="AI" name="Sensor23086_S" textname="test sensor 23086"/>
			<item id="23087" losttest="2" iotype="AI" name="Sensor23087_S" textname="test sensor 23087"/>
			<item id="23088" losttest="2" iotype="AI" name="Sensor23088_S" textname="test sensor 23088"/>
			<item id="23089" losttest="2" iotype="AI" name="Sensor23089_S" textname="test sensor 23089"/>
			<item id="23090" losttest="2" iotype="AI" name="Sensor23090_S" textname="test sensor 23090"/>
			<item id="23091" losttest="2" iotype="AI" name="Sensor23091_S" textname="test sensor 23091"/>
			<item id="23092" losttest="2" iotype="AI" name="Sensor23092_S" textname="test sensor 23092"/>
			<item id="23093" losttest="2" iotype="AI" name="Sensor23093_S" textname="test sensor 23093"/>
			<item id="23094" losttest="2" iotype="AI" name="Sensor23094_S" textname="test sensor 23094"/>
			<item id="23095" losttest="2" iotype="AI" name="Sensor23095_S" textname="test sensor 23095"/>
			<item id="23096" losttest="2" iotype="AI" name="Sensor23096_S" textname="test sensor 23096"/>
			<item id="23097" losttest="2" iotype="AI" name="Sensor23097_S" textname="test sensor 23097"/>
			<item id="23098" losttest="2" iotype="AI" name="Sensor23098_S" textname="test sensor 23098"/>
			<item id="23099" losttest="2" iotype="AI" name="Sensor23099_S" textname="test sensor 23099"/>
			<item id="23100" losttest="2" iotype="AI" name="Sensor23100_S" textname="test sensor 23100"/>
			<item id="23101" losttest="2" iotype="AI" name="Sensor23101_S" textname="test sensor 23101"/>
			<item id="23102" losttest="2" iotype="AI" name="Sensor23102_S" textname="test sensor 23102"/>
			<item id="23103" losttest="2" iotype="AI" name="Sensor23103_S" textname="test sensor 23103"/>
			<item id="23104" losttest="2" iotype="AI" name="Sensor23104_S" textname="test sensor 23104"/>
			<item id="23105" losttest="2" iotype="AI" name="Sensor23105_S" textname="test sensor 23105"/>
			<item id="23106" losttest="2" iotype="AI" name="Sensor23106_S" textname="test sensor 23106"/>
			<item id="23107" losttest="2" iotype="AI" name="Sensor23107_S" textname="test sensor 23107"/>
			<item id="23108" losttest="2" iotype="AI" name="Sensor23108_S" textname="test sensor 23108"/>
			<item id="23109" losttest="2" iotype="AI" name="Sensor23109_S" textname="test sensor 23109"/>
			<item id="23110" losttest="2" iotype="AI" name="Sensor23110_S" textname="test sensor 23110"/>
			<item id="23111" losttest="2" iotype="AI" name="Sensor23111_S" textname="test sensor 23111"/>
			<item id="23112" losttest="2" iotype="AI" name="Sensor23112_S" textname="test sensor 23112"/>
			<item id="23113" losttest="2" iotype="AI" name="Sensor23113_S" textname="test sensor 23113"/>
			<item id="23114" losttest="2" iotype="AI" name="Sensor23114_S" textname="test sensor 23114"/>
			<item id="23115" losttest="2" iotype="AI" name="Sensor23115_S" textname="test sensor 23115"/>
			<item id="23116" losttest="2" iotype="AI" name="Sensor23116_S" textname="test sensor 23116"/>
			<item id="23117" losttest="2" iotype="AI" name="Sensor23117_S" textname="test sensor 23117"/>
			<item id="23118" losttest="2" iotype="AI" name="Sensor23118_S" textname="test sensor 23118"/>
			<item id="23119" losttest="2" iotype="AI" name="Sensor23119_S" textname="test sensor 23119"/>
			<item id="23120" losttest="2" iotype="AI" name="Sensor23120_S" textname="test sensor 23120"/>
			<item id="23121" losttest="2" iotype="AI" name="Sensor23121_S" textname="test sensor 23121"/>
			<item id="23122" losttest="2" iotype="AI" name="Sensor23122_S" textname="test sensor 23122"/>
			<item id="23123" losttest="2" iotype="AI" name="Sensor23123_S" textname="test sensor 23123"/>
			<item id="23124" losttest="2" iotype="AI" name="Sensor23124_S" textname="test sensor 23124"/>
			<item id="23125" losttest="2" iotype="AI" name="Sensor23125_S" textname="test sensor 23125"/>
			<item id="23126" losttest="2" iotype="AI" name="Sensor23126_S" textname="test sensor 23126"/>
			<item id="23127" losttest="2" iotype="AI" name="Sensor23127_S" textname="test sensor 23127"/>
			<item id="23128" losttest="2" iotype="AI" name="Sensor23128_S" textname="test sensor 23128"/>
			<item id="23129" losttest="2" iotype="AI" name="Sensor23129_S" textname="test sensor 23129"/>
			<item id="23130" losttest="2" iotype="AI" name="Sensor23130_S" textname="test sensor 23130"/>
			<item id="23131" losttest="2" iotype="AI" name="Sensor23131_S" textname="test sensor 23131"/>
			<item id="23132" losttest="2" iotype="AI" name="Sensor23132_S" textname="test sensor 23132"/>
			<item id="23133" losttest="2" iotype="AI" name="Sensor23133_S" textname="test sensor 23133"/>
			<item id="23134" losttest="2" iotype="AI" name="Sensor23134_S" textname="test sensor 23134"/>
			<item id="23135" losttest="2" iotype="AI" name="Sensor23135_S" textname="test sensor 23135"/>
			<item id="23136" losttest="2" iotype="AI" name="Sensor23136_S" textname="test sensor 23136"/>
			<item id="23137" losttest="2" iotype="AI" name="Sensor23137_S" textname="test sensor 23137"/>
			<item id="23138" losttest="2" iotype="AI" name="Sensor23138_S" textname="test sensor 23138"/>
			<item id="23139" losttest="2" iotype="AI" name="Sensor23139_S" textname="test sensor 23139"/>
			<item id="23140" losttest="2" iotype="AI" name="Sensor23140_S" textname="test sensor 23140"/>
			<item id="23141" losttest="2" iotype="AI" name="Sensor23141_S" textname="test sensor 23141"/>
			<item id="23142" losttest="2" iotype="AI" name="Sensor23142_S" textname="test sensor 23142"/>
			<item id="23143" losttest="2" iotype="AI" name="Sensor23143_S" textname="test sensor 23143"/>
			<item id="23144" losttest="2" iotype="AI" name="Sensor23144_S" textname="test sensor 23144"/>
			<item id="23145" losttest="2" iotype="AI" name="Sensor23145_S" textname="test sensor 23145"/>
			<item id="23146" losttest="2" iotype="AI" name="Sensor23146_S" textname="test sensor 23146"/>
			<item id="23147" losttest="2" iotype="AI" name="Sensor23147_S" textname="test sensor 23147"/>
			<item id="23148" losttest="2" iotype="AI" name="Sensor23148_S" textname="test sensor 23148"/>
			<item id="23149" losttest="2" iotype="AI" name="Sensor23149_S" textname="test sensor 23149"/>
			<item id="23150" losttest="2" iotype="AI" name="Sensor23150_S" textname="test sensor 23150"/>
			<item id="23151" losttest="2" iotype="AI" name="Sensor23151_S" textname="test sensor 23151"/>
			<item id="23152" losttest="2" iotype="AI" name="Sensor23152_S" textname="test sensor 23152"/>
			<item id="23153" losttest="2" iotype="AI" name="Sensor23153_S" textname="test sensor 23153"/>
			<item id="23154" losttest="2" iotype="AI" name="Sensor23154_S" textname="test sensor 23154"/>
			<item id="23155" losttest="2" iotype="AI" name="Sensor23155_S" textname="test sensor 23155"/>
			<item id="23156" losttest="2" iotype="AI" name="Sensor23156_S" textname="test sensor 23156"/>
			<item id="23157" losttest="2" iotype="AI" name="Sensor23157_S" textname="test sensor 23157"/>
			<item id="23158" losttest="2" iotype="AI" name="Sensor23158_S" textname="test sensor 23158"/>
			<item id="23159" losttest="2" iotype="AI" name="Sensor23159_S" textname="test sensor 23159"/>
			<item id="23160" losttest="2" iotype="AI" name="Sensor23160_S" textname="test sensor 23160"/>
			<item id="23161" losttest="2" iotype="AI" name="Sensor23161_S" textname="test sensor 23161"/>
			<item id="23162" losttest="2" iotype="AI" name="Sensor23162_S" textname="test sensor 23162"/>
			<item id="23163" losttest="2" iotype="AI" name="Sensor23163_S" textname="test sensor 23163"/>
			<item id="23164" losttest="2" iotype="AI" name="Sensor23164_S" textname="test sensor 23164"/>
			<item id="23165" losttest="2" iotype="AI" name="Sensor23165_S" textname="test sensor 23165"/>
			<item id="23166" losttest="2" iotype="AI" name="Sensor23166_S" textname="test sensor 23166"/>
			<item id="23167" losttest="2" iotype="AI" name="Sensor23167_S" textname="test sensor 23167"/>
			<item id="23168" losttest="2" iotype="AI" name="Sensor23168_S" textname="test sensor 23168"/>
			<item id="23169" losttest="2" iotype="AI" name="Sensor23169_S" textname="test sensor 23169"/>
			<item id="23170" losttest="2" iotype="AI" name="Sensor23170_S" textname="test sensor 23170"/>
			<item id="23171" losttest="2" iotype="AI" name="Sensor23171_S" textname="test sensor 23171"/>
			<item id="23172" losttest="2" iotype="AI" name="Sensor23172_S" textname="test sensor 23172"/>
			<item id="23173" losttest="2" iotype="AI" name="Sensor23173_S" textname="test sensor 23173"/>
			<item id="23174" losttest="2" iotype="AI" name="Sensor23174_S" textname="test sensor 23174"/>
			<item id="23175" losttest="2" iotype="AI" name="Sensor23175_S" textname="test sensor 23175"/>
			<item id="23176" losttest="2" iotype="AI" name="Sensor23176_S" textname="test sensor 23176"/>
			<item id="23177" losttest="2" iotype="AI" name="Sensor23177_S" textname="test sensor 23177"/>
			<item id="23178" losttest="2" iotype="AI" name="Sensor23178_S" textname="test sensor 23178"/>
			<item id="23179" losttest="2" iotype="AI" name="Sensor23179_S" textname="test sensor 23179"/>
			<item id="23180" losttest="2" iotype="AI" name="Sensor23180_S" textname="test sensor 23180"/>
			<item id="23181" losttest="2" iotype="AI" name="Sensor23181_S" textname="test sensor 23181"/>
			<item id="23182" losttest="2" iotype="AI" name="Sensor23182_S" textname="test sensor 23182"/>
			<item id="23183" losttest="2" iotype="AI" name="Sensor23183_S" textname="test sensor 23183"/>
			<item id="23184" losttest="2" iotype="AI" name="Sensor23184_S" textname="test sensor 23184"/>
			<item id="23185" losttest="2" iotype="AI" name="Sensor23185_S" textname="test sensor 23185"/>
			<item id="23186" losttest="2" iotype="AI" name="Sensor23186_S" textname="test sensor 23186"/>
			<item id="23187" losttest="2" iotype="AI" name="Sensor23187_S" textname="test sensor 23187"/>
			<item id="23188" losttest="2" iotype="AI" name="Sensor23188_S" textname="test sensor 23188"/>
			<item id="23189" losttest="2" iotype="AI" name="Sensor23189_S" textname="test sensor 23189"/>
			<item id="23190" losttest="2" iotype="AI" name="Sensor23190_S" textname="test sensor 23190"/>
			<item id="23191" losttest="2" iotype="AI" name="Sensor23191_S" textname="test sensor 23191"/>
			<item id="23192" losttest="2" iotype="AI" name="Sensor23192_S" textname="test sensor 23192"/>
			<item id="23193" losttest="2" iotype="AI" name="Sensor23193_S" textname="test sensor 23193"/>
			<item id="23194" losttest="2" iotype="AI" name="Sensor23194_S" textname="test sensor 23194"/>
			<item id="23195" losttest="2" iotype="AI" name="Sensor23195_S" textname="test sensor 23195"/>
			<item id="23196" losttest="2" iotype="AI" name="Sensor23196_S" textname="test sensor 23196"/>
			<item id="23197" losttest="2" iotype="AI" name="Sensor23197_S" textname="test sensor 23197"/>
			<item id="23198" losttest="2" iotype="AI" name="Sensor23198_S" textname="test sensor 23198"/>
			<item id="23199" losttest="2" iotype="AI" name="Sensor23199_S" textname="test sensor 23199"/>
			<item id="23200" losttest="2" iotype="AI" name="Sensor23200_S" textname="test sensor 23200"/>
			<item id="23201" losttest="2" iotype="AI" name="Sensor23201_S" textname="test sensor 23201"/>
			<item id="23202" losttest="2" iotype="AI" name="Sensor23202_S" textname="test sensor 23202"/>
			<item id="23203" losttest="2" iotype="AI" name="Sensor23203_S" textname="test sensor 23203"/>
			<item id="23204" losttest="2" iotype="AI" name="Sensor23204_S" textname="test sensor 23204"/>
			<item id="23205" losttest="2" iotype="AI" name="Sensor23205_S" textname="test sensor 23205"/>
			<item id="23206" losttest="2" iotype="AI" name="Sensor23206_S" textname="test sensor 23206"/>
			<item id="23207" losttest="2" iotype="AI" name="Sensor23207_S" textname="test sensor 23207"/>
			<item id="23208" losttest="2" iotype="AI" name="Sensor23208_S" textname="test sensor 23208"/>
			<item id="23209" losttest="2" iotype="AI" name="Sensor23209_S" textname="test sensor 23209"/>
			<item id="23210" losttest="2" iotype="AI" name="Sensor23210_S" textname="test sensor 23210"/>
			<item id="23211" losttest="2" iotype="AI" name="Sensor23211_S" textname="test sensor 23211"/>
			<item id="23212" losttest="2" iotype="AI" name="Sensor23212_S" textname="test sensor 23212"/>
			<item id="23213" losttest="2" iotype="AI" name="Sensor23213_S" textname="test sensor 23213"/>
			<item id="23214" losttest="2" iotype="AI" name="Sensor23214_S" textname="test sensor 23214"/>
			<item id="23215" losttest="2" iotype="AI" name="Sensor23215_S" textname="test sensor 23215"/>
			<item id="23216" losttest="2" iotype="AI" name="Sensor23216_S" textname="test sensor 23216"/>
			<item id="23217" losttest="2" iotype="AI" name="Sensor23217_S" textname="test sensor 23217"/>
			<item id="23218" losttest="2" iotype="AI" name="Sensor23218_S" textname="test sensor 23218"/>
			<item id="23219" losttest="2" iotype="AI" name="Sensor23219_S" textname="test sensor 23219"/>
			<item id="23220" losttest="2" iotype="AI" name="Sensor23220_S" textname="test sensor 23220"/>
			<item id="23221" losttest="2" iotype="AI" name="Sensor23221_S" textname="test sensor 23221"/>
			<item id="23222" losttest="2" iotype="AI" name="Sensor23222_S" textname="test sensor 23222"/>
			<item id="23223" losttest="2" iotype="AI" name="Sensor23223_S" textname="test sensor 23223"/>
			<item id="23224" losttest="2" iotype="AI" name="Sensor23224_S" textname="test sensor 23224"/>
			<item id="23225" losttest="2" iotype="AI" name="Sensor23225_S" textname="test sensor 23225"/>
			<item id="23226" losttest="2" iotype="AI" name="Sensor23226_S" textname="test sensor 23226"/>
			<item id="23227" losttest="2" iotype="AI" name="Sensor23227_S" textname="test sensor 23227"/>
			<item id="23228" losttest="2" iotype="AI" name="Sensor23228_S" textname="test sensor 23228"/>
			<item id="23229" losttest="2" iotype="AI" name="Sensor23229_S" textname="test sensor 23229"/>
			<item id="23230" losttest="2" iotype="AI" name="Sensor23230_S" textname="test sensor 23230"/>
			<item id="23231" losttest="2" iotype="AI" name="Sensor23231_S" textname="test sensor 23231"/>
			<item id="23232" losttest="2" iotype="AI" name="Sensor23232_S" textname="test sensor 23232"/>
			<item id="23233" losttest="2" iotype="AI" name="Sensor23233_S" textname="test sensor 23233"/>
			<item id="23234" losttest="2" iotype="AI" name="Sensor23234_S" textname="test sensor 23234"/>
			<item id="23235" losttest="2" iotype="AI" name="Sensor23235_S" textname="test sensor 23235"/>
			<item id="23236" losttest="2" iotype="AI" name="Sensor23236_S" textname="test sensor 23236"/>
			<item id="23237" losttest="2" iotype="AI" name="Sensor23237_S" textname="test sensor 23237"/>
			<item id="23238" losttest="2" iotype="AI" name="Sensor23238_S" textname="test sensor 23238"/>
			<item id="23239" losttest="2" iotype="AI" name="Sensor23239_S" textname="test sensor 23239"/>
			<item id="23240" losttest="2" iotype="AI" name="Sensor23240_S" textname="test sensor 23240"/>
			<item id="23241" losttest="2" iotype="AI" name="Sensor23241_S" textname="test sensor 23241"/>
			<item id="23242" losttest="2" iotype="AI" name="Sensor23242_S" textname="test sensor 23242"/>
			<item id="23243" losttest="2" iotype="AI" name="Sensor23243_S" textname="test sensor 23243"/>
			<item id="23244" losttest="2" iotype="AI" name="Sensor23244_S" textname="test sensor 23244"/>
			<item id="23245" losttest="2" iotype="AI" name="Sensor23245_S" textname="test sensor 23245"/>
			<item id="23246" losttest="2" iotype="AI" name="Sensor23246_S" textname="test sensor 23246"/>
			<item id="23247" losttest="2" iotype="AI" name="Sensor23247_S" textname="test sensor 23247"/>
			<item id="23248" losttest="2" iotype="AI" name="Sensor23248_S" textname="test sensor 23248"/>
			<item id="23249" losttest="2" iotype="AI" name="Sensor23249_S" textname="test sensor 23249"/>
			<item id="23250" losttest="2" iotype="AI" name="Sensor23250_S" textname="test sensor 23250"/>
			<item id="23251" losttest="2" iotype="AI" name="Sensor23251_S" textname="test sensor 23251"/>
			<item id="23252" losttest="2" iotype="AI" name="Sensor23252_S" textname="test sensor 23252"/>
			<item id="23253" losttest="2" iotype="AI" name="Sensor23253_S" textname="test sensor 23253"/>
			<item id="23254" losttest="2" iotype="AI" name="Sensor23254_S" textname="test sensor 23254"/>
			<item id="23255" losttest="2" iotype="AI" name="Sensor23255_S" textname="test sensor 23255"/>
			<item id="23256" losttest="2" iotype="AI" name="Sensor23256_S" textname="test sensor 23256"/>
			<item id="23257" losttest="2" iotype="AI" name="Sensor23257_S" textname="test sensor 23257"/>
			<item id="23258" losttest="2" iotype="AI" name="Sensor23258_S" textname="test sensor 23258"/>
			<item id="23259" losttest="2" iotype="AI" name="Sensor23259_S" textname="test sensor 23259"/>
			<item id="23260" losttest="2" iotype="AI" name="Sensor23260_S" textname="test sensor 23260"/>
			<item id="23261" losttest="2" iotype="AI" name="Sensor23261_S" textname="test sensor 23261"/>
			<item id="23262" losttest="2" iotype="AI" name="Sensor23262_S" textname="test sensor 23262"/>
			<item id="23263" losttest="2" iotype="AI" name="Sensor23263_S" textname="test sensor 23263"/>
			<item id="23264" losttest="2" iotype="AI" name="Sensor23264_S" textname="test sensor 23264"/>
			<item id="23265" losttest="2" iotype="AI" name="Sensor23265_S" textname="test sensor 23265"/>
			<item id="23266" losttest="2" iotype="AI" name="Sensor23266_S" textname="test sensor 23266"/>
			<item id="23267" losttest="2" iotype="AI" name="Sensor23267_S" textname="test sensor 23267"/>
			<item id="23268" losttest="2" iotype="AI" name="Sensor23268_S" textname="test sensor 23268"/>
			<item id="23269" losttest="2" iotype="AI" name="Sensor23269_S" textname="test sensor 23269"/>
			<item id="23270" losttest="2" iotype="AI" name="Sensor23270_S" textname="test sensor 23270"/>
			<item id="23271" losttest="2" iotype="AI" name="Sensor23271_S" textname="test sensor 23271"/>
			<item id="23272" losttest="2" iotype="AI" name="Sensor23272_S" textname="test sensor 23272"/>
			<item id="23273" losttest="2" iotype="AI" name="Sensor23273_S" textname="test sensor 23273"/>
			<item id="23274" losttest="2" iotype="AI" name="Sensor23274_S" textname="test sensor 23274"/>
			<item id="23275" losttest="2" iotype="AI" name="Sensor23275_S" textname="test sensor 23275"/>
			<item id="23276" losttest="2" iotype="AI" name="Sensor23276_S" textname="test sensor 23276"/>
			<item id="23277" losttest="2" iotype="AI" name="Sensor23277_S" textname="test sensor 23277"/>
			<item id="23278" losttest="2" iotype="AI" name="Sensor23278_S" textname="test sensor 23278"/>
			<item id="23279" losttest="2" iotype="AI" name="Sensor23279_S" textname="test sensor 23279"/>
			<item id="23280" losttest="2" iotype="AI" name="Sensor23280_S" textname="test sensor 23280"/>
			<item id="23281" losttest="2" iotype="AI" name="Sensor23281_S" textname="test sensor 23281"/>
			<item id="23282" losttest="2" iotype="AI" name="Sensor23282_S" textname="test sensor 23282"/>
			<item id="23283" losttest="2" iotype="AI" name="Sensor23283_S" textname="test sensor 23283"/>
			<item id="23284" losttest="2" iotype="AI" name="Sensor23284_S" textname="test sensor 23284"/>
			<item id="23285" losttest="2" iotype="AI" name="Sensor23285_S" textname="test sensor 23285"/>
			<item id="23286" losttest="2" iotype="AI" name="Sensor23286_S" textname="test sensor 23286"/>
			<item id="23287" losttest="2" iotype="AI" name="Sensor23287_S" textname="test sensor 23287"/>
			<item id="23288" losttest="2" iotype="AI" name="Sensor23288_S" textname="test sensor 23288"/>
			<item id="23289" losttest="2" iotype="AI" name="Sensor23289_S" textname="test sensor 23289"/>
			<item id="23290" losttest="2" iotype="AI" name="Sensor23290_S" textname="test sensor 23290"/>
			<item id="23291" losttest="2" iotype="AI" name="Sensor23291_S" textname="test sensor 23291"/>
			<item id="23292" losttest="2" iotype="AI" name="Sensor23292_S" textname="test sensor 23292"/>
			<item id="23293" losttest="2" iotype="AI" name="Sensor23293_S" textname="test sensor 23293"/>
			<item id="23294" losttest="2" iotype="AI" name="Sensor23294_S" textname="test sensor 23294"/>
			<item id="23295" losttest="2" iotype="AI" name="Sensor23295_S" textname="test sensor 23295"/>
			<item id="23296" losttest="2" iotype="AI" name="Sensor23296_S" textname="test sensor 23296"/>
			<item id="23297" losttest="2" iotype="AI" name="Sensor23297_S" textname="test sensor 23297"/>
			<item id="23298" losttest="2" iotype="AI" name="Sensor23298_S" textname="test sensor 23298"/>
			<item id="23299" losttest="2" iotype="AI" name="Sensor23299_S" textname="test sensor 23299"/>
			<item id="23300" losttest="2" iotype="AI" name="Sensor23300_S" textname="test sensor 23300"/>
			<item id="23301" losttest="2" iotype="AI" name="Sensor23301_S" textname="test sensor 23301"/>
			<item id="23302" losttest="2" iotype="AI" name="Sensor23302_S" textname="test sensor 23302"/>
			<item id="23303" losttest="2" iotype="AI" name="Sensor23303_S" textname="test sensor 23303"/>
			<item id="23304" losttest="2" iotype="AI" name="Sensor23304_S" textname="test sensor 23304"/>
			<item id="23305" losttest="2" iotype="AI" name="Sensor23305_S" textname="test sensor 23305"/>
			<item id="23306" losttest="2" iotype="AI" name="Sensor23306_S" textname="test sensor 23306"/>
			<item id="23307" losttest="2" iotype="AI" name="Sensor23307_S" textname="test sensor 23307"/>
			<item id="23308" losttest="2" iotype="AI" name="Sensor23308_S" textname="test sensor 23308"/>
			<item id="23309" losttest="2" iotype="AI" name="Sensor23309_S" textname="test sensor 23309"/>
			<item id="23310" losttest="2" iotype="AI" name="Sensor23310_S" textname="test sensor 23310"/>
			<item id="23311" losttest="2" iotype="AI" name="Sensor23311_S" textname="test sensor 23311"/>
			<item id="23312" losttest="2" iotype="AI" name="Sensor23312_S" textname="test sensor 23312"/>
			<item id="23313" losttest="2" iotype="AI" name="Sensor23313_S" textname="test sensor 23313"/>
			<item id="23314" losttest="2" iotype="AI" name="Sensor23314_S" textname="test sensor 23314"/>
			<item id="23315" losttest="2" iotype="AI" name="Sensor23315_S" textname="test sensor 23315"/>
			<item id="23316" losttest="2" iotype="AI" name="Sensor23316_S" textname="test sensor 23316"/>
			<item id="23317" losttest="2" iotype="AI" name="Sensor23317_S" textname="test sensor 23317"/>
			<item id="23318" losttest="2" iotype="AI" name="Sensor23318_S" textname="test sensor 23318"/>
			<item id="23319" losttest="2" iotype="AI" name="Sensor23319_S" textname="test sensor 23319"/>
			<item id="23320" losttest="2" iotype="AI" name="Sensor23320_S" textname="test sensor 23320"/>
			<item id="23321" losttest="2" iotype="AI" name="Sensor23321_S" textname="test sensor 23321"/>
			<item id="23322" losttest="2" iotype="AI" name="Sensor23322_S" textname="test sensor 23322"/>
			<item id="23323" losttest="2" iotype="AI" name="Sensor23323_S" textname="test sensor 23323"/>
			<item id="23324" losttest="2" iotype="AI" name="Sensor23324_S" textname="test sensor 23324"/>
			<item id="23325" losttest="2" iotype="AI" name="Sensor23325_S" textname="test sensor 23325"/>
			<item id="23326" losttest="2" iotype="AI" name="Sensor23326_S" textname="test sensor 23326"/>
			<item id="23327" losttest="2" iotype="AI" name="Sensor23327_S" textname="test sensor 23327"/>
			<item id="23328" losttest="2" iotype="AI" name="Sensor23328_S" textname="test sensor 23328"/>
			<item id="23329" losttest="2" iotype="AI" name="Sensor23329_S" textname="test sensor 23329"/>
			<item id="23330" losttest="2" iotype="AI" name="Sensor23330_S" textname="test sensor 23330"/>
			<item id="23331" losttest="2" iotype="AI" name="Sensor23331_S" textname="test sensor 23331"/>
			<item id="23332" losttest="2" iotype="AI" name="Sensor23332_S" textname="test sensor 23332"/>
			<item id="23333" losttest="2" iotype="AI" name="Sensor23333_S" textname="test sensor 23333"/>
			<item id="23334" losttest="2" iotype="AI" name="Sensor23334_S" textname="test sensor 23334"/>
			<item id="23335" losttest="2" iotype="AI" name="Sensor23335_S" textname="test sensor 23335"/>
			<item id="23336" losttest="2" iotype="AI" name="Sensor23336_S" textname="test sensor 23336"/>
			<item id="23337" losttest="2" iotype="AI" name="Sensor23337_S" textname="test sensor 23337"/>
			<item id="23338" losttest="2" iotype="AI" name="Sensor23338_S" textname="test sensor 23338"/>
			<item id="23339" losttest="2" iotype="AI" name="Sensor23339_S" textname="test sensor 23339"/>
			<item id="23340" losttest="2" iotype="AI" name="Sensor23340_S" textname="test sensor 23340"/>
			<item id="23341" losttest="2" iotype="AI" name="Sensor23341_S" textname="test sensor 23341"/>
			<item id="23342" losttest="2" iotype="AI" name="Sensor23342_S" textname="test sensor 23342"/>
			<item id="23343" losttest="2" iotype="AI" name="Sensor23343_S" textname="test sensor 23343"/>
			<item id="23344" losttest="2" iotype="AI" name="Sensor23344_S" textname="test sensor 23344"/>
			<item id="23345" losttest="2" iotype="AI" name="Sensor23345_S" textname="test sensor 23345"/>
			<item id="23346" losttest="2" iotype="AI" name="Sensor23346_S" textname="test sensor 23346"/>
			<item id="23347" losttest="2" iotype="AI" name="Sensor23347_S" textname="test sensor 23347"/>
			<item id="23348" losttest="2" iotype="AI" name="Sensor23348_S" textname="test sensor 23348"/>
			<item id="23349" losttest="2" iotype="AI" name="Sensor23349_S" textname="test sensor 23349"/>
			<item id="23350" losttest="2" iotype="AI" name="Sensor23350_S" textname="test sensor 23350"/>
			<item id="23351" losttest="2" iotype="AI" name="Sensor23351_S" textname="test sensor 23351"/>
			<item id="23352" losttest="2" iotype="AI" name="Sensor23352_S" textname="test sensor 23352"/>
			<item id="23353" losttest="2" iotype="AI" name="Sensor23353_S" textname="test sensor 23353"/>
			<item id="23354" losttest="2" iotype="AI" name="Sensor23354_S" textname="test sensor 23354"/>
			<item id="23355" losttest="2" iotype="AI" name="Sensor23355_S" textname="test sensor 23355"/>
			<item id="23356" losttest="2" iotype="AI" name="Sensor23356_S" textname="test sensor 23356"/>
			<item id="23357" losttest="2" iotype="AI" name="Sensor23357_S" textname="test sensor 23357"/>
			<item id="23358" losttest="2" iotype="AI" name="Sensor23358_S" textname="test sensor 23358"/>
			<item id="23359" losttest="2" iotype="AI" name="Sensor23359_S" textname="test sensor 23359"/>
			<item id="23360" losttest="2" iotype="AI" name="Sensor23360_S" textname="test sensor 23360"/>
			<item id="23361" losttest="2" iotype="AI" name="Sensor23361_S" textname="test sensor 23361"/>
			<item id="23362" losttest="2" iotype="AI" name="Sensor23362_S" textname="test sensor 23362"/>
			<item id="23363" losttest="2" iotype="AI" name="Sensor23363_S" textname="test sensor 23363"/>
			<item id="23364" losttest="2" iotype="AI" name="Sensor23364_S" textname="test sensor 23364"/>
			<item id="23365" losttest="2" iotype="AI" name="Sensor23365_S" textname="test sensor 23365"/>
			<item id="23366" losttest="2" iotype="AI" name="Sensor23366_S" textname="test sensor 23366"/>
			<item id="23367" losttest="2" iotype="AI" name="Sensor23367_S" textname="test sensor 23367"/>
			<item id="23368" losttest="2" iotype="AI" name="Sensor23368_S" textname="test sensor 23368"/>
			<item id="23369" losttest="2" iotype="AI" name="Sensor23369_S" textname="test sensor 23369"/>
			<item id="23370" losttest="2" iotype="AI" name="Sensor23370_S" textname="test sensor 23370"/>
			<item id="23371" losttest="2" iotype="AI" name="Sensor23371_S" textname="test sensor 23371"/>
			<item id="23372" losttest="2" iotype="AI" name="Sensor23372_S" textname="test sensor 23372"/>
			<item id="23373" losttest="2" iotype="AI" name="Sensor23373_S" textname="test sensor 23373"/>
			<item id="23374" losttest="2" iotype="AI" name="Sensor23374_S" textname="test sensor 23374"/>
			<item id="23375" losttest="2" iotype="AI" name="Sensor23375_S" textname="test sensor 23375"/>
			<item id="23376" losttest="2" iotype="AI" name="Sensor23376_S" textname="test sensor 23376"/>
			<item id="23377" losttest="2" iotype="AI" name="Sensor23377_S" textname="test sensor 23377"/>
			<item id="23378" losttest="2" iotype="AI" name="Sensor23378_S" textname="test sensor 23378"/>
			<item id="23379" losttest="2" iotype="AI" name="Sensor23379_S" textname="test sensor 23379"/>
			<item id="23380" losttest="2" iotype="AI" name="Sensor23380_S" textname="test sensor 23380"/>
			<item id="23381" losttest="2" iotype="AI" name="Sensor23381_S" textname="test sensor 23381"/>
			<item id="23382" losttest="2" iotype="AI" name="Sensor23382_S" textname="test sensor 23382"/>
			<item id="23383" losttest="2" iotype="AI" name="Sensor23383_S" textname="test sensor 23383"/>
			<item id="23384" losttest="2" iotype="AI" name="Sensor23384_S" textname="test sensor 23384"/>
			<item id="23385" losttest="2" iotype="AI" name="Sensor23385_S" textname="test sensor 23385"/>
			<item id="23386" losttest="2" iotype="AI" name="Sensor23386_S" textname="test sensor 23386"/>
			<item id="23387" losttest="2" iotype="AI" name="Sensor23387_S" textname="test sensor 23387"/>
			<item id="23388" losttest="2" iotype="AI" name="Sensor23388_S" textname="test sensor 23388"/>
			<item id="23389" losttest="2" iotype="AI" name="Sensor23389_S" textname="test sensor 23389"/>
			<item id="23390" losttest="2" iotype="AI" name="Sensor23390_S" textname="test sensor 23390"/>
			<item id="23391" losttest="2" iotype="AI" name="Sensor23391_S" textname="test sensor 23391"/>
			<item id="23392" losttest="2" iotype="AI" name="Sensor23392_S" textname="test sensor 23392"/>
			<item id="23393" losttest="2" iotype="AI" name="Sensor23393_S" textname="test sensor 23393"/>
			<item id="23394" losttest="2" iotype="AI" name="Sensor23394_S" textname="test sensor 23394"/>
			<item id="23395" losttest="2" iotype="AI" name="Sensor23395_S" textname="test sensor 23395"/>
			<item id="23396" losttest="2" iotype="AI" name="Sensor23396_S" textname="test sensor 23396"/>
			<item id="23397" losttest="2" iotype="AI" name="Sensor23397_S" textname="test sensor 23397"/>
			<item id="23398" losttest="2" iotype="AI" name="Sensor23398_S" textname="test sensor 23398"/>
			<item id="23399" losttest="2" iotype="AI" name="Sensor23399_S" textname="test sensor 23399"/>
			<item id="23400" losttest="2" iotype="AI" name="Sensor23400_S" textname="test sensor 23400"/>
			<item id="23401" losttest="2" iotype="AI" name="Sensor23401_S" textname="test sensor 23401"/>
			<item id="23402" losttest="2" iotype="AI" name="Sensor23402_S" textname="test sensor 23402"/>
			<item id="23403" losttest="2" iotype="AI" name="Sensor23403_S" textname="test sensor 23403"/>
			<item id="23404" losttest="2" iotype="AI" name="Sensor23404_S" textname="test sensor 23404"/>
			<item id="23405" losttest="2" iotype="AI" name="Sensor23405_S" textname="test sensor 23405"/>
			<item id="23406" losttest="2" iotype="AI" name="Sensor23406_S" textname="test sensor 23406"/>
			<item id="23407" losttest="2" iotype="AI" name="Sensor23407_S" textname="test sensor 23407"/>
			<item id="23408" losttest="2" iotype="AI" name="Sensor23408_S" textname="test sensor 23408"/>
			<item id="23409" losttest="2" iotype="AI" name="Sensor23409_S" textname="test sensor 23409"/>
			<item id="23410" losttest="2" iotype="AI" name="Sensor23410_S" textname="test sensor 23410"/>
			<item id="23411" losttest="2" iotype="AI" name="Sensor23411_S" textname="test sensor 23411"/>
			<item id="23412" losttest="2" iotype="AI" name="Sensor23412_S" textname="test sensor 23412"/>
			<item id="23413" losttest="2" iotype="AI" name="Sensor23413_S" textname="test sensor 23413"/>
			<item id="23414" losttest="2" iotype="AI" name="Sensor23414_S" textname="test sensor 23414"/>
			<item id="23415" losttest="2" iotype="AI" name="Sensor23415_S" textname="test sensor 23415"/>
			<item id="23416" losttest="2" iotype="AI" name="Sensor23416_S" textname="test sensor 23416"/>
			<item id="23417" losttest="2" iotype="AI" name="Sensor23417_S" textname="test sensor 23417"/>
			<item id="23418" losttest="2" iotype="AI" name="Sensor23418_S" textname="test sensor 23418"/>
			<item id="23419" losttest="2" iotype="AI" name="Sensor23419_S" textname="test sensor 23419"/>
			<item id="23420" losttest="2" iotype="AI" name="Sensor23420_S" textname="test sensor 23420"/>
			<item id="23421" losttest="2" iotype="AI" name="Sensor23421_S" textname="test sensor 23421"/>
			<item id="23422" losttest="2" iotype="AI" name="Sensor23422_S" textname="test sensor 23422"/>
			<item id="23423" losttest="2" iotype="AI" name="Sensor23423_S" textname="test sensor 23423"/>
			<item id="23424" losttest="2" iotype="AI" name="Sensor23424_S" textname="test sensor 23424"/>
			<item id="23425" losttest="2" iotype="AI" name="Sensor23425_S" textname="test sensor 23425"/>
			<item id="23426" losttest="2" iotype="AI" name="Sensor23426_S" textname="test sensor 23426"/>
			<item id="23427" losttest="2" iotype="AI" name="Sensor23427_S" textname="test sensor 23427"/>
			<item id="23428" losttest="2" iotype="AI" name="Sensor23428_S" textname="test sensor 23428"/>
			<item id="23429" losttest="2" iotype="AI" name="Sensor23429_S" textname="test sensor 23429"/>
			<item id="23430" losttest="2" iotype="AI" name="Sensor23430_S" textname="test sensor 23430"/>
			<item id="23431" losttest="2" iotype="AI" name="Sensor23431_S" textname="test sensor 23431"/>
			<item id="23432" losttest="2" iotype="AI" name="Sensor23432_S" textname="test sensor 23432"/>
			<item id="23433" losttest="2" iotype="AI" name="Sensor23433_S" textname="test sensor 23433"/>
			<item id="23434" losttest="2" iotype="AI" name="Sensor23434_S" textname="test sensor 23434"/>
			<item id="23435" losttest="2" iotype="AI" name="Sensor23435_S" textname="test sensor 23435"/>
			<item id="23436" losttest="2" iotype="AI" name="Sensor23436_S" textname="test sensor 23436"/>
			<item id="23437" losttest="2" iotype="AI" name="Sensor23437_S" textname="test sensor 23437"/>
			<item id="23438" losttest="2" iotype="AI" name="Sensor23438_S" textname="test sensor 23438"/>
			<item id="23439" losttest="2" iotype="AI" name="Sensor23439_S" textname="test sensor 23439"/>
			<item id="23440" losttest="2" iotype="AI" name="Sensor23440_S" textname="test sensor 23440"/>
			<item id="23441" losttest="2" iotype="AI" name="Sensor23441_S" textname="test sensor 23441"/>
			<item id="23442" losttest="2" iotype="AI" name="Sensor23442_S" textname="test sensor 23442"/>
			<item id="23443" losttest="2" iotype="AI" name="Sensor23443_S" textname="test sensor 23443"/>
			<item id="23444" losttest="2" iotype="AI" name="Sensor23444_S" textname="test sensor 23444"/>
			<item id="23445" losttest="2" iotype="AI" name="Sensor23445_S" textname="test sensor 23445"/>
			<item id="23446" losttest="2" iotype="AI" name="Sensor23446_S" textname="test sensor 23446"/>
			<item id="23447" losttest="2" iotype="AI" name="Sensor23447_S" textname="test sensor 23447"/>
			<item id="23448" losttest="2" iotype="AI" name="Sensor23448_S" textname="test sensor 23448"/>
			<item id="23449" losttest="2" iotype="AI" name="Sensor23449_S" textname="test sensor 23449"/>
			<item id="23450" losttest="2" iotype="AI" name="Sensor23450_S" textname="test sensor 23450"/>
			<item id="23451" losttest="2" iotype="AI" name="Sensor23451_S" textname="test sensor 23451"/>
			<item id="23452" losttest="2" iotype="AI" name="Sensor23452_S" textname="test sensor 23452"/>
			<item id="23453" losttest="2" iotype="AI" name="Sensor23453_S" textname="test sensor 23453"/>
			<item id="23454" losttest="2" iotype="AI" name="Sensor23454_S" textname="test sensor 23454"/>
			<item id="23455" losttest="2" iotype="AI" name="Sensor23455_S" textname="test sensor 23455"/>
			<item id="23456" losttest="2" iotype="AI" name="Sensor23456_S" textname="test sensor 23456"/>
			<item id="23457" losttest="2" iotype="AI" name="Sensor23457_S" textname="test sensor 23457"/>
			<item id="23458" losttest="2" iotype="AI" name="Sensor23458_S" textname="test sensor 23458"/>
			<item id="23459" losttest="2" iotype="AI" name="Sensor23459_S" textname="test sensor 23459"/>
			<item id="23460" losttest="2" iotype="AI" name="Sensor23460_S" textname="test sensor 23460"/>
			<item id="23461" losttest="2" iotype="AI" name="Sensor23461_S" textname="test sensor 23461"/>
			<item id="23462" losttest="2" iotype="AI" name="Sensor23462_S" textname="test sensor 23462"/>
			<item id="23463" losttest="2" iotype="AI" name="Sensor23463_S" textname="test sensor 23463"/>
			<item id="23464" losttest="2" iotype="AI" name="Sensor23464_S" textname="test sensor 23464"/>
			<item id="23465" losttest="2" iotype="AI" name="Sensor23465_S" textname="test sensor 23465"/>
			<item id="23466" losttest="2" iotype="AI" name="Sensor23466_S" textname="test sensor 23466"/>
			<item id="23467" losttest="2" iotype="AI" name="Sensor23467_S" textname="test sensor 23467"/>
			<item id="23468" losttest="2" iotype="AI" name="Sensor23468_S" textname="test sensor 23468"/>
			<item id="23469" losttest="2" iotype="AI" name="Sensor23469_S" textname="test sensor 23469"/>
			<item id="23470" losttest="2" iotype="AI" name="Sensor23470_S" textname="test sensor 23470"/>
			<item id="23471" losttest="2" iotype="AI" name="Sensor23471_S" textname="test sensor 23471"/>
			<item id="23472" losttest="2" iotype="AI" name="Sensor23472_S" textname="test sensor 23472"/>
			<item id="23473" losttest="2" iotype="AI" name="Sensor23473_S" textname="test sensor 23473"/>
			<item id="23474" losttest="2" iotype="AI" name="Sensor23474_S" textname="test sensor 23474"/>
			<item id="23475" losttest="2" iotype="AI" name="Sensor23475_S" textname="test sensor 23475"/>
			<item id="23476" losttest="2" iotype="AI" name="Sensor23476_S" textname="test sensor 23476"/>
			<item id="23477" losttest="2" iotype="AI" name="Sensor23477_S" textname="test sensor 23477"/>
			<item id="23478" losttest="2" iotype="AI" name="Sensor23478_S" textname="test sensor 23478"/>
			<item id="23479" losttest="2" iotype="AI" name="Sensor23479_S" textname="test sensor 23479"/>
			<item id="23480" losttest="2" iotype="AI" name="Sensor23480_S" textname="test sensor 23480"/>
			<item id="23481" losttest="2" iotype="AI" name="Sensor23481_S" textname="test sensor 23481"/>
			<item id="23482" losttest="2" iotype="AI" name="Sensor23482_S" textname="test sensor 23482"/>
			<item id="23483" losttest="2" iotype="AI" name="Sensor23483_S" textname="test sensor 23483"/>
			<item id="23484" losttest="2" iotype="AI" name="Sensor23484_S" textname="test sensor 23484"/>
			<item id="23485" losttest="2" iotype="AI" name="Sensor23485_S" textname="test sensor 23485"/>
			<item id="23486" losttest="2" iotype="AI" name="Sensor23486_S" textname="test sensor 23486"/>
			<item id="23487" losttest="2" iotype="AI" name="Sensor23487_S" textname="test sensor 23487"/>
			<item id="23488" losttest="2" iotype="AI" name="Sensor23488_S" textname="test sensor 23488"/>
			<item id="23489" losttest="2" iotype="AI" name="Sensor23489_S" textname="test sensor 23489"/>
			<item id="23490" losttest="2" iotype="AI" name="Sensor23490_S" textname="test sensor 23490"/>
			<item id="23491" losttest="2" iotype="AI" name="Sensor23491_S" textname="test sensor 23491"/>
			<item id="23492" losttest="2" iotype="AI" name="Sensor23492_S" textname="test sensor 23492"/>
			<item id="23493" losttest="2" iotype="AI" name="Sensor23493_S" textname="test sensor 23493"/>
			<item id="23494" losttest="2" iotype="AI" name="Sensor23494_S" textname="test sensor 23494"/>
			<item id="23495" losttest="2" iotype="AI" name="Sensor23495_S" textname="test sensor 23495"/>
			<item id="23496" losttest="2" iotype="AI" name="Sensor23496_S" textname="test sensor 23496"/>
			<item id="23497" losttest="2" iotype="AI" name="Sensor23497_S" textname="test sensor 23497"/>
			<item id="23498" losttest="2" iotype="AI" name="Sensor23498_S" textname="test sensor 23498"/>
			<item id="23499" losttest="2" iotype="AI" name="Sensor23499_S" textname="test sensor 23499"/>
			<item id="23500" losttest="2" iotype="AI" name="Sensor23500_S" textname="test sensor 23500"/>
			<item id="23501" losttest="2" iotype="AI" name="Sensor23501_S" textname="test sensor 23501"/>
			<item id="23502" losttest="2" iotype="AI" name="Sensor23502_S" textname="test sensor 23502"/>
			<item id="23503" losttest="2" iotype="AI" name="Sensor23503_S" textname="test sensor 23503"/>
			<item id="23504" losttest="2" iotype="AI" name="Sensor23504_S" textname="test sensor 23504"/>
			<item id="23505" losttest="2" iotype="AI" name="Sensor23505_S" textname="test sensor 23505"/>
			<item id="23506" losttest="2" iotype="AI" name="Sensor23506_S" textname="test sensor 23506"/>
			<item id="23507" losttest="2" iotype="AI" name="Sensor23507_S" textname="test sensor 23507"/>
			<item id="23508" losttest="2" iotype="AI" name="Sensor23508_S" textname="test sensor 23508"/>
			<item id="23509" losttest="2" iotype="AI" name="Sensor23509_S" textname="test sensor 23509"/>
			<item id="23510" losttest="2" iotype="AI" name="Sensor23510_S" textname="test sensor 23510"/>
			<item id="23511" losttest="2" iotype="AI" name="Sensor23511_S" textname="test sensor 23511"/>
			<item id="23512" losttest="2" iotype="AI" name="Sensor23512_S" textname="test sensor 23512"/>
			<item id="23513" losttest="2" iotype="AI" name="Sensor23513_S" textname="test sensor 23513"/>
			<item id="23514" losttest="2" iotype="AI" name="Sensor23514_S" textname="test sensor 23514"/>
			<item id="23515" losttest="2" iotype="AI" name="Sensor23515_S" textname="test sensor 23515"/>
			<item id="23516" losttest="2" iotype="AI" name="Sensor23516_S" textname="test sensor 23516"/>
			<item id="23517" losttest="2" iotype="AI" name="Sensor23517_S" textname="test sensor 23517"/>
			<item id="23518" losttest="2" iotype="AI" name="Sensor23518_S" textname="test sensor 23518"/>
			<item id="23519" losttest="2" iotype="AI" name="Sensor23519_S" textname="test sensor 23519"/>
			<item id="23520" losttest="2" iotype="AI" name="Sensor23520_S" textname="test sensor 23520"/>
			<item id="23521" losttest="2" iotype="AI" name="Sensor23521_S" textname="test sensor 23521"/>
			<item id="23522" losttest="2" iotype="AI" name="Sensor23522_S" textname="test sensor 23522"/>
			<item id="23523" losttest="2" iotype="AI" name="Sensor23523_S" textname="test sensor 23523"/>
			<item id="23524" losttest="2" iotype="AI" name="Sensor23524_S" textname="test sensor 23524"/>
			<item id="23525" losttest="2" iotype="AI" name="Sensor23525_S" textname="test sensor 23525"/>
			<item id="23526" losttest="2" iotype="AI" name="Sensor23526_S" textname="test sensor 23526"/>
			<item id="23527" losttest="2" iotype="AI" name="Sensor23527_S" textname="test sensor 23527"/>
			<item id="23528" losttest="2" iotype="AI" name="Sensor23528_S" textname="test sensor 23528"/>
			<item id="23529" losttest="2" iotype="AI" name="Sensor23529_S" textname="test sensor 23529"/>
			<item id="23530" losttest="2" iotype="AI" name="Sensor23530_S" textname="test sensor 23530"/>
			<item id="23531" losttest="2" iotype="AI" name="Sensor23531_S" textname="test sensor 23531"/>
			<item id="23532" losttest="2" iotype="AI" name="Sensor23532_S" textname="test sensor 23532"/>
			<item id="23533" losttest="2" iotype="AI" name="Sensor23533_S" textname="test sensor 23533"/>
			<item id="23534" losttest="2" iotype="AI" name="Sensor23534_S" textname="test sensor 23534"/>
			<item id="23535" losttest="2" iotype="AI" name="Sensor23535_S" textname="test sensor 23535"/>
			<item id="23536" losttest="2" iotype="AI" name="Sensor23536_S" textname="test sensor 23536"/>
			<item id="23537" losttest="2" iotype="AI" name="Sensor23537_S" textname="test sensor 23537"/>
			<item id="23538" losttest="2" iotype="AI" name="Sensor23538_S" textname="test sensor 23538"/>
			<item id="23539" losttest="2" iotype="AI" name="Sensor23539_S" textname="test sensor 23539"/>
			<item id="23540" losttest="2" iotype="AI" name="Sensor23540_S" textname="test sensor 23540"/>
			<item id="23541" losttest="2" iotype="AI" name="Sensor23541_S" textname="test sensor 23541"/>
			<item id="23542" losttest="2" iotype="AI" name="Sensor23542_S" textname="test sensor 23542"/>
			<item id="23543" losttest="2" iotype="AI" name="Sensor23543_S" textname="test sensor 23543"/>
			<item id="23544" losttest="2" iotype="AI" name="Sensor23544_S" textname="test sensor 23544"/>
			<item id="23545" losttest="2" iotype="AI" name="Sensor23545_S" textname="test sensor 23545"/>
			<item id="23546" losttest="2" iotype="AI" name="Sensor23546_S" textname="test sensor 23546"/>
			<item id="23547" losttest="2" iotype="AI" name="Sensor23547_S" textname="test sensor 23547"/>
			<item id="23548" losttest="2" iotype="AI" name="Sensor23548_S" textname="test sensor 23548"/>
			<item id="23549" losttest="2" iotype="AI" name="Sensor23549_S" textname="test sensor 23549"/>
			<item id="23550" losttest="2" iotype="AI" name="Sensor23550_S" textname="test sensor 23550"/>
			<item id="23551" losttest="2" iotype="AI" name="Sensor23551_S" textname="test sensor 23551"/>
			<item id="23552" losttest="2" iotype="AI" name="Sensor23552_S" textname="test sensor 23552"/>
			<item id="23553" losttest="2" iotype="AI" name="Sensor23553_S" textname="test sensor 23553"/>
			<item id="23554" losttest="2" iotype="AI" name="Sensor23554_S" textname="test sensor 23554"/>
			<item id="23555" losttest="2" iotype="AI" name="Sensor23555_S" textname="test sensor 23555"/>
			<item id="23556" losttest="2" iotype="AI" name="Sensor23556_S" textname="test sensor 23556"/>
			<item id="23557" losttest="2" iotype="AI" name="Sensor23557_S" textname="test sensor 23557"/>
			<item id="23558" losttest="2" iotype="AI" name="Sensor23558_S" textname="test sensor 23558"/>
			<item id="23559" losttest="2" iotype="AI" name="Sensor23559_S" textname="test sensor 23559"/>
			<item id="23560" losttest="2" iotype="AI" name="Sensor23560_S" textname="test sensor 23560"/>
			<item id="23561" losttest="2" iotype="AI" name="Sensor23561_S" textname="test sensor 23561"/>
			<item id="23562" losttest="2" iotype="AI" name="Sensor23562_S" textname="test sensor 23562"/>
			<item id="23563" losttest="2" iotype="AI" name="Sensor23563_S" textname="test sensor 23563"/>
			<item id="23564" losttest="2" iotype="AI" name="Sensor23564_S" textname="test sensor 23564"/>
			<item id="23565" losttest="2" iotype="AI" name="Sensor23565_S" textname="test sensor 23565"/>
			<item id="23566" losttest="2" iotype="AI" name="Sensor23566_S" textname="test sensor 23566"/>
			<item id="23567" losttest="2" iotype="AI" name="Sensor23567_S" textname="test sensor 23567"/>
			<item id="23568" losttest="2" iotype="AI" name="Sensor23568_S" textname="test sensor 23568"/>
			<item id="23569" losttest="2" iotype="AI" name="Sensor23569_S" textname="test sensor 23569"/>
			<item id="23570" losttest="2" iotype="AI" name="Sensor23570_S" textname="test sensor 23570"/>
			<item id="23571" losttest="2" iotype="AI" name="Sensor23571_S" textname="test sensor 23571"/>
			<item id="23572" losttest="2" iotype="AI" name="Sensor23572_S" textname="test sensor 23572"/>
			<item id="23573" losttest="2" iotype="AI" name="Sensor23573_S" textname="test sensor 23573"/>
			<item id="23574" losttest="2" iotype="AI" name="Sensor23574_S" textname="test sensor 23574"/>
			<item id="23575" losttest="2" iotype="AI" name="Sensor23575_S" textname="test sensor 23575"/>
			<item id="23576" losttest="2" iotype="AI" name="Sensor23576_S" textname="test sensor 23576"/>
			<item id="23577" losttest="2" iotype="AI" name="Sensor23577_S" textname="test sensor 23577"/>
			<item id="23578" losttest="2" iotype="AI" name="Sensor23578_S" textname="test sensor 23578"/>
			<item id="23579" losttest="2" iotype="AI" name="Sensor23579_S" textname="test sensor 23579"/>
			<item id="23580" losttest="2" iotype="AI" name="Sensor23580_S" textname="test sensor 23580"/>
			<item id="23581" losttest="2" iotype="AI" name="Sensor23581_S" textname="test sensor 23581"/>
			<item id="23582" losttest="2" iotype="AI" name="Sensor23582_S" textname="test sensor 23582"/>
			<item id="23583" losttest="2" iotype="AI" name="Sensor23583_S" textname="test sensor 23583"/>
			<item id="23584" losttest="2" iotype="AI" name="Sensor23584_S" textname="test sensor 23584"/>
			<item id="23585" losttest="2" iotype="AI" name="Sensor23585_S" textname="test sensor 23585"/>
			<item id="23586" losttest="2" iotype="AI" name="Sensor23586_S" textname="test sensor 23586"/>
			<item id="23587" losttest="2" iotype="AI" name="Sensor23587_S" textname="test sensor 23587"/>
			<item id="23588" losttest="2" iotype="AI" name="Sensor23588_S" textname="test sensor 23588"/>
			<item id="23589" losttest="2" iotype="AI" name="Sensor23589_S" textname="test sensor 23589"/>
			<item id="23590" losttest="2" iotype="AI" name="Sensor23590_S" textname="test sensor 23590"/>
			<item id="23591" losttest="2" iotype="AI" name="Sensor23591_S" textname="test sensor 23591"/>
			<item id="23592" losttest="2" iotype="AI" name="Sensor23592_S" textname="test sensor 23592"/>
			<item id="23593" losttest="2" iotype="AI" name="Sensor23593_S" textname="test sensor 23593"/>
			<item id="23594" losttest="2" iotype="AI" name="Sensor23594_S" textname="test sensor 23594"/>
			<item id="23595" losttest="2" iotype="AI" name="Sensor23595_S" textname="test sensor 23595"/>
			<item id="23596" losttest="2" iotype="AI" name="Sensor23596_S" textname="test sensor 23596"/>
			<item id="23597" losttest="2" iotype="AI" name="Sensor23597_S" textname="test sensor 23597"/>
			<item id="23598" losttest="2" iotype="AI" name="Sensor23598_S" textname="test sensor 23598"/>
			<item id="23599" losttest="2" iotype="AI" name="Sensor23599_S" textname="test sensor 23599"/>
			<item id="23600" losttest="2" iotype="AI" name="Sensor23600_S" textname="test sensor 23600"/>
			<item id="23601" losttest="2" iotype="AI" name="Sensor23601_S" textname="test sensor 23601"/>
			<item id="23602" losttest="2" iotype="AI" name="Sensor23602_S" textname="test sensor 23602"/>
			<item id="23603" losttest="2" iotype="AI" name="Sensor23603_S" textname="test sensor 23603"/>
			<item id="23604" losttest="2" iotype="AI" name="Sensor23604_S" textname="test sensor 23604"/>
			<item id="23605" losttest="2" iotype="AI" name="Sensor23605_S" textname="test sensor 23605"/>
			<item id="23606" losttest="2" iotype="AI" name="Sensor23606_S" textname="test sensor 23606"/>
			<item id="23607" losttest="2" iotype="AI" name="Sensor23607_S" textname="test sensor 23607"/>
			<item id="23608" losttest="2" iotype="AI" name="Sensor23608_S" textname="test sensor 23608"/>
			<item id="23609" losttest="2" iotype="AI" name="Sensor23609_S" textname="test sensor 23609"/>
			<item id="23610" losttest="2" iotype="AI" name="Sensor23610_S" textname="test sensor 23610"/>
			<item id="23611" losttest="2" iotype="AI" name="Sensor23611_S" textname="test sensor 23611"/>
			<item id="23612" losttest="2" iotype="AI" name="Sensor23612_S" textname="test sensor 23612"/>
			<item id="23613" losttest="2" iotype="AI" name="Sensor23613_S" textname="test sensor 23613"/>
			<item id="23614" losttest="2" iotype="AI" name="Sensor23614_S" textname="test sensor 23614"/>
			<item id="23615" losttest="2" iotype="AI" name="Sensor23615_S" textname="test sensor 23615"/>
			<item id="23616" losttest="2" iotype="AI" name="Sensor23616_S" textname="test sensor 23616"/>
			<item id="23617" losttest="2" iotype="AI" name="Sensor23617_S" textname="test sensor 23617"/>
			<item id="23618" losttest="2" iotype="AI" name="Sensor23618_S" textname="test sensor 23618"/>
			<item id="23619" losttest="2" iotype="AI" name="Sensor23619_S" textname="test sensor 23619"/>
			<item id="23620" losttest="2" iotype="AI" name="Sensor23620_S" textname="test sensor 23620"/>
			<item id="23621" losttest="2" iotype="AI" name="Sensor23621_S" textname="test sensor 23621"/>
			<item id="23622" losttest="2" iotype="AI" name="Sensor23622_S" textname="test sensor 23622"/>
			<item id="23623" losttest="2" iotype="AI" name="Sensor23623_S" textname="test sensor 23623"/>
			<item id="23624" losttest="2" iotype="AI" name="Sensor23624_S" textname="test sensor 23624"/>
			<item id="23625" losttest="2" iotype="AI" name="Sensor23625_S" textname="test sensor 23625"/>
			<item id="23626" losttest="2" iotype="AI" name="Sensor23626_S" textname="test sensor 23626"/>
			<item id="23627" losttest="2" iotype="AI" name="Sensor23627_S" textname="test sensor 23627"/>
			<item id="23628" losttest="2" iotype="AI" name="Sensor23628_S" textname="test sensor 23628"/>
			<item id="23629" losttest="2" iotype="AI" name="Sensor23629_S" textname="test sensor 23629"/>
			<item id="23630" losttest="2" iotype="AI" name="Sensor23630_S" textname="test sensor 23630"/>
			<item id="23631" losttest="2" iotype="AI" name="Sensor23631_S" textname="test sensor 23631"/>
			<item id="23632" losttest="2" iotype="AI" name="Sensor23632_S" textname="test sensor 23632"/>
			<item id="23633" losttest="2" iotype="AI" name="Sensor23633_S" textname="test sensor 23633"/>
			<item id="23634" losttest="2" iotype="AI" name="Sensor23634_S" textname="test sensor 23634"/>
			<item id="23635" losttest="2" iotype="AI" name="Sensor23635_S" textname="test sensor 23635"/>
			<item id="23636" losttest="2" iotype="AI" name="Sensor23636_S" textname="test sensor 23636"/>
			<item id="23637" losttest="2" iotype="AI" name="Sensor23637_S" textname="test sensor 23637"/>
			<item id="23638" losttest="2" iotype="AI" name="Sensor23638_S" textname="test sensor 23638"/>
			<item id="23639" losttest="2" iotype="AI" name="Sensor23639_S" textname="test sensor 23639"/>
			<item id="23640" losttest="2" iotype="AI" name="Sensor23640_S" textname="test sensor 23640"/>
			<item id="23641" losttest="2" iotype="AI" name="Sensor23641_S" textname="test sensor 23641"/>
			<item id="23642" losttest="2" iotype="AI" name="Sensor23642_S" textname="test sensor 23642"/>
			<item id="23643" losttest="2" iotype="AI" name="Sensor23643_S" textname="test sensor 23643"/>
			<item id="23644" losttest="2" iotype="AI" name="Sensor23644_S" textname="test sensor 23644"/>
			<item id="23645" losttest="2" iotype="AI" name="Sensor23645_S" textname="test sensor 23645"/>
			<item id="23646" losttest="2" iotype="AI" name="Sensor23646_S" textname="test sensor 23646"/>
			<item id="23647" losttest="2" iotype="AI" name="Sensor23647_S" textname="test sensor 23647"/>
			<item id="23648" losttest="2" iotype="AI" name="Sensor23648_S" textname="test sensor 23648"/>
			<item id="23649" losttest="2" iotype="AI" name="Sensor23649_S" textname="test sensor 23649"/>
			<item id="23650" losttest="2" iotype="AI" name="Sensor23650_S" textname="test sensor 23650"/>
			<item id="23651" losttest="2" iotype="AI" name="Sensor23651_S" textname="test sensor 23651"/>
			<item id="23652" losttest="2" iotype="AI" name="Sensor23652_S" textname="test sensor 23652"/>
			<item id="23653" losttest="2" iotype="AI" name="Sensor23653_S" textname="test sensor 23653"/>
			<item id="23654" losttest="2" iotype="AI" name="Sensor23654_S" textname="test sensor 23654"/>
			<item id="23655" losttest="2" iotype="AI" name="Sensor23655_S" textname="test sensor 23655"/>
			<item id="23656" losttest="2" iotype="AI" name="Sensor23656_S" textname="test sensor 23656"/>
			<item id="23657" losttest="2" iotype="AI" name="Sensor23657_S" textname="test sensor 23657"/>
			<item id="23658" losttest="2" iotype="AI" name="Sensor23658_S" textname="test sensor 23658"/>
			<item id="23659" losttest="2" iotype="AI" name="Sensor23659_S" textname="test sensor 23659"/>
			<item id="23660" losttest="2" iotype="AI" name="Sensor23660_S" textname="test sensor 23660"/>
			<item id="23661" losttest="2" iotype="AI" name="Sensor23661_S" textname="test sensor 23661"/>
			<item id="23662" losttest="2" iotype="AI" name="Sensor23662_S" textname="test sensor 23662"/>
			<item id="23663" losttest="2" iotype="AI" name="Sensor23663_S" textname="test sensor 23663"/>
			<item id="23664" losttest="2" iotype="AI" name="Sensor23664_S" textname="test sensor 23664"/>
			<item id="23665" losttest="2" iotype="AI" name="Sensor23665_S" textname="test sensor 23665"/>
			<item id="23666" losttest="2" iotype="AI" name="Sensor23666_S" textname="test sensor 23666"/>
			<item id="23667" losttest="2" iotype="AI" name="Sensor23667_S" textname="test sensor 23667"/>
			<item id="23668" losttest="2" iotype="AI" name="Sensor23668_S" textname="test sensor 23668"/>
			<item id="23669" losttest="2" iotype="AI" name="Sensor23669_S" textname="test sensor 23669"/>
			<item id="23670" losttest="2" iotype="AI" name="Sensor23670_S" textname="test sensor 23670"/>
			<item id="23671" losttest="2" iotype="AI" name="Sensor23671_S" textname="test sensor 23671"/>
			<item id="23672" losttest="2" iotype="AI" name="Sensor23672_S" textname="test sensor 23672"/>
			<item id="23673" losttest="2" iotype="AI" name="Sensor23673_S" textname="test sensor 23673"/>
			<item id="23674" losttest="2" iotype="AI" name="Sensor23674_S" textname="test sensor 23674"/>
			<item id="23675" losttest="2" iotype="AI" name="Sensor23675_S" textname="test sensor 23675"/>
			<item id="23676" losttest="2" iotype="AI" name="Sensor23676_S" textname="test sensor 23676"/>
			<item id="23677" losttest="2" iotype="AI" name="Sensor23677_S" textname="test sensor 23677"/>
			<item id="23678" losttest="2" iotype="AI" name="Sensor23678_S" textname="test sensor 23678"/>
			<item id="23679" losttest="2" iotype="AI" name="Sensor23679_S" textname="test sensor 23679"/>
			<item id="23680" losttest="2" iotype="AI" name="Sensor23680_S" textname="test sensor 23680"/>
			<item id="23681" losttest="2" iotype="AI" name="Sensor23681_S" textname="test sensor 23681"/>
			<item id="23682" losttest="2" iotype="AI" name="Sensor23682_S" textname="test sensor 23682"/>
			<item id="23683" losttest="2" iotype="AI" name="Sensor23683_S" textname="test sensor 23683"/>
			<item id="23684" losttest="2" iotype="AI" name="Sensor23684_S" textname="test sensor 23684"/>
			<item id="23685" losttest="2" iotype="AI" name="Sensor23685_S" textname="test sensor 23685"/>
			<item id="23686" losttest="2" iotype="AI" name="Sensor23686_S" textname="test sensor 23686"/>
			<item id="23687" losttest="2" iotype="AI" name="Sensor23687_S" textname="test sensor 23687"/>
			<item id="23688" losttest="2" iotype="AI" name="Sensor23688_S" textname="test sensor 23688"/>
			<item id="23689" losttest="2" iotype="AI" name="Sensor23689_S" textname="test sensor 23689"/>
			<item id="23690" losttest="2" iotype="AI" name="Sensor23690_S" textname="test sensor 23690"/>
			<item id="23691" losttest="2" iotype="AI" name="Sensor23691_S" textname="test sensor 23691"/>
			<item id="23692" losttest="2" iotype="AI" name="Sensor23692_S" textname="test sensor 23692"/>
			<item id="23693" losttest="2" iotype="AI" name="Sensor23693_S" textname="test sensor 23693"/>
			<item id="23694" losttest="2" iotype="AI" name="Sensor23694_S" textname="test sensor 23694"/>
			<item id="23695" losttest="2" iotype="AI" name="Sensor23695_S" textname="test sensor 23695"/>
			<item id="23696" losttest="2" iotype="AI" name="Sensor23696_S" textname="test sensor 23696"/>
			<item id="23697" losttest="2" iotype="AI" name="Sensor23697_S" textname="test sensor 23697"/>
			<item id="23698" losttest="2" iotype="AI" name="Sensor23698_S" textname="test sensor 23698"/>
			<item id="23699" losttest="2" iotype="AI" name="Sensor23699_S" textname="test sensor 23699"/>
			<item id="23700" losttest="2" iotype="AI" name="Sensor23700_S" textname="test sensor 23700"/>
			<item id="23701" losttest="2" iotype="AI" name="Sensor23701_S" textname="test sensor 23701"/>
			<item id="23702" losttest="2" iotype="AI" name="Sensor23702_S" textname="test sensor 23702"/>
			<item id="23703" losttest="2" iotype="AI" name="Sensor23703_S" textname="test sensor 23703"/>
			<item id="23704" losttest="2" iotype="AI" name="Sensor23704_S" textname="test sensor 23704"/>
			<item id="23705" losttest="2" iotype="AI" name="Sensor23705_S" textname="test sensor 23705"/>
			<item id="23706" losttest="2" iotype="AI" name="Sensor23706_S" textname="test sensor 23706"/>
			<item id="23707" losttest="2" iotype="AI" name="Sensor23707_S" textname="test sensor 23707"/>
			<item id="23708" losttest="2" iotype="AI" name="Sensor23708_S" textname="test sensor 23708"/>
			<item id="23709" losttest="2" iotype="AI" name="Sensor23709_S" textname="test sensor 23709"/>
			<item id="23710" losttest="2" iotype="AI" name="Sensor23710_S" textname="test sensor 23710"/>
			<item id="23711" losttest="2" iotype="AI" name="Sensor23711_S" textname="test sensor 23711"/>
			<item id="23712" losttest="2" iotype="AI" name="Sensor23712_S" textname="test sensor 23712"/>
			<item id="23713" losttest="2" iotype="AI" name="Sensor23713_S" textname="test sensor 23713"/>
			<item id="23714" losttest="2" iotype="AI" name="Sensor23714_S" textname="test sensor 23714"/>
			<item id="23715" losttest="2" iotype="AI" name="Sensor23715_S" textname="test sensor 23715"/>
			<item id="23716" losttest="2" iotype="AI" name="Sensor23716_S" textname="test sensor 23716"/>
			<item id="23717" losttest="2" iotype="AI" name="Sensor23717_S" textname="test sensor 23717"/>
			<item id="23718" losttest="2" iotype="AI" name="Sensor23718_S" textname="test sensor 23718"/>
			<item id="23719" losttest="2" iotype="AI" name="Sensor23719_S" textname="test sensor 23719"/>
			<item id="23720" losttest="2" iotype="AI" name="Sensor23720_S" textname="test sensor 23720"/>
			<item id="23721" losttest="2" iotype="AI" name="Sensor23721_S" textname="test sensor 23721"/>
			<item id="23722" losttest="2" iotype="AI" name="Sensor23722_S" textname="test sensor 23722"/>
			<item id="23723" losttest="2" iotype="AI" name="Sensor23723_S" textname="test sensor 23723"/>
			<item id="23724" losttest="2" iotype="AI" name="Sensor23724_S" textname="test sensor 23724"/>
			<item id="23725" losttest="2" iotype="AI" name="Sensor23725_S" textname="test sensor 23725"/>
			<item id="23726" losttest="2" iotype="AI" name="Sensor23726_S" textname="test sensor 23726"/>
			<item id="23727" losttest="2" iotype="AI" name="Sensor23727_S" textname="test sensor 23727"/>
			<item id="23728" losttest="2" iotype="AI" name="Sensor23728_S" textname="test sensor 23728"/>
			<item id="23729" losttest="2" iotype="AI" name="Sensor23729_S" textname="test sensor 23729"/>
			<item id="23730" losttest="2" iotype="AI" name="Sensor23730_S" textname="test sensor 23730"/>
			<item id="23731" losttest="2" iotype="AI" name="Sensor23731_S" textname="test sensor 23731"/>
			<item id="23732" losttest="2" iotype="AI" name="Sensor23732_S" textname="test sensor 23732"/>
			<item id="23733" losttest="2" iotype="AI" name="Sensor23733_S" textname="test sensor 23733"/>
			<item id="23734" losttest="2" iotype="AI" name="Sensor23734_S" textname="test sensor 23734"/>
			<item id="23735" losttest="2" iotype="AI" name="Sensor23735_S" textname="test sensor 23735"/>
			<item id="23736" losttest="2" iotype="AI" name="Sensor23736_S" textname="test sensor 23736"/>
			<item id="23737" losttest="2" iotype="AI" name="Sensor23737_S" textname="test sensor 23737"/>
			<item id="23738" losttest="2" iotype="AI" name="Sensor23738_S" textname="test sensor 23738"/>
			<item id="23739" losttest="2" iotype="AI" name="Sensor23739_S" textname="test sensor 23739"/>
			<item id="23740" losttest="2" iotype="AI" name="Sensor23740_S" textname="test sensor 23740"/>
			<item id="23741" losttest="2" iotype="AI" name="Sensor23741_S" textname="test sensor 23741"/>
			<item id="23742" losttest="2" iotype="AI" name="Sensor23742_S" textname="test sensor 23742"/>
			<item id="23743" losttest="2" iotype="AI" name="Sensor23743_S" textname="test sensor 23743"/>
			<item id="23744" losttest="2" iotype="AI" name="Sensor23744_S" textname="test sensor 23744"/>
			<item id="23745" losttest="2" iotype="AI" name="Sensor23745_S" textname="test sensor 23745"/>
			<item id="23746" losttest="2" iotype="AI" name="Sensor23746_S" textname="test sensor 23746"/>
			<item id="23747" losttest="2" iotype="AI" name="Sensor23747_S" textname="test sensor 23747"/>
			<item id="23748" losttest="2" iotype="AI" name="Sensor23748_S" textname="test sensor 23748"/>
			<item id="23749" losttest="2" iotype="AI" name="Sensor23749_S" textname="test sensor 23749"/>
			<item id="23750" losttest="2" iotype="AI" name="Sensor23750_S" textname="test sensor 23750"/>
			<item id="23751" losttest="2" iotype="AI" name="Sensor23751_S" textname="test sensor 23751"/>
			<item id="23752" losttest="2" iotype="AI" name="Sensor23752_S" textname="test sensor 23752"/>
			<item id="23753" losttest="2" iotype="AI" name="Sensor23753_S" textname="test sensor 23753"/>
			<item id="23754" losttest="2" iotype="AI" name="Sensor23754_S" textname="test sensor 23754"/>
			<item id="23755" losttest="2" iotype="AI" name="Sensor23755_S" textname="test sensor 23755"/>
			<item id="23756" losttest="2" iotype="AI" name="Sensor23756_S" textname="test sensor 23756"/>
			<item id="23757" losttest="2" iotype="AI" name="Sensor23757_S" textname="test sensor 23757"/>
			<item id="23758" losttest="2" iotype="AI" name="Sensor23758_S" textname="test sensor 23758"/>
			<item id="23759" losttest="2" iotype="AI" name="Sensor23759_S" textname="test sensor 23759"/>
			<item id="23760" losttest="2" iotype="AI" name="Sensor23760_S" textname="test sensor 23760"/>
			<item id="23761" losttest="2" iotype="AI" name="Sensor23761_S" textname="test sensor 23761"/>
			<item id="23762" losttest="2" iotype="AI" name="Sensor23762_S" textname="test sensor 23762"/>
			<item id="23763" losttest="2" iotype="AI" name="Sensor23763_S" textname="test sensor 23763"/>
			<item id="23764" losttest="2" iotype="AI" name="Sensor23764_S" textname="test sensor 23764"/>
			<item id="23765" losttest="2" iotype="AI" name="Sensor23765_S" textname="test sensor 23765"/>
			<item id="23766" losttest="2" iotype="AI" name="Sensor23766_S" textname="test sensor 23766"/>
			<item id="23767" losttest="2" iotype="AI" name="Sensor23767_S" textname="test sensor 23767"/>
			<item id="23768" losttest="2" iotype="AI" name="Sensor23768_S" textname="test sensor 23768"/>
			<item id="23769" losttest="2" iotype="AI" name="Sensor23769_S" textname="test sensor 23769"/>
			<item id="23770" losttest="2" iotype="AI" name="Sensor23770_S" textname="test sensor 23770"/>
			<item id="23771" losttest="2" iotype="AI" name="Sensor23771_S" textname="test sensor 23771"/>
			<item id="23772" losttest="2" iotype="AI" name="Sensor23772_S" textname="test sensor 23772"/>
			<item id="23773" losttest="2" iotype="AI" name="Sensor23773_S" textname="test sensor 23773"/>
			<item id="23774" losttest="2" iotype="AI" name="Sensor23774_S" textname="test sensor 23774"/>
			<item id="23775" losttest="2" iotype="AI" name="Sensor23775_S" textname="test sensor 23775"/>
			<item id="23776" losttest="2" iotype="AI" name="Sensor23776_S" textname="test sensor 23776"/>
			<item id="23777" losttest="2" iotype="AI" name="Sensor23777_S" textname="test sensor 23777"/>
			<item id="23778" losttest="2" iotype="AI" name="Sensor23778_S" textname="test sensor 23778"/>
			<item id="23779" losttest="2" iotype="AI" name="Sensor23779_S" textname="test sensor 23779"/>
			<item id="23780" losttest="2" iotype="AI" name="Sensor23780_S" textname="test sensor 23780"/>
			<item id="23781" losttest="2" iotype="AI" name="Sensor23781_S" textname="test sensor 23781"/>
			<item id="23782" losttest="2" iotype="AI" name="Sensor23782_S" textname="test sensor 23782"/>
			<item id="23783" losttest="2" iotype="AI" name="Sensor23783_S" textname="test sensor 23783"/>
			<item id="23784" losttest="2" iotype="AI" name="Sensor23784_S" textname="test sensor 23784"/>
			<item id="23785" losttest="2" iotype="AI" name="Sensor23785_S" textname="test sensor 23785"/>
			<item id="23786" losttest="2" iotype="AI" name="Sensor23786_S" textname="test sensor 23786"/>
			<item id="23787" losttest="2" iotype="AI" name="Sensor23787_S" textname="test sensor 23787"/>
			<item id="23788" losttest="2" iotype="AI" name="Sensor23788_S" textname="test sensor 23788"/>
			<item id="23789" losttest="2" iotype="AI" name="Sensor23789_S" textname="test sensor 23789"/>
			<item id="23790" losttest="2" iotype="AI" name="Sensor23790_S" textname="test sensor 23790"/>
			<item id="23791" losttest="2" iotype="AI" name="Sensor23791_S" textname="test sensor 23791"/>
			<item id="23792" losttest="2" iotype="AI" name="Sensor23792_S" textname="test sensor 23792"/>
			<item id="23793" losttest="2" iotype="AI" name="Sensor23793_S" textname="test sensor 23793"/>
			<item id="23794" losttest="2" iotype="AI" name="Sensor23794_S" textname="test sensor 23794"/>
			<item id="23795" losttest="2" iotype="AI" name="Sensor23795_S" textname="test sensor 23795"/>
			<item id="23796" losttest="2" iotype="AI" name="Sensor23796_S" textname="test sensor 23796"/>
			<item id="23797" losttest="2" iotype="AI" name="Sensor23797_S" textname="test sensor 23797"/>
			<item id="23798" losttest="2" iotype="AI" name="Sensor23798_S" textname="test sensor 23798"/>
			<item id="23799" losttest="2" iotype="AI" name="Sensor23799_S" textname="test sensor 23799"/>
			<item id="23800" losttest="2" iotype="AI" name="Sensor23800_S" textname="test sensor 23800"/>
			<item id="23801" losttest="2" iotype="AI" name="Sensor23801_S" textname="test sensor 23801"/>
			<item id="23802" losttest="2" iotype="AI" name="Sensor23802_S" textname="test sensor 23802"/>
			<item id="23803" losttest="2" iotype="AI" name="Sensor23803_S" textname="test sensor 23803"/>
			<item id="23804" losttest="2" iotype="AI" name="Sensor23804_S" textname="test sensor 23804"/>
			<item id="23805" losttest="2" iotype="AI" name="Sensor23805_S" textname="test sensor 23805"/>
			<item id="23806" losttest="2" iotype="AI" name="Sensor23806_S" textname="test sensor 23806"/>
			<item id="23807" losttest="2" iotype="AI" name="Sensor23807_S" textname="test sensor 23807"/>
			<item id="23808" losttest="2" iotype="AI" name="Sensor23808_S" textname="test sensor 23808"/>
			<item id="23809" losttest="2" iotype="AI" name="Sensor23809_S" textname="test sensor 23809"/>
			<item id="23810" losttest="2" iotype="AI" name="Sensor23810_S" textname="test sensor 23810"/>
			<item id="23811" losttest="2" iotype="AI" name="Sensor23811_S" textname="test sensor 23811"/>
			<item id="23812" losttest="2" iotype="AI" name="Sensor23812_S" textname="test sensor 23812"/>
			<item id="23813" losttest="2" iotype="AI" name="Sensor23813_S" textname="test sensor 23813"/>
			<item id="23814" losttest="2" iotype="AI" name="Sensor23814_S" textname="test sensor 23814"/>
			<item id="23815" losttest="2" iotype="AI" name="Sensor23815_S" textname="test sensor 23815"/>
			<item id="23816" losttest="2" iotype="AI" name="Sensor23816_S" textname="test sensor 23816"/>
			<item id="23817" losttest="2" iotype="AI" name="Sensor23817_S" textname="test sensor 23817"/>
			<item id="23818" losttest="2" iotype="AI" name="Sensor23818_S" textname="test sensor 23818"/>
			<item id="23819" losttest="2" iotype="AI" name="Sensor23819_S" textname="test sensor 23819"/>
			<item id="23820" losttest="2" iotype="AI" name="Sensor23820_S" textname="test sensor 23820"/>
			<item id="23821" losttest="2" iotype="AI" name="Sensor23821_S" textname="test sensor 23821"/>
			<item id="23822" losttest="2" iotype="AI" name="Sensor23822_S" textname="test sensor 23822"/>
			<item id="23823" losttest="2" iotype="AI" name="Sensor23823_S" textname="test sensor 23823"/>
			<item id="23824" losttest="2" iotype="AI" name="Sensor23824_S" textname="test sensor 23824"/>
			<item id="23825" losttest="2" iotype="AI" name="Sensor23825_S" textname="test sensor 23825"/>
			<item id="23826" losttest="2" iotype="AI" name="Sensor23826_S" textname="test sensor 23826"/>
			<item id="23827" losttest="2" iotype="AI" name="Sensor23827_S" textname="test sensor 23827"/>
			<item id="23828" losttest="2" iotype="AI" name="Sensor23828_S" textname="test sensor 23828"/>
			<item id="23829" losttest="2" iotype="AI" name="Sensor23829_S" textname="test sensor 23829"/>
			<item id="23830" losttest="2" iotype="AI" name="Sensor23830_S" textname="test sensor 23830"/>
			<item id="23831" losttest="2" iotype="AI" name="Sensor23831_S" textname="test sensor 23831"/>
			<item id="23832" losttest="2" iotype="AI" name="Sensor23832_S" textname="test sensor 23832"/>
			<item id="23833" losttest="2" iotype="AI" name="Sensor23833_S" textname="test sensor 23833"/>
			<item id="23834" losttest="2" iotype="AI" name="Sensor23834_S" textname="test sensor 23834"/>
			<item id="23835" losttest="2" iotype="AI" name="Sensor23835_S" textname="test sensor 23835"/>
			<item id="23836" losttest="2" iotype="AI" name="Sensor23836_S" textname="test sensor 23836"/>
			<item id="23837" losttest="2" iotype="AI" name="Sensor23837_S" textname="test sensor 23837"/>
			<item id="23838" losttest="2" iotype="AI" name="Sensor23838_S" textname="test sensor 23838"/>
			<item id="23839" losttest="2" iotype="AI" name="Sensor23839_S" textname="test sensor 23839"/>
			<item id="23840" losttest="2" iotype="AI" name="Sensor23840_S" textname="test sensor 23840"/>
			<item id="23841" losttest="2" iotype="AI" name="Sensor23841_S" textname="test sensor 23841"/>
			<item id="23842" losttest="2" iotype="AI" name="Sensor23842_S" textname="test sensor 23842"/>
			<item id="23843" losttest="2" iotype="AI" name="Sensor23843_S" textname="test sensor 23843"/>
			<item id="23844" losttest="2" iotype="AI" name="Sensor23844_S" textname="test sensor 23844"/>
			<item id="23845" losttest="2" iotype="AI" name="Sensor23845_S" textname="test sensor 23845"/>
			<item id="23846" losttest="2" iotype="AI" name="Sensor23846_S" textname="test sensor 23846"/>
			<item id="23847" losttest="2" iotype="AI" name="Sensor23847_S" textname="test sensor 23847"/>
			<item id="23848" losttest="2" iotype="AI" name="Sensor23848_S" textname="test sensor 23848"/>
			<item id="23849" losttest="2" iotype="AI" name="Sensor23849_S" textname="test sensor 23849"/>
			<item id="23850" losttest="2" iotype="AI" name="Sensor23850_S" textname="test sensor 23850"/>
			<item id="23851" losttest="2" iotype="AI" name="Sensor23851_S" textname="test sensor 23851"/>
			<item id="23852" losttest="2" iotype="AI" name="Sensor23852_S" textname="test sensor 23852"/>
			<item id="23853" losttest="2" iotype="AI" name="Sensor23853_S" textname="test sensor 23853"/>
			<item id="23854" losttest="2" iotype="AI" name="Sensor23854_S" textname="test sensor 23854"/>
			<item id="23855" losttest="2" iotype="AI" name="Sensor23855_S" textname="test sensor 23855"/>
			<item id="23856" losttest="2" iotype="AI" name="Sensor23856_S" textname="test sensor 23856"/>
			<item id="23857" losttest="2" iotype="AI" name="Sensor23857_S" textname="test sensor 23857"/>
			<item id="23858" losttest="2" iotype="AI" name="Sensor23858_S" textname="test sensor 23858"/>
			<item id="23859" losttest="2" iotype="AI" name="Sensor23859_S" textname="test sensor 23859"/>
			<item id="23860" losttest="2" iotype="AI" name="Sensor23860_S" textname="test sensor 23860"/>
			<item id="23861" losttest="2" iotype="AI" name="Sensor23861_S" textname="test sensor 23861"/>
			<item id="23862" losttest="2" iotype="AI" name="Sensor23862_S" textname="test sensor 23862"/>
			<item id="23863" losttest="2" iotype="AI" name="Sensor23863_S" textname="test sensor 23863"/>
			<item id="23864" losttest="2" iotype="AI" name="Sensor23864_S" textname="test sensor 23864"/>
			<item id="23865" losttest="2" iotype="AI" name="Sensor23865_S" textname="test sensor 23865"/>
			<item id="23866" losttest="2" iotype="AI" name="Sensor23866_S" textname="test sensor 23866"/>
			<item id="23867" losttest="2" iotype="AI" name="Sensor23867_S" textname="test sensor 23867"/>
			<item id="23868" losttest="2" iotype="AI" name="Sensor23868_S" textname="test sensor 23868"/>
			<item id="23869" losttest="2" iotype="AI" name="Sensor23869_S" textname="test sensor 23869"/>
			<item id="23870" losttest="2" iotype="AI" name="Sensor23870_S" textname="test sensor 23870"/>
			<item id="23871" losttest="2" iotype="AI" name="Sensor23871_S" textname="test sensor 23871"/>
			<item id="23872" losttest="2" iotype="AI" name="Sensor23872_S" textname="test sensor 23872"/>
			<item id="23873" losttest="2" iotype="AI" name="Sensor23873_S" textname="test sensor 23873"/>
			<item id="23874" losttest="2" iotype="AI" name="Sensor23874_S" textname="test sensor 23874"/>
			<item id="23875" losttest="2" iotype="AI" name="Sensor23875_S" textname="test sensor 23875"/>
			<item id="23876" losttest="2" iotype="AI" name="Sensor23876_S" textname="test sensor 23876"/>
			<item id="23877" losttest="2" iotype="AI" name="Sensor23877_S" textname="test sensor 23877"/>
			<item id="23878" losttest="2" iotype="AI" name="Sensor23878_S" textname="test sensor 23878"/>
			<item id="23879" losttest="2" iotype="AI" name="Sensor23879_S" textname="test sensor 23879"/>
			<item id="23880" losttest="2" iotype="AI" name="Sensor23880_S" textname="test sensor 23880"/>
			<item id="23881" losttest="2" iotype="AI" name="Sensor23881_S" textname="test sensor 23881"/>
			<item id="23882" losttest="2" iotype="AI" name="Sensor23882_S" textname="test sensor 23882"/>
			<item id="23883" losttest="2" iotype="AI" name="Sensor23883_S" textname="test sensor 23883"/>
			<item id="23884" losttest="2" iotype="AI" name="Sensor23884_S" textname="test sensor 23884"/>
			<item id="23885" losttest="2" iotype="AI" name="Sensor23885_S" textname="test sensor 23885"/>
			<item id="23886" losttest="2" iotype="AI" name="Sensor23886_S" textname="test sensor 23886"/>
			<item id="23887" losttest="2" iotype="AI" name="Sensor23887_S" textname="test sensor 23887"/>
			<item id="23888" losttest="2" iotype="AI" name="Sensor23888_S" textname="test sensor 23888"/>
			<item id="23889" losttest="2" iotype="AI" name="Sensor23889_S" textname="test sensor 23889"/>
			<item id="23890" losttest="2" iotype="AI" name="Sensor23890_S" textname="test sensor 23890"/>
			<item id="23891" losttest="2" iotype="AI" name="Sensor23891_S" textname="test sensor 23891"/>
			<item id="23892" losttest="2" iotype="AI" name="Sensor23892_S" textname="test sensor 23892"/>
			<item id="23893" losttest="2" iotype="AI" name="Sensor23893_S" textname="test sensor 23893"/>
			<item id="23894" losttest="2" iotype="AI" name="Sensor23894_S" textname="test sensor 23894"/>
			<item id="23895" losttest="2" iotype="AI" name="Sensor23895_S" textname="test sensor 23895"/>
			<item id="23896" losttest="2" iotype="AI" name="Sensor23896_S" textname="test sensor 23896"/>
			<item id="23897" losttest="2" iotype="AI" name="Sensor23897_S" textname="test sensor 23897"/>
			<item id="23898" losttest="2" iotype="AI" name="Sensor23898_S" textname="test sensor 23898"/>
			<item id="23899" losttest="2" iotype="AI" name="Sensor23899_S" textname="test sensor 23899"/>
			<item id="23900" losttest="2" iotype="AI" name="Sensor23900_S" textname="test sensor 23900"/>
			<item id="23901" losttest="2" iotype="AI" name="Sensor23901_S" textname="test sensor 23901"/>
			<item id="23902" losttest="2" iotype="AI" name="Sensor23902_S" textname="test sensor 23902"/>
			<item id="23903" losttest="2" iotype="AI" name="Sensor23903_S" textname="test sensor 23903"/>
			<item id="23904" losttest="2" iotype="AI" name="Sensor23904_S" textname="test sensor 23904"/>
			<item id="23905" losttest="2" iotype="AI" name="Sensor23905_S" textname="test sensor 23905"/>
			<item id="23906" losttest="2" iotype="AI" name="Sensor23906_S" textname="test sensor 23906"/>
			<item id="23907" losttest="2" iotype="AI" name="Sensor23907_S" textname="test sensor 23907"/>
			<item id="23908" losttest="2" iotype="AI" name="Sensor23908_S" textname="test sensor 23908"/>
			<item id="23909" losttest="2" iotype="AI" name="Sensor23909_S" textname="test sensor 23909"/>
			<item id="23910" losttest="2" iotype="AI" name="Sensor23910_S" textname="test sensor 23910"/>
			<item id="23911" losttest="2" iotype="AI" name="Sensor23911_S" textname="test sensor 23911"/>
			<item id="23912" losttest="2" iotype="AI" name="Sensor23912_S" textname="test sensor 23912"/>
			<item id="23913" losttest="2" iotype="AI" name="Sensor23913_S" textname="test sensor 23913"/>
			<item id="23914" losttest="2" iotype="AI" name="Sensor23914_S" textname="test sensor 23914"/>
			<item id="23915" losttest="2" iotype="AI" name="Sensor23915_S" textname="test sensor 23915"/>
			<item id="23916" losttest="2" iotype="AI" name="Sensor23916_S" textname="test sensor 23916"/>
			<item id="23917" losttest="2" iotype="AI" name="Sensor23917_S" textname="test sensor 23917"/>
			<item id="23918" losttest="2" iotype="AI" name="Sensor23918_S" textname="test sensor 23918"/>
			<item id="23919" losttest="2" iotype="AI" name="Sensor23919_S" textname="test sensor 23919"/>
			<item id="23920" losttest="2" iotype="AI" name="Sensor23920_S" textname="test sensor 23920"/>
			<item id="23921" losttest="2" iotype="AI" name="Sensor23921_S" textname="test sensor 23921"/>
			<item id="23922" losttest="2" iotype="AI" name="Sensor23922_S" textname="test sensor 23922"/>
			<item id="23923" losttest="2" iotype="AI" name="Sensor23923_S" textname="test sensor 23923"/>
			<item id="23924" losttest="2" iotype="AI" name="Sensor23924_S" textname="test sensor 23924"/>
			<item id="23925" losttest="2" iotype="AI" name="Sensor23925_S" textname="test sensor 23925"/>
			<item id="23926" losttest="2" iotype="AI" name="Sensor23926_S" textname="test sensor 23926"/>
			<item id="23927" losttest="2" iotype="AI" name="Sensor23927_S" textname="test sensor 23927"/>
			<item id="23928" losttest="2" iotype="AI" name="Sensor23928_S" textname="test sensor 23928"/>
			<item id="23929" losttest="2" iotype="AI" name="Sensor23929_S" textname="test sensor 23929"/>
			<item id="23930" losttest="2" iotype="AI" name="Sensor23930_S" textname="test sensor 23930"/>
			<item id="23931" losttest="2" iotype="AI" name="Sensor23931_S" textname="test sensor 23931"/>
			<item id="23932" losttest="2" iotype="AI" name="Sensor23932_S" textname="test sensor 23932"/>
			<item id="23933" losttest="2" iotype="AI" name="Sensor23933_S" textname="test sensor 23933"/>
			<item id="23934" losttest="2" iotype="AI" name="Sensor23934_S" textname="test sensor 23934"/>
			<item id="23935" losttest="2" iotype="AI" name="Sensor23935_S" textname="test sensor 23935"/>
			<item id="23936" losttest="2" iotype="AI" name="Sensor23936_S" textname="test sensor 23936"/>
			<item id="23937" losttest="2" iotype="AI" name="Sensor23937_S" textname="test sensor 23937"/>
			<item id="23938" losttest="2" iotype="AI" name="Sensor23938_S" textname="test sensor 23938"/>
			<item id="23939" losttest="2" iotype="AI" name="Sensor23939_S" textname="test sensor 23939"/>
			<item id="23940" losttest="2" iotype="AI" name="Sensor23940_S" textname="test sensor 23940"/>
			<item id="23941" losttest="2" iotype="AI" name="Sensor23941_S" textname="test sensor 23941"/>
			<item id="23942" losttest="2" iotype="AI" name="Sensor23942_S" textname="test sensor 23942"/>
			<item id="23943" losttest="2" iotype="AI" name="Sensor23943_S" textname="test sensor 23943"/>
			<item id="23944" losttest="2" iotype="AI" name="Sensor23944_S" textname="test sensor 23944"/>
			<item id="23945" losttest="2" iotype="AI" name="Sensor23945_S" textname="test sensor 23945"/>
			<item id="23946" losttest="2" iotype="AI" name="Sensor23946_S" textname="test sensor 23946"/>
			<item id="23947" losttest="2" iotype="AI" name="Sensor23947_S" textname="test sensor 23947"/>
			<item id="23948" losttest="2" iotype="AI" name="Sensor23948_S" textname="test sensor 23948"/>
			<item id="23949" losttest="2" iotype="AI" name="Sensor23949_S" textname="test sensor 23949"/>
			<item id="23950" losttest="2" iotype="AI" name="Sensor23950_S" textname="test sensor 23950"/>
			<item id="23951" losttest="2" iotype="AI" name="Sensor23951_S" textname="test sensor 23951"/>
			<item id="23952" losttest="2" iotype="AI" name="Sensor23952_S" textname="test sensor 23952"/>
			<item id="23953" losttest="2" iotype="AI" name="Sensor23953_S" textname="test sensor 23953"/>
			<item id="23954" losttest="2" iotype="AI" name="Sensor23954_S" textname="test sensor 23954"/>
			<item id="23955" losttest="2" iotype="AI" name="Sensor23955_S" textname="test sensor 23955"/>
			<item id="23956" losttest="2" iotype="AI" name="Sensor23956_S" textname="test sensor 23956"/>
			<item id="23957" losttest="2" iotype="AI" name="Sensor23957_S" textname="test sensor 23957"/>
			<item id="23958" losttest="2" iotype="AI" name="Sensor23958_S" textname="test sensor 23958"/>
			<item id="23959" losttest="2" iotype="AI" name="Sensor23959_S" textname="test sensor 23959"/>
			<item id="23960" losttest="2" iotype="AI" name="Sensor23960_S" textname="test sensor 23960"/>
			<item id="23961" losttest="2" iotype="AI" name="Sensor23961_S" textname="test sensor 23961"/>
			<item id="23962" losttest="2" iotype="AI" name="Sensor23962_S" textname="test sensor 23962"/>
			<item id="23963" losttest="2" iotype="AI" name="Sensor23963_S" textname="test sensor 23963"/>
			<item id="23964" losttest="2" iotype="AI" name="Sensor23964_S" textname="test sensor 23964"/>
			<item id="23965" losttest="2" iotype="AI" name="Sensor23965_S" textname="test sensor 23965"/>
			<item id="23966" losttest="2" iotype="AI" name="Sensor23966_S" textname="test sensor 23966"/>
			<item id="23967" losttest="2" iotype="AI" name="Sensor23967_S" textname="test sensor 23967"/>
			<item id="23968" losttest="2" iotype="AI" name="Sensor23968_S" textname="test sensor 23968"/>
			<item id="23969" losttest="2" iotype="AI" name="Sensor23969_S" textname="test sensor 23969"/>
			<item id="23970" losttest="2" iotype="AI" name="Sensor23970_S" textname="test sensor 23970"/>
			<item id="23971" losttest="2" iotype="AI" name="Sensor23971_S" textname="test sensor 23971"/>
			<item id="23972" losttest="2" iotype="AI" name="Sensor23972_S" textname="test sensor 23972"/>
			<item id="23973" losttest="2" iotype="AI" name="Sensor23973_S" textname="test sensor 23973"/>
			<item id="23974" losttest="2" iotype="AI" name="Sensor23974_S" textname="test sensor 23974"/>
			<item id="23975" losttest="2" iotype="AI" name="Sensor23975_S" textname="test sensor 23975"/>
			<item id="23976" losttest="2" iotype="AI" name="Sensor23976_S" textname="test sensor 23976"/>
			<item id="23977" losttest="2" iotype="AI" name="Sensor23977_S" textname="test sensor 23977"/>
			<item id="23978" losttest="2" iotype="AI" name="Sensor23978_S" textname="test sensor 23978"/>
			<item id="23979" losttest="2" iotype="AI" name="Sensor23979_S" textname="test sensor 23979"/>
			<item id="23980" losttest="2" iotype="AI" name="Sensor23980_S" textname="test sensor 23980"/>
			<item id="23981" losttest="2" iotype="AI" name="Sensor23981_S" textname="test sensor 23981"/>
			<item id="23982" losttest="2" iotype="AI" name="Sensor23982_S" textname="test sensor 23982"/>
			<item id="23983" losttest="2" iotype="AI" name="Sensor23983_S" textname="test sensor 23983"/>
			<item id="23984" losttest="2" iotype="AI" name="Sensor23984_S" textname="test sensor 23984"/>
			<item id="23985" losttest="2" iotype="AI" name="Sensor23985_S" textname="test sensor 23985"/>
			<item id="23986" losttest="2" iotype="AI" name="Sensor23986_S" textname="test sensor 23986"/>
			<item id="23987" losttest="2" iotype="AI" name="Sensor23987_S" textname="test sensor 23987"/>
			<item id="23988" losttest="2" iotype="AI" name="Sensor23988_S" textname="test sensor 23988"/>
			<item id="23989" losttest="2" iotype="AI" name="Sensor23989_S" textname="test sensor 23989"/>
			<item id="23990" losttest="2" iotype="AI" name="Sensor23990_S" textname="test sensor 23990"/>
			<item id="23991" losttest="2" iotype="AI" name="Sensor23991_S" textname="test sensor 23991"/>
			<item id="23992" losttest="2" iotype="AI" name="Sensor23992_S" textname="test sensor 23992"/>
			<item id="23993" losttest="2" iotype="AI" name="Sensor23993_S" textname="test sensor 23993"/>
			<item id="23994" losttest="2" iotype="AI" name="Sensor23994_S" textname="test sensor 23994"/>
			<item id="23995" losttest="2" iotype="AI" name="Sensor23995_S" textname="test sensor 23995"/>
			<item id="23996" losttest="2" iotype="AI" name="Sensor23996_S" textname="test sensor 23996"/>
			<item id="23997" losttest="2" iotype="AI" name="Sensor23997_S" textname="test sensor 23997"/>
			<item id="23998" losttest="2" iotype="AI" name="Sensor23998_S" textname="test sensor 23998"/>
			<item id="23999" losttest="2" iotype="AI" name="Sensor23999_S" textname="test sensor 23999"/>
			<item id="24000" losttest="2" iotype="AI" name="Sensor24000_S" textname="test sensor 24000"/>
			<item id="24001" losttest="2" iotype="AI" name="Sensor24001_S" textname="test sensor 24001"/>
			<item id="24002" losttest="2" iotype="AI" name="Sensor24002_S" textname="test sensor 24002"/>
			<item id="24003" losttest="2" iotype="AI" name="Sensor24003_S" textname="test sensor 24003"/>
			<item id="24004" losttest="2" iotype="AI" name="Sensor24004_S" textname="test sensor 24004"/>
			<item id="24005" losttest="2" iotype="AI" name="Sensor24005_S" textname="test sensor 24005"/>
			<item id="24006" losttest="2" iotype="AI" name="Sensor24006_S" textname="test sensor 24006"/>
			<item id="24007" losttest="2" iotype="AI" name="Sensor24007_S" textname="test sensor 24007"/>
			<item id="24008" losttest="2" iotype="AI" name="Sensor24008_S" textname="test sensor 24008"/>
			<item id="24009" losttest="2" iotype="AI" name="Sensor24009_S" textname="test sensor 24009"/>
			<item id="24010" losttest="2" iotype="AI" name="Sensor24010_S" textname="test sensor 24010"/>
			<item id="24011" losttest="2" iotype="AI" name="Sensor24011_S" textname="test sensor 24011"/>
			<item id="24012" losttest="2" iotype="AI" name="Sensor24012_S" textname="test sensor 24012"/>
			<item id="24013" losttest="2" iotype="AI" name="Sensor24013_S" textname="test sensor 24013"/>
			<item id="24014" losttest="2" iotype="AI" name="Sensor24014_S" textname="test sensor 24014"/>
			<item id="24015" losttest="2" iotype="AI" name="Sensor24015_S" textname="test sensor 24015"/>
			<item id="24016" losttest="2" iotype="AI" name="Sensor24016_S" textname="test sensor 24016"/>
			<item id="24017" losttest="2" iotype="AI" name="Sensor24017_S" textname="test sensor 24017"/>
			<item id="24018" losttest="2" iotype="AI" name="Sensor24018_S" textname="test sensor 24018"/>
			<item id="24019" losttest="2" iotype="AI" name="Sensor24019_S" textname="test sensor 24019"/>
			<item id="24020" losttest="2" iotype="AI" name="Sensor24020_S" textname="test sensor 24020"/>
			<item id="24021" losttest="2" iotype="AI" name="Sensor24021_S" textname="test sensor 24021"/>
			<item id="24022" losttest="2" iotype="AI" name="Sensor24022_S" textname="test sensor 24022"/>
			<item id="24023" losttest="2" iotype="AI" name="Sensor24023_S" textname="test sensor 24023"/>
			<item id="24024" losttest="2" iotype="AI" name="Sensor24024_S" textname="test sensor 24024"/>
			<item id="24025" losttest="2" iotype="AI" name="Sensor24025_S" textname="test sensor 24025"/>
			<item id="24026" losttest="2" iotype="AI" name="Sensor24026_S" textname="test sensor 24026"/>
			<item id="24027" losttest="2" iotype="AI" name="Sensor24027_S" textname="test sensor 24027"/>
			<item id="24028" losttest="2" iotype="AI" name="Sensor24028_S" textname="test sensor 24028"/>
			<item id="24029" losttest="2" iotype="AI" name="Sensor24029_S" textname="test sensor 24029"/>
			<item id="24030" losttest="2" iotype="AI" name="Sensor24030_S" textname="test sensor 24030"/>
			<item id="24031" losttest="2" iotype="AI" name="Sensor24031_S" textname="test sensor 24031"/>
			<item id="24032" losttest="2" iotype="AI" name="Sensor24032_S" textname="test sensor 24032"/>
			<item id="24033" losttest="2" iotype="AI" name="Sensor24033_S" textname="test sensor 24033"/>
			<item id="24034" losttest="2" iotype="AI" name="Sensor24034_S" textname="test sensor 24034"/>
			<item id="24035" losttest="2" iotype="AI" name="Sensor24035_S" textname="test sensor 24035"/>
			<item id="24036" losttest="2" iotype="AI" name="Sensor24036_S" textname="test sensor 24036"/>
			<item id="24037" losttest="2" iotype="AI" name="Sensor24037_S" textname="test sensor 24037"/>
			<item id="24038" losttest="2" iotype="AI" name="Sensor24038_S" textname="test sensor 24038"/>
			<item id="24039" losttest="2" iotype="AI" name="Sensor24039_S" textname="test sensor 24039"/>
			<item id="24040" losttest="2" iotype="AI" name="Sensor24040_S" textname="test sensor 24040"/>
			<item id="24041" losttest="2" iotype="AI" name="Sensor24041_S" textname="test sensor 24041"/>
			<item id="24042" losttest="2" iotype="AI" name="Sensor24042_S" textname="test sensor 24042"/>
			<item id="24043" losttest="2" iotype="AI" name="Sensor24043_S" textname="test sensor 24043"/>
			<item id="24044" losttest="2" iotype="AI" name="Sensor24044_S" textname="test sensor 24044"/>
			<item id="24045" losttest="2" iotype="AI" name="Sensor24045_S" textname="test sensor 24045"/>
			<item id="24046" losttest="2" iotype="AI" name="Sensor24046_S" textname="test sensor 24046"/>
			<item id="24047" losttest="2" iotype="AI" name="Sensor24047_S" textname="test sensor 24047"/>
			<item id="24048" losttest="2" iotype="AI" name="Sensor24048_S" textname="test sensor 24048"/>
			<item id="24049" losttest="2" iotype="AI" name="Sensor24049_S" textname="test sensor 24049"/>
			<item id="24050" losttest="2" iotype="AI" name="Sensor24050_S" textname="test sensor 24050"/>
			<item id="24051" losttest="2" iotype="AI" name="Sensor24051_S" textname="test sensor 24051"/>
			<item id="24052" losttest="2" iotype="AI" name="Sensor24052_S" textname="test sensor 24052"/>
			<item id="24053" losttest="2" iotype="AI" name="Sensor24053_S" textname="test sensor 24053"/>
			<item id="24054" losttest="2" iotype="AI" name="Sensor24054_S" textname="test sensor 24054"/>
			<item id="24055" losttest="2" iotype="AI" name="Sensor24055_S" textname="test sensor 24055"/>
			<item id="24056" losttest="2" iotype="AI" name="Sensor24056_S" textname="test sensor 24056"/>
			<item id="24057" losttest="2" iotype="AI" name="Sensor24057_S" textname="test sensor 24057"/>
			<item id="24058" losttest="2" iotype="AI" name="Sensor24058_S" textname="test sensor 24058"/>
			<item id="24059" losttest="2" iotype="AI" name="Sensor24059_S" textname="test sensor 24059"/>
			<item id="24060" losttest="2" iotype="AI" name="Sensor24060_S" textname="test sensor 24060"/>
			<item id="24061" losttest="2" iotype="AI" name="Sensor24061_S" textname="test sensor 24061"/>
			<item id="24062" losttest="2" iotype="AI" name="Sensor24062_S" textname="test sensor 24062"/>
			<item id="24063" losttest="2" iotype="AI" name="Sensor24063_S" textname="test sensor 24063"/>
			<item id="24064" losttest="2" iotype="AI" name="Sensor24064_S" textname="test sensor 24064"/>
			<item id="24065" losttest="2" iotype="AI" name="Sensor24065_S" textname="test sensor 24065"/>
			<item id="24066" losttest="2" iotype="AI" name="Sensor24066_S" textname="test sensor 24066"/>
			<item id="24067" losttest="2" iotype="AI" name="Sensor24067_S" textname="test sensor 24067"/>
			<item id="24068" losttest="2" iotype="AI" name="Sensor24068_S" textname="test sensor 24068"/>
			<item id="24069" losttest="2" iotype="AI" name="Sensor24069_S" textname="test sensor 24069"/>
			<item id="24070" losttest="2" iotype="AI" name="Sensor24070_S" textname="test sensor 24070"/>
			<item id="24071" losttest="2" iotype="AI" name="Sensor24071_S" textname="test sensor 24071"/>
			<item id="24072" losttest="2" iotype="AI" name="Sensor24072_S" textname="test sensor 24072"/>
			<item id="24073" losttest="2" iotype="AI" name="Sensor24073_S" textname="test sensor 24073"/>
			<item id="24074" losttest="2" iotype="AI" name="Sensor24074_S" textname="test sensor 24074"/>
			<item id="24075" losttest="2" iotype="AI" name="Sensor24075_S" textname="test sensor 24075"/>
			<item id="24076" losttest="2" iotype="AI" name="Sensor24076_S" textname="test sensor 24076"/>
			<item id="24077" losttest="2" iotype="AI" name="Sensor24077_S" textname="test sensor 24077"/>
			<item id="24078" losttest="2" iotype="AI" name="Sensor24078_S" textname="test sensor 24078"/>
			<item id="24079" losttest="2" iotype="AI" name="Sensor24079_S" textname="test sensor 24079"/>
			<item id="24080" losttest="2" iotype="AI" name="Sensor24080_S" textname="test sensor 24080"/>
			<item id="24081" losttest="2" iotype="AI" name="Sensor24081_S" textname="test sensor 24081"/>
			<item id="24082" losttest="2" iotype="AI" name="Sensor24082_S" textname="test sensor 24082"/>
			<item id="24083" losttest="2" iotype="AI" name="Sensor24083_S" textname="test sensor 24083"/>
			<item id="24084" losttest="2" iotype="AI" name="Sensor24084_S" textname="test sensor 24084"/>
			<item id="24085" losttest="2" iotype="AI" name="Sensor24085_S" textname="test sensor 24085"/>
			<item id="24086" losttest="2" iotype="AI" name="Sensor24086_S" textname="test sensor 24086"/>
			<item id="24087" losttest="2" iotype="AI" name="Sensor24087_S" textname="test sensor 24087"/>
			<item id="24088" losttest="2" iotype="AI" name="Sensor24088_S" textname="test sensor 24088"/>
			<item id="24089" losttest="2" iotype="AI" name="Sensor24089_S" textname="test sensor 24089"/>
			<item id="24090" losttest="2" iotype="AI" name="Sensor24090_S" textname="test sensor 24090"/>
			<item id="24091" losttest="2" iotype="AI" name="Sensor24091_S" textname="test sensor 24091"/>
			<item id="24092" losttest="2" iotype="AI" name="Sensor24092_S" textname="test sensor 24092"/>
			<item id="24093" losttest="2" iotype="AI" name="Sensor24093_S" textname="test sensor 24093"/>
			<item id="24094" losttest="2" iotype="AI" name="Sensor24094_S" textname="test sensor 24094"/>
			<item id="24095" losttest="2" iotype="AI" name="Sensor24095_S" textname="test sensor 24095"/>
			<item id="24096" losttest="2" iotype="AI" name="Sensor24096_S" textname="test sensor 24096"/>
			<item id="24097" losttest="2" iotype="AI" name="Sensor24097_S" textname="test sensor 24097"/>
			<item id="24098" losttest="2" iotype="AI" name="Sensor24098_S" textname="test sensor 24098"/>
			<item id="24099" losttest="2" iotype="AI" name="Sensor24099_S" textname="test sensor 24099"/>
			<item id="24100" losttest="2" iotype="AI" name="Sensor24100_S" textname="test sensor 24100"/>
			<item id="24101" losttest="2" iotype="AI" name="Sensor24101_S" textname="test sensor 24101"/>
			<item id="24102" losttest="2" iotype="AI" name="Sensor24102_S" textname="test sensor 24102"/>
			<item id="24103" losttest="2" iotype="AI" name="Sensor24103_S" textname="test sensor 24103"/>
			<item id="24104" losttest="2" iotype="AI" name="Sensor24104_S" textname="test sensor 24104"/>
			<item id="24105" losttest="2" iotype="AI" name="Sensor24105_S" textname="test sensor 24105"/>
			<item id="24106" losttest="2" iotype="AI" name="Sensor24106_S" textname="test sensor 24106"/>
			<item id="24107" losttest="2" iotype="AI" name="Sensor24107_S" textname="test sensor 24107"/>
			<item id="24108" losttest="2" iotype="AI" name="Sensor24108_S" textname="test sensor 24108"/>
			<item id="24109" losttest="2" iotype="AI" name="Sensor24109_S" textname="test sensor 24109"/>
			<item id="24110" losttest="2" iotype="AI" name="Sensor24110_S" textname="test sensor 24110"/>
			<item id="24111" losttest="2" iotype="AI" name="Sensor24111_S" textname="test sensor 24111"/>
			<item id="24112" losttest="2" iotype="AI" name="Sensor24112_S" textname="test sensor 24112"/>
			<item id="24113" losttest="2" iotype="AI" name="Sensor24113_S" textname="test sensor 24113"/>
			<item id="24114" losttest="2" iotype="AI" name="Sensor24114_S" textname="test sensor 24114"/>
			<item id="24115" losttest="2" iotype="AI" name="Sensor24115_S" textname="test sensor 24115"/>
			<item id="24116" losttest="2" iotype="AI" name="Sensor24116_S" textname="test sensor 24116"/>
			<item id="24117" losttest="2" iotype="AI" name="Sensor24117_S" textname="test sensor 24117"/>
			<item id="24118" losttest="2" iotype="AI" name="Sensor24118_S" textname="test sensor 24118"/>
			<item id="24119" losttest="2" iotype="AI" name="Sensor24119_S" textname="test sensor 24119"/>
			<item id="24120" losttest="2" iotype="AI" name="Sensor24120_S" textname="test sensor 24120"/>
			<item id="24121" losttest="2" iotype="AI" name="Sensor24121_S" textname="test sensor 24121"/>
			<item id="24122" losttest="2" iotype="AI" name="Sensor24122_S" textname="test sensor 24122"/>
			<item id="24123" losttest="2" iotype="AI" name="Sensor24123_S" textname="test sensor 24123"/>
			<item id="24124" losttest="2" iotype="AI" name="Sensor24124_S" textname="test sensor 24124"/>
			<item id="24125" losttest="2" iotype="AI" name="Sensor24125_S" textname="test sensor 24125"/>
			<item id="24126" losttest="2" iotype="AI" name="Sensor24126_S" textname="test sensor 24126"/>
			<item id="24127" losttest="2" iotype="AI" name="Sensor24127_S" textname="test sensor 24127"/>
			<item id="24128" losttest="2" iotype="AI" name="Sensor24128_S" textname="test sensor 24128"/>
			<item id="24129" losttest="2" iotype="AI" name="Sensor24129_S" textname="test sensor 24129"/>
			<item id="24130" losttest="2" iotype="AI" name="Sensor24130_S" textname="test sensor 24130"/>
			<item id="24131" losttest="2" iotype="AI" name="Sensor24131_S" textname="test sensor 24131"/>
			<item id="24132" losttest="2" iotype="AI" name="Sensor24132_S" textname="test sensor 24132"/>
			<item id="24133" losttest="2" iotype="AI" name="Sensor24133_S" textname="test sensor 24133"/>
			<item id="24134" losttest="2" iotype="AI" name="Sensor24134_S" textname="test sensor 24134"/>
			<item id="24135" losttest="2" iotype="AI" name="Sensor24135_S" textname="test sensor 24135"/>
			<item id="24136" losttest="2" iotype="AI" name="Sensor24136_S" textname="test sensor 24136"/>
			<item id="24137" losttest="2" iotype="AI" name="Sensor24137_S" textname="test sensor 24137"/>
			<item id="24138" losttest="2" iotype="AI" name="Sensor24138_S" textname="test sensor 24138"/>
			<item id="24139" losttest="2" iotype="AI" name="Sensor24139_S" textname="test sensor 24139"/>
			<item id="24140" losttest="2" iotype="AI" name="Sensor24140_S" textname="test sensor 24140"/>
			<item id="24141" losttest="2" iotype="AI" name="Sensor24141_S" textname="test sensor 24141"/>
			<item id="24142" losttest="2" iotype="AI" name="Sensor24142_S" textname="test sensor 24142"/>
			<item id="24143" losttest="2" iotype="AI" name="Sensor24143_S" textname="test sensor 24143"/>
			<item id="24144" losttest="2" iotype="AI" name="Sensor24144_S" textname="test sensor 24144"/>
			<item id="24145" losttest="2" iotype="AI" name="Sensor24145_S" textname="test sensor 24145"/>
			<item id="24146" losttest="2" iotype="AI" name="Sensor24146_S" textname="test sensor 24146"/>
			<item id="24147" losttest="2" iotype="AI" name="Sensor24147_S" textname="test sensor 24147"/>
			<item id="24148" losttest="2" iotype="AI" name="Sensor24148_S" textname="test sensor 24148"/>
			<item id="24149" losttest="2" iotype="AI" name="Sensor24149_S" textname="test sensor 24149"/>
			<item id="24150" losttest="2" iotype="AI" name="Sensor24150_S" textname="test sensor 24150"/>
			<item id="24151" losttest="2" iotype="AI" name="Sensor24151_S" textname="test sensor 24151"/>
			<item id="24152" losttest="2" iotype="AI" name="Sensor24152_S" textname="test sensor 24152"/>
			<item id="24153" losttest="2" iotype="AI" name="Sensor24153_S" textname="test sensor 24153"/>
			<item id="24154" losttest="2" iotype="AI" name="Sensor24154_S" textname="test sensor 24154"/>
			<item id="24155" losttest="2" iotype="AI" name="Sensor24155_S" textname="test sensor 24155"/>
			<item id="24156" losttest="2" iotype="AI" name="Sensor24156_S" textname="test sensor 24156"/>
			<item id="24157" losttest="2" iotype="AI" name="Sensor24157_S" textname="test sensor 24157"/>
			<item id="24158" losttest="2" iotype="AI" name="Sensor24158_S" textname="test sensor 24158"/>
			<item id="24159" losttest="2" iotype="AI" name="Sensor24159_S" textname="test sensor 24159"/>
			<item id="24160" losttest="2" iotype="AI" name="Sensor24160_S" textname="test sensor 24160"/>
			<item id="24161" losttest="2" iotype="AI" name="Sensor24161_S" textname="test sensor 24161"/>
			<item id="24162" losttest="2" iotype="AI" name="Sensor24162_S" textname="test sensor 24162"/>
			<item id="24163" losttest="2" iotype="AI" name="Sensor24163_S" textname="test sensor 24163"/>
			<item id="24164" losttest="2" iotype="AI" name="Sensor24164_S" textname="test sensor 24164"/>
			<item id="24165" losttest="2" iotype="AI" name="Sensor24165_S" textname="test sensor 24165"/>
			<item id="24166" losttest="2" iotype="AI" name="Sensor24166_S" textname="test sensor 24166"/>
			<item id="24167" losttest="2" iotype="AI" name="Sensor24167_S" textname="test sensor 24167"/>
			<item id="24168" losttest="2" iotype="AI" name="Sensor24168_S" textname="test sensor 24168"/>
			<item id="24169" losttest="2" iotype="AI" name="Sensor24169_S" textname="test sensor 24169"/>
			<item id="24170" losttest="2" iotype="AI" name="Sensor24170_S" textname="test sensor 24170"/>
			<item id="24171" losttest="2" iotype="AI" name="Sensor24171_S" textname="test sensor 24171"/>
			<item id="24172" losttest="2" iotype="AI" name="Sensor24172_S" textname="test sensor 24172"/>
			<item id="24173" losttest="2" iotype="AI" name="Sensor24173_S" textname="test sensor 24173"/>
			<item id="24174" losttest="2" iotype="AI" name="Sensor24174_S" textname="test sensor 24174"/>
			<item id="24175" losttest="2" iotype="AI" name="Sensor24175_S" textname="test sensor 24175"/>
			<item id="24176" losttest="2" iotype="AI" name="Sensor24176_S" textname="test sensor 24176"/>
			<item id="24177" losttest="2" iotype="AI" name="Sensor24177_S" textname="test sensor 24177"/>
			<item id="24178" losttest="2" iotype="AI" name="Sensor24178_S" textname="test sensor 24178"/>
			<item id="24179" losttest="2" iotype="AI" name="Sensor24179_S" textname="test sensor 24179"/>
			<item id="24180" losttest="2" iotype="AI" name="Sensor24180_S" textname="test sensor 24180"/>
			<item id="24181" losttest="2" iotype="AI" name="Sensor24181_S" textname="test sensor 24181"/>
			<item id="24182" losttest="2" iotype="AI" name="Sensor24182_S" textname="test sensor 24182"/>
			<item id="24183" losttest="2" iotype="AI" name="Sensor24183_S" textname="test sensor 24183"/>
			<item id="24184" losttest="2" iotype="AI" name="Sensor24184_S" textname="test sensor 24184"/>
			<item id="24185" losttest="2" iotype="AI" name="Sensor24185_S" textname="test sensor 24185"/>
			<item id="24186" losttest="2" iotype="AI" name="Sensor24186_S" textname="test sensor 24186"/>
			<item id="24187" losttest="2" iotype="AI" name="Sensor24187_S" textname="test sensor 24187"/>
			<item id="24188" losttest="2" iotype="AI" name="Sensor24188_S" textname="test sensor 24188"/>
			<item id="24189" losttest="2" iotype="AI" name="Sensor24189_S" textname="test sensor 24189"/>
			<item id="24190" losttest="2" iotype="AI" name="Sensor24190_S" textname="test sensor 24190"/>
			<item id="24191" losttest="2" iotype="AI" name="Sensor24191_S" textname="test sensor 24191"/>
			<item id="24192" losttest="2" iotype="AI" name="Sensor24192_S" textname="test sensor 24192"/>
			<item id="24193" losttest="2" iotype="AI" name="Sensor24193_S" textname="test sensor 24193"/>
			<item id="24194" losttest="2" iotype="AI" name="Sensor24194_S" textname="test sensor 24194"/>
			<item id="24195" losttest="2" iotype="AI" name="Sensor24195_S" textname="test sensor 24195"/>
			<item id="24196" losttest="2" iotype="AI" name="Sensor24196_S" textname="test sensor 24196"/>
			<item id="24197" losttest="2" iotype="AI" name="Sensor24197_S" textname="test sensor 24197"/>
			<item id="24198" losttest="2" iotype="AI" name="Sensor24198_S" textname="test sensor 24198"/>
			<item id="24199" losttest="2" iotype="AI" name="Sensor24199_S" textname="test sensor 24199"/>
			<item id="24200" losttest="2" iotype="AI" name="Sensor24200_S" textname="test sensor 24200"/>
			<item id="24201" losttest="2" iotype="AI" name="Sensor24201_S" textname="test sensor 24201"/>
			<item id="24202" losttest="2" iotype="AI" name="Sensor24202_S" textname="test sensor 24202"/>
			<item id="24203" losttest="2" iotype="AI" name="Sensor24203_S" textname="test sensor 24203"/>
			<item id="24204" losttest="2" iotype="AI" name="Sensor24204_S" textname="test sensor 24204"/>
			<item id="24205" losttest="2" iotype="AI" name="Sensor24205_S" textname="test sensor 24205"/>
			<item id="24206" losttest="2" iotype="AI" name="Sensor24206_S" textname="test sensor 24206"/>
			<item id="24207" losttest="2" iotype="AI" name="Sensor24207_S" textname="test sensor 24207"/>
			<item id="24208" losttest="2" iotype="AI" name="Sensor24208_S" textname="test sensor 24208"/>
			<item id="24209" losttest="2" iotype="AI" name="Sensor24209_S" textname="test sensor 24209"/>
			<item id="24210" losttest="2" iotype="AI" name="Sensor24210_S" textname="test sensor 24210"/>
			<item id="24211" losttest="2" iotype="AI" name="Sensor24211_S" textname="test sensor 24211"/>
			<item id="24212" losttest="2" iotype="AI" name="Sensor24212_S" textname="test sensor 24212"/>
			<item id="24213" losttest="2" iotype="AI" name="Sensor24213_S" textname="test sensor 24213"/>
			<item id="24214" losttest="2" iotype="AI" name="Sensor24214_S" textname="test sensor 24214"/>
			<item id="24215" losttest="2" iotype="AI" name="Sensor24215_S" textname="test sensor 24215"/>
			<item id="24216" losttest="2" iotype="AI" name="Sensor24216_S" textname="test sensor 24216"/>
			<item id="24217" losttest="2" iotype="AI" name="Sensor24217_S" textname="test sensor 24217"/>
			<item id="24218" losttest="2" iotype="AI" name="Sensor24218_S" textname="test sensor 24218"/>
			<item id="24219" losttest="2" iotype="AI" name="Sensor24219_S" textname="test sensor 24219"/>
			<item id="24220" losttest="2" iotype="AI" name="Sensor24220_S" textname="test sensor 24220"/>
			<item id="24221" losttest="2" iotype="AI" name="Sensor24221_S" textname="test sensor 24221"/>
			<item id="24222" losttest="2" iotype="AI" name="Sensor24222_S" textname="test sensor 24222"/>
			<item id="24223" losttest="2" iotype="AI" name="Sensor24223_S" textname="test sensor 24223"/>
			<item id="24224" losttest="2" iotype="AI" name="Sensor24224_S" textname="test sensor 24224"/>
			<item id="24225" losttest="2" iotype="AI" name="Sensor24225_S" textname="test sensor 24225"/>
			<item id="24226" losttest="2" iotype="AI" name="Sensor24226_S" textname="test sensor 24226"/>
			<item id="24227" losttest="2" iotype="AI" name="Sensor24227_S" textname="test sensor 24227"/>
			<item id="24228" losttest="2" iotype="AI" name="Sensor24228_S" textname="test sensor 24228"/>
			<item id="24229" losttest="2" iotype="AI" name="Sensor24229_S" textname="test sensor 24229"/>
			<item id="24230" losttest="2" iotype="AI" name="Sensor24230_S" textname="test sensor 24230"/>
			<item id="24231" losttest="2" iotype="AI" name="Sensor24231_S" textname="test sensor 24231"/>
			<item id="24232" losttest="2" iotype="AI" name="Sensor24232_S" textname="test sensor 24232"/>
			<item id="24233" losttest="2" iotype="AI" name="Sensor24233_S" textname="test sensor 24233"/>
			<item id="24234" losttest="2" iotype="AI" name="Sensor24234_S" textname="test sensor 24234"/>
			<item id="24235" losttest="2" iotype="AI" name="Sensor24235_S" textname="test sensor 24235"/>
			<item id="24236" losttest="2" iotype="AI" name="Sensor24236_S" textname="test sensor 24236"/>
			<item id="24237" losttest="2" iotype="AI" name="Sensor24237_S" textname="test sensor 24237"/>
			<item id="24238" losttest="2" iotype="AI" name="Sensor24238_S" textname="test sensor 24238"/>
			<item id="24239" losttest="2" iotype="AI" name="Sensor24239_S" textname="test sensor 24239"/>
			<item id="24240" losttest="2" iotype="AI" name="Sensor24240_S" textname="test sensor 24240"/>
			<item id="24241" losttest="2" iotype="AI" name="Sensor24241_S" textname="test sensor 24241"/>
			<item id="24242" losttest="2" iotype="AI" name="Sensor24242_S" textname="test sensor 24242"/>
			<item id="24243" losttest="2" iotype="AI" name="Sensor24243_S" textname="test sensor 24243"/>
			<item id="24244" losttest="2" iotype="AI" name="Sensor24244_S" textname="test sensor 24244"/>
			<item id="24245" losttest="2" iotype="AI" name="Sensor24245_S" textname="test sensor 24245"/>
			<item id="24246" losttest="2" iotype="AI" name="Sensor24246_S" textname="test sensor 24246"/>
			<item id="24247" losttest="2" iotype="AI" name="Sensor24247_S" textname="test sensor 24247"/>
			<item id="24248" losttest="2" iotype="AI" name="Sensor24248_S" textname="test sensor 24248"/>
			<item id="24249" losttest="2" iotype="AI" name="Sensor24249_S" textname="test sensor 24249"/>
			<item id="24250" losttest="2" iotype="AI" name="Sensor24250_S" textname="test sensor 24250"/>
			<item id="24251" losttest="2" iotype="AI" name="Sensor24251_S" textname="test sensor 24251"/>
			<item id="24252" losttest="2" iotype="AI" name="Sensor24252_S" textname="test sensor 24252"/>
			<item id="24253" losttest="2" iotype="AI" name="Sensor24253_S" textname="test sensor 24253"/>
			<item id="24254" losttest="2" iotype="AI" name="Sensor24254_S" textname="test sensor 24254"/>
			<item id="24255" losttest="2" iotype="AI" name="Sensor24255_S" textname="test sensor 24255"/>
			<item id="24256" losttest="2" iotype="AI" name="Sensor24256_S" textname="test sensor 24256"/>
			<item id="24257" losttest="2" iotype="AI" name="Sensor24257_S" textname="test sensor 24257"/>
			<item id="24258" losttest="2" iotype="AI" name="Sensor24258_S" textname="test sensor 24258"/>
			<item id="24259" losttest="2" iotype="AI" name="Sensor24259_S" textname="test sensor 24259"/>
			<item id="24260" losttest="2" iotype="AI" name="Sensor24260_S" textname="test sensor 24260"/>
			<item id="24261" losttest="2" iotype="AI" name="Sensor24261_S" textname="test sensor 24261"/>
			<item id="24262" losttest="2" iotype="AI" name="Sensor24262_S" textname="test sensor 24262"/>
			<item id="24263" losttest="2" iotype="AI" name="Sensor24263_S" textname="test sensor 24263"/>
			<item id="24264" losttest="2" iotype="AI" name="Sensor24264_S" textname="test sensor 24264"/>
			<item id="24265" losttest="2" iotype="AI" name="Sensor24265_S" textname="test sensor 24265"/>
			<item id="24266" losttest="2" iotype="AI" name="Sensor24266_S" textname="test sensor 24266"/>
			<item id="24267" losttest="2" iotype="AI" name="Sensor24267_S" textname="test sensor 24267"/>
			<item id="24268" losttest="2" iotype="AI" name="Sensor24268_S" textname="test sensor 24268"/>
			<item id="24269" losttest="2" iotype="AI" name="Sensor24269_S" textname="test sensor 24269"/>
			<item id="24270" losttest="2" iotype="AI" name="Sensor24270_S" textname="test sensor 24270"/>
			<item id="24271" losttest="2" iotype="AI" name="Sensor24271_S" textname="test sensor 24271"/>
			<item id="24272" losttest="2" iotype="AI" name="Sensor24272_S" textname="test sensor 24272"/>
			<item id="24273" losttest="2" iotype="AI" name="Sensor24273_S" textname="test sensor 24273"/>
			<item id="24274" losttest="2" iotype="AI" name="Sensor24274_S" textname="test sensor 24274"/>
			<item id="24275" losttest="2" iotype="AI" name="Sensor24275_S" textname="test sensor 24275"/>
			<item id="24276" losttest="2" iotype="AI" name="Sensor24276_S" textname="test sensor 24276"/>
			<item id="24277" losttest="2" iotype="AI" name="Sensor24277_S" textname="test sensor 24277"/>
			<item id="24278" losttest="2" iotype="AI" name="Sensor24278_S" textname="test sensor 24278"/>
			<item id="24279" losttest="2" iotype="AI" name="Sensor24279_S" textname="test sensor 24279"/>
			<item id="24280" losttest="2" iotype="AI" name="Sensor24280_S" textname="test sensor 24280"/>
			<item id="24281" losttest="2" iotype="AI" name="Sensor24281_S" textname="test sensor 24281"/>
			<item id="24282" losttest="2" iotype="AI" name="Sensor24282_S" textname="test sensor 24282"/>
			<item id="24283" losttest="2" iotype="AI" name="Sensor24283_S" textname="test sensor 24283"/>
			<item id="24284" losttest="2" iotype="AI" name="Sensor24284_S" textname="test sensor 24284"/>
			<item id="24285" losttest="2" iotype="AI" name="Sensor24285_S" textname="test sensor 24285"/>
			<item id="24286" losttest="2" iotype="AI" name="Sensor24286_S" textname="test sensor 24286"/>
			<item id="24287" losttest="2" iotype="AI" name="Sensor24287_S" textname="test sensor 24287"/>
			<item id="24288" losttest="2" iotype="AI" name="Sensor24288_S" textname="test sensor 24288"/>
			<item id="24289" losttest="2" iotype="AI" name="Sensor24289_S" textname="test sensor 24289"/>
			<item id="24290" losttest="2" iotype="AI" name="Sensor24290_S" textname="test sensor 24290"/>
			<item id="24291" losttest="2" iotype="AI" name="Sensor24291_S" textname="test sensor 24291"/>
			<item id="24292" losttest="2" iotype="AI" name="Sensor24292_S" textname="test sensor 24292"/>
			<item id="24293" losttest="2" iotype="AI" name="Sensor24293_S" textname="test sensor 24293"/>
			<item id="24294" losttest="2" iotype="AI" name="Sensor24294_S" textname="test sensor 24294"/>
			<item id="24295" losttest="2" iotype="AI" name="Sensor24295_S" textname="test sensor 24295"/>
			<item id="24296" losttest="2" iotype="AI" name="Sensor24296_S" textname="test sensor 24296"/>
			<item id="24297" losttest="2" iotype="AI" name="Sensor24297_S" textname="test sensor 24297"/>
			<item id="24298" losttest="2" iotype="AI" name="Sensor24298_S" textname="test sensor 24298"/>
			<item id="24299" losttest="2" iotype="AI" name="Sensor24299_S" textname="test sensor 24299"/>
			<item id="24300" losttest="2" iotype="AI" name="Sensor24300_S" textname="test sensor 24300"/>
			<item id="24301" losttest="2" iotype="AI" name="Sensor24301_S" textname="test sensor 24301"/>
			<item id="24302" losttest="2" iotype="AI" name="Sensor24302_S" textname="test sensor 24302"/>
			<item id="24303" losttest="2" iotype="AI" name="Sensor24303_S" textname="test sensor 24303"/>
			<item id="24304" losttest="2" iotype="AI" name="Sensor24304_S" textname="test sensor 24304"/>
			<item id="24305" losttest="2" iotype="AI" name="Sensor24305_S" textname="test sensor 24305"/>
			<item id="24306" losttest="2" iotype="AI" name="Sensor24306_S" textname="test sensor 24306"/>
			<item id="24307" losttest="2" iotype="AI" name="Sensor24307_S" textname="test sensor 24307"/>
			<item id="24308" losttest="2" iotype="AI" name="Sensor24308_S" textname="test sensor 24308"/>
			<item id="24309" losttest="2" iotype="AI" name="Sensor24309_S" textname="test sensor 24309"/>
			<item id="24310" losttest="2" iotype="AI" name="Sensor24310_S" textname="test sensor 24310"/>
			<item id="24311" losttest="2" iotype="AI" name="Sensor24311_S" textname="test sensor 24311"/>
			<item id="24312" losttest="2" iotype="AI" name="Sensor24312_S" textname="test sensor 24312"/>
			<item id="24313" losttest="2" iotype="AI" name="Sensor24313_S" textname="test sensor 24313"/>
			<item id="24314" losttest="2" iotype="AI" name="Sensor24314_S" textname="test sensor 24314"/>
			<item id="24315" losttest="2" iotype="AI" name="Sensor24315_S" textname="test sensor 24315"/>
			<item id="24316" losttest="2" iotype="AI" name="Sensor24316_S" textname="test sensor 24316"/>
			<item id="24317" losttest="2" iotype="AI" name="Sensor24317_S" textname="test sensor 24317"/>
			<item id="24318" losttest="2" iotype="AI" name="Sensor24318_S" textname="test sensor 24318"/>
			<item id="24319" losttest="2" iotype="AI" name="Sensor24319_S" textname="test sensor 24319"/>
			<item id="24320" losttest="2" iotype="AI" name="Sensor24320_S" textname="test sensor 24320"/>
			<item id="24321" losttest="2" iotype="AI" name="Sensor24321_S" textname="test sensor 24321"/>
			<item id="24322" losttest="2" iotype="AI" name="Sensor24322_S" textname="test sensor 24322"/>
			<item id="24323" losttest="2" iotype="AI" name="Sensor24323_S" textname="test sensor 24323"/>
			<item id="24324" losttest="2" iotype="AI" name="Sensor24324_S" textname="test sensor 24324"/>
			<item id="24325" losttest="2" iotype="AI" name="Sensor24325_S" textname="test sensor 24325"/>
			<item id="24326" losttest="2" iotype="AI" name="Sensor24326_S" textname="test sensor 24326"/>
			<item id="24327" losttest="2" iotype="AI" name="Sensor24327_S" textname="test sensor 24327"/>
			<item id="24328" losttest="2" iotype="AI" name="Sensor24328_S" textname="test sensor 24328"/>
			<item id="24329" losttest="2" iotype="AI" name="Sensor24329_S" textname="test sensor 24329"/>
			<item id="24330" losttest="2" iotype="AI" name="Sensor24330_S" textname="test sensor 24330"/>
			<item id="24331" losttest="2" iotype="AI" name="Sensor24331_S" textname="test sensor 24331"/>
			<item id="24332" losttest="2" iotype="AI" name="Sensor24332_S" textname="test sensor 24332"/>
			<item id="24333" losttest="2" iotype="AI" name="Sensor24333_S" textname="test sensor 24333"/>
			<item id="24334" losttest="2" iotype="AI" name="Sensor24334_S" textname="test sensor 24334"/>
			<item id="24335" losttest="2" iotype="AI" name="Sensor24335_S" textname="test sensor 24335"/>
			<item id="24336" losttest="2" iotype="AI" name="Sensor24336_S" textname="test sensor 24336"/>
			<item id="24337" losttest="2" iotype="AI" name="Sensor24337_S" textname="test sensor 24337"/>
			<item id="24338" losttest="2" iotype="AI" name="Sensor24338_S" textname="test sensor 24338"/>
			<item id="24339" losttest="2" iotype="AI" name="Sensor24339_S" textname="test sensor 24339"/>
			<item id="24340" losttest="2" iotype="AI" name="Sensor24340_S" textname="test sensor 24340"/>
			<item id="24341" losttest="2" iotype="AI" name="Sensor24341_S" textname="test sensor 24341"/>
			<item id="24342" losttest="2" iotype="AI" name="Sensor24342_S" textname="test sensor 24342"/>
			<item id="24343" losttest="2" iotype="AI" name="Sensor24343_S" textname="test sensor 24343"/>
			<item id="24344" losttest="2" iotype="AI" name="Sensor24344_S" textname="test sensor 24344"/>
			<item id="24345" losttest="2" iotype="AI" name="Sensor24345_S" textname="test sensor 24345"/>
			<item id="24346" losttest="2" iotype="AI" name="Sensor24346_S" textname="test sensor 24346"/>
			<item id="24347" losttest="2" iotype="AI" name="Sensor24347_S" textname="test sensor 24347"/>
			<item id="24348" losttest="2" iotype="AI" name="Sensor24348_S" textname="test sensor 24348"/>
			<item id="24349" losttest="2" iotype="AI" name="Sensor24349_S" textname="test sensor 24349"/>
			<item id="24350" losttest="2" iotype="AI" name="Sensor24350_S" textname="test sensor 24350"/>
			<item id="24351" losttest="2" iotype="AI" name="Sensor24351_S" textname="test sensor 24351"/>
			<item id="24352" losttest="2" iotype="AI" name="Sensor24352_S" textname="test sensor 24352"/>
			<item id="24353" losttest="2" iotype="AI" name="Sensor24353_S" textname="test sensor 24353"/>
			<item id="24354" losttest="2" iotype="AI" name="Sensor24354_S" textname="test sensor 24354"/>
			<item id="24355" losttest="2" iotype="AI" name="Sensor24355_S" textname="test sensor 24355"/>
			<item id="24356" losttest="2" iotype="AI" name="Sensor24356_S" textname="test sensor 24356"/>
			<item id="24357" losttest="2" iotype="AI" name="Sensor24357_S" textname="test sensor 24357"/>
			<item id="24358" losttest="2" iotype="AI" name="Sensor24358_S" textname="test sensor 24358"/>
			<item id="24359" losttest="2" iotype="AI" name="Sensor24359_S" textname="test sensor 24359"/>
			<item id="24360" losttest="2" iotype="AI" name="Sensor24360_S" textname="test sensor 24360"/>
			<item id="24361" losttest="2" iotype="AI" name="Sensor24361_S" textname="test sensor 24361"/>
			<item id="24362" losttest="2" iotype="AI" name="Sensor24362_S" textname="test sensor 24362"/>
			<item id="24363" losttest="2" iotype="AI" name="Sensor24363_S" textname="test sensor 24363"/>
			<item id="24364" losttest="2" iotype="AI" name="Sensor24364_S" textname="test sensor 24364"/>
			<item id="24365" losttest="2" iotype="AI" name="Sensor24365_S" textname="test sensor 24365"/>
			<item id="24366" losttest="2" iotype="AI" name="Sensor24366_S" textname="test sensor 24366"/>
			<item id="24367" losttest="2" iotype="AI" name="Sensor24367_S" textname="test sensor 24367"/>
			<item id="24368" losttest="2" iotype="AI" name="Sensor24368_S" textname="test sensor 24368"/>
			<item id="24369" losttest="2" iotype="AI" name="Sensor24369_S" textname="test sensor 24369"/>
			<item id="24370" losttest="2" iotype="AI" name="Sensor24370_S" textname="test sensor 24370"/>
			<item id="24371" losttest="2" iotype="AI" name="Sensor24371_S" textname="test sensor 24371"/>
			<item id="24372" losttest="2" iotype="AI" name="Sensor24372_S" textname="test sensor 24372"/>
			<item id="24373" losttest="2" iotype="AI" name="Sensor24373_S" textname="test sensor 24373"/>
			<item id="24374" losttest="2" iotype="AI" name="Sensor24374_S" textname="test sensor 24374"/>
			<item id="24375" losttest="2" iotype="AI" name="Sensor24375_S" textname="test sensor 24375"/>
			<item id="24376" losttest="2" iotype="AI" name="Sensor24376_S" textname="test sensor 24376"/>
			<item id="24377" losttest="2" iotype="AI" name="Sensor24377_S" textname="test sensor 24377"/>
			<item id="24378" losttest="2" iotype="AI" name="Sensor24378_S" textname="test sensor 24378"/>
			<item id="24379" losttest="2" iotype="AI" name="Sensor24379_S" textname="test sensor 24379"/>
			<item id="24380" losttest="2" iotype="AI" name="Sensor24380_S" textname="test sensor 24380"/>
			<item id="24381" losttest="2" iotype="AI" name="Sensor24381_S" textname="test sensor 24381"/>
			<item id="24382" losttest="2" iotype="AI" name="Sensor24382_S" textname="test sensor 24382"/>
			<item id="24383" losttest="2" iotype="AI" name="Sensor24383_S" textname="test sensor 24383"/>
			<item id="24384" losttest="2" iotype="AI" name="Sensor24384_S" textname="test sensor 24384"/>
			<item id="24385" losttest="2" iotype="AI" name="Sensor24385_S" textname="test sensor 24385"/>
			<item id="24386" losttest="2" iotype="AI" name="Sensor24386_S" textname="test sensor 24386"/>
			<item id="24387" losttest="2" iotype="AI" name="Sensor24387_S" textname="test sensor 24387"/>
			<item id="24388" losttest="2" iotype="AI" name="Sensor24388_S" textname="test sensor 24388"/>
			<item id="24389" losttest="2" iotype="AI" name="Sensor24389_S" textname="test sensor 24389"/>
			<item id="24390" losttest="2" iotype="AI" name="Sensor24390_S" textname="test sensor 24390"/>
			<item id="24391" losttest="2" iotype="AI" name="Sensor24391_S" textname="test sensor 24391"/>
			<item id="24392" losttest="2" iotype="AI" name="Sensor24392_S" textname="test sensor 24392"/>
			<item id="24393" losttest="2" iotype="AI" name="Sensor24393_S" textname="test sensor 24393"/>
			<item id="24394" losttest="2" iotype="AI" name="Sensor24394_S" textname="test sensor 24394"/>
			<item id="24395" losttest="2" iotype="AI" name="Sensor24395_S" textname="test sensor 24395"/>
			<item id="24396" losttest="2" iotype="AI" name="Sensor24396_S" textname="test sensor 24396"/>
			<item id="24397" losttest="2" iotype="AI" name="Sensor24397_S" textname="test sensor 24397"/>
			<item id="24398" losttest="2" iotype="AI" name="Sensor24398_S" textname="test sensor 24398"/>
			<item id="24399" losttest="2" iotype="AI" name="Sensor24399_S" textname="test sensor 24399"/>
			<item id="24400" losttest="2" iotype="AI" name="Sensor24400_S" textname="test sensor 24400"/>
			<item id="24401" losttest="2" iotype="AI" name="Sensor24401_S" textname="test sensor 24401"/>
			<item id="24402" losttest="2" iotype="AI" name="Sensor24402_S" textname="test sensor 24402"/>
			<item id="24403" losttest="2" iotype="AI" name="Sensor24403_S" textname="test sensor 24403"/>
			<item id="24404" losttest="2" iotype="AI" name="Sensor24404_S" textname="test sensor 24404"/>
			<item id="24405" losttest="2" iotype="AI" name="Sensor24405_S" textname="test sensor 24405"/>
			<item id="24406" losttest="2" iotype="AI" name="Sensor24406_S" textname="test sensor 24406"/>
			<item id="24407" losttest="2" iotype="AI" name="Sensor24407_S" textname="test sensor 24407"/>
			<item id="24408" losttest="2" iotype="AI" name="Sensor24408_S" textname="test sensor 24408"/>
			<item id="24409" losttest="2" iotype="AI" name="Sensor24409_S" textname="test sensor 24409"/>
			<item id="24410" losttest="2" iotype="AI" name="Sensor24410_S" textname="test sensor 24410"/>
			<item id="24411" losttest="2" iotype="AI" name="Sensor24411_S" textname="test sensor 24411"/>
			<item id="24412" losttest="2" iotype="AI" name="Sensor24412_S" textname="test sensor 24412"/>
			<item id="24413" losttest="2" iotype="AI" name="Sensor24413_S" textname="test sensor 24413"/>
			<item id="24414" losttest="2" iotype="AI" name="Sensor24414_S" textname="test sensor 24414"/>
			<item id="24415" losttest="2" iotype="AI" name="Sensor24415_S" textname="test sensor 24415"/>
			<item id="24416" losttest="2" iotype="AI" name="Sensor24416_S" textname="test sensor 24416"/>
			<item id="24417" losttest="2" iotype="AI" name="Sensor24417_S" textname="test sensor 24417"/>
			<item id="24418" losttest="2" iotype="AI" name="Sensor24418_S" textname="test sensor 24418"/>
			<item id="24419" losttest="2" iotype="AI" name="Sensor24419_S" textname="test sensor 24419"/>
			<item id="24420" losttest="2" iotype="AI" name="Sensor24420_S" textname="test sensor 24420"/>
			<item id="24421" losttest="2" iotype="AI" name="Sensor24421_S" textname="test sensor 24421"/>
			<item id="24422" losttest="2" iotype="AI" name="Sensor24422_S" textname="test sensor 24422"/>
			<item id="24423" losttest="2" iotype="AI" name="Sensor24423_S" textname="test sensor 24423"/>
			<item id="24424" losttest="2" iotype="AI" name="Sensor24424_S" textname="test sensor 24424"/>
			<item id="24425" losttest="2" iotype="AI" name="Sensor24425_S" textname="test sensor 24425"/>
			<item id="24426" losttest="2" iotype="AI" name="Sensor24426_S" textname="test sensor 24426"/>
			<item id="24427" losttest="2" iotype="AI" name="Sensor24427_S" textname="test sensor 24427"/>
			<item id="24428" losttest="2" iotype="AI" name="Sensor24428_S" textname="test sensor 24428"/>
			<item id="24429" losttest="2" iotype="AI" name="Sensor24429_S" textname="test sensor 24429"/>
			<item id="24430" losttest="2" iotype="AI" name="Sensor24430_S" textname="test sensor 24430"/>
			<item id="24431" losttest="2" iotype="AI" name="Sensor24431_S" textname="test sensor 24431"/>
			<item id="24432" losttest="2" iotype="AI" name="Sensor24432_S" textname="test sensor 24432"/>
			<item id="24433" losttest="2" iotype="AI" name="Sensor24433_S" textname="test sensor 24433"/>
			<item id="24434" losttest="2" iotype="AI" name="Sensor24434_S" textname="test sensor 24434"/>
			<item id="24435" losttest="2" iotype="AI" name="Sensor24435_S" textname="test sensor 24435"/>
			<item id="24436" losttest="2" iotype="AI" name="Sensor24436_S" textname="test sensor 24436"/>
			<item id="24437" losttest="2" iotype="AI" name="Sensor24437_S" textname="test sensor 24437"/>
			<item id="24438" losttest="2" iotype="AI" name="Sensor24438_S" textname="test sensor 24438"/>
			<item id="24439" losttest="2" iotype="AI" name="Sensor24439_S" textname="test sensor 24439"/>
			<item id="24440" losttest="2" iotype="AI" name="Sensor24440_S" textname="test sensor 24440"/>
			<item id="24441" losttest="2" iotype="AI" name="Sensor24441_S" textname="test sensor 24441"/>
			<item id="24442" losttest="2" iotype="AI" name="Sensor24442_S" textname="test sensor 24442"/>
			<item id="24443" losttest="2" iotype="AI" name="Sensor24443_S" textname="test sensor 24443"/>
			<item id="24444" losttest="2" iotype="AI" name="Sensor24444_S" textname="test sensor 24444"/>
			<item id="24445" losttest="2" iotype="AI" name="Sensor24445_S" textname="test sensor 24445"/>
			<item id="24446" losttest="2" iotype="AI" name="Sensor24446_S" textname="test sensor 24446"/>
			<item id="24447" losttest="2" iotype="AI" name="Sensor24447_S" textname="test sensor 24447"/>
			<item id="24448" losttest="2" iotype="AI" name="Sensor24448_S" textname="test sensor 24448"/>
			<item id="24449" losttest="2" iotype="AI" name="Sensor24449_S" textname="test sensor 24449"/>
			<item id="24450" losttest="2" iotype="AI" name="Sensor24450_S" textname="test sensor 24450"/>
			<item id="24451" losttest="2" iotype="AI" name="Sensor24451_S" textname="test sensor 24451"/>
			<item id="24452" losttest="2" iotype="AI" name="Sensor24452_S" textname="test sensor 24452"/>
			<item id="24453" losttest="2" iotype="AI" name="Sensor24453_S" textname="test sensor 24453"/>
			<item id="24454" losttest="2" iotype="AI" name="Sensor24454_S" textname="test sensor 24454"/>
			<item id="24455" losttest="2" iotype="AI" name="Sensor24455_S" textname="test sensor 24455"/>
			<item id="24456" losttest="2" iotype="AI" name="Sensor24456_S" textname="test sensor 24456"/>
			<item id="24457" losttest="2" iotype="AI" name="Sensor24457_S" textname="test sensor 24457"/>
			<item id="24458" losttest="2" iotype="AI" name="Sensor24458_S" textname="test sensor 24458"/>
			<item id="24459" losttest="2" iotype="AI" name="Sensor24459_S" textname="test sensor 24459"/>
			<item id="24460" losttest="2" iotype="AI" name="Sensor24460_S" textname="test sensor 24460"/>
			<item id="24461" losttest="2" iotype="AI" name="Sensor24461_S" textname="test sensor 24461"/>
			<item id="24462" losttest="2" iotype="AI" name="Sensor24462_S" textname="test sensor 24462"/>
			<item id="24463" losttest="2" iotype="AI" name="Sensor24463_S" textname="test sensor 24463"/>
			<item id="24464" losttest="2" iotype="AI" name="Sensor24464_S" textname="test sensor 24464"/>
			<item id="24465" losttest="2" iotype="AI" name="Sensor24465_S" textname="test sensor 24465"/>
			<item id="24466" losttest="2" iotype="AI" name="Sensor24466_S" textname="test sensor 24466"/>
			<item id="24467" losttest="2" iotype="AI" name="Sensor24467_S" textname="test sensor 24467"/>
			<item id="24468" losttest="2" iotype="AI" name="Sensor24468_S" textname="test sensor 24468"/>
			<item id="24469" losttest="2" iotype="AI" name="Sensor24469_S" textname="test sensor 24469"/>
			<item id="24470" losttest="2" iotype="AI" name="Sensor24470_S" textname="test sensor 24470"/>
			<item id="24471" losttest="2" iotype="AI" name="Sensor24471_S" textname="test sensor 24471"/>
			<item id="24472" losttest="2" iotype="AI" name="Sensor24472_S" textname="test sensor 24472"/>
			<item id="24473" losttest="2" iotype="AI" name="Sensor24473_S" textname="test sensor 24473"/>
			<item id="24474" losttest="2" iotype="AI" name="Sensor24474_S" textname="test sensor 24474"/>
			<item id="24475" losttest="2" iotype="AI" name="Sensor24475_S" textname="test sensor 24475"/>
			<item id="24476" losttest="2" iotype="AI" name="Sensor24476_S" textname="test sensor 24476"/>
			<item id="24477" losttest="2" iotype="AI" name="Sensor24477_S" textname="test sensor 24477"/>
			<item id="24478" losttest="2" iotype="AI" name="Sensor24478_S" textname="test sensor 24478"/>
			<item id="24479" losttest="2" iotype="AI" name="Sensor24479_S" textname="test sensor 24479"/>
			<item id="24480" losttest="2" iotype="AI" name="Sensor24480_S" textname="test sensor 24480"/>
			<item id="24481" losttest="2" iotype="AI" name="Sensor24481_S" textname="test sensor 24481"/>
			<item id="24482" losttest="2" iotype="AI" name="Sensor24482_S" textname="test sensor 24482"/>
			<item id="24483" losttest="2" iotype="AI" name="Sensor24483_S" textname="test sensor 24483"/>
			<item id="24484" losttest="2" iotype="AI" name="Sensor24484_S" textname="test sensor 24484"/>
			<item id="24485" losttest="2" iotype="AI" name="Sensor24485_S" textname="test sensor 24485"/>
			<item id="24486" losttest="2" iotype="AI" name="Sensor24486_S" textname="test sensor 24486"/>
			<item id="24487" losttest="2" iotype="AI" name="Sensor24487_S" textname="test sensor 24487"/>
			<item id="24488" losttest="2" iotype="AI" name="Sensor24488_S" textname="test sensor 24488"/>
			<item id="24489" losttest="2" iotype="AI" name="Sensor24489_S" textname="test sensor 24489"/>
			<item id="24490" losttest="2" iotype="AI" name="Sensor24490_S" textname="test sensor 24490"/>
			<item id="24491" losttest="2" iotype="AI" name="Sensor24491_S" textname="test sensor 24491"/>
			<item id="24492" losttest="2" iotype="AI" name="Sensor24492_S" textname="test sensor 24492"/>
			<item id="24493" losttest="2" iotype="AI" name="Sensor24493_S" textname="test sensor 24493"/>
			<item id="24494" losttest="2" iotype="AI" name="Sensor24494_S" textname="test sensor 24494"/>
			<item id="24495" losttest="2" iotype="AI" name="Sensor24495_S" textname="test sensor 24495"/>
			<item id="24496" losttest="2" iotype="AI" name="Sensor24496_S" textname="test sensor 24496"/>
			<item id="24497" losttest="2" iotype="AI" name="Sensor24497_S" textname="test sensor 24497"/>
			<item id="24498" losttest="2" iotype="AI" name="Sensor24498_S" textname="test sensor 24498"/>
			<item id="24499" losttest="2" iotype="AI" name="Sensor24499_S" textname="test sensor 24499"/>
			<item id="24500" losttest="2" iotype="AI" name="Sensor24500_S" textname="test sensor 24500"/>
			<item id="24501" losttest="2" iotype="AI" name="Sensor24501_S" textname="test sensor 24501"/>
			<item id="24502" losttest="2" iotype="AI" name="Sensor24502_S" textname="test sensor 24502"/>
			<item id="24503" losttest="2" iotype="AI" name="Sensor24503_S" textname="test sensor 24503"/>
			<item id="24504" losttest="2" iotype="AI" name="Sensor24504_S" textname="test sensor 24504"/>
			<item id="24505" losttest="2" iotype="AI" name="Sensor24505_S" textname="test sensor 24505"/>
			<item id="24506" losttest="2" iotype="AI" name="Sensor24506_S" textname="test sensor 24506"/>
			<item id="24507" losttest="2" iotype="AI" name="Sensor24507_S" textname="test sensor 24507"/>
			<item id="24508" losttest="2" iotype="AI" name="Sensor24508_S" textname="test sensor 24508"/>
			<item id="24509" losttest="2" iotype="AI" name="Sensor24509_S" textname="test sensor 24509"/>
			<item id="24510" losttest="2" iotype="AI" name="Sensor24510_S" textname="test sensor 24510"/>
			<item id="24511" losttest="2" iotype="AI" name="Sensor24511_S" textname="test sensor 24511"/>
			<item id="24512" losttest="2" iotype="AI" name="Sensor24512_S" textname="test sensor 24512"/>
			<item id="24513" losttest="2" iotype="AI" name="Sensor24513_S" textname="test sensor 24513"/>
			<item id="24514" losttest="2" iotype="AI" name="Sensor24514_S" textname="test sensor 24514"/>
			<item id="24515" losttest="2" iotype="AI" name="Sensor24515_S" textname="test sensor 24515"/>
			<item id="24516" losttest="2" iotype="AI" name="Sensor24516_S" textname="test sensor 24516"/>
			<item id="24517" losttest="2" iotype="AI" name="Sensor24517_S" textname="test sensor 24517"/>
			<item id="24518" losttest="2" iotype="AI" name="Sensor24518_S" textname="test sensor 24518"/>
			<item id="24519" losttest="2" iotype="AI" name="Sensor24519_S" textname="test sensor 24519"/>
			<item id="24520" losttest="2" iotype="AI" name="Sensor24520_S" textname="test sensor 24520"/>
			<item id="24521" losttest="2" iotype="AI" name="Sensor24521_S" textname="test sensor 24521"/>
			<item id="24522" losttest="2" iotype="AI" name="Sensor24522_S" textname="test sensor 24522"/>
			<item id="24523" losttest="2" iotype="AI" name="Sensor24523_S" textname="test sensor 24523"/>
			<item id="24524" losttest="2" iotype="AI" name="Sensor24524_S" textname="test sensor 24524"/>
			<item id="24525" losttest="2" iotype="AI" name="Sensor24525_S" textname="test sensor 24525"/>
			<item id="24526" losttest="2" iotype="AI" name="Sensor24526_S" textname="test sensor 24526"/>
			<item id="24527" losttest="2" iotype="AI" name="Sensor24527_S" textname="test sensor 24527"/>
			<item id="24528" losttest="2" iotype="AI" name="Sensor24528_S" textname="test sensor 24528"/>
			<item id="24529" losttest="2" iotype="AI" name="Sensor24529_S" textname="test sensor 24529"/>
			<item id="24530" losttest="2" iotype="AI" name="Sensor24530_S" textname="test sensor 24530"/>
			<item id="24531" losttest="2" iotype="AI" name="Sensor24531_S" textname="test sensor 24531"/>
			<item id="24532" losttest="2" iotype="AI" name="Sensor24532_S" textname="test sensor 24532"/>
			<item id="24533" losttest="2" iotype="AI" name="Sensor24533_S" textname="test sensor 24533"/>
			<item id="24534" losttest="2" iotype="AI" name="Sensor24534_S" textname="test sensor 24534"/>
			<item id="24535" losttest="2" iotype="AI" name="Sensor24535_S" textname="test sensor 24535"/>
			<item id="24536" losttest="2" iotype="AI" name="Sensor24536_S" textname="test sensor 24536"/>
			<item id="24537" losttest="2" iotype="AI" name="Sensor24537_S" textname="test sensor 24537"/>
			<item id="24538" losttest="2" iotype="AI" name="Sensor24538_S" textname="test sensor 24538"/>
			<item id="24539" losttest="2" iotype="AI" name="Sensor24539_S" textname="test sensor 24539"/>
			<item id="24540" losttest="2" iotype="AI" name="Sensor24540_S" textname="test sensor 24540"/>
			<item id="24541" losttest="2" iotype="AI" name="Sensor24541_S" textname="test sensor 24541"/>
			<item id="24542" losttest="2" iotype="AI" name="Sensor24542_S" textname="test sensor 24542"/>
			<item id="24543" losttest="2" iotype="AI" name="Sensor24543_S" textname="test sensor 24543"/>
			<item id="24544" losttest="2" iotype="AI" name="Sensor24544_S" textname="test sensor 24544"/>
			<item id="24545" losttest="2" iotype="AI" name="Sensor24545_S" textname="test sensor 24545"/>
			<item id="24546" losttest="2" iotype="AI" name="Sensor24546_S" textname="test sensor 24546"/>
			<item id="24547" losttest="2" iotype="AI" name="Sensor24547_S" textname="test sensor 24547"/>
			<item id="24548" losttest="2" iotype="AI" name="Sensor24548_S" textname="test sensor 24548"/>
			<item id="24549" losttest="2" iotype="AI" name="Sensor24549_S" textname="test sensor 24549"/>
			<item id="24550" losttest="2" iotype="AI" name="Sensor24550_S" textname="test sensor 24550"/>
			<item id="24551" losttest="2" iotype="AI" name="Sensor24551_S" textname="test sensor 24551"/>
			<item id="24552" losttest="2" iotype="AI" name="Sensor24552_S" textname="test sensor 24552"/>
			<item id="24553" losttest="2" iotype="AI" name="Sensor24553_S" textname="test sensor 24553"/>
			<item id="24554" losttest="2" iotype="AI" name="Sensor24554_S" textname="test sensor 24554"/>
			<item id="24555" losttest="2" iotype="AI" name="Sensor24555_S" textname="test sensor 24555"/>
			<item id="24556" losttest="2" iotype="AI" name="Sensor24556_S" textname="test sensor 24556"/>
			<item id="24557" losttest="2" iotype="AI" name="Sensor24557_S" textname="test sensor 24557"/>
			<item id="24558" losttest="2" iotype="AI" name="Sensor24558_S" textname="test sensor 24558"/>
			<item id="24559" losttest="2" iotype="AI" name="Sensor24559_S" textname="test sensor 24559"/>
			<item id="24560" losttest="2" iotype="AI" name="Sensor24560_S" textname="test sensor 24560"/>
			<item id="24561" losttest="2" iotype="AI" name="Sensor24561_S" textname="test sensor 24561"/>
			<item id="24562" losttest="2" iotype="AI" name="Sensor24562_S" textname="test sensor 24562"/>
			<item id="24563" losttest="2" iotype="AI" name="Sensor24563_S" textname="test sensor 24563"/>
			<item id="24564" losttest="2" iotype="AI" name="Sensor24564_S" textname="test sensor 24564"/>
			<item id="24565" losttest="2" iotype="AI" name="Sensor24565_S" textname="test sensor 24565"/>
			<item id="24566" losttest="2" iotype="AI" name="Sensor24566_S" textname="test sensor 24566"/>
			<item id="24567" losttest="2" iotype="AI" name="Sensor24567_S" textname="test sensor 24567"/>
			<item id="24568" losttest="2" iotype="AI" name="Sensor24568_S" textname="test sensor 24568"/>
			<item id="24569" losttest="2" iotype="AI" name="Sensor24569_S" textname="test sensor 24569"/>
			<item id="24570" losttest="2" iotype="AI" name="Sensor24570_S" textname="test sensor 24570"/>
			<item id="24571" losttest="2" iotype="AI" name="Sensor24571_S" textname="test sensor 24571"/>
			<item id="24572" losttest="2" iotype="AI" name="Sensor24572_S" textname="test sensor 24572"/>
			<item id="24573" losttest="2" iotype="AI" name="Sensor24573_S" textname="test sensor 24573"/>
			<item id="24574" losttest="2" iotype="AI" name="Sensor24574_S" textname="test sensor 24574"/>
			<item id="24575" losttest="2" iotype="AI" name="Sensor24575_S" textname="test sensor 24575"/>
			<item id="24576" losttest="2" iotype="AI" name="Sensor24576_S" textname="test sensor 24576"/>
			<item id="24577" losttest="2" iotype="AI" name="Sensor24577_S" textname="test sensor 24577"/>
			<item id="24578" losttest="2" iotype="AI" name="Sensor24578_S" textname="test sensor 24578"/>
			<item id="24579" losttest="2" iotype="AI" name="Sensor24579_S" textname="test sensor 24579"/>
			<item id="24580" losttest="2" iotype="AI" name="Sensor24580_S" textname="test sensor 24580"/>
			<item id="24581" losttest="2" iotype="AI" name="Sensor24581_S" textname="test sensor 24581"/>
			<item id="24582" losttest="2" iotype="AI" name="Sensor24582_S" textname="test sensor 24582"/>
			<item id="24583" losttest="2" iotype="AI" name="Sensor24583_S" textname="test sensor 24583"/>
			<item id="24584" losttest="2" iotype="AI" name="Sensor24584_S" textname="test sensor 24584"/>
			<item id="24585" losttest="2" iotype="AI" name="Sensor24585_S" textname="test sensor 24585"/>
			<item id="24586" losttest="2" iotype="AI" name="Sensor24586_S" textname="test sensor 24586"/>
			<item id="24587" losttest="2" iotype="AI" name="Sensor24587_S" textname="test sensor 24587"/>
			<item id="24588" losttest="2" iotype="AI" name="Sensor24588_S" textname="test sensor 24588"/>
			<item id="24589" losttest="2" iotype="AI" name="Sensor24589_S" textname="test sensor 24589"/>
			<item id="24590" losttest="2" iotype="AI" name="Sensor24590_S" textname="test sensor 24590"/>
			<item id="24591" losttest="2" iotype="AI" name="Sensor24591_S" textname="test sensor 24591"/>
			<item id="24592" losttest="2" iotype="AI" name="Sensor24592_S" textname="test sensor 24592"/>
			<item id="24593" losttest="2" iotype="AI" name="Sensor24593_S" textname="test sensor 24593"/>
			<item id="24594" losttest="2" iotype="AI" name="Sensor24594_S" textname="test sensor 24594"/>
			<item id="24595" losttest="2" iotype="AI" name="Sensor24595_S" textname="test sensor 24595"/>
			<item id="24596" losttest="2" iotype="AI" name="Sensor24596_S" textname="test sensor 24596"/>
			<item id="24597" losttest="2" iotype="AI" name="Sensor24597_S" textname="test sensor 24597"/>
			<item id="24598" losttest="2" iotype="AI" name="Sensor24598_S" textname="test sensor 24598"/>
			<item id="24599" losttest="2" iotype="AI" name="Sensor24599_S" textname="test sensor 24599"/>
			<item id="24600" losttest="2" iotype="AI" name="Sensor24600_S" textname="test sensor 24600"/>
			<item id="24601" losttest="2" iotype="AI" name="Sensor24601_S" textname="test sensor 24601"/>
			<item id="24602" losttest="2" iotype="AI" name="Sensor24602_S" textname="test sensor 24602"/>
			<item id="24603" losttest="2" iotype="AI" name="Sensor24603_S" textname="test sensor 24603"/>
			<item id="24604" losttest="2" iotype="AI" name="Sensor24604_S" textname="test sensor 24604"/>
			<item id="24605" losttest="2" iotype="AI" name="Sensor24605_S" textname="test sensor 24605"/>
			<item id="24606" losttest="2" iotype="AI" name="Sensor24606_S" textname="test sensor 24606"/>
			<item id="24607" losttest="2" iotype="AI" name="Sensor24607_S" textname="test sensor 24607"/>
			<item id="24608" losttest="2" iotype="AI" name="Sensor24608_S" textname="test sensor 24608"/>
			<item id="24609" losttest="2" iotype="AI" name="Sensor24609_S" textname="test sensor 24609"/>
			<item id="24610" losttest="2" iotype="AI" name="Sensor24610_S" textname="test sensor 24610"/>
			<item id="24611" losttest="2" iotype="AI" name="Sensor24611_S" textname="test sensor 24611"/>
			<item id="24612" losttest="2" iotype="AI" name="Sensor24612_S" textname="test sensor 24612"/>
			<item id="24613" losttest="2" iotype="AI" name="Sensor24613_S" textname="test sensor 24613"/>
			<item id="24614" losttest="2" iotype="AI" name="Sensor24614_S" textname="test sensor 24614"/>
			<item id="24615" losttest="2" iotype="AI" name="Sensor24615_S" textname="test sensor 24615"/>
			<item id="24616" losttest="2" iotype="AI" name="Sensor24616_S" textname="test sensor 24616"/>
			<item id="24617" losttest="2" iotype="AI" name="Sensor24617_S" textname="test sensor 24617"/>
			<item id="24618" losttest="2" iotype="AI" name="Sensor24618_S" textname="test sensor 24618"/>
			<item id="24619" losttest="2" iotype="AI" name="Sensor24619_S" textname="test sensor 24619"/>
			<item id="24620" losttest="2" iotype="AI" name="Sensor24620_S" textname="test sensor 24620"/>
			<item id="24621" losttest="2" iotype="AI" name="Sensor24621_S" textname="test sensor 24621"/>
			<item id="24622" losttest="2" iotype="AI" name="Sensor24622_S" textname="test sensor 24622"/>
			<item id="24623" losttest="2" iotype="AI" name="Sensor24623_S" textname="test sensor 24623"/>
			<item id="24624" losttest="2" iotype="AI" name="Sensor24624_S" textname="test sensor 24624"/>
			<item id="24625" losttest="2" iotype="AI" name="Sensor24625_S" textname="test sensor 24625"/>
			<item id="24626" losttest="2" iotype="AI" name="Sensor24626_S" textname="test sensor 24626"/>
			<item id="24627" losttest="2" iotype="AI" name="Sensor24627_S" textname="test sensor 24627"/>
			<item id="24628" losttest="2" iotype="AI" name="Sensor24628_S" textname="test sensor 24628"/>
			<item id="24629" losttest="2" iotype="AI" name="Sensor24629_S" textname="test sensor 24629"/>
			<item id="24630" losttest="2" iotype="AI" name="Sensor24630_S" textname="test sensor 24630"/>
			<item id="24631" losttest="2" iotype="AI" name="Sensor24631_S" textname="test sensor 24631"/>
			<item id="24632" losttest="2" iotype="AI" name="Sensor24632_S" textname="test sensor 24632"/>
			<item id="24633" losttest="2" iotype="AI" name="Sensor24633_S" textname="test sensor 24633"/>
			<item id="24634" losttest="2" iotype="AI" name="Sensor24634_S" textname="test sensor 24634"/>
			<item id="24635" losttest="2" iotype="AI" name="Sensor24635_S" textname="test sensor 24635"/>
			<item id="24636" losttest="2" iotype="AI" name="Sensor24636_S" textname="test sensor 24636"/>
			<item id="24637" losttest="2" iotype="AI" name="Sensor24637_S" textname="test sensor 24637"/>
			<item id="24638" losttest="2" iotype="AI" name="Sensor24638_S" textname="test sensor 24638"/>
			<item id="24639" losttest="2" iotype="AI" name="Sensor24639_S" textname="test sensor 24639"/>
			<item id="24640" losttest="2" iotype="AI" name="Sensor24640_S" textname="test sensor 24640"/>
			<item id="24641" losttest="2" iotype="AI" name="Sensor24641_S" textname="test sensor 24641"/>
			<item id="24642" losttest="2" iotype="AI" name="Sensor24642_S" textname="test sensor 24642"/>
			<item id="24643" losttest="2" iotype="AI" name="Sensor24643_S" textname="test sensor 24643"/>
			<item id="24644" losttest="2" iotype="AI" name="Sensor24644_S" textname="test sensor 24644"/>
			<item id="24645" losttest="2" iotype="AI" name="Sensor24645_S" textname="test sensor 24645"/>
			<item id="24646" losttest="2" iotype="AI" name="Sensor24646_S" textname="test sensor 24646"/>
			<item id="24647" losttest="2" iotype="AI" name="Sensor24647_S" textname="test sensor 24647"/>
			<item id="24648" losttest="2" iotype="AI" name="Sensor24648_S" textname="test sensor 24648"/>
			<item id="24649" losttest="2" iotype="AI" name="Sensor24649_S" textname="test sensor 24649"/>
			<item id="24650" losttest="2" iotype="AI" name="Sensor24650_S" textname="test sensor 24650"/>
			<item id="24651" losttest="2" iotype="AI" name="Sensor24651_S" textname="test sensor 24651"/>
			<item id="24652" losttest="2" iotype="AI" name="Sensor24652_S" textname="test sensor 24652"/>
			<item id="24653" losttest="2" iotype="AI" name="Sensor24653_S" textname="test sensor 24653"/>
			<item id="24654" losttest="2" iotype="AI" name="Sensor24654_S" textname="test sensor 24654"/>
			<item id="24655" losttest="2" iotype="AI" name="Sensor24655_S" textname="test sensor 24655"/>
			<item id="24656" losttest="2" iotype="AI" name="Sensor24656_S" textname="test sensor 24656"/>
			<item id="24657" losttest="2" iotype="AI" name="Sensor24657_S" textname="test sensor 24657"/>
			<item id="24658" losttest="2" iotype="AI" name="Sensor24658_S" textname="test sensor 24658"/>
			<item id="24659" losttest="2" iotype="AI" name="Sensor24659_S" textname="test sensor 24659"/>
			<item id="24660" losttest="2" iotype="AI" name="Sensor24660_S" textname="test sensor 24660"/>
			<item id="24661" losttest="2" iotype="AI" name="Sensor24661_S" textname="test sensor 24661"/>
			<item id="24662" losttest="2" iotype="AI" name="Sensor24662_S" textname="test sensor 24662"/>
			<item id="24663" losttest="2" iotype="AI" name="Sensor24663_S" textname="test sensor 24663"/>
			<item id="24664" losttest="2" iotype="AI" name="Sensor24664_S" textname="test sensor 24664"/>
			<item id="24665" losttest="2" iotype="AI" name="Sensor24665_S" textname="test sensor 24665"/>
			<item id="24666" losttest="2" iotype="AI" name="Sensor24666_S" textname="test sensor 24666"/>
			<item id="24667" losttest="2" iotype="AI" name="Sensor24667_S" textname="test sensor 24667"/>
			<item id="24668" losttest="2" iotype="AI" name="Sensor24668_S" textname="test sensor 24668"/>
			<item id="24669" losttest="2" iotype="AI" name="Sensor24669_S" textname="test sensor 24669"/>
			<item id="24670" losttest="2" iotype="AI" name="Sensor24670_S" textname="test sensor 24670"/>
			<item id="24671" losttest="2" iotype="AI" name="Sensor24671_S" textname="test sensor 24671"/>
			<item id="24672" losttest="2" iotype="AI" name="Sensor24672_S" textname="test sensor 24672"/>
			<item id="24673" losttest="2" iotype="AI" name="Sensor24673_S" textname="test sensor 24673"/>
			<item id="24674" losttest="2" iotype="AI" name="Sensor24674_S" textname="test sensor 24674"/>
			<item id="24675" losttest="2" iotype="AI" name="Sensor24675_S" textname="test sensor 24675"/>
			<item id="24676" losttest="2" iotype="AI" name="Sensor24676_S" textname="test sensor 24676"/>
			<item id="24677" losttest="2" iotype="AI" name="Sensor24677_S" textname="test sensor 24677"/>
			<item id="24678" losttest="2" iotype="AI" name="Sensor24678_S" textname="test sensor 24678"/>
			<item id="24679" losttest="2" iotype="AI" name="Sensor24679_S" textname="test sensor 24679"/>
			<item id="24680" losttest="2" iotype="AI" name="Sensor24680_S" textname="test sensor 24680"/>
			<item id="24681" losttest="2" iotype="AI" name="Sensor24681_S" textname="test sensor 24681"/>
			<item id="24682" losttest="2" iotype="AI" name="Sensor24682_S" textname="test sensor 24682"/>
			<item id="24683" losttest="2" iotype="AI" name="Sensor24683_S" textname="test sensor 24683"/>
			<item id="24684" losttest="2" iotype="AI" name="Sensor24684_S" textname="test sensor 24684"/>
			<item id="24685" losttest="2" iotype="AI" name="Sensor24685_S" textname="test sensor 24685"/>
			<item id="24686" losttest="2" iotype="AI" name="Sensor24686_S" textname="test sensor 24686"/>
			<item id="24687" losttest="2" iotype="AI" name="Sensor24687_S" textname="test sensor 24687"/>
			<item id="24688" losttest="2" iotype="AI" name="Sensor24688_S" textname="test sensor 24688"/>
			<item id="24689" losttest="2" iotype="AI" name="Sensor24689_S" textname="test sensor 24689"/>
			<item id="24690" losttest="2" iotype="AI" name="Sensor24690_S" textname="test sensor 24690"/>
			<item id="24691" losttest="2" iotype="AI" name="Sensor24691_S" textname="test sensor 24691"/>
			<item id="24692" losttest="2" iotype="AI" name="Sensor24692_S" textname="test sensor 24692"/>
			<item id="24693" losttest="2" iotype="AI" name="Sensor24693_S" textname="test sensor 24693"/>
			<item id="24694" losttest="2" iotype="AI" name="Sensor24694_S" textname="test sensor 24694"/>
			<item id="24695" losttest="2" iotype="AI" name="Sensor24695_S" textname="test sensor 24695"/>
			<item id="24696" losttest="2" iotype="AI" name="Sensor24696_S" textname="test sensor 24696"/>
			<item id="24697" losttest="2" iotype="AI" name="Sensor24697_S" textname="test sensor 24697"/>
			<item id="24698" losttest="2" iotype="AI" name="Sensor24698_S" textname="test sensor 24698"/>
			<item id="24699" losttest="2" iotype="AI" name="Sensor24699_S" textname="test sensor 24699"/>
			<item id="24700" losttest="2" iotype="AI" name="Sensor24700_S" textname="test sensor 24700"/>
			<item id="24701" losttest="2" iotype="AI" name="Sensor24701_S" textname="test sensor 24701"/>
			<item id="24702" losttest="2" iotype="AI" name="Sensor24702_S" textname="test sensor 24702"/>
			<item id="24703" losttest="2" iotype="AI" name="Sensor24703_S" textname="test sensor 24703"/>
			<item id="24704" losttest="2" iotype="AI" name="Sensor24704_S" textname="test sensor 24704"/>
			<item id="24705" losttest="2" iotype="AI" name="Sensor24705_S" textname="test sensor 24705"/>
			<item id="24706" losttest="2" iotype="AI" name="Sensor24706_S" textname="test sensor 24706"/>
			<item id="24707" losttest="2" iotype="AI" name="Sensor24707_S" textname="test sensor 24707"/>
			<item id="24708" losttest="2" iotype="AI" name="Sensor24708_S" textname="test sensor 24708"/>
			<item id="24709" losttest="2" iotype="AI" name="Sensor24709_S" textname="test sensor 24709"/>
			<item id="24710" losttest="2" iotype="AI" name="Sensor24710_S" textname="test sensor 24710"/>
			<item id="24711" losttest="2" iotype="AI" name="Sensor24711_S" textname="test sensor 24711"/>
			<item id="24712" losttest="2" iotype="AI" name="Sensor24712_S" textname="test sensor 24712"/>
			<item id="24713" losttest="2" iotype="AI" name="Sensor24713_S" textname="test sensor 24713"/>
			<item id="24714" losttest="2" iotype="AI" name="Sensor24714_S" textname="test sensor 24714"/>
			<item id="24715" losttest="2" iotype="AI" name="Sensor24715_S" textname="test sensor 24715"/>
			<item id="24716" losttest="2" iotype="AI" name="Sensor24716_S" textname="test sensor 24716"/>
			<item id="24717" losttest="2" iotype="AI" name="Sensor24717_S" textname="test sensor 24717"/>
			<item id="24718" losttest="2" iotype="AI" name="Sensor24718_S" textname="test sensor 24718"/>
			<item id="24719" losttest="2" iotype="AI" name="Sensor24719_S" textname="test sensor 24719"/>
			<item id="24720" losttest="2" iotype="AI" name="Sensor24720_S" textname="test sensor 24720"/>
			<item id="24721" losttest="2" iotype="AI" name="Sensor24721_S" textname="test sensor 24721"/>
			<item id="24722" losttest="2" iotype="AI" name="Sensor24722_S" textname="test sensor 24722"/>
			<item id="24723" losttest="2" iotype="AI" name="Sensor24723_S" textname="test sensor 24723"/>
			<item id="24724" losttest="2" iotype="AI" name="Sensor24724_S" textname="test sensor 24724"/>
			<item id="24725" losttest="2" iotype="AI" name="Sensor24725_S" textname="test sensor 24725"/>
			<item id="24726" losttest="2" iotype="AI" name="Sensor24726_S" textname="test sensor 24726"/>
			<item id="24727" losttest="2" iotype="AI" name="Sensor24727_S" textname="test sensor 24727"/>
			<item id="24728" losttest="2" iotype="AI" name="Sensor24728_S" textname="test sensor 24728"/>
			<item id="24729" losttest="2" iotype="AI" name="Sensor24729_S" textname="test sensor 24729"/>
			<item id="24730" losttest="2" iotype="AI" name="Sensor24730_S" textname="test sensor 24730"/>
			<item id="24731" losttest="2" iotype="AI" name="Sensor24731_S" textname="test sensor 24731"/>
			<item id="24732" losttest="2" iotype="AI" name="Sensor24732_S" textname="test sensor 24732"/>
			<item id="24733" losttest="2" iotype="AI" name="Sensor24733_S" textname="test sensor 24733"/>
			<item id="24734" losttest="2" iotype="AI" name="Sensor24734_S" textname="test sensor 24734"/>
			<item id="24735" losttest="2" iotype="AI" name="Sensor24735_S" textname="test sensor 24735"/>
			<item id="24736" losttest="2" iotype="AI" name="Sensor24736_S" textname="test sensor 24736"/>
			<item id="24737" losttest="2" iotype="AI" name="Sensor24737_S" textname="test sensor 24737"/>
			<item id="24738" losttest="2" iotype="AI" name="Sensor24738_S" textname="test sensor 24738"/>
			<item id="24739" losttest="2" iotype="AI" name="Sensor24739_S" textname="test sensor 24739"/>
			<item id="24740" losttest="2" iotype="AI" name="Sensor24740_S" textname="test sensor 24740"/>
			<item id="24741" losttest="2" iotype="AI" name="Sensor24741_S" textname="test sensor 24741"/>
			<item id="24742" losttest="2" iotype="AI" name="Sensor24742_S" textname="test sensor 24742"/>
			<item id="24743" losttest="2" iotype="AI" name="Sensor24743_S" textname="test sensor 24743"/>
			<item id="24744" losttest="2" iotype="AI" name="Sensor24744_S" textname="test sensor 24744"/>
			<item id="24745" losttest="2" iotype="AI" name="Sensor24745_S" textname="test sensor 24745"/>
			<item id="24746" losttest="2" iotype="AI" name="Sensor24746_S" textname="test sensor 24746"/>
			<item id="24747" losttest="2" iotype="AI" name="Sensor24747_S" textname="test sensor 24747"/>
			<item id="24748" losttest="2" iotype="AI" name="Sensor24748_S" textname="test sensor 24748"/>
			<item id="24749" losttest="2" iotype="AI" name="Sensor24749_S" textname="test sensor 24749"/>
			<item id="24750" losttest="2" iotype="AI" name="Sensor24750_S" textname="test sensor 24750"/>
			<item id="24751" losttest="2" iotype="AI" name="Sensor24751_S" textname="test sensor 24751"/>
			<item id="24752" losttest="2" iotype="AI" name="Sensor24752_S" textname="test sensor 24752"/>
			<item id="24753" losttest="2" iotype="AI" name="Sensor24753_S" textname="test sensor 24753"/>
			<item id="24754" losttest="2" iotype="AI" name="Sensor24754_S" textname="test sensor 24754"/>
			<item id="24755" losttest="2" iotype="AI" name="Sensor24755_S" textname="test sensor 24755"/>
			<item id="24756" losttest="2" iotype="AI" name="Sensor24756_S" textname="test sensor 24756"/>
			<item id="24757" losttest="2" iotype="AI" name="Sensor24757_S" textname="test sensor 24757"/>
			<item id="24758" losttest="2" iotype="AI" name="Sensor24758_S" textname="test sensor 24758"/>
			<item id="24759" losttest="2" iotype="AI" name="Sensor24759_S" textname="test sensor 24759"/>
			<item id="24760" losttest="2" iotype="AI" name="Sensor24760_S" textname="test sensor 24760"/>
			<item id="24761" losttest="2" iotype="AI" name="Sensor24761_S" textname="test sensor 24761"/>
			<item id="24762" losttest="2" iotype="AI" name="Sensor24762_S" textname="test sensor 24762"/>
			<item id="24763" losttest="2" iotype="AI" name="Sensor24763_S" textname="test sensor 24763"/>
			<item id="24764" losttest="2" iotype="AI" name="Sensor24764_S" textname="test sensor 24764"/>
			<item id="24765" losttest="2" iotype="AI" name="Sensor24765_S" textname="test sensor 24765"/>
			<item id="24766" losttest="2" iotype="AI" name="Sensor24766_S" textname="test sensor 24766"/>
			<item id="24767" losttest="2" iotype="AI" name="Sensor24767_S" textname="test sensor 24767"/>
			<item id="24768" losttest="2" iotype="AI" name="Sensor24768_S" textname="test sensor 24768"/>
			<item id="24769" losttest="2" iotype="AI" name="Sensor24769_S" textname="test sensor 24769"/>
			<item id="24770" losttest="2" iotype="AI" name="Sensor24770_S" textname="test sensor 24770"/>
			<item id="24771" losttest="2" iotype="AI" name="Sensor24771_S" textname="test sensor 24771"/>
			<item id="24772" losttest="2" iotype="AI" name="Sensor24772_S" textname="test sensor 24772"/>
			<item id="24773" losttest="2" iotype="AI" name="Sensor24773_S" textname="test sensor 24773"/>
			<item id="24774" losttest="2" iotype="AI" name="Sensor24774_S" textname="test sensor 24774"/>
			<item id="24775" losttest="2" iotype="AI" name="Sensor24775_S" textname="test sensor 24775"/>
			<item id="24776" losttest="2" iotype="AI" name="Sensor24776_S" textname="test sensor 24776"/>
			<item id="24777" losttest="2" iotype="AI" name="Sensor24777_S" textname="test sensor 24777"/>
			<item id="24778" losttest="2" iotype="AI" name="Sensor24778_S" textname="test sensor 24778"/>
			<item id="24779" losttest="2" iotype="AI" name="Sensor24779_S" textname="test sensor 24779"/>
			<item id="24780" losttest="2" iotype="AI" name="Sensor24780_S" textname="test sensor 24780"/>
			<item id="24781" losttest="2" iotype="AI" name="Sensor24781_S" textname="test sensor 24781"/>
			<item id="24782" losttest="2" iotype="AI" name="Sensor24782_S" textname="test sensor 24782"/>
			<item id="24783" losttest="2" iotype="AI" name="Sensor24783_S" textname="test sensor 24783"/>
			<item id="24784" losttest="2" iotype="AI" name="Sensor24784_S" textname="test sensor 24784"/>
			<item id="24785" losttest="2" iotype="AI" name="Sensor24785_S" textname="test sensor 24785"/>
			<item id="24786" losttest="2" iotype="AI" name="Sensor24786_S" textname="test sensor 24786"/>
			<item id="24787" losttest="2" iotype="AI" name="Sensor24787_S" textname="test sensor 24787"/>
			<item id="24788" losttest="2" iotype="AI" name="Sensor24788_S" textname="test sensor 24788"/>
			<item id="24789" losttest="2" iotype="AI" name="Sensor24789_S" textname="test sensor 24789"/>
			<item id="24790" losttest="2" iotype="AI" name="Sensor24790_S" textname="test sensor 24790"/>
			<item id="24791" losttest="2" iotype="AI" name="Sensor24791_S" textname="test sensor 24791"/>
			<item id="24792" losttest="2" iotype="AI" name="Sensor24792_S" textname="test sensor 24792"/>
			<item id="24793" losttest="2" iotype="AI" name="Sensor24793_S" textname="test sensor 24793"/>
			<item id="24794" losttest="2" iotype="AI" name="Sensor24794_S" textname="test sensor 24794"/>
			<item id="24795" losttest="2" iotype="AI" name="Sensor24795_S" textname="test sensor 24795"/>
			<item id="24796" losttest="2" iotype="AI" name="Sensor24796_S" textname="test sensor 24796"/>
			<item id="24797" losttest="2" iotype="AI" name="Sensor24797_S" textname="test sensor 24797"/>
			<item id="24798" losttest="2" iotype="AI" name="Sensor24798_S" textname="test sensor 24798"/>
			<item id="24799" losttest="2" iotype="AI" name="Sensor24799_S" textname="test sensor 24799"/>
			<item id="24800" losttest="2" iotype="AI" name="Sensor24800_S" textname="test sensor 24800"/>
			<item id="24801" losttest="2" iotype="AI" name="Sensor24801_S" textname="test sensor 24801"/>
			<item id="24802" losttest="2" iotype="AI" name="Sensor24802_S" textname="test sensor 24802"/>
			<item id="24803" losttest="2" iotype="AI" name="Sensor24803_S" textname="test sensor 24803"/>
			<item id="24804" losttest="2" iotype="AI" name="Sensor24804_S" textname="test sensor 24804"/>
			<item id="24805" losttest="2" iotype="AI" name="Sensor24805_S" textname="test sensor 24805"/>
			<item id="24806" losttest="2" iotype="AI" name="Sensor24806_S" textname="test sensor 24806"/>
			<item id="24807" losttest="2" iotype="AI" name="Sensor24807_S" textname="test sensor 24807"/>
			<item id="24808" losttest="2" iotype="AI" name="Sensor24808_S" textname="test sensor 24808"/>
			<item id="24809" losttest="2" iotype="AI" name="Sensor24809_S" textname="test sensor 24809"/>
			<item id="24810" losttest="2" iotype="AI" name="Sensor24810_S" textname="test sensor 24810"/>
			<item id="24811" losttest="2" iotype="AI" name="Sensor24811_S" textname="test sensor 24811"/>
			<item id="24812" losttest="2" iotype="AI" name="Sensor24812_S" textname="test sensor 24812"/>
			<item id="24813" losttest="2" iotype="AI" name="Sensor24813_S" textname="test sensor 24813"/>
			<item id="24814" losttest="2" iotype="AI" name="Sensor24814_S" textname="test sensor 24814"/>
			<item id="24815" losttest="2" iotype="AI" name="Sensor24815_S" textname="test sensor 24815"/>
			<item id="24816" losttest="2" iotype="AI" name="Sensor24816_S" textname="test sensor 24816"/>
			<item id="24817" losttest="2" iotype="AI" name="Sensor24817_S" textname="test sensor 24817"/>
			<item id="24818" losttest="2" iotype="AI" name="Sensor24818_S" textname="test sensor 24818"/>
			<item id="24819" losttest="2" iotype="AI" name="Sensor24819_S" textname="test sensor 24819"/>
			<item id="24820" losttest="2" iotype="AI" name="Sensor24820_S" textname="test sensor 24820"/>
			<item id="24821" losttest="2" iotype="AI" name="Sensor24821_S" textname="test sensor 24821"/>
			<item id="24822" losttest="2" iotype="AI" name="Sensor24822_S" textname="test sensor 24822"/>
			<item id="24823" losttest="2" iotype="AI" name="Sensor24823_S" textname="test sensor 24823"/>
			<item id="24824" losttest="2" iotype="AI" name="Sensor24824_S" textname="test sensor 24824"/>
			<item id="24825" losttest="2" iotype="AI" name="Sensor24825_S" textname="test sensor 24825"/>
			<item id="24826" losttest="2" iotype="AI" name="Sensor24826_S" textname="test sensor 24826"/>
			<item id="24827" losttest="2" iotype="AI" name="Sensor24827_S" textname="test sensor 24827"/>
			<item id="24828" losttest="2" iotype="AI" name="Sensor24828_S" textname="test sensor 24828"/>
			<item id="24829" losttest="2" iotype="AI" name="Sensor24829_S" textname="test sensor 24829"/>
			<item id="24830" losttest="2" iotype="AI" name="Sensor24830_S" textname="test sensor 24830"/>
			<item id="24831" losttest="2" iotype="AI" name="Sensor24831_S" textname="test sensor 24831"/>
			<item id="24832" losttest="2" iotype="AI" name="Sensor24832_S" textname="test sensor 24832"/>
			<item id="24833" losttest="2" iotype="AI" name="Sensor24833_S" textname="test sensor 24833"/>
			<item id="24834" losttest="2" iotype="AI" name="Sensor24834_S" textname="test sensor 24834"/>
			<item id="24835" losttest="2" iotype="AI" name="Sensor24835_S" textname="test sensor 24835"/>
			<item id="24836" losttest="2" iotype="AI" name="Sensor24836_S" textname="test sensor 24836"/>
			<item id="24837" losttest="2" iotype="AI" name="Sensor24837_S" textname="test sensor 24837"/>
			<item id="24838" losttest="2" iotype="AI" name="Sensor24838_S" textname="test sensor 24838"/>
			<item id="24839" losttest="2" iotype="AI" name="Sensor24839_S" textname="test sensor 24839"/>
			<item id="24840" losttest="2" iotype="AI" name="Sensor24840_S" textname="test sensor 24840"/>
			<item id="24841" losttest="2" iotype="AI" name="Sensor24841_S" textname="test sensor 24841"/>
			<item id="24842" losttest="2" iotype="AI" name="Sensor24842_S" textname="test sensor 24842"/>
			<item id="24843" losttest="2" iotype="AI" name="Sensor24843_S" textname="test sensor 24843"/>
			<item id="24844" losttest="2" iotype="AI" name="Sensor24844_S" textname="test sensor 24844"/>
			<item id="24845" losttest="2" iotype="AI" name="Sensor24845_S" textname="test sensor 24845"/>
			<item id="24846" losttest="2" iotype="AI" name="Sensor24846_S" textname="test sensor 24846"/>
			<item id="24847" losttest="2" iotype="AI" name="Sensor24847_S" textname="test sensor 24847"/>
			<item id="24848" losttest="2" iotype="AI" name="Sensor24848_S" textname="test sensor 24848"/>
			<item id="24849" losttest="2" iotype="AI" name="Sensor24849_S" textname="test sensor 24849"/>
			<item id="24850" losttest="2" iotype="AI" name="Sensor24850_S" textname="test sensor 24850"/>
			<item id="24851" losttest="2" iotype="AI" name="Sensor24851_S" textname="test sensor 24851"/>
			<item id="24852" losttest="2" iotype="AI" name="Sensor24852_S" textname="test sensor 24852"/>
			<item id="24853" losttest="2" iotype="AI" name="Sensor24853_S" textname="test sensor 24853"/>
			<item id="24854" losttest="2" iotype="AI" name="Sensor24854_S" textname="test sensor 24854"/>
			<item id="24855" losttest="2" iotype="AI" name="Sensor24855_S" textname="test sensor 24855"/>
			<item id="24856" losttest="2" iotype="AI" name="Sensor24856_S" textname="test sensor 24856"/>
			<item id="24857" losttest="2" iotype="AI" name="Sensor24857_S" textname="test sensor 24857"/>
			<item id="24858" losttest="2" iotype="AI" name="Sensor24858_S" textname="test sensor 24858"/>
			<item id="24859" losttest="2" iotype="AI" name="Sensor24859_S" textname="test sensor 24859"/>
			<item id="24860" losttest="2" iotype="AI" name="Sensor24860_S" textname="test sensor 24860"/>
			<item id="24861" losttest="2" iotype="AI" name="Sensor24861_S" textname="test sensor 24861"/>
			<item id="24862" losttest="2" iotype="AI" name="Sensor24862_S" textname="test sensor 24862"/>
			<item id="24863" losttest="2" iotype="AI" name="Sensor24863_S" textname="test sensor 24863"/>
			<item id="24864" losttest="2" iotype="AI" name="Sensor24864_S" textname="test sensor 24864"/>
			<item id="24865" losttest="2" iotype="AI" name="Sensor24865_S" textname="test sensor 24865"/>
			<item id="24866" losttest="2" iotype="AI" name="Sensor24866_S" textname="test sensor 24866"/>
			<item id="24867" losttest="2" iotype="AI" name="Sensor24867_S" textname="test sensor 24867"/>
			<item id="24868" losttest="2" iotype="AI" name="Sensor24868_S" textname="test sensor 24868"/>
			<item id="24869" losttest="2" iotype="AI" name="Sensor24869_S" textname="test sensor 24869"/>
			<item id="24870" losttest="2" iotype="AI" name="Sensor24870_S" textname="test sensor 24870"/>
			<item id="24871" losttest="2" iotype="AI" name="Sensor24871_S" textname="test sensor 24871"/>
			<item id="24872" losttest="2" iotype="AI" name="Sensor24872_S" textname="test sensor 24872"/>
			<item id="24873" losttest="2" iotype="AI" name="Sensor24873_S" textname="test sensor 24873"/>
			<item id="24874" losttest="2" iotype="AI" name="Sensor24874_S" textname="test sensor 24874"/>
			<item id="24875" losttest="2" iotype="AI" name="Sensor24875_S" textname="test sensor 24875"/>
			<item id="24876" losttest="2" iotype="AI" name="Sensor24876_S" textname="test sensor 24876"/>
			<item id="24877" losttest="2" iotype="AI" name="Sensor24877_S" textname="test sensor 24877"/>
			<item id="24878" losttest="2" iotype="AI" name="Sensor24878_S" textname="test sensor 24878"/>
			<item id="24879" losttest="2" iotype="AI" name="Sensor24879_S" textname="test sensor 24879"/>
			<item id="24880" losttest="2" iotype="AI" name="Sensor24880_S" textname="test sensor 24880"/>
			<item id="24881" losttest="2" iotype="AI" name="Sensor24881_S" textname="test sensor 24881"/>
			<item id="24882" losttest="2" iotype="AI" name="Sensor24882_S" textname="test sensor 24882"/>
			<item id="24883" losttest="2" iotype="AI" name="Sensor24883_S" textname="test sensor 24883"/>
			<item id="24884" losttest="2" iotype="AI" name="Sensor24884_S" textname="test sensor 24884"/>
			<item id="24885" losttest="2" iotype="AI" name="Sensor24885_S" textname="test sensor 24885"/>
			<item id="24886" losttest="2" iotype="AI" name="Sensor24886_S" textname="test sensor 24886"/>
			<item id="24887" losttest="2" iotype="AI" name="Sensor24887_S" textname="test sensor 24887"/>
			<item id="24888" losttest="2" iotype="AI" name="Sensor24888_S" textname="test sensor 24888"/>
			<item id="24889" losttest="2" iotype="AI" name="Sensor24889_S" textname="test sensor 24889"/>
			<item id="24890" losttest="2" iotype="AI" name="Sensor24890_S" textname="test sensor 24890"/>
			<item id="24891" losttest="2" iotype="AI" name="Sensor24891_S" textname="test sensor 24891"/>
			<item id="24892" losttest="2" iotype="AI" name="Sensor24892_S" textname="test sensor 24892"/>
			<item id="24893" losttest="2" iotype="AI" name="Sensor24893_S" textname="test sensor 24893"/>
			<item id="24894" losttest="2" iotype="AI" name="Sensor24894_S" textname="test sensor 24894"/>
			<item id="24895" losttest="2" iotype="AI" name="Sensor24895_S" textname="test sensor 24895"/>
			<item id="24896" losttest="2" iotype="AI" name="Sensor24896_S" textname="test sensor 24896"/>
			<item id="24897" losttest="2" iotype="AI" name="Sensor24897_S" textname="test sensor 24897"/>
			<item id="24898" losttest="2" iotype="AI" name="Sensor24898_S" textname="test sensor 24898"/>
			<item id="24899" losttest="2" iotype="AI" name="Sensor24899_S" textname="test sensor 24899"/>
			<item id="24900" losttest="2" iotype="AI" name="Sensor24900_S" textname="test sensor 24900"/>
			<item id="24901" losttest="2" iotype="AI" name="Sensor24901_S" textname="test sensor 24901"/>
			<item id="24902" losttest="2" iotype="AI" name="Sensor24902_S" textname="test sensor 24902"/>
			<item id="24903" losttest="2" iotype="AI" name="Sensor24903_S" textname="test sensor 24903"/>
			<item id="24904" losttest="2" iotype="AI" name="Sensor24904_S" textname="test sensor 24904"/>
			<item id="24905" losttest="2" iotype="AI" name="Sensor24905_S" textname="test sensor 24905"/>
			<item id="24906" losttest="2" iotype="AI" name="Sensor24906_S" textname="test sensor 24906"/>
			<item id="24907" losttest="2" iotype="AI" name="Sensor24907_S" textname="test sensor 24907"/>
			<item id="24908" losttest="2" iotype="AI" name="Sensor24908_S" textname="test sensor 24908"/>
			<item id="24909" losttest="2" iotype="AI" name="Sensor24909_S" textname="test sensor 24909"/>
			<item id="24910" losttest="2" iotype="AI" name="Sensor24910_S" textname="test sensor 24910"/>
			<item id="24911" losttest="2" iotype="AI" name="Sensor24911_S" textname="test sensor 24911"/>
			<item id="24912" losttest="2" iotype="AI" name="Sensor24912_S" textname="test sensor 24912"/>
			<item id="24913" losttest="2" iotype="AI" name="Sensor24913_S" textname="test sensor 24913"/>
			<item id="24914" losttest="2" iotype="AI" name="Sensor24914_S" textname="test sensor 24914"/>
			<item id="24915" losttest="2" iotype="AI" name="Sensor24915_S" textname="test sensor 24915"/>
			<item id="24916" losttest="2" iotype="AI" name="Sensor24916_S" textname="test sensor 24916"/>
			<item id="24917" losttest="2" iotype="AI" name="Sensor24917_S" textname="test sensor 24917"/>
			<item id="24918" losttest="2" iotype="AI" name="Sensor24918_S" textname="test sensor 24918"/>
			<item id="24919" losttest="2" iotype="AI" name="Sensor24919_S" textname="test sensor 24919"/>
			<item id="24920" losttest="2" iotype="AI" name="Sensor24920_S" textname="test sensor 24920"/>
			<item id="24921" losttest="2" iotype="AI" name="Sensor24921_S" textname="test sensor 24921"/>
			<item id="24922" losttest="2" iotype="AI" name="Sensor24922_S" textname="test sensor 24922"/>
			<item id="24923" losttest="2" iotype="AI" name="Sensor24923_S" textname="test sensor 24923"/>
			<item id="24924" losttest="2" iotype="AI" name="Sensor24924_S" textname="test sensor 24924"/>
			<item id="24925" losttest="2" iotype="AI" name="Sensor24925_S" textname="test sensor 24925"/>
			<item id="24926" losttest="2" iotype="AI" name="Sensor24926_S" textname="test sensor 24926"/>
			<item id="24927" losttest="2" iotype="AI" name="Sensor24927_S" textname="test sensor 24927"/>
			<item id="24928" losttest="2" iotype="AI" name="Sensor24928_S" textname="test sensor 24928"/>
			<item id="24929" losttest="2" iotype="AI" name="Sensor24929_S" textname="test sensor 24929"/>
			<item id="24930" losttest="2" iotype="AI" name="Sensor24930_S" textname="test sensor 24930"/>
			<item id="24931" losttest="2" iotype="AI" name="Sensor24931_S" textname="test sensor 24931"/>
			<item id="24932" losttest="2" iotype="AI" name="Sensor24932_S" textname="test sensor 24932"/>
			<item id="24933" losttest="2" iotype="AI" name="Sensor24933_S" textname="test sensor 24933"/>
			<item id="24934" losttest="2" iotype="AI" name="Sensor24934_S" textname="test sensor 24934"/>
			<item id="24935" losttest="2" iotype="AI" name="Sensor24935_S" textname="test sensor 24935"/>
			<item id="24936" losttest="2" iotype="AI" name="Sensor24936_S" textname="test sensor 24936"/>
			<item id="24937" losttest="2" iotype="AI" name="Sensor24937_S" textname="test sensor 24937"/>
			<item id="24938" losttest="2" iotype="AI" name="Sensor24938_S" textname="test sensor 24938"/>
			<item id="24939" losttest="2" iotype="AI" name="Sensor24939_S" textname="test sensor 24939"/>
			<item id="24940" losttest="2" iotype="AI" name="Sensor24940_S" textname="test sensor 24940"/>
			<item id="24941" losttest="2" iotype="AI" name="Sensor24941_S" textname="test sensor 24941"/>
			<item id="24942" losttest="2" iotype="AI" name="Sensor24942_S" textname="test sensor 24942"/>
			<item id="24943" losttest="2" iotype="AI" name="Sensor24943_S" textname="test sensor 24943"/>
			<item id="24944" losttest="2" iotype="AI" name="Sensor24944_S" textname="test sensor 24944"/>
			<item id="24945" losttest="2" iotype="AI" name="Sensor24945_S" textname="test sensor 24945"/>
			<item id="24946" losttest="2" iotype="AI" name="Sensor24946_S" textname="test sensor 24946"/>
			<item id="24947" losttest="2" iotype="AI" name="Sensor24947_S" textname="test sensor 24947"/>
			<item id="24948" losttest="2" iotype="AI" name="Sensor24948_S" textname="test sensor 24948"/>
			<item id="24949" losttest="2" iotype="AI" name="Sensor24949_S" textname="test sensor 24949"/>
			<item id="24950" losttest="2" iotype="AI" name="Sensor24950_S" textname="test sensor 24950"/>
			<item id="24951" losttest="2" iotype="AI" name="Sensor24951_S" textname="test sensor 24951"/>
			<item id="24952" losttest="2" iotype="AI" name="Sensor24952_S" textname="test sensor 24952"/>
			<item id="24953" losttest="2" iotype="AI" name="Sensor24953_S" textname="test sensor 24953"/>
			<item id="24954" losttest="2" iotype="AI" name="Sensor24954_S" textname="test sensor 24954"/>
			<item id="24955" losttest="2" iotype="AI" name="Sensor24955_S" textname="test sensor 24955"/>
			<item id="24956" losttest="2" iotype="AI" name="Sensor24956_S" textname="test sensor 24956"/>
			<item id="24957" losttest="2" iotype="AI" name="Sensor24957_S" textname="test sensor 24957"/>
			<item id="24958" losttest="2" iotype="AI" name="Sensor24958_S" textname="test sensor 24958"/>
			<item id="24959" losttest="2" iotype="AI" name="Sensor24959_S" textname="test sensor 24959"/>
			<item id="24960" losttest="2" iotype="AI" name="Sensor24960_S" textname="test sensor 24960"/>
			<item id="24961" losttest="2" iotype="AI" name="Sensor24961_S" textname="test sensor 24961"/>
			<item id="24962" losttest="2" iotype="AI" name="Sensor24962_S" textname="test sensor 24962"/>
			<item id="24963" losttest="2" iotype="AI" name="Sensor24963_S" textname="test sensor 24963"/>
			<item id="24964" losttest="2" iotype="AI" name="Sensor24964_S" textname="test sensor 24964"/>
			<item id="24965" losttest="2" iotype="AI" name="Sensor24965_S" textname="test sensor 24965"/>
			<item id="24966" losttest="2" iotype="AI" name="Sensor24966_S" textname="test sensor 24966"/>
			<item id="24967" losttest="2" iotype="AI" name="Sensor24967_S" textname="test sensor 24967"/>
			<item id="24968" losttest="2" iotype="AI" name="Sensor24968_S" textname="test sensor 24968"/>
			<item id="24969" losttest="2" iotype="AI" name="Sensor24969_S" textname="test sensor 24969"/>
			<item id="24970" losttest="2" iotype="AI" name="Sensor24970_S" textname="test sensor 24970"/>
			<item id="24971" losttest="2" iotype="AI" name="Sensor24971_S" textname="test sensor 24971"/>
			<item id="24972" losttest="2" iotype="AI" name="Sensor24972_S" textname="test sensor 24972"/>
			<item id="24973" losttest="2" iotype="AI" name="Sensor24973_S" textname="test sensor 24973"/>
			<item id="24974" losttest="2" iotype="AI" name="Sensor24974_S" textname="test sensor 24974"/>
			<item id="24975" losttest="2" iotype="AI" name="Sensor24975_S" textname="test sensor 24975"/>
			<item id="24976" losttest="2" iotype="AI" name="Sensor24976_S" textname="test sensor 24976"/>
			<item id="24977" losttest="2" iotype="AI" name="Sensor24977_S" textname="test sensor 24977"/>
			<item id="24978" losttest="2" iotype="AI" name="Sensor24978_S" textname="test sensor 24978"/>
			<item id="24979" losttest="2" iotype="AI" name="Sensor24979_S" textname="test sensor 24979"/>
			<item id="24980" losttest="2" iotype="AI" name="Sensor24980_S" textname="test sensor 24980"/>
			<item id="24981" losttest="2" iotype="AI" name="Sensor24981_S" textname="test sensor 24981"/>
			<item id="24982" losttest="2" iotype="AI" name="Sensor24982_S" textname="test sensor 24982"/>
			<item id="24983" losttest="2" iotype="AI" name="Sensor24983_S" textname="test sensor 24983"/>
			<item id="24984" losttest="2" iotype="AI" name="Sensor24984_S" textname="test sensor 24984"/>
			<item id="24985" losttest="2" iotype="AI" name="Sensor24985_S" textname="test sensor 24985"/>
			<item id="24986" losttest="2" iotype="AI" name="Sensor24986_S" textname="test sensor 24986"/>
			<item id="24987" losttest="2" iotype="AI" name="Sensor24987_S" textname="test sensor 24987"/>
			<item id="24988" losttest="2" iotype="AI" name="Sensor24988_S" textname="test sensor 24988"/>
			<item id="24989" losttest="2" iotype="AI" name="Sensor24989_S" textname="test sensor 24989"/>
			<item id="24990" losttest="2" iotype="AI" name="Sensor24990_S" textname="test sensor 24990"/>
			<item id="24991" losttest="2" iotype="AI" name="Sensor24991_S" textname="test sensor 24991"/>
			<item id="24992" losttest="2" iotype="AI" name="Sensor24992_S" textname="test sensor 24992"/>
			<item id="24993" losttest="2" iotype="AI" name="Sensor24993_S" textname="test sensor 24993"/>
			<item id="24994" losttest="2" iotype="AI" name="Sensor24994_S" textname="test sensor 24994"/>
			<item id="24995" losttest="2" iotype="AI" name="Sensor24995_S" textname="test sensor 24995"/>
			<item id="24996" losttest="2" iotype="AI" name="Sensor24996_S" textname="test sensor 24996"/>
			<item id="24997" losttest="2" iotype="AI" name="Sensor24997_S" textname="test sensor 24997"/>
			<item id="24998" losttest="2" iotype="AI" name="Sensor24998_S" textname="test sensor 24998"/>
			<item id="24999" losttest="2" iotype="AI" name="Sensor24999_S" textname="test sensor 24999"/>
			<item id="25000" losttest="2" iotype="AI" name="Sensor25000_S" textname="test sensor 25000"/>
			<item id="25001" losttest="2" iotype="AI" name="Sensor25001_S" textname="test sensor 25001"/>
			<item id="25002" losttest="2" iotype="AI" name="Sensor25002_S" textname="test sensor 25002"/>
			<item id="25003" losttest="2" iotype="AI" name="Sensor25003_S" textname="test sensor 25003"/>
			<item id="25004" losttest="2" iotype="AI" name="Sensor25004_S" textname="test sensor 25004"/>
			<item id="25005" losttest="2" iotype="AI" name="Sensor25005_S" textname="test sensor 25005"/>
			<item id="25006" losttest="2" iotype="AI" name="Sensor25006_S" textname="test sensor 25006"/>
			<item id="25007" losttest="2" iotype="AI" name="Sensor25007_S" textname="test sensor 25007"/>
			<item id="25008" losttest="2" iotype="AI" name="Sensor25008_S" textname="test sensor 25008"/>
			<item id="25009" losttest="2" iotype="AI" name="Sensor25009_S" textname="test sensor 25009"/>
			<item id="25010" losttest="2" iotype="AI" name="Sensor25010_S" textname="test sensor 25010"/>
			<item id="25011" losttest="2" iotype="AI" name="Sensor25011_S" textname="test sensor 25011"/>
			<item id="25012" losttest="2" iotype="AI" name="Sensor25012_S" textname="test sensor 25012"/>
			<item id="25013" losttest="2" iotype="AI" name="Sensor25013_S" textname="test sensor 25013"/>
			<item id="25014" losttest="2" iotype="AI" name="Sensor25014_S" textname="test sensor 25014"/>
			<item id="25015" losttest="2" iotype="AI" name="Sensor25015_S" textname="test sensor 25015"/>
			<item id="25016" losttest="2" iotype="AI" name="Sensor25016_S" textname="test sensor 25016"/>
			<item id="25017" losttest="2" iotype="AI" name="Sensor25017_S" textname="test sensor 25017"/>
			<item id="25018" losttest="2" iotype="AI" name="Sensor25018_S" textname="test sensor 25018"/>
			<item id="25019" losttest="2" iotype="AI" name="Sensor25019_S" textname="test sensor 25019"/>
			<item id="25020" losttest="2" iotype="AI" name="Sensor25020_S" textname="test sensor 25020"/>
			<item id="25021" losttest="2" iotype="AI" name="Sensor25021_S" textname="test sensor 25021"/>
			<item id="25022" losttest="2" iotype="AI" name="Sensor25022_S" textname="test sensor 25022"/>
			<item id="25023" losttest="2" iotype="AI" name="Sensor25023_S" textname="test sensor 25023"/>
			<item id="25024" losttest="2" iotype="AI" name="Sensor25024_S" textname="test sensor 25024"/>
			<item id="25025" losttest="2" iotype="AI" name="Sensor25025_S" textname="test sensor 25025"/>
			<item id="25026" losttest="2" iotype="AI" name="Sensor25026_S" textname="test sensor 25026"/>
			<item id="25027" losttest="2" iotype="AI" name="Sensor25027_S" textname="test sensor 25027"/>
			<item id="25028" losttest="2" iotype="AI" name="Sensor25028_S" textname="test sensor 25028"/>
			<item id="25029" losttest="2" iotype="AI" name="Sensor25029_S" textname="test sensor 25029"/>
			<item id="25030" losttest="2" iotype="AI" name="Sensor25030_S" textname="test sensor 25030"/>
			<item id="25031" losttest="2" iotype="AI" name="Sensor25031_S" textname="test sensor 25031"/>
			<item id="25032" losttest="2" iotype="AI" name="Sensor25032_S" textname="test sensor 25032"/>
			<item id="25033" losttest="2" iotype="AI" name="Sensor25033_S" textname="test sensor 25033"/>
			<item id="25034" losttest="2" iotype="AI" name="Sensor25034_S" textname="test sensor 25034"/>
			<item id="25035" losttest="2" iotype="AI" name="Sensor25035_S" textname="test sensor 25035"/>
			<item id="25036" losttest="2" iotype="AI" name="Sensor25036_S" textname="test sensor 25036"/>
			<item id="25037" losttest="2" iotype="AI" name="Sensor25037_S" textname="test sensor 25037"/>
			<item id="25038" losttest="2" iotype="AI" name="Sensor25038_S" textname="test sensor 25038"/>
			<item id="25039" losttest="2" iotype="AI" name="Sensor25039_S" textname="test sensor 25039"/>
			<item id="25040" losttest="2" iotype="AI" name="Sensor25040_S" textname="test sensor 25040"/>
			<item id="25041" losttest="2" iotype="AI" name="Sensor25041_S" textname="test sensor 25041"/>
			<item id="25042" losttest="2" iotype="AI" name="Sensor25042_S" textname="test sensor 25042"/>
			<item id="25043" losttest="2" iotype="AI" name="Sensor25043_S" textname="test sensor 25043"/>
			<item id="25044" losttest="2" iotype="AI" name="Sensor25044_S" textname="test sensor 25044"/>
			<item id="25045" losttest="2" iotype="AI" name="Sensor25045_S" textname="test sensor 25045"/>
			<item id="25046" losttest="2" iotype="AI" name="Sensor25046_S" textname="test sensor 25046"/>
			<item id="25047" losttest="2" iotype="AI" name="Sensor25047_S" textname="test sensor 25047"/>
			<item id="25048" losttest="2" iotype="AI" name="Sensor25048_S" textname="test sensor 25048"/>
			<item id="25049" losttest="2" iotype="AI" name="Sensor25049_S" textname="test sensor 25049"/>
			<item id="25050" losttest="2" iotype="AI" name="Sensor25050_S" textname="test sensor 25050"/>
			<item id="25051" losttest="2" iotype="AI" name="Sensor25051_S" textname="test sensor 25051"/>
			<item id="25052" losttest="2" iotype="AI" name="Sensor25052_S" textname="test sensor 25052"/>
			<item id="25053" losttest="2" iotype="AI" name="Sensor25053_S" textname="test sensor 25053"/>
			<item id="25054" losttest="2" iotype="AI" name="Sensor25054_S" textname="test sensor 25054"/>
			<item id="25055" losttest="2" iotype="AI" name="Sensor25055_S" textname="test sensor 25055"/>
			<item id="25056" losttest="2" iotype="AI" name="Sensor25056_S" textname="test sensor 25056"/>
			<item id="25057" losttest="2" iotype="AI" name="Sensor25057_S" textname="test sensor 25057"/>
			<item id="25058" losttest="2" iotype="AI" name="Sensor25058_S" textname="test sensor 25058"/>
			<item id="25059" losttest="2" iotype="AI" name="Sensor25059_S" textname="test sensor 25059"/>
			<item id="25060" losttest="2" iotype="AI" name="Sensor25060_S" textname="test sensor 25060"/>
			<item id="25061" losttest="2" iotype="AI" name="Sensor25061_S" textname="test sensor 25061"/>
			<item id="25062" losttest="2" iotype="AI" name="Sensor25062_S" textname="test sensor 25062"/>
			<item id="25063" losttest="2" iotype="AI" name="Sensor25063_S" textname="test sensor 25063"/>
			<item id="25064" losttest="2" iotype="AI" name="Sensor25064_S" textname="test sensor 25064"/>
			<item id="25065" losttest="2" iotype="AI" name="Sensor25065_S" textname="test sensor 25065"/>
			<item id="25066" losttest="2" iotype="AI" name="Sensor25066_S" textname="test sensor 25066"/>
			<item id="25067" losttest="2" iotype="AI" name="Sensor25067_S" textname="test sensor 25067"/>
			<item id="25068" losttest="2" iotype="AI" name="Sensor25068_S" textname="test sensor 25068"/>
			<item id="25069" losttest="2" iotype="AI" name="Sensor25069_S" textname="test sensor 25069"/>
			<item id="25070" losttest="2" iotype="AI" name="Sensor25070_S" textname="test sensor 25070"/>
			<item id="25071" losttest="2" iotype="AI" name="Sensor25071_S" textname="test sensor 25071"/>
			<item id="25072" losttest="2" iotype="AI" name="Sensor25072_S" textname="test sensor 25072"/>
			<item id="25073" losttest="2" iotype="AI" name="Sensor25073_S" textname="test sensor 25073"/>
			<item id="25074" losttest="2" iotype="AI" name="Sensor25074_S" textname="test sensor 25074"/>
			<item id="25075" losttest="2" iotype="AI" name="Sensor25075_S" textname="test sensor 25075"/>
			<item id="25076" losttest="2" iotype="AI" name="Sensor25076_S" textname="test sensor 25076"/>
			<item id="25077" losttest="2" iotype="AI" name="Sensor25077_S" textname="test sensor 25077"/>
			<item id="25078" losttest="2" iotype="AI" name="Sensor25078_S" textname="test sensor 25078"/>
			<item id="25079" losttest="2" iotype="AI" name="Sensor25079_S" textname="test sensor 25079"/>
			<item id="25080" losttest="2" iotype="AI" name="Sensor25080_S" textname="test sensor 25080"/>
			<item id="25081" losttest="2" iotype="AI" name="Sensor25081_S" textname="test sensor 25081"/>
			<item id="25082" losttest="2" iotype="AI" name="Sensor25082_S" textname="test sensor 25082"/>
			<item id="25083" losttest="2" iotype="AI" name="Sensor25083_S" textname="test sensor 25083"/>
			<item id="25084" losttest="2" iotype="AI" name="Sensor25084_S" textname="test sensor 25084"/>
			<item id="25085" losttest="2" iotype="AI" name="Sensor25085_S" textname="test sensor 25085"/>
			<item id="25086" losttest="2" iotype="AI" name="Sensor25086_S" textname="test sensor 25086"/>
			<item id="25087" losttest="2" iotype="AI" name="Sensor25087_S" textname="test sensor 25087"/>
			<item id="25088" losttest="2" iotype="AI" name="Sensor25088_S" textname="test sensor 25088"/>
			<item id="25089" losttest="2" iotype="AI" name="Sensor25089_S" textname="test sensor 25089"/>
			<item id="25090" losttest="2" iotype="AI" name="Sensor25090_S" textname="test sensor 25090"/>
			<item id="25091" losttest="2" iotype="AI" name="Sensor25091_S" textname="test sensor 25091"/>
			<item id="25092" losttest="2" iotype="AI" name="Sensor25092_S" textname="test sensor 25092"/>
			<item id="25093" losttest="2" iotype="AI" name="Sensor25093_S" textname="test sensor 25093"/>
			<item id="25094" losttest="2" iotype="AI" name="Sensor25094_S" textname="test sensor 25094"/>
			<item id="25095" losttest="2" iotype="AI" name="Sensor25095_S" textname="test sensor 25095"/>
			<item id="25096" losttest="2" iotype="AI" name="Sensor25096_S" textname="test sensor 25096"/>
			<item id="25097" losttest="2" iotype="AI" name="Sensor25097_S" textname="test sensor 25097"/>
			<item id="25098" losttest="2" iotype="AI" name="Sensor25098_S" textname="test sensor 25098"/>
			<item id="25099" losttest="2" iotype="AI" name="Sensor25099_S" textname="test sensor 25099"/>
			<item id="25100" losttest="2" iotype="AI" name="Sensor25100_S" textname="test sensor 25100"/>
			<item id="25101" losttest="2" iotype="AI" name="Sensor25101_S" textname="test sensor 25101"/>
			<item id="25102" losttest="2" iotype="AI" name="Sensor25102_S" textname="test sensor 25102"/>
			<item id="25103" losttest="2" iotype="AI" name="Sensor25103_S" textname="test sensor 25103"/>
			<item id="25104" losttest="2" iotype="AI" name="Sensor25104_S" textname="test sensor 25104"/>
			<item id="25105" losttest="2" iotype="AI" name="Sensor25105_S" textname="test sensor 25105"/>
			<item id="25106" losttest="2" iotype="AI" name="Sensor25106_S" textname="test sensor 25106"/>
			<item id="25107" losttest="2" iotype="AI" name="Sensor25107_S" textname="test sensor 25107"/>
			<item id="25108" losttest="2" iotype="AI" name="Sensor25108_S" textname="test sensor 25108"/>
			<item id="25109" losttest="2" iotype="AI" name="Sensor25109_S" textname="test sensor 25109"/>
			<item id="25110" losttest="2" iotype="AI" name="Sensor25110_S" textname="test sensor 25110"/>
			<item id="25111" losttest="2" iotype="AI" name="Sensor25111_S" textname="test sensor 25111"/>
			<item id="25112" losttest="2" iotype="AI" name="Sensor25112_S" textname="test sensor 25112"/>
			<item id="25113" losttest="2" iotype="AI" name="Sensor25113_S" textname="test sensor 25113"/>
			<item id="25114" losttest="2" iotype="AI" name="Sensor25114_S" textname="test sensor 25114"/>
			<item id="25115" losttest="2" iotype="AI" name="Sensor25115_S" textname="test sensor 25115"/>
			<item id="25116" losttest="2" iotype="AI" name="Sensor25116_S" textname="test sensor 25116"/>
			<item id="25117" losttest="2" iotype="AI" name="Sensor25117_S" textname="test sensor 25117"/>
			<item id="25118" losttest="2" iotype="AI" name="Sensor25118_S" textname="test sensor 25118"/>
			<item id="25119" losttest="2" iotype="AI" name="Sensor25119_S" textname="test sensor 25119"/>
			<item id="25120" losttest="2" iotype="AI" name="Sensor25120_S" textname="test sensor 25120"/>
			<item id="25121" losttest="2" iotype="AI" name="Sensor25121_S" textname="test sensor 25121"/>
			<item id="25122" losttest="2" iotype="AI" name="Sensor25122_S" textname="test sensor 25122"/>
			<item id="25123" losttest="2" iotype="AI" name="Sensor25123_S" textname="test sensor 25123"/>
			<item id="25124" losttest="2" iotype="AI" name="Sensor25124_S" textname="test sensor 25124"/>
			<item id="25125" losttest="2" iotype="AI" name="Sensor25125_S" textname="test sensor 25125"/>
			<item id="25126" losttest="2" iotype="AI" name="Sensor25126_S" textname="test sensor 25126"/>
			<item id="25127" losttest="2" iotype="AI" name="Sensor25127_S" textname="test sensor 25127"/>
			<item id="25128" losttest="2" iotype="AI" name="Sensor25128_S" textname="test sensor 25128"/>
			<item id="25129" losttest="2" iotype="AI" name="Sensor25129_S" textname="test sensor 25129"/>
			<item id="25130" losttest="2" iotype="AI" name="Sensor25130_S" textname="test sensor 25130"/>
			<item id="25131" losttest="2" iotype="AI" name="Sensor25131_S" textname="test sensor 25131"/>
			<item id="25132" losttest="2" iotype="AI" name="Sensor25132_S" textname="test sensor 25132"/>
			<item id="25133" losttest="2" iotype="AI" name="Sensor25133_S" textname="test sensor 25133"/>
			<item id="25134" losttest="2" iotype="AI" name="Sensor25134_S" textname="test sensor 25134"/>
			<item id="25135" losttest="2" iotype="AI" name="Sensor25135_S" textname="test sensor 25135"/>
			<item id="25136" losttest="2" iotype="AI" name="Sensor25136_S" textname="test sensor 25136"/>
			<item id="25137" losttest="2" iotype="AI" name="Sensor25137_S" textname="test sensor 25137"/>
			<item id="25138" losttest="2" iotype="AI" name="Sensor25138_S" textname="test sensor 25138"/>
			<item id="25139" losttest="2" iotype="AI" name="Sensor25139_S" textname="test sensor 25139"/>
			<item id="25140" losttest="2" iotype="AI" name="Sensor25140_S" textname="test sensor 25140"/>
			<item id="25141" losttest="2" iotype="AI" name="Sensor25141_S" textname="test sensor 25141"/>
			<item id="25142" losttest="2" iotype="AI" name="Sensor25142_S" textname="test sensor 25142"/>
			<item id="25143" losttest="2" iotype="AI" name="Sensor25143_S" textname="test sensor 25143"/>
			<item id="25144" losttest="2" iotype="AI" name="Sensor25144_S" textname="test sensor 25144"/>
			<item id="25145" losttest="2" iotype="AI" name="Sensor25145_S" textname="test sensor 25145"/>
			<item id="25146" losttest="2" iotype="AI" name="Sensor25146_S" textname="test sensor 25146"/>
			<item id="25147" losttest="2" iotype="AI" name="Sensor25147_S" textname="test sensor 25147"/>
			<item id="25148" losttest="2" iotype="AI" name="Sensor25148_S" textname="test sensor 25148"/>
			<item id="25149" losttest="2" iotype="AI" name="Sensor25149_S" textname="test sensor 25149"/>
			<item id="25150" losttest="2" iotype="AI" name="Sensor25150_S" textname="test sensor 25150"/>
			<item id="25151" losttest="2" iotype="AI" name="Sensor25151_S" textname="test sensor 25151"/>
			<item id="25152" losttest="2" iotype="AI" name="Sensor25152_S" textname="test sensor 25152"/>
			<item id="25153" losttest="2" iotype="AI" name="Sensor25153_S" textname="test sensor 25153"/>
			<item id="25154" losttest="2" iotype="AI" name="Sensor25154_S" textname="test sensor 25154"/>
			<item id="25155" losttest="2" iotype="AI" name="Sensor25155_S" textname="test sensor 25155"/>
			<item id="25156" losttest="2" iotype="AI" name="Sensor25156_S" textname="test sensor 25156"/>
			<item id="25157" losttest="2" iotype="AI" name="Sensor25157_S" textname="test sensor 25157"/>
			<item id="25158" losttest="2" iotype="AI" name="Sensor25158_S" textname="test sensor 25158"/>
			<item id="25159" losttest="2" iotype="AI" name="Sensor25159_S" textname="test sensor 25159"/>
			<item id="25160" losttest="2" iotype="AI" name="Sensor25160_S" textname="test sensor 25160"/>
			<item id="25161" losttest="2" iotype="AI" name="Sensor25161_S" textname="test sensor 25161"/>
			<item id="25162" losttest="2" iotype="AI" name="Sensor25162_S" textname="test sensor 25162"/>
			<item id="25163" losttest="2" iotype="AI" name="Sensor25163_S" textname="test sensor 25163"/>
			<item id="25164" losttest="2" iotype="AI" name="Sensor25164_S" textname="test sensor 25164"/>
			<item id="25165" losttest="2" iotype="AI" name="Sensor25165_S" textname="test sensor 25165"/>
			<item id="25166" losttest="2" iotype="AI" name="Sensor25166_S" textname="test sensor 25166"/>
			<item id="25167" losttest="2" iotype="AI" name="Sensor25167_S" textname="test sensor 25167"/>
			<item id="25168" losttest="2" iotype="AI" name="Sensor25168_S" textname="test sensor 25168"/>
			<item id="25169" losttest="2" iotype="AI" name="Sensor25169_S" textname="test sensor 25169"/>
			<item id="25170" losttest="2" iotype="AI" name="Sensor25170_S" textname="test sensor 25170"/>
			<item id="25171" losttest="2" iotype="AI" name="Sensor25171_S" textname="test sensor 25171"/>
			<item id="25172" losttest="2" iotype="AI" name="Sensor25172_S" textname="test sensor 25172"/>
			<item id="25173" losttest="2" iotype="AI" name="Sensor25173_S" textname="test sensor 25173"/>
			<item id="25174" losttest="2" iotype="AI" name="Sensor25174_S" textname="test sensor 25174"/>
			<item id="25175" losttest="2" iotype="AI" name="Sensor25175_S" textname="test sensor 25175"/>
			<item id="25176" losttest="2" iotype="AI" name="Sensor25176_S" textname="test sensor 25176"/>
			<item id="25177" losttest="2" iotype="AI" name="Sensor25177_S" textname="test sensor 25177"/>
			<item id="25178" losttest="2" iotype="AI" name="Sensor25178_S" textname="test sensor 25178"/>
			<item id="25179" losttest="2" iotype="AI" name="Sensor25179_S" textname="test sensor 25179"/>
			<item id="25180" losttest="2" iotype="AI" name="Sensor25180_S" textname="test sensor 25180"/>
			<item id="25181" losttest="2" iotype="AI" name="Sensor25181_S" textname="test sensor 25181"/>
			<item id="25182" losttest="2" iotype="AI" name="Sensor25182_S" textname="test sensor 25182"/>
			<item id="25183" losttest="2" iotype="AI" name="Sensor25183_S" textname="test sensor 25183"/>
			<item id="25184" losttest="2" iotype="AI" name="Sensor25184_S" textname="test sensor 25184"/>
			<item id="25185" losttest="2" iotype="AI" name="Sensor25185_S" textname="test sensor 25185"/>
			<item id="25186" losttest="2" iotype="AI" name="Sensor25186_S" textname="test sensor 25186"/>
			<item id="25187" losttest="2" iotype="AI" name="Sensor25187_S" textname="test sensor 25187"/>
			<item id="25188" losttest="2" iotype="AI" name="Sensor25188_S" textname="test sensor 25188"/>
			<item id="25189" losttest="2" iotype="AI" name="Sensor25189_S" textname="test sensor 25189"/>
			<item id="25190" losttest="2" iotype="AI" name="Sensor25190_S" textname="test sensor 25190"/>
			<item id="25191" losttest="2" iotype="AI" name="Sensor25191_S" textname="test sensor 25191"/>
			<item id="25192" losttest="2" iotype="AI" name="Sensor25192_S" textname="test sensor 25192"/>
			<item id="25193" losttest="2" iotype="AI" name="Sensor25193_S" textname="test sensor 25193"/>
			<item id="25194" losttest="2" iotype="AI" name="Sensor25194_S" textname="test sensor 25194"/>
			<item id="25195" losttest="2" iotype="AI" name="Sensor25195_S" textname="test sensor 25195"/>
			<item id="25196" losttest="2" iotype="AI" name="Sensor25196_S" textname="test sensor 25196"/>
			<item id="25197" losttest="2" iotype="AI" name="Sensor25197_S" textname="test sensor 25197"/>
			<item id="25198" losttest="2" iotype="AI" name="Sensor25198_S" textname="test sensor 25198"/>
			<item id="25199" losttest="2" iotype="AI" name="Sensor25199_S" textname="test sensor 25199"/>
			<item id="25200" losttest="2" iotype="AI" name="Sensor25200_S" textname="test sensor 25200"/>
			<item id="25201" losttest="2" iotype="AI" name="Sensor25201_S" textname="test sensor 25201"/>
			<item id="25202" losttest="2" iotype="AI" name="Sensor25202_S" textname="test sensor 25202"/>
			<item id="25203" losttest="2" iotype="AI" name="Sensor25203_S" textname="test sensor 25203"/>
			<item id="25204" losttest="2" iotype="AI" name="Sensor25204_S" textname="test sensor 25204"/>
			<item id="25205" losttest="2" iotype="AI" name="Sensor25205_S" textname="test sensor 25205"/>
			<item id="25206" losttest="2" iotype="AI" name="Sensor25206_S" textname="test sensor 25206"/>
			<item id="25207" losttest="2" iotype="AI" name="Sensor25207_S" textname="test sensor 25207"/>
			<item id="25208" losttest="2" iotype="AI" name="Sensor25208_S" textname="test sensor 25208"/>
			<item id="25209" losttest="2" iotype="AI" name="Sensor25209_S" textname="test sensor 25209"/>
			<item id="25210" losttest="2" iotype="AI" name="Sensor25210_S" textname="test sensor 25210"/>
			<item id="25211" losttest="2" iotype="AI" name="Sensor25211_S" textname="test sensor 25211"/>
			<item id="25212" losttest="2" iotype="AI" name="Sensor25212_S" textname="test sensor 25212"/>
			<item id="25213" losttest="2" iotype="AI" name="Sensor25213_S" textname="test sensor 25213"/>
			<item id="25214" losttest="2" iotype="AI" name="Sensor25214_S" textname="test sensor 25214"/>
			<item id="25215" losttest="2" iotype="AI" name="Sensor25215_S" textname="test sensor 25215"/>
			<item id="25216" losttest="2" iotype="AI" name="Sensor25216_S" textname="test sensor 25216"/>
			<item id="25217" losttest="2" iotype="AI" name="Sensor25217_S" textname="test sensor 25217"/>
			<item id="25218" losttest="2" iotype="AI" name="Sensor25218_S" textname="test sensor 25218"/>
			<item id="25219" losttest="2" iotype="AI" name="Sensor25219_S" textname="test sensor 25219"/>
			<item id="25220" losttest="2" iotype="AI" name="Sensor25220_S" textname="test sensor 25220"/>
			<item id="25221" losttest="2" iotype="AI" name="Sensor25221_S" textname="test sensor 25221"/>
			<item id="25222" losttest="2" iotype="AI" name="Sensor25222_S" textname="test sensor 25222"/>
			<item id="25223" losttest="2" iotype="AI" name="Sensor25223_S" textname="test sensor 25223"/>
			<item id="25224" losttest="2" iotype="AI" name="Sensor25224_S" textname="test sensor 25224"/>
			<item id="25225" losttest="2" iotype="AI" name="Sensor25225_S" textname="test sensor 25225"/>
			<item id="25226" losttest="2" iotype="AI" name="Sensor25226_S" textname="test sensor 25226"/>
			<item id="25227" losttest="2" iotype="AI" name="Sensor25227_S" textname="test sensor 25227"/>
			<item id="25228" losttest="2" iotype="AI" name="Sensor25228_S" textname="test sensor 25228"/>
			<item id="25229" losttest="2" iotype="AI" name="Sensor25229_S" textname="test sensor 25229"/>
			<item id="25230" losttest="2" iotype="AI" name="Sensor25230_S" textname="test sensor 25230"/>
			<item id="25231" losttest="2" iotype="AI" name="Sensor25231_S" textname="test sensor 25231"/>
			<item id="25232" losttest="2" iotype="AI" name="Sensor25232_S" textname="test sensor 25232"/>
			<item id="25233" losttest="2" iotype="AI" name="Sensor25233_S" textname="test sensor 25233"/>
			<item id="25234" losttest="2" iotype="AI" name="Sensor25234_S" textname="test sensor 25234"/>
			<item id="25235" losttest="2" iotype="AI" name="Sensor25235_S" textname="test sensor 25235"/>
			<item id="25236" losttest="2" iotype="AI" name="Sensor25236_S" textname="test sensor 25236"/>
			<item id="25237" losttest="2" iotype="AI" name="Sensor25237_S" textname="test sensor 25237"/>
			<item id="25238" losttest="2" iotype="AI" name="Sensor25238_S" textname="test sensor 25238"/>
			<item id="25239" losttest="2" iotype="AI" name="Sensor25239_S" textname="test sensor 25239"/>
			<item id="25240" losttest="2" iotype="AI" name="Sensor25240_S" textname="test sensor 25240"/>
			<item id="25241" losttest="2" iotype="AI" name="Sensor25241_S" textname="test sensor 25241"/>
			<item id="25242" losttest="2" iotype="AI" name="Sensor25242_S" textname="test sensor 25242"/>
			<item id="25243" losttest="2" iotype="AI" name="Sensor25243_S" textname="test sensor 25243"/>
			<item id="25244" losttest="2" iotype="AI" name="Sensor25244_S" textname="test sensor 25244"/>
			<item id="25245" losttest="2" iotype="AI" name="Sensor25245_S" textname="test sensor 25245"/>
			<item id="25246" losttest="2" iotype="AI" name="Sensor25246_S" textname="test sensor 25246"/>
			<item id="25247" losttest="2" iotype="AI" name="Sensor25247_S" textname="test sensor 25247"/>
			<item id="25248" losttest="2" iotype="AI" name="Sensor25248_S" textname="test sensor 25248"/>
			<item id="25249" losttest="2" iotype="AI" name="Sensor25249_S" textname="test sensor 25249"/>
			<item id="25250" losttest="2" iotype="AI" name="Sensor25250_S" textname="test sensor 25250"/>
			<item id="25251" losttest="2" iotype="AI" name="Sensor25251_S" textname="test sensor 25251"/>
			<item id="25252" losttest="2" iotype="AI" name="Sensor25252_S" textname="test sensor 25252"/>
			<item id="25253" losttest="2" iotype="AI" name="Sensor25253_S" textname="test sensor 25253"/>
			<item id="25254" losttest="2" iotype="AI" name="Sensor25254_S" textname="test sensor 25254"/>
			<item id="25255" losttest="2" iotype="AI" name="Sensor25255_S" textname="test sensor 25255"/>
			<item id="25256" losttest="2" iotype="AI" name="Sensor25256_S" textname="test sensor 25256"/>
			<item id="25257" losttest="2" iotype="AI" name="Sensor25257_S" textname="test sensor 25257"/>
			<item id="25258" losttest="2" iotype="AI" name="Sensor25258_S" textname="test sensor 25258"/>
			<item id="25259" losttest="2" iotype="AI" name="Sensor25259_S" textname="test sensor 25259"/>
			<item id="25260" losttest="2" iotype="AI" name="Sensor25260_S" textname="test sensor 25260"/>
			<item id="25261" losttest="2" iotype="AI" name="Sensor25261_S" textname="test sensor 25261"/>
			<item id="25262" losttest="2" iotype="AI" name="Sensor25262_S" textname="test sensor 25262"/>
			<item id="25263" losttest="2" iotype="AI" name="Sensor25263_S" textname="test sensor 25263"/>
			<item id="25264" losttest="2" iotype="AI" name="Sensor25264_S" textname="test sensor 25264"/>
			<item id="25265" losttest="2" iotype="AI" name="Sensor25265_S" textname="test sensor 25265"/>
			<item id="25266" losttest="2" iotype="AI" name="Sensor25266_S" textname="test sensor 25266"/>
			<item id="25267" losttest="2" iotype="AI" name="Sensor25267_S" textname="test sensor 25267"/>
			<item id="25268" losttest="2" iotype="AI" name="Sensor25268_S" textname="test sensor 25268"/>
			<item id="25269" losttest="2" iotype="AI" name="Sensor25269_S" textname="test sensor 25269"/>
			<item id="25270" losttest="2" iotype="AI" name="Sensor25270_S" textname="test sensor 25270"/>
			<item id="25271" losttest="2" iotype="AI" name="Sensor25271_S" textname="test sensor 25271"/>
			<item id="25272" losttest="2" iotype="AI" name="Sensor25272_S" textname="test sensor 25272"/>
			<item id="25273" losttest="2" iotype="AI" name="Sensor25273_S" textname="test sensor 25273"/>
			<item id="25274" losttest="2" iotype="AI" name="Sensor25274_S" textname="test sensor 25274"/>
			<item id="25275" losttest="2" iotype="AI" name="Sensor25275_S" textname="test sensor 25275"/>
			<item id="25276" losttest="2" iotype="AI" name="Sensor25276_S" textname="test sensor 25276"/>
			<item id="25277" losttest="2" iotype="AI" name="Sensor25277_S" textname="test sensor 25277"/>
			<item id="25278" losttest="2" iotype="AI" name="Sensor25278_S" textname="test sensor 25278"/>
			<item id="25279" losttest="2" iotype="AI" name="Sensor25279_S" textname="test sensor 25279"/>
			<item id="25280" losttest="2" iotype="AI" name="Sensor25280_S" textname="test sensor 25280"/>
			<item id="25281" losttest="2" iotype="AI" name="Sensor25281_S" textname="test sensor 25281"/>
			<item id="25282" losttest="2" iotype="AI" name="Sensor25282_S" textname="test sensor 25282"/>
			<item id="25283" losttest="2" iotype="AI" name="Sensor25283_S" textname="test sensor 25283"/>
			<item id="25284" losttest="2" iotype="AI" name="Sensor25284_S" textname="test sensor 25284"/>
			<item id="25285" losttest="2" iotype="AI" name="Sensor25285_S" textname="test sensor 25285"/>
			<item id="25286" losttest="2" iotype="AI" name="Sensor25286_S" textname="test sensor 25286"/>
			<item id="25287" losttest="2" iotype="AI" name="Sensor25287_S" textname="test sensor 25287"/>
			<item id="25288" losttest="2" iotype="AI" name="Sensor25288_S" textname="test sensor 25288"/>
			<item id="25289" losttest="2" iotype="AI" name="Sensor25289_S" textname="test sensor 25289"/>
			<item id="25290" losttest="2" iotype="AI" name="Sensor25290_S" textname="test sensor 25290"/>
			<item id="25291" losttest="2" iotype="AI" name="Sensor25291_S" textname="test sensor 25291"/>
			<item id="25292" losttest="2" iotype="AI" name="Sensor25292_S" textname="test sensor 25292"/>
			<item id="25293" losttest="2" iotype="AI" name="Sensor25293_S" textname="test sensor 25293"/>
			<item id="25294" losttest="2" iotype="AI" name="Sensor25294_S" textname="test sensor 25294"/>
			<item id="25295" losttest="2" iotype="AI" name="Sensor25295_S" textname="test sensor 25295"/>
			<item id="25296" losttest="2" iotype="AI" name="Sensor25296_S" textname="test sensor 25296"/>
			<item id="25297" losttest="2" iotype="AI" name="Sensor25297_S" textname="test sensor 25297"/>
			<item id="25298" losttest="2" iotype="AI" name="Sensor25298_S" textname="test sensor 25298"/>
			<item id="25299" losttest="2" iotype="AI" name="Sensor25299_S" textname="test sensor 25299"/>
			<item id="25300" losttest="2" iotype="AI" name="Sensor25300_S" textname="test sensor 25300"/>
			<item id="25301" losttest="2" iotype="AI" name="Sensor25301_S" textname="test sensor 25301"/>
			<item id="25302" losttest="2" iotype="AI" name="Sensor25302_S" textname="test sensor 25302"/>
			<item id="25303" losttest="2" iotype="AI" name="Sensor25303_S" textname="test sensor 25303"/>
			<item id="25304" losttest="2" iotype="AI" name="Sensor25304_S" textname="test sensor 25304"/>
			<item id="25305" losttest="2" iotype="AI" name="Sensor25305_S" textname="test sensor 25305"/>
			<item id="25306" losttest="2" iotype="AI" name="Sensor25306_S" textname="test sensor 25306"/>
			<item id="25307" losttest="2" iotype="AI" name="Sensor25307_S" textname="test sensor 25307"/>
			<item id="25308" losttest="2" iotype="AI" name="Sensor25308_S" textname="test sensor 25308"/>
			<item id="25309" losttest="2" iotype="AI" name="Sensor25309_S" textname="test sensor 25309"/>
			<item id="25310" losttest="2" iotype="AI" name="Sensor25310_S" textname="test sensor 25310"/>
			<item id="25311" losttest="2" iotype="AI" name="Sensor25311_S" textname="test sensor 25311"/>
			<item id="25312" losttest="2" iotype="AI" name="Sensor25312_S" textname="test sensor 25312"/>
			<item id="25313" losttest="2" iotype="AI" name="Sensor25313_S" textname="test sensor 25313"/>
			<item id="25314" losttest="2" iotype="AI" name="Sensor25314_S" textname="test sensor 25314"/>
			<item id="25315" losttest="2" iotype="AI" name="Sensor25315_S" textname="test sensor 25315"/>
			<item id="25316" losttest="2" iotype="AI" name="Sensor25316_S" textname="test sensor 25316"/>
			<item id="25317" losttest="2" iotype="AI" name="Sensor25317_S" textname="test sensor 25317"/>
			<item id="25318" losttest="2" iotype="AI" name="Sensor25318_S" textname="test sensor 25318"/>
			<item id="25319" losttest="2" iotype="AI" name="Sensor25319_S" textname="test sensor 25319"/>
			<item id="25320" losttest="2" iotype="AI" name="Sensor25320_S" textname="test sensor 25320"/>
			<item id="25321" losttest="2" iotype="AI" name="Sensor25321_S" textname="test sensor 25321"/>
			<item id="25322" losttest="2" iotype="AI" name="Sensor25322_S" textname="test sensor 25322"/>
			<item id="25323" losttest="2" iotype="AI" name="Sensor25323_S" textname="test sensor 25323"/>
			<item id="25324" losttest="2" iotype="AI" name="Sensor25324_S" textname="test sensor 25324"/>
			<item id="25325" losttest="2" iotype="AI" name="Sensor25325_S" textname="test sensor 25325"/>
			<item id="25326" losttest="2" iotype="AI" name="Sensor25326_S" textname="test sensor 25326"/>
			<item id="25327" losttest="2" iotype="AI" name="Sensor25327_S" textname="test sensor 25327"/>
			<item id="25328" losttest="2" iotype="AI" name="Sensor25328_S" textname="test sensor 25328"/>
			<item id="25329" losttest="2" iotype="AI" name="Sensor25329_S" textname="test sensor 25329"/>
			<item id="25330" losttest="2" iotype="AI" name="Sensor25330_S" textname="test sensor 25330"/>
			<item id="25331" losttest="2" iotype="AI" name="Sensor25331_S" textname="test sensor 25331"/>
			<item id="25332" losttest="2" iotype="AI" name="Sensor25332_S" textname="test sensor 25332"/>
			<item id="25333" losttest="2" iotype="AI" name="Sensor25333_S" textname="test sensor 25333"/>
			<item id="25334" losttest="2" iotype="AI" name="Sensor25334_S" textname="test sensor 25334"/>
			<item id="25335" losttest="2" iotype="AI" name="Sensor25335_S" textname="test sensor 25335"/>
			<item id="25336" losttest="2" iotype="AI" name="Sensor25336_S" textname="test sensor 25336"/>
			<item id="25337" losttest="2" iotype="AI" name="Sensor25337_S" textname="test sensor 25337"/>
			<item id="25338" losttest="2" iotype="AI" name="Sensor25338_S" textname="test sensor 25338"/>
			<item id="25339" losttest="2" iotype="AI" name="Sensor25339_S" textname="test sensor 25339"/>
			<item id="25340" losttest="2" iotype="AI" name="Sensor25340_S" textname="test sensor 25340"/>
			<item id="25341" losttest="2" iotype="AI" name="Sensor25341_S" textname="test sensor 25341"/>
			<item id="25342" losttest="2" iotype="AI" name="Sensor25342_S" textname="test sensor 25342"/>
			<item id="25343" losttest="2" iotype="AI" name="Sensor25343_S" textname="test sensor 25343"/>
			<item id="25344" losttest="2" iotype="AI" name="Sensor25344_S" textname="test sensor 25344"/>
			<item id="25345" losttest="2" iotype="AI" name="Sensor25345_S" textname="test sensor 25345"/>
			<item id="25346" losttest="2" iotype="AI" name="Sensor25346_S" textname="test sensor 25346"/>
			<item id="25347" losttest="2" iotype="AI" name="Sensor25347_S" textname="test sensor 25347"/>
			<item id="25348" losttest="2" iotype="AI" name="Sensor25348_S" textname="test sensor 25348"/>
			<item id="25349" losttest="2" iotype="AI" name="Sensor25349_S" textname="test sensor 25349"/>
			<item id="25350" losttest="2" iotype="AI" name="Sensor25350_S" textname="test sensor 25350"/>
			<item id="25351" losttest="2" iotype="AI" name="Sensor25351_S" textname="test sensor 25351"/>
			<item id="25352" losttest="2" iotype="AI" name="Sensor25352_S" textname="test sensor 25352"/>
			<item id="25353" losttest="2" iotype="AI" name="Sensor25353_S" textname="test sensor 25353"/>
			<item id="25354" losttest="2" iotype="AI" name="Sensor25354_S" textname="test sensor 25354"/>
			<item id="25355" losttest="2" iotype="AI" name="Sensor25355_S" textname="test sensor 25355"/>
			<item id="25356" losttest="2" iotype="AI" name="Sensor25356_S" textname="test sensor 25356"/>
			<item id="25357" losttest="2" iotype="AI" name="Sensor25357_S" textname="test sensor 25357"/>
			<item id="25358" losttest="2" iotype="AI" name="Sensor25358_S" textname="test sensor 25358"/>
			<item id="25359" losttest="2" iotype="AI" name="Sensor25359_S" textname="test sensor 25359"/>
			<item id="25360" losttest="2" iotype="AI" name="Sensor25360_S" textname="test sensor 25360"/>
			<item id="25361" losttest="2" iotype="AI" name="Sensor25361_S" textname="test sensor 25361"/>
			<item id="25362" losttest="2" iotype="AI" name="Sensor25362_S" textname="test sensor 25362"/>
			<item id="25363" losttest="2" iotype="AI" name="Sensor25363_S" textname="test sensor 25363"/>
			<item id="25364" losttest="2" iotype="AI" name="Sensor25364_S" textname="test sensor 25364"/>
			<item id="25365" losttest="2" iotype="AI" name="Sensor25365_S" textname="test sensor 25365"/>
			<item id="25366" losttest="2" iotype="AI" name="Sensor25366_S" textname="test sensor 25366"/>
			<item id="25367" losttest="2" iotype="AI" name="Sensor25367_S" textname="test sensor 25367"/>
			<item id="25368" losttest="2" iotype="AI" name="Sensor25368_S" textname="test sensor 25368"/>
			<item id="25369" losttest="2" iotype="AI" name="Sensor25369_S" textname="test sensor 25369"/>
			<item id="25370" losttest="2" iotype="AI" name="Sensor25370_S" textname="test sensor 25370"/>
			<item id="25371" losttest="2" iotype="AI" name="Sensor25371_S" textname="test sensor 25371"/>
			<item id="25372" losttest="2" iotype="AI" name="Sensor25372_S" textname="test sensor 25372"/>
			<item id="25373" losttest="2" iotype="AI" name="Sensor25373_S" textname="test sensor 25373"/>
			<item id="25374" losttest="2" iotype="AI" name="Sensor25374_S" textname="test sensor 25374"/>
			<item id="25375" losttest="2" iotype="AI" name="Sensor25375_S" textname="test sensor 25375"/>
			<item id="25376" losttest="2" iotype="AI" name="Sensor25376_S" textname="test sensor 25376"/>
			<item id="25377" losttest="2" iotype="AI" name="Sensor25377_S" textname="test sensor 25377"/>
			<item id="25378" losttest="2" iotype="AI" name="Sensor25378_S" textname="test sensor 25378"/>
			<item id="25379" losttest="2" iotype="AI" name="Sensor25379_S" textname="test sensor 25379"/>
			<item id="25380" losttest="2" iotype="AI" name="Sensor25380_S" textname="test sensor 25380"/>
			<item id="25381" losttest="2" iotype="AI" name="Sensor25381_S" textname="test sensor 25381"/>
			<item id="25382" losttest="2" iotype="AI" name="Sensor25382_S" textname="test sensor 25382"/>
			<item id="25383" losttest="2" iotype="AI" name="Sensor25383_S" textname="test sensor 25383"/>
			<item id="25384" losttest="2" iotype="AI" name="Sensor25384_S" textname="test sensor 25384"/>
			<item id="25385" losttest="2" iotype="AI" name="Sensor25385_S" textname="test sensor 25385"/>
			<item id="25386" losttest="2" iotype="AI" name="Sensor25386_S" textname="test sensor 25386"/>
			<item id="25387" losttest="2" iotype="AI" name="Sensor25387_S" textname="test sensor 25387"/>
			<item id="25388" losttest="2" iotype="AI" name="Sensor25388_S" textname="test sensor 25388"/>
			<item id="25389" losttest="2" iotype="AI" name="Sensor25389_S" textname="test sensor 25389"/>
			<item id="25390" losttest="2" iotype="AI" name="Sensor25390_S" textname="test sensor 25390"/>
			<item id="25391" losttest="2" iotype="AI" name="Sensor25391_S" textname="test sensor 25391"/>
			<item id="25392" losttest="2" iotype="AI" name="Sensor25392_S" textname="test sensor 25392"/>
			<item id="25393" losttest="2" iotype="AI" name="Sensor25393_S" textname="test sensor 25393"/>
			<item id="25394" losttest="2" iotype="AI" name="Sensor25394_S" textname="test sensor 25394"/>
			<item id="25395" losttest="2" iotype="AI" name="Sensor25395_S" textname="test sensor 25395"/>
			<item id="25396" losttest="2" iotype="AI" name="Sensor25396_S" textname="test sensor 25396"/>
			<item id="25397" losttest="2" iotype="AI" name="Sensor25397_S" textname="test sensor 25397"/>
			<item id="25398" losttest="2" iotype="AI" name="Sensor25398_S" textname="test sensor 25398"/>
			<item id="25399" losttest="2" iotype="AI" name="Sensor25399_S" textname="test sensor 25399"/>
			<item id="25400" losttest="2" iotype="AI" name="Sensor25400_S" textname="test sensor 25400"/>
			<item id="25401" losttest="2" iotype="AI" name="Sensor25401_S" textname="test sensor 25401"/>
			<item id="25402" losttest="2" iotype="AI" name="Sensor25402_S" textname="test sensor 25402"/>
			<item id="25403" losttest="2" iotype="AI" name="Sensor25403_S" textname="test sensor 25403"/>
			<item id="25404" losttest="2" iotype="AI" name="Sensor25404_S" textname="test sensor 25404"/>
			<item id="25405" losttest="2" iotype="AI" name="Sensor25405_S" textname="test sensor 25405"/>
			<item id="25406" losttest="2" iotype="AI" name="Sensor25406_S" textname="test sensor 25406"/>
			<item id="25407" losttest="2" iotype="AI" name="Sensor25407_S" textname="test sensor 25407"/>
			<item id="25408" losttest="2" iotype="AI" name="Sensor25408_S" textname="test sensor 25408"/>
			<item id="25409" losttest="2" iotype="AI" name="Sensor25409_S" textname="test sensor 25409"/>
			<item id="25410" losttest="2" iotype="AI" name="Sensor25410_S" textname="test sensor 25410"/>
			<item id="25411" losttest="2" iotype="AI" name="Sensor25411_S" textname="test sensor 25411"/>
			<item id="25412" losttest="2" iotype="AI" name="Sensor25412_S" textname="test sensor 25412"/>
			<item id="25413" losttest="2" iotype="AI" name="Sensor25413_S" textname="test sensor 25413"/>
			<item id="25414" losttest="2" iotype="AI" name="Sensor25414_S" textname="test sensor 25414"/>
			<item id="25415" losttest="2" iotype="AI" name="Sensor25415_S" textname="test sensor 25415"/>
			<item id="25416" losttest="2" iotype="AI" name="Sensor25416_S" textname="test sensor 25416"/>
			<item id="25417" losttest="2" iotype="AI" name="Sensor25417_S" textname="test sensor 25417"/>
			<item id="25418" losttest="2" iotype="AI" name="Sensor25418_S" textname="test sensor 25418"/>
			<item id="25419" losttest="2" iotype="AI" name="Sensor25419_S" textname="test sensor 25419"/>
			<item id="25420" losttest="2" iotype="AI" name="Sensor25420_S" textname="test sensor 25420"/>
			<item id="25421" losttest="2" iotype="AI" name="Sensor25421_S" textname="test sensor 25421"/>
			<item id="25422" losttest="2" iotype="AI" name="Sensor25422_S" textname="test sensor 25422"/>
			<item id="25423" losttest="2" iotype="AI" name="Sensor25423_S" textname="test sensor 25423"/>
			<item id="25424" losttest="2" iotype="AI" name="Sensor25424_S" textname="test sensor 25424"/>
			<item id="25425" losttest="2" iotype="AI" name="Sensor25425_S" textname="test sensor 25425"/>
			<item id="25426" losttest="2" iotype="AI" name="Sensor25426_S" textname="test sensor 25426"/>
			<item id="25427" losttest="2" iotype="AI" name="Sensor25427_S" textname="test sensor 25427"/>
			<item id="25428" losttest="2" iotype="AI" name="Sensor25428_S" textname="test sensor 25428"/>
			<item id="25429" losttest="2" iotype="AI" name="Sensor25429_S" textname="test sensor 25429"/>
			<item id="25430" losttest="2" iotype="AI" name="Sensor25430_S" textname="test sensor 25430"/>
			<item id="25431" losttest="2" iotype="AI" name="Sensor25431_S" textname="test sensor 25431"/>
			<item id="25432" losttest="2" iotype="AI" name="Sensor25432_S" textname="test sensor 25432"/>
			<item id="25433" losttest="2" iotype="AI" name="Sensor25433_S" textname="test sensor 25433"/>
			<item id="25434" losttest="2" iotype="AI" name="Sensor25434_S" textname="test sensor 25434"/>
			<item id="25435" losttest="2" iotype="AI" name="Sensor25435_S" textname="test sensor 25435"/>
			<item id="25436" losttest="2" iotype="AI" name="Sensor25436_S" textname="test sensor 25436"/>
			<item id="25437" losttest="2" iotype="AI" name="Sensor25437_S" textname="test sensor 25437"/>
			<item id="25438" losttest="2" iotype="AI" name="Sensor25438_S" textname="test sensor 25438"/>
			<item id="25439" losttest="2" iotype="AI" name="Sensor25439_S" textname="test sensor 25439"/>
			<item id="25440" losttest="2" iotype="AI" name="Sensor25440_S" textname="test sensor 25440"/>
			<item id="25441" losttest="2" iotype="AI" name="Sensor25441_S" textname="test sensor 25441"/>
			<item id="25442" losttest="2" iotype="AI" name="Sensor25442_S" textname="test sensor 25442"/>
			<item id="25443" losttest="2" iotype="AI" name="Sensor25443_S" textname="test sensor 25443"/>
			<item id="25444" losttest="2" iotype="AI" name="Sensor25444_S" textname="test sensor 25444"/>
			<item id="25445" losttest="2" iotype="AI" name="Sensor25445_S" textname="test sensor 25445"/>
			<item id="25446" losttest="2" iotype="AI" name="Sensor25446_S" textname="test sensor 25446"/>
			<item id="25447" losttest="2" iotype="AI" name="Sensor25447_S" textname="test sensor 25447"/>
			<item id="25448" losttest="2" iotype="AI" name="Sensor25448_S" textname="test sensor 25448"/>
			<item id="25449" losttest="2" iotype="AI" name="Sensor25449_S" textname="test sensor 25449"/>
			<item id="25450" losttest="2" iotype="AI" name="Sensor25450_S" textname="test sensor 25450"/>
			<item id="25451" losttest="2" iotype="AI" name="Sensor25451_S" textname="test sensor 25451"/>
			<item id="25452" losttest="2" iotype="AI" name="Sensor25452_S" textname="test sensor 25452"/>
			<item id="25453" losttest="2" iotype="AI" name="Sensor25453_S" textname="test sensor 25453"/>
			<item id="25454" losttest="2" iotype="AI" name="Sensor25454_S" textname="test sensor 25454"/>
			<item id="25455" losttest="2" iotype="AI" name="Sensor25455_S" textname="test sensor 25455"/>
			<item id="25456" losttest="2" iotype="AI" name="Sensor25456_S" textname="test sensor 25456"/>
			<item id="25457" losttest="2" iotype="AI" name="Sensor25457_S" textname="test sensor 25457"/>
			<item id="25458" losttest="2" iotype="AI" name="Sensor25458_S" textname="test sensor 25458"/>
			<item id="25459" losttest="2" iotype="AI" name="Sensor25459_S" textname="test sensor 25459"/>
			<item id="25460" losttest="2" iotype="AI" name="Sensor25460_S" textname="test sensor 25460"/>
			<item id="25461" losttest="2" iotype="AI" name="Sensor25461_S" textname="test sensor 25461"/>
			<item id="25462" losttest="2" iotype="AI" name="Sensor25462_S" textname="test sensor 25462"/>
			<item id="25463" losttest="2" iotype="AI" name="Sensor25463_S" textname="test sensor 25463"/>
			<item id="25464" losttest="2" iotype="AI" name="Sensor25464_S" textname="test sensor 25464"/>
			<item id="25465" losttest="2" iotype="AI" name="Sensor25465_S" textname="test sensor 25465"/>
			<item id="25466" losttest="2" iotype="AI" name="Sensor25466_S" textname="test sensor 25466"/>
			<item id="25467" losttest="2" iotype="AI" name="Sensor25467_S" textname="test sensor 25467"/>
			<item id="25468" losttest="2" iotype="AI" name="Sensor25468_S" textname="test sensor 25468"/>
			<item id="25469" losttest="2" iotype="AI" name="Sensor25469_S" textname="test sensor 25469"/>
			<item id="25470" losttest="2" iotype="AI" name="Sensor25470_S" textname="test sensor 25470"/>
			<item id="25471" losttest="2" iotype="AI" name="Sensor25471_S" textname="test sensor 25471"/>
			<item id="25472" losttest="2" iotype="AI" name="Sensor25472_S" textname="test sensor 25472"/>
			<item id="25473" losttest="2" iotype="AI" name="Sensor25473_S" textname="test sensor 25473"/>
			<item id="25474" losttest="2" iotype="AI" name="Sensor25474_S" textname="test sensor 25474"/>
			<item id="25475" losttest="2" iotype="AI" name="Sensor25475_S" textname="test sensor 25475"/>
			<item id="25476" losttest="2" iotype="AI" name="Sensor25476_S" textname="test sensor 25476"/>
			<item id="25477" losttest="2" iotype="AI" name="Sensor25477_S" textname="test sensor 25477"/>
			<item id="25478" losttest="2" iotype="AI" name="Sensor25478_S" textname="test sensor 25478"/>
			<item id="25479" losttest="2" iotype="AI" name="Sensor25479_S" textname="test sensor 25479"/>
			<item id="25480" losttest="2" iotype="AI" name="Sensor25480_S" textname="test sensor 25480"/>
			<item id="25481" losttest="2" iotype="AI" name="Sensor25481_S" textname="test sensor 25481"/>
			<item id="25482" losttest="2" iotype="AI" name="Sensor25482_S" textname="test sensor 25482"/>
			<item id="25483" losttest="2" iotype="AI" name="Sensor25483_S" textname="test sensor 25483"/>
			<item id="25484" losttest="2" iotype="AI" name="Sensor25484_S" textname="test sensor 25484"/>
			<item id="25485" losttest="2" iotype="AI" name="Sensor25485_S" textname="test sensor 25485"/>
			<item id="25486" losttest="2" iotype="AI" name="Sensor25486_S" textname="test sensor 25486"/>
			<item id="25487" losttest="2" iotype="AI" name="Sensor25487_S" textname="test sensor 25487"/>
			<item id="25488" losttest="2" iotype="AI" name="Sensor25488_S" textname="test sensor 25488"/>
			<item id="25489" losttest="2" iotype="AI" name="Sensor25489_S" textname="test sensor 25489"/>
			<item id="25490" losttest="2" iotype="AI" name="Sensor25490_S" textname="test sensor 25490"/>
			<item id="25491" losttest="2" iotype="AI" name="Sensor25491_S" textname="test sensor 25491"/>
			<item id="25492" losttest="2" iotype="AI" name="Sensor25492_S" textname="test sensor 25492"/>
			<item id="25493" losttest="2" iotype="AI" name="Sensor25493_S" textname="test sensor 25493"/>
			<item id="25494" losttest="2" iotype="AI" name="Sensor25494_S" textname="test sensor 25494"/>
			<item id="25495" losttest="2" iotype="AI" name="Sensor25495_S" textname="test sensor 25495"/>
			<item id="25496" losttest="2" iotype="AI" name="Sensor25496_S" textname="test sensor 25496"/>
			<item id="25497" losttest="2" iotype="AI" name="Sensor25497_S" textname="test sensor 25497"/>
			<item id="25498" losttest="2" iotype="AI" name="Sensor25498_S" textname="test sensor 25498"/>
			<item id="25499" losttest="2" iotype="AI" name="Sensor25499_S" textname="test sensor 25499"/>
			<item id="25500" losttest="2" iotype="AI" name="Sensor25500_S" textname="test sensor 25500"/>
			<item id="25501" losttest="2" iotype="AI" name="Sensor25501_S" textname="test sensor 25501"/>
			<item id="25502" losttest="2" iotype="AI" name="Sensor25502_S" textname="test sensor 25502"/>
			<item id="25503" losttest="2" iotype="AI" name="Sensor25503_S" textname="test sensor 25503"/>
			<item id="25504" losttest="2" iotype="AI" name="Sensor25504_S" textname="test sensor 25504"/>
			<item id="25505" losttest="2" iotype="AI" name="Sensor25505_S" textname="test sensor 25505"/>
			<item id="25506" losttest="2" iotype="AI" name="Sensor25506_S" textname="test sensor 25506"/>
			<item id="25507" losttest="2" iotype="AI" name="Sensor25507_S" textname="test sensor 25507"/>
			<item id="25508" losttest="2" iotype="AI" name="Sensor25508_S" textname="test sensor 25508"/>
			<item id="25509" losttest="2" iotype="AI" name="Sensor25509_S" textname="test sensor 25509"/>
			<item id="25510" losttest="2" iotype="AI" name="Sensor25510_S" textname="test sensor 25510"/>
			<item id="25511" losttest="2" iotype="AI" name="Sensor25511_S" textname="test sensor 25511"/>
			<item id="25512" losttest="2" iotype="AI" name="Sensor25512_S" textname="test sensor 25512"/>
			<item id="25513" losttest="2" iotype="AI" name="Sensor25513_S" textname="test sensor 25513"/>
			<item id="25514" losttest="2" iotype="AI" name="Sensor25514_S" textname="test sensor 25514"/>
			<item id="25515" losttest="2" iotype="AI" name="Sensor25515_S" textname="test sensor 25515"/>
			<item id="25516" losttest="2" iotype="AI" name="Sensor25516_S" textname="test sensor 25516"/>
			<item id="25517" losttest="2" iotype="AI" name="Sensor25517_S" textname="test sensor 25517"/>
			<item id="25518" losttest="2" iotype="AI" name="Sensor25518_S" textname="test sensor 25518"/>
			<item id="25519" losttest="2" iotype="AI" name="Sensor25519_S" textname="test sensor 25519"/>
			<item id="25520" losttest="2" iotype="AI" name="Sensor25520_S" textname="test sensor 25520"/>
			<item id="25521" losttest="2" iotype="AI" name="Sensor25521_S" textname="test sensor 25521"/>
			<item id="25522" losttest="2" iotype="AI" name="Sensor25522_S" textname="test sensor 25522"/>
			<item id="25523" losttest="2" iotype="AI" name="Sensor25523_S" textname="test sensor 25523"/>
			<item id="25524" losttest="2" iotype="AI" name="Sensor25524_S" textname="test sensor 25524"/>
			<item id="25525" losttest="2" iotype="AI" name="Sensor25525_S" textname="test sensor 25525"/>
			<item id="25526" losttest="2" iotype="AI" name="Sensor25526_S" textname="test sensor 25526"/>
			<item id="25527" losttest="2" iotype="AI" name="Sensor25527_S" textname="test sensor 25527"/>
			<item id="25528" losttest="2" iotype="AI" name="Sensor25528_S" textname="test sensor 25528"/>
			<item id="25529" losttest="2" iotype="AI" name="Sensor25529_S" textname="test sensor 25529"/>
			<item id="25530" losttest="2" iotype="AI" name="Sensor25530_S" textname="test sensor 25530"/>
			<item id="25531" losttest="2" iotype="AI" name="Sensor25531_S" textname="test sensor 25531"/>
			<item id="25532" losttest="2" iotype="AI" name="Sensor25532_S" textname="test sensor 25532"/>
			<item id="25533" losttest="2" iotype="AI" name="Sensor25533_S" textname="test sensor 25533"/>
			<item id="25534" losttest="2" iotype="AI" name="Sensor25534_S" textname="test sensor 25534"/>
			<item id="25535" losttest="2" iotype="AI" name="Sensor25535_S" textname="test sensor 25535"/>
			<item id="25536" losttest="2" iotype="AI" name="Sensor25536_S" textname="test sensor 25536"/>
			<item id="25537" losttest="2" iotype="AI" name="Sensor25537_S" textname="test sensor 25537"/>
			<item id="25538" losttest="2" iotype="AI" name="Sensor25538_S" textname="test sensor 25538"/>
			<item id="25539" losttest="2" iotype="AI" name="Sensor25539_S" textname="test sensor 25539"/>
			<item id="25540" losttest="2" iotype="AI" name="Sensor25540_S" textname="test sensor 25540"/>
			<item id="25541" losttest="2" iotype="AI" name="Sensor25541_S" textname="test sensor 25541"/>
			<item id="25542" losttest="2" iotype="AI" name="Sensor25542_S" textname="test sensor 25542"/>
			<item id="25543" losttest="2" iotype="AI" name="Sensor25543_S" textname="test sensor 25543"/>
			<item id="25544" losttest="2" iotype="AI" name="Sensor25544_S" textname="test sensor 25544"/>
			<item id="25545" losttest="2" iotype="AI" name="Sensor25545_S" textname="test sensor 25545"/>
			<item id="25546" losttest="2" iotype="AI" name="Sensor25546_S" textname="test sensor 25546"/>
			<item id="25547" losttest="2" iotype="AI" name="Sensor25547_S" textname="test sensor 25547"/>
			<item id="25548" losttest="2" iotype="AI" name="Sensor25548_S" textname="test sensor 25548"/>
			<item id="25549" losttest="2" iotype="AI" name="Sensor25549_S" textname="test sensor 25549"/>
			<item id="25550" losttest="2" iotype="AI" name="Sensor25550_S" textname="test sensor 25550"/>
			<item id="25551" losttest="2" iotype="AI" name="Sensor25551_S" textname="test sensor 25551"/>
			<item id="25552" losttest="2" iotype="AI" name="Sensor25552_S" textname="test sensor 25552"/>
			<item id="25553" losttest="2" iotype="AI" name="Sensor25553_S" textname="test sensor 25553"/>
			<item id="25554" losttest="2" iotype="AI" name="Sensor25554_S" textname="test sensor 25554"/>
			<item id="25555" losttest="2" iotype="AI" name="Sensor25555_S" textname="test sensor 25555"/>
			<item id="25556" losttest="2" iotype="AI" name="Sensor25556_S" textname="test sensor 25556"/>
			<item id="25557" losttest="2" iotype="AI" name="Sensor25557_S" textname="test sensor 25557"/>
			<item id="25558" losttest="2" iotype="AI" name="Sensor25558_S" textname="test sensor 25558"/>
			<item id="25559" losttest="2" iotype="AI" name="Sensor25559_S" textname="test sensor 25559"/>
			<item id="25560" losttest="2" iotype="AI" name="Sensor25560_S" textname="test sensor 25560"/>
			<item id="25561" losttest="2" iotype="AI" name="Sensor25561_S" textname="test sensor 25561"/>
			<item id="25562" losttest="2" iotype="AI" name="Sensor25562_S" textname="test sensor 25562"/>
			<item id="25563" losttest="2" iotype="AI" name="Sensor25563_S" textname="test sensor 25563"/>
			<item id="25564" losttest="2" iotype="AI" name="Sensor25564_S" textname="test sensor 25564"/>
			<item id="25565" losttest="2" iotype="AI" name="Sensor25565_S" textname="test sensor 25565"/>
			<item id="25566" losttest="2" iotype="AI" name="Sensor25566_S" textname="test sensor 25566"/>
			<item id="25567" losttest="2" iotype="AI" name="Sensor25567_S" textname="test sensor 25567"/>
			<item id="25568" losttest="2" iotype="AI" name="Sensor25568_S" textname="test sensor 25568"/>
			<item id="25569" losttest="2" iotype="AI" name="Sensor25569_S" textname="test sensor 25569"/>
			<item id="25570" losttest="2" iotype="AI" name="Sensor25570_S" textname="test sensor 25570"/>
			<item id="25571" losttest="2" iotype="AI" name="Sensor25571_S" textname="test sensor 25571"/>
			<item id="25572" losttest="2" iotype="AI" name="Sensor25572_S" textname="test sensor 25572"/>
			<item id="25573" losttest="2" iotype="AI" name="Sensor25573_S" textname="test sensor 25573"/>
			<item id="25574" losttest="2" iotype="AI" name="Sensor25574_S" textname="test sensor 25574"/>
			<item id="25575" losttest="2" iotype="AI" name="Sensor25575_S" textname="test sensor 25575"/>
			<item id="25576" losttest="2" iotype="AI" name="Sensor25576_S" textname="test sensor 25576"/>
			<item id="25577" losttest="2" iotype="AI" name="Sensor25577_S" textname="test sensor 25577"/>
			<item id="25578" losttest="2" iotype="AI" name="Sensor25578_S" textname="test sensor 25578"/>
			<item id="25579" losttest="2" iotype="AI" name="Sensor25579_S" textname="test sensor 25579"/>
			<item id="25580" losttest="2" iotype="AI" name="Sensor25580_S" textname="test sensor 25580"/>
			<item id="25581" losttest="2" iotype="AI" name="Sensor25581_S" textname="test sensor 25581"/>
			<item id="25582" losttest="2" iotype="AI" name="Sensor25582_S" textname="test sensor 25582"/>
			<item id="25583" losttest="2" iotype="AI" name="Sensor25583_S" textname="test sensor 25583"/>
			<item id="25584" losttest="2" iotype="AI" name="Sensor25584_S" textname="test sensor 25584"/>
			<item id="25585" losttest="2" iotype="AI" name="Sensor25585_S" textname="test sensor 25585"/>
			<item id="25586" losttest="2" iotype="AI" name="Sensor25586_S" textname="test sensor 25586"/>
			<item id="25587" losttest="2" iotype="AI" name="Sensor25587_S" textname="test sensor 25587"/>
			<item id="25588" losttest="2" iotype="AI" name="Sensor25588_S" textname="test sensor 25588"/>
			<item id="25589" losttest="2" iotype="AI" name="Sensor25589_S" textname="test sensor 25589"/>
			<item id="25590" losttest="2" iotype="AI" name="Sensor25590_S" textname="test sensor 25590"/>
			<item id="25591" losttest="2" iotype="AI" name="Sensor25591_S" textname="test sensor 25591"/>
			<item id="25592" losttest="2" iotype="AI" name="Sensor25592_S" textname="test sensor 25592"/>
			<item id="25593" losttest="2" iotype="AI" name="Sensor25593_S" textname="test sensor 25593"/>
			<item id="25594" losttest="2" iotype="AI" name="Sensor25594_S" textname="test sensor 25594"/>
			<item id="25595" losttest="2" iotype="AI" name="Sensor25595_S" textname="test sensor 25595"/>
			<item id="25596" losttest="2" iotype="AI" name="Sensor25596_S" textname="test sensor 25596"/>
			<item id="25597" losttest="2" iotype="AI" name="Sensor25597_S" textname="test sensor 25597"/>
			<item id="25598" losttest="2" iotype="AI" name="Sensor25598_S" textname="test sensor 25598"/>
			<item id="25599" losttest="2" iotype="AI" name="Sensor25599_S" textname="test sensor 25599"/>
			<item id="25600" losttest="2" iotype="AI" name="Sensor25600_S" textname="test sensor 25600"/>
			<item id="25601" losttest="2" iotype="AI" name="Sensor25601_S" textname="test sensor 25601"/>
			<item id="25602" losttest="2" iotype="AI" name="Sensor25602_S" textname="test sensor 25602"/>
			<item id="25603" losttest="2" iotype="AI" name="Sensor25603_S" textname="test sensor 25603"/>
			<item id="25604" losttest="2" iotype="AI" name="Sensor25604_S" textname="test sensor 25604"/>
			<item id="25605" losttest="2" iotype="AI" name="Sensor25605_S" textname="test sensor 25605"/>
			<item id="25606" losttest="2" iotype="AI" name="Sensor25606_S" textname="test sensor 25606"/>
			<item id="25607" losttest="2" iotype="AI" name="Sensor25607_S" textname="test sensor 25607"/>
			<item id="25608" losttest="2" iotype="AI" name="Sensor25608_S" textname="test sensor 25608"/>
			<item id="25609" losttest="2" iotype="AI" name="Sensor25609_S" textname="test sensor 25609"/>
			<item id="25610" losttest="2" iotype="AI" name="Sensor25610_S" textname="test sensor 25610"/>
			<item id="25611" losttest="2" iotype="AI" name="Sensor25611_S" textname="test sensor 25611"/>
			<item id="25612" losttest="2" iotype="AI" name="Sensor25612_S" textname="test sensor 25612"/>
			<item id="25613" losttest="2" iotype="AI" name="Sensor25613_S" textname="test sensor 25613"/>
			<item id="25614" losttest="2" iotype="AI" name="Sensor25614_S" textname="test sensor 25614"/>
			<item id="25615" losttest="2" iotype="AI" name="Sensor25615_S" textname="test sensor 25615"/>
			<item id="25616" losttest="2" iotype="AI" name="Sensor25616_S" textname="test sensor 25616"/>
			<item id="25617" losttest="2" iotype="AI" name="Sensor25617_S" textname="test sensor 25617"/>
			<item id="25618" losttest="2" iotype="AI" name="Sensor25618_S" textname="test sensor 25618"/>
			<item id="25619" losttest="2" iotype="AI" name="Sensor25619_S" textname="test sensor 25619"/>
			<item id="25620" losttest="2" iotype="AI" name="Sensor25620_S" textname="test sensor 25620"/>
			<item id="25621" losttest="2" iotype="AI" name="Sensor25621_S" textname="test sensor 25621"/>
			<item id="25622" losttest="2" iotype="AI" name="Sensor25622_S" textname="test sensor 25622"/>
			<item id="25623" losttest="2" iotype="AI" name="Sensor25623_S" textname="test sensor 25623"/>
			<item id="25624" losttest="2" iotype="AI" name="Sensor25624_S" textname="test sensor 25624"/>
			<item id="25625" losttest="2" iotype="AI" name="Sensor25625_S" textname="test sensor 25625"/>
			<item id="25626" losttest="2" iotype="AI" name="Sensor25626_S" textname="test sensor 25626"/>
			<item id="25627" losttest="2" iotype="AI" name="Sensor25627_S" textname="test sensor 25627"/>
			<item id="25628" losttest="2" iotype="AI" name="Sensor25628_S" textname="test sensor 25628"/>
			<item id="25629" losttest="2" iotype="AI" name="Sensor25629_S" textname="test sensor 25629"/>
			<item id="25630" losttest="2" iotype="AI" name="Sensor25630_S" textname="test sensor 25630"/>
			<item id="25631" losttest="2" iotype="AI" name="Sensor25631_S" textname="test sensor 25631"/>
			<item id="25632" losttest="2" iotype="AI" name="Sensor25632_S" textname="test sensor 25632"/>
			<item id="25633" losttest="2" iotype="AI" name="Sensor25633_S" textname="test sensor 25633"/>
			<item id="25634" losttest="2" iotype="AI" name="Sensor25634_S" textname="test sensor 25634"/>
			<item id="25635" losttest="2" iotype="AI" name="Sensor25635_S" textname="test sensor 25635"/>
			<item id="25636" losttest="2" iotype="AI" name="Sensor25636_S" textname="test sensor 25636"/>
			<item id="25637" losttest="2" iotype="AI" name="Sensor25637_S" textname="test sensor 25637"/>
			<item id="25638" losttest="2" iotype="AI" name="Sensor25638_S" textname="test sensor 25638"/>
			<item id="25639" losttest="2" iotype="AI" name="Sensor25639_S" textname="test sensor 25639"/>
			<item id="25640" losttest="2" iotype="AI" name="Sensor25640_S" textname="test sensor 25640"/>
			<item id="25641" losttest="2" iotype="AI" name="Sensor25641_S" textname="test sensor 25641"/>
			<item id="25642" losttest="2" iotype="AI" name="Sensor25642_S" textname="test sensor 25642"/>
			<item id="25643" losttest="2" iotype="AI" name="Sensor25643_S" textname="test sensor 25643"/>
			<item id="25644" losttest="2" iotype="AI" name="Sensor25644_S" textname="test sensor 25644"/>
			<item id="25645" losttest="2" iotype="AI" name="Sensor25645_S" textname="test sensor 25645"/>
			<item id="25646" losttest="2" iotype="AI" name="Sensor25646_S" textname="test sensor 25646"/>
			<item id="25647" losttest="2" iotype="AI" name="Sensor25647_S" textname="test sensor 25647"/>
			<item id="25648" losttest="2" iotype="AI" name="Sensor25648_S" textname="test sensor 25648"/>
			<item id="25649" losttest="2" iotype="AI" name="Sensor25649_S" textname="test sensor 25649"/>
			<item id="25650" losttest="2" iotype="AI" name="Sensor25650_S" textname="test sensor 25650"/>
			<item id="25651" losttest="2" iotype="AI" name="Sensor25651_S" textname="test sensor 25651"/>
			<item id="25652" losttest="2" iotype="AI" name="Sensor25652_S" textname="test sensor 25652"/>
			<item id="25653" losttest="2" iotype="AI" name="Sensor25653_S" textname="test sensor 25653"/>
			<item id="25654" losttest="2" iotype="AI" name="Sensor25654_S" textname="test sensor 25654"/>
			<item id="25655" losttest="2" iotype="AI" name="Sensor25655_S" textname="test sensor 25655"/>
			<item id="25656" losttest="2" iotype="AI" name="Sensor25656_S" textname="test sensor 25656"/>
			<item id="25657" losttest="2" iotype="AI" name="Sensor25657_S" textname="test sensor 25657"/>
			<item id="25658" losttest="2" iotype="AI" name="Sensor25658_S" textname="test sensor 25658"/>
			<item id="25659" losttest="2" iotype="AI" name="Sensor25659_S" textname="test sensor 25659"/>
			<item id="25660" losttest="2" iotype="AI" name="Sensor25660_S" textname="test sensor 25660"/>
			<item id="25661" losttest="2" iotype="AI" name="Sensor25661_S" textname="test sensor 25661"/>
			<item id="25662" losttest="2" iotype="AI" name="Sensor25662_S" textname="test sensor 25662"/>
			<item id="25663" losttest="2" iotype="AI" name="Sensor25663_S" textname="test sensor 25663"/>
			<item id="25664" losttest="2" iotype="AI" name="Sensor25664_S" textname="test sensor 25664"/>
			<item id="25665" losttest="2" iotype="AI" name="Sensor25665_S" textname="test sensor 25665"/>
			<item id="25666" losttest="2" iotype="AI" name="Sensor25666_S" textname="test sensor 25666"/>
			<item id="25667" losttest="2" iotype="AI" name="Sensor25667_S" textname="test sensor 25667"/>
			<item id="25668" losttest="2" iotype="AI" name="Sensor25668_S" textname="test sensor 25668"/>
			<item id="25669" losttest="2" iotype="AI" name="Sensor25669_S" textname="test sensor 25669"/>
			<item id="25670" losttest="2" iotype="AI" name="Sensor25670_S" textname="test sensor 25670"/>
			<item id="25671" losttest="2" iotype="AI" name="Sensor25671_S" textname="test sensor 25671"/>
			<item id="25672" losttest="2" iotype="AI" name="Sensor25672_S" textname="test sensor 25672"/>
			<item id="25673" losttest="2" iotype="AI" name="Sensor25673_S" textname="test sensor 25673"/>
			<item id="25674" losttest="2" iotype="AI" name="Sensor25674_S" textname="test sensor 25674"/>
			<item id="25675" losttest="2" iotype="AI" name="Sensor25675_S" textname="test sensor 25675"/>
			<item id="25676" losttest="2" iotype="AI" name="Sensor25676_S" textname="test sensor 25676"/>
			<item id="25677" losttest="2" iotype="AI" name="Sensor25677_S" textname="test sensor 25677"/>
			<item id="25678" losttest="2" iotype="AI" name="Sensor25678_S" textname="test sensor 25678"/>
			<item id="25679" losttest="2" iotype="AI" name="Sensor25679_S" textname="test sensor 25679"/>
			<item id="25680" losttest="2" iotype="AI" name="Sensor25680_S" textname="test sensor 25680"/>
			<item id="25681" losttest="2" iotype="AI" name="Sensor25681_S" textname="test sensor 25681"/>
			<item id="25682" losttest="2" iotype="AI" name="Sensor25682_S" textname="test sensor 25682"/>
			<item id="25683" losttest="2" iotype="AI" name="Sensor25683_S" textname="test sensor 25683"/>
			<item id="25684" losttest="2" iotype="AI" name="Sensor25684_S" textname="test sensor 25684"/>
			<item id="25685" losttest="2" iotype="AI" name="Sensor25685_S" textname="test sensor 25685"/>
			<item id="25686" losttest="2" iotype="AI" name="Sensor25686_S" textname="test sensor 25686"/>
			<item id="25687" losttest="2" iotype="AI" name="Sensor25687_S" textname="test sensor 25687"/>
			<item id="25688" losttest="2" iotype="AI" name="Sensor25688_S" textname="test sensor 25688"/>
			<item id="25689" losttest="2" iotype="AI" name="Sensor25689_S" textname="test sensor 25689"/>
			<item id="25690" losttest="2" iotype="AI" name="Sensor25690_S" textname="test sensor 25690"/>
			<item id="25691" losttest="2" iotype="AI" name="Sensor25691_S" textname="test sensor 25691"/>
			<item id="25692" losttest="2" iotype="AI" name="Sensor25692_S" textname="test sensor 25692"/>
			<item id="25693" losttest="2" iotype="AI" name="Sensor25693_S" textname="test sensor 25693"/>
			<item id="25694" losttest="2" iotype="AI" name="Sensor25694_S" textname="test sensor 25694"/>
			<item id="25695" losttest="2" iotype="AI" name="Sensor25695_S" textname="test sensor 25695"/>
			<item id="25696" losttest="2" iotype="AI" name="Sensor25696_S" textname="test sensor 25696"/>
			<item id="25697" losttest="2" iotype="AI" name="Sensor25697_S" textname="test sensor 25697"/>
			<item id="25698" losttest="2" iotype="AI" name="Sensor25698_S" textname="test sensor 25698"/>
			<item id="25699" losttest="2" iotype="AI" name="Sensor25699_S" textname="test sensor 25699"/>
			<item id="25700" losttest="2" iotype="AI" name="Sensor25700_S" textname="test sensor 25700"/>
			<item id="25701" losttest="2" iotype="AI" name="Sensor25701_S" textname="test sensor 25701"/>
			<item id="25702" losttest="2" iotype="AI" name="Sensor25702_S" textname="test sensor 25702"/>
			<item id="25703" losttest="2" iotype="AI" name="Sensor25703_S" textname="test sensor 25703"/>
			<item id="25704" losttest="2" iotype="AI" name="Sensor25704_S" textname="test sensor 25704"/>
			<item id="25705" losttest="2" iotype="AI" name="Sensor25705_S" textname="test sensor 25705"/>
			<item id="25706" losttest="2" iotype="AI" name="Sensor25706_S" textname="test sensor 25706"/>
			<item id="25707" losttest="2" iotype="AI" name="Sensor25707_S" textname="test sensor 25707"/>
			<item id="25708" losttest="2" iotype="AI" name="Sensor25708_S" textname="test sensor 25708"/>
			<item id="25709" losttest="2" iotype="AI" name="Sensor25709_S" textname="test sensor 25709"/>
			<item id="25710" losttest="2" iotype="AI" name="Sensor25710_S" textname="test sensor 25710"/>
			<item id="25711" losttest="2" iotype="AI" name="Sensor25711_S" textname="test sensor 25711"/>
			<item id="25712" losttest="2" iotype="AI" name="Sensor25712_S" textname="test sensor 25712"/>
			<item id="25713" losttest="2" iotype="AI" name="Sensor25713_S" textname="test sensor 25713"/>
			<item id="25714" losttest="2" iotype="AI" name="Sensor25714_S" textname="test sensor 25714"/>
			<item id="25715" losttest="2" iotype="AI" name="Sensor25715_S" textname="test sensor 25715"/>
			<item id="25716" losttest="2" iotype="AI" name="Sensor25716_S" textname="test sensor 25716"/>
			<item id="25717" losttest="2" iotype="AI" name="Sensor25717_S" textname="test sensor 25717"/>
			<item id="25718" losttest="2" iotype="AI" name="Sensor25718_S" textname="test sensor 25718"/>
			<item id="25719" losttest="2" iotype="AI" name="Sensor25719_S" textname="test sensor 25719"/>
			<item id="25720" losttest="2" iotype="AI" name="Sensor25720_S" textname="test sensor 25720"/>
			<item id="25721" losttest="2" iotype="AI" name="Sensor25721_S" textname="test sensor 25721"/>
			<item id="25722" losttest="2" iotype="AI" name="Sensor25722_S" textname="test sensor 25722"/>
			<item id="25723" losttest="2" iotype="AI" name="Sensor25723_S" textname="test sensor 25723"/>
			<item id="25724" losttest="2" iotype="AI" name="Sensor25724_S" textname="test sensor 25724"/>
			<item id="25725" losttest="2" iotype="AI" name="Sensor25725_S" textname="test sensor 25725"/>
			<item id="25726" losttest="2" iotype="AI" name="Sensor25726_S" textname="test sensor 25726"/>
			<item id="25727" losttest="2" iotype="AI" name="Sensor25727_S" textname="test sensor 25727"/>
			<item id="25728" losttest="2" iotype="AI" name="Sensor25728_S" textname="test sensor 25728"/>
			<item id="25729" losttest="2" iotype="AI" name="Sensor25729_S" textname="test sensor 25729"/>
			<item id="25730" losttest="2" iotype="AI" name="Sensor25730_S" textname="test sensor 25730"/>
			<item id="25731" losttest="2" iotype="AI" name="Sensor25731_S" textname="test sensor 25731"/>
			<item id="25732" losttest="2" iotype="AI" name="Sensor25732_S" textname="test sensor 25732"/>
			<item id="25733" losttest="2" iotype="AI" name="Sensor25733_S" textname="test sensor 25733"/>
			<item id="25734" losttest="2" iotype="AI" name="Sensor25734_S" textname="test sensor 25734"/>
			<item id="25735" losttest="2" iotype="AI" name="Sensor25735_S" textname="test sensor 25735"/>
			<item id="25736" losttest="2" iotype="AI" name="Sensor25736_S" textname="test sensor 25736"/>
			<item id="25737" losttest="2" iotype="AI" name="Sensor25737_S" textname="test sensor 25737"/>
			<item id="25738" losttest="2" iotype="AI" name="Sensor25738_S" textname="test sensor 25738"/>
			<item id="25739" losttest="2" iotype="AI" name="Sensor25739_S" textname="test sensor 25739"/>
			<item id="25740" losttest="2" iotype="AI" name="Sensor25740_S" textname="test sensor 25740"/>
			<item id="25741" losttest="2" iotype="AI" name="Sensor25741_S" textname="test sensor 25741"/>
			<item id="25742" losttest="2" iotype="AI" name="Sensor25742_S" textname="test sensor 25742"/>
			<item id="25743" losttest="2" iotype="AI" name="Sensor25743_S" textname="test sensor 25743"/>
			<item id="25744" losttest="2" iotype="AI" name="Sensor25744_S" textname="test sensor 25744"/>
			<item id="25745" losttest="2" iotype="AI" name="Sensor25745_S" textname="test sensor 25745"/>
			<item id="25746" losttest="2" iotype="AI" name="Sensor25746_S" textname="test sensor 25746"/>
			<item id="25747" losttest="2" iotype="AI" name="Sensor25747_S" textname="test sensor 25747"/>
			<item id="25748" losttest="2" iotype="AI" name="Sensor25748_S" textname="test sensor 25748"/>
			<item id="25749" losttest="2" iotype="AI" name="Sensor25749_S" textname="test sensor 25749"/>
			<item id="25750" losttest="2" iotype="AI" name="Sensor25750_S" textname="test sensor 25750"/>
			<item id="25751" losttest="2" iotype="AI" name="Sensor25751_S" textname="test sensor 25751"/>
			<item id="25752" losttest="2" iotype="AI" name="Sensor25752_S" textname="test sensor 25752"/>
			<item id="25753" losttest="2" iotype="AI" name="Sensor25753_S" textname="test sensor 25753"/>
			<item id="25754" losttest="2" iotype="AI" name="Sensor25754_S" textname="test sensor 25754"/>
			<item id="25755" losttest="2" iotype="AI" name="Sensor25755_S" textname="test sensor 25755"/>
			<item id="25756" losttest="2" iotype="AI" name="Sensor25756_S" textname="test sensor 25756"/>
			<item id="25757" losttest="2" iotype="AI" name="Sensor25757_S" textname="test sensor 25757"/>
			<item id="25758" losttest="2" iotype="AI" name="Sensor25758_S" textname="test sensor 25758"/>
			<item id="25759" losttest="2" iotype="AI" name="Sensor25759_S" textname="test sensor 25759"/>
			<item id="25760" losttest="2" iotype="AI" name="Sensor25760_S" textname="test sensor 25760"/>
			<item id="25761" losttest="2" iotype="AI" name="Sensor25761_S" textname="test sensor 25761"/>
			<item id="25762" losttest="2" iotype="AI" name="Sensor25762_S" textname="test sensor 25762"/>
			<item id="25763" losttest="2" iotype="AI" name="Sensor25763_S" textname="test sensor 25763"/>
			<item id="25764" losttest="2" iotype="AI" name="Sensor25764_S" textname="test sensor 25764"/>
			<item id="25765" losttest="2" iotype="AI" name="Sensor25765_S" textname="test sensor 25765"/>
			<item id="25766" losttest="2" iotype="AI" name="Sensor25766_S" textname="test sensor 25766"/>
			<item id="25767" losttest="2" iotype="AI" name="Sensor25767_S" textname="test sensor 25767"/>
			<item id="25768" losttest="2" iotype="AI" name="Sensor25768_S" textname="test sensor 25768"/>
			<item id="25769" losttest="2" iotype="AI" name="Sensor25769_S" textname="test sensor 25769"/>
			<item id="25770" losttest="2" iotype="AI" name="Sensor25770_S" textname="test sensor 25770"/>
			<item id="25771" losttest="2" iotype="AI" name="Sensor25771_S" textname="test sensor 25771"/>
			<item id="25772" losttest="2" iotype="AI" name="Sensor25772_S" textname="test sensor 25772"/>
			<item id="25773" losttest="2" iotype="AI" name="Sensor25773_S" textname="test sensor 25773"/>
			<item id="25774" losttest="2" iotype="AI" name="Sensor25774_S" textname="test sensor 25774"/>
			<item id="25775" losttest="2" iotype="AI" name="Sensor25775_S" textname="test sensor 25775"/>
			<item id="25776" losttest="2" iotype="AI" name="Sensor25776_S" textname="test sensor 25776"/>
			<item id="25777" losttest="2" iotype="AI" name="Sensor25777_S" textname="test sensor 25777"/>
			<item id="25778" losttest="2" iotype="AI" name="Sensor25778_S" textname="test sensor 25778"/>
			<item id="25779" losttest="2" iotype="AI" name="Sensor25779_S" textname="test sensor 25779"/>
			<item id="25780" losttest="2" iotype="AI" name="Sensor25780_S" textname="test sensor 25780"/>
			<item id="25781" losttest="2" iotype="AI" name="Sensor25781_S" textname="test sensor 25781"/>
			<item id="25782" losttest="2" iotype="AI" name="Sensor25782_S" textname="test sensor 25782"/>
			<item id="25783" losttest="2" iotype="AI" name="Sensor25783_S" textname="test sensor 25783"/>
			<item id="25784" losttest="2" iotype="AI" name="Sensor25784_S" textname="test sensor 25784"/>
			<item id="25785" losttest="2" iotype="AI" name="Sensor25785_S" textname="test sensor 25785"/>
			<item id="25786" losttest="2" iotype="AI" name="Sensor25786_S" textname="test sensor 25786"/>
			<item id="25787" losttest="2" iotype="AI" name="Sensor25787_S" textname="test sensor 25787"/>
			<item id="25788" losttest="2" iotype="AI" name="Sensor25788_S" textname="test sensor 25788"/>
			<item id="25789" losttest="2" iotype="AI" name="Sensor25789_S" textname="test sensor 25789"/>
			<item id="25790" losttest="2" iotype="AI" name="Sensor25790_S" textname="test sensor 25790"/>
			<item id="25791" losttest="2" iotype="AI" name="Sensor25791_S" textname="test sensor 25791"/>
			<item id="25792" losttest="2" iotype="AI" name="Sensor25792_S" textname="test sensor 25792"/>
			<item id="25793" losttest="2" iotype="AI" name="Sensor25793_S" textname="test sensor 25793"/>
			<item id="25794" losttest="2" iotype="AI" name="Sensor25794_S" textname="test sensor 25794"/>
			<item id="25795" losttest="2" iotype="AI" name="Sensor25795_S" textname="test sensor 25795"/>
			<item id="25796" losttest="2" iotype="AI" name="Sensor25796_S" textname="test sensor 25796"/>
			<item id="25797" losttest="2" iotype="AI" name="Sensor25797_S" textname="test sensor 25797"/>
			<item id="25798" losttest="2" iotype="AI" name="Sensor25798_S" textname="test sensor 25798"/>
			<item id="25799" losttest="2" iotype="AI" name="Sensor25799_S" textname="test sensor 25799"/>
			<item id="25800" losttest="2" iotype="AI" name="Sensor25800_S" textname="test sensor 25800"/>
			<item id="25801" losttest="2" iotype="AI" name="Sensor25801_S" textname="test sensor 25801"/>
			<item id="25802" losttest="2" iotype="AI" name="Sensor25802_S" textname="test sensor 25802"/>
			<item id="25803" losttest="2" iotype="AI" name="Sensor25803_S" textname="test sensor 25803"/>
			<item id="25804" losttest="2" iotype="AI" name="Sensor25804_S" textname="test sensor 25804"/>
			<item id="25805" losttest="2" iotype="AI" name="Sensor25805_S" textname="test sensor 25805"/>
			<item id="25806" losttest="2" iotype="AI" name="Sensor25806_S" textname="test sensor 25806"/>
			<item id="25807" losttest="2" iotype="AI" name="Sensor25807_S" textname="test sensor 25807"/>
			<item id="25808" losttest="2" iotype="AI" name="Sensor25808_S" textname="test sensor 25808"/>
			<item id="25809" losttest="2" iotype="AI" name="Sensor25809_S" textname="test sensor 25809"/>
			<item id="25810" losttest="2" iotype="AI" name="Sensor25810_S" textname="test sensor 25810"/>
			<item id="25811" losttest="2" iotype="AI" name="Sensor25811_S" textname="test sensor 25811"/>
			<item id="25812" losttest="2" iotype="AI" name="Sensor25812_S" textname="test sensor 25812"/>
			<item id="25813" losttest="2" iotype="AI" name="Sensor25813_S" textname="test sensor 25813"/>
			<item id="25814" losttest="2" iotype="AI" name="Sensor25814_S" textname="test sensor 25814"/>
			<item id="25815" losttest="2" iotype="AI" name="Sensor25815_S" textname="test sensor 25815"/>
			<item id="25816" losttest="2" iotype="AI" name="Sensor25816_S" textname="test sensor 25816"/>
			<item id="25817" losttest="2" iotype="AI" name="Sensor25817_S" textname="test sensor 25817"/>
			<item id="25818" losttest="2" iotype="AI" name="Sensor25818_S" textname="test sensor 25818"/>
			<item id="25819" losttest="2" iotype="AI" name="Sensor25819_S" textname="test sensor 25819"/>
			<item id="25820" losttest="2" iotype="AI" name="Sensor25820_S" textname="test sensor 25820"/>
			<item id="25821" losttest="2" iotype="AI" name="Sensor25821_S" textname="test sensor 25821"/>
			<item id="25822" losttest="2" iotype="AI" name="Sensor25822_S" textname="test sensor 25822"/>
			<item id="25823" losttest="2" iotype="AI" name="Sensor25823_S" textname="test sensor 25823"/>
			<item id="25824" losttest="2" iotype="AI" name="Sensor25824_S" textname="test sensor 25824"/>
			<item id="25825" losttest="2" iotype="AI" name="Sensor25825_S" textname="test sensor 25825"/>
			<item id="25826" losttest="2" iotype="AI" name="Sensor25826_S" textname="test sensor 25826"/>
			<item id="25827" losttest="2" iotype="AI" name="Sensor25827_S" textname="test sensor 25827"/>
			<item id="25828" losttest="2" iotype="AI" name="Sensor25828_S" textname="test sensor 25828"/>
			<item id="25829" losttest="2" iotype="AI" name="Sensor25829_S" textname="test sensor 25829"/>
			<item id="25830" losttest="2" iotype="AI" name="Sensor25830_S" textname="test sensor 25830"/>
			<item id="25831" losttest="2" iotype="AI" name="Sensor25831_S" textname="test sensor 25831"/>
			<item id="25832" losttest="2" iotype="AI" name="Sensor25832_S" textname="test sensor 25832"/>
			<item id="25833" losttest="2" iotype="AI" name="Sensor25833_S" textname="test sensor 25833"/>
			<item id="25834" losttest="2" iotype="AI" name="Sensor25834_S" textname="test sensor 25834"/>
			<item id="25835" losttest="2" iotype="AI" name="Sensor25835_S" textname="test sensor 25835"/>
			<item id="25836" losttest="2" iotype="AI" name="Sensor25836_S" textname="test sensor 25836"/>
			<item id="25837" losttest="2" iotype="AI" name="Sensor25837_S" textname="test sensor 25837"/>
			<item id="25838" losttest="2" iotype="AI" name="Sensor25838_S" textname="test sensor 25838"/>
			<item id="25839" losttest="2" iotype="AI" name="Sensor25839_S" textname="test sensor 25839"/>
			<item id="25840" losttest="2" iotype="AI" name="Sensor25840_S" textname="test sensor 25840"/>
			<item id="25841" losttest="2" iotype="AI" name="Sensor25841_S" textname="test sensor 25841"/>
			<item id="25842" losttest="2" iotype="AI" name="Sensor25842_S" textname="test sensor 25842"/>
			<item id="25843" losttest="2" iotype="AI" name="Sensor25843_S" textname="test sensor 25843"/>
			<item id="25844" losttest="2" iotype="AI" name="Sensor25844_S" textname="test sensor 25844"/>
			<item id="25845" losttest="2" iotype="AI" name="Sensor25845_S" textname="test sensor 25845"/>
			<item id="25846" losttest="2" iotype="AI" name="Sensor25846_S" textname="test sensor 25846"/>
			<item id="25847" losttest="2" iotype="AI" name="Sensor25847_S" textname="test sensor 25847"/>
			<item id="25848" losttest="2" iotype="AI" name="Sensor25848_S" textname="test sensor 25848"/>
			<item id="25849" losttest="2" iotype="AI" name="Sensor25849_S" textname="test sensor 25849"/>
			<item id="25850" losttest="2" iotype="AI" name="Sensor25850_S" textname="test sensor 25850"/>
			<item id="25851" losttest="2" iotype="AI" name="Sensor25851_S" textname="test sensor 25851"/>
			<item id="25852" losttest="2" iotype="AI" name="Sensor25852_S" textname="test sensor 25852"/>
			<item id="25853" losttest="2" iotype="AI" name="Sensor25853_S" textname="test sensor 25853"/>
			<item id="25854" losttest="2" iotype="AI" name="Sensor25854_S" textname="test sensor 25854"/>
			<item id="25855" losttest="2" iotype="AI" name="Sensor25855_S" textname="test sensor 25855"/>
			<item id="25856" losttest="2" iotype="AI" name="Sensor25856_S" textname="test sensor 25856"/>
			<item id="25857" losttest="2" iotype="AI" name="Sensor25857_S" textname="test sensor 25857"/>
			<item id="25858" losttest="2" iotype="AI" name="Sensor25858_S" textname="test sensor 25858"/>
			<item id="25859" losttest="2" iotype="AI" name="Sensor25859_S" textname="test sensor 25859"/>
			<item id="25860" losttest="2" iotype="AI" name="Sensor25860_S" textname="test sensor 25860"/>
			<item id="25861" losttest="2" iotype="AI" name="Sensor25861_S" textname="test sensor 25861"/>
			<item id="25862" losttest="2" iotype="AI" name="Sensor25862_S" textname="test sensor 25862"/>
			<item id="25863" losttest="2" iotype="AI" name="Sensor25863_S" textname="test sensor 25863"/>
			<item id="25864" losttest="2" iotype="AI" name="Sensor25864_S" textname="test sensor 25864"/>
			<item id="25865" losttest="2" iotype="AI" name="Sensor25865_S" textname="test sensor 25865"/>
			<item id="25866" losttest="2" iotype="AI" name="Sensor25866_S" textname="test sensor 25866"/>
			<item id="25867" losttest="2" iotype="AI" name="Sensor25867_S" textname="test sensor 25867"/>
			<item id="25868" losttest="2" iotype="AI" name="Sensor25868_S" textname="test sensor 25868"/>
			<item id="25869" losttest="2" iotype="AI" name="Sensor25869_S" textname="test sensor 25869"/>
			<item id="25870" losttest="2" iotype="AI" name="Sensor25870_S" textname="test sensor 25870"/>
			<item id="25871" losttest="2" iotype="AI" name="Sensor25871_S" textname="test sensor 25871"/>
			<item id="25872" losttest="2" iotype="AI" name="Sensor25872_S" textname="test sensor 25872"/>
			<item id="25873" losttest="2" iotype="AI" name="Sensor25873_S" textname="test sensor 25873"/>
			<item id="25874" losttest="2" iotype="AI" name="Sensor25874_S" textname="test sensor 25874"/>
			<item id="25875" losttest="2" iotype="AI" name="Sensor25875_S" textname="test sensor 25875"/>
			<item id="25876" losttest="2" iotype="AI" name="Sensor25876_S" textname="test sensor 25876"/>
			<item id="25877" losttest="2" iotype="AI" name="Sensor25877_S" textname="test sensor 25877"/>
			<item id="25878" losttest="2" iotype="AI" name="Sensor25878_S" textname="test sensor 25878"/>
			<item id="25879" losttest="2" iotype="AI" name="Sensor25879_S" textname="test sensor 25879"/>
			<item id="25880" losttest="2" iotype="AI" name="Sensor25880_S" textname="test sensor 25880"/>
			<item id="25881" losttest="2" iotype="AI" name="Sensor25881_S" textname="test sensor 25881"/>
			<item id="25882" losttest="2" iotype="AI" name="Sensor25882_S" textname="test sensor 25882"/>
			<item id="25883" losttest="2" iotype="AI" name="Sensor25883_S" textname="test sensor 25883"/>
			<item id="25884" losttest="2" iotype="AI" name="Sensor25884_S" textname="test sensor 25884"/>
			<item id="25885" losttest="2" iotype="AI" name="Sensor25885_S" textname="test sensor 25885"/>
			<item id="25886" losttest="2" iotype="AI" name="Sensor25886_S" textname="test sensor 25886"/>
			<item id="25887" losttest="2" iotype="AI" name="Sensor25887_S" textname="test sensor 25887"/>
			<item id="25888" losttest="2" iotype="AI" name="Sensor25888_S" textname="test sensor 25888"/>
			<item id="25889" losttest="2" iotype="AI" name="Sensor25889_S" textname="test sensor 25889"/>
			<item id="25890" losttest="2" iotype="AI" name="Sensor25890_S" textname="test sensor 25890"/>
			<item id="25891" losttest="2" iotype="AI" name="Sensor25891_S" textname="test sensor 25891"/>
			<item id="25892" losttest="2" iotype="AI" name="Sensor25892_S" textname="test sensor 25892"/>
			<item id="25893" losttest="2" iotype="AI" name="Sensor25893_S" textname="test sensor 25893"/>
			<item id="25894" losttest="2" iotype="AI" name="Sensor25894_S" textname="test sensor 25894"/>
			<item id="25895" losttest="2" iotype="AI" name="Sensor25895_S" textname="test sensor 25895"/>
			<item id="25896" losttest="2" iotype="AI" name="Sensor25896_S" textname="test sensor 25896"/>
			<item id="25897" losttest="2" iotype="AI" name="Sensor25897_S" textname="test sensor 25897"/>
			<item id="25898" losttest="2" iotype="AI" name="Sensor25898_S" textname="test sensor 25898"/>
			<item id="25899" losttest="2" iotype="AI" name="Sensor25899_S" textname="test sensor 25899"/>
			<item id="25900" losttest="2" iotype="AI" name="Sensor25900_S" textname="test sensor 25900"/>
			<item id="25901" losttest="2" iotype="AI" name="Sensor25901_S" textname="test sensor 25901"/>
			<item id="25902" losttest="2" iotype="AI" name="Sensor25902_S" textname="test sensor 25902"/>
			<item id="25903" losttest="2" iotype="AI" name="Sensor25903_S" textname="test sensor 25903"/>
			<item id="25904" losttest="2" iotype="AI" name="Sensor25904_S" textname="test sensor 25904"/>
			<item id="25905" losttest="2" iotype="AI" name="Sensor25905_S" textname="test sensor 25905"/>
			<item id="25906" losttest="2" iotype="AI" name="Sensor25906_S" textname="test sensor 25906"/>
			<item id="25907" losttest="2" iotype="AI" name="Sensor25907_S" textname="test sensor 25907"/>
			<item id="25908" losttest="2" iotype="AI" name="Sensor25908_S" textname="test sensor 25908"/>
			<item id="25909" losttest="2" iotype="AI" name="Sensor25909_S" textname="test sensor 25909"/>
			<item id="25910" losttest="2" iotype="AI" name="Sensor25910_S" textname="test sensor 25910"/>
			<item id="25911" losttest="2" iotype="AI" name="Sensor25911_S" textname="test sensor 25911"/>
			<item id="25912" losttest="2" iotype="AI" name="Sensor25912_S" textname="test sensor 25912"/>
			<item id="25913" losttest="2" iotype="AI" name="Sensor25913_S" textname="test sensor 25913"/>
			<item id="25914" losttest="2" iotype="AI" name="Sensor25914_S" textname="test sensor 25914"/>
			<item id="25915" losttest="2" iotype="AI" name="Sensor25915_S" textname="test sensor 25915"/>
			<item id="25916" losttest="2" iotype="AI" name="Sensor25916_S" textname="test sensor 25916"/>
			<item id="25917" losttest="2" iotype="AI" name="Sensor25917_S" textname="test sensor 25917"/>
			<item id="25918" losttest="2" iotype="AI" name="Sensor25918_S" textname="test sensor 25918"/>
			<item id="25919" losttest="2" iotype="AI" name="Sensor25919_S" textname="test sensor 25919"/>
			<item id="25920" losttest="2" iotype="AI" name="Sensor25920_S" textname="test sensor 25920"/>
			<item id="25921" losttest="2" iotype="AI" name="Sensor25921_S" textname="test sensor 25921"/>
			<item id="25922" losttest="2" iotype="AI" name="Sensor25922_S" textname="test sensor 25922"/>
			<item id="25923" losttest="2" iotype="AI" name="Sensor25923_S" textname="test sensor 25923"/>
			<item id="25924" losttest="2" iotype="AI" name="Sensor25924_S" textname="test sensor 25924"/>
			<item id="25925" losttest="2" iotype="AI" name="Sensor25925_S" textname="test sensor 25925"/>
			<item id="25926" losttest="2" iotype="AI" name="Sensor25926_S" textname="test sensor 25926"/>
			<item id="25927" losttest="2" iotype="AI" name="Sensor25927_S" textname="test sensor 25927"/>
			<item id="25928" losttest="2" iotype="AI" name="Sensor25928_S" textname="test sensor 25928"/>
			<item id="25929" losttest="2" iotype="AI" name="Sensor25929_S" textname="test sensor 25929"/>
			<item id="25930" losttest="2" iotype="AI" name="Sensor25930_S" textname="test sensor 25930"/>
			<item id="25931" losttest="2" iotype="AI" name="Sensor25931_S" textname="test sensor 25931"/>
			<item id="25932" losttest="2" iotype="AI" name="Sensor25932_S" textname="test sensor 25932"/>
			<item id="25933" losttest="2" iotype="AI" name="Sensor25933_S" textname="test sensor 25933"/>
			<item id="25934" losttest="2" iotype="AI" name="Sensor25934_S" textname="test sensor 25934"/>
			<item id="25935" losttest="2" iotype="AI" name="Sensor25935_S" textname="test sensor 25935"/>
			<item id="25936" losttest="2" iotype="AI" name="Sensor25936_S" textname="test sensor 25936"/>
			<item id="25937" losttest="2" iotype="AI" name="Sensor25937_S" textname="test sensor 25937"/>
			<item id="25938" losttest="2" iotype="AI" name="Sensor25938_S" textname="test sensor 25938"/>
			<item id="25939" losttest="2" iotype="AI" name="Sensor25939_S" textname="test sensor 25939"/>
			<item id="25940" losttest="2" iotype="AI" name="Sensor25940_S" textname="test sensor 25940"/>
			<item id="25941" losttest="2" iotype="AI" name="Sensor25941_S" textname="test sensor 25941"/>
			<item id="25942" losttest="2" iotype="AI" name="Sensor25942_S" textname="test sensor 25942"/>
			<item id="25943" losttest="2" iotype="AI" name="Sensor25943_S" textname="test sensor 25943"/>
			<item id="25944" losttest="2" iotype="AI" name="Sensor25944_S" textname="test sensor 25944"/>
			<item id="25945" losttest="2" iotype="AI" name="Sensor25945_S" textname="test sensor 25945"/>
			<item id="25946" losttest="2" iotype="AI" name="Sensor25946_S" textname="test sensor 25946"/>
			<item id="25947" losttest="2" iotype="AI" name="Sensor25947_S" textname="test sensor 25947"/>
			<item id="25948" losttest="2" iotype="AI" name="Sensor25948_S" textname="test sensor 25948"/>
			<item id="25949" losttest="2" iotype="AI" name="Sensor25949_S" textname="test sensor 25949"/>
			<item id="25950" losttest="2" iotype="AI" name="Sensor25950_S" textname="test sensor 25950"/>
			<item id="25951" losttest="2" iotype="AI" name="Sensor25951_S" textname="test sensor 25951"/>
			<item id="25952" losttest="2" iotype="AI" name="Sensor25952_S" textname="test sensor 25952"/>
			<item id="25953" losttest="2" iotype="AI" name="Sensor25953_S" textname="test sensor 25953"/>
			<item id="25954" losttest="2" iotype="AI" name="Sensor25954_S" textname="test sensor 25954"/>
			<item id="25955" losttest="2" iotype="AI" name="Sensor25955_S" textname="test sensor 25955"/>
			<item id="25956" losttest="2" iotype="AI" name="Sensor25956_S" textname="test sensor 25956"/>
			<item id="25957" losttest="2" iotype="AI" name="Sensor25957_S" textname="test sensor 25957"/>
			<item id="25958" losttest="2" iotype="AI" name="Sensor25958_S" textname="test sensor 25958"/>
			<item id="25959" losttest="2" iotype="AI" name="Sensor25959_S" textname="test sensor 25959"/>
			<item id="25960" losttest="2" iotype="AI" name="Sensor25960_S" textname="test sensor 25960"/>
			<item id="25961" losttest="2" iotype="AI" name="Sensor25961_S" textname="test sensor 25961"/>
			<item id="25962" losttest="2" iotype="AI" name="Sensor25962_S" textname="test sensor 25962"/>
			<item id="25963" losttest="2" iotype="AI" name="Sensor25963_S" textname="test sensor 25963"/>
			<item id="25964" losttest="2" iotype="AI" name="Sensor25964_S" textname="test sensor 25964"/>
			<item id="25965" losttest="2" iotype="AI" name="Sensor25965_S" textname="test sensor 25965"/>
			<item id="25966" losttest="2" iotype="AI" name="Sensor25966_S" textname="test sensor 25966"/>
			<item id="25967" losttest="2" iotype="AI" name="Sensor25967_S" textname="test sensor 25967"/>
			<item id="25968" losttest="2" iotype="AI" name="Sensor25968_S" textname="test sensor 25968"/>
			<item id="25969" losttest="2" iotype="AI" name="Sensor25969_S" textname="test sensor 25969"/>
			<item id="25970" losttest="2" iotype="AI" name="Sensor25970_S" textname="test sensor 25970"/>
			<item id="25971" losttest="2" iotype="AI" name="Sensor25971_S" textname="test sensor 25971"/>
			<item id="25972" losttest="2" iotype="AI" name="Sensor25972_S" textname="test sensor 25972"/>
			<item id="25973" losttest="2" iotype="AI" name="Sensor25973_S" textname="test sensor 25973"/>
			<item id="25974" losttest="2" iotype="AI" name="Sensor25974_S" textname="test sensor 25974"/>
			<item id="25975" losttest="2" iotype="AI" name="Sensor25975_S" textname="test sensor 25975"/>
			<item id="25976" losttest="2" iotype="AI" name="Sensor25976_S" textname="test sensor 25976"/>
			<item id="25977" losttest="2" iotype="AI" name="Sensor25977_S" textname="test sensor 25977"/>
			<item id="25978" losttest="2" iotype="AI" name="Sensor25978_S" textname="test sensor 25978"/>
			<item id="25979" losttest="2" iotype="AI" name="Sensor25979_S" textname="test sensor 25979"/>
			<item id="25980" losttest="2" iotype="AI" name="Sensor25980_S" textname="test sensor 25980"/>
			<item id="25981" losttest="2" iotype="AI" name="Sensor25981_S" textname="test sensor 25981"/>
			<item id="25982" losttest="2" iotype="AI" name="Sensor25982_S" textname="test sensor 25982"/>
			<item id="25983" losttest="2" iotype="AI" name="Sensor25983_S" textname="test sensor 25983"/>
			<item id="25984" losttest="2" iotype="AI" name="Sensor25984_S" textname="test sensor 25984"/>
			<item id="25985" losttest="2" iotype="AI" name="Sensor25985_S" textname="test sensor 25985"/>
			<item id="25986" losttest="2" iotype="AI" name="Sensor25986_S" textname="test sensor 25986"/>
			<item id="25987" losttest="2" iotype="AI" name="Sensor25987_S" textname="test sensor 25987"/>
			<item id="25988" losttest="2" iotype="AI" name="Sensor25988_S" textname="test sensor 25988"/>
			<item id="25989" losttest="2" iotype="AI" name="Sensor25989_S" textname="test sensor 25989"/>
			<item id="25990" losttest="2" iotype="AI" name="Sensor25990_S" textname="test sensor 25990"/>
			<item id="25991" losttest="2" iotype="AI" name="Sensor25991_S" textname="test sensor 25991"/>
			<item id="25992" losttest="2" iotype="AI" name="Sensor25992_S" textname="test sensor 25992"/>
			<item id="25993" losttest="2" iotype="AI" name="Sensor25993_S" textname="test sensor 25993"/>
			<item id="25994" losttest="2" iotype="AI" name="Sensor25994_S" textname="test sensor 25994"/>
			<item id="25995" losttest="2" iotype="AI" name="Sensor25995_S" textname="test sensor 25995"/>
			<item id="25996" losttest="2" iotype="AI" name="Sensor25996_S" textname="test sensor 25996"/>
			<item id="25997" losttest="2" iotype="AI" name="Sensor25997_S" textname="test sensor 25997"/>
			<item id="25998" losttest="2" iotype="AI" name="Sensor25998_S" textname="test sensor 25998"/>
			<item id="25999" losttest="2" iotype="AI" name="Sensor25999_S" textname="test sensor 25999"/>
			<item id="26000" losttest="2" iotype="AI" name="Sensor26000_S" textname="test sensor 26000"/>
			<item id="26001" losttest="2" iotype="AI" name="Sensor26001_S" textname="test sensor 26001"/>
			<item id="26002" losttest="2" iotype="AI" name="Sensor26002_S" textname="test sensor 26002"/>
			<item id="26003" losttest="2" iotype="AI" name="Sensor26003_S" textname="test sensor 26003"/>
			<item id="26004" losttest="2" iotype="AI" name="Sensor26004_S" textname="test sensor 26004"/>
			<item id="26005" losttest="2" iotype="AI" name="Sensor26005_S" textname="test sensor 26005"/>
			<item id="26006" losttest="2" iotype="AI" name="Sensor26006_S" textname="test sensor 26006"/>
			<item id="26007" losttest="2" iotype="AI" name="Sensor26007_S" textname="test sensor 26007"/>
			<item id="26008" losttest="2" iotype="AI" name="Sensor26008_S" textname="test sensor 26008"/>
			<item id="26009" losttest="2" iotype="AI" name="Sensor26009_S" textname="test sensor 26009"/>
			<item id="26010" losttest="2" iotype="AI" name="Sensor26010_S" textname="test sensor 26010"/>
			<item id="26011" losttest="2" iotype="AI" name="Sensor26011_S" textname="test sensor 26011"/>
			<item id="26012" losttest="2" iotype="AI" name="Sensor26012_S" textname="test sensor 26012"/>
			<item id="26013" losttest="2" iotype="AI" name="Sensor26013_S" textname="test sensor 26013"/>
			<item id="26014" losttest="2" iotype="AI" name="Sensor26014_S" textname="test sensor 26014"/>
			<item id="26015" losttest="2" iotype="AI" name="Sensor26015_S" textname="test sensor 26015"/>
			<item id="26016" losttest="2" iotype="AI" name="Sensor26016_S" textname="test sensor 26016"/>
			<item id="26017" losttest="2" iotype="AI" name="Sensor26017_S" textname="test sensor 26017"/>
			<item id="26018" losttest="2" iotype="AI" name="Sensor26018_S" textname="test sensor 26018"/>
			<item id="26019" losttest="2" iotype="AI" name="Sensor26019_S" textname="test sensor 26019"/>
			<item id="26020" losttest="2" iotype="AI" name="Sensor26020_S" textname="test sensor 26020"/>
			<item id="26021" losttest="2" iotype="AI" name="Sensor26021_S" textname="test sensor 26021"/>
			<item id="26022" losttest="2" iotype="AI" name="Sensor26022_S" textname="test sensor 26022"/>
			<item id="26023" losttest="2" iotype="AI" name="Sensor26023_S" textname="test sensor 26023"/>
			<item id="26024" losttest="2" iotype="AI" name="Sensor26024_S" textname="test sensor 26024"/>
			<item id="26025" losttest="2" iotype="AI" name="Sensor26025_S" textname="test sensor 26025"/>
			<item id="26026" losttest="2" iotype="AI" name="Sensor26026_S" textname="test sensor 26026"/>
			<item id="26027" losttest="2" iotype="AI" name="Sensor26027_S" textname="test sensor 26027"/>
			<item id="26028" losttest="2" iotype="AI" name="Sensor26028_S" textname="test sensor 26028"/>
			<item id="26029" losttest="2" iotype="AI" name="Sensor26029_S" textname="test sensor 26029"/>
			<item id="26030" losttest="2" iotype="AI" name="Sensor26030_S" textname="test sensor 26030"/>
			<item id="26031" losttest="2" iotype="AI" name="Sensor26031_S" textname="test sensor 26031"/>
			<item id="26032" losttest="2" iotype="AI" name="Sensor26032_S" textname="test sensor 26032"/>
			<item id="26033" losttest="2" iotype="AI" name="Sensor26033_S" textname="test sensor 26033"/>
			<item id="26034" losttest="2" iotype="AI" name="Sensor26034_S" textname="test sensor 26034"/>
			<item id="26035" losttest="2" iotype="AI" name="Sensor26035_S" textname="test sensor 26035"/>
			<item id="26036" losttest="2" iotype="AI" name="Sensor26036_S" textname="test sensor 26036"/>
			<item id="26037" losttest="2" iotype="AI" name="Sensor26037_S" textname="test sensor 26037"/>
			<item id="26038" losttest="2" iotype="AI" name="Sensor26038_S" textname="test sensor 26038"/>
			<item id="26039" losttest="2" iotype="AI" name="Sensor26039_S" textname="test sensor 26039"/>
			<item id="26040" losttest="2" iotype="AI" name="Sensor26040_S" textname="test sensor 26040"/>
			<item id="26041" losttest="2" iotype="AI" name="Sensor26041_S" textname="test sensor 26041"/>
			<item id="26042" losttest="2" iotype="AI" name="Sensor26042_S" textname="test sensor 26042"/>
			<item id="26043" losttest="2" iotype="AI" name="Sensor26043_S" textname="test sensor 26043"/>
			<item id="26044" losttest="2" iotype="AI" name="Sensor26044_S" textname="test sensor 26044"/>
			<item id="26045" losttest="2" iotype="AI" name="Sensor26045_S" textname="test sensor 26045"/>
			<item id="26046" losttest="2" iotype="AI" name="Sensor26046_S" textname="test sensor 26046"/>
			<item id="26047" losttest="2" iotype="AI" name="Sensor26047_S" textname="test sensor 26047"/>
			<item id="26048" losttest="2" iotype="AI" name="Sensor26048_S" textname="test sensor 26048"/>
			<item id="26049" losttest="2" iotype="AI" name="Sensor26049_S" textname="test sensor 26049"/>
			<item id="26050" losttest="2" iotype="AI" name="Sensor26050_S" textname="test sensor 26050"/>
			<item id="26051" losttest="2" iotype="AI" name="Sensor26051_S" textname="test sensor 26051"/>
			<item id="26052" losttest="2" iotype="AI" name="Sensor26052_S" textname="test sensor 26052"/>
			<item id="26053" losttest="2" iotype="AI" name="Sensor26053_S" textname="test sensor 26053"/>
			<item id="26054" losttest="2" iotype="AI" name="Sensor26054_S" textname="test sensor 26054"/>
			<item id="26055" losttest="2" iotype="AI" name="Sensor26055_S" textname="test sensor 26055"/>
			<item id="26056" losttest="2" iotype="AI" name="Sensor26056_S" textname="test sensor 26056"/>
			<item id="26057" losttest="2" iotype="AI" name="Sensor26057_S" textname="test sensor 26057"/>
			<item id="26058" losttest="2" iotype="AI" name="Sensor26058_S" textname="test sensor 26058"/>
			<item id="26059" losttest="2" iotype="AI" name="Sensor26059_S" textname="test sensor 26059"/>
			<item id="26060" losttest="2" iotype="AI" name="Sensor26060_S" textname="test sensor 26060"/>
			<item id="26061" losttest="2" iotype="AI" name="Sensor26061_S" textname="test sensor 26061"/>
			<item id="26062" losttest="2" iotype="AI" name="Sensor26062_S" textname="test sensor 26062"/>
			<item id="26063" losttest="2" iotype="AI" name="Sensor26063_S" textname="test sensor 26063"/>
			<item id="26064" losttest="2" iotype="AI" name="Sensor26064_S" textname="test sensor 26064"/>
			<item id="26065" losttest="2" iotype="AI" name="Sensor26065_S" textname="test sensor 26065"/>
			<item id="26066" losttest="2" iotype="AI" name="Sensor26066_S" textname="test sensor 26066"/>
			<item id="26067" losttest="2" iotype="AI" name="Sensor26067_S" textname="test sensor 26067"/>
			<item id="26068" losttest="2" iotype="AI" name="Sensor26068_S" textname="test sensor 26068"/>
			<item id="26069" losttest="2" iotype="AI" name="Sensor26069_S" textname="test sensor 26069"/>
			<item id="26070" losttest="2" iotype="AI" name="Sensor26070_S" textname="test sensor 26070"/>
			<item id="26071" losttest="2" iotype="AI" name="Sensor26071_S" textname="test sensor 26071"/>
			<item id="26072" losttest="2" iotype="AI" name="Sensor26072_S" textname="test sensor 26072"/>
			<item id="26073" losttest="2" iotype="AI" name="Sensor26073_S" textname="test sensor 26073"/>
			<item id="26074" losttest="2" iotype="AI" name="Sensor26074_S" textname="test sensor 26074"/>
			<item id="26075" losttest="2" iotype="AI" name="Sensor26075_S" textname="test sensor 26075"/>
			<item id="26076" losttest="2" iotype="AI" name="Sensor26076_S" textname="test sensor 26076"/>
			<item id="26077" losttest="2" iotype="AI" name="Sensor26077_S" textname="test sensor 26077"/>
			<item id="26078" losttest="2" iotype="AI" name="Sensor26078_S" textname="test sensor 26078"/>
			<item id="26079" losttest="2" iotype="AI" name="Sensor26079_S" textname="test sensor 26079"/>
			<item id="26080" losttest="2" iotype="AI" name="Sensor26080_S" textname="test sensor 26080"/>
			<item id="26081" losttest="2" iotype="AI" name="Sensor26081_S" textname="test sensor 26081"/>
			<item id="26082" losttest="2" iotype="AI" name="Sensor26082_S" textname="test sensor 26082"/>
			<item id="26083" losttest="2" iotype="AI" name="Sensor26083_S" textname="test sensor 26083"/>
			<item id="26084" losttest="2" iotype="AI" name="Sensor26084_S" textname="test sensor 26084"/>
			<item id="26085" losttest="2" iotype="AI" name="Sensor26085_S" textname="test sensor 26085"/>
			<item id="26086" losttest="2" iotype="AI" name="Sensor26086_S" textname="test sensor 26086"/>
			<item id="26087" losttest="2" iotype="AI" name="Sensor26087_S" textname="test sensor 26087"/>
			<item id="26088" losttest="2" iotype="AI" name="Sensor26088_S" textname="test sensor 26088"/>
			<item id="26089" losttest="2" iotype="AI" name="Sensor26089_S" textname="test sensor 26089"/>
			<item id="26090" losttest="2" iotype="AI" name="Sensor26090_S" textname="test sensor 26090"/>
			<item id="26091" losttest="2" iotype="AI" name="Sensor26091_S" textname="test sensor 26091"/>
			<item id="26092" losttest="2" iotype="AI" name="Sensor26092_S" textname="test sensor 26092"/>
			<item id="26093" losttest="2" iotype="AI" name="Sensor26093_S" textname="test sensor 26093"/>
			<item id="26094" losttest="2" iotype="AI" name="Sensor26094_S" textname="test sensor 26094"/>
			<item id="26095" losttest="2" iotype="AI" name="Sensor26095_S" textname="test sensor 26095"/>
			<item id="26096" losttest="2" iotype="AI" name="Sensor26096_S" textname="test sensor 26096"/>
			<item id="26097" losttest="2" iotype="AI" name="Sensor26097_S" textname="test sensor 26097"/>
			<item id="26098" losttest="2" iotype="AI" name="Sensor26098_S" textname="test sensor 26098"/>
			<item id="26099" losttest="2" iotype="AI" name="Sensor26099_S" textname="test sensor 26099"/>
			<item id="26100" losttest="2" iotype="AI" name="Sensor26100_S" textname="test sensor 26100"/>
			<item id="26101" losttest="2" iotype="AI" name="Sensor26101_S" textname="test sensor 26101"/>
			<item id="26102" losttest="2" iotype="AI" name="Sensor26102_S" textname="test sensor 26102"/>
			<item id="26103" losttest="2" iotype="AI" name="Sensor26103_S" textname="test sensor 26103"/>
			<item id="26104" losttest="2" iotype="AI" name="Sensor26104_S" textname="test sensor 26104"/>
			<item id="26105" losttest="2" iotype="AI" name="Sensor26105_S" textname="test sensor 26105"/>
			<item id="26106" losttest="2" iotype="AI" name="Sensor26106_S" textname="test sensor 26106"/>
			<item id="26107" losttest="2" iotype="AI" name="Sensor26107_S" textname="test sensor 26107"/>
			<item id="26108" losttest="2" iotype="AI" name="Sensor26108_S" textname="test sensor 26108"/>
			<item id="26109" losttest="2" iotype="AI" name="Sensor26109_S" textname="test sensor 26109"/>
			<item id="26110" losttest="2" iotype="AI" name="Sensor26110_S" textname="test sensor 26110"/>
			<item id="26111" losttest="2" iotype="AI" name="Sensor26111_S" textname="test sensor 26111"/>
			<item id="26112" losttest="2" iotype="AI" name="Sensor26112_S" textname="test sensor 26112"/>
			<item id="26113" losttest="2" iotype="AI" name="Sensor26113_S" textname="test sensor 26113"/>
			<item id="26114" losttest="2" iotype="AI" name="Sensor26114_S" textname="test sensor 26114"/>
			<item id="26115" losttest="2" iotype="AI" name="Sensor26115_S" textname="test sensor 26115"/>
			<item id="26116" losttest="2" iotype="AI" name="Sensor26116_S" textname="test sensor 26116"/>
			<item id="26117" losttest="2" iotype="AI" name="Sensor26117_S" textname="test sensor 26117"/>
			<item id="26118" losttest="2" iotype="AI" name="Sensor26118_S" textname="test sensor 26118"/>
			<item id="26119" losttest="2" iotype="AI" name="Sensor26119_S" textname="test sensor 26119"/>
			<item id="26120" losttest="2" iotype="AI" name="Sensor26120_S" textname="test sensor 26120"/>
			<item id="26121" losttest="2" iotype="AI" name="Sensor26121_S" textname="test sensor 26121"/>
			<item id="26122" losttest="2" iotype="AI" name="Sensor26122_S" textname="test sensor 26122"/>
			<item id="26123" losttest="2" iotype="AI" name="Sensor26123_S" textname="test sensor 26123"/>
			<item id="26124" losttest="2" iotype="AI" name="Sensor26124_S" textname="test sensor 26124"/>
			<item id="26125" losttest="2" iotype="AI" name="Sensor26125_S" textname="test sensor 26125"/>
			<item id="26126" losttest="2" iotype="AI" name="Sensor26126_S" textname="test sensor 26126"/>
			<item id="26127" losttest="2" iotype="AI" name="Sensor26127_S" textname="test sensor 26127"/>
			<item id="26128" losttest="2" iotype="AI" name="Sensor26128_S" textname="test sensor 26128"/>
			<item id="26129" losttest="2" iotype="AI" name="Sensor26129_S" textname="test sensor 26129"/>
			<item id="26130" losttest="2" iotype="AI" name="Sensor26130_S" textname="test sensor 26130"/>
			<item id="26131" losttest="2" iotype="AI" name="Sensor26131_S" textname="test sensor 26131"/>
			<item id="26132" losttest="2" iotype="AI" name="Sensor26132_S" textname="test sensor 26132"/>
			<item id="26133" losttest="2" iotype="AI" name="Sensor26133_S" textname="test sensor 26133"/>
			<item id="26134" losttest="2" iotype="AI" name="Sensor26134_S" textname="test sensor 26134"/>
			<item id="26135" losttest="2" iotype="AI" name="Sensor26135_S" textname="test sensor 26135"/>
			<item id="26136" losttest="2" iotype="AI" name="Sensor26136_S" textname="test sensor 26136"/>
			<item id="26137" losttest="2" iotype="AI" name="Sensor26137_S" textname="test sensor 26137"/>
			<item id="26138" losttest="2" iotype="AI" name="Sensor26138_S" textname="test sensor 26138"/>
			<item id="26139" losttest="2" iotype="AI" name="Sensor26139_S" textname="test sensor 26139"/>
			<item id="26140" losttest="2" iotype="AI" name="Sensor26140_S" textname="test sensor 26140"/>
			<item id="26141" losttest="2" iotype="AI" name="Sensor26141_S" textname="test sensor 26141"/>
			<item id="26142" losttest="2" iotype="AI" name="Sensor26142_S" textname="test sensor 26142"/>
			<item id="26143" losttest="2" iotype="AI" name="Sensor26143_S" textname="test sensor 26143"/>
			<item id="26144" losttest="2" iotype="AI" name="Sensor26144_S" textname="test sensor 26144"/>
			<item id="26145" losttest="2" iotype="AI" name="Sensor26145_S" textname="test sensor 26145"/>
			<item id="26146" losttest="2" iotype="AI" name="Sensor26146_S" textname="test sensor 26146"/>
			<item id="26147" losttest="2" iotype="AI" name="Sensor26147_S" textname="test sensor 26147"/>
			<item id="26148" losttest="2" iotype="AI" name="Sensor26148_S" textname="test sensor 26148"/>
			<item id="26149" losttest="2" iotype="AI" name="Sensor26149_S" textname="test sensor 26149"/>
			<item id="26150" losttest="2" iotype="AI" name="Sensor26150_S" textname="test sensor 26150"/>
			<item id="26151" losttest="2" iotype="AI" name="Sensor26151_S" textname="test sensor 26151"/>
			<item id="26152" losttest="2" iotype="AI" name="Sensor26152_S" textname="test sensor 26152"/>
			<item id="26153" losttest="2" iotype="AI" name="Sensor26153_S" textname="test sensor 26153"/>
			<item id="26154" losttest="2" iotype="AI" name="Sensor26154_S" textname="test sensor 26154"/>
			<item id="26155" losttest="2" iotype="AI" name="Sensor26155_S" textname="test sensor 26155"/>
			<item id="26156" losttest="2" iotype="AI" name="Sensor26156_S" textname="test sensor 26156"/>
			<item id="26157" losttest="2" iotype="AI" name="Sensor26157_S" textname="test sensor 26157"/>
			<item id="26158" losttest="2" iotype="AI" name="Sensor26158_S" textname="test sensor 26158"/>
			<item id="26159" losttest="2" iotype="AI" name="Sensor26159_S" textname="test sensor 26159"/>
			<item id="26160" losttest="2" iotype="AI" name="Sensor26160_S" textname="test sensor 26160"/>
			<item id="26161" losttest="2" iotype="AI" name="Sensor26161_S" textname="test sensor 26161"/>
			<item id="26162" losttest="2" iotype="AI" name="Sensor26162_S" textname="test sensor 26162"/>
			<item id="26163" losttest="2" iotype="AI" name="Sensor26163_S" textname="test sensor 26163"/>
			<item id="26164" losttest="2" iotype="AI" name="Sensor26164_S" textname="test sensor 26164"/>
			<item id="26165" losttest="2" iotype="AI" name="Sensor26165_S" textname="test sensor 26165"/>
			<item id="26166" losttest="2" iotype="AI" name="Sensor26166_S" textname="test sensor 26166"/>
			<item id="26167" losttest="2" iotype="AI" name="Sensor26167_S" textname="test sensor 26167"/>
			<item id="26168" losttest="2" iotype="AI" name="Sensor26168_S" textname="test sensor 26168"/>
			<item id="26169" losttest="2" iotype="AI" name="Sensor26169_S" textname="test sensor 26169"/>
			<item id="26170" losttest="2" iotype="AI" name="Sensor26170_S" textname="test sensor 26170"/>
			<item id="26171" losttest="2" iotype="AI" name="Sensor26171_S" textname="test sensor 26171"/>
			<item id="26172" losttest="2" iotype="AI" name="Sensor26172_S" textname="test sensor 26172"/>
			<item id="26173" losttest="2" iotype="AI" name="Sensor26173_S" textname="test sensor 26173"/>
			<item id="26174" losttest="2" iotype="AI" name="Sensor26174_S" textname="test sensor 26174"/>
			<item id="26175" losttest="2" iotype="AI" name="Sensor26175_S" textname="test sensor 26175"/>
			<item id="26176" losttest="2" iotype="AI" name="Sensor26176_S" textname="test sensor 26176"/>
			<item id="26177" losttest="2" iotype="AI" name="Sensor26177_S" textname="test sensor 26177"/>
			<item id="26178" losttest="2" iotype="AI" name="Sensor26178_S" textname="test sensor 26178"/>
			<item id="26179" losttest="2" iotype="AI" name="Sensor26179_S" textname="test sensor 26179"/>
			<item id="26180" losttest="2" iotype="AI" name="Sensor26180_S" textname="test sensor 26180"/>
			<item id="26181" losttest="2" iotype="AI" name="Sensor26181_S" textname="test sensor 26181"/>
			<item id="26182" losttest="2" iotype="AI" name="Sensor26182_S" textname="test sensor 26182"/>
			<item id="26183" losttest="2" iotype="AI" name="Sensor26183_S" textname="test sensor 26183"/>
			<item id="26184" losttest="2" iotype="AI" name="Sensor26184_S" textname="test sensor 26184"/>
			<item id="26185" losttest="2" iotype="AI" name="Sensor26185_S" textname="test sensor 26185"/>
			<item id="26186" losttest="2" iotype="AI" name="Sensor26186_S" textname="test sensor 26186"/>
			<item id="26187" losttest="2" iotype="AI" name="Sensor26187_S" textname="test sensor 26187"/>
			<item id="26188" losttest="2" iotype="AI" name="Sensor26188_S" textname="test sensor 26188"/>
			<item id="26189" losttest="2" iotype="AI" name="Sensor26189_S" textname="test sensor 26189"/>
			<item id="26190" losttest="2" iotype="AI" name="Sensor26190_S" textname="test sensor 26190"/>
			<item id="26191" losttest="2" iotype="AI" name="Sensor26191_S" textname="test sensor 26191"/>
			<item id="26192" losttest="2" iotype="AI" name="Sensor26192_S" textname="test sensor 26192"/>
			<item id="26193" losttest="2" iotype="AI" name="Sensor26193_S" textname="test sensor 26193"/>
			<item id="26194" losttest="2" iotype="AI" name="Sensor26194_S" textname="test sensor 26194"/>
			<item id="26195" losttest="2" iotype="AI" name="Sensor26195_S" textname="test sensor 26195"/>
			<item id="26196" losttest="2" iotype="AI" name="Sensor26196_S" textname="test sensor 26196"/>
			<item id="26197" losttest="2" iotype="AI" name="Sensor26197_S" textname="test sensor 26197"/>
			<item id="26198" losttest="2" iotype="AI" name="Sensor26198_S" textname="test sensor 26198"/>
			<item id="26199" losttest="2" iotype="AI" name="Sensor26199_S" textname="test sensor 26199"/>
			<item id="26200" losttest="2" iotype="AI" name="Sensor26200_S" textname="test sensor 26200"/>
			<item id="26201" losttest="2" iotype="AI" name="Sensor26201_S" textname="test sensor 26201"/>
			<item id="26202" losttest="2" iotype="AI" name="Sensor26202_S" textname="test sensor 26202"/>
			<item id="26203" losttest="2" iotype="AI" name="Sensor26203_S" textname="test sensor 26203"/>
			<item id="26204" losttest="2" iotype="AI" name="Sensor26204_S" textname="test sensor 26204"/>
			<item id="26205" losttest="2" iotype="AI" name="Sensor26205_S" textname="test sensor 26205"/>
			<item id="26206" losttest="2" iotype="AI" name="Sensor26206_S" textname="test sensor 26206"/>
			<item id="26207" losttest="2" iotype="AI" name="Sensor26207_S" textname="test sensor 26207"/>
			<item id="26208" losttest="2" iotype="AI" name="Sensor26208_S" textname="test sensor 26208"/>
			<item id="26209" losttest="2" iotype="AI" name="Sensor26209_S" textname="test sensor 26209"/>
			<item id="26210" losttest="2" iotype="AI" name="Sensor26210_S" textname="test sensor 26210"/>
			<item id="26211" losttest="2" iotype="AI" name="Sensor26211_S" textname="test sensor 26211"/>
			<item id="26212" losttest="2" iotype="AI" name="Sensor26212_S" textname="test sensor 26212"/>
			<item id="26213" losttest="2" iotype="AI" name="Sensor26213_S" textname="test sensor 26213"/>
			<item id="26214" losttest="2" iotype="AI" name="Sensor26214_S" textname="test sensor 26214"/>
			<item id="26215" losttest="2" iotype="AI" name="Sensor26215_S" textname="test sensor 26215"/>
			<item id="26216" losttest="2" iotype="AI" name="Sensor26216_S" textname="test sensor 26216"/>
			<item id="26217" losttest="2" iotype="AI" name="Sensor26217_S" textname="test sensor 26217"/>
			<item id="26218" losttest="2" iotype="AI" name="Sensor26218_S" textname="test sensor 26218"/>
			<item id="26219" losttest="2" iotype="AI" name="Sensor26219_S" textname="test sensor 26219"/>
			<item id="26220" losttest="2" iotype="AI" name="Sensor26220_S" textname="test sensor 26220"/>
			<item id="26221" losttest="2" iotype="AI" name="Sensor26221_S" textname="test sensor 26221"/>
			<item id="26222" losttest="2" iotype="AI" name="Sensor26222_S" textname="test sensor 26222"/>
			<item id="26223" losttest="2" iotype="AI" name="Sensor26223_S" textname="test sensor 26223"/>
			<item id="26224" losttest="2" iotype="AI" name="Sensor26224_S" textname="test sensor 26224"/>
			<item id="26225" losttest="2" iotype="AI" name="Sensor26225_S" textname="test sensor 26225"/>
			<item id="26226" losttest="2" iotype="AI" name="Sensor26226_S" textname="test sensor 26226"/>
			<item id="26227" losttest="2" iotype="AI" name="Sensor26227_S" textname="test sensor 26227"/>
			<item id="26228" losttest="2" iotype="AI" name="Sensor26228_S" textname="test sensor 26228"/>
			<item id="26229" losttest="2" iotype="AI" name="Sensor26229_S" textname="test sensor 26229"/>
			<item id="26230" losttest="2" iotype="AI" name="Sensor26230_S" textname="test sensor 26230"/>
			<item id="26231" losttest="2" iotype="AI" name="Sensor26231_S" textname="test sensor 26231"/>
			<item id="26232" losttest="2" iotype="AI" name="Sensor26232_S" textname="test sensor 26232"/>
			<item id="26233" losttest="2" iotype="AI" name="Sensor26233_S" textname="test sensor 26233"/>
			<item id="26234" losttest="2" iotype="AI" name="Sensor26234_S" textname="test sensor 26234"/>
			<item id="26235" losttest="2" iotype="AI" name="Sensor26235_S" textname="test sensor 26235"/>
			<item id="26236" losttest="2" iotype="AI" name="Sensor26236_S" textname="test sensor 26236"/>
			<item id="26237" losttest="2" iotype="AI" name="Sensor26237_S" textname="test sensor 26237"/>
			<item id="26238" losttest="2" iotype="AI" name="Sensor26238_S" textname="test sensor 26238"/>
			<item id="26239" losttest="2" iotype="AI" name="Sensor26239_S" textname="test sensor 26239"/>
			<item id="26240" losttest="2" iotype="AI" name="Sensor26240_S" textname="test sensor 26240"/>
			<item id="26241" losttest="2" iotype="AI" name="Sensor26241_S" textname="test sensor 26241"/>
			<item id="26242" losttest="2" iotype="AI" name="Sensor26242_S" textname="test sensor 26242"/>
			<item id="26243" losttest="2" iotype="AI" name="Sensor26243_S" textname="test sensor 26243"/>
			<item id="26244" losttest="2" iotype="AI" name="Sensor26244_S" textname="test sensor 26244"/>
			<item id="26245" losttest="2" iotype="AI" name="Sensor26245_S" textname="test sensor 26245"/>
			<item id="26246" losttest="2" iotype="AI" name="Sensor26246_S" textname="test sensor 26246"/>
			<item id="26247" losttest="2" iotype="AI" name="Sensor26247_S" textname="test sensor 26247"/>
			<item id="26248" losttest="2" iotype="AI" name="Sensor26248_S" textname="test sensor 26248"/>
			<item id="26249" losttest="2" iotype="AI" name="Sensor26249_S" textname="test sensor 26249"/>
			<item id="26250" losttest="2" iotype="AI" name="Sensor26250_S" textname="test sensor 26250"/>
			<item id="26251" losttest="2" iotype="AI" name="Sensor26251_S" textname="test sensor 26251"/>
			<item id="26252" losttest="2" iotype="AI" name="Sensor26252_S" textname="test sensor 26252"/>
			<item id="26253" losttest="2" iotype="AI" name="Sensor26253_S" textname="test sensor 26253"/>
			<item id="26254" losttest="2" iotype="AI" name="Sensor26254_S" textname="test sensor 26254"/>
			<item id="26255" losttest="2" iotype="AI" name="Sensor26255_S" textname="test sensor 26255"/>
			<item id="26256" losttest="2" iotype="AI" name="Sensor26256_S" textname="test sensor 26256"/>
			<item id="26257" losttest="2" iotype="AI" name="Sensor26257_S" textname="test sensor 26257"/>
			<item id="26258" losttest="2" iotype="AI" name="Sensor26258_S" textname="test sensor 26258"/>
			<item id="26259" losttest="2" iotype="AI" name="Sensor26259_S" textname="test sensor 26259"/>
			<item id="26260" losttest="2" iotype="AI" name="Sensor26260_S" textname="test sensor 26260"/>
			<item id="26261" losttest="2" iotype="AI" name="Sensor26261_S" textname="test sensor 26261"/>
			<item id="26262" losttest="2" iotype="AI" name="Sensor26262_S" textname="test sensor 26262"/>
			<item id="26263" losttest="2" iotype="AI" name="Sensor26263_S" textname="test sensor 26263"/>
			<item id="26264" losttest="2" iotype="AI" name="Sensor26264_S" textname="test sensor 26264"/>
			<item id="26265" losttest="2" iotype="AI" name="Sensor26265_S" textname="test sensor 26265"/>
			<item id="26266" losttest="2" iotype="AI" name="Sensor26266_S" textname="test sensor 26266"/>
			<item id="26267" losttest="2" iotype="AI" name="Sensor26267_S" textname="test sensor 26267"/>
			<item id="26268" losttest="2" iotype="AI" name="Sensor26268_S" textname="test sensor 26268"/>
			<item id="26269" losttest="2" iotype="AI" name="Sensor26269_S" textname="test sensor 26269"/>
			<item id="26270" losttest="2" iotype="AI" name="Sensor26270_S" textname="test sensor 26270"/>
			<item id="26271" losttest="2" iotype="AI" name="Sensor26271_S" textname="test sensor 26271"/>
			<item id="26272" losttest="2" iotype="AI" name="Sensor26272_S" textname="test sensor 26272"/>
			<item id="26273" losttest="2" iotype="AI" name="Sensor26273_S" textname="test sensor 26273"/>
			<item id="26274" losttest="2" iotype="AI" name="Sensor26274_S" textname="test sensor 26274"/>
			<item id="26275" losttest="2" iotype="AI" name="Sensor26275_S" textname="test sensor 26275"/>
			<item id="26276" losttest="2" iotype="AI" name="Sensor26276_S" textname="test sensor 26276"/>
			<item id="26277" losttest="2" iotype="AI" name="Sensor26277_S" textname="test sensor 26277"/>
			<item id="26278" losttest="2" iotype="AI" name="Sensor26278_S" textname="test sensor 26278"/>
			<item id="26279" losttest="2" iotype="AI" name="Sensor26279_S" textname="test sensor 26279"/>
			<item id="26280" losttest="2" iotype="AI" name="Sensor26280_S" textname="test sensor 26280"/>
			<item id="26281" losttest="2" iotype="AI" name="Sensor26281_S" textname="test sensor 26281"/>
			<item id="26282" losttest="2" iotype="AI" name="Sensor26282_S" textname="test sensor 26282"/>
			<item id="26283" losttest="2" iotype="AI" name="Sensor26283_S" textname="test sensor 26283"/>
			<item id="26284" losttest="2" iotype="AI" name="Sensor26284_S" textname="test sensor 26284"/>
			<item id="26285" losttest="2" iotype="AI" name="Sensor26285_S" textname="test sensor 26285"/>
			<item id="26286" losttest="2" iotype="AI" name="Sensor26286_S" textname="test sensor 26286"/>
			<item id="26287" losttest="2" iotype="AI" name="Sensor26287_S" textname="test sensor 26287"/>
			<item id="26288" losttest="2" iotype="AI" name="Sensor26288_S" textname="test sensor 26288"/>
			<item id="26289" losttest="2" iotype="AI" name="Sensor26289_S" textname="test sensor 26289"/>
			<item id="26290" losttest="2" iotype="AI" name="Sensor26290_S" textname="test sensor 26290"/>
			<item id="26291" losttest="2" iotype="AI" name="Sensor26291_S" textname="test sensor 26291"/>
			<item id="26292" losttest="2" iotype="AI" name="Sensor26292_S" textname="test sensor 26292"/>
			<item id="26293" losttest="2" iotype="AI" name="Sensor26293_S" textname="test sensor 26293"/>
			<item id="26294" losttest="2" iotype="AI" name="Sensor26294_S" textname="test sensor 26294"/>
			<item id="26295" losttest="2" iotype="AI" name="Sensor26295_S" textname="test sensor 26295"/>
			<item id="26296" losttest="2" iotype="AI" name="Sensor26296_S" textname="test sensor 26296"/>
			<item id="26297" losttest="2" iotype="AI" name="Sensor26297_S" textname="test sensor 26297"/>
			<item id="26298" losttest="2" iotype="AI" name="Sensor26298_S" textname="test sensor 26298"/>
			<item id="26299" losttest="2" iotype="AI" name="Sensor26299_S" textname="test sensor 26299"/>
			<item id="26300" losttest="2" iotype="AI" name="Sensor26300_S" textname="test sensor 26300"/>
			<item id="26301" losttest="2" iotype="AI" name="Sensor26301_S" textname="test sensor 26301"/>
			<item id="26302" losttest="2" iotype="AI" name="Sensor26302_S" textname="test sensor 26302"/>
			<item id="26303" losttest="2" iotype="AI" name="Sensor26303_S" textname="test sensor 26303"/>
			<item id="26304" losttest="2" iotype="AI" name="Sensor26304_S" textname="test sensor 26304"/>
			<item id="26305" losttest="2" iotype="AI" name="Sensor26305_S" textname="test sensor 26305"/>
			<item id="26306" losttest="2" iotype="AI" name="Sensor26306_S" textname="test sensor 26306"/>
			<item id="26307" losttest="2" iotype="AI" name="Sensor26307_S" textname="test sensor 26307"/>
			<item id="26308" losttest="2" iotype="AI" name="Sensor26308_S" textname="test sensor 26308"/>
			<item id="26309" losttest="2" iotype="AI" name="Sensor26309_S" textname="test sensor 26309"/>
			<item id="26310" losttest="2" iotype="AI" name="Sensor26310_S" textname="test sensor 26310"/>
			<item id="26311" losttest="2" iotype="AI" name="Sensor26311_S" textname="test sensor 26311"/>
			<item id="26312" losttest="2" iotype="AI" name="Sensor26312_S" textname="test sensor 26312"/>
			<item id="26313" losttest="2" iotype="AI" name="Sensor26313_S" textname="test sensor 26313"/>
			<item id="26314" losttest="2" iotype="AI" name="Sensor26314_S" textname="test sensor 26314"/>
			<item id="26315" losttest="2" iotype="AI" name="Sensor26315_S" textname="test sensor 26315"/>
			<item id="26316" losttest="2" iotype="AI" name="Sensor26316_S" textname="test sensor 26316"/>
			<item id="26317" losttest="2" iotype="AI" name="Sensor26317_S" textname="test sensor 26317"/>
			<item id="26318" losttest="2" iotype="AI" name="Sensor26318_S" textname="test sensor 26318"/>
			<item id="26319" losttest="2" iotype="AI" name="Sensor26319_S" textname="test sensor 26319"/>
			<item id="26320" losttest="2" iotype="AI" name="Sensor26320_S" textname="test sensor 26320"/>
			<item id="26321" losttest="2" iotype="AI" name="Sensor26321_S" textname="test sensor 26321"/>
			<item id="26322" losttest="2" iotype="AI" name="Sensor26322_S" textname="test sensor 26322"/>
			<item id="26323" losttest="2" iotype="AI" name="Sensor26323_S" textname="test sensor 26323"/>
			<item id="26324" losttest="2" iotype="AI" name="Sensor26324_S" textname="test sensor 26324"/>
			<item id="26325" losttest="2" iotype="AI" name="Sensor26325_S" textname="test sensor 26325"/>
			<item id="26326" losttest="2" iotype="AI" name="Sensor26326_S" textname="test sensor 26326"/>
			<item id="26327" losttest="2" iotype="AI" name="Sensor26327_S" textname="test sensor 26327"/>
			<item id="26328" losttest="2" iotype="AI" name="Sensor26328_S" textname="test sensor 26328"/>
			<item id="26329" losttest="2" iotype="AI" name="Sensor26329_S" textname="test sensor 26329"/>
			<item id="26330" losttest="2" iotype="AI" name="Sensor26330_S" textname="test sensor 26330"/>
			<item id="26331" losttest="2" iotype="AI" name="Sensor26331_S" textname="test sensor 26331"/>
			<item id="26332" losttest="2" iotype="AI" name="Sensor26332_S" textname="test sensor 26332"/>
			<item id="26333" losttest="2" iotype="AI" name="Sensor26333_S" textname="test sensor 26333"/>
			<item id="26334" losttest="2" iotype="AI" name="Sensor26334_S" textname="test sensor 26334"/>
			<item id="26335" losttest="2" iotype="AI" name="Sensor26335_S" textname="test sensor 26335"/>
			<item id="26336" losttest="2" iotype="AI" name="Sensor26336_S" textname="test sensor 26336"/>
			<item id="26337" losttest="2" iotype="AI" name="Sensor26337_S" textname="test sensor 26337"/>
			<item id="26338" losttest="2" iotype="AI" name="Sensor26338_S" textname="test sensor 26338"/>
			<item id="26339" losttest="2" iotype="AI" name="Sensor26339_S" textname="test sensor 26339"/>
			<item id="26340" losttest="2" iotype="AI" name="Sensor26340_S" textname="test sensor 26340"/>
			<item id="26341" losttest="2" iotype="AI" name="Sensor26341_S" textname="test sensor 26341"/>
			<item id="26342" losttest="2" iotype="AI" name="Sensor26342_S" textname="test sensor 26342"/>
			<item id="26343" losttest="2" iotype="AI" name="Sensor26343_S" textname="test sensor 26343"/>
			<item id="26344" losttest="2" iotype="AI" name="Sensor26344_S" textname="test sensor 26344"/>
			<item id="26345" losttest="2" iotype="AI" name="Sensor26345_S" textname="test sensor 26345"/>
			<item id="26346" losttest="2" iotype="AI" name="Sensor26346_S" textname="test sensor 26346"/>
			<item id="26347" losttest="2" iotype="AI" name="Sensor26347_S" textname="test sensor 26347"/>
			<item id="26348" losttest="2" iotype="AI" name="Sensor26348_S" textname="test sensor 26348"/>
			<item id="26349" losttest="2" iotype="AI" name="Sensor26349_S" textname="test sensor 26349"/>
			<item id="26350" losttest="2" iotype="AI" name="Sensor26350_S" textname="test sensor 26350"/>
			<item id="26351" losttest="2" iotype="AI" name="Sensor26351_S" textname="test sensor 26351"/>
			<item id="26352" losttest="2" iotype="AI" name="Sensor26352_S" textname="test sensor 26352"/>
			<item id="26353" losttest="2" iotype="AI" name="Sensor26353_S" textname="test sensor 26353"/>
			<item id="26354" losttest="2" iotype="AI" name="Sensor26354_S" textname="test sensor 26354"/>
			<item id="26355" losttest="2" iotype="AI" name="Sensor26355_S" textname="test sensor 26355"/>
			<item id="26356" losttest="2" iotype="AI" name="Sensor26356_S" textname="test sensor 26356"/>
			<item id="26357" losttest="2" iotype="AI" name="Sensor26357_S" textname="test sensor 26357"/>
			<item id="26358" losttest="2" iotype="AI" name="Sensor26358_S" textname="test sensor 26358"/>
			<item id="26359" losttest="2" iotype="AI" name="Sensor26359_S" textname="test sensor 26359"/>
			<item id="26360" losttest="2" iotype="AI" name="Sensor26360_S" textname="test sensor 26360"/>
			<item id="26361" losttest="2" iotype="AI" name="Sensor26361_S" textname="test sensor 26361"/>
			<item id="26362" losttest="2" iotype="AI" name="Sensor26362_S" textname="test sensor 26362"/>
			<item id="26363" losttest="2" iotype="AI" name="Sensor26363_S" textname="test sensor 26363"/>
			<item id="26364" losttest="2" iotype="AI" name="Sensor26364_S" textname="test sensor 26364"/>
			<item id="26365" losttest="2" iotype="AI" name="Sensor26365_S" textname="test sensor 26365"/>
			<item id="26366" losttest="2" iotype="AI" name="Sensor26366_S" textname="test sensor 26366"/>
			<item id="26367" losttest="2" iotype="AI" name="Sensor26367_S" textname="test sensor 26367"/>
			<item id="26368" losttest="2" iotype="AI" name="Sensor26368_S" textname="test sensor 26368"/>
			<item id="26369" losttest="2" iotype="AI" name="Sensor26369_S" textname="test sensor 26369"/>
			<item id="26370" losttest="2" iotype="AI" name="Sensor26370_S" textname="test sensor 26370"/>
			<item id="26371" losttest="2" iotype="AI" name="Sensor26371_S" textname="test sensor 26371"/>
			<item id="26372" losttest="2" iotype="AI" name="Sensor26372_S" textname="test sensor 26372"/>
			<item id="26373" losttest="2" iotype="AI" name="Sensor26373_S" textname="test sensor 26373"/>
			<item id="26374" losttest="2" iotype="AI" name="Sensor26374_S" textname="test sensor 26374"/>
			<item id="26375" losttest="2" iotype="AI" name="Sensor26375_S" textname="test sensor 26375"/>
			<item id="26376" losttest="2" iotype="AI" name="Sensor26376_S" textname="test sensor 26376"/>
			<item id="26377" losttest="2" iotype="AI" name="Sensor26377_S" textname="test sensor 26377"/>
			<item id="26378" losttest="2" iotype="AI" name="Sensor26378_S" textname="test sensor 26378"/>
			<item id="26379" losttest="2" iotype="AI" name="Sensor26379_S" textname="test sensor 26379"/>
			<item id="26380" losttest="2" iotype="AI" name="Sensor26380_S" textname="test sensor 26380"/>
			<item id="26381" losttest="2" iotype="AI" name="Sensor26381_S" textname="test sensor 26381"/>
			<item id="26382" losttest="2" iotype="AI" name="Sensor26382_S" textname="test sensor 26382"/>
			<item id="26383" losttest="2" iotype="AI" name="Sensor26383_S" textname="test sensor 26383"/>
			<item id="26384" losttest="2" iotype="AI" name="Sensor26384_S" textname="test sensor 26384"/>
			<item id="26385" losttest="2" iotype="AI" name="Sensor26385_S" textname="test sensor 26385"/>
			<item id="26386" losttest="2" iotype="AI" name="Sensor26386_S" textname="test sensor 26386"/>
			<item id="26387" losttest="2" iotype="AI" name="Sensor26387_S" textname="test sensor 26387"/>
			<item id="26388" losttest="2" iotype="AI" name="Sensor26388_S" textname="test sensor 26388"/>
			<item id="26389" losttest="2" iotype="AI" name="Sensor26389_S" textname="test sensor 26389"/>
			<item id="26390" losttest="2" iotype="AI" name="Sensor26390_S" textname="test sensor 26390"/>
			<item id="26391" losttest="2" iotype="AI" name="Sensor26391_S" textname="test sensor 26391"/>
			<item id="26392" losttest="2" iotype="AI" name="Sensor26392_S" textname="test sensor 26392"/>
			<item id="26393" losttest="2" iotype="AI" name="Sensor26393_S" textname="test sensor 26393"/>
			<item id="26394" losttest="2" iotype="AI" name="Sensor26394_S" textname="test sensor 26394"/>
			<item id="26395" losttest="2" iotype="AI" name="Sensor26395_S" textname="test sensor 26395"/>
			<item id="26396" losttest="2" iotype="AI" name="Sensor26396_S" textname="test sensor 26396"/>
			<item id="26397" losttest="2" iotype="AI" name="Sensor26397_S" textname="test sensor 26397"/>
			<item id="26398" losttest="2" iotype="AI" name="Sensor26398_S" textname="test sensor 26398"/>
			<item id="26399" losttest="2" iotype="AI" name="Sensor26399_S" textname="test sensor 26399"/>
			<item id="26400" losttest="2" iotype="AI" name="Sensor26400_S" textname="test sensor 26400"/>
			<item id="26401" losttest="2" iotype="AI" name="Sensor26401_S" textname="test sensor 26401"/>
			<item id="26402" losttest="2" iotype="AI" name="Sensor26402_S" textname="test sensor 26402"/>
			<item id="26403" losttest="2" iotype="AI" name="Sensor26403_S" textname="test sensor 26403"/>
			<item id="26404" losttest="2" iotype="AI" name="Sensor26404_S" textname="test sensor 26404"/>
			<item id="26405" losttest="2" iotype="AI" name="Sensor26405_S" textname="test sensor 26405"/>
			<item id="26406" losttest="2" iotype="AI" name="Sensor26406_S" textname="test sensor 26406"/>
			<item id="26407" losttest="2" iotype="AI" name="Sensor26407_S" textname="test sensor 26407"/>
			<item id="26408" losttest="2" iotype="AI" name="Sensor26408_S" textname="test sensor 26408"/>
			<item id="26409" losttest="2" iotype="AI" name="Sensor26409_S" textname="test sensor 26409"/>
			<item id="26410" losttest="2" iotype="AI" name="Sensor26410_S" textname="test sensor 26410"/>
			<item id="26411" losttest="2" iotype="AI" name="Sensor26411_S" textname="test sensor 26411"/>
			<item id="26412" losttest="2" iotype="AI" name="Sensor26412_S" textname="test sensor 26412"/>
			<item id="26413" losttest="2" iotype="AI" name="Sensor26413_S" textname="test sensor 26413"/>
			<item id="26414" losttest="2" iotype="AI" name="Sensor26414_S" textname="test sensor 26414"/>
			<item id="26415" losttest="2" iotype="AI" name="Sensor26415_S" textname="test sensor 26415"/>
			<item id="26416" losttest="2" iotype="AI" name="Sensor26416_S" textname="test sensor 26416"/>
			<item id="26417" losttest="2" iotype="AI" name="Sensor26417_S" textname="test sensor 26417"/>
			<item id="26418" losttest="2" iotype="AI" name="Sensor26418_S" textname="test sensor 26418"/>
			<item id="26419" losttest="2" iotype="AI" name="Sensor26419_S" textname="test sensor 26419"/>
			<item id="26420" losttest="2" iotype="AI" name="Sensor26420_S" textname="test sensor 26420"/>
			<item id="26421" losttest="2" iotype="AI" name="Sensor26421_S" textname="test sensor 26421"/>
			<item id="26422" losttest="2" iotype="AI" name="Sensor26422_S" textname="test sensor 26422"/>
			<item id="26423" losttest="2" iotype="AI" name="Sensor26423_S" textname="test sensor 26423"/>
			<item id="26424" losttest="2" iotype="AI" name="Sensor26424_S" textname="test sensor 26424"/>
			<item id="26425" losttest="2" iotype="AI" name="Sensor26425_S" textname="test sensor 26425"/>
			<item id="26426" losttest="2" iotype="AI" name="Sensor26426_S" textname="test sensor 26426"/>
			<item id="26427" losttest="2" iotype="AI" name="Sensor26427_S" textname="test sensor 26427"/>
			<item id="26428" losttest="2" iotype="AI" name="Sensor26428_S" textname="test sensor 26428"/>
			<item id="26429" losttest="2" iotype="AI" name="Sensor26429_S" textname="test sensor 26429"/>
			<item id="26430" losttest="2" iotype="AI" name="Sensor26430_S" textname="test sensor 26430"/>
			<item id="26431" losttest="2" iotype="AI" name="Sensor26431_S" textname="test sensor 26431"/>
			<item id="26432" losttest="2" iotype="AI" name="Sensor26432_S" textname="test sensor 26432"/>
			<item id="26433" losttest="2" iotype="AI" name="Sensor26433_S" textname="test sensor 26433"/>
			<item id="26434" losttest="2" iotype="AI" name="Sensor26434_S" textname="test sensor 26434"/>
			<item id="26435" losttest="2" iotype="AI" name="Sensor26435_S" textname="test sensor 26435"/>
			<item id="26436" losttest="2" iotype="AI" name="Sensor26436_S" textname="test sensor 26436"/>
			<item id="26437" losttest="2" iotype="AI" name="Sensor26437_S" textname="test sensor 26437"/>
			<item id="26438" losttest="2" iotype="AI" name="Sensor26438_S" textname="test sensor 26438"/>
			<item id="26439" losttest="2" iotype="AI" name="Sensor26439_S" textname="test sensor 26439"/>
			<item id="26440" losttest="2" iotype="AI" name="Sensor26440_S" textname="test sensor 26440"/>
			<item id="26441" losttest="2" iotype="AI" name="Sensor26441_S" textname="test sensor 26441"/>
			<item id="26442" losttest="2" iotype="AI" name="Sensor26442_S" textname="test sensor 26442"/>
			<item id="26443" losttest="2" iotype="AI" name="Sensor26443_S" textname="test sensor 26443"/>
			<item id="26444" losttest="2" iotype="AI" name="Sensor26444_S" textname="test sensor 26444"/>
			<item id="26445" losttest="2" iotype="AI" name="Sensor26445_S" textname="test sensor 26445"/>
			<item id="26446" losttest="2" iotype="AI" name="Sensor26446_S" textname="test sensor 26446"/>
			<item id="26447" losttest="2" iotype="AI" name="Sensor26447_S" textname="test sensor 26447"/>
			<item id="26448" losttest="2" iotype="AI" name="Sensor26448_S" textname="test sensor 26448"/>
			<item id="26449" losttest="2" iotype="AI" name="Sensor26449_S" textname="test sensor 26449"/>
			<item id="26450" losttest="2" iotype="AI" name="Sensor26450_S" textname="test sensor 26450"/>
			<item id="26451" losttest="2" iotype="AI" name="Sensor26451_S" textname="test sensor 26451"/>
			<item id="26452" losttest="2" iotype="AI" name="Sensor26452_S" textname="test sensor 26452"/>
			<item id="26453" losttest="2" iotype="AI" name="Sensor26453_S" textname="test sensor 26453"/>
			<item id="26454" losttest="2" iotype="AI" name="Sensor26454_S" textname="test sensor 26454"/>
			<item id="26455" losttest="2" iotype="AI" name="Sensor26455_S" textname="test sensor 26455"/>
			<item id="26456" losttest="2" iotype="AI" name="Sensor26456_S" textname="test sensor 26456"/>
			<item id="26457" losttest="2" iotype="AI" name="Sensor26457_S" textname="test sensor 26457"/>
			<item id="26458" losttest="2" iotype="AI" name="Sensor26458_S" textname="test sensor 26458"/>
			<item id="26459" losttest="2" iotype="AI" name="Sensor26459_S" textname="test sensor 26459"/>
			<item id="26460" losttest="2" iotype="AI" name="Sensor26460_S" textname="test sensor 26460"/>
			<item id="26461" losttest="2" iotype="AI" name="Sensor26461_S" textname="test sensor 26461"/>
			<item id="26462" losttest="2" iotype="AI" name="Sensor26462_S" textname="test sensor 26462"/>
			<item id="26463" losttest="2" iotype="AI" name="Sensor26463_S" textname="test sensor 26463"/>
			<item id="26464" losttest="2" iotype="AI" name="Sensor26464_S" textname="test sensor 26464"/>
			<item id="26465" losttest="2" iotype="AI" name="Sensor26465_S" textname="test sensor 26465"/>
			<item id="26466" losttest="2" iotype="AI" name="Sensor26466_S" textname="test sensor 26466"/>
			<item id="26467" losttest="2" iotype="AI" name="Sensor26467_S" textname="test sensor 26467"/>
			<item id="26468" losttest="2" iotype="AI" name="Sensor26468_S" textname="test sensor 26468"/>
			<item id="26469" losttest="2" iotype="AI" name="Sensor26469_S" textname="test sensor 26469"/>
			<item id="26470" losttest="2" iotype="AI" name="Sensor26470_S" textname="test sensor 26470"/>
			<item id="26471" losttest="2" iotype="AI" name="Sensor26471_S" textname="test sensor 26471"/>
			<item id="26472" losttest="2" iotype="AI" name="Sensor26472_S" textname="test sensor 26472"/>
			<item id="26473" losttest="2" iotype="AI" name="Sensor26473_S" textname="test sensor 26473"/>
			<item id="26474" losttest="2" iotype="AI" name="Sensor26474_S" textname="test sensor 26474"/>
			<item id="26475" losttest="2" iotype="AI" name="Sensor26475_S" textname="test sensor 26475"/>
			<item id="26476" losttest="2" iotype="AI" name="Sensor26476_S" textname="test sensor 26476"/>
			<item id="26477" losttest="2" iotype="AI" name="Sensor26477_S" textname="test sensor 26477"/>
			<item id="26478" losttest="2" iotype="AI" name="Sensor26478_S" textname="test sensor 26478"/>
			<item id="26479" losttest="2" iotype="AI" name="Sensor26479_S" textname="test sensor 26479"/>
			<item id="26480" losttest="2" iotype="AI" name="Sensor26480_S" textname="test sensor 26480"/>
			<item id="26481" losttest="2" iotype="AI" name="Sensor26481_S" textname="test sensor 26481"/>
			<item id="26482" losttest="2" iotype="AI" name="Sensor26482_S" textname="test sensor 26482"/>
			<item id="26483" losttest="2" iotype="AI" name="Sensor26483_S" textname="test sensor 26483"/>
			<item id="26484" losttest="2" iotype="AI" name="Sensor26484_S" textname="test sensor 26484"/>
			<item id="26485" losttest="2" iotype="AI" name="Sensor26485_S" textname="test sensor 26485"/>
			<item id="26486" losttest="2" iotype="AI" name="Sensor26486_S" textname="test sensor 26486"/>
			<item id="26487" losttest="2" iotype="AI" name="Sensor26487_S" textname="test sensor 26487"/>
			<item id="26488" losttest="2" iotype="AI" name="Sensor26488_S" textname="test sensor 26488"/>
			<item id="26489" losttest="2" iotype="AI" name="Sensor26489_S" textname="test sensor 26489"/>
			<item id="26490" losttest="2" iotype="AI" name="Sensor26490_S" textname="test sensor 26490"/>
			<item id="26491" losttest="2" iotype="AI" name="Sensor26491_S" textname="test sensor 26491"/>
			<item id="26492" losttest="2" iotype="AI" name="Sensor26492_S" textname="test sensor 26492"/>
			<item id="26493" losttest="2" iotype="AI" name="Sensor26493_S" textname="test sensor 26493"/>
			<item id="26494" losttest="2" iotype="AI" name="Sensor26494_S" textname="test sensor 26494"/>
			<item id="26495" losttest="2" iotype="AI" name="Sensor26495_S" textname="test sensor 26495"/>
			<item id="26496" losttest="2" iotype="AI" name="Sensor26496_S" textname="test sensor 26496"/>
			<item id="26497" losttest="2" iotype="AI" name="Sensor26497_S" textname="test sensor 26497"/>
			<item id="26498" losttest="2" iotype="AI" name="Sensor26498_S" textname="test sensor 26498"/>
			<item id="26499" losttest="2" iotype="AI" name="Sensor26499_S" textname="test sensor 26499"/>
			<item id="26500" losttest="2" iotype="AI" name="Sensor26500_S" textname="test sensor 26500"/>
			<item id="26501" losttest="2" iotype="AI" name="Sensor26501_S" textname="test sensor 26501"/>
			<item id="26502" losttest="2" iotype="AI" name="Sensor26502_S" textname="test sensor 26502"/>
			<item id="26503" losttest="2" iotype="AI" name="Sensor26503_S" textname="test sensor 26503"/>
			<item id="26504" losttest="2" iotype="AI" name="Sensor26504_S" textname="test sensor 26504"/>
			<item id="26505" losttest="2" iotype="AI" name="Sensor26505_S" textname="test sensor 26505"/>
			<item id="26506" losttest="2" iotype="AI" name="Sensor26506_S" textname="test sensor 26506"/>
			<item id="26507" losttest="2" iotype="AI" name="Sensor26507_S" textname="test sensor 26507"/>
			<item id="26508" losttest="2" iotype="AI" name="Sensor26508_S" textname="test sensor 26508"/>
			<item id="26509" losttest="2" iotype="AI" name="Sensor26509_S" textname="test sensor 26509"/>
			<item id="26510" losttest="2" iotype="AI" name="Sensor26510_S" textname="test sensor 26510"/>
			<item id="26511" losttest="2" iotype="AI" name="Sensor26511_S" textname="test sensor 26511"/>
			<item id="26512" losttest="2" iotype="AI" name="Sensor26512_S" textname="test sensor 26512"/>
			<item id="26513" losttest="2" iotype="AI" name="Sensor26513_S" textname="test sensor 26513"/>
			<item id="26514" losttest="2" iotype="AI" name="Sensor26514_S" textname="test sensor 26514"/>
			<item id="26515" losttest="2" iotype="AI" name="Sensor26515_S" textname="test sensor 26515"/>
			<item id="26516" losttest="2" iotype="AI" name="Sensor26516_S" textname="test sensor 26516"/>
			<item id="26517" losttest="2" iotype="AI" name="Sensor26517_S" textname="test sensor 26517"/>
			<item id="26518" losttest="2" iotype="AI" name="Sensor26518_S" textname="test sensor 26518"/>
			<item id="26519" losttest="2" iotype="AI" name="Sensor26519_S" textname="test sensor 26519"/>
			<item id="26520" losttest="2" iotype="AI" name="Sensor26520_S" textname="test sensor 26520"/>
			<item id="26521" losttest="2" iotype="AI" name="Sensor26521_S" textname="test sensor 26521"/>
			<item id="26522" losttest="2" iotype="AI" name="Sensor26522_S" textname="test sensor 26522"/>
			<item id="26523" losttest="2" iotype="AI" name="Sensor26523_S" textname="test sensor 26523"/>
			<item id="26524" losttest="2" iotype="AI" name="Sensor26524_S" textname="test sensor 26524"/>
			<item id="26525" losttest="2" iotype="AI" name="Sensor26525_S" textname="test sensor 26525"/>
			<item id="26526" losttest="2" iotype="AI" name="Sensor26526_S" textname="test sensor 26526"/>
			<item id="26527" losttest="2" iotype="AI" name="Sensor26527_S" textname="test sensor 26527"/>
			<item id="26528" losttest="2" iotype="AI" name="Sensor26528_S" textname="test sensor 26528"/>
			<item id="26529" losttest="2" iotype="AI" name="Sensor26529_S" textname="test sensor 26529"/>
			<item id="26530" losttest="2" iotype="AI" name="Sensor26530_S" textname="test sensor 26530"/>
			<item id="26531" losttest="2" iotype="AI" name="Sensor26531_S" textname="test sensor 26531"/>
			<item id="26532" losttest="2" iotype="AI" name="Sensor26532_S" textname="test sensor 26532"/>
			<item id="26533" losttest="2" iotype="AI" name="Sensor26533_S" textname="test sensor 26533"/>
			<item id="26534" losttest="2" iotype="AI" name="Sensor26534_S" textname="test sensor 26534"/>
			<item id="26535" losttest="2" iotype="AI" name="Sensor26535_S" textname="test sensor 26535"/>
			<item id="26536" losttest="2" iotype="AI" name="Sensor26536_S" textname="test sensor 26536"/>
			<item id="26537" losttest="2" iotype="AI" name="Sensor26537_S" textname="test sensor 26537"/>
			<item id="26538" losttest="2" iotype="AI" name="Sensor26538_S" textname="test sensor 26538"/>
			<item id="26539" losttest="2" iotype="AI" name="Sensor26539_S" textname="test sensor 26539"/>
			<item id="26540" losttest="2" iotype="AI" name="Sensor26540_S" textname="test sensor 26540"/>
			<item id="26541" losttest="2" iotype="AI" name="Sensor26541_S" textname="test sensor 26541"/>
			<item id="26542" losttest="2" iotype="AI" name="Sensor26542_S" textname="test sensor 26542"/>
			<item id="26543" losttest="2" iotype="AI" name="Sensor26543_S" textname="test sensor 26543"/>
			<item id="26544" losttest="2" iotype="AI" name="Sensor26544_S" textname="test sensor 26544"/>
			<item id="26545" losttest="2" iotype="AI" name="Sensor26545_S" textname="test sensor 26545"/>
			<item id="26546" losttest="2" iotype="AI" name="Sensor26546_S" textname="test sensor 26546"/>
			<item id="26547" losttest="2" iotype="AI" name="Sensor26547_S" textname="test sensor 26547"/>
			<item id="26548" losttest="2" iotype="AI" name="Sensor26548_S" textname="test sensor 26548"/>
			<item id="26549" losttest="2" iotype="AI" name="Sensor26549_S" textname="test sensor 26549"/>
			<item id="26550" losttest="2" iotype="AI" name="Sensor26550_S" textname="test sensor 26550"/>
			<item id="26551" losttest="2" iotype="AI" name="Sensor26551_S" textname="test sensor 26551"/>
			<item id="26552" losttest="2" iotype="AI" name="Sensor26552_S" textname="test sensor 26552"/>
			<item id="26553" losttest="2" iotype="AI" name="Sensor26553_S" textname="test sensor 26553"/>
			<item id="26554" losttest="2" iotype="AI" name="Sensor26554_S" textname="test sensor 26554"/>
			<item id="26555" losttest="2" iotype="AI" name="Sensor26555_S" textname="test sensor 26555"/>
			<item id="26556" losttest="2" iotype="AI" name="Sensor26556_S" textname="test sensor 26556"/>
			<item id="26557" losttest="2" iotype="AI" name="Sensor26557_S" textname="test sensor 26557"/>
			<item id="26558" losttest="2" iotype="AI" name="Sensor26558_S" textname="test sensor 26558"/>
			<item id="26559" losttest="2" iotype="AI" name="Sensor26559_S" textname="test sensor 26559"/>
			<item id="26560" losttest="2" iotype="AI" name="Sensor26560_S" textname="test sensor 26560"/>
			<item id="26561" losttest="2" iotype="AI" name="Sensor26561_S" textname="test sensor 26561"/>
			<item id="26562" losttest="2" iotype="AI" name="Sensor26562_S" textname="test sensor 26562"/>
			<item id="26563" losttest="2" iotype="AI" name="Sensor26563_S" textname="test sensor 26563"/>
			<item id="26564" losttest="2" iotype="AI" name="Sensor26564_S" textname="test sensor 26564"/>
			<item id="26565" losttest="2" iotype="AI" name="Sensor26565_S" textname="test sensor 26565"/>
			<item id="26566" losttest="2" iotype="AI" name="Sensor26566_S" textname="test sensor 26566"/>
			<item id="26567" losttest="2" iotype="AI" name="Sensor26567_S" textname="test sensor 26567"/>
			<item id="26568" losttest="2" iotype="AI" name="Sensor26568_S" textname="test sensor 26568"/>
			<item id="26569" losttest="2" iotype="AI" name="Sensor26569_S" textname="test sensor 26569"/>
			<item id="26570" losttest="2" iotype="AI" name="Sensor26570_S" textname="test sensor 26570"/>
			<item id="26571" losttest="2" iotype="AI" name="Sensor26571_S" textname="test sensor 26571"/>
			<item id="26572" losttest="2" iotype="AI" name="Sensor26572_S" textname="test sensor 26572"/>
			<item id="26573" losttest="2" iotype="AI" name="Sensor26573_S" textname="test sensor 26573"/>
			<item id="26574" losttest="2" iotype="AI" name="Sensor26574_S" textname="test sensor 26574"/>
			<item id="26575" losttest="2" iotype="AI" name="Sensor26575_S" textname="test sensor 26575"/>
			<item id="26576" losttest="2" iotype="AI" name="Sensor26576_S" textname="test sensor 26576"/>
			<item id="26577" losttest="2" iotype="AI" name="Sensor26577_S" textname="test sensor 26577"/>
			<item id="26578" losttest="2" iotype="AI" name="Sensor26578_S" textname="test sensor 26578"/>
			<item id="26579" losttest="2" iotype="AI" name="Sensor26579_S" textname="test sensor 26579"/>
			<item id="26580" losttest="2" iotype="AI" name="Sensor26580_S" textname="test sensor 26580"/>
			<item id="26581" losttest="2" iotype="AI" name="Sensor26581_S" textname="test sensor 26581"/>
			<item id="26582" losttest="2" iotype="AI" name="Sensor26582_S" textname="test sensor 26582"/>
			<item id="26583" losttest="2" iotype="AI" name="Sensor26583_S" textname="test sensor 26583"/>
			<item id="26584" losttest="2" iotype="AI" name="Sensor26584_S" textname="test sensor 26584"/>
			<item id="26585" losttest="2" iotype="AI" name="Sensor26585_S" textname="test sensor 26585"/>
			<item id="26586" losttest="2" iotype="AI" name="Sensor26586_S" textname="test sensor 26586"/>
			<item id="26587" losttest="2" iotype="AI" name="Sensor26587_S" textname="test sensor 26587"/>
			<item id="26588" losttest="2" iotype="AI" name="Sensor26588_S" textname="test sensor 26588"/>
			<item id="26589" losttest="2" iotype="AI" name="Sensor26589_S" textname="test sensor 26589"/>
			<item id="26590" losttest="2" iotype="AI" name="Sensor26590_S" textname="test sensor 26590"/>
			<item id="26591" losttest="2" iotype="AI" name="Sensor26591_S" textname="test sensor 26591"/>
			<item id="26592" losttest="2" iotype="AI" name="Sensor26592_S" textname="test sensor 26592"/>
			<item id="26593" losttest="2" iotype="AI" name="Sensor26593_S" textname="test sensor 26593"/>
			<item id="26594" losttest="2" iotype="AI" name="Sensor26594_S" textname="test sensor 26594"/>
			<item id="26595" losttest="2" iotype="AI" name="Sensor26595_S" textname="test sensor 26595"/>
			<item id="26596" losttest="2" iotype="AI" name="Sensor26596_S" textname="test sensor 26596"/>
			<item id="26597" losttest="2" iotype="AI" name="Sensor26597_S" textname="test sensor 26597"/>
			<item id="26598" losttest="2" iotype="AI" name="Sensor26598_S" textname="test sensor 26598"/>
			<item id="26599" losttest="2" iotype="AI" name="Sensor26599_S" textname="test sensor 26599"/>
			<item id="26600" losttest="2" iotype="AI" name="Sensor26600_S" textname="test sensor 26600"/>
			<item id="26601" losttest="2" iotype="AI" name="Sensor26601_S" textname="test sensor 26601"/>
			<item id="26602" losttest="2" iotype="AI" name="Sensor26602_S" textname="test sensor 26602"/>
			<item id="26603" losttest="2" iotype="AI" name="Sensor26603_S" textname="test sensor 26603"/>
			<item id="26604" losttest="2" iotype="AI" name="Sensor26604_S" textname="test sensor 26604"/>
			<item id="26605" losttest="2" iotype="AI" name="Sensor26605_S" textname="test sensor 26605"/>
			<item id="26606" losttest="2" iotype="AI" name="Sensor26606_S" textname="test sensor 26606"/>
			<item id="26607" losttest="2" iotype="AI" name="Sensor26607_S" textname="test sensor 26607"/>
			<item id="26608" losttest="2" iotype="AI" name="Sensor26608_S" textname="test sensor 26608"/>
			<item id="26609" losttest="2" iotype="AI" name="Sensor26609_S" textname="test sensor 26609"/>
			<item id="26610" losttest="2" iotype="AI" name="Sensor26610_S" textname="test sensor 26610"/>
			<item id="26611" losttest="2" iotype="AI" name="Sensor26611_S" textname="test sensor 26611"/>
			<item id="26612" losttest="2" iotype="AI" name="Sensor26612_S" textname="test sensor 26612"/>
			<item id="26613" losttest="2" iotype="AI" name="Sensor26613_S" textname="test sensor 26613"/>
			<item id="26614" losttest="2" iotype="AI" name="Sensor26614_S" textname="test sensor 26614"/>
			<item id="26615" losttest="2" iotype="AI" name="Sensor26615_S" textname="test sensor 26615"/>
			<item id="26616" losttest="2" iotype="AI" name="Sensor26616_S" textname="test sensor 26616"/>
			<item id="26617" losttest="2" iotype="AI" name="Sensor26617_S" textname="test sensor 26617"/>
			<item id="26618" losttest="2" iotype="AI" name="Sensor26618_S" textname="test sensor 26618"/>
			<item id="26619" losttest="2" iotype="AI" name="Sensor26619_S" textname="test sensor 26619"/>
			<item id="26620" losttest="2" iotype="AI" name="Sensor26620_S" textname="test sensor 26620"/>
			<item id="26621" losttest="2" iotype="AI" name="Sensor26621_S" textname="test sensor 26621"/>
			<item id="26622" losttest="2" iotype="AI" name="Sensor26622_S" textname="test sensor 26622"/>
			<item id="26623" losttest="2" iotype="AI" name="Sensor26623_S" textname="test sensor 26623"/>
			<item id="26624" losttest="2" iotype="AI" name="Sensor26624_S" textname="test sensor 26624"/>
			<item id="26625" losttest="2" iotype="AI" name="Sensor26625_S" textname="test sensor 26625"/>
			<item id="26626" losttest="2" iotype="AI" name="Sensor26626_S" textname="test sensor 26626"/>
			<item id="26627" losttest="2" iotype="AI" name="Sensor26627_S" textname="test sensor 26627"/>
			<item id="26628" losttest="2" iotype="AI" name="Sensor26628_S" textname="test sensor 26628"/>
			<item id="26629" losttest="2" iotype="AI" name="Sensor26629_S" textname="test sensor 26629"/>
			<item id="26630" losttest="2" iotype="AI" name="Sensor26630_S" textname="test sensor 26630"/>
			<item id="26631" losttest="2" iotype="AI" name="Sensor26631_S" textname="test sensor 26631"/>
			<item id="26632" losttest="2" iotype="AI" name="Sensor26632_S" textname="test sensor 26632"/>
			<item id="26633" losttest="2" iotype="AI" name="Sensor26633_S" textname="test sensor 26633"/>
			<item id="26634" losttest="2" iotype="AI" name="Sensor26634_S" textname="test sensor 26634"/>
			<item id="26635" losttest="2" iotype="AI" name="Sensor26635_S" textname="test sensor 26635"/>
			<item id="26636" losttest="2" iotype="AI" name="Sensor26636_S" textname="test sensor 26636"/>
			<item id="26637" losttest="2" iotype="AI" name="Sensor26637_S" textname="test sensor 26637"/>
			<item id="26638" losttest="2" iotype="AI" name="Sensor26638_S" textname="test sensor 26638"/>
			<item id="26639" losttest="2" iotype="AI" name="Sensor26639_S" textname="test sensor 26639"/>
			<item id="26640" losttest="2" iotype="AI" name="Sensor26640_S" textname="test sensor 26640"/>
			<item id="26641" losttest="2" iotype="AI" name="Sensor26641_S" textname="test sensor 26641"/>
			<item id="26642" losttest="2" iotype="AI" name="Sensor26642_S" textname="test sensor 26642"/>
			<item id="26643" losttest="2" iotype="AI" name="Sensor26643_S" textname="test sensor 26643"/>
			<item id="26644" losttest="2" iotype="AI" name="Sensor26644_S" textname="test sensor 26644"/>
			<item id="26645" losttest="2" iotype="AI" name="Sensor26645_S" textname="test sensor 26645"/>
			<item id="26646" losttest="2" iotype="AI" name="Sensor26646_S" textname="test sensor 26646"/>
			<item id="26647" losttest="2" iotype="AI" name="Sensor26647_S" textname="test sensor 26647"/>
			<item id="26648" losttest="2" iotype="AI" name="Sensor26648_S" textname="test sensor 26648"/>
			<item id="26649" losttest="2" iotype="AI" name="Sensor26649_S" textname="test sensor 26649"/>
			<item id="26650" losttest="2" iotype="AI" name="Sensor26650_S" textname="test sensor 26650"/>
			<item id="26651" losttest="2" iotype="AI" name="Sensor26651_S" textname="test sensor 26651"/>
			<item id="26652" losttest="2" iotype="AI" name="Sensor26652_S" textname="test sensor 26652"/>
			<item id="26653" losttest="2" iotype="AI" name="Sensor26653_S" textname="test sensor 26653"/>
			<item id="26654" losttest="2" iotype="AI" name="Sensor26654_S" textname="test sensor 26654"/>
			<item id="26655" losttest="2" iotype="AI" name="Sensor26655_S" textname="test sensor 26655"/>
			<item id="26656" losttest="2" iotype="AI" name="Sensor26656_S" textname="test sensor 26656"/>
			<item id="26657" losttest="2" iotype="AI" name="Sensor26657_S" textname="test sensor 26657"/>
			<item id="26658" losttest="2" iotype="AI" name="Sensor26658_S" textname="test sensor 26658"/>
			<item id="26659" losttest="2" iotype="AI" name="Sensor26659_S" textname="test sensor 26659"/>
			<item id="26660" losttest="2" iotype="AI" name="Sensor26660_S" textname="test sensor 26660"/>
			<item id="26661" losttest="2" iotype="AI" name="Sensor26661_S" textname="test sensor 26661"/>
			<item id="26662" losttest="2" iotype="AI" name="Sensor26662_S" textname="test sensor 26662"/>
			<item id="26663" losttest="2" iotype="AI" name="Sensor26663_S" textname="test sensor 26663"/>
			<item id="26664" losttest="2" iotype="AI" name="Sensor26664_S" textname="test sensor 26664"/>
			<item id="26665" losttest="2" iotype="AI" name="Sensor26665_S" textname="test sensor 26665"/>
			<item id="26666" losttest="2" iotype="AI" name="Sensor26666_S" textname="test sensor 26666"/>
			<item id="26667" losttest="2" iotype="AI" name="Sensor26667_S" textname="test sensor 26667"/>
			<item id="26668" losttest="2" iotype="AI" name="Sensor26668_S" textname="test sensor 26668"/>
			<item id="26669" losttest="2" iotype="AI" name="Sensor26669_S" textname="test sensor 26669"/>
			<item id="26670" losttest="2" iotype="AI" name="Sensor26670_S" textname="test sensor 26670"/>
			<item id="26671" losttest="2" iotype="AI" name="Sensor26671_S" textname="test sensor 26671"/>
			<item id="26672" losttest="2" iotype="AI" name="Sensor26672_S" textname="test sensor 26672"/>
			<item id="26673" losttest="2" iotype="AI" name="Sensor26673_S" textname="test sensor 26673"/>
			<item id="26674" losttest="2" iotype="AI" name="Sensor26674_S" textname="test sensor 26674"/>
			<item id="26675" losttest="2" iotype="AI" name="Sensor26675_S" textname="test sensor 26675"/>
			<item id="26676" losttest="2" iotype="AI" name="Sensor26676_S" textname="test sensor 26676"/>
			<item id="26677" losttest="2" iotype="AI" name="Sensor26677_S" textname="test sensor 26677"/>
			<item id="26678" losttest="2" iotype="AI" name="Sensor26678_S" textname="test sensor 26678"/>
			<item id="26679" losttest="2" iotype="AI" name="Sensor26679_S" textname="test sensor 26679"/>
			<item id="26680" losttest="2" iotype="AI" name="Sensor26680_S" textname="test sensor 26680"/>
			<item id="26681" losttest="2" iotype="AI" name="Sensor26681_S" textname="test sensor 26681"/>
			<item id="26682" losttest="2" iotype="AI" name="Sensor26682_S" textname="test sensor 26682"/>
			<item id="26683" losttest="2" iotype="AI" name="Sensor26683_S" textname="test sensor 26683"/>
			<item id="26684" losttest="2" iotype="AI" name="Sensor26684_S" textname="test sensor 26684"/>
			<item id="26685" losttest="2" iotype="AI" name="Sensor26685_S" textname="test sensor 26685"/>
			<item id="26686" losttest="2" iotype="AI" name="Sensor26686_S" textname="test sensor 26686"/>
			<item id="26687" losttest="2" iotype="AI" name="Sensor26687_S" textname="test sensor 26687"/>
			<item id="26688" losttest="2" iotype="AI" name="Sensor26688_S" textname="test sensor 26688"/>
			<item id="26689" losttest="2" iotype="AI" name="Sensor26689_S" textname="test sensor 26689"/>
			<item id="26690" losttest="2" iotype="AI" name="Sensor26690_S" textname="test sensor 26690"/>
			<item id="26691" losttest="2" iotype="AI" name="Sensor26691_S" textname="test sensor 26691"/>
			<item id="26692" losttest="2" iotype="AI" name="Sensor26692_S" textname="test sensor 26692"/>
			<item id="26693" losttest="2" iotype="AI" name="Sensor26693_S" textname="test sensor 26693"/>
			<item id="26694" losttest="2" iotype="AI" name="Sensor26694_S" textname="test sensor 26694"/>
			<item id="26695" losttest="2" iotype="AI" name="Sensor26695_S" textname="test sensor 26695"/>
			<item id="26696" losttest="2" iotype="AI" name="Sensor26696_S" textname="test sensor 26696"/>
			<item id="26697" losttest="2" iotype="AI" name="Sensor26697_S" textname="test sensor 26697"/>
			<item id="26698" losttest="2" iotype="AI" name="Sensor26698_S" textname="test sensor 26698"/>
			<item id="26699" losttest="2" iotype="AI" name="Sensor26699_S" textname="test sensor 26699"/>
			<item id="26700" losttest="2" iotype="AI" name="Sensor26700_S" textname="test sensor 26700"/>
			<item id="26701" losttest="2" iotype="AI" name="Sensor26701_S" textname="test sensor 26701"/>
			<item id="26702" losttest="2" iotype="AI" name="Sensor26702_S" textname="test sensor 26702"/>
			<item id="26703" losttest="2" iotype="AI" name="Sensor26703_S" textname="test sensor 26703"/>
			<item id="26704" losttest="2" iotype="AI" name="Sensor26704_S" textname="test sensor 26704"/>
			<item id="26705" losttest="2" iotype="AI" name="Sensor26705_S" textname="test sensor 26705"/>
			<item id="26706" losttest="2" iotype="AI" name="Sensor26706_S" textname="test sensor 26706"/>
			<item id="26707" losttest="2" iotype="AI" name="Sensor26707_S" textname="test sensor 26707"/>
			<item id="26708" losttest="2" iotype="AI" name="Sensor26708_S" textname="test sensor 26708"/>
			<item id="26709" losttest="2" iotype="AI" name="Sensor26709_S" textname="test sensor 26709"/>
			<item id="26710" losttest="2" iotype="AI" name="Sensor26710_S" textname="test sensor 26710"/>
			<item id="26711" losttest="2" iotype="AI" name="Sensor26711_S" textname="test sensor 26711"/>
			<item id="26712" losttest="2" iotype="AI" name="Sensor26712_S" textname="test sensor 26712"/>
			<item id="26713" losttest="2" iotype="AI" name="Sensor26713_S" textname="test sensor 26713"/>
			<item id="26714" losttest="2" iotype="AI" name="Sensor26714_S" textname="test sensor 26714"/>
			<item id="26715" losttest="2" iotype="AI" name="Sensor26715_S" textname="test sensor 26715"/>
			<item id="26716" losttest="2" iotype="AI" name="Sensor26716_S" textname="test sensor 26716"/>
			<item id="26717" losttest="2" iotype="AI" name="Sensor26717_S" textname="test sensor 26717"/>
			<item id="26718" losttest="2" iotype="AI" name="Sensor26718_S" textname="test sensor 26718"/>
			<item id="26719" losttest="2" iotype="AI" name="Sensor26719_S" textname="test sensor 26719"/>
			<item id="26720" losttest="2" iotype="AI" name="Sensor26720_S" textname="test sensor 26720"/>
			<item id="26721" losttest="2" iotype="AI" name="Sensor26721_S" textname="test sensor 26721"/>
			<item id="26722" losttest="2" iotype="AI" name="Sensor26722_S" textname="test sensor 26722"/>
			<item id="26723" losttest="2" iotype="AI" name="Sensor26723_S" textname="test sensor 26723"/>
			<item id="26724" losttest="2" iotype="AI" name="Sensor26724_S" textname="test sensor 26724"/>
			<item id="26725" losttest="2" iotype="AI" name="Sensor26725_S" textname="test sensor 26725"/>
			<item id="26726" losttest="2" iotype="AI" name="Sensor26726_S" textname="test sensor 26726"/>
			<item id="26727" losttest="2" iotype="AI" name="Sensor26727_S" textname="test sensor 26727"/>
			<item id="26728" losttest="2" iotype="AI" name="Sensor26728_S" textname="test sensor 26728"/>
			<item id="26729" losttest="2" iotype="AI" name="Sensor26729_S" textname="test sensor 26729"/>
			<item id="26730" losttest="2" iotype="AI" name="Sensor26730_S" textname="test sensor 26730"/>
			<item id="26731" losttest="2" iotype="AI" name="Sensor26731_S" textname="test sensor 26731"/>
			<item id="26732" losttest="2" iotype="AI" name="Sensor26732_S" textname="test sensor 26732"/>
			<item id="26733" losttest="2" iotype="AI" name="Sensor26733_S" textname="test sensor 26733"/>
			<item id="26734" losttest="2" iotype="AI" name="Sensor26734_S" textname="test sensor 26734"/>
			<item id="26735" losttest="2" iotype="AI" name="Sensor26735_S" textname="test sensor 26735"/>
			<item id="26736" losttest="2" iotype="AI" name="Sensor26736_S" textname="test sensor 26736"/>
			<item id="26737" losttest="2" iotype="AI" name="Sensor26737_S" textname="test sensor 26737"/>
			<item id="26738" losttest="2" iotype="AI" name="Sensor26738_S" textname="test sensor 26738"/>
			<item id="26739" losttest="2" iotype="AI" name="Sensor26739_S" textname="test sensor 26739"/>
			<item id="26740" losttest="2" iotype="AI" name="Sensor26740_S" textname="test sensor 26740"/>
			<item id="26741" losttest="2" iotype="AI" name="Sensor26741_S" textname="test sensor 26741"/>
			<item id="26742" losttest="2" iotype="AI" name="Sensor26742_S" textname="test sensor 26742"/>
			<item id="26743" losttest="2" iotype="AI" name="Sensor26743_S" textname="test sensor 26743"/>
			<item id="26744" losttest="2" iotype="AI" name="Sensor26744_S" textname="test sensor 26744"/>
			<item id="26745" losttest="2" iotype="AI" name="Sensor26745_S" textname="test sensor 26745"/>
			<item id="26746" losttest="2" iotype="AI" name="Sensor26746_S" textname="test sensor 26746"/>
			<item id="26747" losttest="2" iotype="AI" name="Sensor26747_S" textname="test sensor 26747"/>
			<item id="26748" losttest="2" iotype="AI" name="Sensor26748_S" textname="test sensor 26748"/>
			<item id="26749" losttest="2" iotype="AI" name="Sensor26749_S" textname="test sensor 26749"/>
			<item id="26750" losttest="2" iotype="AI" name="Sensor26750_S" textname="test sensor 26750"/>
			<item id="26751" losttest="2" iotype="AI" name="Sensor26751_S" textname="test sensor 26751"/>
			<item id="26752" losttest="2" iotype="AI" name="Sensor26752_S" textname="test sensor 26752"/>
			<item id="26753" losttest="2" iotype="AI" name="Sensor26753_S" textname="test sensor 26753"/>
			<item id="26754" losttest="2" iotype="AI" name="Sensor26754_S" textname="test sensor 26754"/>
			<item id="26755" losttest="2" iotype="AI" name="Sensor26755_S" textname="test sensor 26755"/>
			<item id="26756" losttest="2" iotype="AI" name="Sensor26756_S" textname="test sensor 26756"/>
			<item id="26757" losttest="2" iotype="AI" name="Sensor26757_S" textname="test sensor 26757"/>
			<item id="26758" losttest="2" iotype="AI" name="Sensor26758_S" textname="test sensor 26758"/>
			<item id="26759" losttest="2" iotype="AI" name="Sensor26759_S" textname="test sensor 26759"/>
			<item id="26760" losttest="2" iotype="AI" name="Sensor26760_S" textname="test sensor 26760"/>
			<item id="26761" losttest="2" iotype="AI" name="Sensor26761_S" textname="test sensor 26761"/>
			<item id="26762" losttest="2" iotype="AI" name="Sensor26762_S" textname="test sensor 26762"/>
			<item id="26763" losttest="2" iotype="AI" name="Sensor26763_S" textname="test sensor 26763"/>
			<item id="26764" losttest="2" iotype="AI" name="Sensor26764_S" textname="test sensor 26764"/>
			<item id="26765" losttest="2" iotype="AI" name="Sensor26765_S" textname="test sensor 26765"/>
			<item id="26766" losttest="2" iotype="AI" name="Sensor26766_S" textname="test sensor 26766"/>
			<item id="26767" losttest="2" iotype="AI" name="Sensor26767_S" textname="test sensor 26767"/>
			<item id="26768" losttest="2" iotype="AI" name="Sensor26768_S" textname="test sensor 26768"/>
			<item id="26769" losttest="2" iotype="AI" name="Sensor26769_S" textname="test sensor 26769"/>
			<item id="26770" losttest="2" iotype="AI" name="Sensor26770_S" textname="test sensor 26770"/>
			<item id="26771" losttest="2" iotype="AI" name="Sensor26771_S" textname="test sensor 26771"/>
			<item id="26772" losttest="2" iotype="AI" name="Sensor26772_S" textname="test sensor 26772"/>
			<item id="26773" losttest="2" iotype="AI" name="Sensor26773_S" textname="test sensor 26773"/>
			<item id="26774" losttest="2" iotype="AI" name="Sensor26774_S" textname="test sensor 26774"/>
			<item id="26775" losttest="2" iotype="AI" name="Sensor26775_S" textname="test sensor 26775"/>
			<item id="26776" losttest="2" iotype="AI" name="Sensor26776_S" textname="test sensor 26776"/>
			<item id="26777" losttest="2" iotype="AI" name="Sensor26777_S" textname="test sensor 26777"/>
			<item id="26778" losttest="2" iotype="AI" name="Sensor26778_S" textname="test sensor 26778"/>
			<item id="26779" losttest="2" iotype="AI" name="Sensor26779_S" textname="test sensor 26779"/>
			<item id="26780" losttest="2" iotype="AI" name="Sensor26780_S" textname="test sensor 26780"/>
			<item id="26781" losttest="2" iotype="AI" name="Sensor26781_S" textname="test sensor 26781"/>
			<item id="26782" losttest="2" iotype="AI" name="Sensor26782_S" textname="test sensor 26782"/>
			<item id="26783" losttest="2" iotype="AI" name="Sensor26783_S" textname="test sensor 26783"/>
			<item id="26784" losttest="2" iotype="AI" name="Sensor26784_S" textname="test sensor 26784"/>
			<item id="26785" losttest="2" iotype="AI" name="Sensor26785_S" textname="test sensor 26785"/>
			<item id="26786" losttest="2" iotype="AI" name="Sensor26786_S" textname="test sensor 26786"/>
			<item id="26787" losttest="2" iotype="AI" name="Sensor26787_S" textname="test sensor 26787"/>
			<item id="26788" losttest="2" iotype="AI" name="Sensor26788_S" textname="test sensor 26788"/>
			<item id="26789" losttest="2" iotype="AI" name="Sensor26789_S" textname="test sensor 26789"/>
			<item id="26790" losttest="2" iotype="AI" name="Sensor26790_S" textname="test sensor 26790"/>
			<item id="26791" losttest="2" iotype="AI" name="Sensor26791_S" textname="test sensor 26791"/>
			<item id="26792" losttest="2" iotype="AI" name="Sensor26792_S" textname="test sensor 26792"/>
			<item id="26793" losttest="2" iotype="AI" name="Sensor26793_S" textname="test sensor 26793"/>
			<item id="26794" losttest="2" iotype="AI" name="Sensor26794_S" textname="test sensor 26794"/>
			<item id="26795" losttest="2" iotype="AI" name="Sensor26795_S" textname="test sensor 26795"/>
			<item id="26796" losttest="2" iotype="AI" name="Sensor26796_S" textname="test sensor 26796"/>
			<item id="26797" losttest="2" iotype="AI" name="Sensor26797_S" textname="test sensor 26797"/>
			<item id="26798" losttest="2" iotype="AI" name="Sensor26798_S" textname="test sensor 26798"/>
			<item id="26799" losttest="2" iotype="AI" name="Sensor26799_S" textname="test sensor 26799"/>
			<item id="26800" losttest="2" iotype="AI" name="Sensor26800_S" textname="test sensor 26800"/>
			<item id="26801" losttest="2" iotype="AI" name="Sensor26801_S" textname="test sensor 26801"/>
			<item id="26802" losttest="2" iotype="AI" name="Sensor26802_S" textname="test sensor 26802"/>
			<item id="26803" losttest="2" iotype="AI" name="Sensor26803_S" textname="test sensor 26803"/>
			<item id="26804" losttest="2" iotype="AI" name="Sensor26804_S" textname="test sensor 26804"/>
			<item id="26805" losttest="2" iotype="AI" name="Sensor26805_S" textname="test sensor 26805"/>
			<item id="26806" losttest="2" iotype="AI" name="Sensor26806_S" textname="test sensor 26806"/>
			<item id="26807" losttest="2" iotype="AI" name="Sensor26807_S" textname="test sensor 26807"/>
			<item id="26808" losttest="2" iotype="AI" name="Sensor26808_S" textname="test sensor 26808"/>
			<item id="26809" losttest="2" iotype="AI" name="Sensor26809_S" textname="test sensor 26809"/>
			<item id="26810" losttest="2" iotype="AI" name="Sensor26810_S" textname="test sensor 26810"/>
			<item id="26811" losttest="2" iotype="AI" name="Sensor26811_S" textname="test sensor 26811"/>
			<item id="26812" losttest="2" iotype="AI" name="Sensor26812_S" textname="test sensor 26812"/>
			<item id="26813" losttest="2" iotype="AI" name="Sensor26813_S" textname="test sensor 26813"/>
			<item id="26814" losttest="2" iotype="AI" name="Sensor26814_S" textname="test sensor 26814"/>
			<item id="26815" losttest="2" iotype="AI" name="Sensor26815_S" textname="test sensor 26815"/>
			<item id="26816" losttest="2" iotype="AI" name="Sensor26816_S" textname="test sensor 26816"/>
			<item id="26817" losttest="2" iotype="AI" name="Sensor26817_S" textname="test sensor 26817"/>
			<item id="26818" losttest="2" iotype="AI" name="Sensor26818_S" textname="test sensor 26818"/>
			<item id="26819" losttest="2" iotype="AI" name="Sensor26819_S" textname="test sensor 26819"/>
			<item id="26820" losttest="2" iotype="AI" name="Sensor26820_S" textname="test sensor 26820"/>
			<item id="26821" losttest="2" iotype="AI" name="Sensor26821_S" textname="test sensor 26821"/>
			<item id="26822" losttest="2" iotype="AI" name="Sensor26822_S" textname="test sensor 26822"/>
			<item id="26823" losttest="2" iotype="AI" name="Sensor26823_S" textname="test sensor 26823"/>
			<item id="26824" losttest="2" iotype="AI" name="Sensor26824_S" textname="test sensor 26824"/>
			<item id="26825" losttest="2" iotype="AI" name="Sensor26825_S" textname="test sensor 26825"/>
			<item id="26826" losttest="2" iotype="AI" name="Sensor26826_S" textname="test sensor 26826"/>
			<item id="26827" losttest="2" iotype="AI" name="Sensor26827_S" textname="test sensor 26827"/>
			<item id="26828" losttest="2" iotype="AI" name="Sensor26828_S" textname="test sensor 26828"/>
			<item id="26829" losttest="2" iotype="AI" name="Sensor26829_S" textname="test sensor 26829"/>
			<item id="26830" losttest="2" iotype="AI" name="Sensor26830_S" textname="test sensor 26830"/>
			<item id="26831" losttest="2" iotype="AI" name="Sensor26831_S" textname="test sensor 26831"/>
			<item id="26832" losttest="2" iotype="AI" name="Sensor26832_S" textname="test sensor 26832"/>
			<item id="26833" losttest="2" iotype="AI" name="Sensor26833_S" textname="test sensor 26833"/>
			<item id="26834" losttest="2" iotype="AI" name="Sensor26834_S" textname="test sensor 26834"/>
			<item id="26835" losttest="2" iotype="AI" name="Sensor26835_S" textname="test sensor 26835"/>
			<item id="26836" losttest="2" iotype="AI" name="Sensor26836_S" textname="test sensor 26836"/>
			<item id="26837" losttest="2" iotype="AI" name="Sensor26837_S" textname="test sensor 26837"/>
			<item id="26838" losttest="2" iotype="AI" name="Sensor26838_S" textname="test sensor 26838"/>
			<item id="26839" losttest="2" iotype="AI" name="Sensor26839_S" textname="test sensor 26839"/>
			<item id="26840" losttest="2" iotype="AI" name="Sensor26840_S" textname="test sensor 26840"/>
			<item id="26841" losttest="2" iotype="AI" name="Sensor26841_S" textname="test sensor 26841"/>
			<item id="26842" losttest="2" iotype="AI" name="Sensor26842_S" textname="test sensor 26842"/>
			<item id="26843" losttest="2" iotype="AI" name="Sensor26843_S" textname="test sensor 26843"/>
			<item id="26844" losttest="2" iotype="AI" name="Sensor26844_S" textname="test sensor 26844"/>
			<item id="26845" losttest="2" iotype="AI" name="Sensor26845_S" textname="test sensor 26845"/>
			<item id="26846" losttest="2" iotype="AI" name="Sensor26846_S" textname="test sensor 26846"/>
			<item id="26847" losttest="2" iotype="AI" name="Sensor26847_S" textname="test sensor 26847"/>
			<item id="26848" losttest="2" iotype="AI" name="Sensor26848_S" textname="test sensor 26848"/>
			<item id="26849" losttest="2" iotype="AI" name="Sensor26849_S" textname="test sensor 26849"/>
			<item id="26850" losttest="2" iotype="AI" name="Sensor26850_S" textname="test sensor 26850"/>
			<item id="26851" losttest="2" iotype="AI" name="Sensor26851_S" textname="test sensor 26851"/>
			<item id="26852" losttest="2" iotype="AI" name="Sensor26852_S" textname="test sensor 26852"/>
			<item id="26853" losttest="2" iotype="AI" name="Sensor26853_S" textname="test sensor 26853"/>
			<item id="26854" losttest="2" iotype="AI" name="Sensor26854_S" textname="test sensor 26854"/>
			<item id="26855" losttest="2" iotype="AI" name="Sensor26855_S" textname="test sensor 26855"/>
			<item id="26856" losttest="2" iotype="AI" name="Sensor26856_S" textname="test sensor 26856"/>
			<item id="26857" losttest="2" iotype="AI" name="Sensor26857_S" textname="test sensor 26857"/>
			<item id="26858" losttest="2" iotype="AI" name="Sensor26858_S" textname="test sensor 26858"/>
			<item id="26859" losttest="2" iotype="AI" name="Sensor26859_S" textname="test sensor 26859"/>
			<item id="26860" losttest="2" iotype="AI" name="Sensor26860_S" textname="test sensor 26860"/>
			<item id="26861" losttest="2" iotype="AI" name="Sensor26861_S" textname="test sensor 26861"/>
			<item id="26862" losttest="2" iotype="AI" name="Sensor26862_S" textname="test sensor 26862"/>
			<item id="26863" losttest="2" iotype="AI" name="Sensor26863_S" textname="test sensor 26863"/>
			<item id="26864" losttest="2" iotype="AI" name="Sensor26864_S" textname="test sensor 26864"/>
			<item id="26865" losttest="2" iotype="AI" name="Sensor26865_S" textname="test sensor 26865"/>
			<item id="26866" losttest="2" iotype="AI" name="Sensor26866_S" textname="test sensor 26866"/>
			<item id="26867" losttest="2" iotype="AI" name="Sensor26867_S" textname="test sensor 26867"/>
			<item id="26868" losttest="2" iotype="AI" name="Sensor26868_S" textname="test sensor 26868"/>
			<item id="26869" losttest="2" iotype="AI" name="Sensor26869_S" textname="test sensor 26869"/>
			<item id="26870" losttest="2" iotype="AI" name="Sensor26870_S" textname="test sensor 26870"/>
			<item id="26871" losttest="2" iotype="AI" name="Sensor26871_S" textname="test sensor 26871"/>
			<item id="26872" losttest="2" iotype="AI" name="Sensor26872_S" textname="test sensor 26872"/>
			<item id="26873" losttest="2" iotype="AI" name="Sensor26873_S" textname="test sensor 26873"/>
			<item id="26874" losttest="2" iotype="AI" name="Sensor26874_S" textname="test sensor 26874"/>
			<item id="26875" losttest="2" iotype="AI" name="Sensor26875_S" textname="test sensor 26875"/>
			<item id="26876" losttest="2" iotype="AI" name="Sensor26876_S" textname="test sensor 26876"/>
			<item id="26877" losttest="2" iotype="AI" name="Sensor26877_S" textname="test sensor 26877"/>
			<item id="26878" losttest="2" iotype="AI" name="Sensor26878_S" textname="test sensor 26878"/>
			<item id="26879" losttest="2" iotype="AI" name="Sensor26879_S" textname="test sensor 26879"/>
			<item id="26880" losttest="2" iotype="AI" name="Sensor26880_S" textname="test sensor 26880"/>
			<item id="26881" losttest="2" iotype="AI" name="Sensor26881_S" textname="test sensor 26881"/>
			<item id="26882" losttest="2" iotype="AI" name="Sensor26882_S" textname="test sensor 26882"/>
			<item id="26883" losttest="2" iotype="AI" name="Sensor26883_S" textname="test sensor 26883"/>
			<item id="26884" losttest="2" iotype="AI" name="Sensor26884_S" textname="test sensor 26884"/>
			<item id="26885" losttest="2" iotype="AI" name="Sensor26885_S" textname="test sensor 26885"/>
			<item id="26886" losttest="2" iotype="AI" name="Sensor26886_S" textname="test sensor 26886"/>
			<item id="26887" losttest="2" iotype="AI" name="Sensor26887_S" textname="test sensor 26887"/>
			<item id="26888" losttest="2" iotype="AI" name="Sensor26888_S" textname="test sensor 26888"/>
			<item id="26889" losttest="2" iotype="AI" name="Sensor26889_S" textname="test sensor 26889"/>
			<item id="26890" losttest="2" iotype="AI" name="Sensor26890_S" textname="test sensor 26890"/>
			<item id="26891" losttest="2" iotype="AI" name="Sensor26891_S" textname="test sensor 26891"/>
			<item id="26892" losttest="2" iotype="AI" name="Sensor26892_S" textname="test sensor 26892"/>
			<item id="26893" losttest="2" iotype="AI" name="Sensor26893_S" textname="test sensor 26893"/>
			<item id="26894" losttest="2" iotype="AI" name="Sensor26894_S" textname="test sensor 26894"/>
			<item id="26895" losttest="2" iotype="AI" name="Sensor26895_S" textname="test sensor 26895"/>
			<item id="26896" losttest="2" iotype="AI" name="Sensor26896_S" textname="test sensor 26896"/>
			<item id="26897" losttest="2" iotype="AI" name="Sensor26897_S" textname="test sensor 26897"/>
			<item id="26898" losttest="2" iotype="AI" name="Sensor26898_S" textname="test sensor 26898"/>
			<item id="26899" losttest="2" iotype="AI" name="Sensor26899_S" textname="test sensor 26899"/>
			<item id="26900" losttest="2" iotype="AI" name="Sensor26900_S" textname="test sensor 26900"/>
			<item id="26901" losttest="2" iotype="AI" name="Sensor26901_S" textname="test sensor 26901"/>
			<item id="26902" losttest="2" iotype="AI" name="Sensor26902_S" textname="test sensor 26902"/>
			<item id="26903" losttest="2" iotype="AI" name="Sensor26903_S" textname="test sensor 26903"/>
			<item id="26904" losttest="2" iotype="AI" name="Sensor26904_S" textname="test sensor 26904"/>
			<item id="26905" losttest="2" iotype="AI" name="Sensor26905_S" textname="test sensor 26905"/>
			<item id="26906" losttest="2" iotype="AI" name="Sensor26906_S" textname="test sensor 26906"/>
			<item id="26907" losttest="2" iotype="AI" name="Sensor26907_S" textname="test sensor 26907"/>
			<item id="26908" losttest="2" iotype="AI" name="Sensor26908_S" textname="test sensor 26908"/>
			<item id="26909" losttest="2" iotype="AI" name="Sensor26909_S" textname="test sensor 26909"/>
			<item id="26910" losttest="2" iotype="AI" name="Sensor26910_S" textname="test sensor 26910"/>
			<item id="26911" losttest="2" iotype="AI" name="Sensor26911_S" textname="test sensor 26911"/>
			<item id="26912" losttest="2" iotype="AI" name="Sensor26912_S" textname="test sensor 26912"/>
			<item id="26913" losttest="2" iotype="AI" name="Sensor26913_S" textname="test sensor 26913"/>
			<item id="26914" losttest="2" iotype="AI" name="Sensor26914_S" textname="test sensor 26914"/>
			<item id="26915" losttest="2" iotype="AI" name="Sensor26915_S" textname="test sensor 26915"/>
			<item id="26916" losttest="2" iotype="AI" name="Sensor26916_S" textname="test sensor 26916"/>
			<item id="26917" losttest="2" iotype="AI" name="Sensor26917_S" textname="test sensor 26917"/>
			<item id="26918" losttest="2" iotype="AI" name="Sensor26918_S" textname="test sensor 26918"/>
			<item id="26919" losttest="2" iotype="AI" name="Sensor26919_S" textname="test sensor 26919"/>
			<item id="26920" losttest="2" iotype="AI" name="Sensor26920_S" textname="test sensor 26920"/>
			<item id="26921" losttest="2" iotype="AI" name="Sensor26921_S" textname="test sensor 26921"/>
			<item id="26922" losttest="2" iotype="AI" name="Sensor26922_S" textname="test sensor 26922"/>
			<item id="26923" losttest="2" iotype="AI" name="Sensor26923_S" textname="test sensor 26923"/>
			<item id="26924" losttest="2" iotype="AI" name="Sensor26924_S" textname="test sensor 26924"/>
			<item id="26925" losttest="2" iotype="AI" name="Sensor26925_S" textname="test sensor 26925"/>
			<item id="26926" losttest="2" iotype="AI" name="Sensor26926_S" textname="test sensor 26926"/>
			<item id="26927" losttest="2" iotype="AI" name="Sensor26927_S" textname="test sensor 26927"/>
			<item id="26928" losttest="2" iotype="AI" name="Sensor26928_S" textname="test sensor 26928"/>
			<item id="26929" losttest="2" iotype="AI" name="Sensor26929_S" textname="test sensor 26929"/>
			<item id="26930" losttest="2" iotype="AI" name="Sensor26930_S" textname="test sensor 26930"/>
			<item id="26931" losttest="2" iotype="AI" name="Sensor26931_S" textname="test sensor 26931"/>
			<item id="26932" losttest="2" iotype="AI" name="Sensor26932_S" textname="test sensor 26932"/>
			<item id="26933" losttest="2" iotype="AI" name="Sensor26933_S" textname="test sensor 26933"/>
			<item id="26934" losttest="2" iotype="AI" name="Sensor26934_S" textname="test sensor 26934"/>
			<item id="26935" losttest="2" iotype="AI" name="Sensor26935_S" textname="test sensor 26935"/>
			<item id="26936" losttest="2" iotype="AI" name="Sensor26936_S" textname="test sensor 26936"/>
			<item id="26937" losttest="2" iotype="AI" name="Sensor26937_S" textname="test sensor 26937"/>
			<item id="26938" losttest="2" iotype="AI" name="Sensor26938_S" textname="test sensor 26938"/>
			<item id="26939" losttest="2" iotype="AI" name="Sensor26939_S" textname="test sensor 26939"/>
			<item id="26940" losttest="2" iotype="AI" name="Sensor26940_S" textname="test sensor 26940"/>
			<item id="26941" losttest="2" iotype="AI" name="Sensor26941_S" textname="test sensor 26941"/>
			<item id="26942" losttest="2" iotype="AI" name="Sensor26942_S" textname="test sensor 26942"/>
			<item id="26943" losttest="2" iotype="AI" name="Sensor26943_S" textname="test sensor 26943"/>
			<item id="26944" losttest="2" iotype="AI" name="Sensor26944_S" textname="test sensor 26944"/>
			<item id="26945" losttest="2" iotype="AI" name="Sensor26945_S" textname="test sensor 26945"/>
			<item id="26946" losttest="2" iotype="AI" name="Sensor26946_S" textname="test sensor 26946"/>
			<item id="26947" losttest="2" iotype="AI" name="Sensor26947_S" textname="test sensor 26947"/>
			<item id="26948" losttest="2" iotype="AI" name="Sensor26948_S" textname="test sensor 26948"/>
			<item id="26949" losttest="2" iotype="AI" name="Sensor26949_S" textname="test sensor 26949"/>
			<item id="26950" losttest="2" iotype="AI" name="Sensor26950_S" textname="test sensor 26950"/>
			<item id="26951" losttest="2" iotype="AI" name="Sensor26951_S" textname="test sensor 26951"/>
			<item id="26952" losttest="2" iotype="AI" name="Sensor26952_S" textname="test sensor 26952"/>
			<item id="26953" losttest="2" iotype="AI" name="Sensor26953_S" textname="test sensor 26953"/>
			<item id="26954" losttest="2" iotype="AI" name="Sensor26954_S" textname="test sensor 26954"/>
			<item id="26955" losttest="2" iotype="AI" name="Sensor26955_S" textname="test sensor 26955"/>
			<item id="26956" losttest="2" iotype="AI" name="Sensor26956_S" textname="test sensor 26956"/>
			<item id="26957" losttest="2" iotype="AI" name="Sensor26957_S" textname="test sensor 26957"/>
			<item id="26958" losttest="2" iotype="AI" name="Sensor26958_S" textname="test sensor 26958"/>
			<item id="26959" losttest="2" iotype="AI" name="Sensor26959_S" textname="test sensor 26959"/>
			<item id="26960" losttest="2" iotype="AI" name="Sensor26960_S" textname="test sensor 26960"/>
			<item id="26961" losttest="2" iotype="AI" name="Sensor26961_S" textname="test sensor 26961"/>
			<item id="26962" losttest="2" iotype="AI" name="Sensor26962_S" textname="test sensor 26962"/>
			<item id="26963" losttest="2" iotype="AI" name="Sensor26963_S" textname="test sensor 26963"/>
			<item id="26964" losttest="2" iotype="AI" name="Sensor26964_S" textname="test sensor 26964"/>
			<item id="26965" losttest="2" iotype="AI" name="Sensor26965_S" textname="test sensor 26965"/>
			<item id="26966" losttest="2" iotype="AI" name="Sensor26966_S" textname="test sensor 26966"/>
			<item id="26967" losttest="2" iotype="AI" name="Sensor26967_S" textname="test sensor 26967"/>
			<item id="26968" losttest="2" iotype="AI" name="Sensor26968_S" textname="test sensor 26968"/>
			<item id="26969" losttest="2" iotype="AI" name="Sensor26969_S" textname="test sensor 26969"/>
			<item id="26970" losttest="2" iotype="AI" name="Sensor26970_S" textname="test sensor 26970"/>
			<item id="26971" losttest="2" iotype="AI" name="Sensor26971_S" textname="test sensor 26971"/>
			<item id="26972" losttest="2" iotype="AI" name="Sensor26972_S" textname="test sensor 26972"/>
			<item id="26973" losttest="2" iotype="AI" name="Sensor26973_S" textname="test sensor 26973"/>
			<item id="26974" losttest="2" iotype="AI" name="Sensor26974_S" textname="test sensor 26974"/>
			<item id="26975" losttest="2" iotype="AI" name="Sensor26975_S" textname="test sensor 26975"/>
			<item id="26976" losttest="2" iotype="AI" name="Sensor26976_S" textname="test sensor 26976"/>
			<item id="26977" losttest="2" iotype="AI" name="Sensor26977_S" textname="test sensor 26977"/>
			<item id="26978" losttest="2" iotype="AI" name="Sensor26978_S" textname="test sensor 26978"/>
			<item id="26979" losttest="2" iotype="AI" name="Sensor26979_S" textname="test sensor 26979"/>
			<item id="26980" losttest="2" iotype="AI" name="Sensor26980_S" textname="test sensor 26980"/>
			<item id="26981" losttest="2" iotype="AI" name="Sensor26981_S" textname="test sensor 26981"/>
			<item id="26982" losttest="2" iotype="AI" name="Sensor26982_S" textname="test sensor 26982"/>
			<item id="26983" losttest="2" iotype="AI" name="Sensor26983_S" textname="test sensor 26983"/>
			<item id="26984" losttest="2" iotype="AI" name="Sensor26984_S" textname="test sensor 26984"/>
			<item id="26985" losttest="2" iotype="AI" name="Sensor26985_S" textname="test sensor 26985"/>
			<item id="26986" losttest="2" iotype="AI" name="Sensor26986_S" textname="test sensor 26986"/>
			<item id="26987" losttest="2" iotype="AI" name="Sensor26987_S" textname="test sensor 26987"/>
			<item id="26988" losttest="2" iotype="AI" name="Sensor26988_S" textname="test sensor 26988"/>
			<item id="26989" losttest="2" iotype="AI" name="Sensor26989_S" textname="test sensor 26989"/>
			<item id="26990" losttest="2" iotype="AI" name="Sensor26990_S" textname="test sensor 26990"/>
			<item id="26991" losttest="2" iotype="AI" name="Sensor26991_S" textname="test sensor 26991"/>
			<item id="26992" losttest="2" iotype="AI" name="Sensor26992_S" textname="test sensor 26992"/>
			<item id="26993" losttest="2" iotype="AI" name="Sensor26993_S" textname="test sensor 26993"/>
			<item id="26994" losttest="2" iotype="AI" name="Sensor26994_S" textname="test sensor 26994"/>
			<item id="26995" losttest="2" iotype="AI" name="Sensor26995_S" textname="test sensor 26995"/>
			<item id="26996" losttest="2" iotype="AI" name="Sensor26996_S" textname="test sensor 26996"/>
			<item id="26997" losttest="2" iotype="AI" name="Sensor26997_S" textname="test sensor 26997"/>
			<item id="26998" losttest="2" iotype="AI" name="Sensor26998_S" textname="test sensor 26998"/>
			<item id="26999" losttest="2" iotype="AI" name="Sensor26999_S" textname="test sensor 26999"/>
			<item id="27000" losttest="2" iotype="AI" name="Sensor27000_S" textname="test sensor 27000"/>
			<item id="27001" losttest="2" iotype="AI" name="Sensor27001_S" textname="test sensor 27001"/>
			<item id="27002" losttest="2" iotype="AI" name="Sensor27002_S" textname="test sensor 27002"/>
			<item id="27003" losttest="2" iotype="AI" name="Sensor27003_S" textname="test sensor 27003"/>
			<item id="27004" losttest="2" iotype="AI" name="Sensor27004_S" textname="test sensor 27004"/>
			<item id="27005" losttest="2" iotype="AI" name="Sensor27005_S" textname="test sensor 27005"/>
			<item id="27006" losttest="2" iotype="AI" name="Sensor27006_S" textname="test sensor 27006"/>
			<item id="27007" losttest="2" iotype="AI" name="Sensor27007_S" textname="test sensor 27007"/>
			<item id="27008" losttest="2" iotype="AI" name="Sensor27008_S" textname="test sensor 27008"/>
			<item id="27009" losttest="2" iotype="AI" name="Sensor27009_S" textname="test sensor 27009"/>
			<item id="27010" losttest="2" iotype="AI" name="Sensor27010_S" textname="test sensor 27010"/>
			<item id="27011" losttest="2" iotype="AI" name="Sensor27011_S" textname="test sensor 27011"/>
			<item id="27012" losttest="2" iotype="AI" name="Sensor27012_S" textname="test sensor 27012"/>
			<item id="27013" losttest="2" iotype="AI" name="Sensor27013_S" textname="test sensor 27013"/>
			<item id="27014" losttest="2" iotype="AI" name="Sensor27014_S" textname="test sensor 27014"/>
			<item id="27015" losttest="2" iotype="AI" name="Sensor27015_S" textname="test sensor 27015"/>
			<item id="27016" losttest="2" iotype="AI" name="Sensor27016_S" textname="test sensor 27016"/>
			<item id="27017" losttest="2" iotype="AI" name="Sensor27017_S" textname="test sensor 27017"/>
			<item id="27018" losttest="2" iotype="AI" name="Sensor27018_S" textname="test sensor 27018"/>
			<item id="27019" losttest="2" iotype="AI" name="Sensor27019_S" textname="test sensor 27019"/>
			<item id="27020" losttest="2" iotype="AI" name="Sensor27020_S" textname="test sensor 27020"/>
			<item id="27021" losttest="2" iotype="AI" name="Sensor27021_S" textname="test sensor 27021"/>
			<item id="27022" losttest="2" iotype="AI" name="Sensor27022_S" textname="test sensor 27022"/>
			<item id="27023" losttest="2" iotype="AI" name="Sensor27023_S" textname="test sensor 27023"/>
			<item id="27024" losttest="2" iotype="AI" name="Sensor27024_S" textname="test sensor 27024"/>
			<item id="27025" losttest="2" iotype="AI" name="Sensor27025_S" textname="test sensor 27025"/>
			<item id="27026" losttest="2" iotype="AI" name="Sensor27026_S" textname="test sensor 27026"/>
			<item id="27027" losttest="2" iotype="AI" name="Sensor27027_S" textname="test sensor 27027"/>
			<item id="27028" losttest="2" iotype="AI" name="Sensor27028_S" textname="test sensor 27028"/>
			<item id="27029" losttest="2" iotype="AI" name="Sensor27029_S" textname="test sensor 27029"/>
			<item id="27030" losttest="2" iotype="AI" name="Sensor27030_S" textname="test sensor 27030"/>
			<item id="27031" losttest="2" iotype="AI" name="Sensor27031_S" textname="test sensor 27031"/>
			<item id="27032" losttest="2" iotype="AI" name="Sensor27032_S" textname="test sensor 27032"/>
			<item id="27033" losttest="2" iotype="AI" name="Sensor27033_S" textname="test sensor 27033"/>
			<item id="27034" losttest="2" iotype="AI" name="Sensor27034_S" textname="test sensor 27034"/>
			<item id="27035" losttest="2" iotype="AI" name="Sensor27035_S" textname="test sensor 27035"/>
			<item id="27036" losttest="2" iotype="AI" name="Sensor27036_S" textname="test sensor 27036"/>
			<item id="27037" losttest="2" iotype="AI" name="Sensor27037_S" textname="test sensor 27037"/>
			<item id="27038" losttest="2" iotype="AI" name="Sensor27038_S" textname="test sensor 27038"/>
			<item id="27039" losttest="2" iotype="AI" name="Sensor27039_S" textname="test sensor 27039"/>
			<item id="27040" losttest="2" iotype="AI" name="Sensor27040_S" textname="test sensor 27040"/>
			<item id="27041" losttest="2" iotype="AI" name="Sensor27041_S" textname="test sensor 27041"/>
			<item id="27042" losttest="2" iotype="AI" name="Sensor27042_S" textname="test sensor 27042"/>
			<item id="27043" losttest="2" iotype="AI" name="Sensor27043_S" textname="test sensor 27043"/>
			<item id="27044" losttest="2" iotype="AI" name="Sensor27044_S" textname="test sensor 27044"/>
			<item id="27045" losttest="2" iotype="AI" name="Sensor27045_S" textname="test sensor 27045"/>
			<item id="27046" losttest="2" iotype="AI" name="Sensor27046_S" textname="test sensor 27046"/>
			<item id="27047" losttest="2" iotype="AI" name="Sensor27047_S" textname="test sensor 27047"/>
			<item id="27048" losttest="2" iotype="AI" name="Sensor27048_S" textname="test sensor 27048"/>
			<item id="27049" losttest="2" iotype="AI" name="Sensor27049_S" textname="test sensor 27049"/>
			<item id="27050" losttest="2" iotype="AI" name="Sensor27050_S" textname="test sensor 27050"/>
			<item id="27051" losttest="2" iotype="AI" name="Sensor27051_S" textname="test sensor 27051"/>
			<item id="27052" losttest="2" iotype="AI" name="Sensor27052_S" textname="test sensor 27052"/>
			<item id="27053" losttest="2" iotype="AI" name="Sensor27053_S" textname="test sensor 27053"/>
			<item id="27054" losttest="2" iotype="AI" name="Sensor27054_S" textname="test sensor 27054"/>
			<item id="27055" losttest="2" iotype="AI" name="Sensor27055_S" textname="test sensor 27055"/>
			<item id="27056" losttest="2" iotype="AI" name="Sensor27056_S" textname="test sensor 27056"/>
			<item id="27057" losttest="2" iotype="AI" name="Sensor27057_S" textname="test sensor 27057"/>
			<item id="27058" losttest="2" iotype="AI" name="Sensor27058_S" textname="test sensor 27058"/>
			<item id="27059" losttest="2" iotype="AI" name="Sensor27059_S" textname="test sensor 27059"/>
			<item id="27060" losttest="2" iotype="AI" name="Sensor27060_S" textname="test sensor 27060"/>
			<item id="27061" losttest="2" iotype="AI" name="Sensor27061_S" textname="test sensor 27061"/>
			<item id="27062" losttest="2" iotype="AI" name="Sensor27062_S" textname="test sensor 27062"/>
			<item id="27063" losttest="2" iotype="AI" name="Sensor27063_S" textname="test sensor 27063"/>
			<item id="27064" losttest="2" iotype="AI" name="Sensor27064_S" textname="test sensor 27064"/>
			<item id="27065" losttest="2" iotype="AI" name="Sensor27065_S" textname="test sensor 27065"/>
			<item id="27066" losttest="2" iotype="AI" name="Sensor27066_S" textname="test sensor 27066"/>
			<item id="27067" losttest="2" iotype="AI" name="Sensor27067_S" textname="test sensor 27067"/>
			<item id="27068" losttest="2" iotype="AI" name="Sensor27068_S" textname="test sensor 27068"/>
			<item id="27069" losttest="2" iotype="AI" name="Sensor27069_S" textname="test sensor 27069"/>
			<item id="27070" losttest="2" iotype="AI" name="Sensor27070_S" textname="test sensor 27070"/>
			<item id="27071" losttest="2" iotype="AI" name="Sensor27071_S" textname="test sensor 27071"/>
			<item id="27072" losttest="2" iotype="AI" name="Sensor27072_S" textname="test sensor 27072"/>
			<item id="27073" losttest="2" iotype="AI" name="Sensor27073_S" textname="test sensor 27073"/>
			<item id="27074" losttest="2" iotype="AI" name="Sensor27074_S" textname="test sensor 27074"/>
			<item id="27075" losttest="2" iotype="AI" name="Sensor27075_S" textname="test sensor 27075"/>
			<item id="27076" losttest="2" iotype="AI" name="Sensor27076_S" textname="test sensor 27076"/>
			<item id="27077" losttest="2" iotype="AI" name="Sensor27077_S" textname="test sensor 27077"/>
			<item id="27078" losttest="2" iotype="AI" name="Sensor27078_S" textname="test sensor 27078"/>
			<item id="27079" losttest="2" iotype="AI" name="Sensor27079_S" textname="test sensor 27079"/>
			<item id="27080" losttest="2" iotype="AI" name="Sensor27080_S" textname="test sensor 27080"/>
			<item id="27081" losttest="2" iotype="AI" name="Sensor27081_S" textname="test sensor 27081"/>
			<item id="27082" losttest="2" iotype="AI" name="Sensor27082_S" textname="test sensor 27082"/>
			<item id="27083" losttest="2" iotype="AI" name="Sensor27083_S" textname="test sensor 27083"/>
			<item id="27084" losttest="2" iotype="AI" name="Sensor27084_S" textname="test sensor 27084"/>
			<item id="27085" losttest="2" iotype="AI" name="Sensor27085_S" textname="test sensor 27085"/>
			<item id="27086" losttest="2" iotype="AI" name="Sensor27086_S" textname="test sensor 27086"/>
			<item id="27087" losttest="2" iotype="AI" name="Sensor27087_S" textname="test sensor 27087"/>
			<item id="27088" losttest="2" iotype="AI" name="Sensor27088_S" textname="test sensor 27088"/>
			<item id="27089" losttest="2" iotype="AI" name="Sensor27089_S" textname="test sensor 27089"/>
			<item id="27090" losttest="2" iotype="AI" name="Sensor27090_S" textname="test sensor 27090"/>
			<item id="27091" losttest="2" iotype="AI" name="Sensor27091_S" textname="test sensor 27091"/>
			<item id="27092" losttest="2" iotype="AI" name="Sensor27092_S" textname="test sensor 27092"/>
			<item id="27093" losttest="2" iotype="AI" name="Sensor27093_S" textname="test sensor 27093"/>
			<item id="27094" losttest="2" iotype="AI" name="Sensor27094_S" textname="test sensor 27094"/>
			<item id="27095" losttest="2" iotype="AI" name="Sensor27095_S" textname="test sensor 27095"/>
			<item id="27096" losttest="2" iotype="AI" name="Sensor27096_S" textname="test sensor 27096"/>
			<item id="27097" losttest="2" iotype="AI" name="Sensor27097_S" textname="test sensor 27097"/>
			<item id="27098" losttest="2" iotype="AI" name="Sensor27098_S" textname="test sensor 27098"/>
			<item id="27099" losttest="2" iotype="AI" name="Sensor27099_S" textname="test sensor 27099"/>
			<item id="27100" losttest="2" iotype="AI" name="Sensor27100_S" textname="test sensor 27100"/>
			<item id="27101" losttest="2" iotype="AI" name="Sensor27101_S" textname="test sensor 27101"/>
			<item id="27102" losttest="2" iotype="AI" name="Sensor27102_S" textname="test sensor 27102"/>
			<item id="27103" losttest="2" iotype="AI" name="Sensor27103_S" textname="test sensor 27103"/>
			<item id="27104" losttest="2" iotype="AI" name="Sensor27104_S" textname="test sensor 27104"/>
			<item id="27105" losttest="2" iotype="AI" name="Sensor27105_S" textname="test sensor 27105"/>
			<item id="27106" losttest="2" iotype="AI" name="Sensor27106_S" textname="test sensor 27106"/>
			<item id="27107" losttest="2" iotype="AI" name="Sensor27107_S" textname="test sensor 27107"/>
			<item id="27108" losttest="2" iotype="AI" name="Sensor27108_S" textname="test sensor 27108"/>
			<item id="27109" losttest="2" iotype="AI" name="Sensor27109_S" textname="test sensor 27109"/>
			<item id="27110" losttest="2" iotype="AI" name="Sensor27110_S" textname="test sensor 27110"/>
			<item id="27111" losttest="2" iotype="AI" name="Sensor27111_S" textname="test sensor 27111"/>
			<item id="27112" losttest="2" iotype="AI" name="Sensor27112_S" textname="test sensor 27112"/>
			<item id="27113" losttest="2" iotype="AI" name="Sensor27113_S" textname="test sensor 27113"/>
			<item id="27114" losttest="2" iotype="AI" name="Sensor27114_S" textname="test sensor 27114"/>
			<item id="27115" losttest="2" iotype="AI" name="Sensor27115_S" textname="test sensor 27115"/>
			<item id="27116" losttest="2" iotype="AI" name="Sensor27116_S" textname="test sensor 27116"/>
			<item id="27117" losttest="2" iotype="AI" name="Sensor27117_S" textname="test sensor 27117"/>
			<item id="27118" losttest="2" iotype="AI" name="Sensor27118_S" textname="test sensor 27118"/>
			<item id="27119" losttest="2" iotype="AI" name="Sensor27119_S" textname="test sensor 27119"/>
			<item id="27120" losttest="2" iotype="AI" name="Sensor27120_S" textname="test sensor 27120"/>
			<item id="27121" losttest="2" iotype="AI" name="Sensor27121_S" textname="test sensor 27121"/>
			<item id="27122" losttest="2" iotype="AI" name="Sensor27122_S" textname="test sensor 27122"/>
			<item id="27123" losttest="2" iotype="AI" name="Sensor27123_S" textname="test sensor 27123"/>
			<item id="27124" losttest="2" iotype="AI" name="Sensor27124_S" textname="test sensor 27124"/>
			<item id="27125" losttest="2" iotype="AI" name="Sensor27125_S" textname="test sensor 27125"/>
			<item id="27126" losttest="2" iotype="AI" name="Sensor27126_S" textname="test sensor 27126"/>
			<item id="27127" losttest="2" iotype="AI" name="Sensor27127_S" textname="test sensor 27127"/>
			<item id="27128" losttest="2" iotype="AI" name="Sensor27128_S" textname="test sensor 27128"/>
			<item id="27129" losttest="2" iotype="AI" name="Sensor27129_S" textname="test sensor 27129"/>
			<item id="27130" losttest="2" iotype="AI" name="Sensor27130_S" textname="test sensor 27130"/>
			<item id="27131" losttest="2" iotype="AI" name="Sensor27131_S" textname="test sensor 27131"/>
			<item id="27132" losttest="2" iotype="AI" name="Sensor27132_S" textname="test sensor 27132"/>
			<item id="27133" losttest="2" iotype="AI" name="Sensor27133_S" textname="test sensor 27133"/>
			<item id="27134" losttest="2" iotype="AI" name="Sensor27134_S" textname="test sensor 27134"/>
			<item id="27135" losttest="2" iotype="AI" name="Sensor27135_S" textname="test sensor 27135"/>
			<item id="27136" losttest="2" iotype="AI" name="Sensor27136_S" textname="test sensor 27136"/>
			<item id="27137" losttest="2" iotype="AI" name="Sensor27137_S" textname="test sensor 27137"/>
			<item id="27138" losttest="2" iotype="AI" name="Sensor27138_S" textname="test sensor 27138"/>
			<item id="27139" losttest="2" iotype="AI" name="Sensor27139_S" textname="test sensor 27139"/>
			<item id="27140" losttest="2" iotype="AI" name="Sensor27140_S" textname="test sensor 27140"/>
			<item id="27141" losttest="2" iotype="AI" name="Sensor27141_S" textname="test sensor 27141"/>
			<item id="27142" losttest="2" iotype="AI" name="Sensor27142_S" textname="test sensor 27142"/>
			<item id="27143" losttest="2" iotype="AI" name="Sensor27143_S" textname="test sensor 27143"/>
			<item id="27144" losttest="2" iotype="AI" name="Sensor27144_S" textname="test sensor 27144"/>
			<item id="27145" losttest="2" iotype="AI" name="Sensor27145_S" textname="test sensor 27145"/>
			<item id="27146" losttest="2" iotype="AI" name="Sensor27146_S" textname="test sensor 27146"/>
			<item id="27147" losttest="2" iotype="AI" name="Sensor27147_S" textname="test sensor 27147"/>
			<item id="27148" losttest="2" iotype="AI" name="Sensor27148_S" textname="test sensor 27148"/>
			<item id="27149" losttest="2" iotype="AI" name="Sensor27149_S" textname="test sensor 27149"/>
			<item id="27150" losttest="2" iotype="AI" name="Sensor27150_S" textname="test sensor 27150"/>
			<item id="27151" losttest="2" iotype="AI" name="Sensor27151_S" textname="test sensor 27151"/>
			<item id="27152" losttest="2" iotype="AI" name="Sensor27152_S" textname="test sensor 27152"/>
			<item id="27153" losttest="2" iotype="AI" name="Sensor27153_S" textname="test sensor 27153"/>
			<item id="27154" losttest="2" iotype="AI" name="Sensor27154_S" textname="test sensor 27154"/>
			<item id="27155" losttest="2" iotype="AI" name="Sensor27155_S" textname="test sensor 27155"/>
			<item id="27156" losttest="2" iotype="AI" name="Sensor27156_S" textname="test sensor 27156"/>
			<item id="27157" losttest="2" iotype="AI" name="Sensor27157_S" textname="test sensor 27157"/>
			<item id="27158" losttest="2" iotype="AI" name="Sensor27158_S" textname="test sensor 27158"/>
			<item id="27159" losttest="2" iotype="AI" name="Sensor27159_S" textname="test sensor 27159"/>
			<item id="27160" losttest="2" iotype="AI" name="Sensor27160_S" textname="test sensor 27160"/>
			<item id="27161" losttest="2" iotype="AI" name="Sensor27161_S" textname="test sensor 27161"/>
			<item id="27162" losttest="2" iotype="AI" name="Sensor27162_S" textname="test sensor 27162"/>
			<item id="27163" losttest="2" iotype="AI" name="Sensor27163_S" textname="test sensor 27163"/>
			<item id="27164" losttest="2" iotype="AI" name="Sensor27164_S" textname="test sensor 27164"/>
			<item id="27165" losttest="2" iotype="AI" name="Sensor27165_S" textname="test sensor 27165"/>
			<item id="27166" losttest="2" iotype="AI" name="Sensor27166_S" textname="test sensor 27166"/>
			<item id="27167" losttest="2" iotype="AI" name="Sensor27167_S" textname="test sensor 27167"/>
			<item id="27168" losttest="2" iotype="AI" name="Sensor27168_S" textname="test sensor 27168"/>
			<item id="27169" losttest="2" iotype="AI" name="Sensor27169_S" textname="test sensor 27169"/>
			<item id="27170" losttest="2" iotype="AI" name="Sensor27170_S" textname="test sensor 27170"/>
			<item id="27171" losttest="2" iotype="AI" name="Sensor27171_S" textname="test sensor 27171"/>
			<item id="27172" losttest="2" iotype="AI" name="Sensor27172_S" textname="test sensor 27172"/>
			<item id="27173" losttest="2" iotype="AI" name="Sensor27173_S" textname="test sensor 27173"/>
			<item id="27174" losttest="2" iotype="AI" name="Sensor27174_S" textname="test sensor 27174"/>
			<item id="27175" losttest="2" iotype="AI" name="Sensor27175_S" textname="test sensor 27175"/>
			<item id="27176" losttest="2" iotype="AI" name="Sensor27176_S" textname="test sensor 27176"/>
			<item id="27177" losttest="2" iotype="AI" name="Sensor27177_S" textname="test sensor 27177"/>
			<item id="27178" losttest="2" iotype="AI" name="Sensor27178_S" textname="test sensor 27178"/>
			<item id="27179" losttest="2" iotype="AI" name="Sensor27179_S" textname="test sensor 27179"/>
			<item id="27180" losttest="2" iotype="AI" name="Sensor27180_S" textname="test sensor 27180"/>
			<item id="27181" losttest="2" iotype="AI" name="Sensor27181_S" textname="test sensor 27181"/>
			<item id="27182" losttest="2" iotype="AI" name="Sensor27182_S" textname="test sensor 27182"/>
			<item id="27183" losttest="2" iotype="AI" name="Sensor27183_S" textname="test sensor 27183"/>
			<item id="27184" losttest="2" iotype="AI" name="Sensor27184_S" textname="test sensor 27184"/>
			<item id="27185" losttest="2" iotype="AI" name="Sensor27185_S" textname="test sensor 27185"/>
			<item id="27186" losttest="2" iotype="AI" name="Sensor27186_S" textname="test sensor 27186"/>
			<item id="27187" losttest="2" iotype="AI" name="Sensor27187_S" textname="test sensor 27187"/>
			<item id="27188" losttest="2" iotype="AI" name="Sensor27188_S" textname="test sensor 27188"/>
			<item id="27189" losttest="2" iotype="AI" name="Sensor27189_S" textname="test sensor 27189"/>
			<item id="27190" losttest="2" iotype="AI" name="Sensor27190_S" textname="test sensor 27190"/>
			<item id="27191" losttest="2" iotype="AI" name="Sensor27191_S" textname="test sensor 27191"/>
			<item id="27192" losttest="2" iotype="AI" name="Sensor27192_S" textname="test sensor 27192"/>
			<item id="27193" losttest="2" iotype="AI" name="Sensor27193_S" textname="test sensor 27193"/>
			<item id="27194" losttest="2" iotype="AI" name="Sensor27194_S" textname="test sensor 27194"/>
			<item id="27195" losttest="2" iotype="AI" name="Sensor27195_S" textname="test sensor 27195"/>
			<item id="27196" losttest="2" iotype="AI" name="Sensor27196_S" textname="test sensor 27196"/>
			<item id="27197" losttest="2" iotype="AI" name="Sensor27197_S" textname="test sensor 27197"/>
			<item id="27198" losttest="2" iotype="AI" name="Sensor27198_S" textname="test sensor 27198"/>
			<item id="27199" losttest="2" iotype="AI" name="Sensor27199_S" textname="test sensor 27199"/>
			<item id="27200" losttest="2" iotype="AI" name="Sensor27200_S" textname="test sensor 27200"/>
			<item id="27201" losttest="2" iotype="AI" name="Sensor27201_S" textname="test sensor 27201"/>
			<item id="27202" losttest="2" iotype="AI" name="Sensor27202_S" textname="test sensor 27202"/>
			<item id="27203" losttest="2" iotype="AI" name="Sensor27203_S" textname="test sensor 27203"/>
			<item id="27204" losttest="2" iotype="AI" name="Sensor27204_S" textname="test sensor 27204"/>
			<item id="27205" losttest="2" iotype="AI" name="Sensor27205_S" textname="test sensor 27205"/>
			<item id="27206" losttest="2" iotype="AI" name="Sensor27206_S" textname="test sensor 27206"/>
			<item id="27207" losttest="2" iotype="AI" name="Sensor27207_S" textname="test sensor 27207"/>
			<item id="27208" losttest="2" iotype="AI" name="Sensor27208_S" textname="test sensor 27208"/>
			<item id="27209" losttest="2" iotype="AI" name="Sensor27209_S" textname="test sensor 27209"/>
			<item id="27210" losttest="2" iotype="AI" name="Sensor27210_S" textname="test sensor 27210"/>
			<item id="27211" losttest="2" iotype="AI" name="Sensor27211_S" textname="test sensor 27211"/>
			<item id="27212" losttest="2" iotype="AI" name="Sensor27212_S" textname="test sensor 27212"/>
			<item id="27213" losttest="2" iotype="AI" name="Sensor27213_S" textname="test sensor 27213"/>
			<item id="27214" losttest="2" iotype="AI" name="Sensor27214_S" textname="test sensor 27214"/>
			<item id="27215" losttest="2" iotype="AI" name="Sensor27215_S" textname="test sensor 27215"/>
			<item id="27216" losttest="2" iotype="AI" name="Sensor27216_S" textname="test sensor 27216"/>
			<item id="27217" losttest="2" iotype="AI" name="Sensor27217_S" textname="test sensor 27217"/>
			<item id="27218" losttest="2" iotype="AI" name="Sensor27218_S" textname="test sensor 27218"/>
			<item id="27219" losttest="2" iotype="AI" name="Sensor27219_S" textname="test sensor 27219"/>
			<item id="27220" losttest="2" iotype="AI" name="Sensor27220_S" textname="test sensor 27220"/>
			<item id="27221" losttest="2" iotype="AI" name="Sensor27221_S" textname="test sensor 27221"/>
			<item id="27222" losttest="2" iotype="AI" name="Sensor27222_S" textname="test sensor 27222"/>
			<item id="27223" losttest="2" iotype="AI" name="Sensor27223_S" textname="test sensor 27223"/>
			<item id="27224" losttest="2" iotype="AI" name="Sensor27224_S" textname="test sensor 27224"/>
			<item id="27225" losttest="2" iotype="AI" name="Sensor27225_S" textname="test sensor 27225"/>
			<item id="27226" losttest="2" iotype="AI" name="Sensor27226_S" textname="test sensor 27226"/>
			<item id="27227" losttest="2" iotype="AI" name="Sensor27227_S" textname="test sensor 27227"/>
			<item id="27228" losttest="2" iotype="AI" name="Sensor27228_S" textname="test sensor 27228"/>
			<item id="27229" losttest="2" iotype="AI" name="Sensor27229_S" textname="test sensor 27229"/>
			<item id="27230" losttest="2" iotype="AI" name="Sensor27230_S" textname="test sensor 27230"/>
			<item id="27231" losttest="2" iotype="AI" name="Sensor27231_S" textname="test sensor 27231"/>
			<item id="27232" losttest="2" iotype="AI" name="Sensor27232_S" textname="test sensor 27232"/>
			<item id="27233" losttest="2" iotype="AI" name="Sensor27233_S" textname="test sensor 27233"/>
			<item id="27234" losttest="2" iotype="AI" name="Sensor27234_S" textname="test sensor 27234"/>
			<item id="27235" losttest="2" iotype="AI" name="Sensor27235_S" textname="test sensor 27235"/>
			<item id="27236" losttest="2" iotype="AI" name="Sensor27236_S" textname="test sensor 27236"/>
			<item id="27237" losttest="2" iotype="AI" name="Sensor27237_S" textname="test sensor 27237"/>
			<item id="27238" losttest="2" iotype="AI" name="Sensor27238_S" textname="test sensor 27238"/>
			<item id="27239" losttest="2" iotype="AI" name="Sensor27239_S" textname="test sensor 27239"/>
			<item id="27240" losttest="2" iotype="AI" name="Sensor27240_S" textname="test sensor 27240"/>
			<item id="27241" losttest="2" iotype="AI" name="Sensor27241_S" textname="test sensor 27241"/>
			<item id="27242" losttest="2" iotype="AI" name="Sensor27242_S" textname="test sensor 27242"/>
			<item id="27243" losttest="2" iotype="AI" name="Sensor27243_S" textname="test sensor 27243"/>
			<item id="27244" losttest="2" iotype="AI" name="Sensor27244_S" textname="test sensor 27244"/>
			<item id="27245" losttest="2" iotype="AI" name="Sensor27245_S" textname="test sensor 27245"/>
			<item id="27246" losttest="2" iotype="AI" name="Sensor27246_S" textname="test sensor 27246"/>
			<item id="27247" losttest="2" iotype="AI" name="Sensor27247_S" textname="test sensor 27247"/>
			<item id="27248" losttest="2" iotype="AI" name="Sensor27248_S" textname="test sensor 27248"/>
			<item id="27249" losttest="2" iotype="AI" name="Sensor27249_S" textname="test sensor 27249"/>
			<item id="27250" losttest="2" iotype="AI" name="Sensor27250_S" textname="test sensor 27250"/>
			<item id="27251" losttest="2" iotype="AI" name="Sensor27251_S" textname="test sensor 27251"/>
			<item id="27252" losttest="2" iotype="AI" name="Sensor27252_S" textname="test sensor 27252"/>
			<item id="27253" losttest="2" iotype="AI" name="Sensor27253_S" textname="test sensor 27253"/>
			<item id="27254" losttest="2" iotype="AI" name="Sensor27254_S" textname="test sensor 27254"/>
			<item id="27255" losttest="2" iotype="AI" name="Sensor27255_S" textname="test sensor 27255"/>
			<item id="27256" losttest="2" iotype="AI" name="Sensor27256_S" textname="test sensor 27256"/>
			<item id="27257" losttest="2" iotype="AI" name="Sensor27257_S" textname="test sensor 27257"/>
			<item id="27258" losttest="2" iotype="AI" name="Sensor27258_S" textname="test sensor 27258"/>
			<item id="27259" losttest="2" iotype="AI" name="Sensor27259_S" textname="test sensor 27259"/>
			<item id="27260" losttest="2" iotype="AI" name="Sensor27260_S" textname="test sensor 27260"/>
			<item id="27261" losttest="2" iotype="AI" name="Sensor27261_S" textname="test sensor 27261"/>
			<item id="27262" losttest="2" iotype="AI" name="Sensor27262_S" textname="test sensor 27262"/>
			<item id="27263" losttest="2" iotype="AI" name="Sensor27263_S" textname="test sensor 27263"/>
			<item id="27264" losttest="2" iotype="AI" name="Sensor27264_S" textname="test sensor 27264"/>
			<item id="27265" losttest="2" iotype="AI" name="Sensor27265_S" textname="test sensor 27265"/>
			<item id="27266" losttest="2" iotype="AI" name="Sensor27266_S" textname="test sensor 27266"/>
			<item id="27267" losttest="2" iotype="AI" name="Sensor27267_S" textname="test sensor 27267"/>
			<item id="27268" losttest="2" iotype="AI" name="Sensor27268_S" textname="test sensor 27268"/>
			<item id="27269" losttest="2" iotype="AI" name="Sensor27269_S" textname="test sensor 27269"/>
			<item id="27270" losttest="2" iotype="AI" name="Sensor27270_S" textname="test sensor 27270"/>
			<item id="27271" losttest="2" iotype="AI" name="Sensor27271_S" textname="test sensor 27271"/>
			<item id="27272" losttest="2" iotype="AI" name="Sensor27272_S" textname="test sensor 27272"/>
			<item id="27273" losttest="2" iotype="AI" name="Sensor27273_S" textname="test sensor 27273"/>
			<item id="27274" losttest="2" iotype="AI" name="Sensor27274_S" textname="test sensor 27274"/>
			<item id="27275" losttest="2" iotype="AI" name="Sensor27275_S" textname="test sensor 27275"/>
			<item id="27276" losttest="2" iotype="AI" name="Sensor27276_S" textname="test sensor 27276"/>
			<item id="27277" losttest="2" iotype="AI" name="Sensor27277_S" textname="test sensor 27277"/>
			<item id="27278" losttest="2" iotype="AI" name="Sensor27278_S" textname="test sensor 27278"/>
			<item id="27279" losttest="2" iotype="AI" name="Sensor27279_S" textname="test sensor 27279"/>
			<item id="27280" losttest="2" iotype="AI" name="Sensor27280_S" textname="test sensor 27280"/>
			<item id="27281" losttest="2" iotype="AI" name="Sensor27281_S" textname="test sensor 27281"/>
			<item id="27282" losttest="2" iotype="AI" name="Sensor27282_S" textname="test sensor 27282"/>
			<item id="27283" losttest="2" iotype="AI" name="Sensor27283_S" textname="test sensor 27283"/>
			<item id="27284" losttest="2" iotype="AI" name="Sensor27284_S" textname="test sensor 27284"/>
			<item id="27285" losttest="2" iotype="AI" name="Sensor27285_S" textname="test sensor 27285"/>
			<item id="27286" losttest="2" iotype="AI" name="Sensor27286_S" textname="test sensor 27286"/>
			<item id="27287" losttest="2" iotype="AI" name="Sensor27287_S" textname="test sensor 27287"/>
			<item id="27288" losttest="2" iotype="AI" name="Sensor27288_S" textname="test sensor 27288"/>
			<item id="27289" losttest="2" iotype="AI" name="Sensor27289_S" textname="test sensor 27289"/>
			<item id="27290" losttest="2" iotype="AI" name="Sensor27290_S" textname="test sensor 27290"/>
			<item id="27291" losttest="2" iotype="AI" name="Sensor27291_S" textname="test sensor 27291"/>
			<item id="27292" losttest="2" iotype="AI" name="Sensor27292_S" textname="test sensor 27292"/>
			<item id="27293" losttest="2" iotype="AI" name="Sensor27293_S" textname="test sensor 27293"/>
			<item id="27294" losttest="2" iotype="AI" name="Sensor27294_S" textname="test sensor 27294"/>
			<item id="27295" losttest="2" iotype="AI" name="Sensor27295_S" textname="test sensor 27295"/>
			<item id="27296" losttest="2" iotype="AI" name="Sensor27296_S" textname="test sensor 27296"/>
			<item id="27297" losttest="2" iotype="AI" name="Sensor27297_S" textname="test sensor 27297"/>
			<item id="27298" losttest="2" iotype="AI" name="Sensor27298_S" textname="test sensor 27298"/>
			<item id="27299" losttest="2" iotype="AI" name="Sensor27299_S" textname="test sensor 27299"/>
			<item id="27300" losttest="2" iotype="AI" name="Sensor27300_S" textname="test sensor 27300"/>
			<item id="27301" losttest="2" iotype="AI" name="Sensor27301_S" textname="test sensor 27301"/>
			<item id="27302" losttest="2" iotype="AI" name="Sensor27302_S" textname="test sensor 27302"/>
			<item id="27303" losttest="2" iotype="AI" name="Sensor27303_S" textname="test sensor 27303"/>
			<item id="27304" losttest="2" iotype="AI" name="Sensor27304_S" textname="test sensor 27304"/>
			<item id="27305" losttest="2" iotype="AI" name="Sensor27305_S" textname="test sensor 27305"/>
			<item id="27306" losttest="2" iotype="AI" name="Sensor27306_S" textname="test sensor 27306"/>
			<item id="27307" losttest="2" iotype="AI" name="Sensor27307_S" textname="test sensor 27307"/>
			<item id="27308" losttest="2" iotype="AI" name="Sensor27308_S" textname="test sensor 27308"/>
			<item id="27309" losttest="2" iotype="AI" name="Sensor27309_S" textname="test sensor 27309"/>
			<item id="27310" losttest="2" iotype="AI" name="Sensor27310_S" textname="test sensor 27310"/>
			<item id="27311" losttest="2" iotype="AI" name="Sensor27311_S" textname="test sensor 27311"/>
			<item id="27312" losttest="2" iotype="AI" name="Sensor27312_S" textname="test sensor 27312"/>
			<item id="27313" losttest="2" iotype="AI" name="Sensor27313_S" textname="test sensor 27313"/>
			<item id="27314" losttest="2" iotype="AI" name="Sensor27314_S" textname="test sensor 27314"/>
			<item id="27315" losttest="2" iotype="AI" name="Sensor27315_S" textname="test sensor 27315"/>
			<item id="27316" losttest="2" iotype="AI" name="Sensor27316_S" textname="test sensor 27316"/>
			<item id="27317" losttest="2" iotype="AI" name="Sensor27317_S" textname="test sensor 27317"/>
			<item id="27318" losttest="2" iotype="AI" name="Sensor27318_S" textname="test sensor 27318"/>
			<item id="27319" losttest="2" iotype="AI" name="Sensor27319_S" textname="test sensor 27319"/>
			<item id="27320" losttest="2" iotype="AI" name="Sensor27320_S" textname="test sensor 27320"/>
			<item id="27321" losttest="2" iotype="AI" name="Sensor27321_S" textname="test sensor 27321"/>
			<item id="27322" losttest="2" iotype="AI" name="Sensor27322_S" textname="test sensor 27322"/>
			<item id="27323" losttest="2" iotype="AI" name="Sensor27323_S" textname="test sensor 27323"/>
			<item id="27324" losttest="2" iotype="AI" name="Sensor27324_S" textname="test sensor 27324"/>
			<item id="27325" losttest="2" iotype="AI" name="Sensor27325_S" textname="test sensor 27325"/>
			<item id="27326" losttest="2" iotype="AI" name="Sensor27326_S" textname="test sensor 27326"/>
			<item id="27327" losttest="2" iotype="AI" name="Sensor27327_S" textname="test sensor 27327"/>
			<item id="27328" losttest="2" iotype="AI" name="Sensor27328_S" textname="test sensor 27328"/>
			<item id="27329" losttest="2" iotype="AI" name="Sensor27329_S" textname="test sensor 27329"/>
			<item id="27330" losttest="2" iotype="AI" name="Sensor27330_S" textname="test sensor 27330"/>
			<item id="27331" losttest="2" iotype="AI" name="Sensor27331_S" textname="test sensor 27331"/>
			<item id="27332" losttest="2" iotype="AI" name="Sensor27332_S" textname="test sensor 27332"/>
			<item id="27333" losttest="2" iotype="AI" name="Sensor27333_S" textname="test sensor 27333"/>
			<item id="27334" losttest="2" iotype="AI" name="Sensor27334_S" textname="test sensor 27334"/>
			<item id="27335" losttest="2" iotype="AI" name="Sensor27335_S" textname="test sensor 27335"/>
			<item id="27336" losttest="2" iotype="AI" name="Sensor27336_S" textname="test sensor 27336"/>
			<item id="27337" losttest="2" iotype="AI" name="Sensor27337_S" textname="test sensor 27337"/>
			<item id="27338" losttest="2" iotype="AI" name="Sensor27338_S" textname="test sensor 27338"/>
			<item id="27339" losttest="2" iotype="AI" name="Sensor27339_S" textname="test sensor 27339"/>
			<item id="27340" losttest="2" iotype="AI" name="Sensor27340_S" textname="test sensor 27340"/>
			<item id="27341" losttest="2" iotype="AI" name="Sensor27341_S" textname="test sensor 27341"/>
			<item id="27342" losttest="2" iotype="AI" name="Sensor27342_S" textname="test sensor 27342"/>
			<item id="27343" losttest="2" iotype="AI" name="Sensor27343_S" textname="test sensor 27343"/>
			<item id="27344" losttest="2" iotype="AI" name="Sensor27344_S" textname="test sensor 27344"/>
			<item id="27345" losttest="2" iotype="AI" name="Sensor27345_S" textname="test sensor 27345"/>
			<item id="27346" losttest="2" iotype="AI" name="Sensor27346_S" textname="test sensor 27346"/>
			<item id="27347" losttest="2" iotype="AI" name="Sensor27347_S" textname="test sensor 27347"/>
			<item id="27348" losttest="2" iotype="AI" name="Sensor27348_S" textname="test sensor 27348"/>
			<item id="27349" losttest="2" iotype="AI" name="Sensor27349_S" textname="test sensor 27349"/>
			<item id="27350" losttest="2" iotype="AI" name="Sensor27350_S" textname="test sensor 27350"/>
			<item id="27351" losttest="2" iotype="AI" name="Sensor27351_S" textname="test sensor 27351"/>
			<item id="27352" losttest="2" iotype="AI" name="Sensor27352_S" textname="test sensor 27352"/>
			<item id="27353" losttest="2" iotype="AI" name="Sensor27353_S" textname="test sensor 27353"/>
			<item id="27354" losttest="2" iotype="AI" name="Sensor27354_S" textname="test sensor 27354"/>
			<item id="27355" losttest="2" iotype="AI" name="Sensor27355_S" textname="test sensor 27355"/>
			<item id="27356" losttest="2" iotype="AI" name="Sensor27356_S" textname="test sensor 27356"/>
			<item id="27357" losttest="2" iotype="AI" name="Sensor27357_S" textname="test sensor 27357"/>
			<item id="27358" losttest="2" iotype="AI" name="Sensor27358_S" textname="test sensor 27358"/>
			<item id="27359" losttest="2" iotype="AI" name="Sensor27359_S" textname="test sensor 27359"/>
			<item id="27360" losttest="2" iotype="AI" name="Sensor27360_S" textname="test sensor 27360"/>
			<item id="27361" losttest="2" iotype="AI" name="Sensor27361_S" textname="test sensor 27361"/>
			<item id="27362" losttest="2" iotype="AI" name="Sensor27362_S" textname="test sensor 27362"/>
			<item id="27363" losttest="2" iotype="AI" name="Sensor27363_S" textname="test sensor 27363"/>
			<item id="27364" losttest="2" iotype="AI" name="Sensor27364_S" textname="test sensor 27364"/>
			<item id="27365" losttest="2" iotype="AI" name="Sensor27365_S" textname="test sensor 27365"/>
			<item id="27366" losttest="2" iotype="AI" name="Sensor27366_S" textname="test sensor 27366"/>
			<item id="27367" losttest="2" iotype="AI" name="Sensor27367_S" textname="test sensor 27367"/>
			<item id="27368" losttest="2" iotype="AI" name="Sensor27368_S" textname="test sensor 27368"/>
			<item id="27369" losttest="2" iotype="AI" name="Sensor27369_S" textname="test sensor 27369"/>
			<item id="27370" losttest="2" iotype="AI" name="Sensor27370_S" textname="test sensor 27370"/>
			<item id="27371" losttest="2" iotype="AI" name="Sensor27371_S" textname="test sensor 27371"/>
			<item id="27372" losttest="2" iotype="AI" name="Sensor27372_S" textname="test sensor 27372"/>
			<item id="27373" losttest="2" iotype="AI" name="Sensor27373_S" textname="test sensor 27373"/>
			<item id="27374" losttest="2" iotype="AI" name="Sensor27374_S" textname="test sensor 27374"/>
			<item id="27375" losttest="2" iotype="AI" name="Sensor27375_S" textname="test sensor 27375"/>
			<item id="27376" losttest="2" iotype="AI" name="Sensor27376_S" textname="test sensor 27376"/>
			<item id="27377" losttest="2" iotype="AI" name="Sensor27377_S" textname="test sensor 27377"/>
			<item id="27378" losttest="2" iotype="AI" name="Sensor27378_S" textname="test sensor 27378"/>
			<item id="27379" losttest="2" iotype="AI" name="Sensor27379_S" textname="test sensor 27379"/>
			<item id="27380" losttest="2" iotype="AI" name="Sensor27380_S" textname="test sensor 27380"/>
			<item id="27381" losttest="2" iotype="AI" name="Sensor27381_S" textname="test sensor 27381"/>
			<item id="27382" losttest="2" iotype="AI" name="Sensor27382_S" textname="test sensor 27382"/>
			<item id="27383" losttest="2" iotype="AI" name="Sensor27383_S" textname="test sensor 27383"/>
			<item id="27384" losttest="2" iotype="AI" name="Sensor27384_S" textname="test sensor 27384"/>
			<item id="27385" losttest="2" iotype="AI" name="Sensor27385_S" textname="test sensor 27385"/>
			<item id="27386" losttest="2" iotype="AI" name="Sensor27386_S" textname="test sensor 27386"/>
			<item id="27387" losttest="2" iotype="AI" name="Sensor27387_S" textname="test sensor 27387"/>
			<item id="27388" losttest="2" iotype="AI" name="Sensor27388_S" textname="test sensor 27388"/>
			<item id="27389" losttest="2" iotype="AI" name="Sensor27389_S" textname="test sensor 27389"/>
			<item id="27390" losttest="2" iotype="AI" name="Sensor27390_S" textname="test sensor 27390"/>
			<item id="27391" losttest="2" iotype="AI" name="Sensor27391_S" textname="test sensor 27391"/>
			<item id="27392" losttest="2" iotype="AI" name="Sensor27392_S" textname="test sensor 27392"/>
			<item id="27393" losttest="2" iotype="AI" name="Sensor27393_S" textname="test sensor 27393"/>
			<item id="27394" losttest="2" iotype="AI" name="Sensor27394_S" textname="test sensor 27394"/>
			<item id="27395" losttest="2" iotype="AI" name="Sensor27395_S" textname="test sensor 27395"/>
			<item id="27396" losttest="2" iotype="AI" name="Sensor27396_S" textname="test sensor 27396"/>
			<item id="27397" losttest="2" iotype="AI" name="Sensor27397_S" textname="test sensor 27397"/>
			<item id="27398" losttest="2" iotype="AI" name="Sensor27398_S" textname="test sensor 27398"/>
			<item id="27399" losttest="2" iotype="AI" name="Sensor27399_S" textname="test sensor 27399"/>
			<item id="27400" losttest="2" iotype="AI" name="Sensor27400_S" textname="test sensor 27400"/>
			<item id="27401" losttest="2" iotype="AI" name="Sensor27401_S" textname="test sensor 27401"/>
			<item id="27402" losttest="2" iotype="AI" name="Sensor27402_S" textname="test sensor 27402"/>
			<item id="27403" losttest="2" iotype="AI" name="Sensor27403_S" textname="test sensor 27403"/>
			<item id="27404" losttest="2" iotype="AI" name="Sensor27404_S" textname="test sensor 27404"/>
			<item id="27405" losttest="2" iotype="AI" name="Sensor27405_S" textname="test sensor 27405"/>
			<item id="27406" losttest="2" iotype="AI" name="Sensor27406_S" textname="test sensor 27406"/>
			<item id="27407" losttest="2" iotype="AI" name="Sensor27407_S" textname="test sensor 27407"/>
			<item id="27408" losttest="2" iotype="AI" name="Sensor27408_S" textname="test sensor 27408"/>
			<item id="27409" losttest="2" iotype="AI" name="Sensor27409_S" textname="test sensor 27409"/>
			<item id="27410" losttest="2" iotype="AI" name="Sensor27410_S" textname="test sensor 27410"/>
			<item id="27411" losttest="2" iotype="AI" name="Sensor27411_S" textname="test sensor 27411"/>
			<item id="27412" losttest="2" iotype="AI" name="Sensor27412_S" textname="test sensor 27412"/>
			<item id="27413" losttest="2" iotype="AI" name="Sensor27413_S" textname="test sensor 27413"/>
			<item id="27414" losttest="2" iotype="AI" name="Sensor27414_S" textname="test sensor 27414"/>
			<item id="27415" losttest="2" iotype="AI" name="Sensor27415_S" textname="test sensor 27415"/>
			<item id="27416" losttest="2" iotype="AI" name="Sensor27416_S" textname="test sensor 27416"/>
			<item id="27417" losttest="2" iotype="AI" name="Sensor27417_S" textname="test sensor 27417"/>
			<item id="27418" losttest="2" iotype="AI" name="Sensor27418_S" textname="test sensor 27418"/>
			<item id="27419" losttest="2" iotype="AI" name="Sensor27419_S" textname="test sensor 27419"/>
			<item id="27420" losttest="2" iotype="AI" name="Sensor27420_S" textname="test sensor 27420"/>
			<item id="27421" losttest="2" iotype="AI" name="Sensor27421_S" textname="test sensor 27421"/>
			<item id="27422" losttest="2" iotype="AI" name="Sensor27422_S" textname="test sensor 27422"/>
			<item id="27423" losttest="2" iotype="AI" name="Sensor27423_S" textname="test sensor 27423"/>
			<item id="27424" losttest="2" iotype="AI" name="Sensor27424_S" textname="test sensor 27424"/>
			<item id="27425" losttest="2" iotype="AI" name="Sensor27425_S" textname="test sensor 27425"/>
			<item id="27426" losttest="2" iotype="AI" name="Sensor27426_S" textname="test sensor 27426"/>
			<item id="27427" losttest="2" iotype="AI" name="Sensor27427_S" textname="test sensor 27427"/>
			<item id="27428" losttest="2" iotype="AI" name="Sensor27428_S" textname="test sensor 27428"/>
			<item id="27429" losttest="2" iotype="AI" name="Sensor27429_S" textname="test sensor 27429"/>
			<item id="27430" losttest="2" iotype="AI" name="Sensor27430_S" textname="test sensor 27430"/>
			<item id="27431" losttest="2" iotype="AI" name="Sensor27431_S" textname="test sensor 27431"/>
			<item id="27432" losttest="2" iotype="AI" name="Sensor27432_S" textname="test sensor 27432"/>
			<item id="27433" losttest="2" iotype="AI" name="Sensor27433_S" textname="test sensor 27433"/>
			<item id="27434" losttest="2" iotype="AI" name="Sensor27434_S" textname="test sensor 27434"/>
			<item id="27435" losttest="2" iotype="AI" name="Sensor27435_S" textname="test sensor 27435"/>
			<item id="27436" losttest="2" iotype="AI" name="Sensor27436_S" textname="test sensor 27436"/>
			<item id="27437" losttest="2" iotype="AI" name="Sensor27437_S" textname="test sensor 27437"/>
			<item id="27438" losttest="2" iotype="AI" name="Sensor27438_S" textname="test sensor 27438"/>
			<item id="27439" losttest="2" iotype="AI" name="Sensor27439_S" textname="test sensor 27439"/>
			<item id="27440" losttest="2" iotype="AI" name="Sensor27440_S" textname="test sensor 27440"/>
			<item id="27441" losttest="2" iotype="AI" name="Sensor27441_S" textname="test sensor 27441"/>
			<item id="27442" losttest="2" iotype="AI" name="Sensor27442_S" textname="test sensor 27442"/>
			<item id="27443" losttest="2" iotype="AI" name="Sensor27443_S" textname="test sensor 27443"/>
			<item id="27444" losttest="2" iotype="AI" name="Sensor27444_S" textname="test sensor 27444"/>
			<item id="27445" losttest="2" iotype="AI" name="Sensor27445_S" textname="test sensor 27445"/>
			<item id="27446" losttest="2" iotype="AI" name="Sensor27446_S" textname="test sensor 27446"/>
			<item id="27447" losttest="2" iotype="AI" name="Sensor27447_S" textname="test sensor 27447"/>
			<item id="27448" losttest="2" iotype="AI" name="Sensor27448_S" textname="test sensor 27448"/>
			<item id="27449" losttest="2" iotype="AI" name="Sensor27449_S" textname="test sensor 27449"/>
			<item id="27450" losttest="2" iotype="AI" name="Sensor27450_S" textname="test sensor 27450"/>
			<item id="27451" losttest="2" iotype="AI" name="Sensor27451_S" textname="test sensor 27451"/>
			<item id="27452" losttest="2" iotype="AI" name="Sensor27452_S" textname="test sensor 27452"/>
			<item id="27453" losttest="2" iotype="AI" name="Sensor27453_S" textname="test sensor 27453"/>
			<item id="27454" losttest="2" iotype="AI" name="Sensor27454_S" textname="test sensor 27454"/>
			<item id="27455" losttest="2" iotype="AI" name="Sensor27455_S" textname="test sensor 27455"/>
			<item id="27456" losttest="2" iotype="AI" name="Sensor27456_S" textname="test sensor 27456"/>
			<item id="27457" losttest="2" iotype="AI" name="Sensor27457_S" textname="test sensor 27457"/>
			<item id="27458" losttest="2" iotype="AI" name="Sensor27458_S" textname="test sensor 27458"/>
			<item id="27459" losttest="2" iotype="AI" name="Sensor27459_S" textname="test sensor 27459"/>
			<item id="27460" losttest="2" iotype="AI" name="Sensor27460_S" textname="test sensor 27460"/>
			<item id="27461" losttest="2" iotype="AI" name="Sensor27461_S" textname="test sensor 27461"/>
			<item id="27462" losttest="2" iotype="AI" name="Sensor27462_S" textname="test sensor 27462"/>
			<item id="27463" losttest="2" iotype="AI" name="Sensor27463_S" textname="test sensor 27463"/>
			<item id="27464" losttest="2" iotype="AI" name="Sensor27464_S" textname="test sensor 27464"/>
			<item id="27465" losttest="2" iotype="AI" name="Sensor27465_S" textname="test sensor 27465"/>
			<item id="27466" losttest="2" iotype="AI" name="Sensor27466_S" textname="test sensor 27466"/>
			<item id="27467" losttest="2" iotype="AI" name="Sensor27467_S" textname="test sensor 27467"/>
			<item id="27468" losttest="2" iotype="AI" name="Sensor27468_S" textname="test sensor 27468"/>
			<item id="27469" losttest="2" iotype="AI" name="Sensor27469_S" textname="test sensor 27469"/>
			<item id="27470" losttest="2" iotype="AI" name="Sensor27470_S" textname="test sensor 27470"/>
			<item id="27471" losttest="2" iotype="AI" name="Sensor27471_S" textname="test sensor 27471"/>
			<item id="27472" losttest="2" iotype="AI" name="Sensor27472_S" textname="test sensor 27472"/>
			<item id="27473" losttest="2" iotype="AI" name="Sensor27473_S" textname="test sensor 27473"/>
			<item id="27474" losttest="2" iotype="AI" name="Sensor27474_S" textname="test sensor 27474"/>
			<item id="27475" losttest="2" iotype="AI" name="Sensor27475_S" textname="test sensor 27475"/>
			<item id="27476" losttest="2" iotype="AI" name="Sensor27476_S" textname="test sensor 27476"/>
			<item id="27477" losttest="2" iotype="AI" name="Sensor27477_S" textname="test sensor 27477"/>
			<item id="27478" losttest="2" iotype="AI" name="Sensor27478_S" textname="test sensor 27478"/>
			<item id="27479" losttest="2" iotype="AI" name="Sensor27479_S" textname="test sensor 27479"/>
			<item id="27480" losttest="2" iotype="AI" name="Sensor27480_S" textname="test sensor 27480"/>
			<item id="27481" losttest="2" iotype="AI" name="Sensor27481_S" textname="test sensor 27481"/>
			<item id="27482" losttest="2" iotype="AI" name="Sensor27482_S" textname="test sensor 27482"/>
			<item id="27483" losttest="2" iotype="AI" name="Sensor27483_S" textname="test sensor 27483"/>
			<item id="27484" losttest="2" iotype="AI" name="Sensor27484_S" textname="test sensor 27484"/>
			<item id="27485" losttest="2" iotype="AI" name="Sensor27485_S" textname="test sensor 27485"/>
			<item id="27486" losttest="2" iotype="AI" name="Sensor27486_S" textname="test sensor 27486"/>
			<item id="27487" losttest="2" iotype="AI" name="Sensor27487_S" textname="test sensor 27487"/>
			<item id="27488" losttest="2" iotype="AI" name="Sensor27488_S" textname="test sensor 27488"/>
			<item id="27489" losttest="2" iotype="AI" name="Sensor27489_S" textname="test sensor 27489"/>
			<item id="27490" losttest="2" iotype="AI" name="Sensor27490_S" textname="test sensor 27490"/>
			<item id="27491" losttest="2" iotype="AI" name="Sensor27491_S" textname="test sensor 27491"/>
			<item id="27492" losttest="2" iotype="AI" name="Sensor27492_S" textname="test sensor 27492"/>
			<item id="27493" losttest="2" iotype="AI" name="Sensor27493_S" textname="test sensor 27493"/>
			<item id="27494" losttest="2" iotype="AI" name="Sensor27494_S" textname="test sensor 27494"/>
			<item id="27495" losttest="2" iotype="AI" name="Sensor27495_S" textname="test sensor 27495"/>
			<item id="27496" losttest="2" iotype="AI" name="Sensor27496_S" textname="test sensor 27496"/>
			<item id="27497" losttest="2" iotype="AI" name="Sensor27497_S" textname="test sensor 27497"/>
			<item id="27498" losttest="2" iotype="AI" name="Sensor27498_S" textname="test sensor 27498"/>
			<item id="27499" losttest="2" iotype="AI" name="Sensor27499_S" textname="test sensor 27499"/>
			<item id="27500" losttest="2" iotype="AI" name="Sensor27500_S" textname="test sensor 27500"/>
			<item id="27501" losttest="2" iotype="AI" name="Sensor27501_S" textname="test sensor 27501"/>
			<item id="27502" losttest="2" iotype="AI" name="Sensor27502_S" textname="test sensor 27502"/>
			<item id="27503" losttest="2" iotype="AI" name="Sensor27503_S" textname="test sensor 27503"/>
			<item id="27504" losttest="2" iotype="AI" name="Sensor27504_S" textname="test sensor 27504"/>
			<item id="27505" losttest="2" iotype="AI" name="Sensor27505_S" textname="test sensor 27505"/>
			<item id="27506" losttest="2" iotype="AI" name="Sensor27506_S" textname="test sensor 27506"/>
			<item id="27507" losttest="2" iotype="AI" name="Sensor27507_S" textname="test sensor 27507"/>
			<item id="27508" losttest="2" iotype="AI" name="Sensor27508_S" textname="test sensor 27508"/>
			<item id="27509" losttest="2" iotype="AI" name="Sensor27509_S" textname="test sensor 27509"/>
			<item id="27510" losttest="2" iotype="AI" name="Sensor27510_S" textname="test sensor 27510"/>
			<item id="27511" losttest="2" iotype="AI" name="Sensor27511_S" textname="test sensor 27511"/>
			<item id="27512" losttest="2" iotype="AI" name="Sensor27512_S" textname="test sensor 27512"/>
			<item id="27513" losttest="2" iotype="AI" name="Sensor27513_S" textname="test sensor 27513"/>
			<item id="27514" losttest="2" iotype="AI" name="Sensor27514_S" textname="test sensor 27514"/>
			<item id="27515" losttest="2" iotype="AI" name="Sensor27515_S" textname="test sensor 27515"/>
			<item id="27516" losttest="2" iotype="AI" name="Sensor27516_S" textname="test sensor 27516"/>
			<item id="27517" losttest="2" iotype="AI" name="Sensor27517_S" textname="test sensor 27517"/>
			<item id="27518" losttest="2" iotype="AI" name="Sensor27518_S" textname="test sensor 27518"/>
			<item id="27519" losttest="2" iotype="AI" name="Sensor27519_S" textname="test sensor 27519"/>
			<item id="27520" losttest="2" iotype="AI" name="Sensor27520_S" textname="test sensor 27520"/>
			<item id="27521" losttest="2" iotype="AI" name="Sensor27521_S" textname="test sensor 27521"/>
			<item id="27522" losttest="2" iotype="AI" name="Sensor27522_S" textname="test sensor 27522"/>
			<item id="27523" losttest="2" iotype="AI" name="Sensor27523_S" textname="test sensor 27523"/>
			<item id="27524" losttest="2" iotype="AI" name="Sensor27524_S" textname="test sensor 27524"/>
			<item id="27525" losttest="2" iotype="AI" name="Sensor27525_S" textname="test sensor 27525"/>
			<item id="27526" losttest="2" iotype="AI" name="Sensor27526_S" textname="test sensor 27526"/>
			<item id="27527" losttest="2" iotype="AI" name="Sensor27527_S" textname="test sensor 27527"/>
			<item id="27528" losttest="2" iotype="AI" name="Sensor27528_S" textname="test sensor 27528"/>
			<item id="27529" losttest="2" iotype="AI" name="Sensor27529_S" textname="test sensor 27529"/>
			<item id="27530" losttest="2" iotype="AI" name="Sensor27530_S" textname="test sensor 27530"/>
			<item id="27531" losttest="2" iotype="AI" name="Sensor27531_S" textname="test sensor 27531"/>
			<item id="27532" losttest="2" iotype="AI" name="Sensor27532_S" textname="test sensor 27532"/>
			<item id="27533" losttest="2" iotype="AI" name="Sensor27533_S" textname="test sensor 27533"/>
			<item id="27534" losttest="2" iotype="AI" name="Sensor27534_S" textname="test sensor 27534"/>
			<item id="27535" losttest="2" iotype="AI" name="Sensor27535_S" textname="test sensor 27535"/>
			<item id="27536" losttest="2" iotype="AI" name="Sensor27536_S" textname="test sensor 27536"/>
			<item id="27537" losttest="2" iotype="AI" name="Sensor27537_S" textname="test sensor 27537"/>
			<item id="27538" losttest="2" iotype="AI" name="Sensor27538_S" textname="test sensor 27538"/>
			<item id="27539" losttest="2" iotype="AI" name="Sensor27539_S" textname="test sensor 27539"/>
			<item id="27540" losttest="2" iotype="AI" name="Sensor27540_S" textname="test sensor 27540"/>
			<item id="27541" losttest="2" iotype="AI" name="Sensor27541_S" textname="test sensor 27541"/>
			<item id="27542" losttest="2" iotype="AI" name="Sensor27542_S" textname="test sensor 27542"/>
			<item id="27543" losttest="2" iotype="AI" name="Sensor27543_S" textname="test sensor 27543"/>
			<item id="27544" losttest="2" iotype="AI" name="Sensor27544_S" textname="test sensor 27544"/>
			<item id="27545" losttest="2" iotype="AI" name="Sensor27545_S" textname="test sensor 27545"/>
			<item id="27546" losttest="2" iotype="AI" name="Sensor27546_S" textname="test sensor 27546"/>
			<item id="27547" losttest="2" iotype="AI" name="Sensor27547_S" textname="test sensor 27547"/>
			<item id="27548" losttest="2" iotype="AI" name="Sensor27548_S" textname="test sensor 27548"/>
			<item id="27549" losttest="2" iotype="AI" name="Sensor27549_S" textname="test sensor 27549"/>
			<item id="27550" losttest="2" iotype="AI" name="Sensor27550_S" textname="test sensor 27550"/>
			<item id="27551" losttest="2" iotype="AI" name="Sensor27551_S" textname="test sensor 27551"/>
			<item id="27552" losttest="2" iotype="AI" name="Sensor27552_S" textname="test sensor 27552"/>
			<item id="27553" losttest="2" iotype="AI" name="Sensor27553_S" textname="test sensor 27553"/>
			<item id="27554" losttest="2" iotype="AI" name="Sensor27554_S" textname="test sensor 27554"/>
			<item id="27555" losttest="2" iotype="AI" name="Sensor27555_S" textname="test sensor 27555"/>
			<item id="27556" losttest="2" iotype="AI" name="Sensor27556_S" textname="test sensor 27556"/>
			<item id="27557" losttest="2" iotype="AI" name="Sensor27557_S" textname="test sensor 27557"/>
			<item id="27558" losttest="2" iotype="AI" name="Sensor27558_S" textname="test sensor 27558"/>
			<item id="27559" losttest="2" iotype="AI" name="Sensor27559_S" textname="test sensor 27559"/>
			<item id="27560" losttest="2" iotype="AI" name="Sensor27560_S" textname="test sensor 27560"/>
			<item id="27561" losttest="2" iotype="AI" name="Sensor27561_S" textname="test sensor 27561"/>
			<item id="27562" losttest="2" iotype="AI" name="Sensor27562_S" textname="test sensor 27562"/>
			<item id="27563" losttest="2" iotype="AI" name="Sensor27563_S" textname="test sensor 27563"/>
			<item id="27564" losttest="2" iotype="AI" name="Sensor27564_S" textname="test sensor 27564"/>
			<item id="27565" losttest="2" iotype="AI" name="Sensor27565_S" textname="test sensor 27565"/>
			<item id="27566" losttest="2" iotype="AI" name="Sensor27566_S" textname="test sensor 27566"/>
			<item id="27567" losttest="2" iotype="AI" name="Sensor27567_S" textname="test sensor 27567"/>
			<item id="27568" losttest="2" iotype="AI" name="Sensor27568_S" textname="test sensor 27568"/>
			<item id="27569" losttest="2" iotype="AI" name="Sensor27569_S" textname="test sensor 27569"/>
			<item id="27570" losttest="2" iotype="AI" name="Sensor27570_S" textname="test sensor 27570"/>
			<item id="27571" losttest="2" iotype="AI" name="Sensor27571_S" textname="test sensor 27571"/>
			<item id="27572" losttest="2" iotype="AI" name="Sensor27572_S" textname="test sensor 27572"/>
			<item id="27573" losttest="2" iotype="AI" name="Sensor27573_S" textname="test sensor 27573"/>
			<item id="27574" losttest="2" iotype="AI" name="Sensor27574_S" textname="test sensor 27574"/>
			<item id="27575" losttest="2" iotype="AI" name="Sensor27575_S" textname="test sensor 27575"/>
			<item id="27576" losttest="2" iotype="AI" name="Sensor27576_S" textname="test sensor 27576"/>
			<item id="27577" losttest="2" iotype="AI" name="Sensor27577_S" textname="test sensor 27577"/>
			<item id="27578" losttest="2" iotype="AI" name="Sensor27578_S" textname="test sensor 27578"/>
			<item id="27579" losttest="2" iotype="AI" name="Sensor27579_S" textname="test sensor 27579"/>
			<item id="27580" losttest="2" iotype="AI" name="Sensor27580_S" textname="test sensor 27580"/>
			<item id="27581" losttest="2" iotype="AI" name="Sensor27581_S" textname="test sensor 27581"/>
			<item id="27582" losttest="2" iotype="AI" name="Sensor27582_S" textname="test sensor 27582"/>
			<item id="27583" losttest="2" iotype="AI" name="Sensor27583_S" textname="test sensor 27583"/>
			<item id="27584" losttest="2" iotype="AI" name="Sensor27584_S" textname="test sensor 27584"/>
			<item id="27585" losttest="2" iotype="AI" name="Sensor27585_S" textname="test sensor 27585"/>
			<item id="27586" losttest="2" iotype="AI" name="Sensor27586_S" textname="test sensor 27586"/>
			<item id="27587" losttest="2" iotype="AI" name="Sensor27587_S" textname="test sensor 27587"/>
			<item id="27588" losttest="2" iotype="AI" name="Sensor27588_S" textname="test sensor 27588"/>
			<item id="27589" losttest="2" iotype="AI" name="Sensor27589_S" textname="test sensor 27589"/>
			<item id="27590" losttest="2" iotype="AI" name="Sensor27590_S" textname="test sensor 27590"/>
			<item id="27591" losttest="2" iotype="AI" name="Sensor27591_S" textname="test sensor 27591"/>
			<item id="27592" losttest="2" iotype="AI" name="Sensor27592_S" textname="test sensor 27592"/>
			<item id="27593" losttest="2" iotype="AI" name="Sensor27593_S" textname="test sensor 27593"/>
			<item id="27594" losttest="2" iotype="AI" name="Sensor27594_S" textname="test sensor 27594"/>
			<item id="27595" losttest="2" iotype="AI" name="Sensor27595_S" textname="test sensor 27595"/>
			<item id="27596" losttest="2" iotype="AI" name="Sensor27596_S" textname="test sensor 27596"/>
			<item id="27597" losttest="2" iotype="AI" name="Sensor27597_S" textname="test sensor 27597"/>
			<item id="27598" losttest="2" iotype="AI" name="Sensor27598_S" textname="test sensor 27598"/>
			<item id="27599" losttest="2" iotype="AI" name="Sensor27599_S" textname="test sensor 27599"/>
			<item id="27600" losttest="2" iotype="AI" name="Sensor27600_S" textname="test sensor 27600"/>
			<item id="27601" losttest="2" iotype="AI" name="Sensor27601_S" textname="test sensor 27601"/>
			<item id="27602" losttest="2" iotype="AI" name="Sensor27602_S" textname="test sensor 27602"/>
			<item id="27603" losttest="2" iotype="AI" name="Sensor27603_S" textname="test sensor 27603"/>
			<item id="27604" losttest="2" iotype="AI" name="Sensor27604_S" textname="test sensor 27604"/>
			<item id="27605" losttest="2" iotype="AI" name="Sensor27605_S" textname="test sensor 27605"/>
			<item id="27606" losttest="2" iotype="AI" name="Sensor27606_S" textname="test sensor 27606"/>
			<item id="27607" losttest="2" iotype="AI" name="Sensor27607_S" textname="test sensor 27607"/>
			<item id="27608" losttest="2" iotype="AI" name="Sensor27608_S" textname="test sensor 27608"/>
			<item id="27609" losttest="2" iotype="AI" name="Sensor27609_S" textname="test sensor 27609"/>
			<item id="27610" losttest="2" iotype="AI" name="Sensor27610_S" textname="test sensor 27610"/>
			<item id="27611" losttest="2" iotype="AI" name="Sensor27611_S" textname="test sensor 27611"/>
			<item id="27612" losttest="2" iotype="AI" name="Sensor27612_S" textname="test sensor 27612"/>
			<item id="27613" losttest="2" iotype="AI" name="Sensor27613_S" textname="test sensor 27613"/>
			<item id="27614" losttest="2" iotype="AI" name="Sensor27614_S" textname="test sensor 27614"/>
			<item id="27615" losttest="2" iotype="AI" name="Sensor27615_S" textname="test sensor 27615"/>
			<item id="27616" losttest="2" iotype="AI" name="Sensor27616_S" textname="test sensor 27616"/>
			<item id="27617" losttest="2" iotype="AI" name="Sensor27617_S" textname="test sensor 27617"/>
			<item id="27618" losttest="2" iotype="AI" name="Sensor27618_S" textname="test sensor 27618"/>
			<item id="27619" losttest="2" iotype="AI" name="Sensor27619_S" textname="test sensor 27619"/>
			<item id="27620" losttest="2" iotype="AI" name="Sensor27620_S" textname="test sensor 27620"/>
			<item id="27621" losttest="2" iotype="AI" name="Sensor27621_S" textname="test sensor 27621"/>
			<item id="27622" losttest="2" iotype="AI" name="Sensor27622_S" textname="test sensor 27622"/>
			<item id="27623" losttest="2" iotype="AI" name="Sensor27623_S" textname="test sensor 27623"/>
			<item id="27624" losttest="2" iotype="AI" name="Sensor27624_S" textname="test sensor 27624"/>
			<item id="27625" losttest="2" iotype="AI" name="Sensor27625_S" textname="test sensor 27625"/>
			<item id="27626" losttest="2" iotype="AI" name="Sensor27626_S" textname="test sensor 27626"/>
			<item id="27627" losttest="2" iotype="AI" name="Sensor27627_S" textname="test sensor 27627"/>
			<item id="27628" losttest="2" iotype="AI" name="Sensor27628_S" textname="test sensor 27628"/>
			<item id="27629" losttest="2" iotype="AI" name="Sensor27629_S" textname="test sensor 27629"/>
			<item id="27630" losttest="2" iotype="AI" name="Sensor27630_S" textname="test sensor 27630"/>
			<item id="27631" losttest="2" iotype="AI" name="Sensor27631_S" textname="test sensor 27631"/>
			<item id="27632" losttest="2" iotype="AI" name="Sensor27632_S" textname="test sensor 27632"/>
			<item id="27633" losttest="2" iotype="AI" name="Sensor27633_S" textname="test sensor 27633"/>
			<item id="27634" losttest="2" iotype="AI" name="Sensor27634_S" textname="test sensor 27634"/>
			<item id="27635" losttest="2" iotype="AI" name="Sensor27635_S" textname="test sensor 27635"/>
			<item id="27636" losttest="2" iotype="AI" name="Sensor27636_S" textname="test sensor 27636"/>
			<item id="27637" losttest="2" iotype="AI" name="Sensor27637_S" textname="test sensor 27637"/>
			<item id="27638" losttest="2" iotype="AI" name="Sensor27638_S" textname="test sensor 27638"/>
			<item id="27639" losttest="2" iotype="AI" name="Sensor27639_S" textname="test sensor 27639"/>
			<item id="27640" losttest="2" iotype="AI" name="Sensor27640_S" textname="test sensor 27640"/>
			<item id="27641" losttest="2" iotype="AI" name="Sensor27641_S" textname="test sensor 27641"/>
			<item id="27642" losttest="2" iotype="AI" name="Sensor27642_S" textname="test sensor 27642"/>
			<item id="27643" losttest="2" iotype="AI" name="Sensor27643_S" textname="test sensor 27643"/>
			<item id="27644" losttest="2" iotype="AI" name="Sensor27644_S" textname="test sensor 27644"/>
			<item id="27645" losttest="2" iotype="AI" name="Sensor27645_S" textname="test sensor 27645"/>
			<item id="27646" losttest="2" iotype="AI" name="Sensor27646_S" textname="test sensor 27646"/>
			<item id="27647" losttest="2" iotype="AI" name="Sensor27647_S" textname="test sensor 27647"/>
			<item id="27648" losttest="2" iotype="AI" name="Sensor27648_S" textname="test sensor 27648"/>
			<item id="27649" losttest="2" iotype="AI" name="Sensor27649_S" textname="test sensor 27649"/>
			<item id="27650" losttest="2" iotype="AI" name="Sensor27650_S" textname="test sensor 27650"/>
			<item id="27651" losttest="2" iotype="AI" name="Sensor27651_S" textname="test sensor 27651"/>
			<item id="27652" losttest="2" iotype="AI" name="Sensor27652_S" textname="test sensor 27652"/>
			<item id="27653" losttest="2" iotype="AI" name="Sensor27653_S" textname="test sensor 27653"/>
			<item id="27654" losttest="2" iotype="AI" name="Sensor27654_S" textname="test sensor 27654"/>
			<item id="27655" losttest="2" iotype="AI" name="Sensor27655_S" textname="test sensor 27655"/>
			<item id="27656" losttest="2" iotype="AI" name="Sensor27656_S" textname="test sensor 27656"/>
			<item id="27657" losttest="2" iotype="AI" name="Sensor27657_S" textname="test sensor 27657"/>
			<item id="27658" losttest="2" iotype="AI" name="Sensor27658_S" textname="test sensor 27658"/>
			<item id="27659" losttest="2" iotype="AI" name="Sensor27659_S" textname="test sensor 27659"/>
			<item id="27660" losttest="2" iotype="AI" name="Sensor27660_S" textname="test sensor 27660"/>
			<item id="27661" losttest="2" iotype="AI" name="Sensor27661_S" textname="test sensor 27661"/>
			<item id="27662" losttest="2" iotype="AI" name="Sensor27662_S" textname="test sensor 27662"/>
			<item id="27663" losttest="2" iotype="AI" name="Sensor27663_S" textname="test sensor 27663"/>
			<item id="27664" losttest="2" iotype="AI" name="Sensor27664_S" textname="test sensor 27664"/>
			<item id="27665" losttest="2" iotype="AI" name="Sensor27665_S" textname="test sensor 27665"/>
			<item id="27666" losttest="2" iotype="AI" name="Sensor27666_S" textname="test sensor 27666"/>
			<item id="27667" losttest="2" iotype="AI" name="Sensor27667_S" textname="test sensor 27667"/>
			<item id="27668" losttest="2" iotype="AI" name="Sensor27668_S" textname="test sensor 27668"/>
			<item id="27669" losttest="2" iotype="AI" name="Sensor27669_S" textname="test sensor 27669"/>
			<item id="27670" losttest="2" iotype="AI" name="Sensor27670_S" textname="test sensor 27670"/>
			<item id="27671" losttest="2" iotype="AI" name="Sensor27671_S" textname="test sensor 27671"/>
			<item id="27672" losttest="2" iotype="AI" name="Sensor27672_S" textname="test sensor 27672"/>
			<item id="27673" losttest="2" iotype="AI" name="Sensor27673_S" textname="test sensor 27673"/>
			<item id="27674" losttest="2" iotype="AI" name="Sensor27674_S" textname="test sensor 27674"/>
			<item id="27675" losttest="2" iotype="AI" name="Sensor27675_S" textname="test sensor 27675"/>
			<item id="27676" losttest="2" iotype="AI" name="Sensor27676_S" textname="test sensor 27676"/>
			<item id="27677" losttest="2" iotype="AI" name="Sensor27677_S" textname="test sensor 27677"/>
			<item id="27678" losttest="2" iotype="AI" name="Sensor27678_S" textname="test sensor 27678"/>
			<item id="27679" losttest="2" iotype="AI" name="Sensor27679_S" textname="test sensor 27679"/>
			<item id="27680" losttest="2" iotype="AI" name="Sensor27680_S" textname="test sensor 27680"/>
			<item id="27681" losttest="2" iotype="AI" name="Sensor27681_S" textname="test sensor 27681"/>
			<item id="27682" losttest="2" iotype="AI" name="Sensor27682_S" textname="test sensor 27682"/>
			<item id="27683" losttest="2" iotype="AI" name="Sensor27683_S" textname="test sensor 27683"/>
			<item id="27684" losttest="2" iotype="AI" name="Sensor27684_S" textname="test sensor 27684"/>
			<item id="27685" losttest="2" iotype="AI" name="Sensor27685_S" textname="test sensor 27685"/>
			<item id="27686" losttest="2" iotype="AI" name="Sensor27686_S" textname="test sensor 27686"/>
			<item id="27687" losttest="2" iotype="AI" name="Sensor27687_S" textname="test sensor 27687"/>
			<item id="27688" losttest="2" iotype="AI" name="Sensor27688_S" textname="test sensor 27688"/>
			<item id="27689" losttest="2" iotype="AI" name="Sensor27689_S" textname="test sensor 27689"/>
			<item id="27690" losttest="2" iotype="AI" name="Sensor27690_S" textname="test sensor 27690"/>
			<item id="27691" losttest="2" iotype="AI" name="Sensor27691_S" textname="test sensor 27691"/>
			<item id="27692" losttest="2" iotype="AI" name="Sensor27692_S" textname="test sensor 27692"/>
			<item id="27693" losttest="2" iotype="AI" name="Sensor27693_S" textname="test sensor 27693"/>
			<item id="27694" losttest="2" iotype="AI" name="Sensor27694_S" textname="test sensor 27694"/>
			<item id="27695" losttest="2" iotype="AI" name="Sensor27695_S" textname="test sensor 27695"/>
			<item id="27696" losttest="2" iotype="AI" name="Sensor27696_S" textname="test sensor 27696"/>
			<item id="27697" losttest="2" iotype="AI" name="Sensor27697_S" textname="test sensor 27697"/>
			<item id="27698" losttest="2" iotype="AI" name="Sensor27698_S" textname="test sensor 27698"/>
			<item id="27699" losttest="2" iotype="AI" name="Sensor27699_S" textname="test sensor 27699"/>
			<item id="27700" losttest="2" iotype="AI" name="Sensor27700_S" textname="test sensor 27700"/>
			<item id="27701" losttest="2" iotype="AI" name="Sensor27701_S" textname="test sensor 27701"/>
			<item id="27702" losttest="2" iotype="AI" name="Sensor27702_S" textname="test sensor 27702"/>
			<item id="27703" losttest="2" iotype="AI" name="Sensor27703_S" textname="test sensor 27703"/>
			<item id="27704" losttest="2" iotype="AI" name="Sensor27704_S" textname="test sensor 27704"/>
			<item id="27705" losttest="2" iotype="AI" name="Sensor27705_S" textname="test sensor 27705"/>
			<item id="27706" losttest="2" iotype="AI" name="Sensor27706_S" textname="test sensor 27706"/>
			<item id="27707" losttest="2" iotype="AI" name="Sensor27707_S" textname="test sensor 27707"/>
			<item id="27708" losttest="2" iotype="AI" name="Sensor27708_S" textname="test sensor 27708"/>
			<item id="27709" losttest="2" iotype="AI" name="Sensor27709_S" textname="test sensor 27709"/>
			<item id="27710" losttest="2" iotype="AI" name="Sensor27710_S" textname="test sensor 27710"/>
			<item id="27711" losttest="2" iotype="AI" name="Sensor27711_S" textname="test sensor 27711"/>
			<item id="27712" losttest="2" iotype="AI" name="Sensor27712_S" textname="test sensor 27712"/>
			<item id="27713" losttest="2" iotype="AI" name="Sensor27713_S" textname="test sensor 27713"/>
			<item id="27714" losttest="2" iotype="AI" name="Sensor27714_S" textname="test sensor 27714"/>
			<item id="27715" losttest="2" iotype="AI" name="Sensor27715_S" textname="test sensor 27715"/>
			<item id="27716" losttest="2" iotype="AI" name="Sensor27716_S" textname="test sensor 27716"/>
			<item id="27717" losttest="2" iotype="AI" name="Sensor27717_S" textname="test sensor 27717"/>
			<item id="27718" losttest="2" iotype="AI" name="Sensor27718_S" textname="test sensor 27718"/>
			<item id="27719" losttest="2" iotype="AI" name="Sensor27719_S" textname="test sensor 27719"/>
			<item id="27720" losttest="2" iotype="AI" name="Sensor27720_S" textname="test sensor 27720"/>
			<item id="27721" losttest="2" iotype="AI" name="Sensor27721_S" textname="test sensor 27721"/>
			<item id="27722" losttest="2" iotype="AI" name="Sensor27722_S" textname="test sensor 27722"/>
			<item id="27723" losttest="2" iotype="AI" name="Sensor27723_S" textname="test sensor 27723"/>
			<item id="27724" losttest="2" iotype="AI" name="Sensor27724_S" textname="test sensor 27724"/>
			<item id="27725" losttest="2" iotype="AI" name="Sensor27725_S" textname="test sensor 27725"/>
			<item id="27726" losttest="2" iotype="AI" name="Sensor27726_S" textname="test sensor 27726"/>
			<item id="27727" losttest="2" iotype="AI" name="Sensor27727_S" textname="test sensor 27727"/>
			<item id="27728" losttest="2" iotype="AI" name="Sensor27728_S" textname="test sensor 27728"/>
			<item id="27729" losttest="2" iotype="AI" name="Sensor27729_S" textname="test sensor 27729"/>
			<item id="27730" losttest="2" iotype="AI" name="Sensor27730_S" textname="test sensor 27730"/>
			<item id="27731" losttest="2" iotype="AI" name="Sensor27731_S" textname="test sensor 27731"/>
			<item id="27732" losttest="2" iotype="AI" name="Sensor27732_S" textname="test sensor 27732"/>
			<item id="27733" losttest="2" iotype="AI" name="Sensor27733_S" textname="test sensor 27733"/>
			<item id="27734" losttest="2" iotype="AI" name="Sensor27734_S" textname="test sensor 27734"/>
			<item id="27735" losttest="2" iotype="AI" name="Sensor27735_S" textname="test sensor 27735"/>
			<item id="27736" losttest="2" iotype="AI" name="Sensor27736_S" textname="test sensor 27736"/>
			<item id="27737" losttest="2" iotype="AI" name="Sensor27737_S" textname="test sensor 27737"/>
			<item id="27738" losttest="2" iotype="AI" name="Sensor27738_S" textname="test sensor 27738"/>
			<item id="27739" losttest="2" iotype="AI" name="Sensor27739_S" textname="test sensor 27739"/>
			<item id="27740" losttest="2" iotype="AI" name="Sensor27740_S" textname="test sensor 27740"/>
			<item id="27741" losttest="2" iotype="AI" name="Sensor27741_S" textname="test sensor 27741"/>
			<item id="27742" losttest="2" iotype="AI" name="Sensor27742_S" textname="test sensor 27742"/>
			<item id="27743" losttest="2" iotype="AI" name="Sensor27743_S" textname="test sensor 27743"/>
			<item id="27744" losttest="2" iotype="AI" name="Sensor27744_S" textname="test sensor 27744"/>
			<item id="27745" losttest="2" iotype="AI" name="Sensor27745_S" textname="test sensor 27745"/>
			<item id="27746" losttest="2" iotype="AI" name="Sensor27746_S" textname="test sensor 27746"/>
			<item id="27747" losttest="2" iotype="AI" name="Sensor27747_S" textname="test sensor 27747"/>
			<item id="27748" losttest="2" iotype="AI" name="Sensor27748_S" textname="test sensor 27748"/>
			<item id="27749" losttest="2" iotype="AI" name="Sensor27749_S" textname="test sensor 27749"/>
			<item id="27750" losttest="2" iotype="AI" name="Sensor27750_S" textname="test sensor 27750"/>
			<item id="27751" losttest="2" iotype="AI" name="Sensor27751_S" textname="test sensor 27751"/>
			<item id="27752" losttest="2" iotype="AI" name="Sensor27752_S" textname="test sensor 27752"/>
			<item id="27753" losttest="2" iotype="AI" name="Sensor27753_S" textname="test sensor 27753"/>
			<item id="27754" losttest="2" iotype="AI" name="Sensor27754_S" textname="test sensor 27754"/>
			<item id="27755" losttest="2" iotype="AI" name="Sensor27755_S" textname="test sensor 27755"/>
			<item id="27756" losttest="2" iotype="AI" name="Sensor27756_S" textname="test sensor 27756"/>
			<item id="27757" losttest="2" iotype="AI" name="Sensor27757_S" textname="test sensor 27757"/>
			<item id="27758" losttest="2" iotype="AI" name="Sensor27758_S" textname="test sensor 27758"/>
			<item id="27759" losttest="2" iotype="AI" name="Sensor27759_S" textname="test sensor 27759"/>
			<item id="27760" losttest="2" iotype="AI" name="Sensor27760_S" textname="test sensor 27760"/>
			<item id="27761" losttest="2" iotype="AI" name="Sensor27761_S" textname="test sensor 27761"/>
			<item id="27762" losttest="2" iotype="AI" name="Sensor27762_S" textname="test sensor 27762"/>
			<item id="27763" losttest="2" iotype="AI" name="Sensor27763_S" textname="test sensor 27763"/>
			<item id="27764" losttest="2" iotype="AI" name="Sensor27764_S" textname="test sensor 27764"/>
			<item id="27765" losttest="2" iotype="AI" name="Sensor27765_S" textname="test sensor 27765"/>
			<item id="27766" losttest="2" iotype="AI" name="Sensor27766_S" textname="test sensor 27766"/>
			<item id="27767" losttest="2" iotype="AI" name="Sensor27767_S" textname="test sensor 27767"/>
			<item id="27768" losttest="2" iotype="AI" name="Sensor27768_S" textname="test sensor 27768"/>
			<item id="27769" losttest="2" iotype="AI" name="Sensor27769_S" textname="test sensor 27769"/>
			<item id="27770" losttest="2" iotype="AI" name="Sensor27770_S" textname="test sensor 27770"/>
			<item id="27771" losttest="2" iotype="AI" name="Sensor27771_S" textname="test sensor 27771"/>
			<item id="27772" losttest="2" iotype="AI" name="Sensor27772_S" textname="test sensor 27772"/>
			<item id="27773" losttest="2" iotype="AI" name="Sensor27773_S" textname="test sensor 27773"/>
			<item id="27774" losttest="2" iotype="AI" name="Sensor27774_S" textname="test sensor 27774"/>
			<item id="27775" losttest="2" iotype="AI" name="Sensor27775_S" textname="test sensor 27775"/>
			<item id="27776" losttest="2" iotype="AI" name="Sensor27776_S" textname="test sensor 27776"/>
			<item id="27777" losttest="2" iotype="AI" name="Sensor27777_S" textname="test sensor 27777"/>
			<item id="27778" losttest="2" iotype="AI" name="Sensor27778_S" textname="test sensor 27778"/>
			<item id="27779" losttest="2" iotype="AI" name="Sensor27779_S" textname="test sensor 27779"/>
			<item id="27780" losttest="2" iotype="AI" name="Sensor27780_S" textname="test sensor 27780"/>
			<item id="27781" losttest="2" iotype="AI" name="Sensor27781_S" textname="test sensor 27781"/>
			<item id="27782" losttest="2" iotype="AI" name="Sensor27782_S" textname="test sensor 27782"/>
			<item id="27783" losttest="2" iotype="AI" name="Sensor27783_S" textname="test sensor 27783"/>
			<item id="27784" losttest="2" iotype="AI" name="Sensor27784_S" textname="test sensor 27784"/>
			<item id="27785" losttest="2" iotype="AI" name="Sensor27785_S" textname="test sensor 27785"/>
			<item id="27786" losttest="2" iotype="AI" name="Sensor27786_S" textname="test sensor 27786"/>
			<item id="27787" losttest="2" iotype="AI" name="Sensor27787_S" textname="test sensor 27787"/>
			<item id="27788" losttest="2" iotype="AI" name="Sensor27788_S" textname="test sensor 27788"/>
			<item id="27789" losttest="2" iotype="AI" name="Sensor27789_S" textname="test sensor 27789"/>
			<item id="27790" losttest="2" iotype="AI" name="Sensor27790_S" textname="test sensor 27790"/>
			<item id="27791" losttest="2" iotype="AI" name="Sensor27791_S" textname="test sensor 27791"/>
			<item id="27792" losttest="2" iotype="AI" name="Sensor27792_S" textname="test sensor 27792"/>
			<item id="27793" losttest="2" iotype="AI" name="Sensor27793_S" textname="test sensor 27793"/>
			<item id="27794" losttest="2" iotype="AI" name="Sensor27794_S" textname="test sensor 27794"/>
			<item id="27795" losttest="2" iotype="AI" name="Sensor27795_S" textname="test sensor 27795"/>
			<item id="27796" losttest="2" iotype="AI" name="Sensor27796_S" textname="test sensor 27796"/>
			<item id="27797" losttest="2" iotype="AI" name="Sensor27797_S" textname="test sensor 27797"/>
			<item id="27798" losttest="2" iotype="AI" name="Sensor27798_S" textname="test sensor 27798"/>
			<item id="27799" losttest="2" iotype="AI" name="Sensor27799_S" textname="test sensor 27799"/>
			<item id="27800" losttest="2" iotype="AI" name="Sensor27800_S" textname="test sensor 27800"/>
			<item id="27801" losttest="2" iotype="AI" name="Sensor27801_S" textname="test sensor 27801"/>
			<item id="27802" losttest="2" iotype="AI" name="Sensor27802_S" textname="test sensor 27802"/>
			<item id="27803" losttest="2" iotype="AI" name="Sensor27803_S" textname="test sensor 27803"/>
			<item id="27804" losttest="2" iotype="AI" name="Sensor27804_S" textname="test sensor 27804"/>
			<item id="27805" losttest="2" iotype="AI" name="Sensor27805_S" textname="test sensor 27805"/>
			<item id="27806" losttest="2" iotype="AI" name="Sensor27806_S" textname="test sensor 27806"/>
			<item id="27807" losttest="2" iotype="AI" name="Sensor27807_S" textname="test sensor 27807"/>
			<item id="27808" losttest="2" iotype="AI" name="Sensor27808_S" textname="test sensor 27808"/>
			<item id="27809" losttest="2" iotype="AI" name="Sensor27809_S" textname="test sensor 27809"/>
			<item id="27810" losttest="2" iotype="AI" name="Sensor27810_S" textname="test sensor 27810"/>
			<item id="27811" losttest="2" iotype="AI" name="Sensor27811_S" textname="test sensor 27811"/>
			<item id="27812" losttest="2" iotype="AI" name="Sensor27812_S" textname="test sensor 27812"/>
			<item id="27813" losttest="2" iotype="AI" name="Sensor27813_S" textname="test sensor 27813"/>
			<item id="27814" losttest="2" iotype="AI" name="Sensor27814_S" textname="test sensor 27814"/>
			<item id="27815" losttest="2" iotype="AI" name="Sensor27815_S" textname="test sensor 27815"/>
			<item id="27816" losttest="2" iotype="AI" name="Sensor27816_S" textname="test sensor 27816"/>
			<item id="27817" losttest="2" iotype="AI" name="Sensor27817_S" textname="test sensor 27817"/>
			<item id="27818" losttest="2" iotype="AI" name="Sensor27818_S" textname="test sensor 27818"/>
			<item id="27819" losttest="2" iotype="AI" name="Sensor27819_S" textname="test sensor 27819"/>
			<item id="27820" losttest="2" iotype="AI" name="Sensor27820_S" textname="test sensor 27820"/>
			<item id="27821" losttest="2" iotype="AI" name="Sensor27821_S" textname="test sensor 27821"/>
			<item id="27822" losttest="2" iotype="AI" name="Sensor27822_S" textname="test sensor 27822"/>
			<item id="27823" losttest="2" iotype="AI" name="Sensor27823_S" textname="test sensor 27823"/>
			<item id="27824" losttest="2" iotype="AI" name="Sensor27824_S" textname="test sensor 27824"/>
			<item id="27825" losttest="2" iotype="AI" name="Sensor27825_S" textname="test sensor 27825"/>
			<item id="27826" losttest="2" iotype="AI" name="Sensor27826_S" textname="test sensor 27826"/>
			<item id="27827" losttest="2" iotype="AI" name="Sensor27827_S" textname="test sensor 27827"/>
			<item id="27828" losttest="2" iotype="AI" name="Sensor27828_S" textname="test sensor 27828"/>
			<item id="27829" losttest="2" iotype="AI" name="Sensor27829_S" textname="test sensor 27829"/>
			<item id="27830" losttest="2" iotype="AI" name="Sensor27830_S" textname="test sensor 27830"/>
			<item id="27831" losttest="2" iotype="AI" name="Sensor27831_S" textname="test sensor 27831"/>
			<item id="27832" losttest="2" iotype="AI" name="Sensor27832_S" textname="test sensor 27832"/>
			<item id="27833" losttest="2" iotype="AI" name="Sensor27833_S" textname="test sensor 27833"/>
			<item id="27834" losttest="2" iotype="AI" name="Sensor27834_S" textname="test sensor 27834"/>
			<item id="27835" losttest="2" iotype="AI" name="Sensor27835_S" textname="test sensor 27835"/>
			<item id="27836" losttest="2" iotype="AI" name="Sensor27836_S" textname="test sensor 27836"/>
			<item id="27837" losttest="2" iotype="AI" name="Sensor27837_S" textname="test sensor 27837"/>
			<item id="27838" losttest="2" iotype="AI" name="Sensor27838_S" textname="test sensor 27838"/>
			<item id="27839" losttest="2" iotype="AI" name="Sensor27839_S" textname="test sensor 27839"/>
			<item id="27840" losttest="2" iotype="AI" name="Sensor27840_S" textname="test sensor 27840"/>
			<item id="27841" losttest="2" iotype="AI" name="Sensor27841_S" textname="test sensor 27841"/>
			<item id="27842" losttest="2" iotype="AI" name="Sensor27842_S" textname="test sensor 27842"/>
			<item id="27843" losttest="2" iotype="AI" name="Sensor27843_S" textname="test sensor 27843"/>
			<item id="27844" losttest="2" iotype="AI" name="Sensor27844_S" textname="test sensor 27844"/>
			<item id="27845" losttest="2" iotype="AI" name="Sensor27845_S" textname="test sensor 27845"/>
			<item id="27846" losttest="2" iotype="AI" name="Sensor27846_S" textname="test sensor 27846"/>
			<item id="27847" losttest="2" iotype="AI" name="Sensor27847_S" textname="test sensor 27847"/>
			<item id="27848" losttest="2" iotype="AI" name="Sensor27848_S" textname="test sensor 27848"/>
			<item id="27849" losttest="2" iotype="AI" name="Sensor27849_S" textname="test sensor 27849"/>
			<item id="27850" losttest="2" iotype="AI" name="Sensor27850_S" textname="test sensor 27850"/>
			<item id="27851" losttest="2" iotype="AI" name="Sensor27851_S" textname="test sensor 27851"/>
			<item id="27852" losttest="2" iotype="AI" name="Sensor27852_S" textname="test sensor 27852"/>
			<item id="27853" losttest="2" iotype="AI" name="Sensor27853_S" textname="test sensor 27853"/>
			<item id="27854" losttest="2" iotype="AI" name="Sensor27854_S" textname="test sensor 27854"/>
			<item id="27855" losttest="2" iotype="AI" name="Sensor27855_S" textname="test sensor 27855"/>
			<item id="27856" losttest="2" iotype="AI" name="Sensor27856_S" textname="test sensor 27856"/>
			<item id="27857" losttest="2" iotype="AI" name="Sensor27857_S" textname="test sensor 27857"/>
			<item id="27858" losttest="2" iotype="AI" name="Sensor27858_S" textname="test sensor 27858"/>
			<item id="27859" losttest="2" iotype="AI" name="Sensor27859_S" textname="test sensor 27859"/>
			<item id="27860" losttest="2" iotype="AI" name="Sensor27860_S" textname="test sensor 27860"/>
			<item id="27861" losttest="2" iotype="AI" name="Sensor27861_S" textname="test sensor 27861"/>
			<item id="27862" losttest="2" iotype="AI" name="Sensor27862_S" textname="test sensor 27862"/>
			<item id="27863" losttest="2" iotype="AI" name="Sensor27863_S" textname="test sensor 27863"/>
			<item id="27864" losttest="2" iotype="AI" name="Sensor27864_S" textname="test sensor 27864"/>
			<item id="27865" losttest="2" iotype="AI" name="Sensor27865_S" textname="test sensor 27865"/>
			<item id="27866" losttest="2" iotype="AI" name="Sensor27866_S" textname="test sensor 27866"/>
			<item id="27867" losttest="2" iotype="AI" name="Sensor27867_S" textname="test sensor 27867"/>
			<item id="27868" losttest="2" iotype="AI" name="Sensor27868_S" textname="test sensor 27868"/>
			<item id="27869" losttest="2" iotype="AI" name="Sensor27869_S" textname="test sensor 27869"/>
			<item id="27870" losttest="2" iotype="AI" name="Sensor27870_S" textname="test sensor 27870"/>
			<item id="27871" losttest="2" iotype="AI" name="Sensor27871_S" textname="test sensor 27871"/>
			<item id="27872" losttest="2" iotype="AI" name="Sensor27872_S" textname="test sensor 27872"/>
			<item id="27873" losttest="2" iotype="AI" name="Sensor27873_S" textname="test sensor 27873"/>
			<item id="27874" losttest="2" iotype="AI" name="Sensor27874_S" textname="test sensor 27874"/>
			<item id="27875" losttest="2" iotype="AI" name="Sensor27875_S" textname="test sensor 27875"/>
			<item id="27876" losttest="2" iotype="AI" name="Sensor27876_S" textname="test sensor 27876"/>
			<item id="27877" losttest="2" iotype="AI" name="Sensor27877_S" textname="test sensor 27877"/>
			<item id="27878" losttest="2" iotype="AI" name="Sensor27878_S" textname="test sensor 27878"/>
			<item id="27879" losttest="2" iotype="AI" name="Sensor27879_S" textname="test sensor 27879"/>
			<item id="27880" losttest="2" iotype="AI" name="Sensor27880_S" textname="test sensor 27880"/>
			<item id="27881" losttest="2" iotype="AI" name="Sensor27881_S" textname="test sensor 27881"/>
			<item id="27882" losttest="2" iotype="AI" name="Sensor27882_S" textname="test sensor 27882"/>
			<item id="27883" losttest="2" iotype="AI" name="Sensor27883_S" textname="test sensor 27883"/>
			<item id="27884" losttest="2" iotype="AI" name="Sensor27884_S" textname="test sensor 27884"/>
			<item id="27885" losttest="2" iotype="AI" name="Sensor27885_S" textname="test sensor 27885"/>
			<item id="27886" losttest="2" iotype="AI" name="Sensor27886_S" textname="test sensor 27886"/>
			<item id="27887" losttest="2" iotype="AI" name="Sensor27887_S" textname="test sensor 27887"/>
			<item id="27888" losttest="2" iotype="AI" name="Sensor27888_S" textname="test sensor 27888"/>
			<item id="27889" losttest="2" iotype="AI" name="Sensor27889_S" textname="test sensor 27889"/>
			<item id="27890" losttest="2" iotype="AI" name="Sensor27890_S" textname="test sensor 27890"/>
			<item id="27891" losttest="2" iotype="AI" name="Sensor27891_S" textname="test sensor 27891"/>
			<item id="27892" losttest="2" iotype="AI" name="Sensor27892_S" textname="test sensor 27892"/>
			<item id="27893" losttest="2" iotype="AI" name="Sensor27893_S" textname="test sensor 27893"/>
			<item id="27894" losttest="2" iotype="AI" name="Sensor27894_S" textname="test sensor 27894"/>
			<item id="27895" losttest="2" iotype="AI" name="Sensor27895_S" textname="test sensor 27895"/>
			<item id="27896" losttest="2" iotype="AI" name="Sensor27896_S" textname="test sensor 27896"/>
			<item id="27897" losttest="2" iotype="AI" name="Sensor27897_S" textname="test sensor 27897"/>
			<item id="27898" losttest="2" iotype="AI" name="Sensor27898_S" textname="test sensor 27898"/>
			<item id="27899" losttest="2" iotype="AI" name="Sensor27899_S" textname="test sensor 27899"/>
			<item id="27900" losttest="2" iotype="AI" name="Sensor27900_S" textname="test sensor 27900"/>
			<item id="27901" losttest="2" iotype="AI" name="Sensor27901_S" textname="test sensor 27901"/>
			<item id="27902" losttest="2" iotype="AI" name="Sensor27902_S" textname="test sensor 27902"/>
			<item id="27903" losttest="2" iotype="AI" name="Sensor27903_S" textname="test sensor 27903"/>
			<item id="27904" losttest="2" iotype="AI" name="Sensor27904_S" textname="test sensor 27904"/>
			<item id="27905" losttest="2" iotype="AI" name="Sensor27905_S" textname="test sensor 27905"/>
			<item id="27906" losttest="2" iotype="AI" name="Sensor27906_S" textname="test sensor 27906"/>
			<item id="27907" losttest="2" iotype="AI" name="Sensor27907_S" textname="test sensor 27907"/>
			<item id="27908" losttest="2" iotype="AI" name="Sensor27908_S" textname="test sensor 27908"/>
			<item id="27909" losttest="2" iotype="AI" name="Sensor27909_S" textname="test sensor 27909"/>
			<item id="27910" losttest="2" iotype="AI" name="Sensor27910_S" textname="test sensor 27910"/>
			<item id="27911" losttest="2" iotype="AI" name="Sensor27911_S" textname="test sensor 27911"/>
			<item id="27912" losttest="2" iotype="AI" name="Sensor27912_S" textname="test sensor 27912"/>
			<item id="27913" losttest="2" iotype="AI" name="Sensor27913_S" textname="test sensor 27913"/>
			<item id="27914" losttest="2" iotype="AI" name="Sensor27914_S" textname="test sensor 27914"/>
			<item id="27915" losttest="2" iotype="AI" name="Sensor27915_S" textname="test sensor 27915"/>
			<item id="27916" losttest="2" iotype="AI" name="Sensor27916_S" textname="test sensor 27916"/>
			<item id="27917" losttest="2" iotype="AI" name="Sensor27917_S" textname="test sensor 27917"/>
			<item id="27918" losttest="2" iotype="AI" name="Sensor27918_S" textname="test sensor 27918"/>
			<item id="27919" losttest="2" iotype="AI" name="Sensor27919_S" textname="test sensor 27919"/>
			<item id="27920" losttest="2" iotype="AI" name="Sensor27920_S" textname="test sensor 27920"/>
			<item id="27921" losttest="2" iotype="AI" name="Sensor27921_S" textname="test sensor 27921"/>
			<item id="27922" losttest="2" iotype="AI" name="Sensor27922_S" textname="test sensor 27922"/>
			<item id="27923" losttest="2" iotype="AI" name="Sensor27923_S" textname="test sensor 27923"/>
			<item id="27924" losttest="2" iotype="AI" name="Sensor27924_S" textname="test sensor 27924"/>
			<item id="27925" losttest="2" iotype="AI" name="Sensor27925_S" textname="test sensor 27925"/>
			<item id="27926" losttest="2" iotype="AI" name="Sensor27926_S" textname="test sensor 27926"/>
			<item id="27927" losttest="2" iotype="AI" name="Sensor27927_S" textname="test sensor 27927"/>
			<item id="27928" losttest="2" iotype="AI" name="Sensor27928_S" textname="test sensor 27928"/>
			<item id="27929" losttest="2" iotype="AI" name="Sensor27929_S" textname="test sensor 27929"/>
			<item id="27930" losttest="2" iotype="AI" name="Sensor27930_S" textname="test sensor 27930"/>
			<item id="27931" losttest="2" iotype="AI" name="Sensor27931_S" textname="test sensor 27931"/>
			<item id="27932" losttest="2" iotype="AI" name="Sensor27932_S" textname="test sensor 27932"/>
			<item id="27933" losttest="2" iotype="AI" name="Sensor27933_S" textname="test sensor 27933"/>
			<item id="27934" losttest="2" iotype="AI" name="Sensor27934_S" textname="test sensor 27934"/>
			<item id="27935" losttest="2" iotype="AI" name="Sensor27935_S" textname="test sensor 27935"/>
			<item id="27936" losttest="2" iotype="AI" name="Sensor27936_S" textname="test sensor 27936"/>
			<item id="27937" losttest="2" iotype="AI" name="Sensor27937_S" textname="test sensor 27937"/>
			<item id="27938" losttest="2" iotype="AI" name="Sensor27938_S" textname="test sensor 27938"/>
			<item id="27939" losttest="2" iotype="AI" name="Sensor27939_S" textname="test sensor 27939"/>
			<item id="27940" losttest="2" iotype="AI" name="Sensor27940_S" textname="test sensor 27940"/>
			<item id="27941" losttest="2" iotype="AI" name="Sensor27941_S" textname="test sensor 27941"/>
			<item id="27942" losttest="2" iotype="AI" name="Sensor27942_S" textname="test sensor 27942"/>
			<item id="27943" losttest="2" iotype="AI" name="Sensor27943_S" textname="test sensor 27943"/>
			<item id="27944" losttest="2" iotype="AI" name="Sensor27944_S" textname="test sensor 27944"/>
			<item id="27945" losttest="2" iotype="AI" name="Sensor27945_S" textname="test sensor 27945"/>
			<item id="27946" losttest="2" iotype="AI" name="Sensor27946_S" textname="test sensor 27946"/>
			<item id="27947" losttest="2" iotype="AI" name="Sensor27947_S" textname="test sensor 27947"/>
			<item id="27948" losttest="2" iotype="AI" name="Sensor27948_S" textname="test sensor 27948"/>
			<item id="27949" losttest="2" iotype="AI" name="Sensor27949_S" textname="test sensor 27949"/>
			<item id="27950" losttest="2" iotype="AI" name="Sensor27950_S" textname="test sensor 27950"/>
			<item id="27951" losttest="2" iotype="AI" name="Sensor27951_S" textname="test sensor 27951"/>
			<item id="27952" losttest="2" iotype="AI" name="Sensor27952_S" textname="test sensor 27952"/>
			<item id="27953" losttest="2" iotype="AI" name="Sensor27953_S" textname="test sensor 27953"/>
			<item id="27954" losttest="2" iotype="AI" name="Sensor27954_S" textname="test sensor 27954"/>
			<item id="27955" losttest="2" iotype="AI" name="Sensor27955_S" textname="test sensor 27955"/>
			<item id="27956" losttest="2" iotype="AI" name="Sensor27956_S" textname="test sensor 27956"/>
			<item id="27957" losttest="2" iotype="AI" name="Sensor27957_S" textname="test sensor 27957"/>
			<item id="27958" losttest="2" iotype="AI" name="Sensor27958_S" textname="test sensor 27958"/>
			<item id="27959" losttest="2" iotype="AI" name="Sensor27959_S" textname="test sensor 27959"/>
			<item id="27960" losttest="2" iotype="AI" name="Sensor27960_S" textname="test sensor 27960"/>
			<item id="27961" losttest="2" iotype="AI" name="Sensor27961_S" textname="test sensor 27961"/>
			<item id="27962" losttest="2" iotype="AI" name="Sensor27962_S" textname="test sensor 27962"/>
			<item id="27963" losttest="2" iotype="AI" name="Sensor27963_S" textname="test sensor 27963"/>
			<item id="27964" losttest="2" iotype="AI" name="Sensor27964_S" textname="test sensor 27964"/>
			<item id="27965" losttest="2" iotype="AI" name="Sensor27965_S" textname="test sensor 27965"/>
			<item id="27966" losttest="2" iotype="AI" name="Sensor27966_S" textname="test sensor 27966"/>
			<item id="27967" losttest="2" iotype="AI" name="Sensor27967_S" textname="test sensor 27967"/>
			<item id="27968" losttest="2" iotype="AI" name="Sensor27968_S" textname="test sensor 27968"/>
			<item id="27969" losttest="2" iotype="AI" name="Sensor27969_S" textname="test sensor 27969"/>
			<item id="27970" losttest="2" iotype="AI" name="Sensor27970_S" textname="test sensor 27970"/>
			<item id="27971" losttest="2" iotype="AI" name="Sensor27971_S" textname="test sensor 27971"/>
			<item id="27972" losttest="2" iotype="AI" name="Sensor27972_S" textname="test sensor 27972"/>
			<item id="27973" losttest="2" iotype="AI" name="Sensor27973_S" textname="test sensor 27973"/>
			<item id="27974" losttest="2" iotype="AI" name="Sensor27974_S" textname="test sensor 27974"/>
			<item id="27975" losttest="2" iotype="AI" name="Sensor27975_S" textname="test sensor 27975"/>
			<item id="27976" losttest="2" iotype="AI" name="Sensor27976_S" textname="test sensor 27976"/>
			<item id="27977" losttest="2" iotype="AI" name="Sensor27977_S" textname="test sensor 27977"/>
			<item id="27978" losttest="2" iotype="AI" name="Sensor27978_S" textname="test sensor 27978"/>
			<item id="27979" losttest="2" iotype="AI" name="Sensor27979_S" textname="test sensor 27979"/>
			<item id="27980" losttest="2" iotype="AI" name="Sensor27980_S" textname="test sensor 27980"/>
			<item id="27981" losttest="2" iotype="AI" name="Sensor27981_S" textname="test sensor 27981"/>
			<item id="27982" losttest="2" iotype="AI" name="Sensor27982_S" textname="test sensor 27982"/>
			<item id="27983" losttest="2" iotype="AI" name="Sensor27983_S" textname="test sensor 27983"/>
			<item id="27984" losttest="2" iotype="AI" name="Sensor27984_S" textname="test sensor 27984"/>
			<item id="27985" losttest="2" iotype="AI" name="Sensor27985_S" textname="test sensor 27985"/>
			<item id="27986" losttest="2" iotype="AI" name="Sensor27986_S" textname="test sensor 27986"/>
			<item id="27987" losttest="2" iotype="AI" name="Sensor27987_S" textname="test sensor 27987"/>
			<item id="27988" losttest="2" iotype="AI" name="Sensor27988_S" textname="test sensor 27988"/>
			<item id="27989" losttest="2" iotype="AI" name="Sensor27989_S" textname="test sensor 27989"/>
			<item id="27990" losttest="2" iotype="AI" name="Sensor27990_S" textname="test sensor 27990"/>
			<item id="27991" losttest="2" iotype="AI" name="Sensor27991_S" textname="test sensor 27991"/>
			<item id="27992" losttest="2" iotype="AI" name="Sensor27992_S" textname="test sensor 27992"/>
			<item id="27993" losttest="2" iotype="AI" name="Sensor27993_S" textname="test sensor 27993"/>
			<item id="27994" losttest="2" iotype="AI" name="Sensor27994_S" textname="test sensor 27994"/>
			<item id="27995" losttest="2" iotype="AI" name="Sensor27995_S" textname="test sensor 27995"/>
			<item id="27996" losttest="2" iotype="AI" name="Sensor27996_S" textname="test sensor 27996"/>
			<item id="27997" losttest="2" iotype="AI" name="Sensor27997_S" textname="test sensor 27997"/>
			<item id="27998" losttest="2" iotype="AI" name="Sensor27998_S" textname="test sensor 27998"/>
			<item id="27999" losttest="2" iotype="AI" name="Sensor27999_S" textname="test sensor 27999"/>
			<item id="28000" losttest="2" iotype="AI" name="Sensor28000_S" textname="test sensor 28000"/>
			<item id="28001" losttest="2" iotype="AI" name="Sensor28001_S" textname="test sensor 28001"/>
			<item id="28002" losttest="2" iotype="AI" name="Sensor28002_S" textname="test sensor 28002"/>
			<item id="28003" losttest="2" iotype="AI" name="Sensor28003_S" textname="test sensor 28003"/>
			<item id="28004" losttest="2" iotype="AI" name="Sensor28004_S" textname="test sensor 28004"/>
			<item id="28005" losttest="2" iotype="AI" name="Sensor28005_S" textname="test sensor 28005"/>
			<item id="28006" losttest="2" iotype="AI" name="Sensor28006_S" textname="test sensor 28006"/>
			<item id="28007" losttest="2" iotype="AI" name="Sensor28007_S" textname="test sensor 28007"/>
			<item id="28008" losttest="2" iotype="AI" name="Sensor28008_S" textname="test sensor 28008"/>
			<item id="28009" losttest="2" iotype="AI" name="Sensor28009_S" textname="test sensor 28009"/>
			<item id="28010" losttest="2" iotype="AI" name="Sensor28010_S" textname="test sensor 28010"/>
			<item id="28011" losttest="2" iotype="AI" name="Sensor28011_S" textname="test sensor 28011"/>
			<item id="28012" losttest="2" iotype="AI" name="Sensor28012_S" textname="test sensor 28012"/>
			<item id="28013" losttest="2" iotype="AI" name="Sensor28013_S" textname="test sensor 28013"/>
			<item id="28014" losttest="2" iotype="AI" name="Sensor28014_S" textname="test sensor 28014"/>
			<item id="28015" losttest="2" iotype="AI" name="Sensor28015_S" textname="test sensor 28015"/>
			<item id="28016" losttest="2" iotype="AI" name="Sensor28016_S" textname="test sensor 28016"/>
			<item id="28017" losttest="2" iotype="AI" name="Sensor28017_S" textname="test sensor 28017"/>
			<item id="28018" losttest="2" iotype="AI" name="Sensor28018_S" textname="test sensor 28018"/>
			<item id="28019" losttest="2" iotype="AI" name="Sensor28019_S" textname="test sensor 28019"/>
			<item id="28020" losttest="2" iotype="AI" name="Sensor28020_S" textname="test sensor 28020"/>
			<item id="28021" losttest="2" iotype="AI" name="Sensor28021_S" textname="test sensor 28021"/>
			<item id="28022" losttest="2" iotype="AI" name="Sensor28022_S" textname="test sensor 28022"/>
			<item id="28023" losttest="2" iotype="AI" name="Sensor28023_S" textname="test sensor 28023"/>
			<item id="28024" losttest="2" iotype="AI" name="Sensor28024_S" textname="test sensor 28024"/>
			<item id="28025" losttest="2" iotype="AI" name="Sensor28025_S" textname="test sensor 28025"/>
			<item id="28026" losttest="2" iotype="AI" name="Sensor28026_S" textname="test sensor 28026"/>
			<item id="28027" losttest="2" iotype="AI" name="Sensor28027_S" textname="test sensor 28027"/>
			<item id="28028" losttest="2" iotype="AI" name="Sensor28028_S" textname="test sensor 28028"/>
			<item id="28029" losttest="2" iotype="AI" name="Sensor28029_S" textname="test sensor 28029"/>
			<item id="28030" losttest="2" iotype="AI" name="Sensor28030_S" textname="test sensor 28030"/>
			<item id="28031" losttest="2" iotype="AI" name="Sensor28031_S" textname="test sensor 28031"/>
			<item id="28032" losttest="2" iotype="AI" name="Sensor28032_S" textname="test sensor 28032"/>
			<item id="28033" losttest="2" iotype="AI" name="Sensor28033_S" textname="test sensor 28033"/>
			<item id="28034" losttest="2" iotype="AI" name="Sensor28034_S" textname="test sensor 28034"/>
			<item id="28035" losttest="2" iotype="AI" name="Sensor28035_S" textname="test sensor 28035"/>
			<item id="28036" losttest="2" iotype="AI" name="Sensor28036_S" textname="test sensor 28036"/>
			<item id="28037" losttest="2" iotype="AI" name="Sensor28037_S" textname="test sensor 28037"/>
			<item id="28038" losttest="2" iotype="AI" name="Sensor28038_S" textname="test sensor 28038"/>
			<item id="28039" losttest="2" iotype="AI" name="Sensor28039_S" textname="test sensor 28039"/>
			<item id="28040" losttest="2" iotype="AI" name="Sensor28040_S" textname="test sensor 28040"/>
			<item id="28041" losttest="2" iotype="AI" name="Sensor28041_S" textname="test sensor 28041"/>
			<item id="28042" losttest="2" iotype="AI" name="Sensor28042_S" textname="test sensor 28042"/>
			<item id="28043" losttest="2" iotype="AI" name="Sensor28043_S" textname="test sensor 28043"/>
			<item id="28044" losttest="2" iotype="AI" name="Sensor28044_S" textname="test sensor 28044"/>
			<item id="28045" losttest="2" iotype="AI" name="Sensor28045_S" textname="test sensor 28045"/>
			<item id="28046" losttest="2" iotype="AI" name="Sensor28046_S" textname="test sensor 28046"/>
			<item id="28047" losttest="2" iotype="AI" name="Sensor28047_S" textname="test sensor 28047"/>
			<item id="28048" losttest="2" iotype="AI" name="Sensor28048_S" textname="test sensor 28048"/>
			<item id="28049" losttest="2" iotype="AI" name="Sensor28049_S" textname="test sensor 28049"/>
			<item id="28050" losttest="2" iotype="AI" name="Sensor28050_S" textname="test sensor 28050"/>
			<item id="28051" losttest="2" iotype="AI" name="Sensor28051_S" textname="test sensor 28051"/>
			<item id="28052" losttest="2" iotype="AI" name="Sensor28052_S" textname="test sensor 28052"/>
			<item id="28053" losttest="2" iotype="AI" name="Sensor28053_S" textname="test sensor 28053"/>
			<item id="28054" losttest="2" iotype="AI" name="Sensor28054_S" textname="test sensor 28054"/>
			<item id="28055" losttest="2" iotype="AI" name="Sensor28055_S" textname="test sensor 28055"/>
			<item id="28056" losttest="2" iotype="AI" name="Sensor28056_S" textname="test sensor 28056"/>
			<item id="28057" losttest="2" iotype="AI" name="Sensor28057_S" textname="test sensor 28057"/>
			<item id="28058" losttest="2" iotype="AI" name="Sensor28058_S" textname="test sensor 28058"/>
			<item id="28059" losttest="2" iotype="AI" name="Sensor28059_S" textname="test sensor 28059"/>
			<item id="28060" losttest="2" iotype="AI" name="Sensor28060_S" textname="test sensor 28060"/>
			<item id="28061" losttest="2" iotype="AI" name="Sensor28061_S" textname="test sensor 28061"/>
			<item id="28062" losttest="2" iotype="AI" name="Sensor28062_S" textname="test sensor 28062"/>
			<item id="28063" losttest="2" iotype="AI" name="Sensor28063_S" textname="test sensor 28063"/>
			<item id="28064" losttest="2" iotype="AI" name="Sensor28064_S" textname="test sensor 28064"/>
			<item id="28065" losttest="2" iotype="AI" name="Sensor28065_S" textname="test sensor 28065"/>
			<item id="28066" losttest="2" iotype="AI" name="Sensor28066_S" textname="test sensor 28066"/>
			<item id="28067" losttest="2" iotype="AI" name="Sensor28067_S" textname="test sensor 28067"/>
			<item id="28068" losttest="2" iotype="AI" name="Sensor28068_S" textname="test sensor 28068"/>
			<item id="28069" losttest="2" iotype="AI" name="Sensor28069_S" textname="test sensor 28069"/>
			<item id="28070" losttest="2" iotype="AI" name="Sensor28070_S" textname="test sensor 28070"/>
			<item id="28071" losttest="2" iotype="AI" name="Sensor28071_S" textname="test sensor 28071"/>
			<item id="28072" losttest="2" iotype="AI" name="Sensor28072_S" textname="test sensor 28072"/>
			<item id="28073" losttest="2" iotype="AI" name="Sensor28073_S" textname="test sensor 28073"/>
			<item id="28074" losttest="2" iotype="AI" name="Sensor28074_S" textname="test sensor 28074"/>
			<item id="28075" losttest="2" iotype="AI" name="Sensor28075_S" textname="test sensor 28075"/>
			<item id="28076" losttest="2" iotype="AI" name="Sensor28076_S" textname="test sensor 28076"/>
			<item id="28077" losttest="2" iotype="AI" name="Sensor28077_S" textname="test sensor 28077"/>
			<item id="28078" losttest="2" iotype="AI" name="Sensor28078_S" textname="test sensor 28078"/>
			<item id="28079" losttest="2" iotype="AI" name="Sensor28079_S" textname="test sensor 28079"/>
			<item id="28080" losttest="2" iotype="AI" name="Sensor28080_S" textname="test sensor 28080"/>
			<item id="28081" losttest="2" iotype="AI" name="Sensor28081_S" textname="test sensor 28081"/>
			<item id="28082" losttest="2" iotype="AI" name="Sensor28082_S" textname="test sensor 28082"/>
			<item id="28083" losttest="2" iotype="AI" name="Sensor28083_S" textname="test sensor 28083"/>
			<item id="28084" losttest="2" iotype="AI" name="Sensor28084_S" textname="test sensor 28084"/>
			<item id="28085" losttest="2" iotype="AI" name="Sensor28085_S" textname="test sensor 28085"/>
			<item id="28086" losttest="2" iotype="AI" name="Sensor28086_S" textname="test sensor 28086"/>
			<item id="28087" losttest="2" iotype="AI" name="Sensor28087_S" textname="test sensor 28087"/>
			<item id="28088" losttest="2" iotype="AI" name="Sensor28088_S" textname="test sensor 28088"/>
			<item id="28089" losttest="2" iotype="AI" name="Sensor28089_S" textname="test sensor 28089"/>
			<item id="28090" losttest="2" iotype="AI" name="Sensor28090_S" textname="test sensor 28090"/>
			<item id="28091" losttest="2" iotype="AI" name="Sensor28091_S" textname="test sensor 28091"/>
			<item id="28092" losttest="2" iotype="AI" name="Sensor28092_S" textname="test sensor 28092"/>
			<item id="28093" losttest="2" iotype="AI" name="Sensor28093_S" textname="test sensor 28093"/>
			<item id="28094" losttest="2" iotype="AI" name="Sensor28094_S" textname="test sensor 28094"/>
			<item id="28095" losttest="2" iotype="AI" name="Sensor28095_S" textname="test sensor 28095"/>
			<item id="28096" losttest="2" iotype="AI" name="Sensor28096_S" textname="test sensor 28096"/>
			<item id="28097" losttest="2" iotype="AI" name="Sensor28097_S" textname="test sensor 28097"/>
			<item id="28098" losttest="2" iotype="AI" name="Sensor28098_S" textname="test sensor 28098"/>
			<item id="28099" losttest="2" iotype="AI" name="Sensor28099_S" textname="test sensor 28099"/>
			<item id="28100" losttest="2" iotype="AI" name="Sensor28100_S" textname="test sensor 28100"/>
			<item id="28101" losttest="2" iotype="AI" name="Sensor28101_S" textname="test sensor 28101"/>
			<item id="28102" losttest="2" iotype="AI" name="Sensor28102_S" textname="test sensor 28102"/>
			<item id="28103" losttest="2" iotype="AI" name="Sensor28103_S" textname="test sensor 28103"/>
			<item id="28104" losttest="2" iotype="AI" name="Sensor28104_S" textname="test sensor 28104"/>
			<item id="28105" losttest="2" iotype="AI" name="Sensor28105_S" textname="test sensor 28105"/>
			<item id="28106" losttest="2" iotype="AI" name="Sensor28106_S" textname="test sensor 28106"/>
			<item id="28107" losttest="2" iotype="AI" name="Sensor28107_S" textname="test sensor 28107"/>
			<item id="28108" losttest="2" iotype="AI" name="Sensor28108_S" textname="test sensor 28108"/>
			<item id="28109" losttest="2" iotype="AI" name="Sensor28109_S" textname="test sensor 28109"/>
			<item id="28110" losttest="2" iotype="AI" name="Sensor28110_S" textname="test sensor 28110"/>
			<item id="28111" losttest="2" iotype="AI" name="Sensor28111_S" textname="test sensor 28111"/>
			<item id="28112" losttest="2" iotype="AI" name="Sensor28112_S" textname="test sensor 28112"/>
			<item id="28113" losttest="2" iotype="AI" name="Sensor28113_S" textname="test sensor 28113"/>
			<item id="28114" losttest="2" iotype="AI" name="Sensor28114_S" textname="test sensor 28114"/>
			<item id="28115" losttest="2" iotype="AI" name="Sensor28115_S" textname="test sensor 28115"/>
			<item id="28116" losttest="2" iotype="AI" name="Sensor28116_S" textname="test sensor 28116"/>
			<item id="28117" losttest="2" iotype="AI" name="Sensor28117_S" textname="test sensor 28117"/>
			<item id="28118" losttest="2" iotype="AI" name="Sensor28118_S" textname="test sensor 28118"/>
			<item id="28119" losttest="2" iotype="AI" name="Sensor28119_S" textname="test sensor 28119"/>
			<item id="28120" losttest="2" iotype="AI" name="Sensor28120_S" textname="test sensor 28120"/>
			<item id="28121" losttest="2" iotype="AI" name="Sensor28121_S" textname="test sensor 28121"/>
			<item id="28122" losttest="2" iotype="AI" name="Sensor28122_S" textname="test sensor 28122"/>
			<item id="28123" losttest="2" iotype="AI" name="Sensor28123_S" textname="test sensor 28123"/>
			<item id="28124" losttest="2" iotype="AI" name="Sensor28124_S" textname="test sensor 28124"/>
			<item id="28125" losttest="2" iotype="AI" name="Sensor28125_S" textname="test sensor 28125"/>
			<item id="28126" losttest="2" iotype="AI" name="Sensor28126_S" textname="test sensor 28126"/>
			<item id="28127" losttest="2" iotype="AI" name="Sensor28127_S" textname="test sensor 28127"/>
			<item id="28128" losttest="2" iotype="AI" name="Sensor28128_S" textname="test sensor 28128"/>
			<item id="28129" losttest="2" iotype="AI" name="Sensor28129_S" textname="test sensor 28129"/>
			<item id="28130" losttest="2" iotype="AI" name="Sensor28130_S" textname="test sensor 28130"/>
			<item id="28131" losttest="2" iotype="AI" name="Sensor28131_S" textname="test sensor 28131"/>
			<item id="28132" losttest="2" iotype="AI" name="Sensor28132_S" textname="test sensor 28132"/>
			<item id="28133" losttest="2" iotype="AI" name="Sensor28133_S" textname="test sensor 28133"/>
			<item id="28134" losttest="2" iotype="AI" name="Sensor28134_S" textname="test sensor 28134"/>
			<item id="28135" losttest="2" iotype="AI" name="Sensor28135_S" textname="test sensor 28135"/>
			<item id="28136" losttest="2" iotype="AI" name="Sensor28136_S" textname="test sensor 28136"/>
			<item id="28137" losttest="2" iotype="AI" name="Sensor28137_S" textname="test sensor 28137"/>
			<item id="28138" losttest="2" iotype="AI" name="Sensor28138_S" textname="test sensor 28138"/>
			<item id="28139" losttest="2" iotype="AI" name="Sensor28139_S" textname="test sensor 28139"/>
			<item id="28140" losttest="2" iotype="AI" name="Sensor28140_S" textname="test sensor 28140"/>
			<item id="28141" losttest="2" iotype="AI" name="Sensor28141_S" textname="test sensor 28141"/>
			<item id="28142" losttest="2" iotype="AI" name="Sensor28142_S" textname="test sensor 28142"/>
			<item id="28143" losttest="2" iotype="AI" name="Sensor28143_S" textname="test sensor 28143"/>
			<item id="28144" losttest="2" iotype="AI" name="Sensor28144_S" textname="test sensor 28144"/>
			<item id="28145" losttest="2" iotype="AI" name="Sensor28145_S" textname="test sensor 28145"/>
			<item id="28146" losttest="2" iotype="AI" name="Sensor28146_S" textname="test sensor 28146"/>
			<item id="28147" losttest="2" iotype="AI" name="Sensor28147_S" textname="test sensor 28147"/>
			<item id="28148" losttest="2" iotype="AI" name="Sensor28148_S" textname="test sensor 28148"/>
			<item id="28149" losttest="2" iotype="AI" name="Sensor28149_S" textname="test sensor 28149"/>
			<item id="28150" losttest="2" iotype="AI" name="Sensor28150_S" textname="test sensor 28150"/>
			<item id="28151" losttest="2" iotype="AI" name="Sensor28151_S" textname="test sensor 28151"/>
			<item id="28152" losttest="2" iotype="AI" name="Sensor28152_S" textname="test sensor 28152"/>
			<item id="28153" losttest="2" iotype="AI" name="Sensor28153_S" textname="test sensor 28153"/>
			<item id="28154" losttest="2" iotype="AI" name="Sensor28154_S" textname="test sensor 28154"/>
			<item id="28155" losttest="2" iotype="AI" name="Sensor28155_S" textname="test sensor 28155"/>
			<item id="28156" losttest="2" iotype="AI" name="Sensor28156_S" textname="test sensor 28156"/>
			<item id="28157" losttest="2" iotype="AI" name="Sensor28157_S" textname="test sensor 28157"/>
			<item id="28158" losttest="2" iotype="AI" name="Sensor28158_S" textname="test sensor 28158"/>
			<item id="28159" losttest="2" iotype="AI" name="Sensor28159_S" textname="test sensor 28159"/>
			<item id="28160" losttest="2" iotype="AI" name="Sensor28160_S" textname="test sensor 28160"/>
			<item id="28161" losttest="2" iotype="AI" name="Sensor28161_S" textname="test sensor 28161"/>
			<item id="28162" losttest="2" iotype="AI" name="Sensor28162_S" textname="test sensor 28162"/>
			<item id="28163" losttest="2" iotype="AI" name="Sensor28163_S" textname="test sensor 28163"/>
			<item id="28164" losttest="2" iotype="AI" name="Sensor28164_S" textname="test sensor 28164"/>
			<item id="28165" losttest="2" iotype="AI" name="Sensor28165_S" textname="test sensor 28165"/>
			<item id="28166" losttest="2" iotype="AI" name="Sensor28166_S" textname="test sensor 28166"/>
			<item id="28167" losttest="2" iotype="AI" name="Sensor28167_S" textname="test sensor 28167"/>
			<item id="28168" losttest="2" iotype="AI" name="Sensor28168_S" textname="test sensor 28168"/>
			<item id="28169" losttest="2" iotype="AI" name="Sensor28169_S" textname="test sensor 28169"/>
			<item id="28170" losttest="2" iotype="AI" name="Sensor28170_S" textname="test sensor 28170"/>
			<item id="28171" losttest="2" iotype="AI" name="Sensor28171_S" textname="test sensor 28171"/>
			<item id="28172" losttest="2" iotype="AI" name="Sensor28172_S" textname="test sensor 28172"/>
			<item id="28173" losttest="2" iotype="AI" name="Sensor28173_S" textname="test sensor 28173"/>
			<item id="28174" losttest="2" iotype="AI" name="Sensor28174_S" textname="test sensor 28174"/>
			<item id="28175" losttest="2" iotype="AI" name="Sensor28175_S" textname="test sensor 28175"/>
			<item id="28176" losttest="2" iotype="AI" name="Sensor28176_S" textname="test sensor 28176"/>
			<item id="28177" losttest="2" iotype="AI" name="Sensor28177_S" textname="test sensor 28177"/>
			<item id="28178" losttest="2" iotype="AI" name="Sensor28178_S" textname="test sensor 28178"/>
			<item id="28179" losttest="2" iotype="AI" name="Sensor28179_S" textname="test sensor 28179"/>
			<item id="28180" losttest="2" iotype="AI" name="Sensor28180_S" textname="test sensor 28180"/>
			<item id="28181" losttest="2" iotype="AI" name="Sensor28181_S" textname="test sensor 28181"/>
			<item id="28182" losttest="2" iotype="AI" name="Sensor28182_S" textname="test sensor 28182"/>
			<item id="28183" losttest="2" iotype="AI" name="Sensor28183_S" textname="test sensor 28183"/>
			<item id="28184" losttest="2" iotype="AI" name="Sensor28184_S" textname="test sensor 28184"/>
			<item id="28185" losttest="2" iotype="AI" name="Sensor28185_S" textname="test sensor 28185"/>
			<item id="28186" losttest="2" iotype="AI" name="Sensor28186_S" textname="test sensor 28186"/>
			<item id="28187" losttest="2" iotype="AI" name="Sensor28187_S" textname="test sensor 28187"/>
			<item id="28188" losttest="2" iotype="AI" name="Sensor28188_S" textname="test sensor 28188"/>
			<item id="28189" losttest="2" iotype="AI" name="Sensor28189_S" textname="test sensor 28189"/>
			<item id="28190" losttest="2" iotype="AI" name="Sensor28190_S" textname="test sensor 28190"/>
			<item id="28191" losttest="2" iotype="AI" name="Sensor28191_S" textname="test sensor 28191"/>
			<item id="28192" losttest="2" iotype="AI" name="Sensor28192_S" textname="test sensor 28192"/>
			<item id="28193" losttest="2" iotype="AI" name="Sensor28193_S" textname="test sensor 28193"/>
			<item id="28194" losttest="2" iotype="AI" name="Sensor28194_S" textname="test sensor 28194"/>
			<item id="28195" losttest="2" iotype="AI" name="Sensor28195_S" textname="test sensor 28195"/>
			<item id="28196" losttest="2" iotype="AI" name="Sensor28196_S" textname="test sensor 28196"/>
			<item id="28197" losttest="2" iotype="AI" name="Sensor28197_S" textname="test sensor 28197"/>
			<item id="28198" losttest="2" iotype="AI" name="Sensor28198_S" textname="test sensor 28198"/>
			<item id="28199" losttest="2" iotype="AI" name="Sensor28199_S" textname="test sensor 28199"/>
			<item id="28200" losttest="2" iotype="AI" name="Sensor28200_S" textname="test sensor 28200"/>
			<item id="28201" losttest="2" iotype="AI" name="Sensor28201_S" textname="test sensor 28201"/>
			<item id="28202" losttest="2" iotype="AI" name="Sensor28202_S" textname="test sensor 28202"/>
			<item id="28203" losttest="2" iotype="AI" name="Sensor28203_S" textname="test sensor 28203"/>
			<item id="28204" losttest="2" iotype="AI" name="Sensor28204_S" textname="test sensor 28204"/>
			<item id="28205" losttest="2" iotype="AI" name="Sensor28205_S" textname="test sensor 28205"/>
			<item id="28206" losttest="2" iotype="AI" name="Sensor28206_S" textname="test sensor 28206"/>
			<item id="28207" losttest="2" iotype="AI" name="Sensor28207_S" textname="test sensor 28207"/>
			<item id="28208" losttest="2" iotype="AI" name="Sensor28208_S" textname="test sensor 28208"/>
			<item id="28209" losttest="2" iotype="AI" name="Sensor28209_S" textname="test sensor 28209"/>
			<item id="28210" losttest="2" iotype="AI" name="Sensor28210_S" textname="test sensor 28210"/>
			<item id="28211" losttest="2" iotype="AI" name="Sensor28211_S" textname="test sensor 28211"/>
			<item id="28212" losttest="2" iotype="AI" name="Sensor28212_S" textname="test sensor 28212"/>
			<item id="28213" losttest="2" iotype="AI" name="Sensor28213_S" textname="test sensor 28213"/>
			<item id="28214" losttest="2" iotype="AI" name="Sensor28214_S" textname="test sensor 28214"/>
			<item id="28215" losttest="2" iotype="AI" name="Sensor28215_S" textname="test sensor 28215"/>
			<item id="28216" losttest="2" iotype="AI" name="Sensor28216_S" textname="test sensor 28216"/>
			<item id="28217" losttest="2" iotype="AI" name="Sensor28217_S" textname="test sensor 28217"/>
			<item id="28218" losttest="2" iotype="AI" name="Sensor28218_S" textname="test sensor 28218"/>
			<item id="28219" losttest="2" iotype="AI" name="Sensor28219_S" textname="test sensor 28219"/>
			<item id="28220" losttest="2" iotype="AI" name="Sensor28220_S" textname="test sensor 28220"/>
			<item id="28221" losttest="2" iotype="AI" name="Sensor28221_S" textname="test sensor 28221"/>
			<item id="28222" losttest="2" iotype="AI" name="Sensor28222_S" textname="test sensor 28222"/>
			<item id="28223" losttest="2" iotype="AI" name="Sensor28223_S" textname="test sensor 28223"/>
			<item id="28224" losttest="2" iotype="AI" name="Sensor28224_S" textname="test sensor 28224"/>
			<item id="28225" losttest="2" iotype="AI" name="Sensor28225_S" textname="test sensor 28225"/>
			<item id="28226" losttest="2" iotype="AI" name="Sensor28226_S" textname="test sensor 28226"/>
			<item id="28227" losttest="2" iotype="AI" name="Sensor28227_S" textname="test sensor 28227"/>
			<item id="28228" losttest="2" iotype="AI" name="Sensor28228_S" textname="test sensor 28228"/>
			<item id="28229" losttest="2" iotype="AI" name="Sensor28229_S" textname="test sensor 28229"/>
			<item id="28230" losttest="2" iotype="AI" name="Sensor28230_S" textname="test sensor 28230"/>
			<item id="28231" losttest="2" iotype="AI" name="Sensor28231_S" textname="test sensor 28231"/>
			<item id="28232" losttest="2" iotype="AI" name="Sensor28232_S" textname="test sensor 28232"/>
			<item id="28233" losttest="2" iotype="AI" name="Sensor28233_S" textname="test sensor 28233"/>
			<item id="28234" losttest="2" iotype="AI" name="Sensor28234_S" textname="test sensor 28234"/>
			<item id="28235" losttest="2" iotype="AI" name="Sensor28235_S" textname="test sensor 28235"/>
			<item id="28236" losttest="2" iotype="AI" name="Sensor28236_S" textname="test sensor 28236"/>
			<item id="28237" losttest="2" iotype="AI" name="Sensor28237_S" textname="test sensor 28237"/>
			<item id="28238" losttest="2" iotype="AI" name="Sensor28238_S" textname="test sensor 28238"/>
			<item id="28239" losttest="2" iotype="AI" name="Sensor28239_S" textname="test sensor 28239"/>
			<item id="28240" losttest="2" iotype="AI" name="Sensor28240_S" textname="test sensor 28240"/>
			<item id="28241" losttest="2" iotype="AI" name="Sensor28241_S" textname="test sensor 28241"/>
			<item id="28242" losttest="2" iotype="AI" name="Sensor28242_S" textname="test sensor 28242"/>
			<item id="28243" losttest="2" iotype="AI" name="Sensor28243_S" textname="test sensor 28243"/>
			<item id="28244" losttest="2" iotype="AI" name="Sensor28244_S" textname="test sensor 28244"/>
			<item id="28245" losttest="2" iotype="AI" name="Sensor28245_S" textname="test sensor 28245"/>
			<item id="28246" losttest="2" iotype="AI" name="Sensor28246_S" textname="test sensor 28246"/>
			<item id="28247" losttest="2" iotype="AI" name="Sensor28247_S" textname="test sensor 28247"/>
			<item id="28248" losttest="2" iotype="AI" name="Sensor28248_S" textname="test sensor 28248"/>
			<item id="28249" losttest="2" iotype="AI" name="Sensor28249_S" textname="test sensor 28249"/>
			<item id="28250" losttest="2" iotype="AI" name="Sensor28250_S" textname="test sensor 28250"/>
			<item id="28251" losttest="2" iotype="AI" name="Sensor28251_S" textname="test sensor 28251"/>
			<item id="28252" losttest="2" iotype="AI" name="Sensor28252_S" textname="test sensor 28252"/>
			<item id="28253" losttest="2" iotype="AI" name="Sensor28253_S" textname="test sensor 28253"/>
			<item id="28254" losttest="2" iotype="AI" name="Sensor28254_S" textname="test sensor 28254"/>
			<item id="28255" losttest="2" iotype="AI" name="Sensor28255_S" textname="test sensor 28255"/>
			<item id="28256" losttest="2" iotype="AI" name="Sensor28256_S" textname="test sensor 28256"/>
			<item id="28257" losttest="2" iotype="AI" name="Sensor28257_S" textname="test sensor 28257"/>
			<item id="28258" losttest="2" iotype="AI" name="Sensor28258_S" textname="test sensor 28258"/>
			<item id="28259" losttest="2" iotype="AI" name="Sensor28259_S" textname="test sensor 28259"/>
			<item id="28260" losttest="2" iotype="AI" name="Sensor28260_S" textname="test sensor 28260"/>
			<item id="28261" losttest="2" iotype="AI" name="Sensor28261_S" textname="test sensor 28261"/>
			<item id="28262" losttest="2" iotype="AI" name="Sensor28262_S" textname="test sensor 28262"/>
			<item id="28263" losttest="2" iotype="AI" name="Sensor28263_S" textname="test sensor 28263"/>
			<item id="28264" losttest="2" iotype="AI" name="Sensor28264_S" textname="test sensor 28264"/>
			<item id="28265" losttest="2" iotype="AI" name="Sensor28265_S" textname="test sensor 28265"/>
			<item id="28266" losttest="2" iotype="AI" name="Sensor28266_S" textname="test sensor 28266"/>
			<item id="28267" losttest="2" iotype="AI" name="Sensor28267_S" textname="test sensor 28267"/>
			<item id="28268" losttest="2" iotype="AI" name="Sensor28268_S" textname="test sensor 28268"/>
			<item id="28269" losttest="2" iotype="AI" name="Sensor28269_S" textname="test sensor 28269"/>
			<item id="28270" losttest="2" iotype="AI" name="Sensor28270_S" textname="test sensor 28270"/>
			<item id="28271" losttest="2" iotype="AI" name="Sensor28271_S" textname="test sensor 28271"/>
			<item id="28272" losttest="2" iotype="AI" name="Sensor28272_S" textname="test sensor 28272"/>
			<item id="28273" losttest="2" iotype="AI" name="Sensor28273_S" textname="test sensor 28273"/>
			<item id="28274" losttest="2" iotype="AI" name="Sensor28274_S" textname="test sensor 28274"/>
			<item id="28275" losttest="2" iotype="AI" name="Sensor28275_S" textname="test sensor 28275"/>
			<item id="28276" losttest="2" iotype="AI" name="Sensor28276_S" textname="test sensor 28276"/>
			<item id="28277" losttest="2" iotype="AI" name="Sensor28277_S" textname="test sensor 28277"/>
			<item id="28278" losttest="2" iotype="AI" name="Sensor28278_S" textname="test sensor 28278"/>
			<item id="28279" losttest="2" iotype="AI" name="Sensor28279_S" textname="test sensor 28279"/>
			<item id="28280" losttest="2" iotype="AI" name="Sensor28280_S" textname="test sensor 28280"/>
			<item id="28281" losttest="2" iotype="AI" name="Sensor28281_S" textname="test sensor 28281"/>
			<item id="28282" losttest="2" iotype="AI" name="Sensor28282_S" textname="test sensor 28282"/>
			<item id="28283" losttest="2" iotype="AI" name="Sensor28283_S" textname="test sensor 28283"/>
			<item id="28284" losttest="2" iotype="AI" name="Sensor28284_S" textname="test sensor 28284"/>
			<item id="28285" losttest="2" iotype="AI" name="Sensor28285_S" textname="test sensor 28285"/>
			<item id="28286" losttest="2" iotype="AI" name="Sensor28286_S" textname="test sensor 28286"/>
			<item id="28287" losttest="2" iotype="AI" name="Sensor28287_S" textname="test sensor 28287"/>
			<item id="28288" losttest="2" iotype="AI" name="Sensor28288_S" textname="test sensor 28288"/>
			<item id="28289" losttest="2" iotype="AI" name="Sensor28289_S" textname="test sensor 28289"/>
			<item id="28290" losttest="2" iotype="AI" name="Sensor28290_S" textname="test sensor 28290"/>
			<item id="28291" losttest="2" iotype="AI" name="Sensor28291_S" textname="test sensor 28291"/>
			<item id="28292" losttest="2" iotype="AI" name="Sensor28292_S" textname="test sensor 28292"/>
			<item id="28293" losttest="2" iotype="AI" name="Sensor28293_S" textname="test sensor 28293"/>
			<item id="28294" losttest="2" iotype="AI" name="Sensor28294_S" textname="test sensor 28294"/>
			<item id="28295" losttest="2" iotype="AI" name="Sensor28295_S" textname="test sensor 28295"/>
			<item id="28296" losttest="2" iotype="AI" name="Sensor28296_S" textname="test sensor 28296"/>
			<item id="28297" losttest="2" iotype="AI" name="Sensor28297_S" textname="test sensor 28297"/>
			<item id="28298" losttest="2" iotype="AI" name="Sensor28298_S" textname="test sensor 28298"/>
			<item id="28299" losttest="2" iotype="AI" name="Sensor28299_S" textname="test sensor 28299"/>
			<item id="28300" losttest="2" iotype="AI" name="Sensor28300_S" textname="test sensor 28300"/>
			<item id="28301" losttest="2" iotype="AI" name="Sensor28301_S" textname="test sensor 28301"/>
			<item id="28302" losttest="2" iotype="AI" name="Sensor28302_S" textname="test sensor 28302"/>
			<item id="28303" losttest="2" iotype="AI" name="Sensor28303_S" textname="test sensor 28303"/>
			<item id="28304" losttest="2" iotype="AI" name="Sensor28304_S" textname="test sensor 28304"/>
			<item id="28305" losttest="2" iotype="AI" name="Sensor28305_S" textname="test sensor 28305"/>
			<item id="28306" losttest="2" iotype="AI" name="Sensor28306_S" textname="test sensor 28306"/>
			<item id="28307" losttest="2" iotype="AI" name="Sensor28307_S" textname="test sensor 28307"/>
			<item id="28308" losttest="2" iotype="AI" name="Sensor28308_S" textname="test sensor 28308"/>
			<item id="28309" losttest="2" iotype="AI" name="Sensor28309_S" textname="test sensor 28309"/>
			<item id="28310" losttest="2" iotype="AI" name="Sensor28310_S" textname="test sensor 28310"/>
			<item id="28311" losttest="2" iotype="AI" name="Sensor28311_S" textname="test sensor 28311"/>
			<item id="28312" losttest="2" iotype="AI" name="Sensor28312_S" textname="test sensor 28312"/>
			<item id="28313" losttest="2" iotype="AI" name="Sensor28313_S" textname="test sensor 28313"/>
			<item id="28314" losttest="2" iotype="AI" name="Sensor28314_S" textname="test sensor 28314"/>
			<item id="28315" losttest="2" iotype="AI" name="Sensor28315_S" textname="test sensor 28315"/>
			<item id="28316" losttest="2" iotype="AI" name="Sensor28316_S" textname="test sensor 28316"/>
			<item id="28317" losttest="2" iotype="AI" name="Sensor28317_S" textname="test sensor 28317"/>
			<item id="28318" losttest="2" iotype="AI" name="Sensor28318_S" textname="test sensor 28318"/>
			<item id="28319" losttest="2" iotype="AI" name="Sensor28319_S" textname="test sensor 28319"/>
			<item id="28320" losttest="2" iotype="AI" name="Sensor28320_S" textname="test sensor 28320"/>
			<item id="28321" losttest="2" iotype="AI" name="Sensor28321_S" textname="test sensor 28321"/>
			<item id="28322" losttest="2" iotype="AI" name="Sensor28322_S" textname="test sensor 28322"/>
			<item id="28323" losttest="2" iotype="AI" name="Sensor28323_S" textname="test sensor 28323"/>
			<item id="28324" losttest="2" iotype="AI" name="Sensor28324_S" textname="test sensor 28324"/>
			<item id="28325" losttest="2" iotype="AI" name="Sensor28325_S" textname="test sensor 28325"/>
			<item id="28326" losttest="2" iotype="AI" name="Sensor28326_S" textname="test sensor 28326"/>
			<item id="28327" losttest="2" iotype="AI" name="Sensor28327_S" textname="test sensor 28327"/>
			<item id="28328" losttest="2" iotype="AI" name="Sensor28328_S" textname="test sensor 28328"/>
			<item id="28329" losttest="2" iotype="AI" name="Sensor28329_S" textname="test sensor 28329"/>
			<item id="28330" losttest="2" iotype="AI" name="Sensor28330_S" textname="test sensor 28330"/>
			<item id="28331" losttest="2" iotype="AI" name="Sensor28331_S" textname="test sensor 28331"/>
			<item id="28332" losttest="2" iotype="AI" name="Sensor28332_S" textname="test sensor 28332"/>
			<item id="28333" losttest="2" iotype="AI" name="Sensor28333_S" textname="test sensor 28333"/>
			<item id="28334" losttest="2" iotype="AI" name="Sensor28334_S" textname="test sensor 28334"/>
			<item id="28335" losttest="2" iotype="AI" name="Sensor28335_S" textname="test sensor 28335"/>
			<item id="28336" losttest="2" iotype="AI" name="Sensor28336_S" textname="test sensor 28336"/>
			<item id="28337" losttest="2" iotype="AI" name="Sensor28337_S" textname="test sensor 28337"/>
			<item id="28338" losttest="2" iotype="AI" name="Sensor28338_S" textname="test sensor 28338"/>
			<item id="28339" losttest="2" iotype="AI" name="Sensor28339_S" textname="test sensor 28339"/>
			<item id="28340" losttest="2" iotype="AI" name="Sensor28340_S" textname="test sensor 28340"/>
			<item id="28341" losttest="2" iotype="AI" name="Sensor28341_S" textname="test sensor 28341"/>
			<item id="28342" losttest="2" iotype="AI" name="Sensor28342_S" textname="test sensor 28342"/>
			<item id="28343" losttest="2" iotype="AI" name="Sensor28343_S" textname="test sensor 28343"/>
			<item id="28344" losttest="2" iotype="AI" name="Sensor28344_S" textname="test sensor 28344"/>
			<item id="28345" losttest="2" iotype="AI" name="Sensor28345_S" textname="test sensor 28345"/>
			<item id="28346" losttest="2" iotype="AI" name="Sensor28346_S" textname="test sensor 28346"/>
			<item id="28347" losttest="2" iotype="AI" name="Sensor28347_S" textname="test sensor 28347"/>
			<item id="28348" losttest="2" iotype="AI" name="Sensor28348_S" textname="test sensor 28348"/>
			<item id="28349" losttest="2" iotype="AI" name="Sensor28349_S" textname="test sensor 28349"/>
			<item id="28350" losttest="2" iotype="AI" name="Sensor28350_S" textname="test sensor 28350"/>
			<item id="28351" losttest="2" iotype="AI" name="Sensor28351_S" textname="test sensor 28351"/>
			<item id="28352" losttest="2" iotype="AI" name="Sensor28352_S" textname="test sensor 28352"/>
			<item id="28353" losttest="2" iotype="AI" name="Sensor28353_S" textname="test sensor 28353"/>
			<item id="28354" losttest="2" iotype="AI" name="Sensor28354_S" textname="test sensor 28354"/>
			<item id="28355" losttest="2" iotype="AI" name="Sensor28355_S" textname="test sensor 28355"/>
			<item id="28356" losttest="2" iotype="AI" name="Sensor28356_S" textname="test sensor 28356"/>
			<item id="28357" losttest="2" iotype="AI" name="Sensor28357_S" textname="test sensor 28357"/>
			<item id="28358" losttest="2" iotype="AI" name="Sensor28358_S" textname="test sensor 28358"/>
			<item id="28359" losttest="2" iotype="AI" name="Sensor28359_S" textname="test sensor 28359"/>
			<item id="28360" losttest="2" iotype="AI" name="Sensor28360_S" textname="test sensor 28360"/>
			<item id="28361" losttest="2" iotype="AI" name="Sensor28361_S" textname="test sensor 28361"/>
			<item id="28362" losttest="2" iotype="AI" name="Sensor28362_S" textname="test sensor 28362"/>
			<item id="28363" losttest="2" iotype="AI" name="Sensor28363_S" textname="test sensor 28363"/>
			<item id="28364" losttest="2" iotype="AI" name="Sensor28364_S" textname="test sensor 28364"/>
			<item id="28365" losttest="2" iotype="AI" name="Sensor28365_S" textname="test sensor 28365"/>
			<item id="28366" losttest="2" iotype="AI" name="Sensor28366_S" textname="test sensor 28366"/>
			<item id="28367" losttest="2" iotype="AI" name="Sensor28367_S" textname="test sensor 28367"/>
			<item id="28368" losttest="2" iotype="AI" name="Sensor28368_S" textname="test sensor 28368"/>
			<item id="28369" losttest="2" iotype="AI" name="Sensor28369_S" textname="test sensor 28369"/>
			<item id="28370" losttest="2" iotype="AI" name="Sensor28370_S" textname="test sensor 28370"/>
			<item id="28371" losttest="2" iotype="AI" name="Sensor28371_S" textname="test sensor 28371"/>
			<item id="28372" losttest="2" iotype="AI" name="Sensor28372_S" textname="test sensor 28372"/>
			<item id="28373" losttest="2" iotype="AI" name="Sensor28373_S" textname="test sensor 28373"/>
			<item id="28374" losttest="2" iotype="AI" name="Sensor28374_S" textname="test sensor 28374"/>
			<item id="28375" losttest="2" iotype="AI" name="Sensor28375_S" textname="test sensor 28375"/>
			<item id="28376" losttest="2" iotype="AI" name="Sensor28376_S" textname="test sensor 28376"/>
			<item id="28377" losttest="2" iotype="AI" name="Sensor28377_S" textname="test sensor 28377"/>
			<item id="28378" losttest="2" iotype="AI" name="Sensor28378_S" textname="test sensor 28378"/>
			<item id="28379" losttest="2" iotype="AI" name="Sensor28379_S" textname="test sensor 28379"/>
			<item id="28380" losttest="2" iotype="AI" name="Sensor28380_S" textname="test sensor 28380"/>
			<item id="28381" losttest="2" iotype="AI" name="Sensor28381_S" textname="test sensor 28381"/>
			<item id="28382" losttest="2" iotype="AI" name="Sensor28382_S" textname="test sensor 28382"/>
			<item id="28383" losttest="2" iotype="AI" name="Sensor28383_S" textname="test sensor 28383"/>
			<item id="28384" losttest="2" iotype="AI" name="Sensor28384_S" textname="test sensor 28384"/>
			<item id="28385" losttest="2" iotype="AI" name="Sensor28385_S" textname="test sensor 28385"/>
			<item id="28386" losttest="2" iotype="AI" name="Sensor28386_S" textname="test sensor 28386"/>
			<item id="28387" losttest="2" iotype="AI" name="Sensor28387_S" textname="test sensor 28387"/>
			<item id="28388" losttest="2" iotype="AI" name="Sensor28388_S" textname="test sensor 28388"/>
			<item id="28389" losttest="2" iotype="AI" name="Sensor28389_S" textname="test sensor 28389"/>
			<item id="28390" losttest="2" iotype="AI" name="Sensor28390_S" textname="test sensor 28390"/>
			<item id="28391" losttest="2" iotype="AI" name="Sensor28391_S" textname="test sensor 28391"/>
			<item id="28392" losttest="2" iotype="AI" name="Sensor28392_S" textname="test sensor 28392"/>
			<item id="28393" losttest="2" iotype="AI" name="Sensor28393_S" textname="test sensor 28393"/>
			<item id="28394" losttest="2" iotype="AI" name="Sensor28394_S" textname="test sensor 28394"/>
			<item id="28395" losttest="2" iotype="AI" name="Sensor28395_S" textname="test sensor 28395"/>
			<item id="28396" losttest="2" iotype="AI" name="Sensor28396_S" textname="test sensor 28396"/>
			<item id="28397" losttest="2" iotype="AI" name="Sensor28397_S" textname="test sensor 28397"/>
			<item id="28398" losttest="2" iotype="AI" name="Sensor28398_S" textname="test sensor 28398"/>
			<item id="28399" losttest="2" iotype="AI" name="Sensor28399_S" textname="test sensor 28399"/>
			<item id="28400" losttest="2" iotype="AI" name="Sensor28400_S" textname="test sensor 28400"/>
			<item id="28401" losttest="2" iotype="AI" name="Sensor28401_S" textname="test sensor 28401"/>
			<item id="28402" losttest="2" iotype="AI" name="Sensor28402_S" textname="test sensor 28402"/>
			<item id="28403" losttest="2" iotype="AI" name="Sensor28403_S" textname="test sensor 28403"/>
			<item id="28404" losttest="2" iotype="AI" name="Sensor28404_S" textname="test sensor 28404"/>
			<item id="28405" losttest="2" iotype="AI" name="Sensor28405_S" textname="test sensor 28405"/>
			<item id="28406" losttest="2" iotype="AI" name="Sensor28406_S" textname="test sensor 28406"/>
			<item id="28407" losttest="2" iotype="AI" name="Sensor28407_S" textname="test sensor 28407"/>
			<item id="28408" losttest="2" iotype="AI" name="Sensor28408_S" textname="test sensor 28408"/>
			<item id="28409" losttest="2" iotype="AI" name="Sensor28409_S" textname="test sensor 28409"/>
			<item id="28410" losttest="2" iotype="AI" name="Sensor28410_S" textname="test sensor 28410"/>
			<item id="28411" losttest="2" iotype="AI" name="Sensor28411_S" textname="test sensor 28411"/>
			<item id="28412" losttest="2" iotype="AI" name="Sensor28412_S" textname="test sensor 28412"/>
			<item id="28413" losttest="2" iotype="AI" name="Sensor28413_S" textname="test sensor 28413"/>
			<item id="28414" losttest="2" iotype="AI" name="Sensor28414_S" textname="test sensor 28414"/>
			<item id="28415" losttest="2" iotype="AI" name="Sensor28415_S" textname="test sensor 28415"/>
			<item id="28416" losttest="2" iotype="AI" name="Sensor28416_S" textname="test sensor 28416"/>
			<item id="28417" losttest="2" iotype="AI" name="Sensor28417_S" textname="test sensor 28417"/>
			<item id="28418" losttest="2" iotype="AI" name="Sensor28418_S" textname="test sensor 28418"/>
			<item id="28419" losttest="2" iotype="AI" name="Sensor28419_S" textname="test sensor 28419"/>
			<item id="28420" losttest="2" iotype="AI" name="Sensor28420_S" textname="test sensor 28420"/>
			<item id="28421" losttest="2" iotype="AI" name="Sensor28421_S" textname="test sensor 28421"/>
			<item id="28422" losttest="2" iotype="AI" name="Sensor28422_S" textname="test sensor 28422"/>
			<item id="28423" losttest="2" iotype="AI" name="Sensor28423_S" textname="test sensor 28423"/>
			<item id="28424" losttest="2" iotype="AI" name="Sensor28424_S" textname="test sensor 28424"/>
			<item id="28425" losttest="2" iotype="AI" name="Sensor28425_S" textname="test sensor 28425"/>
			<item id="28426" losttest="2" iotype="AI" name="Sensor28426_S" textname="test sensor 28426"/>
			<item id="28427" losttest="2" iotype="AI" name="Sensor28427_S" textname="test sensor 28427"/>
			<item id="28428" losttest="2" iotype="AI" name="Sensor28428_S" textname="test sensor 28428"/>
			<item id="28429" losttest="2" iotype="AI" name="Sensor28429_S" textname="test sensor 28429"/>
			<item id="28430" losttest="2" iotype="AI" name="Sensor28430_S" textname="test sensor 28430"/>
			<item id="28431" losttest="2" iotype="AI" name="Sensor28431_S" textname="test sensor 28431"/>
			<item id="28432" losttest="2" iotype="AI" name="Sensor28432_S" textname="test sensor 28432"/>
			<item id="28433" losttest="2" iotype="AI" name="Sensor28433_S" textname="test sensor 28433"/>
			<item id="28434" losttest="2" iotype="AI" name="Sensor28434_S" textname="test sensor 28434"/>
			<item id="28435" losttest="2" iotype="AI" name="Sensor28435_S" textname="test sensor 28435"/>
			<item id="28436" losttest="2" iotype="AI" name="Sensor28436_S" textname="test sensor 28436"/>
			<item id="28437" losttest="2" iotype="AI" name="Sensor28437_S" textname="test sensor 28437"/>
			<item id="28438" losttest="2" iotype="AI" name="Sensor28438_S" textname="test sensor 28438"/>
			<item id="28439" losttest="2" iotype="AI" name="Sensor28439_S" textname="test sensor 28439"/>
			<item id="28440" losttest="2" iotype="AI" name="Sensor28440_S" textname="test sensor 28440"/>
			<item id="28441" losttest="2" iotype="AI" name="Sensor28441_S" textname="test sensor 28441"/>
			<item id="28442" losttest="2" iotype="AI" name="Sensor28442_S" textname="test sensor 28442"/>
			<item id="28443" losttest="2" iotype="AI" name="Sensor28443_S" textname="test sensor 28443"/>
			<item id="28444" losttest="2" iotype="AI" name="Sensor28444_S" textname="test sensor 28444"/>
			<item id="28445" losttest="2" iotype="AI" name="Sensor28445_S" textname="test sensor 28445"/>
			<item id="28446" losttest="2" iotype="AI" name="Sensor28446_S" textname="test sensor 28446"/>
			<item id="28447" losttest="2" iotype="AI" name="Sensor28447_S" textname="test sensor 28447"/>
			<item id="28448" losttest="2" iotype="AI" name="Sensor28448_S" textname="test sensor 28448"/>
			<item id="28449" losttest="2" iotype="AI" name="Sensor28449_S" textname="test sensor 28449"/>
			<item id="28450" losttest="2" iotype="AI" name="Sensor28450_S" textname="test sensor 28450"/>
			<item id="28451" losttest="2" iotype="AI" name="Sensor28451_S" textname="test sensor 28451"/>
			<item id="28452" losttest="2" iotype="AI" name="Sensor28452_S" textname="test sensor 28452"/>
			<item id="28453" losttest="2" iotype="AI" name="Sensor28453_S" textname="test sensor 28453"/>
			<item id="28454" losttest="2" iotype="AI" name="Sensor28454_S" textname="test sensor 28454"/>
			<item id="28455" losttest="2" iotype="AI" name="Sensor28455_S" textname="test sensor 28455"/>
			<item id="28456" losttest="2" iotype="AI" name="Sensor28456_S" textname="test sensor 28456"/>
			<item id="28457" losttest="2" iotype="AI" name="Sensor28457_S" textname="test sensor 28457"/>
			<item id="28458" losttest="2" iotype="AI" name="Sensor28458_S" textname="test sensor 28458"/>
			<item id="28459" losttest="2" iotype="AI" name="Sensor28459_S" textname="test sensor 28459"/>
			<item id="28460" losttest="2" iotype="AI" name="Sensor28460_S" textname="test sensor 28460"/>
			<item id="28461" losttest="2" iotype="AI" name="Sensor28461_S" textname="test sensor 28461"/>
			<item id="28462" losttest="2" iotype="AI" name="Sensor28462_S" textname="test sensor 28462"/>
			<item id="28463" losttest="2" iotype="AI" name="Sensor28463_S" textname="test sensor 28463"/>
			<item id="28464" losttest="2" iotype="AI" name="Sensor28464_S" textname="test sensor 28464"/>
			<item id="28465" losttest="2" iotype="AI" name="Sensor28465_S" textname="test sensor 28465"/>
			<item id="28466" losttest="2" iotype="AI" name="Sensor28466_S" textname="test sensor 28466"/>
			<item id="28467" losttest="2" iotype="AI" name="Sensor28467_S" textname="test sensor 28467"/>
			<item id="28468" losttest="2" iotype="AI" name="Sensor28468_S" textname="test sensor 28468"/>
			<item id="28469" losttest="2" iotype="AI" name="Sensor28469_S" textname="test sensor 28469"/>
			<item id="28470" losttest="2" iotype="AI" name="Sensor28470_S" textname="test sensor 28470"/>
			<item id="28471" losttest="2" iotype="AI" name="Sensor28471_S" textname="test sensor 28471"/>
			<item id="28472" losttest="2" iotype="AI" name="Sensor28472_S" textname="test sensor 28472"/>
			<item id="28473" losttest="2" iotype="AI" name="Sensor28473_S" textname="test sensor 28473"/>
			<item id="28474" losttest="2" iotype="AI" name="Sensor28474_S" textname="test sensor 28474"/>
			<item id="28475" losttest="2" iotype="AI" name="Sensor28475_S" textname="test sensor 28475"/>
			<item id="28476" losttest="2" iotype="AI" name="Sensor28476_S" textname="test sensor 28476"/>
			<item id="28477" losttest="2" iotype="AI" name="Sensor28477_S" textname="test sensor 28477"/>
			<item id="28478" losttest="2" iotype="AI" name="Sensor28478_S" textname="test sensor 28478"/>
			<item id="28479" losttest="2" iotype="AI" name="Sensor28479_S" textname="test sensor 28479"/>
			<item id="28480" losttest="2" iotype="AI" name="Sensor28480_S" textname="test sensor 28480"/>
			<item id="28481" losttest="2" iotype="AI" name="Sensor28481_S" textname="test sensor 28481"/>
			<item id="28482" losttest="2" iotype="AI" name="Sensor28482_S" textname="test sensor 28482"/>
			<item id="28483" losttest="2" iotype="AI" name="Sensor28483_S" textname="test sensor 28483"/>
			<item id="28484" losttest="2" iotype="AI" name="Sensor28484_S" textname="test sensor 28484"/>
			<item id="28485" losttest="2" iotype="AI" name="Sensor28485_S" textname="test sensor 28485"/>
			<item id="28486" losttest="2" iotype="AI" name="Sensor28486_S" textname="test sensor 28486"/>
			<item id="28487" losttest="2" iotype="AI" name="Sensor28487_S" textname="test sensor 28487"/>
			<item id="28488" losttest="2" iotype="AI" name="Sensor28488_S" textname="test sensor 28488"/>
			<item id="28489" losttest="2" iotype="AI" name="Sensor28489_S" textname="test sensor 28489"/>
			<item id="28490" losttest="2" iotype="AI" name="Sensor28490_S" textname="test sensor 28490"/>
			<item id="28491" losttest="2" iotype="AI" name="Sensor28491_S" textname="test sensor 28491"/>
			<item id="28492" losttest="2" iotype="AI" name="Sensor28492_S" textname="test sensor 28492"/>
			<item id="28493" losttest="2" iotype="AI" name="Sensor28493_S" textname="test sensor 28493"/>
			<item id="28494" losttest="2" iotype="AI" name="Sensor28494_S" textname="test sensor 28494"/>
			<item id="28495" losttest="2" iotype="AI" name="Sensor28495_S" textname="test sensor 28495"/>
			<item id="28496" losttest="2" iotype="AI" name="Sensor28496_S" textname="test sensor 28496"/>
			<item id="28497" losttest="2" iotype="AI" name="Sensor28497_S" textname="test sensor 28497"/>
			<item id="28498" losttest="2" iotype="AI" name="Sensor28498_S" textname="test sensor 28498"/>
			<item id="28499" losttest="2" iotype="AI" name="Sensor28499_S" textname="test sensor 28499"/>
			<item id="28500" losttest="2" iotype="AI" name="Sensor28500_S" textname="test sensor 28500"/>
			<item id="28501" losttest="2" iotype="AI" name="Sensor28501_S" textname="test sensor 28501"/>
			<item id="28502" losttest="2" iotype="AI" name="Sensor28502_S" textname="test sensor 28502"/>
			<item id="28503" losttest="2" iotype="AI" name="Sensor28503_S" textname="test sensor 28503"/>
			<item id="28504" losttest="2" iotype="AI" name="Sensor28504_S" textname="test sensor 28504"/>
			<item id="28505" losttest="2" iotype="AI" name="Sensor28505_S" textname="test sensor 28505"/>
			<item id="28506" losttest="2" iotype="AI" name="Sensor28506_S" textname="test sensor 28506"/>
			<item id="28507" losttest="2" iotype="AI" name="Sensor28507_S" textname="test sensor 28507"/>
			<item id="28508" losttest="2" iotype="AI" name="Sensor28508_S" textname="test sensor 28508"/>
			<item id="28509" losttest="2" iotype="AI" name="Sensor28509_S" textname="test sensor 28509"/>
			<item id="28510" losttest="2" iotype="AI" name="Sensor28510_S" textname="test sensor 28510"/>
			<item id="28511" losttest="2" iotype="AI" name="Sensor28511_S" textname="test sensor 28511"/>
			<item id="28512" losttest="2" iotype="AI" name="Sensor28512_S" textname="test sensor 28512"/>
			<item id="28513" losttest="2" iotype="AI" name="Sensor28513_S" textname="test sensor 28513"/>
			<item id="28514" losttest="2" iotype="AI" name="Sensor28514_S" textname="test sensor 28514"/>
			<item id="28515" losttest="2" iotype="AI" name="Sensor28515_S" textname="test sensor 28515"/>
			<item id="28516" losttest="2" iotype="AI" name="Sensor28516_S" textname="test sensor 28516"/>
			<item id="28517" losttest="2" iotype="AI" name="Sensor28517_S" textname="test sensor 28517"/>
			<item id="28518" losttest="2" iotype="AI" name="Sensor28518_S" textname="test sensor 28518"/>
			<item id="28519" losttest="2" iotype="AI" name="Sensor28519_S" textname="test sensor 28519"/>
			<item id="28520" losttest="2" iotype="AI" name="Sensor28520_S" textname="test sensor 28520"/>
			<item id="28521" losttest="2" iotype="AI" name="Sensor28521_S" textname="test sensor 28521"/>
			<item id="28522" losttest="2" iotype="AI" name="Sensor28522_S" textname="test sensor 28522"/>
			<item id="28523" losttest="2" iotype="AI" name="Sensor28523_S" textname="test sensor 28523"/>
			<item id="28524" losttest="2" iotype="AI" name="Sensor28524_S" textname="test sensor 28524"/>
			<item id="28525" losttest="2" iotype="AI" name="Sensor28525_S" textname="test sensor 28525"/>
			<item id="28526" losttest="2" iotype="AI" name="Sensor28526_S" textname="test sensor 28526"/>
			<item id="28527" losttest="2" iotype="AI" name="Sensor28527_S" textname="test sensor 28527"/>
			<item id="28528" losttest="2" iotype="AI" name="Sensor28528_S" textname="test sensor 28528"/>
			<item id="28529" losttest="2" iotype="AI" name="Sensor28529_S" textname="test sensor 28529"/>
			<item id="28530" losttest="2" iotype="AI" name="Sensor28530_S" textname="test sensor 28530"/>
			<item id="28531" losttest="2" iotype="AI" name="Sensor28531_S" textname="test sensor 28531"/>
			<item id="28532" losttest="2" iotype="AI" name="Sensor28532_S" textname="test sensor 28532"/>
			<item id="28533" losttest="2" iotype="AI" name="Sensor28533_S" textname="test sensor 28533"/>
			<item id="28534" losttest="2" iotype="AI" name="Sensor28534_S" textname="test sensor 28534"/>
			<item id="28535" losttest="2" iotype="AI" name="Sensor28535_S" textname="test sensor 28535"/>
			<item id="28536" losttest="2" iotype="AI" name="Sensor28536_S" textname="test sensor 28536"/>
			<item id="28537" losttest="2" iotype="AI" name="Sensor28537_S" textname="test sensor 28537"/>
			<item id="28538" losttest="2" iotype="AI" name="Sensor28538_S" textname="test sensor 28538"/>
			<item id="28539" losttest="2" iotype="AI" name="Sensor28539_S" textname="test sensor 28539"/>
			<item id="28540" losttest="2" iotype="AI" name="Sensor28540_S" textname="test sensor 28540"/>
			<item id="28541" losttest="2" iotype="AI" name="Sensor28541_S" textname="test sensor 28541"/>
			<item id="28542" losttest="2" iotype="AI" name="Sensor28542_S" textname="test sensor 28542"/>
			<item id="28543" losttest="2" iotype="AI" name="Sensor28543_S" textname="test sensor 28543"/>
			<item id="28544" losttest="2" iotype="AI" name="Sensor28544_S" textname="test sensor 28544"/>
			<item id="28545" losttest="2" iotype="AI" name="Sensor28545_S" textname="test sensor 28545"/>
			<item id="28546" losttest="2" iotype="AI" name="Sensor28546_S" textname="test sensor 28546"/>
			<item id="28547" losttest="2" iotype="AI" name="Sensor28547_S" textname="test sensor 28547"/>
			<item id="28548" losttest="2" iotype="AI" name="Sensor28548_S" textname="test sensor 28548"/>
			<item id="28549" losttest="2" iotype="AI" name="Sensor28549_S" textname="test sensor 28549"/>
			<item id="28550" losttest="2" iotype="AI" name="Sensor28550_S" textname="test sensor 28550"/>
			<item id="28551" losttest="2" iotype="AI" name="Sensor28551_S" textname="test sensor 28551"/>
			<item id="28552" losttest="2" iotype="AI" name="Sensor28552_S" textname="test sensor 28552"/>
			<item id="28553" losttest="2" iotype="AI" name="Sensor28553_S" textname="test sensor 28553"/>
			<item id="28554" losttest="2" iotype="AI" name="Sensor28554_S" textname="test sensor 28554"/>
			<item id="28555" losttest="2" iotype="AI" name="Sensor28555_S" textname="test sensor 28555"/>
			<item id="28556" losttest="2" iotype="AI" name="Sensor28556_S" textname="test sensor 28556"/>
			<item id="28557" losttest="2" iotype="AI" name="Sensor28557_S" textname="test sensor 28557"/>
			<item id="28558" losttest="2" iotype="AI" name="Sensor28558_S" textname="test sensor 28558"/>
			<item id="28559" losttest="2" iotype="AI" name="Sensor28559_S" textname="test sensor 28559"/>
			<item id="28560" losttest="2" iotype="AI" name="Sensor28560_S" textname="test sensor 28560"/>
			<item id="28561" losttest="2" iotype="AI" name="Sensor28561_S" textname="test sensor 28561"/>
			<item id="28562" losttest="2" iotype="AI" name="Sensor28562_S" textname="test sensor 28562"/>
			<item id="28563" losttest="2" iotype="AI" name="Sensor28563_S" textname="test sensor 28563"/>
			<item id="28564" losttest="2" iotype="AI" name="Sensor28564_S" textname="test sensor 28564"/>
			<item id="28565" losttest="2" iotype="AI" name="Sensor28565_S" textname="test sensor 28565"/>
			<item id="28566" losttest="2" iotype="AI" name="Sensor28566_S" textname="test sensor 28566"/>
			<item id="28567" losttest="2" iotype="AI" name="Sensor28567_S" textname="test sensor 28567"/>
			<item id="28568" losttest="2" iotype="AI" name="Sensor28568_S" textname="test sensor 28568"/>
			<item id="28569" losttest="2" iotype="AI" name="Sensor28569_S" textname="test sensor 28569"/>
			<item id="28570" losttest="2" iotype="AI" name="Sensor28570_S" textname="test sensor 28570"/>
			<item id="28571" losttest="2" iotype="AI" name="Sensor28571_S" textname="test sensor 28571"/>
			<item id="28572" losttest="2" iotype="AI" name="Sensor28572_S" textname="test sensor 28572"/>
			<item id="28573" losttest="2" iotype="AI" name="Sensor28573_S" textname="test sensor 28573"/>
			<item id="28574" losttest="2" iotype="AI" name="Sensor28574_S" textname="test sensor 28574"/>
			<item id="28575" losttest="2" iotype="AI" name="Sensor28575_S" textname="test sensor 28575"/>
			<item id="28576" losttest="2" iotype="AI" name="Sensor28576_S" textname="test sensor 28576"/>
			<item id="28577" losttest="2" iotype="AI" name="Sensor28577_S" textname="test sensor 28577"/>
			<item id="28578" losttest="2" iotype="AI" name="Sensor28578_S" textname="test sensor 28578"/>
			<item id="28579" losttest="2" iotype="AI" name="Sensor28579_S" textname="test sensor 28579"/>
			<item id="28580" losttest="2" iotype="AI" name="Sensor28580_S" textname="test sensor 28580"/>
			<item id="28581" losttest="2" iotype="AI" name="Sensor28581_S" textname="test sensor 28581"/>
			<item id="28582" losttest="2" iotype="AI" name="Sensor28582_S" textname="test sensor 28582"/>
			<item id="28583" losttest="2" iotype="AI" name="Sensor28583_S" textname="test sensor 28583"/>
			<item id="28584" losttest="2" iotype="AI" name="Sensor28584_S" textname="test sensor 28584"/>
			<item id="28585" losttest="2" iotype="AI" name="Sensor28585_S" textname="test sensor 28585"/>
			<item id="28586" losttest="2" iotype="AI" name="Sensor28586_S" textname="test sensor 28586"/>
			<item id="28587" losttest="2" iotype="AI" name="Sensor28587_S" textname="test sensor 28587"/>
			<item id="28588" losttest="2" iotype="AI" name="Sensor28588_S" textname="test sensor 28588"/>
			<item id="28589" losttest="2" iotype="AI" name="Sensor28589_S" textname="test sensor 28589"/>
			<item id="28590" losttest="2" iotype="AI" name="Sensor28590_S" textname="test sensor 28590"/>
			<item id="28591" losttest="2" iotype="AI" name="Sensor28591_S" textname="test sensor 28591"/>
			<item id="28592" losttest="2" iotype="AI" name="Sensor28592_S" textname="test sensor 28592"/>
			<item id="28593" losttest="2" iotype="AI" name="Sensor28593_S" textname="test sensor 28593"/>
			<item id="28594" losttest="2" iotype="AI" name="Sensor28594_S" textname="test sensor 28594"/>
			<item id="28595" losttest="2" iotype="AI" name="Sensor28595_S" textname="test sensor 28595"/>
			<item id="28596" losttest="2" iotype="AI" name="Sensor28596_S" textname="test sensor 28596"/>
			<item id="28597" losttest="2" iotype="AI" name="Sensor28597_S" textname="test sensor 28597"/>
			<item id="28598" losttest="2" iotype="AI" name="Sensor28598_S" textname="test sensor 28598"/>
			<item id="28599" losttest="2" iotype="AI" name="Sensor28599_S" textname="test sensor 28599"/>
			<item id="28600" losttest="2" iotype="AI" name="Sensor28600_S" textname="test sensor 28600"/>
			<item id="28601" losttest="2" iotype="AI" name="Sensor28601_S" textname="test sensor 28601"/>
			<item id="28602" losttest="2" iotype="AI" name="Sensor28602_S" textname="test sensor 28602"/>
			<item id="28603" losttest="2" iotype="AI" name="Sensor28603_S" textname="test sensor 28603"/>
			<item id="28604" losttest="2" iotype="AI" name="Sensor28604_S" textname="test sensor 28604"/>
			<item id="28605" losttest="2" iotype="AI" name="Sensor28605_S" textname="test sensor 28605"/>
			<item id="28606" losttest="2" iotype="AI" name="Sensor28606_S" textname="test sensor 28606"/>
			<item id="28607" losttest="2" iotype="AI" name="Sensor28607_S" textname="test sensor 28607"/>
			<item id="28608" losttest="2" iotype="AI" name="Sensor28608_S" textname="test sensor 28608"/>
			<item id="28609" losttest="2" iotype="AI" name="Sensor28609_S" textname="test sensor 28609"/>
			<item id="28610" losttest="2" iotype="AI" name="Sensor28610_S" textname="test sensor 28610"/>
			<item id="28611" losttest="2" iotype="AI" name="Sensor28611_S" textname="test sensor 28611"/>
			<item id="28612" losttest="2" iotype="AI" name="Sensor28612_S" textname="test sensor 28612"/>
			<item id="28613" losttest="2" iotype="AI" name="Sensor28613_S" textname="test sensor 28613"/>
			<item id="28614" losttest="2" iotype="AI" name="Sensor28614_S" textname="test sensor 28614"/>
			<item id="28615" losttest="2" iotype="AI" name="Sensor28615_S" textname="test sensor 28615"/>
			<item id="28616" losttest="2" iotype="AI" name="Sensor28616_S" textname="test sensor 28616"/>
			<item id="28617" losttest="2" iotype="AI" name="Sensor28617_S" textname="test sensor 28617"/>
			<item id="28618" losttest="2" iotype="AI" name="Sensor28618_S" textname="test sensor 28618"/>
			<item id="28619" losttest="2" iotype="AI" name="Sensor28619_S" textname="test sensor 28619"/>
			<item id="28620" losttest="2" iotype="AI" name="Sensor28620_S" textname="test sensor 28620"/>
			<item id="28621" losttest="2" iotype="AI" name="Sensor28621_S" textname="test sensor 28621"/>
			<item id="28622" losttest="2" iotype="AI" name="Sensor28622_S" textname="test sensor 28622"/>
			<item id="28623" losttest="2" iotype="AI" name="Sensor28623_S" textname="test sensor 28623"/>
			<item id="28624" losttest="2" iotype="AI" name="Sensor28624_S" textname="test sensor 28624"/>
			<item id="28625" losttest="2" iotype="AI" name="Sensor28625_S" textname="test sensor 28625"/>
			<item id="28626" losttest="2" iotype="AI" name="Sensor28626_S" textname="test sensor 28626"/>
			<item id="28627" losttest="2" iotype="AI" name="Sensor28627_S" textname="test sensor 28627"/>
			<item id="28628" losttest="2" iotype="AI" name="Sensor28628_S" textname="test sensor 28628"/>
			<item id="28629" losttest="2" iotype="AI" name="Sensor28629_S" textname="test sensor 28629"/>
			<item id="28630" losttest="2" iotype="AI" name="Sensor28630_S" textname="test sensor 28630"/>
			<item id="28631" losttest="2" iotype="AI" name="Sensor28631_S" textname="test sensor 28631"/>
			<item id="28632" losttest="2" iotype="AI" name="Sensor28632_S" textname="test sensor 28632"/>
			<item id="28633" losttest="2" iotype="AI" name="Sensor28633_S" textname="test sensor 28633"/>
			<item id="28634" losttest="2" iotype="AI" name="Sensor28634_S" textname="test sensor 28634"/>
			<item id="28635" losttest="2" iotype="AI" name="Sensor28635_S" textname="test sensor 28635"/>
			<item id="28636" losttest="2" iotype="AI" name="Sensor28636_S" textname="test sensor 28636"/>
			<item id="28637" losttest="2" iotype="AI" name="Sensor28637_S" textname="test sensor 28637"/>
			<item id="28638" losttest="2" iotype="AI" name="Sensor28638_S" textname="test sensor 28638"/>
			<item id="28639" losttest="2" iotype="AI" name="Sensor28639_S" textname="test sensor 28639"/>
			<item id="28640" losttest="2" iotype="AI" name="Sensor28640_S" textname="test sensor 28640"/>
			<item id="28641" losttest="2" iotype="AI" name="Sensor28641_S" textname="test sensor 28641"/>
			<item id="28642" losttest="2" iotype="AI" name="Sensor28642_S" textname="test sensor 28642"/>
			<item id="28643" losttest="2" iotype="AI" name="Sensor28643_S" textname="test sensor 28643"/>
			<item id="28644" losttest="2" iotype="AI" name="Sensor28644_S" textname="test sensor 28644"/>
			<item id="28645" losttest="2" iotype="AI" name="Sensor28645_S" textname="test sensor 28645"/>
			<item id="28646" losttest="2" iotype="AI" name="Sensor28646_S" textname="test sensor 28646"/>
			<item id="28647" losttest="2" iotype="AI" name="Sensor28647_S" textname="test sensor 28647"/>
			<item id="28648" losttest="2" iotype="AI" name="Sensor28648_S" textname="test sensor 28648"/>
			<item id="28649" losttest="2" iotype="AI" name="Sensor28649_S" textname="test sensor 28649"/>
			<item id="28650" losttest="2" iotype="AI" name="Sensor28650_S" textname="test sensor 28650"/>
			<item id="28651" losttest="2" iotype="AI" name="Sensor28651_S" textname="test sensor 28651"/>
			<item id="28652" losttest="2" iotype="AI" name="Sensor28652_S" textname="test sensor 28652"/>
			<item id="28653" losttest="2" iotype="AI" name="Sensor28653_S" textname="test sensor 28653"/>
			<item id="28654" losttest="2" iotype="AI" name="Sensor28654_S" textname="test sensor 28654"/>
			<item id="28655" losttest="2" iotype="AI" name="Sensor28655_S" textname="test sensor 28655"/>
			<item id="28656" losttest="2" iotype="AI" name="Sensor28656_S" textname="test sensor 28656"/>
			<item id="28657" losttest="2" iotype="AI" name="Sensor28657_S" textname="test sensor 28657"/>
			<item id="28658" losttest="2" iotype="AI" name="Sensor28658_S" textname="test sensor 28658"/>
			<item id="28659" losttest="2" iotype="AI" name="Sensor28659_S" textname="test sensor 28659"/>
			<item id="28660" losttest="2" iotype="AI" name="Sensor28660_S" textname="test sensor 28660"/>
			<item id="28661" losttest="2" iotype="AI" name="Sensor28661_S" textname="test sensor 28661"/>
			<item id="28662" losttest="2" iotype="AI" name="Sensor28662_S" textname="test sensor 28662"/>
			<item id="28663" losttest="2" iotype="AI" name="Sensor28663_S" textname="test sensor 28663"/>
			<item id="28664" losttest="2" iotype="AI" name="Sensor28664_S" textname="test sensor 28664"/>
			<item id="28665" losttest="2" iotype="AI" name="Sensor28665_S" textname="test sensor 28665"/>
			<item id="28666" losttest="2" iotype="AI" name="Sensor28666_S" textname="test sensor 28666"/>
			<item id="28667" losttest="2" iotype="AI" name="Sensor28667_S" textname="test sensor 28667"/>
			<item id="28668" losttest="2" iotype="AI" name="Sensor28668_S" textname="test sensor 28668"/>
			<item id="28669" losttest="2" iotype="AI" name="Sensor28669_S" textname="test sensor 28669"/>
			<item id="28670" losttest="2" iotype="AI" name="Sensor28670_S" textname="test sensor 28670"/>
			<item id="28671" losttest="2" iotype="AI" name="Sensor28671_S" textname="test sensor 28671"/>
			<item id="28672" losttest="2" iotype="AI" name="Sensor28672_S" textname="test sensor 28672"/>
			<item id="28673" losttest="2" iotype="AI" name="Sensor28673_S" textname="test sensor 28673"/>
			<item id="28674" losttest="2" iotype="AI" name="Sensor28674_S" textname="test sensor 28674"/>
			<item id="28675" losttest="2" iotype="AI" name="Sensor28675_S" textname="test sensor 28675"/>
			<item id="28676" losttest="2" iotype="AI" name="Sensor28676_S" textname="test sensor 28676"/>
			<item id="28677" losttest="2" iotype="AI" name="Sensor28677_S" textname="test sensor 28677"/>
			<item id="28678" losttest="2" iotype="AI" name="Sensor28678_S" textname="test sensor 28678"/>
			<item id="28679" losttest="2" iotype="AI" name="Sensor28679_S" textname="test sensor 28679"/>
			<item id="28680" losttest="2" iotype="AI" name="Sensor28680_S" textname="test sensor 28680"/>
			<item id="28681" losttest="2" iotype="AI" name="Sensor28681_S" textname="test sensor 28681"/>
			<item id="28682" losttest="2" iotype="AI" name="Sensor28682_S" textname="test sensor 28682"/>
			<item id="28683" losttest="2" iotype="AI" name="Sensor28683_S" textname="test sensor 28683"/>
			<item id="28684" losttest="2" iotype="AI" name="Sensor28684_S" textname="test sensor 28684"/>
			<item id="28685" losttest="2" iotype="AI" name="Sensor28685_S" textname="test sensor 28685"/>
			<item id="28686" losttest="2" iotype="AI" name="Sensor28686_S" textname="test sensor 28686"/>
			<item id="28687" losttest="2" iotype="AI" name="Sensor28687_S" textname="test sensor 28687"/>
			<item id="28688" losttest="2" iotype="AI" name="Sensor28688_S" textname="test sensor 28688"/>
			<item id="28689" losttest="2" iotype="AI" name="Sensor28689_S" textname="test sensor 28689"/>
			<item id="28690" losttest="2" iotype="AI" name="Sensor28690_S" textname="test sensor 28690"/>
			<item id="28691" losttest="2" iotype="AI" name="Sensor28691_S" textname="test sensor 28691"/>
			<item id="28692" losttest="2" iotype="AI" name="Sensor28692_S" textname="test sensor 28692"/>
			<item id="28693" losttest="2" iotype="AI" name="Sensor28693_S" textname="test sensor 28693"/>
			<item id="28694" losttest="2" iotype="AI" name="Sensor28694_S" textname="test sensor 28694"/>
			<item id="28695" losttest="2" iotype="AI" name="Sensor28695_S" textname="test sensor 28695"/>
			<item id="28696" losttest="2" iotype="AI" name="Sensor28696_S" textname="test sensor 28696"/>
			<item id="28697" losttest="2" iotype="AI" name="Sensor28697_S" textname="test sensor 28697"/>
			<item id="28698" losttest="2" iotype="AI" name="Sensor28698_S" textname="test sensor 28698"/>
			<item id="28699" losttest="2" iotype="AI" name="Sensor28699_S" textname="test sensor 28699"/>
			<item id="28700" losttest="2" iotype="AI" name="Sensor28700_S" textname="test sensor 28700"/>
			<item id="28701" losttest="2" iotype="AI" name="Sensor28701_S" textname="test sensor 28701"/>
			<item id="28702" losttest="2" iotype="AI" name="Sensor28702_S" textname="test sensor 28702"/>
			<item id="28703" losttest="2" iotype="AI" name="Sensor28703_S" textname="test sensor 28703"/>
			<item id="28704" losttest="2" iotype="AI" name="Sensor28704_S" textname="test sensor 28704"/>
			<item id="28705" losttest="2" iotype="AI" name="Sensor28705_S" textname="test sensor 28705"/>
			<item id="28706" losttest="2" iotype="AI" name="Sensor28706_S" textname="test sensor 28706"/>
			<item id="28707" losttest="2" iotype="AI" name="Sensor28707_S" textname="test sensor 28707"/>
			<item id="28708" losttest="2" iotype="AI" name="Sensor28708_S" textname="test sensor 28708"/>
			<item id="28709" losttest="2" iotype="AI" name="Sensor28709_S" textname="test sensor 28709"/>
			<item id="28710" losttest="2" iotype="AI" name="Sensor28710_S" textname="test sensor 28710"/>
			<item id="28711" losttest="2" iotype="AI" name="Sensor28711_S" textname="test sensor 28711"/>
			<item id="28712" losttest="2" iotype="AI" name="Sensor28712_S" textname="test sensor 28712"/>
			<item id="28713" losttest="2" iotype="AI" name="Sensor28713_S" textname="test sensor 28713"/>
			<item id="28714" losttest="2" iotype="AI" name="Sensor28714_S" textname="test sensor 28714"/>
			<item id="28715" losttest="2" iotype="AI" name="Sensor28715_S" textname="test sensor 28715"/>
			<item id="28716" losttest="2" iotype="AI" name="Sensor28716_S" textname="test sensor 28716"/>
			<item id="28717" losttest="2" iotype="AI" name="Sensor28717_S" textname="test sensor 28717"/>
			<item id="28718" losttest="2" iotype="AI" name="Sensor28718_S" textname="test sensor 28718"/>
			<item id="28719" losttest="2" iotype="AI" name="Sensor28719_S" textname="test sensor 28719"/>
			<item id="28720" losttest="2" iotype="AI" name="Sensor28720_S" textname="test sensor 28720"/>
			<item id="28721" losttest="2" iotype="AI" name="Sensor28721_S" textname="test sensor 28721"/>
			<item id="28722" losttest="2" iotype="AI" name="Sensor28722_S" textname="test sensor 28722"/>
			<item id="28723" losttest="2" iotype="AI" name="Sensor28723_S" textname="test sensor 28723"/>
			<item id="28724" losttest="2" iotype="AI" name="Sensor28724_S" textname="test sensor 28724"/>
			<item id="28725" losttest="2" iotype="AI" name="Sensor28725_S" textname="test sensor 28725"/>
			<item id="28726" losttest="2" iotype="AI" name="Sensor28726_S" textname="test sensor 28726"/>
			<item id="28727" losttest="2" iotype="AI" name="Sensor28727_S" textname="test sensor 28727"/>
			<item id="28728" losttest="2" iotype="AI" name="Sensor28728_S" textname="test sensor 28728"/>
			<item id="28729" losttest="2" iotype="AI" name="Sensor28729_S" textname="test sensor 28729"/>
			<item id="28730" losttest="2" iotype="AI" name="Sensor28730_S" textname="test sensor 28730"/>
			<item id="28731" losttest="2" iotype="AI" name="Sensor28731_S" textname="test sensor 28731"/>
			<item id="28732" losttest="2" iotype="AI" name="Sensor28732_S" textname="test sensor 28732"/>
			<item id="28733" losttest="2" iotype="AI" name="Sensor28733_S" textname="test sensor 28733"/>
			<item id="28734" losttest="2" iotype="AI" name="Sensor28734_S" textname="test sensor 28734"/>
			<item id="28735" losttest="2" iotype="AI" name="Sensor28735_S" textname="test sensor 28735"/>
			<item id="28736" losttest="2" iotype="AI" name="Sensor28736_S" textname="test sensor 28736"/>
			<item id="28737" losttest="2" iotype="AI" name="Sensor28737_S" textname="test sensor 28737"/>
			<item id="28738" losttest="2" iotype="AI" name="Sensor28738_S" textname="test sensor 28738"/>
			<item id="28739" losttest="2" iotype="AI" name="Sensor28739_S" textname="test sensor 28739"/>
			<item id="28740" losttest="2" iotype="AI" name="Sensor28740_S" textname="test sensor 28740"/>
			<item id="28741" losttest="2" iotype="AI" name="Sensor28741_S" textname="test sensor 28741"/>
			<item id="28742" losttest="2" iotype="AI" name="Sensor28742_S" textname="test sensor 28742"/>
			<item id="28743" losttest="2" iotype="AI" name="Sensor28743_S" textname="test sensor 28743"/>
			<item id="28744" losttest="2" iotype="AI" name="Sensor28744_S" textname="test sensor 28744"/>
			<item id="28745" losttest="2" iotype="AI" name="Sensor28745_S" textname="test sensor 28745"/>
			<item id="28746" losttest="2" iotype="AI" name="Sensor28746_S" textname="test sensor 28746"/>
			<item id="28747" losttest="2" iotype="AI" name="Sensor28747_S" textname="test sensor 28747"/>
			<item id="28748" losttest="2" iotype="AI" name="Sensor28748_S" textname="test sensor 28748"/>
			<item id="28749" losttest="2" iotype="AI" name="Sensor28749_S" textname="test sensor 28749"/>
			<item id="28750" losttest="2" iotype="AI" name="Sensor28750_S" textname="test sensor 28750"/>
			<item id="28751" losttest="2" iotype="AI" name="Sensor28751_S" textname="test sensor 28751"/>
			<item id="28752" losttest="2" iotype="AI" name="Sensor28752_S" textname="test sensor 28752"/>
			<item id="28753" losttest="2" iotype="AI" name="Sensor28753_S" textname="test sensor 28753"/>
			<item id="28754" losttest="2" iotype="AI" name="Sensor28754_S" textname="test sensor 28754"/>
			<item id="28755" losttest="2" iotype="AI" name="Sensor28755_S" textname="test sensor 28755"/>
			<item id="28756" losttest="2" iotype="AI" name="Sensor28756_S" textname="test sensor 28756"/>
			<item id="28757" losttest="2" iotype="AI" name="Sensor28757_S" textname="test sensor 28757"/>
			<item id="28758" losttest="2" iotype="AI" name="Sensor28758_S" textname="test sensor 28758"/>
			<item id="28759" losttest="2" iotype="AI" name="Sensor28759_S" textname="test sensor 28759"/>
			<item id="28760" losttest="2" iotype="AI" name="Sensor28760_S" textname="test sensor 28760"/>
			<item id="28761" losttest="2" iotype="AI" name="Sensor28761_S" textname="test sensor 28761"/>
			<item id="28762" losttest="2" iotype="AI" name="Sensor28762_S" textname="test sensor 28762"/>
			<item id="28763" losttest="2" iotype="AI" name="Sensor28763_S" textname="test sensor 28763"/>
			<item id="28764" losttest="2" iotype="AI" name="Sensor28764_S" textname="test sensor 28764"/>
			<item id="28765" losttest="2" iotype="AI" name="Sensor28765_S" textname="test sensor 28765"/>
			<item id="28766" losttest="2" iotype="AI" name="Sensor28766_S" textname="test sensor 28766"/>
			<item id="28767" losttest="2" iotype="AI" name="Sensor28767_S" textname="test sensor 28767"/>
			<item id="28768" losttest="2" iotype="AI" name="Sensor28768_S" textname="test sensor 28768"/>
			<item id="28769" losttest="2" iotype="AI" name="Sensor28769_S" textname="test sensor 28769"/>
			<item id="28770" losttest="2" iotype="AI" name="Sensor28770_S" textname="test sensor 28770"/>
			<item id="28771" losttest="2" iotype="AI" name="Sensor28771_S" textname="test sensor 28771"/>
			<item id="28772" losttest="2" iotype="AI" name="Sensor28772_S" textname="test sensor 28772"/>
			<item id="28773" losttest="2" iotype="AI" name="Sensor28773_S" textname="test sensor 28773"/>
			<item id="28774" losttest="2" iotype="AI" name="Sensor28774_S" textname="test sensor 28774"/>
			<item id="28775" losttest="2" iotype="AI" name="Sensor28775_S" textname="test sensor 28775"/>
			<item id="28776" losttest="2" iotype="AI" name="Sensor28776_S" textname="test sensor 28776"/>
			<item id="28777" losttest="2" iotype="AI" name="Sensor28777_S" textname="test sensor 28777"/>
			<item id="28778" losttest="2" iotype="AI" name="Sensor28778_S" textname="test sensor 28778"/>
			<item id="28779" losttest="2" iotype="AI" name="Sensor28779_S" textname="test sensor 28779"/>
			<item id="28780" losttest="2" iotype="AI" name="Sensor28780_S" textname="test sensor 28780"/>
			<item id="28781" losttest="2" iotype="AI" name="Sensor28781_S" textname="test sensor 28781"/>
			<item id="28782" losttest="2" iotype="AI" name="Sensor28782_S" textname="test sensor 28782"/>
			<item id="28783" losttest="2" iotype="AI" name="Sensor28783_S" textname="test sensor 28783"/>
			<item id="28784" losttest="2" iotype="AI" name="Sensor28784_S" textname="test sensor 28784"/>
			<item id="28785" losttest="2" iotype="AI" name="Sensor28785_S" textname="test sensor 28785"/>
			<item id="28786" losttest="2" iotype="AI" name="Sensor28786_S" textname="test sensor 28786"/>
			<item id="28787" losttest="2" iotype="AI" name="Sensor28787_S" textname="test sensor 28787"/>
			<item id="28788" losttest="2" iotype="AI" name="Sensor28788_S" textname="test sensor 28788"/>
			<item id="28789" losttest="2" iotype="AI" name="Sensor28789_S" textname="test sensor 28789"/>
			<item id="28790" losttest="2" iotype="AI" name="Sensor28790_S" textname="test sensor 28790"/>
			<item id="28791" losttest="2" iotype="AI" name="Sensor28791_S" textname="test sensor 28791"/>
			<item id="28792" losttest="2" iotype="AI" name="Sensor28792_S" textname="test sensor 28792"/>
			<item id="28793" losttest="2" iotype="AI" name="Sensor28793_S" textname="test sensor 28793"/>
			<item id="28794" losttest="2" iotype="AI" name="Sensor28794_S" textname="test sensor 28794"/>
			<item id="28795" losttest="2" iotype="AI" name="Sensor28795_S" textname="test sensor 28795"/>
			<item id="28796" losttest="2" iotype="AI" name="Sensor28796_S" textname="test sensor 28796"/>
			<item id="28797" losttest="2" iotype="AI" name="Sensor28797_S" textname="test sensor 28797"/>
			<item id="28798" losttest="2" iotype="AI" name="Sensor28798_S" textname="test sensor 28798"/>
			<item id="28799" losttest="2" iotype="AI" name="Sensor28799_S" textname="test sensor 28799"/>
			<item id="28800" losttest="2" iotype="AI" name="Sensor28800_S" textname="test sensor 28800"/>
			<item id="28801" losttest="2" iotype="AI" name="Sensor28801_S" textname="test sensor 28801"/>
			<item id="28802" losttest="2" iotype="AI" name="Sensor28802_S" textname="test sensor 28802"/>
			<item id="28803" losttest="2" iotype="AI" name="Sensor28803_S" textname="test sensor 28803"/>
			<item id="28804" losttest="2" iotype="AI" name="Sensor28804_S" textname="test sensor 28804"/>
			<item id="28805" losttest="2" iotype="AI" name="Sensor28805_S" textname="test sensor 28805"/>
			<item id="28806" losttest="2" iotype="AI" name="Sensor28806_S" textname="test sensor 28806"/>
			<item id="28807" losttest="2" iotype="AI" name="Sensor28807_S" textname="test sensor 28807"/>
			<item id="28808" losttest="2" iotype="AI" name="Sensor28808_S" textname="test sensor 28808"/>
			<item id="28809" losttest="2" iotype="AI" name="Sensor28809_S" textname="test sensor 28809"/>
			<item id="28810" losttest="2" iotype="AI" name="Sensor28810_S" textname="test sensor 28810"/>
			<item id="28811" losttest="2" iotype="AI" name="Sensor28811_S" textname="test sensor 28811"/>
			<item id="28812" losttest="2" iotype="AI" name="Sensor28812_S" textname="test sensor 28812"/>
			<item id="28813" losttest="2" iotype="AI" name="Sensor28813_S" textname="test sensor 28813"/>
			<item id="28814" losttest="2" iotype="AI" name="Sensor28814_S" textname="test sensor 28814"/>
			<item id="28815" losttest="2" iotype="AI" name="Sensor28815_S" textname="test sensor 28815"/>
			<item id="28816" losttest="2" iotype="AI" name="Sensor28816_S" textname="test sensor 28816"/>
			<item id="28817" losttest="2" iotype="AI" name="Sensor28817_S" textname="test sensor 28817"/>
			<item id="28818" losttest="2" iotype="AI" name="Sensor28818_S" textname="test sensor 28818"/>
			<item id="28819" losttest="2" iotype="AI" name="Sensor28819_S" textname="test sensor 28819"/>
			<item id="28820" losttest="2" iotype="AI" name="Sensor28820_S" textname="test sensor 28820"/>
			<item id="28821" losttest="2" iotype="AI" name="Sensor28821_S" textname="test sensor 28821"/>
			<item id="28822" losttest="2" iotype="AI" name="Sensor28822_S" textname="test sensor 28822"/>
			<item id="28823" losttest="2" iotype="AI" name="Sensor28823_S" textname="test sensor 28823"/>
			<item id="28824" losttest="2" iotype="AI" name="Sensor28824_S" textname="test sensor 28824"/>
			<item id="28825" losttest="2" iotype="AI" name="Sensor28825_S" textname="test sensor 28825"/>
			<item id="28826" losttest="2" iotype="AI" name="Sensor28826_S" textname="test sensor 28826"/>
			<item id="28827" losttest="2" iotype="AI" name="Sensor28827_S" textname="test sensor 28827"/>
			<item id="28828" losttest="2" iotype="AI" name="Sensor28828_S" textname="test sensor 28828"/>
			<item id="28829" losttest="2" iotype="AI" name="Sensor28829_S" textname="test sensor 28829"/>
			<item id="28830" losttest="2" iotype="AI" name="Sensor28830_S" textname="test sensor 28830"/>
			<item id="28831" losttest="2" iotype="AI" name="Sensor28831_S" textname="test sensor 28831"/>
			<item id="28832" losttest="2" iotype="AI" name="Sensor28832_S" textname="test sensor 28832"/>
			<item id="28833" losttest="2" iotype="AI" name="Sensor28833_S" textname="test sensor 28833"/>
			<item id="28834" losttest="2" iotype="AI" name="Sensor28834_S" textname="test sensor 28834"/>
			<item id="28835" losttest="2" iotype="AI" name="Sensor28835_S" textname="test sensor 28835"/>
			<item id="28836" losttest="2" iotype="AI" name="Sensor28836_S" textname="test sensor 28836"/>
			<item id="28837" losttest="2" iotype="AI" name="Sensor28837_S" textname="test sensor 28837"/>
			<item id="28838" losttest="2" iotype="AI" name="Sensor28838_S" textname="test sensor 28838"/>
			<item id="28839" losttest="2" iotype="AI" name="Sensor28839_S" textname="test sensor 28839"/>
			<item id="28840" losttest="2" iotype="AI" name="Sensor28840_S" textname="test sensor 28840"/>
			<item id="28841" losttest="2" iotype="AI" name="Sensor28841_S" textname="test sensor 28841"/>
			<item id="28842" losttest="2" iotype="AI" name="Sensor28842_S" textname="test sensor 28842"/>
			<item id="28843" losttest="2" iotype="AI" name="Sensor28843_S" textname="test sensor 28843"/>
			<item id="28844" losttest="2" iotype="AI" name="Sensor28844_S" textname="test sensor 28844"/>
			<item id="28845" losttest="2" iotype="AI" name="Sensor28845_S" textname="test sensor 28845"/>
			<item id="28846" losttest="2" iotype="AI" name="Sensor28846_S" textname="test sensor 28846"/>
			<item id="28847" losttest="2" iotype="AI" name="Sensor28847_S" textname="test sensor 28847"/>
			<item id="28848" losttest="2" iotype="AI" name="Sensor28848_S" textname="test sensor 28848"/>
			<item id="28849" losttest="2" iotype="AI" name="Sensor28849_S" textname="test sensor 28849"/>
			<item id="28850" losttest="2" iotype="AI" name="Sensor28850_S" textname="test sensor 28850"/>
			<item id="28851" losttest="2" iotype="AI" name="Sensor28851_S" textname="test sensor 28851"/>
			<item id="28852" losttest="2" iotype="AI" name="Sensor28852_S" textname="test sensor 28852"/>
			<item id="28853" losttest="2" iotype="AI" name="Sensor28853_S" textname="test sensor 28853"/>
			<item id="28854" losttest="2" iotype="AI" name="Sensor28854_S" textname="test sensor 28854"/>
			<item id="28855" losttest="2" iotype="AI" name="Sensor28855_S" textname="test sensor 28855"/>
			<item id="28856" losttest="2" iotype="AI" name="Sensor28856_S" textname="test sensor 28856"/>
			<item id="28857" losttest="2" iotype="AI" name="Sensor28857_S" textname="test sensor 28857"/>
			<item id="28858" losttest="2" iotype="AI" name="Sensor28858_S" textname="test sensor 28858"/>
			<item id="28859" losttest="2" iotype="AI" name="Sensor28859_S" textname="test sensor 28859"/>
			<item id="28860" losttest="2" iotype="AI" name="Sensor28860_S" textname="test sensor 28860"/>
			<item id="28861" losttest="2" iotype="AI" name="Sensor28861_S" textname="test sensor 28861"/>
			<item id="28862" losttest="2" iotype="AI" name="Sensor28862_S" textname="test sensor 28862"/>
			<item id="28863" losttest="2" iotype="AI" name="Sensor28863_S" textname="test sensor 28863"/>
			<item id="28864" losttest="2" iotype="AI" name="Sensor28864_S" textname="test sensor 28864"/>
			<item id="28865" losttest="2" iotype="AI" name="Sensor28865_S" textname="test sensor 28865"/>
			<item id="28866" losttest="2" iotype="AI" name="Sensor28866_S" textname="test sensor 28866"/>
			<item id="28867" losttest="2" iotype="AI" name="Sensor28867_S" textname="test sensor 28867"/>
			<item id="28868" losttest="2" iotype="AI" name="Sensor28868_S" textname="test sensor 28868"/>
			<item id="28869" losttest="2" iotype="AI" name="Sensor28869_S" textname="test sensor 28869"/>
			<item id="28870" losttest="2" iotype="AI" name="Sensor28870_S" textname="test sensor 28870"/>
			<item id="28871" losttest="2" iotype="AI" name="Sensor28871_S" textname="test sensor 28871"/>
			<item id="28872" losttest="2" iotype="AI" name="Sensor28872_S" textname="test sensor 28872"/>
			<item id="28873" losttest="2" iotype="AI" name="Sensor28873_S" textname="test sensor 28873"/>
			<item id="28874" losttest="2" iotype="AI" name="Sensor28874_S" textname="test sensor 28874"/>
			<item id="28875" losttest="2" iotype="AI" name="Sensor28875_S" textname="test sensor 28875"/>
			<item id="28876" losttest="2" iotype="AI" name="Sensor28876_S" textname="test sensor 28876"/>
			<item id="28877" losttest="2" iotype="AI" name="Sensor28877_S" textname="test sensor 28877"/>
			<item id="28878" losttest="2" iotype="AI" name="Sensor28878_S" textname="test sensor 28878"/>
			<item id="28879" losttest="2" iotype="AI" name="Sensor28879_S" textname="test sensor 28879"/>
			<item id="28880" losttest="2" iotype="AI" name="Sensor28880_S" textname="test sensor 28880"/>
			<item id="28881" losttest="2" iotype="AI" name="Sensor28881_S" textname="test sensor 28881"/>
			<item id="28882" losttest="2" iotype="AI" name="Sensor28882_S" textname="test sensor 28882"/>
			<item id="28883" losttest="2" iotype="AI" name="Sensor28883_S" textname="test sensor 28883"/>
			<item id="28884" losttest="2" iotype="AI" name="Sensor28884_S" textname="test sensor 28884"/>
			<item id="28885" losttest="2" iotype="AI" name="Sensor28885_S" textname="test sensor 28885"/>
			<item id="28886" losttest="2" iotype="AI" name="Sensor28886_S" textname="test sensor 28886"/>
			<item id="28887" losttest="2" iotype="AI" name="Sensor28887_S" textname="test sensor 28887"/>
			<item id="28888" losttest="2" iotype="AI" name="Sensor28888_S" textname="test sensor 28888"/>
			<item id="28889" losttest="2" iotype="AI" name="Sensor28889_S" textname="test sensor 28889"/>
			<item id="28890" losttest="2" iotype="AI" name="Sensor28890_S" textname="test sensor 28890"/>
			<item id="28891" losttest="2" iotype="AI" name="Sensor28891_S" textname="test sensor 28891"/>
			<item id="28892" losttest="2" iotype="AI" name="Sensor28892_S" textname="test sensor 28892"/>
			<item id="28893" losttest="2" iotype="AI" name="Sensor28893_S" textname="test sensor 28893"/>
			<item id="28894" losttest="2" iotype="AI" name="Sensor28894_S" textname="test sensor 28894"/>
			<item id="28895" losttest="2" iotype="AI" name="Sensor28895_S" textname="test sensor 28895"/>
			<item id="28896" losttest="2" iotype="AI" name="Sensor28896_S" textname="test sensor 28896"/>
			<item id="28897" losttest="2" iotype="AI" name="Sensor28897_S" textname="test sensor 28897"/>
			<item id="28898" losttest="2" iotype="AI" name="Sensor28898_S" textname="test sensor 28898"/>
			<item id="28899" losttest="2" iotype="AI" name="Sensor28899_S" textname="test sensor 28899"/>
			<item id="28900" losttest="2" iotype="AI" name="Sensor28900_S" textname="test sensor 28900"/>
			<item id="28901" losttest="2" iotype="AI" name="Sensor28901_S" textname="test sensor 28901"/>
			<item id="28902" losttest="2" iotype="AI" name="Sensor28902_S" textname="test sensor 28902"/>
			<item id="28903" losttest="2" iotype="AI" name="Sensor28903_S" textname="test sensor 28903"/>
			<item id="28904" losttest="2" iotype="AI" name="Sensor28904_S" textname="test sensor 28904"/>
			<item id="28905" losttest="2" iotype="AI" name="Sensor28905_S" textname="test sensor 28905"/>
			<item id="28906" losttest="2" iotype="AI" name="Sensor28906_S" textname="test sensor 28906"/>
			<item id="28907" losttest="2" iotype="AI" name="Sensor28907_S" textname="test sensor 28907"/>
			<item id="28908" losttest="2" iotype="AI" name="Sensor28908_S" textname="test sensor 28908"/>
			<item id="28909" losttest="2" iotype="AI" name="Sensor28909_S" textname="test sensor 28909"/>
			<item id="28910" losttest="2" iotype="AI" name="Sensor28910_S" textname="test sensor 28910"/>
			<item id="28911" losttest="2" iotype="AI" name="Sensor28911_S" textname="test sensor 28911"/>
			<item id="28912" losttest="2" iotype="AI" name="Sensor28912_S" textname="test sensor 28912"/>
			<item id="28913" losttest="2" iotype="AI" name="Sensor28913_S" textname="test sensor 28913"/>
			<item id="28914" losttest="2" iotype="AI" name="Sensor28914_S" textname="test sensor 28914"/>
			<item id="28915" losttest="2" iotype="AI" name="Sensor28915_S" textname="test sensor 28915"/>
			<item id="28916" losttest="2" iotype="AI" name="Sensor28916_S" textname="test sensor 28916"/>
			<item id="28917" losttest="2" iotype="AI" name="Sensor28917_S" textname="test sensor 28917"/>
			<item id="28918" losttest="2" iotype="AI" name="Sensor28918_S" textname="test sensor 28918"/>
			<item id="28919" losttest="2" iotype="AI" name="Sensor28919_S" textname="test sensor 28919"/>
			<item id="28920" losttest="2" iotype="AI" name="Sensor28920_S" textname="test sensor 28920"/>
			<item id="28921" losttest="2" iotype="AI" name="Sensor28921_S" textname="test sensor 28921"/>
			<item id="28922" losttest="2" iotype="AI" name="Sensor28922_S" textname="test sensor 28922"/>
			<item id="28923" losttest="2" iotype="AI" name="Sensor28923_S" textname="test sensor 28923"/>
			<item id="28924" losttest="2" iotype="AI" name="Sensor28924_S" textname="test sensor 28924"/>
			<item id="28925" losttest="2" iotype="AI" name="Sensor28925_S" textname="test sensor 28925"/>
			<item id="28926" losttest="2" iotype="AI" name="Sensor28926_S" textname="test sensor 28926"/>
			<item id="28927" losttest="2" iotype="AI" name="Sensor28927_S" textname="test sensor 28927"/>
			<item id="28928" losttest="2" iotype="AI" name="Sensor28928_S" textname="test sensor 28928"/>
			<item id="28929" losttest="2" iotype="AI" name="Sensor28929_S" textname="test sensor 28929"/>
			<item id="28930" losttest="2" iotype="AI" name="Sensor28930_S" textname="test sensor 28930"/>
			<item id="28931" losttest="2" iotype="AI" name="Sensor28931_S" textname="test sensor 28931"/>
			<item id="28932" losttest="2" iotype="AI" name="Sensor28932_S" textname="test sensor 28932"/>
			<item id="28933" losttest="2" iotype="AI" name="Sensor28933_S" textname="test sensor 28933"/>
			<item id="28934" losttest="2" iotype="AI" name="Sensor28934_S" textname="test sensor 28934"/>
			<item id="28935" losttest="2" iotype="AI" name="Sensor28935_S" textname="test sensor 28935"/>
			<item id="28936" losttest="2" iotype="AI" name="Sensor28936_S" textname="test sensor 28936"/>
			<item id="28937" losttest="2" iotype="AI" name="Sensor28937_S" textname="test sensor 28937"/>
			<item id="28938" losttest="2" iotype="AI" name="Sensor28938_S" textname="test sensor 28938"/>
			<item id="28939" losttest="2" iotype="AI" name="Sensor28939_S" textname="test sensor 28939"/>
			<item id="28940" losttest="2" iotype="AI" name="Sensor28940_S" textname="test sensor 28940"/>
			<item id="28941" losttest="2" iotype="AI" name="Sensor28941_S" textname="test sensor 28941"/>
			<item id="28942" losttest="2" iotype="AI" name="Sensor28942_S" textname="test sensor 28942"/>
			<item id="28943" losttest="2" iotype="AI" name="Sensor28943_S" textname="test sensor 28943"/>
			<item id="28944" losttest="2" iotype="AI" name="Sensor28944_S" textname="test sensor 28944"/>
			<item id="28945" losttest="2" iotype="AI" name="Sensor28945_S" textname="test sensor 28945"/>
			<item id="28946" losttest="2" iotype="AI" name="Sensor28946_S" textname="test sensor 28946"/>
			<item id="28947" losttest="2" iotype="AI" name="Sensor28947_S" textname="test sensor 28947"/>
			<item id="28948" losttest="2" iotype="AI" name="Sensor28948_S" textname="test sensor 28948"/>
			<item id="28949" losttest="2" iotype="AI" name="Sensor28949_S" textname="test sensor 28949"/>
			<item id="28950" losttest="2" iotype="AI" name="Sensor28950_S" textname="test sensor 28950"/>
			<item id="28951" losttest="2" iotype="AI" name="Sensor28951_S" textname="test sensor 28951"/>
			<item id="28952" losttest="2" iotype="AI" name="Sensor28952_S" textname="test sensor 28952"/>
			<item id="28953" losttest="2" iotype="AI" name="Sensor28953_S" textname="test sensor 28953"/>
			<item id="28954" losttest="2" iotype="AI" name="Sensor28954_S" textname="test sensor 28954"/>
			<item id="28955" losttest="2" iotype="AI" name="Sensor28955_S" textname="test sensor 28955"/>
			<item id="28956" losttest="2" iotype="AI" name="Sensor28956_S" textname="test sensor 28956"/>
			<item id="28957" losttest="2" iotype="AI" name="Sensor28957_S" textname="test sensor 28957"/>
			<item id="28958" losttest="2" iotype="AI" name="Sensor28958_S" textname="test sensor 28958"/>
			<item id="28959" losttest="2" iotype="AI" name="Sensor28959_S" textname="test sensor 28959"/>
			<item id="28960" losttest="2" iotype="AI" name="Sensor28960_S" textname="test sensor 28960"/>
			<item id="28961" losttest="2" iotype="AI" name="Sensor28961_S" textname="test sensor 28961"/>
			<item id="28962" losttest="2" iotype="AI" name="Sensor28962_S" textname="test sensor 28962"/>
			<item id="28963" losttest="2" iotype="AI" name="Sensor28963_S" textname="test sensor 28963"/>
			<item id="28964" losttest="2" iotype="AI" name="Sensor28964_S" textname="test sensor 28964"/>
			<item id="28965" losttest="2" iotype="AI" name="Sensor28965_S" textname="test sensor 28965"/>
			<item id="28966" losttest="2" iotype="AI" name="Sensor28966_S" textname="test sensor 28966"/>
			<item id="28967" losttest="2" iotype="AI" name="Sensor28967_S" textname="test sensor 28967"/>
			<item id="28968" losttest="2" iotype="AI" name="Sensor28968_S" textname="test sensor 28968"/>
			<item id="28969" losttest="2" iotype="AI" name="Sensor28969_S" textname="test sensor 28969"/>
			<item id="28970" losttest="2" iotype="AI" name="Sensor28970_S" textname="test sensor 28970"/>
			<item id="28971" losttest="2" iotype="AI" name="Sensor28971_S" textname="test sensor 28971"/>
			<item id="28972" losttest="2" iotype="AI" name="Sensor28972_S" textname="test sensor 28972"/>
			<item id="28973" losttest="2" iotype="AI" name="Sensor28973_S" textname="test sensor 28973"/>
			<item id="28974" losttest="2" iotype="AI" name="Sensor28974_S" textname="test sensor 28974"/>
			<item id="28975" losttest="2" iotype="AI" name="Sensor28975_S" textname="test sensor 28975"/>
			<item id="28976" losttest="2" iotype="AI" name="Sensor28976_S" textname="test sensor 28976"/>
			<item id="28977" losttest="2" iotype="AI" name="Sensor28977_S" textname="test sensor 28977"/>
			<item id="28978" losttest="2" iotype="AI" name="Sensor28978_S" textname="test sensor 28978"/>
			<item id="28979" losttest="2" iotype="AI" name="Sensor28979_S" textname="test sensor 28979"/>
			<item id="28980" losttest="2" iotype="AI" name="Sensor28980_S" textname="test sensor 28980"/>
			<item id="28981" losttest="2" iotype="AI" name="Sensor28981_S" textname="test sensor 28981"/>
			<item id="28982" losttest="2" iotype="AI" name="Sensor28982_S" textname="test sensor 28982"/>
			<item id="28983" losttest="2" iotype="AI" name="Sensor28983_S" textname="test sensor 28983"/>
			<item id="28984" losttest="2" iotype="AI" name="Sensor28984_S" textname="test sensor 28984"/>
			<item id="28985" losttest="2" iotype="AI" name="Sensor28985_S" textname="test sensor 28985"/>
			<item id="28986" losttest="2" iotype="AI" name="Sensor28986_S" textname="test sensor 28986"/>
			<item id="28987" losttest="2" iotype="AI" name="Sensor28987_S" textname="test sensor 28987"/>
			<item id="28988" losttest="2" iotype="AI" name="Sensor28988_S" textname="test sensor 28988"/>
			<item id="28989" losttest="2" iotype="AI" name="Sensor28989_S" textname="test sensor 28989"/>
			<item id="28990" losttest="2" iotype="AI" name="Sensor28990_S" textname="test sensor 28990"/>
			<item id="28991" losttest="2" iotype="AI" name="Sensor28991_S" textname="test sensor 28991"/>
			<item id="28992" losttest="2" iotype="AI" name="Sensor28992_S" textname="test sensor 28992"/>
			<item id="28993" losttest="2" iotype="AI" name="Sensor28993_S" textname="test sensor 28993"/>
			<item id="28994" losttest="2" iotype="AI" name="Sensor28994_S" textname="test sensor 28994"/>
			<item id="28995" losttest="2" iotype="AI" name="Sensor28995_S" textname="test sensor 28995"/>
			<item id="28996" losttest="2" iotype="AI" name="Sensor28996_S" textname="test sensor 28996"/>
			<item id="28997" losttest="2" iotype="AI" name="Sensor28997_S" textname="test sensor 28997"/>
			<item id="28998" losttest="2" iotype="AI" name="Sensor28998_S" textname="test sensor 28998"/>
			<item id="28999" losttest="2" iotype="AI" name="Sensor28999_S" textname="test sensor 28999"/>
			<item id="29000" losttest="2" iotype="AI" name="Sensor29000_S" textname="test sensor 29000"/>
			<item id="29001" losttest="2" iotype="AI" name="Sensor29001_S" textname="test sensor 29001"/>
			<item id="29002" losttest="2" iotype="AI" name="Sensor29002_S" textname="test sensor 29002"/>
			<item id="29003" losttest="2" iotype="AI" name="Sensor29003_S" textname="test sensor 29003"/>
			<item id="29004" losttest="2" iotype="AI" name="Sensor29004_S" textname="test sensor 29004"/>
			<item id="29005" losttest="2" iotype="AI" name="Sensor29005_S" textname="test sensor 29005"/>
			<item id="29006" losttest="2" iotype="AI" name="Sensor29006_S" textname="test sensor 29006"/>
			<item id="29007" losttest="2" iotype="AI" name="Sensor29007_S" textname="test sensor 29007"/>
			<item id="29008" losttest="2" iotype="AI" name="Sensor29008_S" textname="test sensor 29008"/>
			<item id="29009" losttest="2" iotype="AI" name="Sensor29009_S" textname="test sensor 29009"/>
			<item id="29010" losttest="2" iotype="AI" name="Sensor29010_S" textname="test sensor 29010"/>
			<item id="29011" losttest="2" iotype="AI" name="Sensor29011_S" textname="test sensor 29011"/>
			<item id="29012" losttest="2" iotype="AI" name="Sensor29012_S" textname="test sensor 29012"/>
			<item id="29013" losttest="2" iotype="AI" name="Sensor29013_S" textname="test sensor 29013"/>
			<item id="29014" losttest="2" iotype="AI" name="Sensor29014_S" textname="test sensor 29014"/>
			<item id="29015" losttest="2" iotype="AI" name="Sensor29015_S" textname="test sensor 29015"/>
			<item id="29016" losttest="2" iotype="AI" name="Sensor29016_S" textname="test sensor 29016"/>
			<item id="29017" losttest="2" iotype="AI" name="Sensor29017_S" textname="test sensor 29017"/>
			<item id="29018" losttest="2" iotype="AI" name="Sensor29018_S" textname="test sensor 29018"/>
			<item id="29019" losttest="2" iotype="AI" name="Sensor29019_S" textname="test sensor 29019"/>
			<item id="29020" losttest="2" iotype="AI" name="Sensor29020_S" textname="test sensor 29020"/>
			<item id="29021" losttest="2" iotype="AI" name="Sensor29021_S" textname="test sensor 29021"/>
			<item id="29022" losttest="2" iotype="AI" name="Sensor29022_S" textname="test sensor 29022"/>
			<item id="29023" losttest="2" iotype="AI" name="Sensor29023_S" textname="test sensor 29023"/>
			<item id="29024" losttest="2" iotype="AI" name="Sensor29024_S" textname="test sensor 29024"/>
			<item id="29025" losttest="2" iotype="AI" name="Sensor29025_S" textname="test sensor 29025"/>
			<item id="29026" losttest="2" iotype="AI" name="Sensor29026_S" textname="test sensor 29026"/>
			<item id="29027" losttest="2" iotype="AI" name="Sensor29027_S" textname="test sensor 29027"/>
			<item id="29028" losttest="2" iotype="AI" name="Sensor29028_S" textname="test sensor 29028"/>
			<item id="29029" losttest="2" iotype="AI" name="Sensor29029_S" textname="test sensor 29029"/>
			<item id="29030" losttest="2" iotype="AI" name="Sensor29030_S" textname="test sensor 29030"/>
			<item id="29031" losttest="2" iotype="AI" name="Sensor29031_S" textname="test sensor 29031"/>
			<item id="29032" losttest="2" iotype="AI" name="Sensor29032_S" textname="test sensor 29032"/>
			<item id="29033" losttest="2" iotype="AI" name="Sensor29033_S" textname="test sensor 29033"/>
			<item id="29034" losttest="2" iotype="AI" name="Sensor29034_S" textname="test sensor 29034"/>
			<item id="29035" losttest="2" iotype="AI" name="Sensor29035_S" textname="test sensor 29035"/>
			<item id="29036" losttest="2" iotype="AI" name="Sensor29036_S" textname="test sensor 29036"/>
			<item id="29037" losttest="2" iotype="AI" name="Sensor29037_S" textname="test sensor 29037"/>
			<item id="29038" losttest="2" iotype="AI" name="Sensor29038_S" textname="test sensor 29038"/>
			<item id="29039" losttest="2" iotype="AI" name="Sensor29039_S" textname="test sensor 29039"/>
			<item id="29040" losttest="2" iotype="AI" name="Sensor29040_S" textname="test sensor 29040"/>
			<item id="29041" losttest="2" iotype="AI" name="Sensor29041_S" textname="test sensor 29041"/>
			<item id="29042" losttest="2" iotype="AI" name="Sensor29042_S" textname="test sensor 29042"/>
			<item id="29043" losttest="2" iotype="AI" name="Sensor29043_S" textname="test sensor 29043"/>
			<item id="29044" losttest="2" iotype="AI" name="Sensor29044_S" textname="test sensor 29044"/>
			<item id="29045" losttest="2" iotype="AI" name="Sensor29045_S" textname="test sensor 29045"/>
			<item id="29046" losttest="2" iotype="AI" name="Sensor29046_S" textname="test sensor 29046"/>
			<item id="29047" losttest="2" iotype="AI" name="Sensor29047_S" textname="test sensor 29047"/>
			<item id="29048" losttest="2" iotype="AI" name="Sensor29048_S" textname="test sensor 29048"/>
			<item id="29049" losttest="2" iotype="AI" name="Sensor29049_S" textname="test sensor 29049"/>
			<item id="29050" losttest="2" iotype="AI" name="Sensor29050_S" textname="test sensor 29050"/>
			<item id="29051" losttest="2" iotype="AI" name="Sensor29051_S" textname="test sensor 29051"/>
			<item id="29052" losttest="2" iotype="AI" name="Sensor29052_S" textname="test sensor 29052"/>
			<item id="29053" losttest="2" iotype="AI" name="Sensor29053_S" textname="test sensor 29053"/>
			<item id="29054" losttest="2" iotype="AI" name="Sensor29054_S" textname="test sensor 29054"/>
			<item id="29055" losttest="2" iotype="AI" name="Sensor29055_S" textname="test sensor 29055"/>
			<item id="29056" losttest="2" iotype="AI" name="Sensor29056_S" textname="test sensor 29056"/>
			<item id="29057" losttest="2" iotype="AI" name="Sensor29057_S" textname="test sensor 29057"/>
			<item id="29058" losttest="2" iotype="AI" name="Sensor29058_S" textname="test sensor 29058"/>
			<item id="29059" losttest="2" iotype="AI" name="Sensor29059_S" textname="test sensor 29059"/>
			<item id="29060" losttest="2" iotype="AI" name="Sensor29060_S" textname="test sensor 29060"/>
			<item id="29061" losttest="2" iotype="AI" name="Sensor29061_S" textname="test sensor 29061"/>
			<item id="29062" losttest="2" iotype="AI" name="Sensor29062_S" textname="test sensor 29062"/>
			<item id="29063" losttest="2" iotype="AI" name="Sensor29063_S" textname="test sensor 29063"/>
			<item id="29064" losttest="2" iotype="AI" name="Sensor29064_S" textname="test sensor 29064"/>
			<item id="29065" losttest="2" iotype="AI" name="Sensor29065_S" textname="test sensor 29065"/>
			<item id="29066" losttest="2" iotype="AI" name="Sensor29066_S" textname="test sensor 29066"/>
			<item id="29067" losttest="2" iotype="AI" name="Sensor29067_S" textname="test sensor 29067"/>
			<item id="29068" losttest="2" iotype="AI" name="Sensor29068_S" textname="test sensor 29068"/>
			<item id="29069" losttest="2" iotype="AI" name="Sensor29069_S" textname="test sensor 29069"/>
			<item id="29070" losttest="2" iotype="AI" name="Sensor29070_S" textname="test sensor 29070"/>
			<item id="29071" losttest="2" iotype="AI" name="Sensor29071_S" textname="test sensor 29071"/>
			<item id="29072" losttest="2" iotype="AI" name="Sensor29072_S" textname="test sensor 29072"/>
			<item id="29073" losttest="2" iotype="AI" name="Sensor29073_S" textname="test sensor 29073"/>
			<item id="29074" losttest="2" iotype="AI" name="Sensor29074_S" textname="test sensor 29074"/>
			<item id="29075" losttest="2" iotype="AI" name="Sensor29075_S" textname="test sensor 29075"/>
			<item id="29076" losttest="2" iotype="AI" name="Sensor29076_S" textname="test sensor 29076"/>
			<item id="29077" losttest="2" iotype="AI" name="Sensor29077_S" textname="test sensor 29077"/>
			<item id="29078" losttest="2" iotype="AI" name="Sensor29078_S" textname="test sensor 29078"/>
			<item id="29079" losttest="2" iotype="AI" name="Sensor29079_S" textname="test sensor 29079"/>
			<item id="29080" losttest="2" iotype="AI" name="Sensor29080_S" textname="test sensor 29080"/>
			<item id="29081" losttest="2" iotype="AI" name="Sensor29081_S" textname="test sensor 29081"/>
			<item id="29082" losttest="2" iotype="AI" name="Sensor29082_S" textname="test sensor 29082"/>
			<item id="29083" losttest="2" iotype="AI" name="Sensor29083_S" textname="test sensor 29083"/>
			<item id="29084" losttest="2" iotype="AI" name="Sensor29084_S" textname="test sensor 29084"/>
			<item id="29085" losttest="2" iotype="AI" name="Sensor29085_S" textname="test sensor 29085"/>
			<item id="29086" losttest="2" iotype="AI" name="Sensor29086_S" textname="test sensor 29086"/>
			<item id="29087" losttest="2" iotype="AI" name="Sensor29087_S" textname="test sensor 29087"/>
			<item id="29088" losttest="2" iotype="AI" name="Sensor29088_S" textname="test sensor 29088"/>
			<item id="29089" losttest="2" iotype="AI" name="Sensor29089_S" textname="test sensor 29089"/>
			<item id="29090" losttest="2" iotype="AI" name="Sensor29090_S" textname="test sensor 29090"/>
			<item id="29091" losttest="2" iotype="AI" name="Sensor29091_S" textname="test sensor 29091"/>
			<item id="29092" losttest="2" iotype="AI" name="Sensor29092_S" textname="test sensor 29092"/>
			<item id="29093" losttest="2" iotype="AI" name="Sensor29093_S" textname="test sensor 29093"/>
			<item id="29094" losttest="2" iotype="AI" name="Sensor29094_S" textname="test sensor 29094"/>
			<item id="29095" losttest="2" iotype="AI" name="Sensor29095_S" textname="test sensor 29095"/>
			<item id="29096" losttest="2" iotype="AI" name="Sensor29096_S" textname="test sensor 29096"/>
			<item id="29097" losttest="2" iotype="AI" name="Sensor29097_S" textname="test sensor 29097"/>
			<item id="29098" losttest="2" iotype="AI" name="Sensor29098_S" textname="test sensor 29098"/>
			<item id="29099" losttest="2" iotype="AI" name="Sensor29099_S" textname="test sensor 29099"/>
			<item id="29100" losttest="2" iotype="AI" name="Sensor29100_S" textname="test sensor 29100"/>
			<item id="29101" losttest="2" iotype="AI" name="Sensor29101_S" textname="test sensor 29101"/>
			<item id="29102" losttest="2" iotype="AI" name="Sensor29102_S" textname="test sensor 29102"/>
			<item id="29103" losttest="2" iotype="AI" name="Sensor29103_S" textname="test sensor 29103"/>
			<item id="29104" losttest="2" iotype="AI" name="Sensor29104_S" textname="test sensor 29104"/>
			<item id="29105" losttest="2" iotype="AI" name="Sensor29105_S" textname="test sensor 29105"/>
			<item id="29106" losttest="2" iotype="AI" name="Sensor29106_S" textname="test sensor 29106"/>
			<item id="29107" losttest="2" iotype="AI" name="Sensor29107_S" textname="test sensor 29107"/>
			<item id="29108" losttest="2" iotype="AI" name="Sensor29108_S" textname="test sensor 29108"/>
			<item id="29109" losttest="2" iotype="AI" name="Sensor29109_S" textname="test sensor 29109"/>
			<item id="29110" losttest="2" iotype="AI" name="Sensor29110_S" textname="test sensor 29110"/>
			<item id="29111" losttest="2" iotype="AI" name="Sensor29111_S" textname="test sensor 29111"/>
			<item id="29112" losttest="2" iotype="AI" name="Sensor29112_S" textname="test sensor 29112"/>
			<item id="29113" losttest="2" iotype="AI" name="Sensor29113_S" textname="test sensor 29113"/>
			<item id="29114" losttest="2" iotype="AI" name="Sensor29114_S" textname="test sensor 29114"/>
			<item id="29115" losttest="2" iotype="AI" name="Sensor29115_S" textname="test sensor 29115"/>
			<item id="29116" losttest="2" iotype="AI" name="Sensor29116_S" textname="test sensor 29116"/>
			<item id="29117" losttest="2" iotype="AI" name="Sensor29117_S" textname="test sensor 29117"/>
			<item id="29118" losttest="2" iotype="AI" name="Sensor29118_S" textname="test sensor 29118"/>
			<item id="29119" losttest="2" iotype="AI" name="Sensor29119_S" textname="test sensor 29119"/>
			<item id="29120" losttest="2" iotype="AI" name="Sensor29120_S" textname="test sensor 29120"/>
			<item id="29121" losttest="2" iotype="AI" name="Sensor29121_S" textname="test sensor 29121"/>
			<item id="29122" losttest="2" iotype="AI" name="Sensor29122_S" textname="test sensor 29122"/>
			<item id="29123" losttest="2" iotype="AI" name="Sensor29123_S" textname="test sensor 29123"/>
			<item id="29124" losttest="2" iotype="AI" name="Sensor29124_S" textname="test sensor 29124"/>
			<item id="29125" losttest="2" iotype="AI" name="Sensor29125_S" textname="test sensor 29125"/>
			<item id="29126" losttest="2" iotype="AI" name="Sensor29126_S" textname="test sensor 29126"/>
			<item id="29127" losttest="2" iotype="AI" name="Sensor29127_S" textname="test sensor 29127"/>
			<item id="29128" losttest="2" iotype="AI" name="Sensor29128_S" textname="test sensor 29128"/>
			<item id="29129" losttest="2" iotype="AI" name="Sensor29129_S" textname="test sensor 29129"/>
			<item id="29130" losttest="2" iotype="AI" name="Sensor29130_S" textname="test sensor 29130"/>
			<item id="29131" losttest="2" iotype="AI" name="Sensor29131_S" textname="test sensor 29131"/>
			<item id="29132" losttest="2" iotype="AI" name="Sensor29132_S" textname="test sensor 29132"/>
			<item id="29133" losttest="2" iotype="AI" name="Sensor29133_S" textname="test sensor 29133"/>
			<item id="29134" losttest="2" iotype="AI" name="Sensor29134_S" textname="test sensor 29134"/>
			<item id="29135" losttest="2" iotype="AI" name="Sensor29135_S" textname="test sensor 29135"/>
			<item id="29136" losttest="2" iotype="AI" name="Sensor29136_S" textname="test sensor 29136"/>
			<item id="29137" losttest="2" iotype="AI" name="Sensor29137_S" textname="test sensor 29137"/>
			<item id="29138" losttest="2" iotype="AI" name="Sensor29138_S" textname="test sensor 29138"/>
			<item id="29139" losttest="2" iotype="AI" name="Sensor29139_S" textname="test sensor 29139"/>
			<item id="29140" losttest="2" iotype="AI" name="Sensor29140_S" textname="test sensor 29140"/>
			<item id="29141" losttest="2" iotype="AI" name="Sensor29141_S" textname="test sensor 29141"/>
			<item id="29142" losttest="2" iotype="AI" name="Sensor29142_S" textname="test sensor 29142"/>
			<item id="29143" losttest="2" iotype="AI" name="Sensor29143_S" textname="test sensor 29143"/>
			<item id="29144" losttest="2" iotype="AI" name="Sensor29144_S" textname="test sensor 29144"/>
			<item id="29145" losttest="2" iotype="AI" name="Sensor29145_S" textname="test sensor 29145"/>
			<item id="29146" losttest="2" iotype="AI" name="Sensor29146_S" textname="test sensor 29146"/>
			<item id="29147" losttest="2" iotype="AI" name="Sensor29147_S" textname="test sensor 29147"/>
			<item id="29148" losttest="2" iotype="AI" name="Sensor29148_S" textname="test sensor 29148"/>
			<item id="29149" losttest="2" iotype="AI" name="Sensor29149_S" textname="test sensor 29149"/>
			<item id="29150" losttest="2" iotype="AI" name="Sensor29150_S" textname="test sensor 29150"/>
			<item id="29151" losttest="2" iotype="AI" name="Sensor29151_S" textname="test sensor 29151"/>
			<item id="29152" losttest="2" iotype="AI" name="Sensor29152_S" textname="test sensor 29152"/>
			<item id="29153" losttest="2" iotype="AI" name="Sensor29153_S" textname="test sensor 29153"/>
			<item id="29154" losttest="2" iotype="AI" name="Sensor29154_S" textname="test sensor 29154"/>
			<item id="29155" losttest="2" iotype="AI" name="Sensor29155_S" textname="test sensor 29155"/>
			<item id="29156" losttest="2" iotype="AI" name="Sensor29156_S" textname="test sensor 29156"/>
			<item id="29157" losttest="2" iotype="AI" name="Sensor29157_S" textname="test sensor 29157"/>
			<item id="29158" losttest="2" iotype="AI" name="Sensor29158_S" textname="test sensor 29158"/>
			<item id="29159" losttest="2" iotype="AI" name="Sensor29159_S" textname="test sensor 29159"/>
			<item id="29160" losttest="2" iotype="AI" name="Sensor29160_S" textname="test sensor 29160"/>
			<item id="29161" losttest="2" iotype="AI" name="Sensor29161_S" textname="test sensor 29161"/>
			<item id="29162" losttest="2" iotype="AI" name="Sensor29162_S" textname="test sensor 29162"/>
			<item id="29163" losttest="2" iotype="AI" name="Sensor29163_S" textname="test sensor 29163"/>
			<item id="29164" losttest="2" iotype="AI" name="Sensor29164_S" textname="test sensor 29164"/>
			<item id="29165" losttest="2" iotype="AI" name="Sensor29165_S" textname="test sensor 29165"/>
			<item id="29166" losttest="2" iotype="AI" name="Sensor29166_S" textname="test sensor 29166"/>
			<item id="29167" losttest="2" iotype="AI" name="Sensor29167_S" textname="test sensor 29167"/>
			<item id="29168" losttest="2" iotype="AI" name="Sensor29168_S" textname="test sensor 29168"/>
			<item id="29169" losttest="2" iotype="AI" name="Sensor29169_S" textname="test sensor 29169"/>
			<item id="29170" losttest="2" iotype="AI" name="Sensor29170_S" textname="test sensor 29170"/>
			<item id="29171" losttest="2" iotype="AI" name="Sensor29171_S" textname="test sensor 29171"/>
			<item id="29172" losttest="2" iotype="AI" name="Sensor29172_S" textname="test sensor 29172"/>
			<item id="29173" losttest="2" iotype="AI" name="Sensor29173_S" textname="test sensor 29173"/>
			<item id="29174" losttest="2" iotype="AI" name="Sensor29174_S" textname="test sensor 29174"/>
			<item id="29175" losttest="2" iotype="AI" name="Sensor29175_S" textname="test sensor 29175"/>
			<item id="29176" losttest="2" iotype="AI" name="Sensor29176_S" textname="test sensor 29176"/>
			<item id="29177" losttest="2" iotype="AI" name="Sensor29177_S" textname="test sensor 29177"/>
			<item id="29178" losttest="2" iotype="AI" name="Sensor29178_S" textname="test sensor 29178"/>
			<item id="29179" losttest="2" iotype="AI" name="Sensor29179_S" textname="test sensor 29179"/>
			<item id="29180" losttest="2" iotype="AI" name="Sensor29180_S" textname="test sensor 29180"/>
			<item id="29181" losttest="2" iotype="AI" name="Sensor29181_S" textname="test sensor 29181"/>
			<item id="29182" losttest="2" iotype="AI" name="Sensor29182_S" textname="test sensor 29182"/>
			<item id="29183" losttest="2" iotype="AI" name="Sensor29183_S" textname="test sensor 29183"/>
			<item id="29184" losttest="2" iotype="AI" name="Sensor29184_S" textname="test sensor 29184"/>
			<item id="29185" losttest="2" iotype="AI" name="Sensor29185_S" textname="test sensor 29185"/>
			<item id="29186" losttest="2" iotype="AI" name="Sensor29186_S" textname="test sensor 29186"/>
			<item id="29187" losttest="2" iotype="AI" name="Sensor29187_S" textname="test sensor 29187"/>
			<item id="29188" losttest="2" iotype="AI" name="Sensor29188_S" textname="test sensor 29188"/>
			<item id="29189" losttest="2" iotype="AI" name="Sensor29189_S" textname="test sensor 29189"/>
			<item id="29190" losttest="2" iotype="AI" name="Sensor29190_S" textname="test sensor 29190"/>
			<item id="29191" losttest="2" iotype="AI" name="Sensor29191_S" textname="test sensor 29191"/>
			<item id="29192" losttest="2" iotype="AI" name="Sensor29192_S" textname="test sensor 29192"/>
			<item id="29193" losttest="2" iotype="AI" name="Sensor29193_S" textname="test sensor 29193"/>
			<item id="29194" losttest="2" iotype="AI" name="Sensor29194_S" textname="test sensor 29194"/>
			<item id="29195" losttest="2" iotype="AI" name="Sensor29195_S" textname="test sensor 29195"/>
			<item id="29196" losttest="2" iotype="AI" name="Sensor29196_S" textname="test sensor 29196"/>
			<item id="29197" losttest="2" iotype="AI" name="Sensor29197_S" textname="test sensor 29197"/>
			<item id="29198" losttest="2" iotype="AI" name="Sensor29198_S" textname="test sensor 29198"/>
			<item id="29199" losttest="2" iotype="AI" name="Sensor29199_S" textname="test sensor 29199"/>
			<item id="29200" losttest="2" iotype="AI" name="Sensor29200_S" textname="test sensor 29200"/>
			<item id="29201" losttest="2" iotype="AI" name="Sensor29201_S" textname="test sensor 29201"/>
			<item id="29202" losttest="2" iotype="AI" name="Sensor29202_S" textname="test sensor 29202"/>
			<item id="29203" losttest="2" iotype="AI" name="Sensor29203_S" textname="test sensor 29203"/>
			<item id="29204" losttest="2" iotype="AI" name="Sensor29204_S" textname="test sensor 29204"/>
			<item id="29205" losttest="2" iotype="AI" name="Sensor29205_S" textname="test sensor 29205"/>
			<item id="29206" losttest="2" iotype="AI" name="Sensor29206_S" textname="test sensor 29206"/>
			<item id="29207" losttest="2" iotype="AI" name="Sensor29207_S" textname="test sensor 29207"/>
			<item id="29208" losttest="2" iotype="AI" name="Sensor29208_S" textname="test sensor 29208"/>
			<item id="29209" losttest="2" iotype="AI" name="Sensor29209_S" textname="test sensor 29209"/>
			<item id="29210" losttest="2" iotype="AI" name="Sensor29210_S" textname="test sensor 29210"/>
			<item id="29211" losttest="2" iotype="AI" name="Sensor29211_S" textname="test sensor 29211"/>
			<item id="29212" losttest="2" iotype="AI" name="Sensor29212_S" textname="test sensor 29212"/>
			<item id="29213" losttest="2" iotype="AI" name="Sensor29213_S" textname="test sensor 29213"/>
			<item id="29214" losttest="2" iotype="AI" name="Sensor29214_S" textname="test sensor 29214"/>
			<item id="29215" losttest="2" iotype="AI" name="Sensor29215_S" textname="test sensor 29215"/>
			<item id="29216" losttest="2" iotype="AI" name="Sensor29216_S" textname="test sensor 29216"/>
			<item id="29217" losttest="2" iotype="AI" name="Sensor29217_S" textname="test sensor 29217"/>
			<item id="29218" losttest="2" iotype="AI" name="Sensor29218_S" textname="test sensor 29218"/>
			<item id="29219" losttest="2" iotype="AI" name="Sensor29219_S" textname="test sensor 29219"/>
			<item id="29220" losttest="2" iotype="AI" name="Sensor29220_S" textname="test sensor 29220"/>
			<item id="29221" losttest="2" iotype="AI" name="Sensor29221_S" textname="test sensor 29221"/>
			<item id="29222" losttest="2" iotype="AI" name="Sensor29222_S" textname="test sensor 29222"/>
			<item id="29223" losttest="2" iotype="AI" name="Sensor29223_S" textname="test sensor 29223"/>
			<item id="29224" losttest="2" iotype="AI" name="Sensor29224_S" textname="test sensor 29224"/>
			<item id="29225" losttest="2" iotype="AI" name="Sensor29225_S" textname="test sensor 29225"/>
			<item id="29226" losttest="2" iotype="AI" name="Sensor29226_S" textname="test sensor 29226"/>
			<item id="29227" losttest="2" iotype="AI" name="Sensor29227_S" textname="test sensor 29227"/>
			<item id="29228" losttest="2" iotype="AI" name="Sensor29228_S" textname="test sensor 29228"/>
			<item id="29229" losttest="2" iotype="AI" name="Sensor29229_S" textname="test sensor 29229"/>
			<item id="29230" losttest="2" iotype="AI" name="Sensor29230_S" textname="test sensor 29230"/>
			<item id="29231" losttest="2" iotype="AI" name="Sensor29231_S" textname="test sensor 29231"/>
			<item id="29232" losttest="2" iotype="AI" name="Sensor29232_S" textname="test sensor 29232"/>
			<item id="29233" losttest="2" iotype="AI" name="Sensor29233_S" textname="test sensor 29233"/>
			<item id="29234" losttest="2" iotype="AI" name="Sensor29234_S" textname="test sensor 29234"/>
			<item id="29235" losttest="2" iotype="AI" name="Sensor29235_S" textname="test sensor 29235"/>
			<item id="29236" losttest="2" iotype="AI" name="Sensor29236_S" textname="test sensor 29236"/>
			<item id="29237" losttest="2" iotype="AI" name="Sensor29237_S" textname="test sensor 29237"/>
			<item id="29238" losttest="2" iotype="AI" name="Sensor29238_S" textname="test sensor 29238"/>
			<item id="29239" losttest="2" iotype="AI" name="Sensor29239_S" textname="test sensor 29239"/>
			<item id="29240" losttest="2" iotype="AI" name="Sensor29240_S" textname="test sensor 29240"/>
			<item id="29241" losttest="2" iotype="AI" name="Sensor29241_S" textname="test sensor 29241"/>
			<item id="29242" losttest="2" iotype="AI" name="Sensor29242_S" textname="test sensor 29242"/>
			<item id="29243" losttest="2" iotype="AI" name="Sensor29243_S" textname="test sensor 29243"/>
			<item id="29244" losttest="2" iotype="AI" name="Sensor29244_S" textname="test sensor 29244"/>
			<item id="29245" losttest="2" iotype="AI" name="Sensor29245_S" textname="test sensor 29245"/>
			<item id="29246" losttest="2" iotype="AI" name="Sensor29246_S" textname="test sensor 29246"/>
			<item id="29247" losttest="2" iotype="AI" name="Sensor29247_S" textname="test sensor 29247"/>
			<item id="29248" losttest="2" iotype="AI" name="Sensor29248_S" textname="test sensor 29248"/>
			<item id="29249" losttest="2" iotype="AI" name="Sensor29249_S" textname="test sensor 29249"/>
			<item id="29250" losttest="2" iotype="AI" name="Sensor29250_S" textname="test sensor 29250"/>
			<item id="29251" losttest="2" iotype="AI" name="Sensor29251_S" textname="test sensor 29251"/>
			<item id="29252" losttest="2" iotype="AI" name="Sensor29252_S" textname="test sensor 29252"/>
			<item id="29253" losttest="2" iotype="AI" name="Sensor29253_S" textname="test sensor 29253"/>
			<item id="29254" losttest="2" iotype="AI" name="Sensor29254_S" textname="test sensor 29254"/>
			<item id="29255" losttest="2" iotype="AI" name="Sensor29255_S" textname="test sensor 29255"/>
			<item id="29256" losttest="2" iotype="AI" name="Sensor29256_S" textname="test sensor 29256"/>
			<item id="29257" losttest="2" iotype="AI" name="Sensor29257_S" textname="test sensor 29257"/>
			<item id="29258" losttest="2" iotype="AI" name="Sensor29258_S" textname="test sensor 29258"/>
			<item id="29259" losttest="2" iotype="AI" name="Sensor29259_S" textname="test sensor 29259"/>
			<item id="29260" losttest="2" iotype="AI" name="Sensor29260_S" textname="test sensor 29260"/>
			<item id="29261" losttest="2" iotype="AI" name="Sensor29261_S" textname="test sensor 29261"/>
			<item id="29262" losttest="2" iotype="AI" name="Sensor29262_S" textname="test sensor 29262"/>
			<item id="29263" losttest="2" iotype="AI" name="Sensor29263_S" textname="test sensor 29263"/>
			<item id="29264" losttest="2" iotype="AI" name="Sensor29264_S" textname="test sensor 29264"/>
			<item id="29265" losttest="2" iotype="AI" name="Sensor29265_S" textname="test sensor 29265"/>
			<item id="29266" losttest="2" iotype="AI" name="Sensor29266_S" textname="test sensor 29266"/>
			<item id="29267" losttest="2" iotype="AI" name="Sensor29267_S" textname="test sensor 29267"/>
			<item id="29268" losttest="2" iotype="AI" name="Sensor29268_S" textname="test sensor 29268"/>
			<item id="29269" losttest="2" iotype="AI" name="Sensor29269_S" textname="test sensor 29269"/>
			<item id="29270" losttest="2" iotype="AI" name="Sensor29270_S" textname="test sensor 29270"/>
			<item id="29271" losttest="2" iotype="AI" name="Sensor29271_S" textname="test sensor 29271"/>
			<item id="29272" losttest="2" iotype="AI" name="Sensor29272_S" textname="test sensor 29272"/>
			<item id="29273" losttest="2" iotype="AI" name="Sensor29273_S" textname="test sensor 29273"/>
			<item id="29274" losttest="2" iotype="AI" name="Sensor29274_S" textname="test sensor 29274"/>
			<item id="29275" losttest="2" iotype="AI" name="Sensor29275_S" textname="test sensor 29275"/>
			<item id="29276" losttest="2" iotype="AI" name="Sensor29276_S" textname="test sensor 29276"/>
			<item id="29277" losttest="2" iotype="AI" name="Sensor29277_S" textname="test sensor 29277"/>
			<item id="29278" losttest="2" iotype="AI" name="Sensor29278_S" textname="test sensor 29278"/>
			<item id="29279" losttest="2" iotype="AI" name="Sensor29279_S" textname="test sensor 29279"/>
			<item id="29280" losttest="2" iotype="AI" name="Sensor29280_S" textname="test sensor 29280"/>
			<item id="29281" losttest="2" iotype="AI" name="Sensor29281_S" textname="test sensor 29281"/>
			<item id="29282" losttest="2" iotype="AI" name="Sensor29282_S" textname="test sensor 29282"/>
			<item id="29283" losttest="2" iotype="AI" name="Sensor29283_S" textname="test sensor 29283"/>
			<item id="29284" losttest="2" iotype="AI" name="Sensor29284_S" textname="test sensor 29284"/>
			<item id="29285" losttest="2" iotype="AI" name="Sensor29285_S" textname="test sensor 29285"/>
			<item id="29286" losttest="2" iotype="AI" name="Sensor29286_S" textname="test sensor 29286"/>
			<item id="29287" losttest="2" iotype="AI" name="Sensor29287_S" textname="test sensor 29287"/>
			<item id="29288" losttest="2" iotype="AI" name="Sensor29288_S" textname="test sensor 29288"/>
			<item id="29289" losttest="2" iotype="AI" name="Sensor29289_S" textname="test sensor 29289"/>
			<item id="29290" losttest="2" iotype="AI" name="Sensor29290_S" textname="test sensor 29290"/>
			<item id="29291" losttest="2" iotype="AI" name="Sensor29291_S" textname="test sensor 29291"/>
			<item id="29292" losttest="2" iotype="AI" name="Sensor29292_S" textname="test sensor 29292"/>
			<item id="29293" losttest="2" iotype="AI" name="Sensor29293_S" textname="test sensor 29293"/>
			<item id="29294" losttest="2" iotype="AI" name="Sensor29294_S" textname="test sensor 29294"/>
			<item id="29295" losttest="2" iotype="AI" name="Sensor29295_S" textname="test sensor 29295"/>
			<item id="29296" losttest="2" iotype="AI" name="Sensor29296_S" textname="test sensor 29296"/>
			<item id="29297" losttest="2" iotype="AI" name="Sensor29297_S" textname="test sensor 29297"/>
			<item id="29298" losttest="2" iotype="AI" name="Sensor29298_S" textname="test sensor 29298"/>
			<item id="29299" losttest="2" iotype="AI" name="Sensor29299_S" textname="test sensor 29299"/>
			<item id="29300" losttest="2" iotype="AI" name="Sensor29300_S" textname="test sensor 29300"/>
			<item id="29301" losttest="2" iotype="AI" name="Sensor29301_S" textname="test sensor 29301"/>
			<item id="29302" losttest="2" iotype="AI" name="Sensor29302_S" textname="test sensor 29302"/>
			<item id="29303" losttest="2" iotype="AI" name="Sensor29303_S" textname="test sensor 29303"/>
			<item id="29304" losttest="2" iotype="AI" name="Sensor29304_S" textname="test sensor 29304"/>
			<item id="29305" losttest="2" iotype="AI" name="Sensor29305_S" textname="test sensor 29305"/>
			<item id="29306" losttest="2" iotype="AI" name="Sensor29306_S" textname="test sensor 29306"/>
			<item id="29307" losttest="2" iotype="AI" name="Sensor29307_S" textname="test sensor 29307"/>
			<item id="29308" losttest="2" iotype="AI" name="Sensor29308_S" textname="test sensor 29308"/>
			<item id="29309" losttest="2" iotype="AI" name="Sensor29309_S" textname="test sensor 29309"/>
			<item id="29310" losttest="2" iotype="AI" name="Sensor29310_S" textname="test sensor 29310"/>
			<item id="29311" losttest="2" iotype="AI" name="Sensor29311_S" textname="test sensor 29311"/>
			<item id="29312" losttest="2" iotype="AI" name="Sensor29312_S" textname="test sensor 29312"/>
			<item id="29313" losttest="2" iotype="AI" name="Sensor29313_S" textname="test sensor 29313"/>
			<item id="29314" losttest="2" iotype="AI" name="Sensor29314_S" textname="test sensor 29314"/>
			<item id="29315" losttest="2" iotype="AI" name="Sensor29315_S" textname="test sensor 29315"/>
			<item id="29316" losttest="2" iotype="AI" name="Sensor29316_S" textname="test sensor 29316"/>
			<item id="29317" losttest="2" iotype="AI" name="Sensor29317_S" textname="test sensor 29317"/>
			<item id="29318" losttest="2" iotype="AI" name="Sensor29318_S" textname="test sensor 29318"/>
			<item id="29319" losttest="2" iotype="AI" name="Sensor29319_S" textname="test sensor 29319"/>
			<item id="29320" losttest="2" iotype="AI" name="Sensor29320_S" textname="test sensor 29320"/>
			<item id="29321" losttest="2" iotype="AI" name="Sensor29321_S" textname="test sensor 29321"/>
			<item id="29322" losttest="2" iotype="AI" name="Sensor29322_S" textname="test sensor 29322"/>
			<item id="29323" losttest="2" iotype="AI" name="Sensor29323_S" textname="test sensor 29323"/>
			<item id="29324" losttest="2" iotype="AI" name="Sensor29324_S" textname="test sensor 29324"/>
			<item id="29325" losttest="2" iotype="AI" name="Sensor29325_S" textname="test sensor 29325"/>
			<item id="29326" losttest="2" iotype="AI" name="Sensor29326_S" textname="test sensor 29326"/>
			<item id="29327" losttest="2" iotype="AI" name="Sensor29327_S" textname="test sensor 29327"/>
			<item id="29328" losttest="2" iotype="AI" name="Sensor29328_S" textname="test sensor 29328"/>
			<item id="29329" losttest="2" iotype="AI" name="Sensor29329_S" textname="test sensor 29329"/>
			<item id="29330" losttest="2" iotype="AI" name="Sensor29330_S" textname="test sensor 29330"/>
			<item id="29331" losttest="2" iotype="AI" name="Sensor29331_S" textname="test sensor 29331"/>
			<item id="29332" losttest="2" iotype="AI" name="Sensor29332_S" textname="test sensor 29332"/>
			<item id="29333" losttest="2" iotype="AI" name="Sensor29333_S" textname="test sensor 29333"/>
			<item id="29334" losttest="2" iotype="AI" name="Sensor29334_S" textname="test sensor 29334"/>
			<item id="29335" losttest="2" iotype="AI" name="Sensor29335_S" textname="test sensor 29335"/>
			<item id="29336" losttest="2" iotype="AI" name="Sensor29336_S" textname="test sensor 29336"/>
			<item id="29337" losttest="2" iotype="AI" name="Sensor29337_S" textname="test sensor 29337"/>
			<item id="29338" losttest="2" iotype="AI" name="Sensor29338_S" textname="test sensor 29338"/>
			<item id="29339" losttest="2" iotype="AI" name="Sensor29339_S" textname="test sensor 29339"/>
			<item id="29340" losttest="2" iotype="AI" name="Sensor29340_S" textname="test sensor 29340"/>
			<item id="29341" losttest="2" iotype="AI" name="Sensor29341_S" textname="test sensor 29341"/>
			<item id="29342" losttest="2" iotype="AI" name="Sensor29342_S" textname="test sensor 29342"/>
			<item id="29343" losttest="2" iotype="AI" name="Sensor29343_S" textname="test sensor 29343"/>
			<item id="29344" losttest="2" iotype="AI" name="Sensor29344_S" textname="test sensor 29344"/>
			<item id="29345" losttest="2" iotype="AI" name="Sensor29345_S" textname="test sensor 29345"/>
			<item id="29346" losttest="2" iotype="AI" name="Sensor29346_S" textname="test sensor 29346"/>
			<item id="29347" losttest="2" iotype="AI" name="Sensor29347_S" textname="test sensor 29347"/>
			<item id="29348" losttest="2" iotype="AI" name="Sensor29348_S" textname="test sensor 29348"/>
			<item id="29349" losttest="2" iotype="AI" name="Sensor29349_S" textname="test sensor 29349"/>
			<item id="29350" losttest="2" iotype="AI" name="Sensor29350_S" textname="test sensor 29350"/>
			<item id="29351" losttest="2" iotype="AI" name="Sensor29351_S" textname="test sensor 29351"/>
			<item id="29352" losttest="2" iotype="AI" name="Sensor29352_S" textname="test sensor 29352"/>
			<item id="29353" losttest="2" iotype="AI" name="Sensor29353_S" textname="test sensor 29353"/>
			<item id="29354" losttest="2" iotype="AI" name="Sensor29354_S" textname="test sensor 29354"/>
			<item id="29355" losttest="2" iotype="AI" name="Sensor29355_S" textname="test sensor 29355"/>
			<item id="29356" losttest="2" iotype="AI" name="Sensor29356_S" textname="test sensor 29356"/>
			<item id="29357" losttest="2" iotype="AI" name="Sensor29357_S" textname="test sensor 29357"/>
			<item id="29358" losttest="2" iotype="AI" name="Sensor29358_S" textname="test sensor 29358"/>
			<item id="29359" losttest="2" iotype="AI" name="Sensor29359_S" textname="test sensor 29359"/>
			<item id="29360" losttest="2" iotype="AI" name="Sensor29360_S" textname="test sensor 29360"/>
			<item id="29361" losttest="2" iotype="AI" name="Sensor29361_S" textname="test sensor 29361"/>
			<item id="29362" losttest="2" iotype="AI" name="Sensor29362_S" textname="test sensor 29362"/>
			<item id="29363" losttest="2" iotype="AI" name="Sensor29363_S" textname="test sensor 29363"/>
			<item id="29364" losttest="2" iotype="AI" name="Sensor29364_S" textname="test sensor 29364"/>
			<item id="29365" losttest="2" iotype="AI" name="Sensor29365_S" textname="test sensor 29365"/>
			<item id="29366" losttest="2" iotype="AI" name="Sensor29366_S" textname="test sensor 29366"/>
			<item id="29367" losttest="2" iotype="AI" name="Sensor29367_S" textname="test sensor 29367"/>
			<item id="29368" losttest="2" iotype="AI" name="Sensor29368_S" textname="test sensor 29368"/>
			<item id="29369" losttest="2" iotype="AI" name="Sensor29369_S" textname="test sensor 29369"/>
			<item id="29370" losttest="2" iotype="AI" name="Sensor29370_S" textname="test sensor 29370"/>
			<item id="29371" losttest="2" iotype="AI" name="Sensor29371_S" textname="test sensor 29371"/>
			<item id="29372" losttest="2" iotype="AI" name="Sensor29372_S" textname="test sensor 29372"/>
			<item id="29373" losttest="2" iotype="AI" name="Sensor29373_S" textname="test sensor 29373"/>
			<item id="29374" losttest="2" iotype="AI" name="Sensor29374_S" textname="test sensor 29374"/>
			<item id="29375" losttest="2" iotype="AI" name="Sensor29375_S" textname="test sensor 29375"/>
			<item id="29376" losttest="2" iotype="AI" name="Sensor29376_S" textname="test sensor 29376"/>
			<item id="29377" losttest="2" iotype="AI" name="Sensor29377_S" textname="test sensor 29377"/>
			<item id="29378" losttest="2" iotype="AI" name="Sensor29378_S" textname="test sensor 29378"/>
			<item id="29379" losttest="2" iotype="AI" name="Sensor29379_S" textname="test sensor 29379"/>
			<item id="29380" losttest="2" iotype="AI" name="Sensor29380_S" textname="test sensor 29380"/>
			<item id="29381" losttest="2" iotype="AI" name="Sensor29381_S" textname="test sensor 29381"/>
			<item id="29382" losttest="2" iotype="AI" name="Sensor29382_S" textname="test sensor 29382"/>
			<item id="29383" losttest="2" iotype="AI" name="Sensor29383_S" textname="test sensor 29383"/>
			<item id="29384" losttest="2" iotype="AI" name="Sensor29384_S" textname="test sensor 29384"/>
			<item id="29385" losttest="2" iotype="AI" name="Sensor29385_S" textname="test sensor 29385"/>
			<item id="29386" losttest="2" iotype="AI" name="Sensor29386_S" textname="test sensor 29386"/>
			<item id="29387" losttest="2" iotype="AI" name="Sensor29387_S" textname="test sensor 29387"/>
			<item id="29388" losttest="2" iotype="AI" name="Sensor29388_S" textname="test sensor 29388"/>
			<item id="29389" losttest="2" iotype="AI" name="Sensor29389_S" textname="test sensor 29389"/>
			<item id="29390" losttest="2" iotype="AI" name="Sensor29390_S" textname="test sensor 29390"/>
			<item id="29391" losttest="2" iotype="AI" name="Sensor29391_S" textname="test sensor 29391"/>
			<item id="29392" losttest="2" iotype="AI" name="Sensor29392_S" textname="test sensor 29392"/>
			<item id="29393" losttest="2" iotype="AI" name="Sensor29393_S" textname="test sensor 29393"/>
			<item id="29394" losttest="2" iotype="AI" name="Sensor29394_S" textname="test sensor 29394"/>
			<item id="29395" losttest="2" iotype="AI" name="Sensor29395_S" textname="test sensor 29395"/>
			<item id="29396" losttest="2" iotype="AI" name="Sensor29396_S" textname="test sensor 29396"/>
			<item id="29397" losttest="2" iotype="AI" name="Sensor29397_S" textname="test sensor 29397"/>
			<item id="29398" losttest="2" iotype="AI" name="Sensor29398_S" textname="test sensor 29398"/>
			<item id="29399" losttest="2" iotype="AI" name="Sensor29399_S" textname="test sensor 29399"/>
			<item id="29400" losttest="2" iotype="AI" name="Sensor29400_S" textname="test sensor 29400"/>
			<item id="29401" losttest="2" iotype="AI" name="Sensor29401_S" textname="test sensor 29401"/>
			<item id="29402" losttest="2" iotype="AI" name="Sensor29402_S" textname="test sensor 29402"/>
			<item id="29403" losttest="2" iotype="AI" name="Sensor29403_S" textname="test sensor 29403"/>
			<item id="29404" losttest="2" iotype="AI" name="Sensor29404_S" textname="test sensor 29404"/>
			<item id="29405" losttest="2" iotype="AI" name="Sensor29405_S" textname="test sensor 29405"/>
			<item id="29406" losttest="2" iotype="AI" name="Sensor29406_S" textname="test sensor 29406"/>
			<item id="29407" losttest="2" iotype="AI" name="Sensor29407_S" textname="test sensor 29407"/>
			<item id="29408" losttest="2" iotype="AI" name="Sensor29408_S" textname="test sensor 29408"/>
			<item id="29409" losttest="2" iotype="AI" name="Sensor29409_S" textname="test sensor 29409"/>
			<item id="29410" losttest="2" iotype="AI" name="Sensor29410_S" textname="test sensor 29410"/>
			<item id="29411" losttest="2" iotype="AI" name="Sensor29411_S" textname="test sensor 29411"/>
			<item id="29412" losttest="2" iotype="AI" name="Sensor29412_S" textname="test sensor 29412"/>
			<item id="29413" losttest="2" iotype="AI" name="Sensor29413_S" textname="test sensor 29413"/>
			<item id="29414" losttest="2" iotype="AI" name="Sensor29414_S" textname="test sensor 29414"/>
			<item id="29415" losttest="2" iotype="AI" name="Sensor29415_S" textname="test sensor 29415"/>
			<item id="29416" losttest="2" iotype="AI" name="Sensor29416_S" textname="test sensor 29416"/>
			<item id="29417" losttest="2" iotype="AI" name="Sensor29417_S" textname="test sensor 29417"/>
			<item id="29418" losttest="2" iotype="AI" name="Sensor29418_S" textname="test sensor 29418"/>
			<item id="29419" losttest="2" iotype="AI" name="Sensor29419_S" textname="test sensor 29419"/>
			<item id="29420" losttest="2" iotype="AI" name="Sensor29420_S" textname="test sensor 29420"/>
			<item id="29421" losttest="2" iotype="AI" name="Sensor29421_S" textname="test sensor 29421"/>
			<item id="29422" losttest="2" iotype="AI" name="Sensor29422_S" textname="test sensor 29422"/>
			<item id="29423" losttest="2" iotype="AI" name="Sensor29423_S" textname="test sensor 29423"/>
			<item id="29424" losttest="2" iotype="AI" name="Sensor29424_S" textname="test sensor 29424"/>
			<item id="29425" losttest="2" iotype="AI" name="Sensor29425_S" textname="test sensor 29425"/>
			<item id="29426" losttest="2" iotype="AI" name="Sensor29426_S" textname="test sensor 29426"/>
			<item id="29427" losttest="2" iotype="AI" name="Sensor29427_S" textname="test sensor 29427"/>
			<item id="29428" losttest="2" iotype="AI" name="Sensor29428_S" textname="test sensor 29428"/>
			<item id="29429" losttest="2" iotype="AI" name="Sensor29429_S" textname="test sensor 29429"/>
			<item id="29430" losttest="2" iotype="AI" name="Sensor29430_S" textname="test sensor 29430"/>
			<item id="29431" losttest="2" iotype="AI" name="Sensor29431_S" textname="test sensor 29431"/>
			<item id="29432" losttest="2" iotype="AI" name="Sensor29432_S" textname="test sensor 29432"/>
			<item id="29433" losttest="2" iotype="AI" name="Sensor29433_S" textname="test sensor 29433"/>
			<item id="29434" losttest="2" iotype="AI" name="Sensor29434_S" textname="test sensor 29434"/>
			<item id="29435" losttest="2" iotype="AI" name="Sensor29435_S" textname="test sensor 29435"/>
			<item id="29436" losttest="2" iotype="AI" name="Sensor29436_S" textname="test sensor 29436"/>
			<item id="29437" losttest="2" iotype="AI" name="Sensor29437_S" textname="test sensor 29437"/>
			<item id="29438" losttest="2" iotype="AI" name="Sensor29438_S" textname="test sensor 29438"/>
			<item id="29439" losttest="2" iotype="AI" name="Sensor29439_S" textname="test sensor 29439"/>
			<item id="29440" losttest="2" iotype="AI" name="Sensor29440_S" textname="test sensor 29440"/>
			<item id="29441" losttest="2" iotype="AI" name="Sensor29441_S" textname="test sensor 29441"/>
			<item id="29442" losttest="2" iotype="AI" name="Sensor29442_S" textname="test sensor 29442"/>
			<item id="29443" losttest="2" iotype="AI" name="Sensor29443_S" textname="test sensor 29443"/>
			<item id="29444" losttest="2" iotype="AI" name="Sensor29444_S" textname="test sensor 29444"/>
			<item id="29445" losttest="2" iotype="AI" name="Sensor29445_S" textname="test sensor 29445"/>
			<item id="29446" losttest="2" iotype="AI" name="Sensor29446_S" textname="test sensor 29446"/>
			<item id="29447" losttest="2" iotype="AI" name="Sensor29447_S" textname="test sensor 29447"/>
			<item id="29448" losttest="2" iotype="AI" name="Sensor29448_S" textname="test sensor 29448"/>
			<item id="29449" losttest="2" iotype="AI" name="Sensor29449_S" textname="test sensor 29449"/>
			<item id="29450" losttest="2" iotype="AI" name="Sensor29450_S" textname="test sensor 29450"/>
			<item id="29451" losttest="2" iotype="AI" name="Sensor29451_S" textname="test sensor 29451"/>
			<item id="29452" losttest="2" iotype="AI" name="Sensor29452_S" textname="test sensor 29452"/>
			<item id="29453" losttest="2" iotype="AI" name="Sensor29453_S" textname="test sensor 29453"/>
			<item id="29454" losttest="2" iotype="AI" name="Sensor29454_S" textname="test sensor 29454"/>
			<item id="29455" losttest="2" iotype="AI" name="Sensor29455_S" textname="test sensor 29455"/>
			<item id="29456" losttest="2" iotype="AI" name="Sensor29456_S" textname="test sensor 29456"/>
			<item id="29457" losttest="2" iotype="AI" name="Sensor29457_S" textname="test sensor 29457"/>
			<item id="29458" losttest="2" iotype="AI" name="Sensor29458_S" textname="test sensor 29458"/>
			<item id="29459" losttest="2" iotype="AI" name="Sensor29459_S" textname="test sensor 29459"/>
			<item id="29460" losttest="2" iotype="AI" name="Sensor29460_S" textname="test sensor 29460"/>
			<item id="29461" losttest="2" iotype="AI" name="Sensor29461_S" textname="test sensor 29461"/>
			<item id="29462" losttest="2" iotype="AI" name="Sensor29462_S" textname="test sensor 29462"/>
			<item id="29463" losttest="2" iotype="AI" name="Sensor29463_S" textname="test sensor 29463"/>
			<item id="29464" losttest="2" iotype="AI" name="Sensor29464_S" textname="test sensor 29464"/>
			<item id="29465" losttest="2" iotype="AI" name="Sensor29465_S" textname="test sensor 29465"/>
			<item id="29466" losttest="2" iotype="AI" name="Sensor29466_S" textname="test sensor 29466"/>
			<item id="29467" losttest="2" iotype="AI" name="Sensor29467_S" textname="test sensor 29467"/>
			<item id="29468" losttest="2" iotype="AI" name="Sensor29468_S" textname="test sensor 29468"/>
			<item id="29469" losttest="2" iotype="AI" name="Sensor29469_S" textname="test sensor 29469"/>
			<item id="29470" losttest="2" iotype="AI" name="Sensor29470_S" textname="test sensor 29470"/>
			<item id="29471" losttest="2" iotype="AI" name="Sensor29471_S" textname="test sensor 29471"/>
			<item id="29472" losttest="2" iotype="AI" name="Sensor29472_S" textname="test sensor 29472"/>
			<item id="29473" losttest="2" iotype="AI" name="Sensor29473_S" textname="test sensor 29473"/>
			<item id="29474" losttest="2" iotype="AI" name="Sensor29474_S" textname="test sensor 29474"/>
			<item id="29475" losttest="2" iotype="AI" name="Sensor29475_S" textname="test sensor 29475"/>
			<item id="29476" losttest="2" iotype="AI" name="Sensor29476_S" textname="test sensor 29476"/>
			<item id="29477" losttest="2" iotype="AI" name="Sensor29477_S" textname="test sensor 29477"/>
			<item id="29478" losttest="2" iotype="AI" name="Sensor29478_S" textname="test sensor 29478"/>
			<item id="29479" losttest="2" iotype="AI" name="Sensor29479_S" textname="test sensor 29479"/>
			<item id="29480" losttest="2" iotype="AI" name="Sensor29480_S" textname="test sensor 29480"/>
			<item id="29481" losttest="2" iotype="AI" name="Sensor29481_S" textname="test sensor 29481"/>
			<item id="29482" losttest="2" iotype="AI" name="Sensor29482_S" textname="test sensor 29482"/>
			<item id="29483" losttest="2" iotype="AI" name="Sensor29483_S" textname="test sensor 29483"/>
			<item id="29484" losttest="2" iotype="AI" name="Sensor29484_S" textname="test sensor 29484"/>
			<item id="29485" losttest="2" iotype="AI" name="Sensor29485_S" textname="test sensor 29485"/>
			<item id="29486" losttest="2" iotype="AI" name="Sensor29486_S" textname="test sensor 29486"/>
			<item id="29487" losttest="2" iotype="AI" name="Sensor29487_S" textname="test sensor 29487"/>
			<item id="29488" losttest="2" iotype="AI" name="Sensor29488_S" textname="test sensor 29488"/>
			<item id="29489" losttest="2" iotype="AI" name="Sensor29489_S" textname="test sensor 29489"/>
			<item id="29490" losttest="2" iotype="AI" name="Sensor29490_S" textname="test sensor 29490"/>
			<item id="29491" losttest="2" iotype="AI" name="Sensor29491_S" textname="test sensor 29491"/>
			<item id="29492" losttest="2" iotype="AI" name="Sensor29492_S" textname="test sensor 29492"/>
			<item id="29493" losttest="2" iotype="AI" name="Sensor29493_S" textname="test sensor 29493"/>
			<item id="29494" losttest="2" iotype="AI" name="Sensor29494_S" textname="test sensor 29494"/>
			<item id="29495" losttest="2" iotype="AI" name="Sensor29495_S" textname="test sensor 29495"/>
			<item id="29496" losttest="2" iotype="AI" name="Sensor29496_S" textname="test sensor 29496"/>
			<item id="29497" losttest="2" iotype="AI" name="Sensor29497_S" textname="test sensor 29497"/>
			<item id="29498" losttest="2" iotype="AI" name="Sensor29498_S" textname="test sensor 29498"/>
			<item id="29499" losttest="2" iotype="AI" name="Sensor29499_S" textname="test sensor 29499"/>
			<item id="29500" losttest="2" iotype="AI" name="Sensor29500_S" textname="test sensor 29500"/>
			<item id="29501" losttest="2" iotype="AI" name="Sensor29501_S" textname="test sensor 29501"/>
			<item id="29502" losttest="2" iotype="AI" name="Sensor29502_S" textname="test sensor 29502"/>
			<item id="29503" losttest="2" iotype="AI" name="Sensor29503_S" textname="test sensor 29503"/>
			<item id="29504" losttest="2" iotype="AI" name="Sensor29504_S" textname="test sensor 29504"/>
			<item id="29505" losttest="2" iotype="AI" name="Sensor29505_S" textname="test sensor 29505"/>
			<item id="29506" losttest="2" iotype="AI" name="Sensor29506_S" textname="test sensor 29506"/>
			<item id="29507" losttest="2" iotype="AI" name="Sensor29507_S" textname="test sensor 29507"/>
			<item id="29508" losttest="2" iotype="AI" name="Sensor29508_S" textname="test sensor 29508"/>
			<item id="29509" losttest="2" iotype="AI" name="Sensor29509_S" textname="test sensor 29509"/>
			<item id="29510" losttest="2" iotype="AI" name="Sensor29510_S" textname="test sensor 29510"/>
			<item id="29511" losttest="2" iotype="AI" name="Sensor29511_S" textname="test sensor 29511"/>
			<item id="29512" losttest="2" iotype="AI" name="Sensor29512_S" textname="test sensor 29512"/>
			<item id="29513" losttest="2" iotype="AI" name="Sensor29513_S" textname="test sensor 29513"/>
			<item id="29514" losttest="2" iotype="AI" name="Sensor29514_S" textname="test sensor 29514"/>
			<item id="29515" losttest="2" iotype="AI" name="Sensor29515_S" textname="test sensor 29515"/>
			<item id="29516" losttest="2" iotype="AI" name="Sensor29516_S" textname="test sensor 29516"/>
			<item id="29517" losttest="2" iotype="AI" name="Sensor29517_S" textname="test sensor 29517"/>
			<item id="29518" losttest="2" iotype="AI" name="Sensor29518_S" textname="test sensor 29518"/>
			<item id="29519" losttest="2" iotype="AI" name="Sensor29519_S" textname="test sensor 29519"/>
			<item id="29520" losttest="2" iotype="AI" name="Sensor29520_S" textname="test sensor 29520"/>
			<item id="29521" losttest="2" iotype="AI" name="Sensor29521_S" textname="test sensor 29521"/>
			<item id="29522" losttest="2" iotype="AI" name="Sensor29522_S" textname="test sensor 29522"/>
			<item id="29523" losttest="2" iotype="AI" name="Sensor29523_S" textname="test sensor 29523"/>
			<item id="29524" losttest="2" iotype="AI" name="Sensor29524_S" textname="test sensor 29524"/>
			<item id="29525" losttest="2" iotype="AI" name="Sensor29525_S" textname="test sensor 29525"/>
			<item id="29526" losttest="2" iotype="AI" name="Sensor29526_S" textname="test sensor 29526"/>
			<item id="29527" losttest="2" iotype="AI" name="Sensor29527_S" textname="test sensor 29527"/>
			<item id="29528" losttest="2" iotype="AI" name="Sensor29528_S" textname="test sensor 29528"/>
			<item id="29529" losttest="2" iotype="AI" name="Sensor29529_S" textname="test sensor 29529"/>
			<item id="29530" losttest="2" iotype="AI" name="Sensor29530_S" textname="test sensor 29530"/>
			<item id="29531" losttest="2" iotype="AI" name="Sensor29531_S" textname="test sensor 29531"/>
			<item id="29532" losttest="2" iotype="AI" name="Sensor29532_S" textname="test sensor 29532"/>
			<item id="29533" losttest="2" iotype="AI" name="Sensor29533_S" textname="test sensor 29533"/>
			<item id="29534" losttest="2" iotype="AI" name="Sensor29534_S" textname="test sensor 29534"/>
			<item id="29535" losttest="2" iotype="AI" name="Sensor29535_S" textname="test sensor 29535"/>
			<item id="29536" losttest="2" iotype="AI" name="Sensor29536_S" textname="test sensor 29536"/>
			<item id="29537" losttest="2" iotype="AI" name="Sensor29537_S" textname="test sensor 29537"/>
			<item id="29538" losttest="2" iotype="AI" name="Sensor29538_S" textname="test sensor 29538"/>
			<item id="29539" losttest="2" iotype="AI" name="Sensor29539_S" textname="test sensor 29539"/>
			<item id="29540" losttest="2" iotype="AI" name="Sensor29540_S" textname="test sensor 29540"/>
			<item id="29541" losttest="2" iotype="AI" name="Sensor29541_S" textname="test sensor 29541"/>
			<item id="29542" losttest="2" iotype="AI" name="Sensor29542_S" textname="test sensor 29542"/>
			<item id="29543" losttest="2" iotype="AI" name="Sensor29543_S" textname="test sensor 29543"/>
			<item id="29544" losttest="2" iotype="AI" name="Sensor29544_S" textname="test sensor 29544"/>
			<item id="29545" losttest="2" iotype="AI" name="Sensor29545_S" textname="test sensor 29545"/>
			<item id="29546" losttest="2" iotype="AI" name="Sensor29546_S" textname="test sensor 29546"/>
			<item id="29547" losttest="2" iotype="AI" name="Sensor29547_S" textname="test sensor 29547"/>
			<item id="29548" losttest="2" iotype="AI" name="Sensor29548_S" textname="test sensor 29548"/>
			<item id="29549" losttest="2" iotype="AI" name="Sensor29549_S" textname="test sensor 29549"/>
			<item id="29550" losttest="2" iotype="AI" name="Sensor29550_S" textname="test sensor 29550"/>
			<item id="29551" losttest="2" iotype="AI" name="Sensor29551_S" textname="test sensor 29551"/>
			<item id="29552" losttest="2" iotype="AI" name="Sensor29552_S" textname="test sensor 29552"/>
			<item id="29553" losttest="2" iotype="AI" name="Sensor29553_S" textname="test sensor 29553"/>
			<item id="29554" losttest="2" iotype="AI" name="Sensor29554_S" textname="test sensor 29554"/>
			<item id="29555" losttest="2" iotype="AI" name="Sensor29555_S" textname="test sensor 29555"/>
			<item id="29556" losttest="2" iotype="AI" name="Sensor29556_S" textname="test sensor 29556"/>
			<item id="29557" losttest="2" iotype="AI" name="Sensor29557_S" textname="test sensor 29557"/>
			<item id="29558" losttest="2" iotype="AI" name="Sensor29558_S" textname="test sensor 29558"/>
			<item id="29559" losttest="2" iotype="AI" name="Sensor29559_S" textname="test sensor 29559"/>
			<item id="29560" losttest="2" iotype="AI" name="Sensor29560_S" textname="test sensor 29560"/>
			<item id="29561" losttest="2" iotype="AI" name="Sensor29561_S" textname="test sensor 29561"/>
			<item id="29562" losttest="2" iotype="AI" name="Sensor29562_S" textname="test sensor 29562"/>
			<item id="29563" losttest="2" iotype="AI" name="Sensor29563_S" textname="test sensor 29563"/>
			<item id="29564" losttest="2" iotype="AI" name="Sensor29564_S" textname="test sensor 29564"/>
			<item id="29565" losttest="2" iotype="AI" name="Sensor29565_S" textname="test sensor 29565"/>
			<item id="29566" losttest="2" iotype="AI" name="Sensor29566_S" textname="test sensor 29566"/>
			<item id="29567" losttest="2" iotype="AI" name="Sensor29567_S" textname="test sensor 29567"/>
			<item id="29568" losttest="2" iotype="AI" name="Sensor29568_S" textname="test sensor 29568"/>
			<item id="29569" losttest="2" iotype="AI" name="Sensor29569_S" textname="test sensor 29569"/>
			<item id="29570" losttest="2" iotype="AI" name="Sensor29570_S" textname="test sensor 29570"/>
			<item id="29571" losttest="2" iotype="AI" name="Sensor29571_S" textname="test sensor 29571"/>
			<item id="29572" losttest="2" iotype="AI" name="Sensor29572_S" textname="test sensor 29572"/>
			<item id="29573" losttest="2" iotype="AI" name="Sensor29573_S" textname="test sensor 29573"/>
			<item id="29574" losttest="2" iotype="AI" name="Sensor29574_S" textname="test sensor 29574"/>
			<item id="29575" losttest="2" iotype="AI" name="Sensor29575_S" textname="test sensor 29575"/>
			<item id="29576" losttest="2" iotype="AI" name="Sensor29576_S" textname="test sensor 29576"/>
			<item id="29577" losttest="2" iotype="AI" name="Sensor29577_S" textname="test sensor 29577"/>
			<item id="29578" losttest="2" iotype="AI" name="Sensor29578_S" textname="test sensor 29578"/>
			<item id="29579" losttest="2" iotype="AI" name="Sensor29579_S" textname="test sensor 29579"/>
			<item id="29580" losttest="2" iotype="AI" name="Sensor29580_S" textname="test sensor 29580"/>
			<item id="29581" losttest="2" iotype="AI" name="Sensor29581_S" textname="test sensor 29581"/>
			<item id="29582" losttest="2" iotype="AI" name="Sensor29582_S" textname="test sensor 29582"/>
			<item id="29583" losttest="2" iotype="AI" name="Sensor29583_S" textname="test sensor 29583"/>
			<item id="29584" losttest="2" iotype="AI" name="Sensor29584_S" textname="test sensor 29584"/>
			<item id="29585" losttest="2" iotype="AI" name="Sensor29585_S" textname="test sensor 29585"/>
			<item id="29586" losttest="2" iotype="AI" name="Sensor29586_S" textname="test sensor 29586"/>
			<item id="29587" losttest="2" iotype="AI" name="Sensor29587_S" textname="test sensor 29587"/>
			<item id="29588" losttest="2" iotype="AI" name="Sensor29588_S" textname="test sensor 29588"/>
			<item id="29589" losttest="2" iotype="AI" name="Sensor29589_S" textname="test sensor 29589"/>
			<item id="29590" losttest="2" iotype="AI" name="Sensor29590_S" textname="test sensor 29590"/>
			<item id="29591" losttest="2" iotype="AI" name="Sensor29591_S" textname="test sensor 29591"/>
			<item id="29592" losttest="2" iotype="AI" name="Sensor29592_S" textname="test sensor 29592"/>
			<item id="29593" losttest="2" iotype="AI" name="Sensor29593_S" textname="test sensor 29593"/>
			<item id="29594" losttest="2" iotype="AI" name="Sensor29594_S" textname="test sensor 29594"/>
			<item id="29595" losttest="2" iotype="AI" name="Sensor29595_S" textname="test sensor 29595"/>
			<item id="29596" losttest="2" iotype="AI" name="Sensor29596_S" textname="test sensor 29596"/>
			<item id="29597" losttest="2" iotype="AI" name="Sensor29597_S" textname="test sensor 29597"/>
			<item id="29598" losttest="2" iotype="AI" name="Sensor29598_S" textname="test sensor 29598"/>
			<item id="29599" losttest="2" iotype="AI" name="Sensor29599_S" textname="test sensor 29599"/>
			<item id="29600" losttest="2" iotype="AI" name="Sensor29600_S" textname="test sensor 29600"/>
			<item id="29601" losttest="2" iotype="AI" name="Sensor29601_S" textname="test sensor 29601"/>
			<item id="29602" losttest="2" iotype="AI" name="Sensor29602_S" textname="test sensor 29602"/>
			<item id="29603" losttest="2" iotype="AI" name="Sensor29603_S" textname="test sensor 29603"/>
			<item id="29604" losttest="2" iotype="AI" name="Sensor29604_S" textname="test sensor 29604"/>
			<item id="29605" losttest="2" iotype="AI" name="Sensor29605_S" textname="test sensor 29605"/>
			<item id="29606" losttest="2" iotype="AI" name="Sensor29606_S" textname="test sensor 29606"/>
			<item id="29607" losttest="2" iotype="AI" name="Sensor29607_S" textname="test sensor 29607"/>
			<item id="29608" losttest="2" iotype="AI" name="Sensor29608_S" textname="test sensor 29608"/>
			<item id="29609" losttest="2" iotype="AI" name="Sensor29609_S" textname="test sensor 29609"/>
			<item id="29610" losttest="2" iotype="AI" name="Sensor29610_S" textname="test sensor 29610"/>
			<item id="29611" losttest="2" iotype="AI" name="Sensor29611_S" textname="test sensor 29611"/>
			<item id="29612" losttest="2" iotype="AI" name="Sensor29612_S" textname="test sensor 29612"/>
			<item id="29613" losttest="2" iotype="AI" name="Sensor29613_S" textname="test sensor 29613"/>
			<item id="29614" losttest="2" iotype="AI" name="Sensor29614_S" textname="test sensor 29614"/>
			<item id="29615" losttest="2" iotype="AI" name="Sensor29615_S" textname="test sensor 29615"/>
			<item id="29616" losttest="2" iotype="AI" name="Sensor29616_S" textname="test sensor 29616"/>
			<item id="29617" losttest="2" iotype="AI" name="Sensor29617_S" textname="test sensor 29617"/>
			<item id="29618" losttest="2" iotype="AI" name="Sensor29618_S" textname="test sensor 29618"/>
			<item id="29619" losttest="2" iotype="AI" name="Sensor29619_S" textname="test sensor 29619"/>
			<item id="29620" losttest="2" iotype="AI" name="Sensor29620_S" textname="test sensor 29620"/>
			<item id="29621" losttest="2" iotype="AI" name="Sensor29621_S" textname="test sensor 29621"/>
			<item id="29622" losttest="2" iotype="AI" name="Sensor29622_S" textname="test sensor 29622"/>
			<item id="29623" losttest="2" iotype="AI" name="Sensor29623_S" textname="test sensor 29623"/>
			<item id="29624" losttest="2" iotype="AI" name="Sensor29624_S" textname="test sensor 29624"/>
			<item id="29625" losttest="2" iotype="AI" name="Sensor29625_S" textname="test sensor 29625"/>
			<item id="29626" losttest="2" iotype="AI" name="Sensor29626_S" textname="test sensor 29626"/>
			<item id="29627" losttest="2" iotype="AI" name="Sensor29627_S" textname="test sensor 29627"/>
			<item id="29628" losttest="2" iotype="AI" name="Sensor29628_S" textname="test sensor 29628"/>
			<item id="29629" losttest="2" iotype="AI" name="Sensor29629_S" textname="test sensor 29629"/>
			<item id="29630" losttest="2" iotype="AI" name="Sensor29630_S" textname="test sensor 29630"/>
			<item id="29631" losttest="2" iotype="AI" name="Sensor29631_S" textname="test sensor 29631"/>
			<item id="29632" losttest="2" iotype="AI" name="Sensor29632_S" textname="test sensor 29632"/>
			<item id="29633" losttest="2" iotype="AI" name="Sensor29633_S" textname="test sensor 29633"/>
			<item id="29634" losttest="2" iotype="AI" name="Sensor29634_S" textname="test sensor 29634"/>
			<item id="29635" losttest="2" iotype="AI" name="Sensor29635_S" textname="test sensor 29635"/>
			<item id="29636" losttest="2" iotype="AI" name="Sensor29636_S" textname="test sensor 29636"/>
			<item id="29637" losttest="2" iotype="AI" name="Sensor29637_S" textname="test sensor 29637"/>
			<item id="29638" losttest="2" iotype="AI" name="Sensor29638_S" textname="test sensor 29638"/>
			<item id="29639" losttest="2" iotype="AI" name="Sensor29639_S" textname="test sensor 29639"/>
			<item id="29640" losttest="2" iotype="AI" name="Sensor29640_S" textname="test sensor 29640"/>
			<item id="29641" losttest="2" iotype="AI" name="Sensor29641_S" textname="test sensor 29641"/>
			<item id="29642" losttest="2" iotype="AI" name="Sensor29642_S" textname="test sensor 29642"/>
			<item id="29643" losttest="2" iotype="AI" name="Sensor29643_S" textname="test sensor 29643"/>
			<item id="29644" losttest="2" iotype="AI" name="Sensor29644_S" textname="test sensor 29644"/>
			<item id="29645" losttest="2" iotype="AI" name="Sensor29645_S" textname="test sensor 29645"/>
			<item id="29646" losttest="2" iotype="AI" name="Sensor29646_S" textname="test sensor 29646"/>
			<item id="29647" losttest="2" iotype="AI" name="Sensor29647_S" textname="test sensor 29647"/>
			<item id="29648" losttest="2" iotype="AI" name="Sensor29648_S" textname="test sensor 29648"/>
			<item id="29649" losttest="2" iotype="AI" name="Sensor29649_S" textname="test sensor 29649"/>
			<item id="29650" losttest="2" iotype="AI" name="Sensor29650_S" textname="test sensor 29650"/>
			<item id="29651" losttest="2" iotype="AI" name="Sensor29651_S" textname="test sensor 29651"/>
			<item id="29652" losttest="2" iotype="AI" name="Sensor29652_S" textname="test sensor 29652"/>
			<item id="29653" losttest="2" iotype="AI" name="Sensor29653_S" textname="test sensor 29653"/>
			<item id="29654" losttest="2" iotype="AI" name="Sensor29654_S" textname="test sensor 29654"/>
			<item id="29655" losttest="2" iotype="AI" name="Sensor29655_S" textname="test sensor 29655"/>
			<item id="29656" losttest="2" iotype="AI" name="Sensor29656_S" textname="test sensor 29656"/>
			<item id="29657" losttest="2" iotype="AI" name="Sensor29657_S" textname="test sensor 29657"/>
			<item id="29658" losttest="2" iotype="AI" name="Sensor29658_S" textname="test sensor 29658"/>
			<item id="29659" losttest="2" iotype="AI" name="Sensor29659_S" textname="test sensor 29659"/>
			<item id="29660" losttest="2" iotype="AI" name="Sensor29660_S" textname="test sensor 29660"/>
			<item id="29661" losttest="2" iotype="AI" name="Sensor29661_S" textname="test sensor 29661"/>
			<item id="29662" losttest="2" iotype="AI" name="Sensor29662_S" textname="test sensor 29662"/>
			<item id="29663" losttest="2" iotype="AI" name="Sensor29663_S" textname="test sensor 29663"/>
			<item id="29664" losttest="2" iotype="AI" name="Sensor29664_S" textname="test sensor 29664"/>
			<item id="29665" losttest="2" iotype="AI" name="Sensor29665_S" textname="test sensor 29665"/>
			<item id="29666" losttest="2" iotype="AI" name="Sensor29666_S" textname="test sensor 29666"/>
			<item id="29667" losttest="2" iotype="AI" name="Sensor29667_S" textname="test sensor 29667"/>
			<item id="29668" losttest="2" iotype="AI" name="Sensor29668_S" textname="test sensor 29668"/>
			<item id="29669" losttest="2" iotype="AI" name="Sensor29669_S" textname="test sensor 29669"/>
			<item id="29670" losttest="2" iotype="AI" name="Sensor29670_S" textname="test sensor 29670"/>
			<item id="29671" losttest="2" iotype="AI" name="Sensor29671_S" textname="test sensor 29671"/>
			<item id="29672" losttest="2" iotype="AI" name="Sensor29672_S" textname="test sensor 29672"/>
			<item id="29673" losttest="2" iotype="AI" name="Sensor29673_S" textname="test sensor 29673"/>
			<item id="29674" losttest="2" iotype="AI" name="Sensor29674_S" textname="test sensor 29674"/>
			<item id="29675" losttest="2" iotype="AI" name="Sensor29675_S" textname="test sensor 29675"/>
			<item id="29676" losttest="2" iotype="AI" name="Sensor29676_S" textname="test sensor 29676"/>
			<item id="29677" losttest="2" iotype="AI" name="Sensor29677_S" textname="test sensor 29677"/>
			<item id="29678" losttest="2" iotype="AI" name="Sensor29678_S" textname="test sensor 29678"/>
			<item id="29679" losttest="2" iotype="AI" name="Sensor29679_S" textname="test sensor 29679"/>
			<item id="29680" losttest="2" iotype="AI" name="Sensor29680_S" textname="test sensor 29680"/>
			<item id="29681" losttest="2" iotype="AI" name="Sensor29681_S" textname="test sensor 29681"/>
			<item id="29682" losttest="2" iotype="AI" name="Sensor29682_S" textname="test sensor 29682"/>
			<item id="29683" losttest="2" iotype="AI" name="Sensor29683_S" textname="test sensor 29683"/>
			<item id="29684" losttest="2" iotype="AI" name="Sensor29684_S" textname="test sensor 29684"/>
			<item id="29685" losttest="2" iotype="AI" name="Sensor29685_S" textname="test sensor 29685"/>
			<item id="29686" losttest="2" iotype="AI" name="Sensor29686_S" textname="test sensor 29686"/>
			<item id="29687" losttest="2" iotype="AI" name="Sensor29687_S" textname="test sensor 29687"/>
			<item id="29688" losttest="2" iotype="AI" name="Sensor29688_S" textname="test sensor 29688"/>
			<item id="29689" losttest="2" iotype="AI" name="Sensor29689_S" textname="test sensor 29689"/>
			<item id="29690" losttest="2" iotype="AI" name="Sensor29690_S" textname="test sensor 29690"/>
			<item id="29691" losttest="2" iotype="AI" name="Sensor29691_S" textname="test sensor 29691"/>
			<item id="29692" losttest="2" iotype="AI" name="Sensor29692_S" textname="test sensor 29692"/>
			<item id="29693" losttest="2" iotype="AI" name="Sensor29693_S" textname="test sensor 29693"/>
			<item id="29694" losttest="2" iotype="AI" name="Sensor29694_S" textname="test sensor 29694"/>
			<item id="29695" losttest="2" iotype="AI" name="Sensor29695_S" textname="test sensor 29695"/>
			<item id="29696" losttest="2" iotype="AI" name="Sensor29696_S" textname="test sensor 29696"/>
			<item id="29697" losttest="2" iotype="AI" name="Sensor29697_S" textname="test sensor 29697"/>
			<item id="29698" losttest="2" iotype="AI" name="Sensor29698_S" textname="test sensor 29698"/>
			<item id="29699" losttest="2" iotype="AI" name="Sensor29699_S" textname="test sensor 29699"/>
			<item id="29700" losttest="2" iotype="AI" name="Sensor29700_S" textname="test sensor 29700"/>
			<item id="29701" losttest="2" iotype="AI" name="Sensor29701_S" textname="test sensor 29701"/>
			<item id="29702" losttest="2" iotype="AI" name="Sensor29702_S" textname="test sensor 29702"/>
			<item id="29703" losttest="2" iotype="AI" name="Sensor29703_S" textname="test sensor 29703"/>
			<item id="29704" losttest="2" iotype="AI" name="Sensor29704_S" textname="test sensor 29704"/>
			<item id="29705" losttest="2" iotype="AI" name="Sensor29705_S" textname="test sensor 29705"/>
			<item id="29706" losttest="2" iotype="AI" name="Sensor29706_S" textname="test sensor 29706"/>
			<item id="29707" losttest="2" iotype="AI" name="Sensor29707_S" textname="test sensor 29707"/>
			<item id="29708" losttest="2" iotype="AI" name="Sensor29708_S" textname="test sensor 29708"/>
			<item id="29709" losttest="2" iotype="AI" name="Sensor29709_S" textname="test sensor 29709"/>
			<item id="29710" losttest="2" iotype="AI" name="Sensor29710_S" textname="test sensor 29710"/>
			<item id="29711" losttest="2" iotype="AI" name="Sensor29711_S" textname="test sensor 29711"/>
			<item id="29712" losttest="2" iotype="AI" name="Sensor29712_S" textname="test sensor 29712"/>
			<item id="29713" losttest="2" iotype="AI" name="Sensor29713_S" textname="test sensor 29713"/>
			<item id="29714" losttest="2" iotype="AI" name="Sensor29714_S" textname="test sensor 29714"/>
			<item id="29715" losttest="2" iotype="AI" name="Sensor29715_S" textname="test sensor 29715"/>
			<item id="29716" losttest="2" iotype="AI" name="Sensor29716_S" textname="test sensor 29716"/>
			<item id="29717" losttest="2" iotype="AI" name="Sensor29717_S" textname="test sensor 29717"/>
			<item id="29718" losttest="2" iotype="AI" name="Sensor29718_S" textname="test sensor 29718"/>
			<item id="29719" losttest="2" iotype="AI" name="Sensor29719_S" textname="test sensor 29719"/>
			<item id="29720" losttest="2" iotype="AI" name="Sensor29720_S" textname="test sensor 29720"/>
			<item id="29721" losttest="2" iotype="AI" name="Sensor29721_S" textname="test sensor 29721"/>
			<item id="29722" losttest="2" iotype="AI" name="Sensor29722_S" textname="test sensor 29722"/>
			<item id="29723" losttest="2" iotype="AI" name="Sensor29723_S" textname="test sensor 29723"/>
			<item id="29724" losttest="2" iotype="AI" name="Sensor29724_S" textname="test sensor 29724"/>
			<item id="29725" losttest="2" iotype="AI" name="Sensor29725_S" textname="test sensor 29725"/>
			<item id="29726" losttest="2" iotype="AI" name="Sensor29726_S" textname="test sensor 29726"/>
			<item id="29727" losttest="2" iotype="AI" name="Sensor29727_S" textname="test sensor 29727"/>
			<item id="29728" losttest="2" iotype="AI" name="Sensor29728_S" textname="test sensor 29728"/>
			<item id="29729" losttest="2" iotype="AI" name="Sensor29729_S" textname="test sensor 29729"/>
			<item id="29730" losttest="2" iotype="AI" name="Sensor29730_S" textname="test sensor 29730"/>
			<item id="29731" losttest="2" iotype="AI" name="Sensor29731_S" textname="test sensor 29731"/>
			<item id="29732" losttest="2" iotype="AI" name="Sensor29732_S" textname="test sensor 29732"/>
			<item id="29733" losttest="2" iotype="AI" name="Sensor29733_S" textname="test sensor 29733"/>
			<item id="29734" losttest="2" iotype="AI" name="Sensor29734_S" textname="test sensor 29734"/>
			<item id="29735" losttest="2" iotype="AI" name="Sensor29735_S" textname="test sensor 29735"/>
			<item id="29736" losttest="2" iotype="AI" name="Sensor29736_S" textname="test sensor 29736"/>
			<item id="29737" losttest="2" iotype="AI" name="Sensor29737_S" textname="test sensor 29737"/>
			<item id="29738" losttest="2" iotype="AI" name="Sensor29738_S" textname="test sensor 29738"/>
			<item id="29739" losttest="2" iotype="AI" name="Sensor29739_S" textname="test sensor 29739"/>
			<item id="29740" losttest="2" iotype="AI" name="Sensor29740_S" textname="test sensor 29740"/>
			<item id="29741" losttest="2" iotype="AI" name="Sensor29741_S" textname="test sensor 29741"/>
			<item id="29742" losttest="2" iotype="AI" name="Sensor29742_S" textname="test sensor 29742"/>
			<item id="29743" losttest="2" iotype="AI" name="Sensor29743_S" textname="test sensor 29743"/>
			<item id="29744" losttest="2" iotype="AI" name="Sensor29744_S" textname="test sensor 29744"/>
			<item id="29745" losttest="2" iotype="AI" name="Sensor29745_S" textname="test sensor 29745"/>
			<item id="29746" losttest="2" iotype="AI" name="Sensor29746_S" textname="test sensor 29746"/>
			<item id="29747" losttest="2" iotype="AI" name="Sensor29747_S" textname="test sensor 29747"/>
			<item id="29748" losttest="2" iotype="AI" name="Sensor29748_S" textname="test sensor 29748"/>
			<item id="29749" losttest="2" iotype="AI" name="Sensor29749_S" textname="test sensor 29749"/>
			<item id="29750" losttest="2" iotype="AI" name="Sensor29750_S" textname="test sensor 29750"/>
			<item id="29751" losttest="2" iotype="AI" name="Sensor29751_S" textname="test sensor 29751"/>
			<item id="29752" losttest="2" iotype="AI" name="Sensor29752_S" textname="test sensor 29752"/>
			<item id="29753" losttest="2" iotype="AI" name="Sensor29753_S" textname="test sensor 29753"/>
			<item id="29754" losttest="2" iotype="AI" name="Sensor29754_S" textname="test sensor 29754"/>
			<item id="29755" losttest="2" iotype="AI" name="Sensor29755_S" textname="test sensor 29755"/>
			<item id="29756" losttest="2" iotype="AI" name="Sensor29756_S" textname="test sensor 29756"/>
			<item id="29757" losttest="2" iotype="AI" name="Sensor29757_S" textname="test sensor 29757"/>
			<item id="29758" losttest="2" iotype="AI" name="Sensor29758_S" textname="test sensor 29758"/>
			<item id="29759" losttest="2" iotype="AI" name="Sensor29759_S" textname="test sensor 29759"/>
			<item id="29760" losttest="2" iotype="AI" name="Sensor29760_S" textname="test sensor 29760"/>
			<item id="29761" losttest="2" iotype="AI" name="Sensor29761_S" textname="test sensor 29761"/>
			<item id="29762" losttest="2" iotype="AI" name="Sensor29762_S" textname="test sensor 29762"/>
			<item id="29763" losttest="2" iotype="AI" name="Sensor29763_S" textname="test sensor 29763"/>
			<item id="29764" losttest="2" iotype="AI" name="Sensor29764_S" textname="test sensor 29764"/>
			<item id="29765" losttest="2" iotype="AI" name="Sensor29765_S" textname="test sensor 29765"/>
			<item id="29766" losttest="2" iotype="AI" name="Sensor29766_S" textname="test sensor 29766"/>
			<item id="29767" losttest="2" iotype="AI" name="Sensor29767_S" textname="test sensor 29767"/>
			<item id="29768" losttest="2" iotype="AI" name="Sensor29768_S" textname="test sensor 29768"/>
			<item id="29769" losttest="2" iotype="AI" name="Sensor29769_S" textname="test sensor 29769"/>
			<item id="29770" losttest="2" iotype="AI" name="Sensor29770_S" textname="test sensor 29770"/>
			<item id="29771" losttest="2" iotype="AI" name="Sensor29771_S" textname="test sensor 29771"/>
			<item id="29772" losttest="2" iotype="AI" name="Sensor29772_S" textname="test sensor 29772"/>
			<item id="29773" losttest="2" iotype="AI" name="Sensor29773_S" textname="test sensor 29773"/>
			<item id="29774" losttest="2" iotype="AI" name="Sensor29774_S" textname="test sensor 29774"/>
			<item id="29775" losttest="2" iotype="AI" name="Sensor29775_S" textname="test sensor 29775"/>
			<item id="29776" losttest="2" iotype="AI" name="Sensor29776_S" textname="test sensor 29776"/>
			<item id="29777" losttest="2" iotype="AI" name="Sensor29777_S" textname="test sensor 29777"/>
			<item id="29778" losttest="2" iotype="AI" name="Sensor29778_S" textname="test sensor 29778"/>
			<item id="29779" losttest="2" iotype="AI" name="Sensor29779_S" textname="test sensor 29779"/>
			<item id="29780" losttest="2" iotype="AI" name="Sensor29780_S" textname="test sensor 29780"/>
			<item id="29781" losttest="2" iotype="AI" name="Sensor29781_S" textname="test sensor 29781"/>
			<item id="29782" losttest="2" iotype="AI" name="Sensor29782_S" textname="test sensor 29782"/>
			<item id="29783" losttest="2" iotype="AI" name="Sensor29783_S" textname="test sensor 29783"/>
			<item id="29784" losttest="2" iotype="AI" name="Sensor29784_S" textname="test sensor 29784"/>
			<item id="29785" losttest="2" iotype="AI" name="Sensor29785_S" textname="test sensor 29785"/>
			<item id="29786" losttest="2" iotype="AI" name="Sensor29786_S" textname="test sensor 29786"/>
			<item id="29787" losttest="2" iotype="AI" name="Sensor29787_S" textname="test sensor 29787"/>
			<item id="29788" losttest="2" iotype="AI" name="Sensor29788_S" textname="test sensor 29788"/>
			<item id="29789" losttest="2" iotype="AI" name="Sensor29789_S" textname="test sensor 29789"/>
			<item id="29790" losttest="2" iotype="AI" name="Sensor29790_S" textname="test sensor 29790"/>
			<item id="29791" losttest="2" iotype="AI" name="Sensor29791_S" textname="test sensor 29791"/>
			<item id="29792" losttest="2" iotype="AI" name="Sensor29792_S" textname="test sensor 29792"/>
			<item id="29793" losttest="2" iotype="AI" name="Sensor29793_S" textname="test sensor 29793"/>
			<item id="29794" losttest="2" iotype="AI" name="Sensor29794_S" textname="test sensor 29794"/>
			<item id="29795" losttest="2" iotype="AI" name="Sensor29795_S" textname="test sensor 29795"/>
			<item id="29796" losttest="2" iotype="AI" name="Sensor29796_S" textname="test sensor 29796"/>
			<item id="29797" losttest="2" iotype="AI" name="Sensor29797_S" textname="test sensor 29797"/>
			<item id="29798" losttest="2" iotype="AI" name="Sensor29798_S" textname="test sensor 29798"/>
			<item id="29799" losttest="2" iotype="AI" name="Sensor29799_S" textname="test sensor 29799"/>
			<item id="29800" losttest="2" iotype="AI" name="Sensor29800_S" textname="test sensor 29800"/>
			<item id="29801" losttest="2" iotype="AI" name="Sensor29801_S" textname="test sensor 29801"/>
			<item id="29802" losttest="2" iotype="AI" name="Sensor29802_S" textname="test sensor 29802"/>
			<item id="29803" losttest="2" iotype="AI" name="Sensor29803_S" textname="test sensor 29803"/>
			<item id="29804" losttest="2" iotype="AI" name="Sensor29804_S" textname="test sensor 29804"/>
			<item id="29805" losttest="2" iotype="AI" name="Sensor29805_S" textname="test sensor 29805"/>
			<item id="29806" losttest="2" iotype="AI" name="Sensor29806_S" textname="test sensor 29806"/>
			<item id="29807" losttest="2" iotype="AI" name="Sensor29807_S" textname="test sensor 29807"/>
			<item id="29808" losttest="2" iotype="AI" name="Sensor29808_S" textname="test sensor 29808"/>
			<item id="29809" losttest="2" iotype="AI" name="Sensor29809_S" textname="test sensor 29809"/>
			<item id="29810" losttest="2" iotype="AI" name="Sensor29810_S" textname="test sensor 29810"/>
			<item id="29811" losttest="2" iotype="AI" name="Sensor29811_S" textname="test sensor 29811"/>
			<item id="29812" losttest="2" iotype="AI" name="Sensor29812_S" textname="test sensor 29812"/>
			<item id="29813" losttest="2" iotype="AI" name="Sensor29813_S" textname="test sensor 29813"/>
			<item id="29814" losttest="2" iotype="AI" name="Sensor29814_S" textname="test sensor 29814"/>
			<item id="29815" losttest="2" iotype="AI" name="Sensor29815_S" textname="test sensor 29815"/>
			<item id="29816" losttest="2" iotype="AI" name="Sensor29816_S" textname="test sensor 29816"/>
			<item id="29817" losttest="2" iotype="AI" name="Sensor29817_S" textname="test sensor 29817"/>
			<item id="29818" losttest="2" iotype="AI" name="Sensor29818_S" textname="test sensor 29818"/>
			<item id="29819" losttest="2" iotype="AI" name="Sensor29819_S" textname="test sensor 29819"/>
			<item id="29820" losttest="2" iotype="AI" name="Sensor29820_S" textname="test sensor 29820"/>
			<item id="29821" losttest="2" iotype="AI" name="Sensor29821_S" textname="test sensor 29821"/>
			<item id="29822" losttest="2" iotype="AI" name="Sensor29822_S" textname="test sensor 29822"/>
			<item id="29823" losttest="2" iotype="AI" name="Sensor29823_S" textname="test sensor 29823"/>
			<item id="29824" losttest="2" iotype="AI" name="Sensor29824_S" textname="test sensor 29824"/>
			<item id="29825" losttest="2" iotype="AI" name="Sensor29825_S" textname="test sensor 29825"/>
			<item id="29826" losttest="2" iotype="AI" name="Sensor29826_S" textname="test sensor 29826"/>
			<item id="29827" losttest="2" iotype="AI" name="Sensor29827_S" textname="test sensor 29827"/>
			<item id="29828" losttest="2" iotype="AI" name="Sensor29828_S" textname="test sensor 29828"/>
			<item id="29829" losttest="2" iotype="AI" name="Sensor29829_S" textname="test sensor 29829"/>
			<item id="29830" losttest="2" iotype="AI" name="Sensor29830_S" textname="test sensor 29830"/>
			<item id="29831" losttest="2" iotype="AI" name="Sensor29831_S" textname="test sensor 29831"/>
			<item id="29832" losttest="2" iotype="AI" name="Sensor29832_S" textname="test sensor 29832"/>
			<item id="29833" losttest="2" iotype="AI" name="Sensor29833_S" textname="test sensor 29833"/>
			<item id="29834" losttest="2" iotype="AI" name="Sensor29834_S" textname="test sensor 29834"/>
			<item id="29835" losttest="2" iotype="AI" name="Sensor29835_S" textname="test sensor 29835"/>
			<item id="29836" losttest="2" iotype="AI" name="Sensor29836_S" textname="test sensor 29836"/>
			<item id="29837" losttest="2" iotype="AI" name="Sensor29837_S" textname="test sensor 29837"/>
			<item id="29838" losttest="2" iotype="AI" name="Sensor29838_S" textname="test sensor 29838"/>
			<item id="29839" losttest="2" iotype="AI" name="Sensor29839_S" textname="test sensor 29839"/>
			<item id="29840" losttest="2" iotype="AI" name="Sensor29840_S" textname="test sensor 29840"/>
			<item id="29841" losttest="2" iotype="AI" name="Sensor29841_S" textname="test sensor 29841"/>
			<item id="29842" losttest="2" iotype="AI" name="Sensor29842_S" textname="test sensor 29842"/>
			<item id="29843" losttest="2" iotype="AI" name="Sensor29843_S" textname="test sensor 29843"/>
			<item id="29844" losttest="2" iotype="AI" name="Sensor29844_S" textname="test sensor 29844"/>
			<item id="29845" losttest="2" iotype="AI" name="Sensor29845_S" textname="test sensor 29845"/>
			<item id="29846" losttest="2" iotype="AI" name="Sensor29846_S" textname="test sensor 29846"/>
			<item id="29847" losttest="2" iotype="AI" name="Sensor29847_S" textname="test sensor 29847"/>
			<item id="29848" losttest="2" iotype="AI" name="Sensor29848_S" textname="test sensor 29848"/>
			<item id="29849" losttest="2" iotype="AI" name="Sensor29849_S" textname="test sensor 29849"/>
			<item id="29850" losttest="2" iotype="AI" name="Sensor29850_S" textname="test sensor 29850"/>
			<item id="29851" losttest="2" iotype="AI" name="Sensor29851_S" textname="test sensor 29851"/>
			<item id="29852" losttest="2" iotype="AI" name="Sensor29852_S" textname="test sensor 29852"/>
			<item id="29853" losttest="2" iotype="AI" name="Sensor29853_S" textname="test sensor 29853"/>
			<item id="29854" losttest="2" iotype="AI" name="Sensor29854_S" textname="test sensor 29854"/>
			<item id="29855" losttest="2" iotype="AI" name="Sensor29855_S" textname="test sensor 29855"/>
			<item id="29856" losttest="2" iotype="AI" name="Sensor29856_S" textname="test sensor 29856"/>
			<item id="29857" losttest="2" iotype="AI" name="Sensor29857_S" textname="test sensor 29857"/>
			<item id="29858" losttest="2" iotype="AI" name="Sensor29858_S" textname="test sensor 29858"/>
			<item id="29859" losttest="2" iotype="AI" name="Sensor29859_S" textname="test sensor 29859"/>
			<item id="29860" losttest="2" iotype="AI" name="Sensor29860_S" textname="test sensor 29860"/>
			<item id="29861" losttest="2" iotype="AI" name="Sensor29861_S" textname="test sensor 29861"/>
			<item id="29862" losttest="2" iotype="AI" name="Sensor29862_S" textname="test sensor 29862"/>
			<item id="29863" losttest="2" iotype="AI" name="Sensor29863_S" textname="test sensor 29863"/>
			<item id="29864" losttest="2" iotype="AI" name="Sensor29864_S" textname="test sensor 29864"/>
			<item id="29865" losttest="2" iotype="AI" name="Sensor29865_S" textname="test sensor 29865"/>
			<item id="29866" losttest="2" iotype="AI" name="Sensor29866_S" textname="test sensor 29866"/>
			<item id="29867" losttest="2" iotype="AI" name="Sensor29867_S" textname="test sensor 29867"/>
			<item id="29868" losttest="2" iotype="AI" name="Sensor29868_S" textname="test sensor 29868"/>
			<item id="29869" losttest="2" iotype="AI" name="Sensor29869_S" textname="test sensor 29869"/>
			<item id="29870" losttest="2" iotype="AI" name="Sensor29870_S" textname="test sensor 29870"/>
			<item id="29871" losttest="2" iotype="AI" name="Sensor29871_S" textname="test sensor 29871"/>
			<item id="29872" losttest="2" iotype="AI" name="Sensor29872_S" textname="test sensor 29872"/>
			<item id="29873" losttest="2" iotype="AI" name="Sensor29873_S" textname="test sensor 29873"/>
			<item id="29874" losttest="2" iotype="AI" name="Sensor29874_S" textname="test sensor 29874"/>
			<item id="29875" losttest="2" iotype="AI" name="Sensor29875_S" textname="test sensor 29875"/>
			<item id="29876" losttest="2" iotype="AI" name="Sensor29876_S" textname="test sensor 29876"/>
			<item id="29877" losttest="2" iotype="AI" name="Sensor29877_S" textname="test sensor 29877"/>
			<item id="29878" losttest="2" iotype="AI" name="Sensor29878_S" textname="test sensor 29878"/>
			<item id="29879" losttest="2" iotype="AI" name="Sensor29879_S" textname="test sensor 29879"/>
			<item id="29880" losttest="2" iotype="AI" name="Sensor29880_S" textname="test sensor 29880"/>
			<item id="29881" losttest="2" iotype="AI" name="Sensor29881_S" textname="test sensor 29881"/>
			<item id="29882" losttest="2" iotype="AI" name="Sensor29882_S" textname="test sensor 29882"/>
			<item id="29883" losttest="2" iotype="AI" name="Sensor29883_S" textname="test sensor 29883"/>
			<item id="29884" losttest="2" iotype="AI" name="Sensor29884_S" textname="test sensor 29884"/>
			<item id="29885" losttest="2" iotype="AI" name="Sensor29885_S" textname="test sensor 29885"/>
			<item id="29886" losttest="2" iotype="AI" name="Sensor29886_S" textname="test sensor 29886"/>
			<item id="29887" losttest="2" iotype="AI" name="Sensor29887_S" textname="test sensor 29887"/>
			<item id="29888" losttest="2" iotype="AI" name="Sensor29888_S" textname="test sensor 29888"/>
			<item id="29889" losttest="2" iotype="AI" name="Sensor29889_S" textname="test sensor 29889"/>
			<item id="29890" losttest="2" iotype="AI" name="Sensor29890_S" textname="test sensor 29890"/>
			<item id="29891" losttest="2" iotype="AI" name="Sensor29891_S" textname="test sensor 29891"/>
			<item id="29892" losttest="2" iotype="AI" name="Sensor29892_S" textname="test sensor 29892"/>
			<item id="29893" losttest="2" iotype="AI" name="Sensor29893_S" textname="test sensor 29893"/>
			<item id="29894" losttest="2" iotype="AI" name="Sensor29894_S" textname="test sensor 29894"/>
			<item id="29895" losttest="2" iotype="AI" name="Sensor29895_S" textname="test sensor 29895"/>
			<item id="29896" losttest="2" iotype="AI" name="Sensor29896_S" textname="test sensor 29896"/>
			<item id="29897" losttest="2" iotype="AI" name="Sensor29897_S" textname="test sensor 29897"/>
			<item id="29898" losttest="2" iotype="AI" name="Sensor29898_S" textname="test sensor 29898"/>
			<item id="29899" losttest="2" iotype="AI" name="Sensor29899_S" textname="test sensor 29899"/>
			<item id="29900" losttest="2" iotype="AI" name="Sensor29900_S" textname="test sensor 29900"/>
			<item id="29901" losttest="2" iotype="AI" name="Sensor29901_S" textname="test sensor 29901"/>
			<item id="29902" losttest="2" iotype="AI" name="Sensor29902_S" textname="test sensor 29902"/>
			<item id="29903" losttest="2" iotype="AI" name="Sensor29903_S" textname="test sensor 29903"/>
			<item id="29904" losttest="2" iotype="AI" name="Sensor29904_S" textname="test sensor 29904"/>
			<item id="29905" losttest="2" iotype="AI" name="Sensor29905_S" textname="test sensor 29905"/>
			<item id="29906" losttest="2" iotype="AI" name="Sensor29906_S" textname="test sensor 29906"/>
			<item id="29907" losttest="2" iotype="AI" name="Sensor29907_S" textname="test sensor 29907"/>
			<item id="29908" losttest="2" iotype="AI" name="Sensor29908_S" textname="test sensor 29908"/>
			<item id="29909" losttest="2" iotype="AI" name="Sensor29909_S" textname="test sensor 29909"/>
			<item id="29910" losttest="2" iotype="AI" name="Sensor29910_S" textname="test sensor 29910"/>
			<item id="29911" losttest="2" iotype="AI" name="Sensor29911_S" textname="test sensor 29911"/>
			<item id="29912" losttest="2" iotype="AI" name="Sensor29912_S" textname="test sensor 29912"/>
			<item id="29913" losttest="2" iotype="AI" name="Sensor29913_S" textname="test sensor 29913"/>
			<item id="29914" losttest="2" iotype="AI" name="Sensor29914_S" textname="test sensor 29914"/>
			<item id="29915" losttest="2" iotype="AI" name="Sensor29915_S" textname="test sensor 29915"/>
			<item id="29916" losttest="2" iotype="AI" name="Sensor29916_S" textname="test sensor 29916"/>
			<item id="29917" losttest="2" iotype="AI" name="Sensor29917_S" textname="test sensor 29917"/>
			<item id="29918" losttest="2" iotype="AI" name="Sensor29918_S" textname="test sensor 29918"/>
			<item id="29919" losttest="2" iotype="AI" name="Sensor29919_S" textname="test sensor 29919"/>
			<item id="29920" losttest="2" iotype="AI" name="Sensor29920_S" textname="test sensor 29920"/>
			<item id="29921" losttest="2" iotype="AI" name="Sensor29921_S" textname="test sensor 29921"/>
			<item id="29922" losttest="2" iotype="AI" name="Sensor29922_S" textname="test sensor 29922"/>
			<item id="29923" losttest="2" iotype="AI" name="Sensor29923_S" textname="test sensor 29923"/>
			<item id="29924" losttest="2" iotype="AI" name="Sensor29924_S" textname="test sensor 29924"/>
			<item id="29925" losttest="2" iotype="AI" name="Sensor29925_S" textname="test sensor 29925"/>
			<item id="29926" losttest="2" iotype="AI" name="Sensor29926_S" textname="test sensor 29926"/>
			<item id="29927" losttest="2" iotype="AI" name="Sensor29927_S" textname="test sensor 29927"/>
			<item id="29928" losttest="2" iotype="AI" name="Sensor29928_S" textname="test sensor 29928"/>
			<item id="29929" losttest="2" iotype="AI" name="Sensor29929_S" textname="test sensor 29929"/>
			<item id="29930" losttest="2" iotype="AI" name="Sensor29930_S" textname="test sensor 29930"/>
			<item id="29931" losttest="2" iotype="AI" name="Sensor29931_S" textname="test sensor 29931"/>
			<item id="29932" losttest="2" iotype="AI" name="Sensor29932_S" textname="test sensor 29932"/>
			<item id="29933" losttest="2" iotype="AI" name="Sensor29933_S" textname="test sensor 29933"/>
			<item id="29934" losttest="2" iotype="AI" name="Sensor29934_S" textname="test sensor 29934"/>
			<item id="29935" losttest="2" iotype="AI" name="Sensor29935_S" textname="test sensor 29935"/>
			<item id="29936" losttest="2" iotype="AI" name="Sensor29936_S" textname="test sensor 29936"/>
			<item id="29937" losttest="2" iotype="AI" name="Sensor29937_S" textname="test sensor 29937"/>
			<item id="29938" losttest="2" iotype="AI" name="Sensor29938_S" textname="test sensor 29938"/>
			<item id="29939" losttest="2" iotype="AI" name="Sensor29939_S" textname="test sensor 29939"/>
			<item id="29940" losttest="2" iotype="AI" name="Sensor29940_S" textname="test sensor 29940"/>
			<item id="29941" losttest="2" iotype="AI" name="Sensor29941_S" textname="test sensor 29941"/>
			<item id="29942" losttest="2" iotype="AI" name="Sensor29942_S" textname="test sensor 29942"/>
			<item id="29943" losttest="2" iotype="AI" name="Sensor29943_S" textname="test sensor 29943"/>
			<item id="29944" losttest="2" iotype="AI" name="Sensor29944_S" textname="test sensor 29944"/>
			<item id="29945" losttest="2" iotype="AI" name="Sensor29945_S" textname="test sensor 29945"/>
			<item id="29946" losttest="2" iotype="AI" name="Sensor29946_S" textname="test sensor 29946"/>
			<item id="29947" losttest="2" iotype="AI" name="Sensor29947_S" textname="test sensor 29947"/>
			<item id="29948" losttest="2" iotype="AI" name="Sensor29948_S" textname="test sensor 29948"/>
			<item id="29949" losttest="2" iotype="AI" name="Sensor29949_S" textname="test sensor 29949"/>
			<item id="29950" losttest="2" iotype="AI" name="Sensor29950_S" textname="test sensor 29950"/>
			<item id="29951" losttest="2" iotype="AI" name="Sensor29951_S" textname="test sensor 29951"/>
			<item id="29952" losttest="2" iotype="AI" name="Sensor29952_S" textname="test sensor 29952"/>
			<item id="29953" losttest="2" iotype="AI" name="Sensor29953_S" textname="test sensor 29953"/>
			<item id="29954" losttest="2" iotype="AI" name="Sensor29954_S" textname="test sensor 29954"/>
			<item id="29955" losttest="2" iotype="AI" name="Sensor29955_S" textname="test sensor 29955"/>
			<item id="29956" losttest="2" iotype="AI" name="Sensor29956_S" textname="test sensor 29956"/>
			<item id="29957" losttest="2" iotype="AI" name="Sensor29957_S" textname="test sensor 29957"/>
			<item id="29958" losttest="2" iotype="AI" name="Sensor29958_S" textname="test sensor 29958"/>
			<item id="29959" losttest="2" iotype="AI" name="Sensor29959_S" textname="test sensor 29959"/>
			<item id="29960" losttest="2" iotype="AI" name="Sensor29960_S" textname="test sensor 29960"/>
			<item id="29961" losttest="2" iotype="AI" name="Sensor29961_S" textname="test sensor 29961"/>
			<item id="29962" losttest="2" iotype="AI" name="Sensor29962_S" textname="test sensor 29962"/>
			<item id="29963" losttest="2" iotype="AI" name="Sensor29963_S" textname="test sensor 29963"/>
			<item id="29964" losttest="2" iotype="AI" name="Sensor29964_S" textname="test sensor 29964"/>
			<item id="29965" losttest="2" iotype="AI" name="Sensor29965_S" textname="test sensor 29965"/>
			<item id="29966" losttest="2" iotype="AI" name="Sensor29966_S" textname="test sensor 29966"/>
			<item id="29967" losttest="2" iotype="AI" name="Sensor29967_S" textname="test sensor 29967"/>
			<item id="29968" losttest="2" iotype="AI" name="Sensor29968_S" textname="test sensor 29968"/>
			<item id="29969" losttest="2" iotype="AI" name="Sensor29969_S" textname="test sensor 29969"/>
			<item id="29970" losttest="2" iotype="AI" name="Sensor29970_S" textname="test sensor 29970"/>
			<item id="29971" losttest="2" iotype="AI" name="Sensor29971_S" textname="test sensor 29971"/>
			<item id="29972" losttest="2" iotype="AI" name="Sensor29972_S" textname="test sensor 29972"/>
			<item id="29973" losttest="2" iotype="AI" name="Sensor29973_S" textname="test sensor 29973"/>
			<item id="29974" losttest="2" iotype="AI" name="Sensor29974_S" textname="test sensor 29974"/>
			<item id="29975" losttest="2" iotype="AI" name="Sensor29975_S" textname="test sensor 29975"/>
			<item id="29976" losttest="2" iotype="AI" name="Sensor29976_S" textname="test sensor 29976"/>
			<item id="29977" losttest="2" iotype="AI" name="Sensor29977_S" textname="test sensor 29977"/>
			<item id="29978" losttest="2" iotype="AI" name="Sensor29978_S" textname="test sensor 29978"/>
			<item id="29979" losttest="2" iotype="AI" name="Sensor29979_S" textname="test sensor 29979"/>
			<item id="29980" losttest="2" iotype="AI" name="Sensor29980_S" textname="test sensor 29980"/>
			<item id="29981" losttest="2" iotype="AI" name="Sensor29981_S" textname="test sensor 29981"/>
			<item id="29982" losttest="2" iotype="AI" name="Sensor29982_S" textname="test sensor 29982"/>
			<item id="29983" losttest="2" iotype="AI" name="Sensor29983_S" textname="test sensor 29983"/>
			<item id="29984" losttest="2" iotype="AI" name="Sensor29984_S" textname="test sensor 29984"/>
			<item id="29985" losttest="2" iotype="AI" name="Sensor29985_S" textname="test sensor 29985"/>
			<item id="29986" losttest="2" iotype="AI" name="Sensor29986_S" textname="test sensor 29986"/>
			<item id="29987" losttest="2" iotype="AI" name="Sensor29987_S" textname="test sensor 29987"/>
			<item id="29988" losttest="2" iotype="AI" name="Sensor29988_S" textname="test sensor 29988"/>
			<item id="29989" losttest="2" iotype="AI" name="Sensor29989_S" textname="test sensor 29989"/>
			<item id="29990" losttest="2" iotype="AI" name="Sensor29990_S" textname="test sensor 29990"/>
			<item id="29991" losttest="2" iotype="AI" name="Sensor29991_S" textname="test sensor 29991"/>
			<item id="29992" losttest="2" iotype="AI" name="Sensor29992_S" textname="test sensor 29992"/>
			<item id="29993" losttest="2" iotype="AI" name="Sensor29993_S" textname="test sensor 29993"/>
			<item id="29994" losttest="2" iotype="AI" name="Sensor29994_S" textname="test sensor 29994"/>
			<item id="29995" losttest="2" iotype="AI" name="Sensor29995_S" textname="test sensor 29995"/>
			<item id="29996" losttest="2" iotype="AI" name="Sensor29996_S" textname="test sensor 29996"/>
			<item id="29997" losttest="2" iotype="AI" name="Sensor29997_S" textname="test sensor 29997"/>
			<item id="29998" losttest="2" iotype="AI" name="Sensor29998_S" textname="test sensor 29998"/>
			<item id="29999" losttest="2" iotype="AI" name="Sensor29999_S" textname="test sensor 29999"/>
			<item id="30000" losttest="2" iotype="AI" name="Sensor30000_S" textname="test sensor 30000"/>
			<item id="30001" losttest="3" iotype="AI" name="Sensor30001_S" textname="test sensor 30001"/>
			<item id="30002" losttest="3" iotype="AI" name="Sensor30002_S" textname="test sensor 30002"/>
			<item id="30003" losttest="3" iotype="AI" name="Sensor30003_S" textname="test sensor 30003"/>
			<item id="30004" losttest="3" iotype="AI" name="Sensor30004_S" textname="test sensor 30004"/>
			<item id="30005" losttest="3" iotype="AI" name="Sensor30005_S" textname="test sensor 30005"/>
			<item id="30006" losttest="3" iotype="AI" name="Sensor30006_S" textname="test sensor 30006"/>
			<item id="30007" losttest="3" iotype="AI" name="Sensor30007_S" textname="test sensor 30007"/>
			<item id="30008" losttest="3" iotype="AI" name="Sensor30008_S" textname="test sensor 30008"/>
			<item id="30009" losttest="3" iotype="AI" name="Sensor30009_S" textname="test sensor 30009"/>
			<item id="30010" losttest="3" iotype="AI" name="Sensor30010_S" textname="test sensor 30010"/>
			<item id="30011" losttest="3" iotype="AI" name="Sensor30011_S" textname="test sensor 30011"/>
			<item id="30012" losttest="3" iotype="AI" name="Sensor30012_S" textname="test sensor 30012"/>
			<item id="30013" losttest="3" iotype="AI" name="Sensor30013_S" textname="test sensor 30013"/>
			<item id="30014" losttest="3" iotype="AI" name="Sensor30014_S" textname="test sensor 30014"/>
			<item id="30015" losttest="3" iotype="AI" name="Sensor30015_S" textname="test sensor 30015"/>
			<item id="30016" losttest="3" iotype="AI" name="Sensor30016_S" textname="test sensor 30016"/>
			<item id="30017" losttest="3" iotype="AI" name="Sensor30017_S" textname="test sensor 30017"/>
			<item id="30018" losttest="3" iotype="AI" name="Sensor30018_S" textname="test sensor 30018"/>
			<item id="30019" losttest="3" iotype="AI" name="Sensor30019_S" textname="test sensor 30019"/>
			<item id="30020" losttest="3" iotype="AI" name="Sensor30020_S" textname="test sensor 30020"/>
			<item id="30021" losttest="3" iotype="AI" name="Sensor30021_S" textname="test sensor 30021"/>
			<item id="30022" losttest="3" iotype="AI" name="Sensor30022_S" textname="test sensor 30022"/>
			<item id="30023" losttest="3" iotype="AI" name="Sensor30023_S" textname="test sensor 30023"/>
			<item id="30024" losttest="3" iotype="AI" name="Sensor30024_S" textname="test sensor 30024"/>
			<item id="30025" losttest="3" iotype="AI" name="Sensor30025_S" textname="test sensor 30025"/>
			<item id="30026" losttest="3" iotype="AI" name="Sensor30026_S" textname="test sensor 30026"/>
			<item id="30027" losttest="3" iotype="AI" name="Sensor30027_S" textname="test sensor 30027"/>
			<item id="30028" losttest="3" iotype="AI" name="Sensor30028_S" textname="test sensor 30028"/>
			<item id="30029" losttest="3" iotype="AI" name="Sensor30029_S" textname="test sensor 30029"/>
			<item id="30030" losttest="3" iotype="AI" name="Sensor30030_S" textname="test sensor 30030"/>
			<item id="30031" losttest="3" iotype="AI" name="Sensor30031_S" textname="test sensor 30031"/>
			<item id="30032" losttest="3" iotype="AI" name="Sensor30032_S" textname="test sensor 30032"/>
			<item id="30033" losttest="3" iotype="AI" name="Sensor30033_S" textname="test sensor 30033"/>
			<item id="30034" losttest="3" iotype="AI" name="Sensor30034_S" textname="test sensor 30034"/>
			<item id="30035" losttest="3" iotype="AI" name="Sensor30035_S" textname="test sensor 30035"/>
			<item id="30036" losttest="3" iotype="AI" name="Sensor30036_S" textname="test sensor 30036"/>
			<item id="30037" losttest="3" iotype="AI" name="Sensor30037_S" textname="test sensor 30037"/>
			<item id="30038" losttest="3" iotype="AI" name="Sensor30038_S" textname="test sensor 30038"/>
			<item id="30039" losttest="3" iotype="AI" name="Sensor30039_S" textname="test sensor 30039"/>
			<item id="30040" losttest="3" iotype="AI" name="Sensor30040_S" textname="test sensor 30040"/>
			<item id="30041" losttest="3" iotype="AI" name="Sensor30041_S" textname="test sensor 30041"/>
			<item id="30042" losttest="3" iotype="AI" name="Sensor30042_S" textname="test sensor 30042"/>
			<item id="30043" losttest="3" iotype="AI" name="Sensor30043_S" textname="test sensor 30043"/>
			<item id="30044" losttest="3" iotype="AI" name="Sensor30044_S" textname="test sensor 30044"/>
			<item id="30045" losttest="3" iotype="AI" name="Sensor30045_S" textname="test sensor 30045"/>
			<item id="30046" losttest="3" iotype="AI" name="Sensor30046_S" textname="test sensor 30046"/>
			<item id="30047" losttest="3" iotype="AI" name="Sensor30047_S" textname="test sensor 30047"/>
			<item id="30048" losttest="3" iotype="AI" name="Sensor30048_S" textname="test sensor 30048"/>
			<item id="30049" losttest="3" iotype="AI" name="Sensor30049_S" textname="test sensor 30049"/>
			<item id="30050" losttest="3" iotype="AI" name="Sensor30050_S" textname="test sensor 30050"/>
			<item id="30051" losttest="3" iotype="AI" name="Sensor30051_S" textname="test sensor 30051"/>
			<item id="30052" losttest="3" iotype="AI" name="Sensor30052_S" textname="test sensor 30052"/>
			<item id="30053" losttest="3" iotype="AI" name="Sensor30053_S" textname="test sensor 30053"/>
			<item id="30054" losttest="3" iotype="AI" name="Sensor30054_S" textname="test sensor 30054"/>
			<item id="30055" losttest="3" iotype="AI" name="Sensor30055_S" textname="test sensor 30055"/>
			<item id="30056" losttest="3" iotype="AI" name="Sensor30056_S" textname="test sensor 30056"/>
			<item id="30057" losttest="3" iotype="AI" name="Sensor30057_S" textname="test sensor 30057"/>
			<item id="30058" losttest="3" iotype="AI" name="Sensor30058_S" textname="test sensor 30058"/>
			<item id="30059" losttest="3" iotype="AI" name="Sensor30059_S" textname="test sensor 30059"/>
			<item id="30060" losttest="3" iotype="AI" name="Sensor30060_S" textname="test sensor 30060"/>
			<item id="30061" losttest="3" iotype="AI" name="Sensor30061_S" textname="test sensor 30061"/>
			<item id="30062" losttest="3" iotype="AI" name="Sensor30062_S" textname="test sensor 30062"/>
			<item id="30063" losttest="3" iotype="AI" name="Sensor30063_S" textname="test sensor 30063"/>
			<item id="30064" losttest="3" iotype="AI" name="Sensor30064_S" textname="test sensor 30064"/>
			<item id="30065" losttest="3" iotype="AI" name="Sensor30065_S" textname="test sensor 30065"/>
			<item id="30066" losttest="3" iotype="AI" name="Sensor30066_S" textname="test sensor 30066"/>
			<item id="30067" losttest="3" iotype="AI" name="Sensor30067_S" textname="test sensor 30067"/>
			<item id="30068" losttest="3" iotype="AI" name="Sensor30068_S" textname="test sensor 30068"/>
			<item id="30069" losttest="3" iotype="AI" name="Sensor30069_S" textname="test sensor 30069"/>
			<item id="30070" losttest="3" iotype="AI" name="Sensor30070_S" textname="test sensor 30070"/>
			<item id="30071" losttest="3" iotype="AI" name="Sensor30071_S" textname="test sensor 30071"/>
			<item id="30072" losttest="3" iotype="AI" name="Sensor30072_S" textname="test sensor 30072"/>
			<item id="30073" losttest="3" iotype="AI" name="Sensor30073_S" textname="test sensor 30073"/>
			<item id="30074" losttest="3" iotype="AI" name="Sensor30074_S" textname="test sensor 30074"/>
			<item id="30075" losttest="3" iotype="AI" name="Sensor30075_S" textname="test sensor 30075"/>
			<item id="30076" losttest="3" iotype="AI" name="Sensor30076_S" textname="test sensor 30076"/>
			<item id="30077" losttest="3" iotype="AI" name="Sensor30077_S" textname="test sensor 30077"/>
			<item id="30078" losttest="3" iotype="AI" name="Sensor30078_S" textname="test sensor 30078"/>
			<item id="30079" losttest="3" iotype="AI" name="Sensor30079_S" textname="test sensor 30079"/>
			<item id="30080" losttest="3" iotype="AI" name="Sensor30080_S" textname="test sensor 30080"/>
			<item id="30081" losttest="3" iotype="AI" name="Sensor30081_S" textname="test sensor 30081"/>
			<item id="30082" losttest="3" iotype="AI" name="Sensor30082_S" textname="test sensor 30082"/>
			<item id="30083" losttest="3" iotype="AI" name="Sensor30083_S" textname="test sensor 30083"/>
			<item id="30084" losttest="3" iotype="AI" name="Sensor30084_S" textname="test sensor 30084"/>
			<item id="30085" losttest="3" iotype="AI" name="Sensor30085_S" textname="test sensor 30085"/>
			<item id="30086" losttest="3" iotype="AI" name="Sensor30086_S" textname="test sensor 30086"/>
			<item id="30087" losttest="3" iotype="AI" name="Sensor30087_S" textname="test sensor 30087"/>
			<item id="30088" losttest="3" iotype="AI" name="Sensor30088_S" textname="test sensor 30088"/>
			<item id="30089" losttest="3" iotype="AI" name="Sensor30089_S" textname="test sensor 30089"/>
			<item id="30090" losttest="3" iotype="AI" name="Sensor30090_S" textname="test sensor 30090"/>
			<item id="30091" losttest="3" iotype="AI" name="Sensor30091_S" textname="test sensor 30091"/>
			<item id="30092" losttest="3" iotype="AI" name="Sensor30092_S" textname="test sensor 30092"/>
			<item id="30093" losttest="3" iotype="AI" name="Sensor30093_S" textname="test sensor 30093"/>
			<item id="30094" losttest="3" iotype="AI" name="Sensor30094_S" textname="test sensor 30094"/>
			<item id="30095" losttest="3" iotype="AI" name="Sensor30095_S" textname="test sensor 30095"/>
			<item id="30096" losttest="3" iotype="AI" name="Sensor30096_S" textname="test sensor 30096"/>
			<item id="30097" losttest="3" iotype="AI" name="Sensor30097_S" textname="test sensor 30097"/>
			<item id="30098" losttest="3" iotype="AI" name="Sensor30098_S" textname="test sensor 30098"/>
			<item id="30099" losttest="3" iotype="AI" name="Sensor30099_S" textname="test sensor 30099"/>
			<item id="30100" losttest="3" iotype="AI" name="Sensor30100_S" textname="test sensor 30100"/>
			<item id="30101" losttest="3" iotype="AI" name="Sensor30101_S" textname="test sensor 30101"/>
			<item id="30102" losttest="3" iotype="AI" name="Sensor30102_S" textname="test sensor 30102"/>
			<item id="30103" losttest="3" iotype="AI" name="Sensor30103_S" textname="test sensor 30103"/>
			<item id="30104" losttest="3" iotype="AI" name="Sensor30104_S" textname="test sensor 30104"/>
			<item id="30105" losttest="3" iotype="AI" name="Sensor30105_S" textname="test sensor 30105"/>
			<item id="30106" losttest="3" iotype="AI" name="Sensor30106_S" textname="test sensor 30106"/>
			<item id="30107" losttest="3" iotype="AI" name="Sensor30107_S" textname="test sensor 30107"/>
			<item id="30108" losttest="3" iotype="AI" name="Sensor30108_S" textname="test sensor 30108"/>
			<item id="30109" losttest="3" iotype="AI" name="Sensor30109_S" textname="test sensor 30109"/>
			<item id="30110" losttest="3" iotype="AI" name="Sensor30110_S" textname="test sensor 30110"/>
			<item id="30111" losttest="3" iotype="AI" name="Sensor30111_S" textname="test sensor 30111"/>
			<item id="30112" losttest="3" iotype="AI" name="Sensor30112_S" textname="test sensor 30112"/>
			<item id="30113" losttest="3" iotype="AI" name="Sensor30113_S" textname="test sensor 30113"/>
			<item id="30114" losttest="3" iotype="AI" name="Sensor30114_S" textname="test sensor 30114"/>
			<item id="30115" losttest="3" iotype="AI" name="Sensor30115_S" textname="test sensor 30115"/>
			<item id="30116" losttest="3" iotype="AI" name="Sensor30116_S" textname="test sensor 30116"/>
			<item id="30117" losttest="3" iotype="AI" name="Sensor30117_S" textname="test sensor 30117"/>
			<item id="30118" losttest="3" iotype="AI" name="Sensor30118_S" textname="test sensor 30118"/>
			<item id="30119" losttest="3" iotype="AI" name="Sensor30119_S" textname="test sensor 30119"/>
			<item id="30120" losttest="3" iotype="AI" name="Sensor30120_S" textname="test sensor 30120"/>
			<item id="30121" losttest="3" iotype="AI" name="Sensor30121_S" textname="test sensor 30121"/>
			<item id="30122" losttest="3" iotype="AI" name="Sensor30122_S" textname="test sensor 30122"/>
			<item id="30123" losttest="3" iotype="AI" name="Sensor30123_S" textname="test sensor 30123"/>
			<item id="30124" losttest="3" iotype="AI" name="Sensor30124_S" textname="test sensor 30124"/>
			<item id="30125" losttest="3" iotype="AI" name="Sensor30125_S" textname="test sensor 30125"/>
			<item id="30126" losttest="3" iotype="AI" name="Sensor30126_S" textname="test sensor 30126"/>
			<item id="30127" losttest="3" iotype="AI" name="Sensor30127_S" textname="test sensor 30127"/>
			<item id="30128" losttest="3" iotype="AI" name="Sensor30128_S" textname="test sensor 30128"/>
			<item id="30129" losttest="3" iotype="AI" name="Sensor30129_S" textname="test sensor 30129"/>
			<item id="30130" losttest="3" iotype="AI" name="Sensor30130_S" textname="test sensor 30130"/>
			<item id="30131" losttest="3" iotype="AI" name="Sensor30131_S" textname="test sensor 30131"/>
			<item id="30132" losttest="3" iotype="AI" name="Sensor30132_S" textname="test sensor 30132"/>
			<item id="30133" losttest="3" iotype="AI" name="Sensor30133_S" textname="test sensor 30133"/>
			<item id="30134" losttest="3" iotype="AI" name="Sensor30134_S" textname="test sensor 30134"/>
			<item id="30135" losttest="3" iotype="AI" name="Sensor30135_S" textname="test sensor 30135"/>
			<item id="30136" losttest="3" iotype="AI" name="Sensor30136_S" textname="test sensor 30136"/>
			<item id="30137" losttest="3" iotype="AI" name="Sensor30137_S" textname="test sensor 30137"/>
			<item id="30138" losttest="3" iotype="AI" name="Sensor30138_S" textname="test sensor 30138"/>
			<item id="30139" losttest="3" iotype="AI" name="Sensor30139_S" textname="test sensor 30139"/>
			<item id="30140" losttest="3" iotype="AI" name="Sensor30140_S" textname="test sensor 30140"/>
			<item id="30141" losttest="3" iotype="AI" name="Sensor30141_S" textname="test sensor 30141"/>
			<item id="30142" losttest="3" iotype="AI" name="Sensor30142_S" textname="test sensor 30142"/>
			<item id="30143" losttest="3" iotype="AI" name="Sensor30143_S" textname="test sensor 30143"/>
			<item id="30144" losttest="3" iotype="AI" name="Sensor30144_S" textname="test sensor 30144"/>
			<item id="30145" losttest="3" iotype="AI" name="Sensor30145_S" textname="test sensor 30145"/>
			<item id="30146" losttest="3" iotype="AI" name="Sensor30146_S" textname="test sensor 30146"/>
			<item id="30147" losttest="3" iotype="AI" name="Sensor30147_S" textname="test sensor 30147"/>
			<item id="30148" losttest="3" iotype="AI" name="Sensor30148_S" textname="test sensor 30148"/>
			<item id="30149" losttest="3" iotype="AI" name="Sensor30149_S" textname="test sensor 30149"/>
			<item id="30150" losttest="3" iotype="AI" name="Sensor30150_S" textname="test sensor 30150"/>
			<item id="30151" losttest="3" iotype="AI" name="Sensor30151_S" textname="test sensor 30151"/>
			<item id="30152" losttest="3" iotype="AI" name="Sensor30152_S" textname="test sensor 30152"/>
			<item id="30153" losttest="3" iotype="AI" name="Sensor30153_S" textname="test sensor 30153"/>
			<item id="30154" losttest="3" iotype="AI" name="Sensor30154_S" textname="test sensor 30154"/>
			<item id="30155" losttest="3" iotype="AI" name="Sensor30155_S" textname="test sensor 30155"/>
			<item id="30156" losttest="3" iotype="AI" name="Sensor30156_S" textname="test sensor 30156"/>
			<item id="30157" losttest="3" iotype="AI" name="Sensor30157_S" textname="test sensor 30157"/>
			<item id="30158" losttest="3" iotype="AI" name="Sensor30158_S" textname="test sensor 30158"/>
			<item id="30159" losttest="3" iotype="AI" name="Sensor30159_S" textname="test sensor 30159"/>
			<item id="30160" losttest="3" iotype="AI" name="Sensor30160_S" textname="test sensor 30160"/>
			<item id="30161" losttest="3" iotype="AI" name="Sensor30161_S" textname="test sensor 30161"/>
			<item id="30162" losttest="3" iotype="AI" name="Sensor30162_S" textname="test sensor 30162"/>
			<item id="30163" losttest="3" iotype="AI" name="Sensor30163_S" textname="test sensor 30163"/>
			<item id="30164" losttest="3" iotype="AI" name="Sensor30164_S" textname="test sensor 30164"/>
			<item id="30165" losttest="3" iotype="AI" name="Sensor30165_S" textname="test sensor 30165"/>
			<item id="30166" losttest="3" iotype="AI" name="Sensor30166_S" textname="test sensor 30166"/>
			<item id="30167" losttest="3" iotype="AI" name="Sensor30167_S" textname="test sensor 30167"/>
			<item id="30168" losttest="3" iotype="AI" name="Sensor30168_S" textname="test sensor 30168"/>
			<item id="30169" losttest="3" iotype="AI" name="Sensor30169_S" textname="test sensor 30169"/>
			<item id="30170" losttest="3" iotype="AI" name="Sensor30170_S" textname="test sensor 30170"/>
			<item id="30171" losttest="3" iotype="AI" name="Sensor30171_S" textname="test sensor 30171"/>
			<item id="30172" losttest="3" iotype="AI" name="Sensor30172_S" textname="test sensor 30172"/>
			<item id="30173" losttest="3" iotype="AI" name="Sensor30173_S" textname="test sensor 30173"/>
			<item id="30174" losttest="3" iotype="AI" name="Sensor30174_S" textname="test sensor 30174"/>
			<item id="30175" losttest="3" iotype="AI" name="Sensor30175_S" textname="test sensor 30175"/>
			<item id="30176" losttest="3" iotype="AI" name="Sensor30176_S" textname="test sensor 30176"/>
			<item id="30177" losttest="3" iotype="AI" name="Sensor30177_S" textname="test sensor 30177"/>
			<item id="30178" losttest="3" iotype="AI" name="Sensor30178_S" textname="test sensor 30178"/>
			<item id="30179" losttest="3" iotype="AI" name="Sensor30179_S" textname="test sensor 30179"/>
			<item id="30180" losttest="3" iotype="AI" name="Sensor30180_S" textname="test sensor 30180"/>
			<item id="30181" losttest="3" iotype="AI" name="Sensor30181_S" textname="test sensor 30181"/>
			<item id="30182" losttest="3" iotype="AI" name="Sensor30182_S" textname="test sensor 30182"/>
			<item id="30183" losttest="3" iotype="AI" name="Sensor30183_S" textname="test sensor 30183"/>
			<item id="30184" losttest="3" iotype="AI" name="Sensor30184_S" textname="test sensor 30184"/>
			<item id="30185" losttest="3" iotype="AI" name="Sensor30185_S" textname="test sensor 30185"/>
			<item id="30186" losttest="3" iotype="AI" name="Sensor30186_S" textname="test sensor 30186"/>
			<item id="30187" losttest="3" iotype="AI" name="Sensor30187_S" textname="test sensor 30187"/>
			<item id="30188" losttest="3" iotype="AI" name="Sensor30188_S" textname="test sensor 30188"/>
			<item id="30189" losttest="3" iotype="AI" name="Sensor30189_S" textname="test sensor 30189"/>
			<item id="30190" losttest="3" iotype="AI" name="Sensor30190_S" textname="test sensor 30190"/>
			<item id="30191" losttest="3" iotype="AI" name="Sensor30191_S" textname="test sensor 30191"/>
			<item id="30192" losttest="3" iotype="AI" name="Sensor30192_S" textname="test sensor 30192"/>
			<item id="30193" losttest="3" iotype="AI" name="Sensor30193_S" textname="test sensor 30193"/>
			<item id="30194" losttest="3" iotype="AI" name="Sensor30194_S" textname="test sensor 30194"/>
			<item id="30195" losttest="3" iotype="AI" name="Sensor30195_S" textname="test sensor 30195"/>
			<item id="30196" losttest="3" iotype="AI" name="Sensor30196_S" textname="test sensor 30196"/>
			<item id="30197" losttest="3" iotype="AI" name="Sensor30197_S" textname="test sensor 30197"/>
			<item id="30198" losttest="3" iotype="AI" name="Sensor30198_S" textname="test sensor 30198"/>
			<item id="30199" losttest="3" iotype="AI" name="Sensor30199_S" textname="test sensor 30199"/>
			<item id="30200" losttest="3" iotype="AI" name="Sensor30200_S" textname="test sensor 30200"/>
			<item id="30201" losttest="3" iotype="AI" name="Sensor30201_S" textname="test sensor 30201"/>
			<item id="30202" losttest="3" iotype="AI" name="Sensor30202_S" textname="test sensor 30202"/>
			<item id="30203" losttest="3" iotype="AI" name="Sensor30203_S" textname="test sensor 30203"/>
			<item id="30204" losttest="3" iotype="AI" name="Sensor30204_S" textname="test sensor 30204"/>
			<item id="30205" losttest="3" iotype="AI" name="Sensor30205_S" textname="test sensor 30205"/>
			<item id="30206" losttest="3" iotype="AI" name="Sensor30206_S" textname="test sensor 30206"/>
			<item id="30207" losttest="3" iotype="AI" name="Sensor30207_S" textname="test sensor 30207"/>
			<item id="30208" losttest="3" iotype="AI" name="Sensor30208_S" textname="test sensor 30208"/>
			<item id="30209" losttest="3" iotype="AI" name="Sensor30209_S" textname="test sensor 30209"/>
			<item id="30210" losttest="3" iotype="AI" name="Sensor30210_S" textname="test sensor 30210"/>
			<item id="30211" losttest="3" iotype="AI" name="Sensor30211_S" textname="test sensor 30211"/>
			<item id="30212" losttest="3" iotype="AI" name="Sensor30212_S" textname="test sensor 30212"/>
			<item id="30213" losttest="3" iotype="AI" name="Sensor30213_S" textname="test sensor 30213"/>
			<item id="30214" losttest="3" iotype="AI" name="Sensor30214_S" textname="test sensor 30214"/>
			<item id="30215" losttest="3" iotype="AI" name="Sensor30215_S" textname="test sensor 30215"/>
			<item id="30216" losttest="3" iotype="AI" name="Sensor30216_S" textname="test sensor 30216"/>
			<item id="30217" losttest="3" iotype="AI" name="Sensor30217_S" textname="test sensor 30217"/>
			<item id="30218" losttest="3" iotype="AI" name="Sensor30218_S" textname="test sensor 30218"/>
			<item id="30219" losttest="3" iotype="AI" name="Sensor30219_S" textname="test sensor 30219"/>
			<item id="30220" losttest="3" iotype="AI" name="Sensor30220_S" textname="test sensor 30220"/>
			<item id="30221" losttest="3" iotype="AI" name="Sensor30221_S" textname="test sensor 30221"/>
			<item id="30222" losttest="3" iotype="AI" name="Sensor30222_S" textname="test sensor 30222"/>
			<item id="30223" losttest="3" iotype="AI" name="Sensor30223_S" textname="test sensor 30223"/>
			<item id="30224" losttest="3" iotype="AI" name="Sensor30224_S" textname="test sensor 30224"/>
			<item id="30225" losttest="3" iotype="AI" name="Sensor30225_S" textname="test sensor 30225"/>
			<item id="30226" losttest="3" iotype="AI" name="Sensor30226_S" textname="test sensor 30226"/>
			<item id="30227" losttest="3" iotype="AI" name="Sensor30227_S" textname="test sensor 30227"/>
			<item id="30228" losttest="3" iotype="AI" name="Sensor30228_S" textname="test sensor 30228"/>
			<item id="30229" losttest="3" iotype="AI" name="Sensor30229_S" textname="test sensor 30229"/>
			<item id="30230" losttest="3" iotype="AI" name="Sensor30230_S" textname="test sensor 30230"/>
			<item id="30231" losttest="3" iotype="AI" name="Sensor30231_S" textname="test sensor 30231"/>
			<item id="30232" losttest="3" iotype="AI" name="Sensor30232_S" textname="test sensor 30232"/>
			<item id="30233" losttest="3" iotype="AI" name="Sensor30233_S" textname="test sensor 30233"/>
			<item id="30234" losttest="3" iotype="AI" name="Sensor30234_S" textname="test sensor 30234"/>
			<item id="30235" losttest="3" iotype="AI" name="Sensor30235_S" textname="test sensor 30235"/>
			<item id="30236" losttest="3" iotype="AI" name="Sensor30236_S" textname="test sensor 30236"/>
			<item id="30237" losttest="3" iotype="AI" name="Sensor30237_S" textname="test sensor 30237"/>
			<item id="30238" losttest="3" iotype="AI" name="Sensor30238_S" textname="test sensor 30238"/>
			<item id="30239" losttest="3" iotype="AI" name="Sensor30239_S" textname="test sensor 30239"/>
			<item id="30240" losttest="3" iotype="AI" name="Sensor30240_S" textname="test sensor 30240"/>
			<item id="30241" losttest="3" iotype="AI" name="Sensor30241_S" textname="test sensor 30241"/>
			<item id="30242" losttest="3" iotype="AI" name="Sensor30242_S" textname="test sensor 30242"/>
			<item id="30243" losttest="3" iotype="AI" name="Sensor30243_S" textname="test sensor 30243"/>
			<item id="30244" losttest="3" iotype="AI" name="Sensor30244_S" textname="test sensor 30244"/>
			<item id="30245" losttest="3" iotype="AI" name="Sensor30245_S" textname="test sensor 30245"/>
			<item id="30246" losttest="3" iotype="AI" name="Sensor30246_S" textname="test sensor 30246"/>
			<item id="30247" losttest="3" iotype="AI" name="Sensor30247_S" textname="test sensor 30247"/>
			<item id="30248" losttest="3" iotype="AI" name="Sensor30248_S" textname="test sensor 30248"/>
			<item id="30249" losttest="3" iotype="AI" name="Sensor30249_S" textname="test sensor 30249"/>
			<item id="30250" losttest="3" iotype="AI" name="Sensor30250_S" textname="test sensor 30250"/>
			<item id="30251" losttest="3" iotype="AI" name="Sensor30251_S" textname="test sensor 30251"/>
			<item id="30252" losttest="3" iotype="AI" name="Sensor30252_S" textname="test sensor 30252"/>
			<item id="30253" losttest="3" iotype="AI" name="Sensor30253_S" textname="test sensor 30253"/>
			<item id="30254" losttest="3" iotype="AI" name="Sensor30254_S" textname="test sensor 30254"/>
			<item id="30255" losttest="3" iotype="AI" name="Sensor30255_S" textname="test sensor 30255"/>
			<item id="30256" losttest="3" iotype="AI" name="Sensor30256_S" textname="test sensor 30256"/>
			<item id="30257" losttest="3" iotype="AI" name="Sensor30257_S" textname="test sensor 30257"/>
			<item id="30258" losttest="3" iotype="AI" name="Sensor30258_S" textname="test sensor 30258"/>
			<item id="30259" losttest="3" iotype="AI" name="Sensor30259_S" textname="test sensor 30259"/>
			<item id="30260" losttest="3" iotype="AI" name="Sensor30260_S" textname="test sensor 30260"/>
			<item id="30261" losttest="3" iotype="AI" name="Sensor30261_S" textname="test sensor 30261"/>
			<item id="30262" losttest="3" iotype="AI" name="Sensor30262_S" textname="test sensor 30262"/>
			<item id="30263" losttest="3" iotype="AI" name="Sensor30263_S" textname="test sensor 30263"/>
			<item id="30264" losttest="3" iotype="AI" name="Sensor30264_S" textname="test sensor 30264"/>
			<item id="30265" losttest="3" iotype="AI" name="Sensor30265_S" textname="test sensor 30265"/>
			<item id="30266" losttest="3" iotype="AI" name="Sensor30266_S" textname="test sensor 30266"/>
			<item id="30267" losttest="3" iotype="AI" name="Sensor30267_S" textname="test sensor 30267"/>
			<item id="30268" losttest="3" iotype="AI" name="Sensor30268_S" textname="test sensor 30268"/>
			<item id="30269" losttest="3" iotype="AI" name="Sensor30269_S" textname="test sensor 30269"/>
			<item id="30270" losttest="3" iotype="AI" name="Sensor30270_S" textname="test sensor 30270"/>
			<item id="30271" losttest="3" iotype="AI" name="Sensor30271_S" textname="test sensor 30271"/>
			<item id="30272" losttest="3" iotype="AI" name="Sensor30272_S" textname="test sensor 30272"/>
			<item id="30273" losttest="3" iotype="AI" name="Sensor30273_S" textname="test sensor 30273"/>
			<item id="30274" losttest="3" iotype="AI" name="Sensor30274_S" textname="test sensor 30274"/>
			<item id="30275" losttest="3" iotype="AI" name="Sensor30275_S" textname="test sensor 30275"/>
			<item id="30276" losttest="3" iotype="AI" name="Sensor30276_S" textname="test sensor 30276"/>
			<item id="30277" losttest="3" iotype="AI" name="Sensor30277_S" textname="test sensor 30277"/>
			<item id="30278" losttest="3" iotype="AI" name="Sensor30278_S" textname="test sensor 30278"/>
			<item id="30279" losttest="3" iotype="AI" name="Sensor30279_S" textname="test sensor 30279"/>
			<item id="30280" losttest="3" iotype="AI" name="Sensor30280_S" textname="test sensor 30280"/>
			<item id="30281" losttest="3" iotype="AI" name="Sensor30281_S" textname="test sensor 30281"/>
			<item id="30282" losttest="3" iotype="AI" name="Sensor30282_S" textname="test sensor 30282"/>
			<item id="30283" losttest="3" iotype="AI" name="Sensor30283_S" textname="test sensor 30283"/>
			<item id="30284" losttest="3" iotype="AI" name="Sensor30284_S" textname="test sensor 30284"/>
			<item id="30285" losttest="3" iotype="AI" name="Sensor30285_S" textname="test sensor 30285"/>
			<item id="30286" losttest="3" iotype="AI" name="Sensor30286_S" textname="test sensor 30286"/>
			<item id="30287" losttest="3" iotype="AI" name="Sensor30287_S" textname="test sensor 30287"/>
			<item id="30288" losttest="3" iotype="AI" name="Sensor30288_S" textname="test sensor 30288"/>
			<item id="30289" losttest="3" iotype="AI" name="Sensor30289_S" textname="test sensor 30289"/>
			<item id="30290" losttest="3" iotype="AI" name="Sensor30290_S" textname="test sensor 30290"/>
			<item id="30291" losttest="3" iotype="AI" name="Sensor30291_S" textname="test sensor 30291"/>
			<item id="30292" losttest="3" iotype="AI" name="Sensor30292_S" textname="test sensor 30292"/>
			<item id="30293" losttest="3" iotype="AI" name="Sensor30293_S" textname="test sensor 30293"/>
			<item id="30294" losttest="3" iotype="AI" name="Sensor30294_S" textname="test sensor 30294"/>
			<item id="30295" losttest="3" iotype="AI" name="Sensor30295_S" textname="test sensor 30295"/>
			<item id="30296" losttest="3" iotype="AI" name="Sensor30296_S" textname="test sensor 30296"/>
			<item id="30297" losttest="3" iotype="AI" name="Sensor30297_S" textname="test sensor 30297"/>
			<item id="30298" losttest="3" iotype="AI" name="Sensor30298_S" textname="test sensor 30298"/>
			<item id="30299" losttest="3" iotype="AI" name="Sensor30299_S" textname="test sensor 30299"/>
			<item id="30300" losttest="3" iotype="AI" name="Sensor30300_S" textname="test sensor 30300"/>
			<item id="30301" losttest="3" iotype="AI" name="Sensor30301_S" textname="test sensor 30301"/>
			<item id="30302" losttest="3" iotype="AI" name="Sensor30302_S" textname="test sensor 30302"/>
			<item id="30303" losttest="3" iotype="AI" name="Sensor30303_S" textname="test sensor 30303"/>
			<item id="30304" losttest="3" iotype="AI" name="Sensor30304_S" textname="test sensor 30304"/>
			<item id="30305" losttest="3" iotype="AI" name="Sensor30305_S" textname="test sensor 30305"/>
			<item id="30306" losttest="3" iotype="AI" name="Sensor30306_S" textname="test sensor 30306"/>
			<item id="30307" losttest="3" iotype="AI" name="Sensor30307_S" textname="test sensor 30307"/>
			<item id="30308" losttest="3" iotype="AI" name="Sensor30308_S" textname="test sensor 30308"/>
			<item id="30309" losttest="3" iotype="AI" name="Sensor30309_S" textname="test sensor 30309"/>
			<item id="30310" losttest="3" iotype="AI" name="Sensor30310_S" textname="test sensor 30310"/>
			<item id="30311" losttest="3" iotype="AI" name="Sensor30311_S" textname="test sensor 30311"/>
			<item id="30312" losttest="3" iotype="AI" name="Sensor30312_S" textname="test sensor 30312"/>
			<item id="30313" losttest="3" iotype="AI" name="Sensor30313_S" textname="test sensor 30313"/>
			<item id="30314" losttest="3" iotype="AI" name="Sensor30314_S" textname="test sensor 30314"/>
			<item id="30315" losttest="3" iotype="AI" name="Sensor30315_S" textname="test sensor 30315"/>
			<item id="30316" losttest="3" iotype="AI" name="Sensor30316_S" textname="test sensor 30316"/>
			<item id="30317" losttest="3" iotype="AI" name="Sensor30317_S" textname="test sensor 30317"/>
			<item id="30318" losttest="3" iotype="AI" name="Sensor30318_S" textname="test sensor 30318"/>
			<item id="30319" losttest="3" iotype="AI" name="Sensor30319_S" textname="test sensor 30319"/>
			<item id="30320" losttest="3" iotype="AI" name="Sensor30320_S" textname="test sensor 30320"/>
			<item id="30321" losttest="3" iotype="AI" name="Sensor30321_S" textname="test sensor 30321"/>
			<item id="30322" losttest="3" iotype="AI" name="Sensor30322_S" textname="test sensor 30322"/>
			<item id="30323" losttest="3" iotype="AI" name="Sensor30323_S" textname="test sensor 30323"/>
			<item id="30324" losttest="3" iotype="AI" name="Sensor30324_S" textname="test sensor 30324"/>
			<item id="30325" losttest="3" iotype="AI" name="Sensor30325_S" textname="test sensor 30325"/>
			<item id="30326" losttest="3" iotype="AI" name="Sensor30326_S" textname="test sensor 30326"/>
			<item id="30327" losttest="3" iotype="AI" name="Sensor30327_S" textname="test sensor 30327"/>
			<item id="30328" losttest="3" iotype="AI" name="Sensor30328_S" textname="test sensor 30328"/>
			<item id="30329" losttest="3" iotype="AI" name="Sensor30329_S" textname="test sensor 30329"/>
			<item id="30330" losttest="3" iotype="AI" name="Sensor30330_S" textname="test sensor 30330"/>
			<item id="30331" losttest="3" iotype="AI" name="Sensor30331_S" textname="test sensor 30331"/>
			<item id="30332" losttest="3" iotype="AI" name="Sensor30332_S" textname="test sensor 30332"/>
			<item id="30333" losttest="3" iotype="AI" name="Sensor30333_S" textname="test sensor 30333"/>
			<item id="30334" losttest="3" iotype="AI" name="Sensor30334_S" textname="test sensor 30334"/>
			<item id="30335" losttest="3" iotype="AI" name="Sensor30335_S" textname="test sensor 30335"/>
			<item id="30336" losttest="3" iotype="AI" name="Sensor30336_S" textname="test sensor 30336"/>
			<item id="30337" losttest="3" iotype="AI" name="Sensor30337_S" textname="test sensor 30337"/>
			<item id="30338" losttest="3" iotype="AI" name="Sensor30338_S" textname="test sensor 30338"/>
			<item id="30339" losttest="3" iotype="AI" name="Sensor30339_S" textname="test sensor 30339"/>
			<item id="30340" losttest="3" iotype="AI" name="Sensor30340_S" textname="test sensor 30340"/>
			<item id="30341" losttest="3" iotype="AI" name="Sensor30341_S" textname="test sensor 30341"/>
			<item id="30342" losttest="3" iotype="AI" name="Sensor30342_S" textname="test sensor 30342"/>
			<item id="30343" losttest="3" iotype="AI" name="Sensor30343_S" textname="test sensor 30343"/>
			<item id="30344" losttest="3" iotype="AI" name="Sensor30344_S" textname="test sensor 30344"/>
			<item id="30345" losttest="3" iotype="AI" name="Sensor30345_S" textname="test sensor 30345"/>
			<item id="30346" losttest="3" iotype="AI" name="Sensor30346_S" textname="test sensor 30346"/>
			<item id="30347" losttest="3" iotype="AI" name="Sensor30347_S" textname="test sensor 30347"/>
			<item id="30348" losttest="3" iotype="AI" name="Sensor30348_S" textname="test sensor 30348"/>
			<item id="30349" losttest="3" iotype="AI" name="Sensor30349_S" textname="test sensor 30349"/>
			<item id="30350" losttest="3" iotype="AI" name="Sensor30350_S" textname="test sensor 30350"/>
			<item id="30351" losttest="3" iotype="AI" name="Sensor30351_S" textname="test sensor 30351"/>
			<item id="30352" losttest="3" iotype="AI" name="Sensor30352_S" textname="test sensor 30352"/>
			<item id="30353" losttest="3" iotype="AI" name="Sensor30353_S" textname="test sensor 30353"/>
			<item id="30354" losttest="3" iotype="AI" name="Sensor30354_S" textname="test sensor 30354"/>
			<item id="30355" losttest="3" iotype="AI" name="Sensor30355_S" textname="test sensor 30355"/>
			<item id="30356" losttest="3" iotype="AI" name="Sensor30356_S" textname="test sensor 30356"/>
			<item id="30357" losttest="3" iotype="AI" name="Sensor30357_S" textname="test sensor 30357"/>
			<item id="30358" losttest="3" iotype="AI" name="Sensor30358_S" textname="test sensor 30358"/>
			<item id="30359" losttest="3" iotype="AI" name="Sensor30359_S" textname="test sensor 30359"/>
			<item id="30360" losttest="3" iotype="AI" name="Sensor30360_S" textname="test sensor 30360"/>
			<item id="30361" losttest="3" iotype="AI" name="Sensor30361_S" textname="test sensor 30361"/>
			<item id="30362" losttest="3" iotype="AI" name="Sensor30362_S" textname="test sensor 30362"/>
			<item id="30363" losttest="3" iotype="AI" name="Sensor30363_S" textname="test sensor 30363"/>
			<item id="30364" losttest="3" iotype="AI" name="Sensor30364_S" textname="test sensor 30364"/>
			<item id="30365" losttest="3" iotype="AI" name="Sensor30365_S" textname="test sensor 30365"/>
			<item id="30366" losttest="3" iotype="AI" name="Sensor30366_S" textname="test sensor 30366"/>
			<item id="30367" losttest="3" iotype="AI" name="Sensor30367_S" textname="test sensor 30367"/>
			<item id="30368" losttest="3" iotype="AI" name="Sensor30368_S" textname="test sensor 30368"/>
			<item id="30369" losttest="3" iotype="AI" name="Sensor30369_S" textname="test sensor 30369"/>
			<item id="30370" losttest="3" iotype="AI" name="Sensor30370_S" textname="test sensor 30370"/>
			<item id="30371" losttest="3" iotype="AI" name="Sensor30371_S" textname="test sensor 30371"/>
			<item id="30372" losttest="3" iotype="AI" name="Sensor30372_S" textname="test sensor 30372"/>
			<item id="30373" losttest="3" iotype="AI" name="Sensor30373_S" textname="test sensor 30373"/>
			<item id="30374" losttest="3" iotype="AI" name="Sensor30374_S" textname="test sensor 30374"/>
			<item id="30375" losttest="3" iotype="AI" name="Sensor30375_S" textname="test sensor 30375"/>
			<item id="30376" losttest="3" iotype="AI" name="Sensor30376_S" textname="test sensor 30376"/>
			<item id="30377" losttest="3" iotype="AI" name="Sensor30377_S" textname="test sensor 30377"/>
			<item id="30378" losttest="3" iotype="AI" name="Sensor30378_S" textname="test sensor 30378"/>
			<item id="30379" losttest="3" iotype="AI" name="Sensor30379_S" textname="test sensor 30379"/>
			<item id="30380" losttest="3" iotype="AI" name="Sensor30380_S" textname="test sensor 30380"/>
			<item id="30381" losttest="3" iotype="AI" name="Sensor30381_S" textname="test sensor 30381"/>
			<item id="30382" losttest="3" iotype="AI" name="Sensor30382_S" textname="test sensor 30382"/>
			<item id="30383" losttest="3" iotype="AI" name="Sensor30383_S" textname="test sensor 30383"/>
			<item id="30384" losttest="3" iotype="AI" name="Sensor30384_S" textname="test sensor 30384"/>
			<item id="30385" losttest="3" iotype="AI" name="Sensor30385_S" textname="test sensor 30385"/>
			<item id="30386" losttest="3" iotype="AI" name="Sensor30386_S" textname="test sensor 30386"/>
			<item id="30387" losttest="3" iotype="AI" name="Sensor30387_S" textname="test sensor 30387"/>
			<item id="30388" losttest="3" iotype="AI" name="Sensor30388_S" textname="test sensor 30388"/>
			<item id="30389" losttest="3" iotype="AI" name="Sensor30389_S" textname="test sensor 30389"/>
			<item id="30390" losttest="3" iotype="AI" name="Sensor30390_S" textname="test sensor 30390"/>
			<item id="30391" losttest="3" iotype="AI" name="Sensor30391_S" textname="test sensor 30391"/>
			<item id="30392" losttest="3" iotype="AI" name="Sensor30392_S" textname="test sensor 30392"/>
			<item id="30393" losttest="3" iotype="AI" name="Sensor30393_S" textname="test sensor 30393"/>
			<item id="30394" losttest="3" iotype="AI" name="Sensor30394_S" textname="test sensor 30394"/>
			<item id="30395" losttest="3" iotype="AI" name="Sensor30395_S" textname="test sensor 30395"/>
			<item id="30396" losttest="3" iotype="AI" name="Sensor30396_S" textname="test sensor 30396"/>
			<item id="30397" losttest="3" iotype="AI" name="Sensor30397_S" textname="test sensor 30397"/>
			<item id="30398" losttest="3" iotype="AI" name="Sensor30398_S" textname="test sensor 30398"/>
			<item id="30399" losttest="3" iotype="AI" name="Sensor30399_S" textname="test sensor 30399"/>
			<item id="30400" losttest="3" iotype="AI" name="Sensor30400_S" textname="test sensor 30400"/>
			<item id="30401" losttest="3" iotype="AI" name="Sensor30401_S" textname="test sensor 30401"/>
			<item id="30402" losttest="3" iotype="AI" name="Sensor30402_S" textname="test sensor 30402"/>
			<item id="30403" losttest="3" iotype="AI" name="Sensor30403_S" textname="test sensor 30403"/>
			<item id="30404" losttest="3" iotype="AI" name="Sensor30404_S" textname="test sensor 30404"/>
			<item id="30405" losttest="3" iotype="AI" name="Sensor30405_S" textname="test sensor 30405"/>
			<item id="30406" losttest="3" iotype="AI" name="Sensor30406_S" textname="test sensor 30406"/>
			<item id="30407" losttest="3" iotype="AI" name="Sensor30407_S" textname="test sensor 30407"/>
			<item id="30408" losttest="3" iotype="AI" name="Sensor30408_S" textname="test sensor 30408"/>
			<item id="30409" losttest="3" iotype="AI" name="Sensor30409_S" textname="test sensor 30409"/>
			<item id="30410" losttest="3" iotype="AI" name="Sensor30410_S" textname="test sensor 30410"/>
			<item id="30411" losttest="3" iotype="AI" name="Sensor30411_S" textname="test sensor 30411"/>
			<item id="30412" losttest="3" iotype="AI" name="Sensor30412_S" textname="test sensor 30412"/>
			<item id="30413" losttest="3" iotype="AI" name="Sensor30413_S" textname="test sensor 30413"/>
			<item id="30414" losttest="3" iotype="AI" name="Sensor30414_S" textname="test sensor 30414"/>
			<item id="30415" losttest="3" iotype="AI" name="Sensor30415_S" textname="test sensor 30415"/>
			<item id="30416" losttest="3" iotype="AI" name="Sensor30416_S" textname="test sensor 30416"/>
			<item id="30417" losttest="3" iotype="AI" name="Sensor30417_S" textname="test sensor 30417"/>
			<item id="30418" losttest="3" iotype="AI" name="Sensor30418_S" textname="test sensor 30418"/>
			<item id="30419" losttest="3" iotype="AI" name="Sensor30419_S" textname="test sensor 30419"/>
			<item id="30420" losttest="3" iotype="AI" name="Sensor30420_S" textname="test sensor 30420"/>
			<item id="30421" losttest="3" iotype="AI" name="Sensor30421_S" textname="test sensor 30421"/>
			<item id="30422" losttest="3" iotype="AI" name="Sensor30422_S" textname="test sensor 30422"/>
			<item id="30423" losttest="3" iotype="AI" name="Sensor30423_S" textname="test sensor 30423"/>
			<item id="30424" losttest="3" iotype="AI" name="Sensor30424_S" textname="test sensor 30424"/>
			<item id="30425" losttest="3" iotype="AI" name="Sensor30425_S" textname="test sensor 30425"/>
			<item id="30426" losttest="3" iotype="AI" name="Sensor30426_S" textname="test sensor 30426"/>
			<item id="30427" losttest="3" iotype="AI" name="Sensor30427_S" textname="test sensor 30427"/>
			<item id="30428" losttest="3" iotype="AI" name="Sensor30428_S" textname="test sensor 30428"/>
			<item id="30429" losttest="3" iotype="AI" name="Sensor30429_S" textname="test sensor 30429"/>
			<item id="30430" losttest="3" iotype="AI" name="Sensor30430_S" textname="test sensor 30430"/>
			<item id="30431" losttest="3" iotype="AI" name="Sensor30431_S" textname="test sensor 30431"/>
			<item id="30432" losttest="3" iotype="AI" name="Sensor30432_S" textname="test sensor 30432"/>
			<item id="30433" losttest="3" iotype="AI" name="Sensor30433_S" textname="test sensor 30433"/>
			<item id="30434" losttest="3" iotype="AI" name="Sensor30434_S" textname="test sensor 30434"/>
			<item id="30435" losttest="3" iotype="AI" name="Sensor30435_S" textname="test sensor 30435"/>
			<item id="30436" losttest="3" iotype="AI" name="Sensor30436_S" textname="test sensor 30436"/>
			<item id="30437" losttest="3" iotype="AI" name="Sensor30437_S" textname="test sensor 30437"/>
			<item id="30438" losttest="3" iotype="AI" name="Sensor30438_S" textname="test sensor 30438"/>
			<item id="30439" losttest="3" iotype="AI" name="Sensor30439_S" textname="test sensor 30439"/>
			<item id="30440" losttest="3" iotype="AI" name="Sensor30440_S" textname="test sensor 30440"/>
			<item id="30441" losttest="3" iotype="AI" name="Sensor30441_S" textname="test sensor 30441"/>
			<item id="30442" losttest="3" iotype="AI" name="Sensor30442_S" textname="test sensor 30442"/>
			<item id="30443" losttest="3" iotype="AI" name="Sensor30443_S" textname="test sensor 30443"/>
			<item id="30444" losttest="3" iotype="AI" name="Sensor30444_S" textname="test sensor 30444"/>
			<item id="30445" losttest="3" iotype="AI" name="Sensor30445_S" textname="test sensor 30445"/>
			<item id="30446" losttest="3" iotype="AI" name="Sensor30446_S" textname="test sensor 30446"/>
			<item id="30447" losttest="3" iotype="AI" name="Sensor30447_S" textname="test sensor 30447"/>
			<item id="30448" losttest="3" iotype="AI" name="Sensor30448_S" textname="test sensor 30448"/>
			<item id="30449" losttest="3" iotype="AI" name="Sensor30449_S" textname="test sensor 30449"/>
			<item id="30450" losttest="3" iotype="AI" name="Sensor30450_S" textname="test sensor 30450"/>
			<item id="30451" losttest="3" iotype="AI" name="Sensor30451_S" textname="test sensor 30451"/>
			<item id="30452" losttest="3" iotype="AI" name="Sensor30452_S" textname="test sensor 30452"/>
			<item id="30453" losttest="3" iotype="AI" name="Sensor30453_S" textname="test sensor 30453"/>
			<item id="30454" losttest="3" iotype="AI" name="Sensor30454_S" textname="test sensor 30454"/>
			<item id="30455" losttest="3" iotype="AI" name="Sensor30455_S" textname="test sensor 30455"/>
			<item id="30456" losttest="3" iotype="AI" name="Sensor30456_S" textname="test sensor 30456"/>
			<item id="30457" losttest="3" iotype="AI" name="Sensor30457_S" textname="test sensor 30457"/>
			<item id="30458" losttest="3" iotype="AI" name="Sensor30458_S" textname="test sensor 30458"/>
			<item id="30459" losttest="3" iotype="AI" name="Sensor30459_S" textname="test sensor 30459"/>
			<item id="30460" losttest="3" iotype="AI" name="Sensor30460_S" textname="test sensor 30460"/>
			<item id="30461" losttest="3" iotype="AI" name="Sensor30461_S" textname="test sensor 30461"/>
			<item id="30462" losttest="3" iotype="AI" name="Sensor30462_S" textname="test sensor 30462"/>
			<item id="30463" losttest="3" iotype="AI" name="Sensor30463_S" textname="test sensor 30463"/>
			<item id="30464" losttest="3" iotype="AI" name="Sensor30464_S" textname="test sensor 30464"/>
			<item id="30465" losttest="3" iotype="AI" name="Sensor30465_S" textname="test sensor 30465"/>
			<item id="30466" losttest="3" iotype="AI" name="Sensor30466_S" textname="test sensor 30466"/>
			<item id="30467" losttest="3" iotype="AI" name="Sensor30467_S" textname="test sensor 30467"/>
			<item id="30468" losttest="3" iotype="AI" name="Sensor30468_S" textname="test sensor 30468"/>
			<item id="30469" losttest="3" iotype="AI" name="Sensor30469_S" textname="test sensor 30469"/>
			<item id="30470" losttest="3" iotype="AI" name="Sensor30470_S" textname="test sensor 30470"/>
			<item id="30471" losttest="3" iotype="AI" name="Sensor30471_S" textname="test sensor 30471"/>
			<item id="30472" losttest="3" iotype="AI" name="Sensor30472_S" textname="test sensor 30472"/>
			<item id="30473" losttest="3" iotype="AI" name="Sensor30473_S" textname="test sensor 30473"/>
			<item id="30474" losttest="3" iotype="AI" name="Sensor30474_S" textname="test sensor 30474"/>
			<item id="30475" losttest="3" iotype="AI" name="Sensor30475_S" textname="test sensor 30475"/>
			<item id="30476" losttest="3" iotype="AI" name="Sensor30476_S" textname="test sensor 30476"/>
			<item id="30477" losttest="3" iotype="AI" name="Sensor30477_S" textname="test sensor 30477"/>
			<item id="30478" losttest="3" iotype="AI" name="Sensor30478_S" textname="test sensor 30478"/>
			<item id="30479" losttest="3" iotype="AI" name="Sensor30479_S" textname="test sensor 30479"/>
			<item id="30480" losttest="3" iotype="AI" name="Sensor30480_S" textname="test sensor 30480"/>
			<item id="30481" losttest="3" iotype="AI" name="Sensor30481_S" textname="test sensor 30481"/>
			<item id="30482" losttest="3" iotype="AI" name="Sensor30482_S" textname="test sensor 30482"/>
			<item id="30483" losttest="3" iotype="AI" name="Sensor30483_S" textname="test sensor 30483"/>
			<item id="30484" losttest="3" iotype="AI" name="Sensor30484_S" textname="test sensor 30484"/>
			<item id="30485" losttest="3" iotype="AI" name="Sensor30485_S" textname="test sensor 30485"/>
			<item id="30486" losttest="3" iotype="AI" name="Sensor30486_S" textname="test sensor 30486"/>
			<item id="30487" losttest="3" iotype="AI" name="Sensor30487_S" textname="test sensor 30487"/>
			<item id="30488" losttest="3" iotype="AI" name="Sensor30488_S" textname="test sensor 30488"/>
			<item id="30489" losttest="3" iotype="AI" name="Sensor30489_S" textname="test sensor 30489"/>
			<item id="30490" losttest="3" iotype="AI" name="Sensor30490_S" textname="test sensor 30490"/>
			<item id="30491" losttest="3" iotype="AI" name="Sensor30491_S" textname="test sensor 30491"/>
			<item id="30492" losttest="3" iotype="AI" name="Sensor30492_S" textname="test sensor 30492"/>
			<item id="30493" losttest="3" iotype="AI" name="Sensor30493_S" textname="test sensor 30493"/>
			<item id="30494" losttest="3" iotype="AI" name="Sensor30494_S" textname="test sensor 30494"/>
			<item id="30495" losttest="3" iotype="AI" name="Sensor30495_S" textname="test sensor 30495"/>
			<item id="30496" losttest="3" iotype="AI" name="Sensor30496_S" textname="test sensor 30496"/>
			<item id="30497" losttest="3" iotype="AI" name="Sensor30497_S" textname="test sensor 30497"/>
			<item id="30498" losttest="3" iotype="AI" name="Sensor30498_S" textname="test sensor 30498"/>
			<item id="30499" losttest="3" iotype="AI" name="Sensor30499_S" textname="test sensor 30499"/>
			<item id="30500" losttest="3" iotype="AI" name="Sensor30500_S" textname="test sensor 30500"/>
			<item id="30501" losttest="3" iotype="AI" name="Sensor30501_S" textname="test sensor 30501"/>
			<item id="30502" losttest="3" iotype="AI" name="Sensor30502_S" textname="test sensor 30502"/>
			<item id="30503" losttest="3" iotype="AI" name="Sensor30503_S" textname="test sensor 30503"/>
			<item id="30504" losttest="3" iotype="AI" name="Sensor30504_S" textname="test sensor 30504"/>
			<item id="30505" losttest="3" iotype="AI" name="Sensor30505_S" textname="test sensor 30505"/>
			<item id="30506" losttest="3" iotype="AI" name="Sensor30506_S" textname="test sensor 30506"/>
			<item id="30507" losttest="3" iotype="AI" name="Sensor30507_S" textname="test sensor 30507"/>
			<item id="30508" losttest="3" iotype="AI" name="Sensor30508_S" textname="test sensor 30508"/>
			<item id="30509" losttest="3" iotype="AI" name="Sensor30509_S" textname="test sensor 30509"/>
			<item id="30510" losttest="3" iotype="AI" name="Sensor30510_S" textname="test sensor 30510"/>
			<item id="30511" losttest="3" iotype="AI" name="Sensor30511_S" textname="test sensor 30511"/>
			<item id="30512" losttest="3" iotype="AI" name="Sensor30512_S" textname="test sensor 30512"/>
			<item id="30513" losttest="3" iotype="AI" name="Sensor30513_S" textname="test sensor 30513"/>
			<item id="30514" losttest="3" iotype="AI" name="Sensor30514_S" textname="test sensor 30514"/>
			<item id="30515" losttest="3" iotype="AI" name="Sensor30515_S" textname="test sensor 30515"/>
			<item id="30516" losttest="3" iotype="AI" name="Sensor30516_S" textname="test sensor 30516"/>
			<item id="30517" losttest="3" iotype="AI" name="Sensor30517_S" textname="test sensor 30517"/>
			<item id="30518" losttest="3" iotype="AI" name="Sensor30518_S" textname="test sensor 30518"/>
			<item id="30519" losttest="3" iotype="AI" name="Sensor30519_S" textname="test sensor 30519"/>
			<item id="30520" losttest="3" iotype="AI" name="Sensor30520_S" textname="test sensor 30520"/>
			<item id="30521" losttest="3" iotype="AI" name="Sensor30521_S" textname="test sensor 30521"/>
			<item id="30522" losttest="3" iotype="AI" name="Sensor30522_S" textname="test sensor 30522"/>
			<item id="30523" losttest="3" iotype="AI" name="Sensor30523_S" textname="test sensor 30523"/>
			<item id="30524" losttest="3" iotype="AI" name="Sensor30524_S" textname="test sensor 30524"/>
			<item id="30525" losttest="3" iotype="AI" name="Sensor30525_S" textname="test sensor 30525"/>
			<item id="30526" losttest="3" iotype="AI" name="Sensor30526_S" textname="test sensor 30526"/>
			<item id="30527" losttest="3" iotype="AI" name="Sensor30527_S" textname="test sensor 30527"/>
			<item id="30528" losttest="3" iotype="AI" name="Sensor30528_S" textname="test sensor 30528"/>
			<item id="30529" losttest="3" iotype="AI" name="Sensor30529_S" textname="test sensor 30529"/>
			<item id="30530" losttest="3" iotype="AI" name="Sensor30530_S" textname="test sensor 30530"/>
			<item id="30531" losttest="3" iotype="AI" name="Sensor30531_S" textname="test sensor 30531"/>
			<item id="30532" losttest="3" iotype="AI" name="Sensor30532_S" textname="test sensor 30532"/>
			<item id="30533" losttest="3" iotype="AI" name="Sensor30533_S" textname="test sensor 30533"/>
			<item id="30534" losttest="3" iotype="AI" name="Sensor30534_S" textname="test sensor 30534"/>
			<item id="30535" losttest="3" iotype="AI" name="Sensor30535_S" textname="test sensor 30535"/>
			<item id="30536" losttest="3" iotype="AI" name="Sensor30536_S" textname="test sensor 30536"/>
			<item id="30537" losttest="3" iotype="AI" name="Sensor30537_S" textname="test sensor 30537"/>
			<item id="30538" losttest="3" iotype="AI" name="Sensor30538_S" textname="test sensor 30538"/>
			<item id="30539" losttest="3" iotype="AI" name="Sensor30539_S" textname="test sensor 30539"/>
			<item id="30540" losttest="3" iotype="AI" name="Sensor30540_S" textname="test sensor 30540"/>
			<item id="30541" losttest="3" iotype="AI" name="Sensor30541_S" textname="test sensor 30541"/>
			<item id="30542" losttest="3" iotype="AI" name="Sensor30542_S" textname="test sensor 30542"/>
			<item id="30543" losttest="3" iotype="AI" name="Sensor30543_S" textname="test sensor 30543"/>
			<item id="30544" losttest="3" iotype="AI" name="Sensor30544_S" textname="test sensor 30544"/>
			<item id="30545" losttest="3" iotype="AI" name="Sensor30545_S" textname="test sensor 30545"/>
			<item id="30546" losttest="3" iotype="AI" name="Sensor30546_S" textname="test sensor 30546"/>
			<item id="30547" losttest="3" iotype="AI" name="Sensor30547_S" textname="test sensor 30547"/>
			<item id="30548" losttest="3" iotype="AI" name="Sensor30548_S" textname="test sensor 30548"/>
			<item id="30549" losttest="3" iotype="AI" name="Sensor30549_S" textname="test sensor 30549"/>
			<item id="30550" losttest="3" iotype="AI" name="Sensor30550_S" textname="test sensor 30550"/>
			<item id="30551" losttest="3" iotype="AI" name="Sensor30551_S" textname="test sensor 30551"/>
			<item id="30552" losttest="3" iotype="AI" name="Sensor30552_S" textname="test sensor 30552"/>
			<item id="30553" losttest="3" iotype="AI" name="Sensor30553_S" textname="test sensor 30553"/>
			<item id="30554" losttest="3" iotype="AI" name="Sensor30554_S" textname="test sensor 30554"/>
			<item id="30555" losttest="3" iotype="AI" name="Sensor30555_S" textname="test sensor 30555"/>
			<item id="30556" losttest="3" iotype="AI" name="Sensor30556_S" textname="test sensor 30556"/>
			<item id="30557" losttest="3" iotype="AI" name="Sensor30557_S" textname="test sensor 30557"/>
			<item id="30558" losttest="3" iotype="AI" name="Sensor30558_S" textname="test sensor 30558"/>
			<item id="30559" losttest="3" iotype="AI" name="Sensor30559_S" textname="test sensor 30559"/>
			<item id="30560" losttest="3" iotype="AI" name="Sensor30560_S" textname="test sensor 30560"/>
			<item id="30561" losttest="3" iotype="AI" name="Sensor30561_S" textname="test sensor 30561"/>
			<item id="30562" losttest="3" iotype="AI" name="Sensor30562_S" textname="test sensor 30562"/>
			<item id="30563" losttest="3" iotype="AI" name="Sensor30563_S" textname="test sensor 30563"/>
			<item id="30564" losttest="3" iotype="AI" name="Sensor30564_S" textname="test sensor 30564"/>
			<item id="30565" losttest="3" iotype="AI" name="Sensor30565_S" textname="test sensor 30565"/>
			<item id="30566" losttest="3" iotype="AI" name="Sensor30566_S" textname="test sensor 30566"/>
			<item id="30567" losttest="3" iotype="AI" name="Sensor30567_S" textname="test sensor 30567"/>
			<item id="30568" losttest="3" iotype="AI" name="Sensor30568_S" textname="test sensor 30568"/>
			<item id="30569" losttest="3" iotype="AI" name="Sensor30569_S" textname="test sensor 30569"/>
			<item id="30570" losttest="3" iotype="AI" name="Sensor30570_S" textname="test sensor 30570"/>
			<item id="30571" losttest="3" iotype="AI" name="Sensor30571_S" textname="test sensor 30571"/>
			<item id="30572" losttest="3" iotype="AI" name="Sensor30572_S" textname="test sensor 30572"/>
			<item id="30573" losttest="3" iotype="AI" name="Sensor30573_S" textname="test sensor 30573"/>
			<item id="30574" losttest="3" iotype="AI" name="Sensor30574_S" textname="test sensor 30574"/>
			<item id="30575" losttest="3" iotype="AI" name="Sensor30575_S" textname="test sensor 30575"/>
			<item id="30576" losttest="3" iotype="AI" name="Sensor30576_S" textname="test sensor 30576"/>
			<item id="30577" losttest="3" iotype="AI" name="Sensor30577_S" textname="test sensor 30577"/>
			<item id="30578" losttest="3" iotype="AI" name="Sensor30578_S" textname="test sensor 30578"/>
			<item id="30579" losttest="3" iotype="AI" name="Sensor30579_S" textname="test sensor 30579"/>
			<item id="30580" losttest="3" iotype="AI" name="Sensor30580_S" textname="test sensor 30580"/>
			<item id="30581" losttest="3" iotype="AI" name="Sensor30581_S" textname="test sensor 30581"/>
			<item id="30582" losttest="3" iotype="AI" name="Sensor30582_S" textname="test sensor 30582"/>
			<item id="30583" losttest="3" iotype="AI" name="Sensor30583_S" textname="test sensor 30583"/>
			<item id="30584" losttest="3" iotype="AI" name="Sensor30584_S" textname="test sensor 30584"/>
			<item id="30585" losttest="3" iotype="AI" name="Sensor30585_S" textname="test sensor 30585"/>
			<item id="30586" losttest="3" iotype="AI" name="Sensor30586_S" textname="test sensor 30586"/>
			<item id="30587" losttest="3" iotype="AI" name="Sensor30587_S" textname="test sensor 30587"/>
			<item id="30588" losttest="3" iotype="AI" name="Sensor30588_S" textname="test sensor 30588"/>
			<item id="30589" losttest="3" iotype="AI" name="Sensor30589_S" textname="test sensor 30589"/>
			<item id="30590" losttest="3" iotype="AI" name="Sensor30590_S" textname="test sensor 30590"/>
			<item id="30591" losttest="3" iotype="AI" name="Sensor30591_S" textname="test sensor 30591"/>
			<item id="30592" losttest="3" iotype="AI" name="Sensor30592_S" textname="test sensor 30592"/>
			<item id="30593" losttest="3" iotype="AI" name="Sensor30593_S" textname="test sensor 30593"/>
			<item id="30594" losttest="3" iotype="AI" name="Sensor30594_S" textname="test sensor 30594"/>
			<item id="30595" losttest="3" iotype="AI" name="Sensor30595_S" textname="test sensor 30595"/>
			<item id="30596" losttest="3" iotype="AI" name="Sensor30596_S" textname="test sensor 30596"/>
			<item id="30597" losttest="3" iotype="AI" name="Sensor30597_S" textname="test sensor 30597"/>
			<item id="30598" losttest="3" iotype="AI" name="Sensor30598_S" textname="test sensor 30598"/>
			<item id="30599" losttest="3" iotype="AI" name="Sensor30599_S" textname="test sensor 30599"/>
			<item id="30600" losttest="3" iotype="AI" name="Sensor30600_S" textname="test sensor 30600"/>
			<item id="30601" losttest="3" iotype="AI" name="Sensor30601_S" textname="test sensor 30601"/>
			<item id="30602" losttest="3" iotype="AI" name="Sensor30602_S" textname="test sensor 30602"/>
			<item id="30603" losttest="3" iotype="AI" name="Sensor30603_S" textname="test sensor 30603"/>
			<item id="30604" losttest="3" iotype="AI" name="Sensor30604_S" textname="test sensor 30604"/>
			<item id="30605" losttest="3" iotype="AI" name="Sensor30605_S" textname="test sensor 30605"/>
			<item id="30606" losttest="3" iotype="AI" name="Sensor30606_S" textname="test sensor 30606"/>
			<item id="30607" losttest="3" iotype="AI" name="Sensor30607_S" textname="test sensor 30607"/>
			<item id="30608" losttest="3" iotype="AI" name="Sensor30608_S" textname="test sensor 30608"/>
			<item id="30609" losttest="3" iotype="AI" name="Sensor30609_S" textname="test sensor 30609"/>
			<item id="30610" losttest="3" iotype="AI" name="Sensor30610_S" textname="test sensor 30610"/>
			<item id="30611" losttest="3" iotype="AI" name="Sensor30611_S" textname="test sensor 30611"/>
			<item id="30612" losttest="3" iotype="AI" name="Sensor30612_S" textname="test sensor 30612"/>
			<item id="30613" losttest="3" iotype="AI" name="Sensor30613_S" textname="test sensor 30613"/>
			<item id="30614" losttest="3" iotype="AI" name="Sensor30614_S" textname="test sensor 30614"/>
			<item id="30615" losttest="3" iotype="AI" name="Sensor30615_S" textname="test sensor 30615"/>
			<item id="30616" losttest="3" iotype="AI" name="Sensor30616_S" textname="test sensor 30616"/>
			<item id="30617" losttest="3" iotype="AI" name="Sensor30617_S" textname="test sensor 30617"/>
			<item id="30618" losttest="3" iotype="AI" name="Sensor30618_S" textname="test sensor 30618"/>
			<item id="30619" losttest="3" iotype="AI" name="Sensor30619_S" textname="test sensor 30619"/>
			<item id="30620" losttest="3" iotype="AI" name="Sensor30620_S" textname="test sensor 30620"/>
			<item id="30621" losttest="3" iotype="AI" name="Sensor30621_S" textname="test sensor 30621"/>
			<item id="30622" losttest="3" iotype="AI" name="Sensor30622_S" textname="test sensor 30622"/>
			<item id="30623" losttest="3" iotype="AI" name="Sensor30623_S" textname="test sensor 30623"/>
			<item id="30624" losttest="3" iotype="AI" name="Sensor30624_S" textname="test sensor 30624"/>
			<item id="30625" losttest="3" iotype="AI" name="Sensor30625_S" textname="test sensor 30625"/>
			<item id="30626" losttest="3" iotype="AI" name="Sensor30626_S" textname="test sensor 30626"/>
			<item id="30627" losttest="3" iotype="AI" name="Sensor30627_S" textname="test sensor 30627"/>
			<item id="30628" losttest="3" iotype="AI" name="Sensor30628_S" textname="test sensor 30628"/>
			<item id="30629" losttest="3" iotype="AI" name="Sensor30629_S" textname="test sensor 30629"/>
			<item id="30630" losttest="3" iotype="AI" name="Sensor30630_S" textname="test sensor 30630"/>
			<item id="30631" losttest="3" iotype="AI" name="Sensor30631_S" textname="test sensor 30631"/>
			<item id="30632" losttest="3" iotype="AI" name="Sensor30632_S" textname="test sensor 30632"/>
			<item id="30633" losttest="3" iotype="AI" name="Sensor30633_S" textname="test sensor 30633"/>
			<item id="30634" losttest="3" iotype="AI" name="Sensor30634_S" textname="test sensor 30634"/>
			<item id="30635" losttest="3" iotype="AI" name="Sensor30635_S" textname="test sensor 30635"/>
			<item id="30636" losttest="3" iotype="AI" name="Sensor30636_S" textname="test sensor 30636"/>
			<item id="30637" losttest="3" iotype="AI" name="Sensor30637_S" textname="test sensor 30637"/>
			<item id="30638" losttest="3" iotype="AI" name="Sensor30638_S" textname="test sensor 30638"/>
			<item id="30639" losttest="3" iotype="AI" name="Sensor30639_S" textname="test sensor 30639"/>
			<item id="30640" losttest="3" iotype="AI" name="Sensor30640_S" textname="test sensor 30640"/>
			<item id="30641" losttest="3" iotype="AI" name="Sensor30641_S" textname="test sensor 30641"/>
			<item id="30642" losttest="3" iotype="AI" name="Sensor30642_S" textname="test sensor 30642"/>
			<item id="30643" losttest="3" iotype="AI" name="Sensor30643_S" textname="test sensor 30643"/>
			<item id="30644" losttest="3" iotype="AI" name="Sensor30644_S" textname="test sensor 30644"/>
			<item id="30645" losttest="3" iotype="AI" name="Sensor30645_S" textname="test sensor 30645"/>
			<item id="30646" losttest="3" iotype="AI" name="Sensor30646_S" textname="test sensor 30646"/>
			<item id="30647" losttest="3" iotype="AI" name="Sensor30647_S" textname="test sensor 30647"/>
			<item id="30648" losttest="3" iotype="AI" name="Sensor30648_S" textname="test sensor 30648"/>
			<item id="30649" losttest="3" iotype="AI" name="Sensor30649_S" textname="test sensor 30649"/>
			<item id="30650" losttest="3" iotype="AI" name="Sensor30650_S" textname="test sensor 30650"/>
			<item id="30651" losttest="3" iotype="AI" name="Sensor30651_S" textname="test sensor 30651"/>
			<item id="30652" losttest="3" iotype="AI" name="Sensor30652_S" textname="test sensor 30652"/>
			<item id="30653" losttest="3" iotype="AI" name="Sensor30653_S" textname="test sensor 30653"/>
			<item id="30654" losttest="3" iotype="AI" name="Sensor30654_S" textname="test sensor 30654"/>
			<item id="30655" losttest="3" iotype="AI" name="Sensor30655_S" textname="test sensor 30655"/>
			<item id="30656" losttest="3" iotype="AI" name="Sensor30656_S" textname="test sensor 30656"/>
			<item id="30657" losttest="3" iotype="AI" name="Sensor30657_S" textname="test sensor 30657"/>
			<item id="30658" losttest="3" iotype="AI" name="Sensor30658_S" textname="test sensor 30658"/>
			<item id="30659" losttest="3" iotype="AI" name="Sensor30659_S" textname="test sensor 30659"/>
			<item id="30660" losttest="3" iotype="AI" name="Sensor30660_S" textname="test sensor 30660"/>
			<item id="30661" losttest="3" iotype="AI" name="Sensor30661_S" textname="test sensor 30661"/>
			<item id="30662" losttest="3" iotype="AI" name="Sensor30662_S" textname="test sensor 30662"/>
			<item id="30663" losttest="3" iotype="AI" name="Sensor30663_S" textname="test sensor 30663"/>
			<item id="30664" losttest="3" iotype="AI" name="Sensor30664_S" textname="test sensor 30664"/>
			<item id="30665" losttest="3" iotype="AI" name="Sensor30665_S" textname="test sensor 30665"/>
			<item id="30666" losttest="3" iotype="AI" name="Sensor30666_S" textname="test sensor 30666"/>
			<item id="30667" losttest="3" iotype="AI" name="Sensor30667_S" textname="test sensor 30667"/>
			<item id="30668" losttest="3" iotype="AI" name="Sensor30668_S" textname="test sensor 30668"/>
			<item id="30669" losttest="3" iotype="AI" name="Sensor30669_S" textname="test sensor 30669"/>
			<item id="30670" losttest="3" iotype="AI" name="Sensor30670_S" textname="test sensor 30670"/>
			<item id="30671" losttest="3" iotype="AI" name="Sensor30671_S" textname="test sensor 30671"/>
			<item id="30672" losttest="3" iotype="AI" name="Sensor30672_S" textname="test sensor 30672"/>
			<item id="30673" losttest="3" iotype="AI" name="Sensor30673_S" textname="test sensor 30673"/>
			<item id="30674" losttest="3" iotype="AI" name="Sensor30674_S" textname="test sensor 30674"/>
			<item id="30675" losttest="3" iotype="AI" name="Sensor30675_S" textname="test sensor 30675"/>
			<item id="30676" losttest="3" iotype="AI" name="Sensor30676_S" textname="test sensor 30676"/>
			<item id="30677" losttest="3" iotype="AI" name="Sensor30677_S" textname="test sensor 30677"/>
			<item id="30678" losttest="3" iotype="AI" name="Sensor30678_S" textname="test sensor 30678"/>
			<item id="30679" losttest="3" iotype="AI" name="Sensor30679_S" textname="test sensor 30679"/>
			<item id="30680" losttest="3" iotype="AI" name="Sensor30680_S" textname="test sensor 30680"/>
			<item id="30681" losttest="3" iotype="AI" name="Sensor30681_S" textname="test sensor 30681"/>
			<item id="30682" losttest="3" iotype="AI" name="Sensor30682_S" textname="test sensor 30682"/>
			<item id="30683" losttest="3" iotype="AI" name="Sensor30683_S" textname="test sensor 30683"/>
			<item id="30684" losttest="3" iotype="AI" name="Sensor30684_S" textname="test sensor 30684"/>
			<item id="30685" losttest="3" iotype="AI" name="Sensor30685_S" textname="test sensor 30685"/>
			<item id="30686" losttest="3" iotype="AI" name="Sensor30686_S" textname="test sensor 30686"/>
			<item id="30687" losttest="3" iotype="AI" name="Sensor30687_S" textname="test sensor 30687"/>
			<item id="30688" losttest="3" iotype="AI" name="Sensor30688_S" textname="test sensor 30688"/>
			<item id="30689" losttest="3" iotype="AI" name="Sensor30689_S" textname="test sensor 30689"/>
			<item id="30690" losttest="3" iotype="AI" name="Sensor30690_S" textname="test sensor 30690"/>
			<item id="30691" losttest="3" iotype="AI" name="Sensor30691_S" textname="test sensor 30691"/>
			<item id="30692" losttest="3" iotype="AI" name="Sensor30692_S" textname="test sensor 30692"/>
			<item id="30693" losttest="3" iotype="AI" name="Sensor30693_S" textname="test sensor 30693"/>
			<item id="30694" losttest="3" iotype="AI" name="Sensor30694_S" textname="test sensor 30694"/>
			<item id="30695" losttest="3" iotype="AI" name="Sensor30695_S" textname="test sensor 30695"/>
			<item id="30696" losttest="3" iotype="AI" name="Sensor30696_S" textname="test sensor 30696"/>
			<item id="30697" losttest="3" iotype="AI" name="Sensor30697_S" textname="test sensor 30697"/>
			<item id="30698" losttest="3" iotype="AI" name="Sensor30698_S" textname="test sensor 30698"/>
			<item id="30699" losttest="3" iotype="AI" name="Sensor30699_S" textname="test sensor 30699"/>
			<item id="30700" losttest="3" iotype="AI" name="Sensor30700_S" textname="test sensor 30700"/>
			<item id="30701" losttest="3" iotype="AI" name="Sensor30701_S" textname="test sensor 30701"/>
			<item id="30702" losttest="3" iotype="AI" name="Sensor30702_S" textname="test sensor 30702"/>
			<item id="30703" losttest="3" iotype="AI" name="Sensor30703_S" textname="test sensor 30703"/>
			<item id="30704" losttest="3" iotype="AI" name="Sensor30704_S" textname="test sensor 30704"/>
			<item id="30705" losttest="3" iotype="AI" name="Sensor30705_S" textname="test sensor 30705"/>
			<item id="30706" losttest="3" iotype="AI" name="Sensor30706_S" textname="test sensor 30706"/>
			<item id="30707" losttest="3" iotype="AI" name="Sensor30707_S" textname="test sensor 30707"/>
			<item id="30708" losttest="3" iotype="AI" name="Sensor30708_S" textname="test sensor 30708"/>
			<item id="30709" losttest="3" iotype="AI" name="Sensor30709_S" textname="test sensor 30709"/>
			<item id="30710" losttest="3" iotype="AI" name="Sensor30710_S" textname="test sensor 30710"/>
			<item id="30711" losttest="3" iotype="AI" name="Sensor30711_S" textname="test sensor 30711"/>
			<item id="30712" losttest="3" iotype="AI" name="Sensor30712_S" textname="test sensor 30712"/>
			<item id="30713" losttest="3" iotype="AI" name="Sensor30713_S" textname="test sensor 30713"/>
			<item id="30714" losttest="3" iotype="AI" name="Sensor30714_S" textname="test sensor 30714"/>
			<item id="30715" losttest="3" iotype="AI" name="Sensor30715_S" textname="test sensor 30715"/>
			<item id="30716" losttest="3" iotype="AI" name="Sensor30716_S" textname="test sensor 30716"/>
			<item id="30717" losttest="3" iotype="AI" name="Sensor30717_S" textname="test sensor 30717"/>
			<item id="30718" losttest="3" iotype="AI" name="Sensor30718_S" textname="test sensor 30718"/>
			<item id="30719" losttest="3" iotype="AI" name="Sensor30719_S" textname="test sensor 30719"/>
			<item id="30720" losttest="3" iotype="AI" name="Sensor30720_S" textname="test sensor 30720"/>
			<item id="30721" losttest="3" iotype="AI" name="Sensor30721_S" textname="test sensor 30721"/>
			<item id="30722" losttest="3" iotype="AI" name="Sensor30722_S" textname="test sensor 30722"/>
			<item id="30723" losttest="3" iotype="AI" name="Sensor30723_S" textname="test sensor 30723"/>
			<item id="30724" losttest="3" iotype="AI" name="Sensor30724_S" textname="test sensor 30724"/>
			<item id="30725" losttest="3" iotype="AI" name="Sensor30725_S" textname="test sensor 30725"/>
			<item id="30726" losttest="3" iotype="AI" name="Sensor30726_S" textname="test sensor 30726"/>
			<item id="30727" losttest="3" iotype="AI" name="Sensor30727_S" textname="test sensor 30727"/>
			<item id="30728" losttest="3" iotype="AI" name="Sensor30728_S" textname="test sensor 30728"/>
			<item id="30729" losttest="3" iotype="AI" name="Sensor30729_S" textname="test sensor 30729"/>
			<item id="30730" losttest="3" iotype="AI" name="Sensor30730_S" textname="test sensor 30730"/>
			<item id="30731" losttest="3" iotype="AI" name="Sensor30731_S" textname="test sensor 30731"/>
			<item id="30732" losttest="3" iotype="AI" name="Sensor30732_S" textname="test sensor 30732"/>
			<item id="30733" losttest="3" iotype="AI" name="Sensor30733_S" textname="test sensor 30733"/>
			<item id="30734" losttest="3" iotype="AI" name="Sensor30734_S" textname="test sensor 30734"/>
			<item id="30735" losttest="3" iotype="AI" name="Sensor30735_S" textname="test sensor 30735"/>
			<item id="30736" losttest="3" iotype="AI" name="Sensor30736_S" textname="test sensor 30736"/>
			<item id="30737" losttest="3" iotype="AI" name="Sensor30737_S" textname="test sensor 30737"/>
			<item id="30738" losttest="3" iotype="AI" name="Sensor30738_S" textname="test sensor 30738"/>
			<item id="30739" losttest="3" iotype="AI" name="Sensor30739_S" textname="test sensor 30739"/>
			<item id="30740" losttest="3" iotype="AI" name="Sensor30740_S" textname="test sensor 30740"/>
			<item id="30741" losttest="3" iotype="AI" name="Sensor30741_S" textname="test sensor 30741"/>
			<item id="30742" losttest="3" iotype="AI" name="Sensor30742_S" textname="test sensor 30742"/>
			<item id="30743" losttest="3" iotype="AI" name="Sensor30743_S" textname="test sensor 30743"/>
			<item id="30744" losttest="3" iotype="AI" name="Sensor30744_S" textname="test sensor 30744"/>
			<item id="30745" losttest="3" iotype="AI" name="Sensor30745_S" textname="test sensor 30745"/>
			<item id="30746" losttest="3" iotype="AI" name="Sensor30746_S" textname="test sensor 30746"/>
			<item id="30747" losttest="3" iotype="AI" name="Sensor30747_S" textname="test sensor 30747"/>
			<item id="30748" losttest="3" iotype="AI" name="Sensor30748_S" textname="test sensor 30748"/>
			<item id="30749" losttest="3" iotype="AI" name="Sensor30749_S" textname="test sensor 30749"/>
			<item id="30750" losttest="3" iotype="AI" name="Sensor30750_S" textname="test sensor 30750"/>
			<item id="30751" losttest="3" iotype="AI" name="Sensor30751_S" textname="test sensor 30751"/>
			<item id="30752" losttest="3" iotype="AI" name="Sensor30752_S" textname="test sensor 30752"/>
			<item id="30753" losttest="3" iotype="AI" name="Sensor30753_S" textname="test sensor 30753"/>
			<item id="30754" losttest="3" iotype="AI" name="Sensor30754_S" textname="test sensor 30754"/>
			<item id="30755" losttest="3" iotype="AI" name="Sensor30755_S" textname="test sensor 30755"/>
			<item id="30756" losttest="3" iotype="AI" name="Sensor30756_S" textname="test sensor 30756"/>
			<item id="30757" losttest="3" iotype="AI" name="Sensor30757_S" textname="test sensor 30757"/>
			<item id="30758" losttest="3" iotype="AI" name="Sensor30758_S" textname="test sensor 30758"/>
			<item id="30759" losttest="3" iotype="AI" name="Sensor30759_S" textname="test sensor 30759"/>
			<item id="30760" losttest="3" iotype="AI" name="Sensor30760_S" textname="test sensor 30760"/>
			<item id="30761" losttest="3" iotype="AI" name="Sensor30761_S" textname="test sensor 30761"/>
			<item id="30762" losttest="3" iotype="AI" name="Sensor30762_S" textname="test sensor 30762"/>
			<item id="30763" losttest="3" iotype="AI" name="Sensor30763_S" textname="test sensor 30763"/>
			<item id="30764" losttest="3" iotype="AI" name="Sensor30764_S" textname="test sensor 30764"/>
			<item id="30765" losttest="3" iotype="AI" name="Sensor30765_S" textname="test sensor 30765"/>
			<item id="30766" losttest="3" iotype="AI" name="Sensor30766_S" textname="test sensor 30766"/>
			<item id="30767" losttest="3" iotype="AI" name="Sensor30767_S" textname="test sensor 30767"/>
			<item id="30768" losttest="3" iotype="AI" name="Sensor30768_S" textname="test sensor 30768"/>
			<item id="30769" losttest="3" iotype="AI" name="Sensor30769_S" textname="test sensor 30769"/>
			<item id="30770" losttest="3" iotype="AI" name="Sensor30770_S" textname="test sensor 30770"/>
			<item id="30771" losttest="3" iotype="AI" name="Sensor30771_S" textname="test sensor 30771"/>
			<item id="30772" losttest="3" iotype="AI" name="Sensor30772_S" textname="test sensor 30772"/>
			<item id="30773" losttest="3" iotype="AI" name="Sensor30773_S" textname="test sensor 30773"/>
			<item id="30774" losttest="3" iotype="AI" name="Sensor30774_S" textname="test sensor 30774"/>
			<item id="30775" losttest="3" iotype="AI" name="Sensor30775_S" textname="test sensor 30775"/>
			<item id="30776" losttest="3" iotype="AI" name="Sensor30776_S" textname="test sensor 30776"/>
			<item id="30777" losttest="3" iotype="AI" name="Sensor30777_S" textname="test sensor 30777"/>
			<item id="30778" losttest="3" iotype="AI" name="Sensor30778_S" textname="test sensor 30778"/>
			<item id="30779" losttest="3" iotype="AI" name="Sensor30779_S" textname="test sensor 30779"/>
			<item id="30780" losttest="3" iotype="AI" name="Sensor30780_S" textname="test sensor 30780"/>
			<item id="30781" losttest="3" iotype="AI" name="Sensor30781_S" textname="test sensor 30781"/>
			<item id="30782" losttest="3" iotype="AI" name="Sensor30782_S" textname="test sensor 30782"/>
			<item id="30783" losttest="3" iotype="AI" name="Sensor30783_S" textname="test sensor 30783"/>
			<item id="30784" losttest="3" iotype="AI" name="Sensor30784_S" textname="test sensor 30784"/>
			<item id="30785" losttest="3" iotype="AI" name="Sensor30785_S" textname="test sensor 30785"/>
			<item id="30786" losttest="3" iotype="AI" name="Sensor30786_S" textname="test sensor 30786"/>
			<item id="30787" losttest="3" iotype="AI" name="Sensor30787_S" textname="test sensor 30787"/>
			<item id="30788" losttest="3" iotype="AI" name="Sensor30788_S" textname="test sensor 30788"/>
			<item id="30789" losttest="3" iotype="AI" name="Sensor30789_S" textname="test sensor 30789"/>
			<item id="30790" losttest="3" iotype="AI" name="Sensor30790_S" textname="test sensor 30790"/>
			<item id="30791" losttest="3" iotype="AI" name="Sensor30791_S" textname="test sensor 30791"/>
			<item id="30792" losttest="3" iotype="AI" name="Sensor30792_S" textname="test sensor 30792"/>
			<item id="30793" losttest="3" iotype="AI" name="Sensor30793_S" textname="test sensor 30793"/>
			<item id="30794" losttest="3" iotype="AI" name="Sensor30794_S" textname="test sensor 30794"/>
			<item id="30795" losttest="3" iotype="AI" name="Sensor30795_S" textname="test sensor 30795"/>
			<item id="30796" losttest="3" iotype="AI" name="Sensor30796_S" textname="test sensor 30796"/>
			<item id="30797" losttest="3" iotype="AI" name="Sensor30797_S" textname="test sensor 30797"/>
			<item id="30798" losttest="3" iotype="AI" name="Sensor30798_S" textname="test sensor 30798"/>
			<item id="30799" losttest="3" iotype="AI" name="Sensor30799_S" textname="test sensor 30799"/>
			<item id="30800" losttest="3" iotype="AI" name="Sensor30800_S" textname="test sensor 30800"/>
			<item id="30801" losttest="3" iotype="AI" name="Sensor30801_S" textname="test sensor 30801"/>
			<item id="30802" losttest="3" iotype="AI" name="Sensor30802_S" textname="test sensor 30802"/>
			<item id="30803" losttest="3" iotype="AI" name="Sensor30803_S" textname="test sensor 30803"/>
			<item id="30804" losttest="3" iotype="AI" name="Sensor30804_S" textname="test sensor 30804"/>
			<item id="30805" losttest="3" iotype="AI" name="Sensor30805_S" textname="test sensor 30805"/>
			<item id="30806" losttest="3" iotype="AI" name="Sensor30806_S" textname="test sensor 30806"/>
			<item id="30807" losttest="3" iotype="AI" name="Sensor30807_S" textname="test sensor 30807"/>
			<item id="30808" losttest="3" iotype="AI" name="Sensor30808_S" textname="test sensor 30808"/>
			<item id="30809" losttest="3" iotype="AI" name="Sensor30809_S" textname="test sensor 30809"/>
			<item id="30810" losttest="3" iotype="AI" name="Sensor30810_S" textname="test sensor 30810"/>
			<item id="30811" losttest="3" iotype="AI" name="Sensor30811_S" textname="test sensor 30811"/>
			<item id="30812" losttest="3" iotype="AI" name="Sensor30812_S" textname="test sensor 30812"/>
			<item id="30813" losttest="3" iotype="AI" name="Sensor30813_S" textname="test sensor 30813"/>
			<item id="30814" losttest="3" iotype="AI" name="Sensor30814_S" textname="test sensor 30814"/>
			<item id="30815" losttest="3" iotype="AI" name="Sensor30815_S" textname="test sensor 30815"/>
			<item id="30816" losttest="3" iotype="AI" name="Sensor30816_S" textname="test sensor 30816"/>
			<item id="30817" losttest="3" iotype="AI" name="Sensor30817_S" textname="test sensor 30817"/>
			<item id="30818" losttest="3" iotype="AI" name="Sensor30818_S" textname="test sensor 30818"/>
			<item id="30819" losttest="3" iotype="AI" name="Sensor30819_S" textname="test sensor 30819"/>
			<item id="30820" losttest="3" iotype="AI" name="Sensor30820_S" textname="test sensor 30820"/>
			<item id="30821" losttest="3" iotype="AI" name="Sensor30821_S" textname="test sensor 30821"/>
			<item id="30822" losttest="3" iotype="AI" name="Sensor30822_S" textname="test sensor 30822"/>
			<item id="30823" losttest="3" iotype="AI" name="Sensor30823_S" textname="test sensor 30823"/>
			<item id="30824" losttest="3" iotype="AI" name="Sensor30824_S" textname="test sensor 30824"/>
			<item id="30825" losttest="3" iotype="AI" name="Sensor30825_S" textname="test sensor 30825"/>
			<item id="30826" losttest="3" iotype="AI" name="Sensor30826_S" textname="test sensor 30826"/>
			<item id="30827" losttest="3" iotype="AI" name="Sensor30827_S" textname="test sensor 30827"/>
			<item id="30828" losttest="3" iotype="AI" name="Sensor30828_S" textname="test sensor 30828"/>
			<item id="30829" losttest="3" iotype="AI" name="Sensor30829_S" textname="test sensor 30829"/>
			<item id="30830" losttest="3" iotype="AI" name="Sensor30830_S" textname="test sensor 30830"/>
			<item id="30831" losttest="3" iotype="AI" name="Sensor30831_S" textname="test sensor 30831"/>
			<item id="30832" losttest="3" iotype="AI" name="Sensor30832_S" textname="test sensor 30832"/>
			<item id="30833" losttest="3" iotype="AI" name="Sensor30833_S" textname="test sensor 30833"/>
			<item id="30834" losttest="3" iotype="AI" name="Sensor30834_S" textname="test sensor 30834"/>
			<item id="30835" losttest="3" iotype="AI" name="Sensor30835_S" textname="test sensor 30835"/>
			<item id="30836" losttest="3" iotype="AI" name="Sensor30836_S" textname="test sensor 30836"/>
			<item id="30837" losttest="3" iotype="AI" name="Sensor30837_S" textname="test sensor 30837"/>
			<item id="30838" losttest="3" iotype="AI" name="Sensor30838_S" textname="test sensor 30838"/>
			<item id="30839" losttest="3" iotype="AI" name="Sensor30839_S" textname="test sensor 30839"/>
			<item id="30840" losttest="3" iotype="AI" name="Sensor30840_S" textname="test sensor 30840"/>
			<item id="30841" losttest="3" iotype="AI" name="Sensor30841_S" textname="test sensor 30841"/>
			<item id="30842" losttest="3" iotype="AI" name="Sensor30842_S" textname="test sensor 30842"/>
			<item id="30843" losttest="3" iotype="AI" name="Sensor30843_S" textname="test sensor 30843"/>
			<item id="30844" losttest="3" iotype="AI" name="Sensor30844_S" textname="test sensor 30844"/>
			<item id="30845" losttest="3" iotype="AI" name="Sensor30845_S" textname="test sensor 30845"/>
			<item id="30846" losttest="3" iotype="AI" name="Sensor30846_S" textname="test sensor 30846"/>
			<item id="30847" losttest="3" iotype="AI" name="Sensor30847_S" textname="test sensor 30847"/>
			<item id="30848" losttest="3" iotype="AI" name="Sensor30848_S" textname="test sensor 30848"/>
			<item id="30849" losttest="3" iotype="AI" name="Sensor30849_S" textname="test sensor 30849"/>
			<item id="30850" losttest="3" iotype="AI" name="Sensor30850_S" textname="test sensor 30850"/>
			<item id="30851" losttest="3" iotype="AI" name="Sensor30851_S" textname="test sensor 30851"/>
			<item id="30852" losttest="3" iotype="AI" name="Sensor30852_S" textname="test sensor 30852"/>
			<item id="30853" losttest="3" iotype="AI" name="Sensor30853_S" textname="test sensor 30853"/>
			<item id="30854" losttest="3" iotype="AI" name="Sensor30854_S" textname="test sensor 30854"/>
			<item id="30855" losttest="3" iotype="AI" name="Sensor30855_S" textname="test sensor 30855"/>
			<item id="30856" losttest="3" iotype="AI" name="Sensor30856_S" textname="test sensor 30856"/>
			<item id="30857" losttest="3" iotype="AI" name="Sensor30857_S" textname="test sensor 30857"/>
			<item id="30858" losttest="3" iotype="AI" name="Sensor30858_S" textname="test sensor 30858"/>
			<item id="30859" losttest="3" iotype="AI" name="Sensor30859_S" textname="test sensor 30859"/>
			<item id="30860" losttest="3" iotype="AI" name="Sensor30860_S" textname="test sensor 30860"/>
			<item id="30861" losttest="3" iotype="AI" name="Sensor30861_S" textname="test sensor 30861"/>
			<item id="30862" losttest="3" iotype="AI" name="Sensor30862_S" textname="test sensor 30862"/>
			<item id="30863" losttest="3" iotype="AI" name="Sensor30863_S" textname="test sensor 30863"/>
			<item id="30864" losttest="3" iotype="AI" name="Sensor30864_S" textname="test sensor 30864"/>
			<item id="30865" losttest="3" iotype="AI" name="Sensor30865_S" textname="test sensor 30865"/>
			<item id="30866" losttest="3" iotype="AI" name="Sensor30866_S" textname="test sensor 30866"/>
			<item id="30867" losttest="3" iotype="AI" name="Sensor30867_S" textname="test sensor 30867"/>
			<item id="30868" losttest="3" iotype="AI" name="Sensor30868_S" textname="test sensor 30868"/>
			<item id="30869" losttest="3" iotype="AI" name="Sensor30869_S" textname="test sensor 30869"/>
			<item id="30870" losttest="3" iotype="AI" name="Sensor30870_S" textname="test sensor 30870"/>
			<item id="30871" losttest="3" iotype="AI" name="Sensor30871_S" textname="test sensor 30871"/>
			<item id="30872" losttest="3" iotype="AI" name="Sensor30872_S" textname="test sensor 30872"/>
			<item id="30873" losttest="3" iotype="AI" name="Sensor30873_S" textname="test sensor 30873"/>
			<item id="30874" losttest="3" iotype="AI" name="Sensor30874_S" textname="test sensor 30874"/>
			<item id="30875" losttest="3" iotype="AI" name="Sensor30875_S" textname="test sensor 30875"/>
			<item id="30876" losttest="3" iotype="AI" name="Sensor30876_S" textname="test sensor 30876"/>
			<item id="30877" losttest="3" iotype="AI" name="Sensor30877_S" textname="test sensor 30877"/>
			<item id="30878" losttest="3" iotype="AI" name="Sensor30878_S" textname="test sensor 30878"/>
			<item id="30879" losttest="3" iotype="AI" name="Sensor30879_S" textname="test sensor 30879"/>
			<item id="30880" losttest="3" iotype="AI" name="Sensor30880_S" textname="test sensor 30880"/>
			<item id="30881" losttest="3" iotype="AI" name="Sensor30881_S" textname="test sensor 30881"/>
			<item id="30882" losttest="3" iotype="AI" name="Sensor30882_S" textname="test sensor 30882"/>
			<item id="30883" losttest="3" iotype="AI" name="Sensor30883_S" textname="test sensor 30883"/>
			<item id="30884" losttest="3" iotype="AI" name="Sensor30884_S" textname="test sensor 30884"/>
			<item id="30885" losttest="3" iotype="AI" name="Sensor30885_S" textname="test sensor 30885"/>
			<item id="30886" losttest="3" iotype="AI" name="Sensor30886_S" textname="test sensor 30886"/>
			<item id="30887" losttest="3" iotype="AI" name="Sensor30887_S" textname="test sensor 30887"/>
			<item id="30888" losttest="3" iotype="AI" name="Sensor30888_S" textname="test sensor 30888"/>
			<item id="30889" losttest="3" iotype="AI" name="Sensor30889_S" textname="test sensor 30889"/>
			<item id="30890" losttest="3" iotype="AI" name="Sensor30890_S" textname="test sensor 30890"/>
			<item id="30891" losttest="3" iotype="AI" name="Sensor30891_S" textname="test sensor 30891"/>
			<item id="30892" losttest="3" iotype="AI" name="Sensor30892_S" textname="test sensor 30892"/>
			<item id="30893" losttest="3" iotype="AI" name="Sensor30893_S" textname="test sensor 30893"/>
			<item id="30894" losttest="3" iotype="AI" name="Sensor30894_S" textname="test sensor 30894"/>
			<item id="30895" losttest="3" iotype="AI" name="Sensor30895_S" textname="test sensor 30895"/>
			<item id="30896" losttest="3" iotype="AI" name="Sensor30896_S" textname="test sensor 30896"/>
			<item id="30897" losttest="3" iotype="AI" name="Sensor30897_S" textname="test sensor 30897"/>
			<item id="30898" losttest="3" iotype="AI" name="Sensor30898_S" textname="test sensor 30898"/>
			<item id="30899" losttest="3" iotype="AI" name="Sensor30899_S" textname="test sensor 30899"/>
			<item id="30900" losttest="3" iotype="AI" name="Sensor30900_S" textname="test sensor 30900"/>
			<item id="30901" losttest="3" iotype="AI" name="Sensor30901_S" textname="test sensor 30901"/>
			<item id="30902" losttest="3" iotype="AI" name="Sensor30902_S" textname="test sensor 30902"/>
			<item id="30903" losttest="3" iotype="AI" name="Sensor30903_S" textname="test sensor 30903"/>
			<item id="30904" losttest="3" iotype="AI" name="Sensor30904_S" textname="test sensor 30904"/>
			<item id="30905" losttest="3" iotype="AI" name="Sensor30905_S" textname="test sensor 30905"/>
			<item id="30906" losttest="3" iotype="AI" name="Sensor30906_S" textname="test sensor 30906"/>
			<item id="30907" losttest="3" iotype="AI" name="Sensor30907_S" textname="test sensor 30907"/>
			<item id="30908" losttest="3" iotype="AI" name="Sensor30908_S" textname="test sensor 30908"/>
			<item id="30909" losttest="3" iotype="AI" name="Sensor30909_S" textname="test sensor 30909"/>
			<item id="30910" losttest="3" iotype="AI" name="Sensor30910_S" textname="test sensor 30910"/>
			<item id="30911" losttest="3" iotype="AI" name="Sensor30911_S" textname="test sensor 30911"/>
			<item id="30912" losttest="3" iotype="AI" name="Sensor30912_S" textname="test sensor 30912"/>
			<item id="30913" losttest="3" iotype="AI" name="Sensor30913_S" textname="test sensor 30913"/>
			<item id="30914" losttest="3" iotype="AI" name="Sensor30914_S" textname="test sensor 30914"/>
			<item id="30915" losttest="3" iotype="AI" name="Sensor30915_S" textname="test sensor 30915"/>
			<item id="30916" losttest="3" iotype="AI" name="Sensor30916_S" textname="test sensor 30916"/>
			<item id="30917" losttest="3" iotype="AI" name="Sensor30917_S" textname="test sensor 30917"/>
			<item id="30918" losttest="3" iotype="AI" name="Sensor30918_S" textname="test sensor 30918"/>
			<item id="30919" losttest="3" iotype="AI" name="Sensor30919_S" textname="test sensor 30919"/>
			<item id="30920" losttest="3" iotype="AI" name="Sensor30920_S" textname="test sensor 30920"/>
			<item id="30921" losttest="3" iotype="AI" name="Sensor30921_S" textname="test sensor 30921"/>
			<item id="30922" losttest="3" iotype="AI" name="Sensor30922_S" textname="test sensor 30922"/>
			<item id="30923" losttest="3" iotype="AI" name="Sensor30923_S" textname="test sensor 30923"/>
			<item id="30924" losttest="3" iotype="AI" name="Sensor30924_S" textname="test sensor 30924"/>
			<item id="30925" losttest="3" iotype="AI" name="Sensor30925_S" textname="test sensor 30925"/>
			<item id="30926" losttest="3" iotype="AI" name="Sensor30926_S" textname="test sensor 30926"/>
			<item id="30927" losttest="3" iotype="AI" name="Sensor30927_S" textname="test sensor 30927"/>
			<item id="30928" losttest="3" iotype="AI" name="Sensor30928_S" textname="test sensor 30928"/>
			<item id="30929" losttest="3" iotype="AI" name="Sensor30929_S" textname="test sensor 30929"/>
			<item id="30930" losttest="3" iotype="AI" name="Sensor30930_S" textname="test sensor 30930"/>
			<item id="30931" losttest="3" iotype="AI" name="Sensor30931_S" textname="test sensor 30931"/>
			<item id="30932" losttest="3" iotype="AI" name="Sensor30932_S" textname="test sensor 30932"/>
			<item id="30933" losttest="3" iotype="AI" name="Sensor30933_S" textname="test sensor 30933"/>
			<item id="30934" losttest="3" iotype="AI" name="Sensor30934_S" textname="test sensor 30934"/>
			<item id="30935" losttest="3" iotype="AI" name="Sensor30935_S" textname="test sensor 30935"/>
			<item id="30936" losttest="3" iotype="AI" name="Sensor30936_S" textname="test sensor 30936"/>
			<item id="30937" losttest="3" iotype="AI" name="Sensor30937_S" textname="test sensor 30937"/>
			<item id="30938" losttest="3" iotype="AI" name="Sensor30938_S" textname="test sensor 30938"/>
			<item id="30939" losttest="3" iotype="AI" name="Sensor30939_S" textname="test sensor 30939"/>
			<item id="30940" losttest="3" iotype="AI" name="Sensor30940_S" textname="test sensor 30940"/>
			<item id="30941" losttest="3" iotype="AI" name="Sensor30941_S" textname="test sensor 30941"/>
			<item id="30942" losttest="3" iotype="AI" name="Sensor30942_S" textname="test sensor 30942"/>
			<item id="30943" losttest="3" iotype="AI" name="Sensor30943_S" textname="test sensor 30943"/>
			<item id="30944" losttest="3" iotype="AI" name="Sensor30944_S" textname="test sensor 30944"/>
			<item id="30945" losttest="3" iotype="AI" name="Sensor30945_S" textname="test sensor 30945"/>
			<item id="30946" losttest="3" iotype="AI" name="Sensor30946_S" textname="test sensor 30946"/>
			<item id="30947" losttest="3" iotype="AI" name="Sensor30947_S" textname="test sensor 30947"/>
			<item id="30948" losttest="3" iotype="AI" name="Sensor30948_S" textname="test sensor 30948"/>
			<item id="30949" losttest="3" iotype="AI" name="Sensor30949_S" textname="test sensor 30949"/>
			<item id="30950" losttest="3" iotype="AI" name="Sensor30950_S" textname="test sensor 30950"/>
			<item id="30951" losttest="3" iotype="AI" name="Sensor30951_S" textname="test sensor 30951"/>
			<item id="30952" losttest="3" iotype="AI" name="Sensor30952_S" textname="test sensor 30952"/>
			<item id="30953" losttest="3" iotype="AI" name="Sensor30953_S" textname="test sensor 30953"/>
			<item id="30954" losttest="3" iotype="AI" name="Sensor30954_S" textname="test sensor 30954"/>
			<item id="30955" losttest="3" iotype="AI" name="Sensor30955_S" textname="test sensor 30955"/>
			<item id="30956" losttest="3" iotype="AI" name="Sensor30956_S" textname="test sensor 30956"/>
			<item id="30957" losttest="3" iotype="AI" name="Sensor30957_S" textname="test sensor 30957"/>
			<item id="30958" losttest="3" iotype="AI" name="Sensor30958_S" textname="test sensor 30958"/>
			<item id="30959" losttest="3" iotype="AI" name="Sensor30959_S" textname="test sensor 30959"/>
			<item id="30960" losttest="3" iotype="AI" name="Sensor30960_S" textname="test sensor 30960"/>
			<item id="30961" losttest="3" iotype="AI" name="Sensor30961_S" textname="test sensor 30961"/>
			<item id="30962" losttest="3" iotype="AI" name="Sensor30962_S" textname="test sensor 30962"/>
			<item id="30963" losttest="3" iotype="AI" name="Sensor30963_S" textname="test sensor 30963"/>
			<item id="30964" losttest="3" iotype="AI" name="Sensor30964_S" textname="test sensor 30964"/>
			<item id="30965" losttest="3" iotype="AI" name="Sensor30965_S" textname="test sensor 30965"/>
			<item id="30966" losttest="3" iotype="AI" name="Sensor30966_S" textname="test sensor 30966"/>
			<item id="30967" losttest="3" iotype="AI" name="Sensor30967_S" textname="test sensor 30967"/>
			<item id="30968" losttest="3" iotype="AI" name="Sensor30968_S" textname="test sensor 30968"/>
			<item id="30969" losttest="3" iotype="AI" name="Sensor30969_S" textname="test sensor 30969"/>
			<item id="30970" losttest="3" iotype="AI" name="Sensor30970_S" textname="test sensor 30970"/>
			<item id="30971" losttest="3" iotype="AI" name="Sensor30971_S" textname="test sensor 30971"/>
			<item id="30972" losttest="3" iotype="AI" name="Sensor30972_S" textname="test sensor 30972"/>
			<item id="30973" losttest="3" iotype="AI" name="Sensor30973_S" textname="test sensor 30973"/>
			<item id="30974" losttest="3" iotype="AI" name="Sensor30974_S" textname="test sensor 30974"/>
			<item id="30975" losttest="3" iotype="AI" name="Sensor30975_S" textname="test sensor 30975"/>
			<item id="30976" losttest="3" iotype="AI" name="Sensor30976_S" textname="test sensor 30976"/>
			<item id="30977" losttest="3" iotype="AI" name="Sensor30977_S" textname="test sensor 30977"/>
			<item id="30978" losttest="3" iotype="AI" name="Sensor30978_S" textname="test sensor 30978"/>
			<item id="30979" losttest="3" iotype="AI" name="Sensor30979_S" textname="test sensor 30979"/>
			<item id="30980" losttest="3" iotype="AI" name="Sensor30980_S" textname="test sensor 30980"/>
			<item id="30981" losttest="3" iotype="AI" name="Sensor30981_S" textname="test sensor 30981"/>
			<item id="30982" losttest="3" iotype="AI" name="Sensor30982_S" textname="test sensor 30982"/>
			<item id="30983" losttest="3" iotype="AI" name="Sensor30983_S" textname="test sensor 30983"/>
			<item id="30984" losttest="3" iotype="AI" name="Sensor30984_S" textname="test sensor 30984"/>
			<item id="30985" losttest="3" iotype="AI" name="Sensor30985_S" textname="test sensor 30985"/>
			<item id="30986" losttest="3" iotype="AI" name="Sensor30986_S" textname="test sensor 30986"/>
			<item id="30987" losttest="3" iotype="AI" name="Sensor30987_S" textname="test sensor 30987"/>
			<item id="30988" losttest="3" iotype="AI" name="Sensor30988_S" textname="test sensor 30988"/>
			<item id="30989" losttest="3" iotype="AI" name="Sensor30989_S" textname="test sensor 30989"/>
			<item id="30990" losttest="3" iotype="AI" name="Sensor30990_S" textname="test sensor 30990"/>
			<item id="30991" losttest="3" iotype="AI" name="Sensor30991_S" textname="test sensor 30991"/>
			<item id="30992" losttest="3" iotype="AI" name="Sensor30992_S" textname="test sensor 30992"/>
			<item id="30993" losttest="3" iotype="AI" name="Sensor30993_S" textname="test sensor 30993"/>
			<item id="30994" losttest="3" iotype="AI" name="Sensor30994_S" textname="test sensor 30994"/>
			<item id="30995" losttest="3" iotype="AI" name="Sensor30995_S" textname="test sensor 30995"/>
			<item id="30996" losttest="3" iotype="AI" name="Sensor30996_S" textname="test sensor 30996"/>
			<item id="30997" losttest="3" iotype="AI" name="Sensor30997_S" textname="test sensor 30997"/>
			<item id="30998" losttest="3" iotype="AI" name="Sensor30998_S" textname="test sensor 30998"/>
			<item id="30999" losttest="3" iotype="AI" name="Sensor30999_S" textname="test sensor 30999"/>
			<item id="31000" losttest="3" iotype="AI" name="Sensor31000_S" textname="test sensor 31000"/>
			<item id="31001" losttest="3" iotype="AI" name="Sensor31001_S" textname="test sensor 31001"/>
			<item id="31002" losttest="3" iotype="AI" name="Sensor31002_S" textname="test sensor 31002"/>
			<item id="31003" losttest="3" iotype="AI" name="Sensor31003_S" textname="test sensor 31003"/>
			<item id="31004" losttest="3" iotype="AI" name="Sensor31004_S" textname="test sensor 31004"/>
			<item id="31005" losttest="3" iotype="AI" name="Sensor31005_S" textname="test sensor 31005"/>
			<item id="31006" losttest="3" iotype="AI" name="Sensor31006_S" textname="test sensor 31006"/>
			<item id="31007" losttest="3" iotype="AI" name="Sensor31007_S" textname="test sensor 31007"/>
			<item id="31008" losttest="3" iotype="AI" name="Sensor31008_S" textname="test sensor 31008"/>
			<item id="31009" losttest="3" iotype="AI" name="Sensor31009_S" textname="test sensor 31009"/>
			<item id="31010" losttest="3" iotype="AI" name="Sensor31010_S" textname="test sensor 31010"/>
			<item id="31011" losttest="3" iotype="AI" name="Sensor31011_S" textname="test sensor 31011"/>
			<item id="31012" losttest="3" iotype="AI" name="Sensor31012_S" textname="test sensor 31012"/>
			<item id="31013" losttest="3" iotype="AI" name="Sensor31013_S" textname="test sensor 31013"/>
			<item id="31014" losttest="3" iotype="AI" name="Sensor31014_S" textname="test sensor 31014"/>
			<item id="31015" losttest="3" iotype="AI" name="Sensor31015_S" textname="test sensor 31015"/>
			<item id="31016" losttest="3" iotype="AI" name="Sensor31016_S" textname="test sensor 31016"/>
			<item id="31017" losttest="3" iotype="AI" name="Sensor31017_S" textname="test sensor 31017"/>
			<item id="31018" losttest="3" iotype="AI" name="Sensor31018_S" textname="test sensor 31018"/>
			<item id="31019" losttest="3" iotype="AI" name="Sensor31019_S" textname="test sensor 31019"/>
			<item id="31020" losttest="3" iotype="AI" name="Sensor31020_S" textname="test sensor 31020"/>
			<item id="31021" losttest="3" iotype="AI" name="Sensor31021_S" textname="test sensor 31021"/>
			<item id="31022" losttest="3" iotype="AI" name="Sensor31022_S" textname="test sensor 31022"/>
			<item id="31023" losttest="3" iotype="AI" name="Sensor31023_S" textname="test sensor 31023"/>
			<item id="31024" losttest="3" iotype="AI" name="Sensor31024_S" textname="test sensor 31024"/>
			<item id="31025" losttest="3" iotype="AI" name="Sensor31025_S" textname="test sensor 31025"/>
			<item id="31026" losttest="3" iotype="AI" name="Sensor31026_S" textname="test sensor 31026"/>
			<item id="31027" losttest="3" iotype="AI" name="Sensor31027_S" textname="test sensor 31027"/>
			<item id="31028" losttest="3" iotype="AI" name="Sensor31028_S" textname="test sensor 31028"/>
			<item id="31029" losttest="3" iotype="AI" name="Sensor31029_S" textname="test sensor 31029"/>
			<item id="31030" losttest="3" iotype="AI" name="Sensor31030_S" textname="test sensor 31030"/>
			<item id="31031" losttest="3" iotype="AI" name="Sensor31031_S" textname="test sensor 31031"/>
			<item id="31032" losttest="3" iotype="AI" name="Sensor31032_S" textname="test sensor 31032"/>
			<item id="31033" losttest="3" iotype="AI" name="Sensor31033_S" textname="test sensor 31033"/>
			<item id="31034" losttest="3" iotype="AI" name="Sensor31034_S" textname="test sensor 31034"/>
			<item id="31035" losttest="3" iotype="AI" name="Sensor31035_S" textname="test sensor 31035"/>
			<item id="31036" losttest="3" iotype="AI" name="Sensor31036_S" textname="test sensor 31036"/>
			<item id="31037" losttest="3" iotype="AI" name="Sensor31037_S" textname="test sensor 31037"/>
			<item id="31038" losttest="3" iotype="AI" name="Sensor31038_S" textname="test sensor 31038"/>
			<item id="31039" losttest="3" iotype="AI" name="Sensor31039_S" textname="test sensor 31039"/>
			<item id="31040" losttest="3" iotype="AI" name="Sensor31040_S" textname="test sensor 31040"/>
			<item id="31041" losttest="3" iotype="AI" name="Sensor31041_S" textname="test sensor 31041"/>
			<item id="31042" losttest="3" iotype="AI" name="Sensor31042_S" textname="test sensor 31042"/>
			<item id="31043" losttest="3" iotype="AI" name="Sensor31043_S" textname="test sensor 31043"/>
			<item id="31044" losttest="3" iotype="AI" name="Sensor31044_S" textname="test sensor 31044"/>
			<item id="31045" losttest="3" iotype="AI" name="Sensor31045_S" textname="test sensor 31045"/>
			<item id="31046" losttest="3" iotype="AI" name="Sensor31046_S" textname="test sensor 31046"/>
			<item id="31047" losttest="3" iotype="AI" name="Sensor31047_S" textname="test sensor 31047"/>
			<item id="31048" losttest="3" iotype="AI" name="Sensor31048_S" textname="test sensor 31048"/>
			<item id="31049" losttest="3" iotype="AI" name="Sensor31049_S" textname="test sensor 31049"/>
			<item id="31050" losttest="3" iotype="AI" name="Sensor31050_S" textname="test sensor 31050"/>
			<item id="31051" losttest="3" iotype="AI" name="Sensor31051_S" textname="test sensor 31051"/>
			<item id="31052" losttest="3" iotype="AI" name="Sensor31052_S" textname="test sensor 31052"/>
			<item id="31053" losttest="3" iotype="AI" name="Sensor31053_S" textname="test sensor 31053"/>
			<item id="31054" losttest="3" iotype="AI" name="Sensor31054_S" textname="test sensor 31054"/>
			<item id="31055" losttest="3" iotype="AI" name="Sensor31055_S" textname="test sensor 31055"/>
			<item id="31056" losttest="3" iotype="AI" name="Sensor31056_S" textname="test sensor 31056"/>
			<item id="31057" losttest="3" iotype="AI" name="Sensor31057_S" textname="test sensor 31057"/>
			<item id="31058" losttest="3" iotype="AI" name="Sensor31058_S" textname="test sensor 31058"/>
			<item id="31059" losttest="3" iotype="AI" name="Sensor31059_S" textname="test sensor 31059"/>
			<item id="31060" losttest="3" iotype="AI" name="Sensor31060_S" textname="test sensor 31060"/>
			<item id="31061" losttest="3" iotype="AI" name="Sensor31061_S" textname="test sensor 31061"/>
			<item id="31062" losttest="3" iotype="AI" name="Sensor31062_S" textname="test sensor 31062"/>
			<item id="31063" losttest="3" iotype="AI" name="Sensor31063_S" textname="test sensor 31063"/>
			<item id="31064" losttest="3" iotype="AI" name="Sensor31064_S" textname="test sensor 31064"/>
			<item id="31065" losttest="3" iotype="AI" name="Sensor31065_S" textname="test sensor 31065"/>
			<item id="31066" losttest="3" iotype="AI" name="Sensor31066_S" textname="test sensor 31066"/>
			<item id="31067" losttest="3" iotype="AI" name="Sensor31067_S" textname="test sensor 31067"/>
			<item id="31068" losttest="3" iotype="AI" name="Sensor31068_S" textname="test sensor 31068"/>
			<item id="31069" losttest="3" iotype="AI" name="Sensor31069_S" textname="test sensor 31069"/>
			<item id="31070" losttest="3" iotype="AI" name="Sensor31070_S" textname="test sensor 31070"/>
			<item id="31071" losttest="3" iotype="AI" name="Sensor31071_S" textname="test sensor 31071"/>
			<item id="31072" losttest="3" iotype="AI" name="Sensor31072_S" textname="test sensor 31072"/>
			<item id="31073" losttest="3" iotype="AI" name="Sensor31073_S" textname="test sensor 31073"/>
			<item id="31074" losttest="3" iotype="AI" name="Sensor31074_S" textname="test sensor 31074"/>
			<item id="31075" losttest="3" iotype="AI" name="Sensor31075_S" textname="test sensor 31075"/>
			<item id="31076" losttest="3" iotype="AI" name="Sensor31076_S" textname="test sensor 31076"/>
			<item id="31077" losttest="3" iotype="AI" name="Sensor31077_S" textname="test sensor 31077"/>
			<item id="31078" losttest="3" iotype="AI" name="Sensor31078_S" textname="test sensor 31078"/>
			<item id="31079" losttest="3" iotype="AI" name="Sensor31079_S" textname="test sensor 31079"/>
			<item id="31080" losttest="3" iotype="AI" name="Sensor31080_S" textname="test sensor 31080"/>
			<item id="31081" losttest="3" iotype="AI" name="Sensor31081_S" textname="test sensor 31081"/>
			<item id="31082" losttest="3" iotype="AI" name="Sensor31082_S" textname="test sensor 31082"/>
			<item id="31083" losttest="3" iotype="AI" name="Sensor31083_S" textname="test sensor 31083"/>
			<item id="31084" losttest="3" iotype="AI" name="Sensor31084_S" textname="test sensor 31084"/>
			<item id="31085" losttest="3" iotype="AI" name="Sensor31085_S" textname="test sensor 31085"/>
			<item id="31086" losttest="3" iotype="AI" name="Sensor31086_S" textname="test sensor 31086"/>
			<item id="31087" losttest="3" iotype="AI" name="Sensor31087_S" textname="test sensor 31087"/>
			<item id="31088" losttest="3" iotype="AI" name="Sensor31088_S" textname="test sensor 31088"/>
			<item id="31089" losttest="3" iotype="AI" name="Sensor31089_S" textname="test sensor 31089"/>
			<item id="31090" losttest="3" iotype="AI" name="Sensor31090_S" textname="test sensor 31090"/>
			<item id="31091" losttest="3" iotype="AI" name="Sensor31091_S" textname="test sensor 31091"/>
			<item id="31092" losttest="3" iotype="AI" name="Sensor31092_S" textname="test sensor 31092"/>
			<item id="31093" losttest="3" iotype="AI" name="Sensor31093_S" textname="test sensor 31093"/>
			<item id="31094" losttest="3" iotype="AI" name="Sensor31094_S" textname="test sensor 31094"/>
			<item id="31095" losttest="3" iotype="AI" name="Sensor31095_S" textname="test sensor 31095"/>
			<item id="31096" losttest="3" iotype="AI" name="Sensor31096_S" textname="test sensor 31096"/>
			<item id="31097" losttest="3" iotype="AI" name="Sensor31097_S" textname="test sensor 31097"/>
			<item id="31098" losttest="3" iotype="AI" name="Sensor31098_S" textname="test sensor 31098"/>
			<item id="31099" losttest="3" iotype="AI" name="Sensor31099_S" textname="test sensor 31099"/>
			<item id="31100" losttest="3" iotype="AI" name="Sensor31100_S" textname="test sensor 31100"/>
			<item id="31101" losttest="3" iotype="AI" name="Sensor31101_S" textname="test sensor 31101"/>
			<item id="31102" losttest="3" iotype="AI" name="Sensor31102_S" textname="test sensor 31102"/>
			<item id="31103" losttest="3" iotype="AI" name="Sensor31103_S" textname="test sensor 31103"/>
			<item id="31104" losttest="3" iotype="AI" name="Sensor31104_S" textname="test sensor 31104"/>
			<item id="31105" losttest="3" iotype="AI" name="Sensor31105_S" textname="test sensor 31105"/>
			<item id="31106" losttest="3" iotype="AI" name="Sensor31106_S" textname="test sensor 31106"/>
			<item id="31107" losttest="3" iotype="AI" name="Sensor31107_S" textname="test sensor 31107"/>
			<item id="31108" losttest="3" iotype="AI" name="Sensor31108_S" textname="test sensor 31108"/>
			<item id="31109" losttest="3" iotype="AI" name="Sensor31109_S" textname="test sensor 31109"/>
			<item id="31110" losttest="3" iotype="AI" name="Sensor31110_S" textname="test sensor 31110"/>
			<item id="31111" losttest="3" iotype="AI" name="Sensor31111_S" textname="test sensor 31111"/>
			<item id="31112" losttest="3" iotype="AI" name="Sensor31112_S" textname="test sensor 31112"/>
			<item id="31113" losttest="3" iotype="AI" name="Sensor31113_S" textname="test sensor 31113"/>
			<item id="31114" losttest="3" iotype="AI" name="Sensor31114_S" textname="test sensor 31114"/>
			<item id="31115" losttest="3" iotype="AI" name="Sensor31115_S" textname="test sensor 31115"/>
			<item id="31116" losttest="3" iotype="AI" name="Sensor31116_S" textname="test sensor 31116"/>
			<item id="31117" losttest="3" iotype="AI" name="Sensor31117_S" textname="test sensor 31117"/>
			<item id="31118" losttest="3" iotype="AI" name="Sensor31118_S" textname="test sensor 31118"/>
			<item id="31119" losttest="3" iotype="AI" name="Sensor31119_S" textname="test sensor 31119"/>
			<item id="31120" losttest="3" iotype="AI" name="Sensor31120_S" textname="test sensor 31120"/>
			<item id="31121" losttest="3" iotype="AI" name="Sensor31121_S" textname="test sensor 31121"/>
			<item id="31122" losttest="3" iotype="AI" name="Sensor31122_S" textname="test sensor 31122"/>
			<item id="31123" losttest="3" iotype="AI" name="Sensor31123_S" textname="test sensor 31123"/>
			<item id="31124" losttest="3" iotype="AI" name="Sensor31124_S" textname="test sensor 31124"/>
			<item id="31125" losttest="3" iotype="AI" name="Sensor31125_S" textname="test sensor 31125"/>
			<item id="31126" losttest="3" iotype="AI" name="Sensor31126_S" textname="test sensor 31126"/>
			<item id="31127" losttest="3" iotype="AI" name="Sensor31127_S" textname="test sensor 31127"/>
			<item id="31128" losttest="3" iotype="AI" name="Sensor31128_S" textname="test sensor 31128"/>
			<item id="31129" losttest="3" iotype="AI" name="Sensor31129_S" textname="test sensor 31129"/>
			<item id="31130" losttest="3" iotype="AI" name="Sensor31130_S" textname="test sensor 31130"/>
			<item id="31131" losttest="3" iotype="AI" name="Sensor31131_S" textname="test sensor 31131"/>
			<item id="31132" losttest="3" iotype="AI" name="Sensor31132_S" textname="test sensor 31132"/>
			<item id="31133" losttest="3" iotype="AI" name="Sensor31133_S" textname="test sensor 31133"/>
			<item id="31134" losttest="3" iotype="AI" name="Sensor31134_S" textname="test sensor 31134"/>
			<item id="31135" losttest="3" iotype="AI" name="Sensor31135_S" textname="test sensor 31135"/>
			<item id="31136" losttest="3" iotype="AI" name="Sensor31136_S" textname="test sensor 31136"/>
			<item id="31137" losttest="3" iotype="AI" name="Sensor31137_S" textname="test sensor 31137"/>
			<item id="31138" losttest="3" iotype="AI" name="Sensor31138_S" textname="test sensor 31138"/>
			<item id="31139" losttest="3" iotype="AI" name="Sensor31139_S" textname="test sensor 31139"/>
			<item id="31140" losttest="3" iotype="AI" name="Sensor31140_S" textname="test sensor 31140"/>
			<item id="31141" losttest="3" iotype="AI" name="Sensor31141_S" textname="test sensor 31141"/>
			<item id="31142" losttest="3" iotype="AI" name="Sensor31142_S" textname="test sensor 31142"/>
			<item id="31143" losttest="3" iotype="AI" name="Sensor31143_S" textname="test sensor 31143"/>
			<item id="31144" losttest="3" iotype="AI" name="Sensor31144_S" textname="test sensor 31144"/>
			<item id="31145" losttest="3" iotype="AI" name="Sensor31145_S" textname="test sensor 31145"/>
			<item id="31146" losttest="3" iotype="AI" name="Sensor31146_S" textname="test sensor 31146"/>
			<item id="31147" losttest="3" iotype="AI" name="Sensor31147_S" textname="test sensor 31147"/>
			<item id="31148" losttest="3" iotype="AI" name="Sensor31148_S" textname="test sensor 31148"/>
			<item id="31149" losttest="3" iotype="AI" name="Sensor31149_S" textname="test sensor 31149"/>
			<item id="31150" losttest="3" iotype="AI" name="Sensor31150_S" textname="test sensor 31150"/>
			<item id="31151" losttest="3" iotype="AI" name="Sensor31151_S" textname="test sensor 31151"/>
			<item id="31152" losttest="3" iotype="AI" name="Sensor31152_S" textname="test sensor 31152"/>
			<item id="31153" losttest="3" iotype="AI" name="Sensor31153_S" textname="test sensor 31153"/>
			<item id="31154" losttest="3" iotype="AI" name="Sensor31154_S" textname="test sensor 31154"/>
			<item id="31155" losttest="3" iotype="AI" name="Sensor31155_S" textname="test sensor 31155"/>
			<item id="31156" losttest="3" iotype="AI" name="Sensor31156_S" textname="test sensor 31156"/>
			<item id="31157" losttest="3" iotype="AI" name="Sensor31157_S" textname="test sensor 31157"/>
			<item id="31158" losttest="3" iotype="AI" name="Sensor31158_S" textname="test sensor 31158"/>
			<item id="31159" losttest="3" iotype="AI" name="Sensor31159_S" textname="test sensor 31159"/>
			<item id="31160" losttest="3" iotype="AI" name="Sensor31160_S" textname="test sensor 31160"/>
			<item id="31161" losttest="3" iotype="AI" name="Sensor31161_S" textname="test sensor 31161"/>
			<item id="31162" losttest="3" iotype="AI" name="Sensor31162_S" textname="test sensor 31162"/>
			<item id="31163" losttest="3" iotype="AI" name="Sensor31163_S" textname="test sensor 31163"/>
			<item id="31164" losttest="3" iotype="AI" name="Sensor31164_S" textname="test sensor 31164"/>
			<item id="31165" losttest="3" iotype="AI" name="Sensor31165_S" textname="test sensor 31165"/>
			<item id="31166" losttest="3" iotype="AI" name="Sensor31166_S" textname="test sensor 31166"/>
			<item id="31167" losttest="3" iotype="AI" name="Sensor31167_S" textname="test sensor 31167"/>
			<item id="31168" losttest="3" iotype="AI" name="Sensor31168_S" textname="test sensor 31168"/>
			<item id="31169" losttest="3" iotype="AI" name="Sensor31169_S" textname="test sensor 31169"/>
			<item id="31170" losttest="3" iotype="AI" name="Sensor31170_S" textname="test sensor 31170"/>
			<item id="31171" losttest="3" iotype="AI" name="Sensor31171_S" textname="test sensor 31171"/>
			<item id="31172" losttest="3" iotype="AI" name="Sensor31172_S" textname="test sensor 31172"/>
			<item id="31173" losttest="3" iotype="AI" name="Sensor31173_S" textname="test sensor 31173"/>
			<item id="31174" losttest="3" iotype="AI" name="Sensor31174_S" textname="test sensor 31174"/>
			<item id="31175" losttest="3" iotype="AI" name="Sensor31175_S" textname="test sensor 31175"/>
			<item id="31176" losttest="3" iotype="AI" name="Sensor31176_S" textname="test sensor 31176"/>
			<item id="31177" losttest="3" iotype="AI" name="Sensor31177_S" textname="test sensor 31177"/>
			<item id="31178" losttest="3" iotype="AI" name="Sensor31178_S" textname="test sensor 31178"/>
			<item id="31179" losttest="3" iotype="AI" name="Sensor31179_S" textname="test sensor 31179"/>
			<item id="31180" losttest="3" iotype="AI" name="Sensor31180_S" textname="test sensor 31180"/>
			<item id="31181" losttest="3" iotype="AI" name="Sensor31181_S" textname="test sensor 31181"/>
			<item id="31182" losttest="3" iotype="AI" name="Sensor31182_S" textname="test sensor 31182"/>
			<item id="31183" losttest="3" iotype="AI" name="Sensor31183_S" textname="test sensor 31183"/>
			<item id="31184" losttest="3" iotype="AI" name="Sensor31184_S" textname="test sensor 31184"/>
			<item id="31185" losttest="3" iotype="AI" name="Sensor31185_S" textname="test sensor 31185"/>
			<item id="31186" losttest="3" iotype="AI" name="Sensor31186_S" textname="test sensor 31186"/>
			<item id="31187" losttest="3" iotype="AI" name="Sensor31187_S" textname="test sensor 31187"/>
			<item id="31188" losttest="3" iotype="AI" name="Sensor31188_S" textname="test sensor 31188"/>
			<item id="31189" losttest="3" iotype="AI" name="Sensor31189_S" textname="test sensor 31189"/>
			<item id="31190" losttest="3" iotype="AI" name="Sensor31190_S" textname="test sensor 31190"/>
			<item id="31191" losttest="3" iotype="AI" name="Sensor31191_S" textname="test sensor 31191"/>
			<item id="31192" losttest="3" iotype="AI" name="Sensor31192_S" textname="test sensor 31192"/>
			<item id="31193" losttest="3" iotype="AI" name="Sensor31193_S" textname="test sensor 31193"/>
			<item id="31194" losttest="3" iotype="AI" name="Sensor31194_S" textname="test sensor 31194"/>
			<item id="31195" losttest="3" iotype="AI" name="Sensor31195_S" textname="test sensor 31195"/>
			<item id="31196" losttest="3" iotype="AI" name="Sensor31196_S" textname="test sensor 31196"/>
			<item id="31197" losttest="3" iotype="AI" name="Sensor31197_S" textname="test sensor 31197"/>
			<item id="31198" losttest="3" iotype="AI" name="Sensor31198_S" textname="test sensor 31198"/>
			<item id="31199" losttest="3" iotype="AI" name="Sensor31199_S" textname="test sensor 31199"/>
			<item id="31200" losttest="3" iotype="AI" name="Sensor31200_S" textname="test sensor 31200"/>
			<item id="31201" losttest="3" iotype="AI" name="Sensor31201_S" textname="test sensor 31201"/>
			<item id="31202" losttest="3" iotype="AI" name="Sensor31202_S" textname="test sensor 31202"/>
			<item id="31203" losttest="3" iotype="AI" name="Sensor31203_S" textname="test sensor 31203"/>
			<item id="31204" losttest="3" iotype="AI" name="Sensor31204_S" textname="test sensor 31204"/>
			<item id="31205" losttest="3" iotype="AI" name="Sensor31205_S" textname="test sensor 31205"/>
			<item id="31206" losttest="3" iotype="AI" name="Sensor31206_S" textname="test sensor 31206"/>
			<item id="31207" losttest="3" iotype="AI" name="Sensor31207_S" textname="test sensor 31207"/>
			<item id="31208" losttest="3" iotype="AI" name="Sensor31208_S" textname="test sensor 31208"/>
			<item id="31209" losttest="3" iotype="AI" name="Sensor31209_S" textname="test sensor 31209"/>
			<item id="31210" losttest="3" iotype="AI" name="Sensor31210_S" textname="test sensor 31210"/>
			<item id="31211" losttest="3" iotype="AI" name="Sensor31211_S" textname="test sensor 31211"/>
			<item id="31212" losttest="3" iotype="AI" name="Sensor31212_S" textname="test sensor 31212"/>
			<item id="31213" losttest="3" iotype="AI" name="Sensor31213_S" textname="test sensor 31213"/>
			<item id="31214" losttest="3" iotype="AI" name="Sensor31214_S" textname="test sensor 31214"/>
			<item id="31215" losttest="3" iotype="AI" name="Sensor31215_S" textname="test sensor 31215"/>
			<item id="31216" losttest="3" iotype="AI" name="Sensor31216_S" textname="test sensor 31216"/>
			<item id="31217" losttest="3" iotype="AI" name="Sensor31217_S" textname="test sensor 31217"/>
			<item id="31218" losttest="3" iotype="AI" name="Sensor31218_S" textname="test sensor 31218"/>
			<item id="31219" losttest="3" iotype="AI" name="Sensor31219_S" textname="test sensor 31219"/>
			<item id="31220" losttest="3" iotype="AI" name="Sensor31220_S" textname="test sensor 31220"/>
			<item id="31221" losttest="3" iotype="AI" name="Sensor31221_S" textname="test sensor 31221"/>
			<item id="31222" losttest="3" iotype="AI" name="Sensor31222_S" textname="test sensor 31222"/>
			<item id="31223" losttest="3" iotype="AI" name="Sensor31223_S" textname="test sensor 31223"/>
			<item id="31224" losttest="3" iotype="AI" name="Sensor31224_S" textname="test sensor 31224"/>
			<item id="31225" losttest="3" iotype="AI" name="Sensor31225_S" textname="test sensor 31225"/>
			<item id="31226" losttest="3" iotype="AI" name="Sensor31226_S" textname="test sensor 31226"/>
			<item id="31227" losttest="3" iotype="AI" name="Sensor31227_S" textname="test sensor 31227"/>
			<item id="31228" losttest="3" iotype="AI" name="Sensor31228_S" textname="test sensor 31228"/>
			<item id="31229" losttest="3" iotype="AI" name="Sensor31229_S" textname="test sensor 31229"/>
			<item id="31230" losttest="3" iotype="AI" name="Sensor31230_S" textname="test sensor 31230"/>
			<item id="31231" losttest="3" iotype="AI" name="Sensor31231_S" textname="test sensor 31231"/>
			<item id="31232" losttest="3" iotype="AI" name="Sensor31232_S" textname="test sensor 31232"/>
			<item id="31233" losttest="3" iotype="AI" name="Sensor31233_S" textname="test sensor 31233"/>
			<item id="31234" losttest="3" iotype="AI" name="Sensor31234_S" textname="test sensor 31234"/>
			<item id="31235" losttest="3" iotype="AI" name="Sensor31235_S" textname="test sensor 31235"/>
			<item id="31236" losttest="3" iotype="AI" name="Sensor31236_S" textname="test sensor 31236"/>
			<item id="31237" losttest="3" iotype="AI" name="Sensor31237_S" textname="test sensor 31237"/>
			<item id="31238" losttest="3" iotype="AI" name="Sensor31238_S" textname="test sensor 31238"/>
			<item id="31239" losttest="3" iotype="AI" name="Sensor31239_S" textname="test sensor 31239"/>
			<item id="31240" losttest="3" iotype="AI" name="Sensor31240_S" textname="test sensor 31240"/>
			<item id="31241" losttest="3" iotype="AI" name="Sensor31241_S" textname="test sensor 31241"/>
			<item id="31242" losttest="3" iotype="AI" name="Sensor31242_S" textname="test sensor 31242"/>
			<item id="31243" losttest="3" iotype="AI" name="Sensor31243_S" textname="test sensor 31243"/>
			<item id="31244" losttest="3" iotype="AI" name="Sensor31244_S" textname="test sensor 31244"/>
			<item id="31245" losttest="3" iotype="AI" name="Sensor31245_S" textname="test sensor 31245"/>
			<item id="31246" losttest="3" iotype="AI" name="Sensor31246_S" textname="test sensor 31246"/>
			<item id="31247" losttest="3" iotype="AI" name="Sensor31247_S" textname="test sensor 31247"/>
			<item id="31248" losttest="3" iotype="AI" name="Sensor31248_S" textname="test sensor 31248"/>
			<item id="31249" losttest="3" iotype="AI" name="Sensor31249_S" textname="test sensor 31249"/>
			<item id="31250" losttest="3" iotype="AI" name="Sensor31250_S" textname="test sensor 31250"/>
			<item id="31251" losttest="3" iotype="AI" name="Sensor31251_S" textname="test sensor 31251"/>
			<item id="31252" losttest="3" iotype="AI" name="Sensor31252_S" textname="test sensor 31252"/>
			<item id="31253" losttest="3" iotype="AI" name="Sensor31253_S" textname="test sensor 31253"/>
			<item id="31254" losttest="3" iotype="AI" name="Sensor31254_S" textname="test sensor 31254"/>
			<item id="31255" losttest="3" iotype="AI" name="Sensor31255_S" textname="test sensor 31255"/>
			<item id="31256" losttest="3" iotype="AI" name="Sensor31256_S" textname="test sensor 31256"/>
			<item id="31257" losttest="3" iotype="AI" name="Sensor31257_S" textname="test sensor 31257"/>
			<item id="31258" losttest="3" iotype="AI" name="Sensor31258_S" textname="test sensor 31258"/>
			<item id="31259" losttest="3" iotype="AI" name="Sensor31259_S" textname="test sensor 31259"/>
			<item id="31260" losttest="3" iotype="AI" name="Sensor31260_S" textname="test sensor 31260"/>
			<item id="31261" losttest="3" iotype="AI" name="Sensor31261_S" textname="test sensor 31261"/>
			<item id="31262" losttest="3" iotype="AI" name="Sensor31262_S" textname="test sensor 31262"/>
			<item id="31263" losttest="3" iotype="AI" name="Sensor31263_S" textname="test sensor 31263"/>
			<item id="31264" losttest="3" iotype="AI" name="Sensor31264_S" textname="test sensor 31264"/>
			<item id="31265" losttest="3" iotype="AI" name="Sensor31265_S" textname="test sensor 31265"/>
			<item id="31266" losttest="3" iotype="AI" name="Sensor31266_S" textname="test sensor 31266"/>
			<item id="31267" losttest="3" iotype="AI" name="Sensor31267_S" textname="test sensor 31267"/>
			<item id="31268" losttest="3" iotype="AI" name="Sensor31268_S" textname="test sensor 31268"/>
			<item id="31269" losttest="3" iotype="AI" name="Sensor31269_S" textname="test sensor 31269"/>
			<item id="31270" losttest="3" iotype="AI" name="Sensor31270_S" textname="test sensor 31270"/>
			<item id="31271" losttest="3" iotype="AI" name="Sensor31271_S" textname="test sensor 31271"/>
			<item id="31272" losttest="3" iotype="AI" name="Sensor31272_S" textname="test sensor 31272"/>
			<item id="31273" losttest="3" iotype="AI" name="Sensor31273_S" textname="test sensor 31273"/>
			<item id="31274" losttest="3" iotype="AI" name="Sensor31274_S" textname="test sensor 31274"/>
			<item id="31275" losttest="3" iotype="AI" name="Sensor31275_S" textname="test sensor 31275"/>
			<item id="31276" losttest="3" iotype="AI" name="Sensor31276_S" textname="test sensor 31276"/>
			<item id="31277" losttest="3" iotype="AI" name="Sensor31277_S" textname="test sensor 31277"/>
			<item id="31278" losttest="3" iotype="AI" name="Sensor31278_S" textname="test sensor 31278"/>
			<item id="31279" losttest="3" iotype="AI" name="Sensor31279_S" textname="test sensor 31279"/>
			<item id="31280" losttest="3" iotype="AI" name="Sensor31280_S" textname="test sensor 31280"/>
			<item id="31281" losttest="3" iotype="AI" name="Sensor31281_S" textname="test sensor 31281"/>
			<item id="31282" losttest="3" iotype="AI" name="Sensor31282_S" textname="test sensor 31282"/>
			<item id="31283" losttest="3" iotype="AI" name="Sensor31283_S" textname="test sensor 31283"/>
			<item id="31284" losttest="3" iotype="AI" name="Sensor31284_S" textname="test sensor 31284"/>
			<item id="31285" losttest="3" iotype="AI" name="Sensor31285_S" textname="test sensor 31285"/>
			<item id="31286" losttest="3" iotype="AI" name="Sensor31286_S" textname="test sensor 31286"/>
			<item id="31287" losttest="3" iotype="AI" name="Sensor31287_S" textname="test sensor 31287"/>
			<item id="31288" losttest="3" iotype="AI" name="Sensor31288_S" textname="test sensor 31288"/>
			<item id="31289" losttest="3" iotype="AI" name="Sensor31289_S" textname="test sensor 31289"/>
			<item id="31290" losttest="3" iotype="AI" name="Sensor31290_S" textname="test sensor 31290"/>
			<item id="31291" losttest="3" iotype="AI" name="Sensor31291_S" textname="test sensor 31291"/>
			<item id="31292" losttest="3" iotype="AI" name="Sensor31292_S" textname="test sensor 31292"/>
			<item id="31293" losttest="3" iotype="AI" name="Sensor31293_S" textname="test sensor 31293"/>
			<item id="31294" losttest="3" iotype="AI" name="Sensor31294_S" textname="test sensor 31294"/>
			<item id="31295" losttest="3" iotype="AI" name="Sensor31295_S" textname="test sensor 31295"/>
			<item id="31296" losttest="3" iotype="AI" name="Sensor31296_S" textname="test sensor 31296"/>
			<item id="31297" losttest="3" iotype="AI" name="Sensor31297_S" textname="test sensor 31297"/>
			<item id="31298" losttest="3" iotype="AI" name="Sensor31298_S" textname="test sensor 31298"/>
			<item id="31299" losttest="3" iotype="AI" name="Sensor31299_S" textname="test sensor 31299"/>
			<item id="31300" losttest="3" iotype="AI" name="Sensor31300_S" textname="test sensor 31300"/>
			<item id="31301" losttest="3" iotype="AI" name="Sensor31301_S" textname="test sensor 31301"/>
			<item id="31302" losttest="3" iotype="AI" name="Sensor31302_S" textname="test sensor 31302"/>
			<item id="31303" losttest="3" iotype="AI" name="Sensor31303_S" textname="test sensor 31303"/>
			<item id="31304" losttest="3" iotype="AI" name="Sensor31304_S" textname="test sensor 31304"/>
			<item id="31305" losttest="3" iotype="AI" name="Sensor31305_S" textname="test sensor 31305"/>
			<item id="31306" losttest="3" iotype="AI" name="Sensor31306_S" textname="test sensor 31306"/>
			<item id="31307" losttest="3" iotype="AI" name="Sensor31307_S" textname="test sensor 31307"/>
			<item id="31308" losttest="3" iotype="AI" name="Sensor31308_S" textname="test sensor 31308"/>
			<item id="31309" losttest="3" iotype="AI" name="Sensor31309_S" textname="test sensor 31309"/>
			<item id="31310" losttest="3" iotype="AI" name="Sensor31310_S" textname="test sensor 31310"/>
			<item id="31311" losttest="3" iotype="AI" name="Sensor31311_S" textname="test sensor 31311"/>
			<item id="31312" losttest="3" iotype="AI" name="Sensor31312_S" textname="test sensor 31312"/>
			<item id="31313" losttest="3" iotype="AI" name="Sensor31313_S" textname="test sensor 31313"/>
			<item id="31314" losttest="3" iotype="AI" name="Sensor31314_S" textname="test sensor 31314"/>
			<item id="31315" losttest="3" iotype="AI" name="Sensor31315_S" textname="test sensor 31315"/>
			<item id="31316" losttest="3" iotype="AI" name="Sensor31316_S" textname="test sensor 31316"/>
			<item id="31317" losttest="3" iotype="AI" name="Sensor31317_S" textname="test sensor 31317"/>
			<item id="31318" losttest="3" iotype="AI" name="Sensor31318_S" textname="test sensor 31318"/>
			<item id="31319" losttest="3" iotype="AI" name="Sensor31319_S" textname="test sensor 31319"/>
			<item id="31320" losttest="3" iotype="AI" name="Sensor31320_S" textname="test sensor 31320"/>
			<item id="31321" losttest="3" iotype="AI" name="Sensor31321_S" textname="test sensor 31321"/>
			<item id="31322" losttest="3" iotype="AI" name="Sensor31322_S" textname="test sensor 31322"/>
			<item id="31323" losttest="3" iotype="AI" name="Sensor31323_S" textname="test sensor 31323"/>
			<item id="31324" losttest="3" iotype="AI" name="Sensor31324_S" textname="test sensor 31324"/>
			<item id="31325" losttest="3" iotype="AI" name="Sensor31325_S" textname="test sensor 31325"/>
			<item id="31326" losttest="3" iotype="AI" name="Sensor31326_S" textname="test sensor 31326"/>
			<item id="31327" losttest="3" iotype="AI" name="Sensor31327_S" textname="test sensor 31327"/>
			<item id="31328" losttest="3" iotype="AI" name="Sensor31328_S" textname="test sensor 31328"/>
			<item id="31329" losttest="3" iotype="AI" name="Sensor31329_S" textname="test sensor 31329"/>
			<item id="31330" losttest="3" iotype="AI" name="Sensor31330_S" textname="test sensor 31330"/>
			<item id="31331" losttest="3" iotype="AI" name="Sensor31331_S" textname="test sensor 31331"/>
			<item id="31332" losttest="3" iotype="AI" name="Sensor31332_S" textname="test sensor 31332"/>
			<item id="31333" losttest="3" iotype="AI" name="Sensor31333_S" textname="test sensor 31333"/>
			<item id="31334" losttest="3" iotype="AI" name="Sensor31334_S" textname="test sensor 31334"/>
			<item id="31335" losttest="3" iotype="AI" name="Sensor31335_S" textname="test sensor 31335"/>
			<item id="31336" losttest="3" iotype="AI" name="Sensor31336_S" textname="test sensor 31336"/>
			<item id="31337" losttest="3" iotype="AI" name="Sensor31337_S" textname="test sensor 31337"/>
			<item id="31338" losttest="3" iotype="AI" name="Sensor31338_S" textname="test sensor 31338"/>
			<item id="31339" losttest="3" iotype="AI" name="Sensor31339_S" textname="test sensor 31339"/>
			<item id="31340" losttest="3" iotype="AI" name="Sensor31340_S" textname="test sensor 31340"/>
			<item id="31341" losttest="3" iotype="AI" name="Sensor31341_S" textname="test sensor 31341"/>
			<item id="31342" losttest="3" iotype="AI" name="Sensor31342_S" textname="test sensor 31342"/>
			<item id="31343" losttest="3" iotype="AI" name="Sensor31343_S" textname="test sensor 31343"/>
			<item id="31344" losttest="3" iotype="AI" name="Sensor31344_S" textname="test sensor 31344"/>
			<item id="31345" losttest="3" iotype="AI" name="Sensor31345_S" textname="test sensor 31345"/>
			<item id="31346" losttest="3" iotype="AI" name="Sensor31346_S" textname="test sensor 31346"/>
			<item id="31347" losttest="3" iotype="AI" name="Sensor31347_S" textname="test sensor 31347"/>
			<item id="31348" losttest="3" iotype="AI" name="Sensor31348_S" textname="test sensor 31348"/>
			<item id="31349" losttest="3" iotype="AI" name="Sensor31349_S" textname="test sensor 31349"/>
			<item id="31350" losttest="3" iotype="AI" name="Sensor31350_S" textname="test sensor 31350"/>
			<item id="31351" losttest="3" iotype="AI" name="Sensor31351_S" textname="test sensor 31351"/>
			<item id="31352" losttest="3" iotype="AI" name="Sensor31352_S" textname="test sensor 31352"/>
			<item id="31353" losttest="3" iotype="AI" name="Sensor31353_S" textname="test sensor 31353"/>
			<item id="31354" losttest="3" iotype="AI" name="Sensor31354_S" textname="test sensor 31354"/>
			<item id="31355" losttest="3" iotype="AI" name="Sensor31355_S" textname="test sensor 31355"/>
			<item id="31356" losttest="3" iotype="AI" name="Sensor31356_S" textname="test sensor 31356"/>
			<item id="31357" losttest="3" iotype="AI" name="Sensor31357_S" textname="test sensor 31357"/>
			<item id="31358" losttest="3" iotype="AI" name="Sensor31358_S" textname="test sensor 31358"/>
			<item id="31359" losttest="3" iotype="AI" name="Sensor31359_S" textname="test sensor 31359"/>
			<item id="31360" losttest="3" iotype="AI" name="Sensor31360_S" textname="test sensor 31360"/>
			<item id="31361" losttest="3" iotype="AI" name="Sensor31361_S" textname="test sensor 31361"/>
			<item id="31362" losttest="3" iotype="AI" name="Sensor31362_S" textname="test sensor 31362"/>
			<item id="31363" losttest="3" iotype="AI" name="Sensor31363_S" textname="test sensor 31363"/>
			<item id="31364" losttest="3" iotype="AI" name="Sensor31364_S" textname="test sensor 31364"/>
			<item id="31365" losttest="3" iotype="AI" name="Sensor31365_S" textname="test sensor 31365"/>
			<item id="31366" losttest="3" iotype="AI" name="Sensor31366_S" textname="test sensor 31366"/>
			<item id="31367" losttest="3" iotype="AI" name="Sensor31367_S" textname="test sensor 31367"/>
			<item id="31368" losttest="3" iotype="AI" name="Sensor31368_S" textname="test sensor 31368"/>
			<item id="31369" losttest="3" iotype="AI" name="Sensor31369_S" textname="test sensor 31369"/>
			<item id="31370" losttest="3" iotype="AI" name="Sensor31370_S" textname="test sensor 31370"/>
			<item id="31371" losttest="3" iotype="AI" name="Sensor31371_S" textname="test sensor 31371"/>
			<item id="31372" losttest="3" iotype="AI" name="Sensor31372_S" textname="test sensor 31372"/>
			<item id="31373" losttest="3" iotype="AI" name="Sensor31373_S" textname="test sensor 31373"/>
			<item id="31374" losttest="3" iotype="AI" name="Sensor31374_S" textname="test sensor 31374"/>
			<item id="31375" losttest="3" iotype="AI" name="Sensor31375_S" textname="test sensor 31375"/>
			<item id="31376" losttest="3" iotype="AI" name="Sensor31376_S" textname="test sensor 31376"/>
			<item id="31377" losttest="3" iotype="AI" name="Sensor31377_S" textname="test sensor 31377"/>
			<item id="31378" losttest="3" iotype="AI" name="Sensor31378_S" textname="test sensor 31378"/>
			<item id="31379" losttest="3" iotype="AI" name="Sensor31379_S" textname="test sensor 31379"/>
			<item id="31380" losttest="3" iotype="AI" name="Sensor31380_S" textname="test sensor 31380"/>
			<item id="31381" losttest="3" iotype="AI" name="Sensor31381_S" textname="test sensor 31381"/>
			<item id="31382" losttest="3" iotype="AI" name="Sensor31382_S" textname="test sensor 31382"/>
			<item id="31383" losttest="3" iotype="AI" name="Sensor31383_S" textname="test sensor 31383"/>
			<item id="31384" losttest="3" iotype="AI" name="Sensor31384_S" textname="test sensor 31384"/>
			<item id="31385" losttest="3" iotype="AI" name="Sensor31385_S" textname="test sensor 31385"/>
			<item id="31386" losttest="3" iotype="AI" name="Sensor31386_S" textname="test sensor 31386"/>
			<item id="31387" losttest="3" iotype="AI" name="Sensor31387_S" textname="test sensor 31387"/>
			<item id="31388" losttest="3" iotype="AI" name="Sensor31388_S" textname="test sensor 31388"/>
			<item id="31389" losttest="3" iotype="AI" name="Sensor31389_S" textname="test sensor 31389"/>
			<item id="31390" losttest="3" iotype="AI" name="Sensor31390_S" textname="test sensor 31390"/>
			<item id="31391" losttest="3" iotype="AI" name="Sensor31391_S" textname="test sensor 31391"/>
			<item id="31392" losttest="3" iotype="AI" name="Sensor31392_S" textname="test sensor 31392"/>
			<item id="31393" losttest="3" iotype="AI" name="Sensor31393_S" textname="test sensor 31393"/>
			<item id="31394" losttest="3" iotype="AI" name="Sensor31394_S" textname="test sensor 31394"/>
			<item id="31395" losttest="3" iotype="AI" name="Sensor31395_S" textname="test sensor 31395"/>
			<item id="31396" losttest="3" iotype="AI" name="Sensor31396_S" textname="test sensor 31396"/>
			<item id="31397" losttest="3" iotype="AI" name="Sensor31397_S" textname="test sensor 31397"/>
			<item id="31398" losttest="3" iotype="AI" name="Sensor31398_S" textname="test sensor 31398"/>
			<item id="31399" losttest="3" iotype="AI" name="Sensor31399_S" textname="test sensor 31399"/>
			<item id="31400" losttest="3" iotype="AI" name="Sensor31400_S" textname="test sensor 31400"/>
			<item id="31401" losttest="3" iotype="AI" name="Sensor31401_S" textname="test sensor 31401"/>
			<item id="31402" losttest="3" iotype="AI" name="Sensor31402_S" textname="test sensor 31402"/>
			<item id="31403" losttest="3" iotype="AI" name="Sensor31403_S" textname="test sensor 31403"/>
			<item id="31404" losttest="3" iotype="AI" name="Sensor31404_S" textname="test sensor 31404"/>
			<item id="31405" losttest="3" iotype="AI" name="Sensor31405_S" textname="test sensor 31405"/>
			<item id="31406" losttest="3" iotype="AI" name="Sensor31406_S" textname="test sensor 31406"/>
			<item id="31407" losttest="3" iotype="AI" name="Sensor31407_S" textname="test sensor 31407"/>
			<item id="31408" losttest="3" iotype="AI" name="Sensor31408_S" textname="test sensor 31408"/>
			<item id="31409" losttest="3" iotype="AI" name="Sensor31409_S" textname="test sensor 31409"/>
			<item id="31410" losttest="3" iotype="AI" name="Sensor31410_S" textname="test sensor 31410"/>
			<item id="31411" losttest="3" iotype="AI" name="Sensor31411_S" textname="test sensor 31411"/>
			<item id="31412" losttest="3" iotype="AI" name="Sensor31412_S" textname="test sensor 31412"/>
			<item id="31413" losttest="3" iotype="AI" name="Sensor31413_S" textname="test sensor 31413"/>
			<item id="31414" losttest="3" iotype="AI" name="Sensor31414_S" textname="test sensor 31414"/>
			<item id="31415" losttest="3" iotype="AI" name="Sensor31415_S" textname="test sensor 31415"/>
			<item id="31416" losttest="3" iotype="AI" name="Sensor31416_S" textname="test sensor 31416"/>
			<item id="31417" losttest="3" iotype="AI" name="Sensor31417_S" textname="test sensor 31417"/>
			<item id="31418" losttest="3" iotype="AI" name="Sensor31418_S" textname="test sensor 31418"/>
			<item id="31419" losttest="3" iotype="AI" name="Sensor31419_S" textname="test sensor 31419"/>
			<item id="31420" losttest="3" iotype="AI" name="Sensor31420_S" textname="test sensor 31420"/>
			<item id="31421" losttest="3" iotype="AI" name="Sensor31421_S" textname="test sensor 31421"/>
			<item id="31422" losttest="3" iotype="AI" name="Sensor31422_S" textname="test sensor 31422"/>
			<item id="31423" losttest="3" iotype="AI" name="Sensor31423_S" textname="test sensor 31423"/>
			<item id="31424" losttest="3" iotype="AI" name="Sensor31424_S" textname="test sensor 31424"/>
			<item id="31425" losttest="3" iotype="AI" name="Sensor31425_S" textname="test sensor 31425"/>
			<item id="31426" losttest="3" iotype="AI" name="Sensor31426_S" textname="test sensor 31426"/>
			<item id="31427" losttest="3" iotype="AI" name="Sensor31427_S" textname="test sensor 31427"/>
			<item id="31428" losttest="3" iotype="AI" name="Sensor31428_S" textname="test sensor 31428"/>
			<item id="31429" losttest="3" iotype="AI" name="Sensor31429_S" textname="test sensor 31429"/>
			<item id="31430" losttest="3" iotype="AI" name="Sensor31430_S" textname="test sensor 31430"/>
			<item id="31431" losttest="3" iotype="AI" name="Sensor31431_S" textname="test sensor 31431"/>
			<item id="31432" losttest="3" iotype="AI" name="Sensor31432_S" textname="test sensor 31432"/>
			<item id="31433" losttest="3" iotype="AI" name="Sensor31433_S" textname="test sensor 31433"/>
			<item id="31434" losttest="3" iotype="AI" name="Sensor31434_S" textname="test sensor 31434"/>
			<item id="31435" losttest="3" iotype="AI" name="Sensor31435_S" textname="test sensor 31435"/>
			<item id="31436" losttest="3" iotype="AI" name="Sensor31436_S" textname="test sensor 31436"/>
			<item id="31437" losttest="3" iotype="AI" name="Sensor31437_S" textname="test sensor 31437"/>
			<item id="31438" losttest="3" iotype="AI" name="Sensor31438_S" textname="test sensor 31438"/>
			<item id="31439" losttest="3" iotype="AI" name="Sensor31439_S" textname="test sensor 31439"/>
			<item id="31440" losttest="3" iotype="AI" name="Sensor31440_S" textname="test sensor 31440"/>
			<item id="31441" losttest="3" iotype="AI" name="Sensor31441_S" textname="test sensor 31441"/>
			<item id="31442" losttest="3" iotype="AI" name="Sensor31442_S" textname="test sensor 31442"/>
			<item id="31443" losttest="3" iotype="AI" name="Sensor31443_S" textname="test sensor 31443"/>
			<item id="31444" losttest="3" iotype="AI" name="Sensor31444_S" textname="test sensor 31444"/>
			<item id="31445" losttest="3" iotype="AI" name="Sensor31445_S" textname="test sensor 31445"/>
			<item id="31446" losttest="3" iotype="AI" name="Sensor31446_S" textname="test sensor 31446"/>
			<item id="31447" losttest="3" iotype="AI" name="Sensor31447_S" textname="test sensor 31447"/>
			<item id="31448" losttest="3" iotype="AI" name="Sensor31448_S" textname="test sensor 31448"/>
			<item id="31449" losttest="3" iotype="AI" name="Sensor31449_S" textname="test sensor 31449"/>
			<item id="31450" losttest="3" iotype="AI" name="Sensor31450_S" textname="test sensor 31450"/>
			<item id="31451" losttest="3" iotype="AI" name="Sensor31451_S" textname="test sensor 31451"/>
			<item id="31452" losttest="3" iotype="AI" name="Sensor31452_S" textname="test sensor 31452"/>
			<item id="31453" losttest="3" iotype="AI" name="Sensor31453_S" textname="test sensor 31453"/>
			<item id="31454" losttest="3" iotype="AI" name="Sensor31454_S" textname="test sensor 31454"/>
			<item id="31455" losttest="3" iotype="AI" name="Sensor31455_S" textname="test sensor 31455"/>
			<item id="31456" losttest="3" iotype="AI" name="Sensor31456_S" textname="test sensor 31456"/>
			<item id="31457" losttest="3" iotype="AI" name="Sensor31457_S" textname="test sensor 31457"/>
			<item id="31458" losttest="3" iotype="AI" name="Sensor31458_S" textname="test sensor 31458"/>
			<item id="31459" losttest="3" iotype="AI" name="Sensor31459_S" textname="test sensor 31459"/>
			<item id="31460" losttest="3" iotype="AI" name="Sensor31460_S" textname="test sensor 31460"/>
			<item id="31461" losttest="3" iotype="AI" name="Sensor31461_S" textname="test sensor 31461"/>
			<item id="31462" losttest="3" iotype="AI" name="Sensor31462_S" textname="test sensor 31462"/>
			<item id="31463" losttest="3" iotype="AI" name="Sensor31463_S" textname="test sensor 31463"/>
			<item id="31464" losttest="3" iotype="AI" name="Sensor31464_S" textname="test sensor 31464"/>
			<item id="31465" losttest="3" iotype="AI" name="Sensor31465_S" textname="test sensor 31465"/>
			<item id="31466" losttest="3" iotype="AI" name="Sensor31466_S" textname="test sensor 31466"/>
			<item id="31467" losttest="3" iotype="AI" name="Sensor31467_S" textname="test sensor 31467"/>
			<item id="31468" losttest="3" iotype="AI" name="Sensor31468_S" textname="test sensor 31468"/>
			<item id="31469" losttest="3" iotype="AI" name="Sensor31469_S" textname="test sensor 31469"/>
			<item id="31470" losttest="3" iotype="AI" name="Sensor31470_S" textname="test sensor 31470"/>
			<item id="31471" losttest="3" iotype="AI" name="Sensor31471_S" textname="test sensor 31471"/>
			<item id="31472" losttest="3" iotype="AI" name="Sensor31472_S" textname="test sensor 31472"/>
			<item id="31473" losttest="3" iotype="AI" name="Sensor31473_S" textname="test sensor 31473"/>
			<item id="31474" losttest="3" iotype="AI" name="Sensor31474_S" textname="test sensor 31474"/>
			<item id="31475" losttest="3" iotype="AI" name="Sensor31475_S" textname="test sensor 31475"/>
			<item id="31476" losttest="3" iotype="AI" name="Sensor31476_S" textname="test sensor 31476"/>
			<item id="31477" losttest="3" iotype="AI" name="Sensor31477_S" textname="test sensor 31477"/>
			<item id="31478" losttest="3" iotype="AI" name="Sensor31478_S" textname="test sensor 31478"/>
			<item id="31479" losttest="3" iotype="AI" name="Sensor31479_S" textname="test sensor 31479"/>
			<item id="31480" losttest="3" iotype="AI" name="Sensor31480_S" textname="test sensor 31480"/>
			<item id="31481" losttest="3" iotype="AI" name="Sensor31481_S" textname="test sensor 31481"/>
			<item id="31482" losttest="3" iotype="AI" name="Sensor31482_S" textname="test sensor 31482"/>
			<item id="31483" losttest="3" iotype="AI" name="Sensor31483_S" textname="test sensor 31483"/>
			<item id="31484" losttest="3" iotype="AI" name="Sensor31484_S" textname="test sensor 31484"/>
			<item id="31485" losttest="3" iotype="AI" name="Sensor31485_S" textname="test sensor 31485"/>
			<item id="31486" losttest="3" iotype="AI" name="Sensor31486_S" textname="test sensor 31486"/>
			<item id="31487" losttest="3" iotype="AI" name="Sensor31487_S" textname="test sensor 31487"/>
			<item id="31488" losttest="3" iotype="AI" name="Sensor31488_S" textname="test sensor 31488"/>
			<item id="31489" losttest="3" iotype="AI" name="Sensor31489_S" textname="test sensor 31489"/>
			<item id="31490" losttest="3" iotype="AI" name="Sensor31490_S" textname="test sensor 31490"/>
			<item id="31491" losttest="3" iotype="AI" name="Sensor31491_S" textname="test sensor 31491"/>
			<item id="31492" losttest="3" iotype="AI" name="Sensor31492_S" textname="test sensor 31492"/>
			<item id="31493" losttest="3" iotype="AI" name="Sensor31493_S" textname="test sensor 31493"/>
			<item id="31494" losttest="3" iotype="AI" name="Sensor31494_S" textname="test sensor 31494"/>
			<item id="31495" losttest="3" iotype="AI" name="Sensor31495_S" textname="test sensor 31495"/>
			<item id="31496" losttest="3" iotype="AI" name="Sensor31496_S" textname="test sensor 31496"/>
			<item id="31497" losttest="3" iotype="AI" name="Sensor31497_S" textname="test sensor 31497"/>
			<item id="31498" losttest="3" iotype="AI" name="Sensor31498_S" textname="test sensor 31498"/>
			<item id="31499" losttest="3" iotype="AI" name="Sensor31499_S" textname="test sensor 31499"/>
			<item id="31500" losttest="3" iotype="AI" name="Sensor31500_S" textname="test sensor 31500"/>
			<item id="31501" losttest="3" iotype="AI" name="Sensor31501_S" textname="test sensor 31501"/>
			<item id="31502" losttest="3" iotype="AI" name="Sensor31502_S" textname="test sensor 31502"/>
			<item id="31503" losttest="3" iotype="AI" name="Sensor31503_S" textname="test sensor 31503"/>
			<item id="31504" losttest="3" iotype="AI" name="Sensor31504_S" textname="test sensor 31504"/>
			<item id="31505" losttest="3" iotype="AI" name="Sensor31505_S" textname="test sensor 31505"/>
			<item id="31506" losttest="3" iotype="AI" name="Sensor31506_S" textname="test sensor 31506"/>
			<item id="31507" losttest="3" iotype="AI" name="Sensor31507_S" textname="test sensor 31507"/>
			<item id="31508" losttest="3" iotype="AI" name="Sensor31508_S" textname="test sensor 31508"/>
			<item id="31509" losttest="3" iotype="AI" name="Sensor31509_S" textname="test sensor 31509"/>
			<item id="31510" losttest="3" iotype="AI" name="Sensor31510_S" textname="test sensor 31510"/>
			<item id="31511" losttest="3" iotype="AI" name="Sensor31511_S" textname="test sensor 31511"/>
			<item id="31512" losttest="3" iotype="AI" name="Sensor31512_S" textname="test sensor 31512"/>
			<item id="31513" losttest="3" iotype="AI" name="Sensor31513_S" textname="test sensor 31513"/>
			<item id="31514" losttest="3" iotype="AI" name="Sensor31514_S" textname="test sensor 31514"/>
			<item id="31515" losttest="3" iotype="AI" name="Sensor31515_S" textname="test sensor 31515"/>
			<item id="31516" losttest="3" iotype="AI" name="Sensor31516_S" textname="test sensor 31516"/>
			<item id="31517" losttest="3" iotype="AI" name="Sensor31517_S" textname="test sensor 31517"/>
			<item id="31518" losttest="3" iotype="AI" name="Sensor31518_S" textname="test sensor 31518"/>
			<item id="31519" losttest="3" iotype="AI" name="Sensor31519_S" textname="test sensor 31519"/>
			<item id="31520" losttest="3" iotype="AI" name="Sensor31520_S" textname="test sensor 31520"/>
			<item id="31521" losttest="3" iotype="AI" name="Sensor31521_S" textname="test sensor 31521"/>
			<item id="31522" losttest="3" iotype="AI" name="Sensor31522_S" textname="test sensor 31522"/>
			<item id="31523" losttest="3" iotype="AI" name="Sensor31523_S" textname="test sensor 31523"/>
			<item id="31524" losttest="3" iotype="AI" name="Sensor31524_S" textname="test sensor 31524"/>
			<item id="31525" losttest="3" iotype="AI" name="Sensor31525_S" textname="test sensor 31525"/>
			<item id="31526" losttest="3" iotype="AI" name="Sensor31526_S" textname="test sensor 31526"/>
			<item id="31527" losttest="3" iotype="AI" name="Sensor31527_S" textname="test sensor 31527"/>
			<item id="31528" losttest="3" iotype="AI" name="Sensor31528_S" textname="test sensor 31528"/>
			<item id="31529" losttest="3" iotype="AI" name="Sensor31529_S" textname="test sensor 31529"/>
			<item id="31530" losttest="3" iotype="AI" name="Sensor31530_S" textname="test sensor 31530"/>
			<item id="31531" losttest="3" iotype="AI" name="Sensor31531_S" textname="test sensor 31531"/>
			<item id="31532" losttest="3" iotype="AI" name="Sensor31532_S" textname="test sensor 31532"/>
			<item id="31533" losttest="3" iotype="AI" name="Sensor31533_S" textname="test sensor 31533"/>
			<item id="31534" losttest="3" iotype="AI" name="Sensor31534_S" textname="test sensor 31534"/>
			<item id="31535" losttest="3" iotype="AI" name="Sensor31535_S" textname="test sensor 31535"/>
			<item id="31536" losttest="3" iotype="AI" name="Sensor31536_S" textname="test sensor 31536"/>
			<item id="31537" losttest="3" iotype="AI" name="Sensor31537_S" textname="test sensor 31537"/>
			<item id="31538" losttest="3" iotype="AI" name="Sensor31538_S" textname="test sensor 31538"/>
			<item id="31539" losttest="3" iotype="AI" name="Sensor31539_S" textname="test sensor 31539"/>
			<item id="31540" losttest="3" iotype="AI" name="Sensor31540_S" textname="test sensor 31540"/>
			<item id="31541" losttest="3" iotype="AI" name="Sensor31541_S" textname="test sensor 31541"/>
			<item id="31542" losttest="3" iotype="AI" name="Sensor31542_S" textname="test sensor 31542"/>
			<item id="31543" losttest="3" iotype="AI" name="Sensor31543_S" textname="test sensor 31543"/>
			<item id="31544" losttest="3" iotype="AI" name="Sensor31544_S" textname="test sensor 31544"/>
			<item id="31545" losttest="3" iotype="AI" name="Sensor31545_S" textname="test sensor 31545"/>
			<item id="31546" losttest="3" iotype="AI" name="Sensor31546_S" textname="test sensor 31546"/>
			<item id="31547" losttest="3" iotype="AI" name="Sensor31547_S" textname="test sensor 31547"/>
			<item id="31548" losttest="3" iotype="AI" name="Sensor31548_S" textname="test sensor 31548"/>
			<item id="31549" losttest="3" iotype="AI" name="Sensor31549_S" textname="test sensor 31549"/>
			<item id="31550" losttest="3" iotype="AI" name="Sensor31550_S" textname="test sensor 31550"/>
			<item id="31551" losttest="3" iotype="AI" name="Sensor31551_S" textname="test sensor 31551"/>
			<item id="31552" losttest="3" iotype="AI" name="Sensor31552_S" textname="test sensor 31552"/>
			<item id="31553" losttest="3" iotype="AI" name="Sensor31553_S" textname="test sensor 31553"/>
			<item id="31554" losttest="3" iotype="AI" name="Sensor31554_S" textname="test sensor 31554"/>
			<item id="31555" losttest="3" iotype="AI" name="Sensor31555_S" textname="test sensor 31555"/>
			<item id="31556" losttest="3" iotype="AI" name="Sensor31556_S" textname="test sensor 31556"/>
			<item id="31557" losttest="3" iotype="AI" name="Sensor31557_S" textname="test sensor 31557"/>
			<item id="31558" losttest="3" iotype="AI" name="Sensor31558_S" textname="test sensor 31558"/>
			<item id="31559" losttest="3" iotype="AI" name="Sensor31559_S" textname="test sensor 31559"/>
			<item id="31560" losttest="3" iotype="AI" name="Sensor31560_S" textname="test sensor 31560"/>
			<item id="31561" losttest="3" iotype="AI" name="Sensor31561_S" textname="test sensor 31561"/>
			<item id="31562" losttest="3" iotype="AI" name="Sensor31562_S" textname="test sensor 31562"/>
			<item id="31563" losttest="3" iotype="AI" name="Sensor31563_S" textname="test sensor 31563"/>
			<item id="31564" losttest="3" iotype="AI" name="Sensor31564_S" textname="test sensor 31564"/>
			<item id="31565" losttest="3" iotype="AI" name="Sensor31565_S" textname="test sensor 31565"/>
			<item id="31566" losttest="3" iotype="AI" name="Sensor31566_S" textname="test sensor 31566"/>
			<item id="31567" losttest="3" iotype="AI" name="Sensor31567_S" textname="test sensor 31567"/>
			<item id="31568" losttest="3" iotype="AI" name="Sensor31568_S" textname="test sensor 31568"/>
			<item id="31569" losttest="3" iotype="AI" name="Sensor31569_S" textname="test sensor 31569"/>
			<item id="31570" losttest="3" iotype="AI" name="Sensor31570_S" textname="test sensor 31570"/>
			<item id="31571" losttest="3" iotype="AI" name="Sensor31571_S" textname="test sensor 31571"/>
			<item id="31572" losttest="3" iotype="AI" name="Sensor31572_S" textname="test sensor 31572"/>
			<item id="31573" losttest="3" iotype="AI" name="Sensor31573_S" textname="test sensor 31573"/>
			<item id="31574" losttest="3" iotype="AI" name="Sensor31574_S" textname="test sensor 31574"/>
			<item id="31575" losttest="3" iotype="AI" name="Sensor31575_S" textname="test sensor 31575"/>
			<item id="31576" losttest="3" iotype="AI" name="Sensor31576_S" textname="test sensor 31576"/>
			<item id="31577" losttest="3" iotype="AI" name="Sensor31577_S" textname="test sensor 31577"/>
			<item id="31578" losttest="3" iotype="AI" name="Sensor31578_S" textname="test sensor 31578"/>
			<item id="31579" losttest="3" iotype="AI" name="Sensor31579_S" textname="test sensor 31579"/>
			<item id="31580" losttest="3" iotype="AI" name="Sensor31580_S" textname="test sensor 31580"/>
			<item id="31581" losttest="3" iotype="AI" name="Sensor31581_S" textname="test sensor 31581"/>
			<item id="31582" losttest="3" iotype="AI" name="Sensor31582_S" textname="test sensor 31582"/>
			<item id="31583" losttest="3" iotype="AI" name="Sensor31583_S" textname="test sensor 31583"/>
			<item id="31584" losttest="3" iotype="AI" name="Sensor31584_S" textname="test sensor 31584"/>
			<item id="31585" losttest="3" iotype="AI" name="Sensor31585_S" textname="test sensor 31585"/>
			<item id="31586" losttest="3" iotype="AI" name="Sensor31586_S" textname="test sensor 31586"/>
			<item id="31587" losttest="3" iotype="AI" name="Sensor31587_S" textname="test sensor 31587"/>
			<item id="31588" losttest="3" iotype="AI" name="Sensor31588_S" textname="test sensor 31588"/>
			<item id="31589" losttest="3" iotype="AI" name="Sensor31589_S" textname="test sensor 31589"/>
			<item id="31590" losttest="3" iotype="AI" name="Sensor31590_S" textname="test sensor 31590"/>
			<item id="31591" losttest="3" iotype="AI" name="Sensor31591_S" textname="test sensor 31591"/>
			<item id="31592" losttest="3" iotype="AI" name="Sensor31592_S" textname="test sensor 31592"/>
			<item id="31593" losttest="3" iotype="AI" name="Sensor31593_S" textname="test sensor 31593"/>
			<item id="31594" losttest="3" iotype="AI" name="Sensor31594_S" textname="test sensor 31594"/>
			<item id="31595" losttest="3" iotype="AI" name="Sensor31595_S" textname="test sensor 31595"/>
			<item id="31596" losttest="3" iotype="AI" name="Sensor31596_S" textname="test sensor 31596"/>
			<item id="31597" losttest="3" iotype="AI" name="Sensor31597_S" textname="test sensor 31597"/>
			<item id="31598" losttest="3" iotype="AI" name="Sensor31598_S" textname="test sensor 31598"/>
			<item id="31599" losttest="3" iotype="AI" name="Sensor31599_S" textname="test sensor 31599"/>
			<item id="31600" losttest="3" iotype="AI" name="Sensor31600_S" textname="test sensor 31600"/>
			<item id="31601" losttest="3" iotype="AI" name="Sensor31601_S" textname="test sensor 31601"/>
			<item id="31602" losttest="3" iotype="AI" name="Sensor31602_S" textname="test sensor 31602"/>
			<item id="31603" losttest="3" iotype="AI" name="Sensor31603_S" textname="test sensor 31603"/>
			<item id="31604" losttest="3" iotype="AI" name="Sensor31604_S" textname="test sensor 31604"/>
			<item id="31605" losttest="3" iotype="AI" name="Sensor31605_S" textname="test sensor 31605"/>
			<item id="31606" losttest="3" iotype="AI" name="Sensor31606_S" textname="test sensor 31606"/>
			<item id="31607" losttest="3" iotype="AI" name="Sensor31607_S" textname="test sensor 31607"/>
			<item id="31608" losttest="3" iotype="AI" name="Sensor31608_S" textname="test sensor 31608"/>
			<item id="31609" losttest="3" iotype="AI" name="Sensor31609_S" textname="test sensor 31609"/>
			<item id="31610" losttest="3" iotype="AI" name="Sensor31610_S" textname="test sensor 31610"/>
			<item id="31611" losttest="3" iotype="AI" name="Sensor31611_S" textname="test sensor 31611"/>
			<item id="31612" losttest="3" iotype="AI" name="Sensor31612_S" textname="test sensor 31612"/>
			<item id="31613" losttest="3" iotype="AI" name="Sensor31613_S" textname="test sensor 31613"/>
			<item id="31614" losttest="3" iotype="AI" name="Sensor31614_S" textname="test sensor 31614"/>
			<item id="31615" losttest="3" iotype="AI" name="Sensor31615_S" textname="test sensor 31615"/>
			<item id="31616" losttest="3" iotype="AI" name="Sensor31616_S" textname="test sensor 31616"/>
			<item id="31617" losttest="3" iotype="AI" name="Sensor31617_S" textname="test sensor 31617"/>
			<item id="31618" losttest="3" iotype="AI" name="Sensor31618_S" textname="test sensor 31618"/>
			<item id="31619" losttest="3" iotype="AI" name="Sensor31619_S" textname="test sensor 31619"/>
			<item id="31620" losttest="3" iotype="AI" name="Sensor31620_S" textname="test sensor 31620"/>
			<item id="31621" losttest="3" iotype="AI" name="Sensor31621_S" textname="test sensor 31621"/>
			<item id="31622" losttest="3" iotype="AI" name="Sensor31622_S" textname="test sensor 31622"/>
			<item id="31623" losttest="3" iotype="AI" name="Sensor31623_S" textname="test sensor 31623"/>
			<item id="31624" losttest="3" iotype="AI" name="Sensor31624_S" textname="test sensor 31624"/>
			<item id="31625" losttest="3" iotype="AI" name="Sensor31625_S" textname="test sensor 31625"/>
			<item id="31626" losttest="3" iotype="AI" name="Sensor31626_S" textname="test sensor 31626"/>
			<item id="31627" losttest="3" iotype="AI" name="Sensor31627_S" textname="test sensor 31627"/>
			<item id="31628" losttest="3" iotype="AI" name="Sensor31628_S" textname="test sensor 31628"/>
			<item id="31629" losttest="3" iotype="AI" name="Sensor31629_S" textname="test sensor 31629"/>
			<item id="31630" losttest="3" iotype="AI" name="Sensor31630_S" textname="test sensor 31630"/>
			<item id="31631" losttest="3" iotype="AI" name="Sensor31631_S" textname="test sensor 31631"/>
			<item id="31632" losttest="3" iotype="AI" name="Sensor31632_S" textname="test sensor 31632"/>
			<item id="31633" losttest="3" iotype="AI" name="Sensor31633_S" textname="test sensor 31633"/>
			<item id="31634" losttest="3" iotype="AI" name="Sensor31634_S" textname="test sensor 31634"/>
			<item id="31635" losttest="3" iotype="AI" name="Sensor31635_S" textname="test sensor 31635"/>
			<item id="31636" losttest="3" iotype="AI" name="Sensor31636_S" textname="test sensor 31636"/>
			<item id="31637" losttest="3" iotype="AI" name="Sensor31637_S" textname="test sensor 31637"/>
			<item id="31638" losttest="3" iotype="AI" name="Sensor31638_S" textname="test sensor 31638"/>
			<item id="31639" losttest="3" iotype="AI" name="Sensor31639_S" textname="test sensor 31639"/>
			<item id="31640" losttest="3" iotype="AI" name="Sensor31640_S" textname="test sensor 31640"/>
			<item id="31641" losttest="3" iotype="AI" name="Sensor31641_S" textname="test sensor 31641"/>
			<item id="31642" losttest="3" iotype="AI" name="Sensor31642_S" textname="test sensor 31642"/>
			<item id="31643" losttest="3" iotype="AI" name="Sensor31643_S" textname="test sensor 31643"/>
			<item id="31644" losttest="3" iotype="AI" name="Sensor31644_S" textname="test sensor 31644"/>
			<item id="31645" losttest="3" iotype="AI" name="Sensor31645_S" textname="test sensor 31645"/>
			<item id="31646" losttest="3" iotype="AI" name="Sensor31646_S" textname="test sensor 31646"/>
			<item id="31647" losttest="3" iotype="AI" name="Sensor31647_S" textname="test sensor 31647"/>
			<item id="31648" losttest="3" iotype="AI" name="Sensor31648_S" textname="test sensor 31648"/>
			<item id="31649" losttest="3" iotype="AI" name="Sensor31649_S" textname="test sensor 31649"/>
			<item id="31650" losttest="3" iotype="AI" name="Sensor31650_S" textname="test sensor 31650"/>
			<item id="31651" losttest="3" iotype="AI" name="Sensor31651_S" textname="test sensor 31651"/>
			<item id="31652" losttest="3" iotype="AI" name="Sensor31652_S" textname="test sensor 31652"/>
			<item id="31653" losttest="3" iotype="AI" name="Sensor31653_S" textname="test sensor 31653"/>
			<item id="31654" losttest="3" iotype="AI" name="Sensor31654_S" textname="test sensor 31654"/>
			<item id="31655" losttest="3" iotype="AI" name="Sensor31655_S" textname="test sensor 31655"/>
			<item id="31656" losttest="3" iotype="AI" name="Sensor31656_S" textname="test sensor 31656"/>
			<item id="31657" losttest="3" iotype="AI" name="Sensor31657_S" textname="test sensor 31657"/>
			<item id="31658" losttest="3" iotype="AI" name="Sensor31658_S" textname="test sensor 31658"/>
			<item id="31659" losttest="3" iotype="AI" name="Sensor31659_S" textname="test sensor 31659"/>
			<item id="31660" losttest="3" iotype="AI" name="Sensor31660_S" textname="test sensor 31660"/>
			<item id="31661" losttest="3" iotype="AI" name="Sensor31661_S" textname="test sensor 31661"/>
			<item id="31662" losttest="3" iotype="AI" name="Sensor31662_S" textname="test sensor 31662"/>
			<item id="31663" losttest="3" iotype="AI" name="Sensor31663_S" textname="test sensor 31663"/>
			<item id="31664" losttest="3" iotype="AI" name="Sensor31664_S" textname="test sensor 31664"/>
			<item id="31665" losttest="3" iotype="AI" name="Sensor31665_S" textname="test sensor 31665"/>
			<item id="31666" losttest="3" iotype="AI" name="Sensor31666_S" textname="test sensor 31666"/>
			<item id="31667" losttest="3" iotype="AI" name="Sensor31667_S" textname="test sensor 31667"/>
			<item id="31668" losttest="3" iotype="AI" name="Sensor31668_S" textname="test sensor 31668"/>
			<item id="31669" losttest="3" iotype="AI" name="Sensor31669_S" textname="test sensor 31669"/>
			<item id="31670" losttest="3" iotype="AI" name="Sensor31670_S" textname="test sensor 31670"/>
			<item id="31671" losttest="3" iotype="AI" name="Sensor31671_S" textname="test sensor 31671"/>
			<item id="31672" losttest="3" iotype="AI" name="Sensor31672_S" textname="test sensor 31672"/>
			<item id="31673" losttest="3" iotype="AI" name="Sensor31673_S" textname="test sensor 31673"/>
			<item id="31674" losttest="3" iotype="AI" name="Sensor31674_S" textname="test sensor 31674"/>
			<item id="31675" losttest="3" iotype="AI" name="Sensor31675_S" textname="test sensor 31675"/>
			<item id="31676" losttest="3" iotype="AI" name="Sensor31676_S" textname="test sensor 31676"/>
			<item id="31677" losttest="3" iotype="AI" name="Sensor31677_S" textname="test sensor 31677"/>
			<item id="31678" losttest="3" iotype="AI" name="Sensor31678_S" textname="test sensor 31678"/>
			<item id="31679" losttest="3" iotype="AI" name="Sensor31679_S" textname="test sensor 31679"/>
			<item id="31680" losttest="3" iotype="AI" name="Sensor31680_S" textname="test sensor 31680"/>
			<item id="31681" losttest="3" iotype="AI" name="Sensor31681_S" textname="test sensor 31681"/>
			<item id="31682" losttest="3" iotype="AI" name="Sensor31682_S" textname="test sensor 31682"/>
			<item id="31683" losttest="3" iotype="AI" name="Sensor31683_S" textname="test sensor 31683"/>
			<item id="31684" losttest="3" iotype="AI" name="Sensor31684_S" textname="test sensor 31684"/>
			<item id="31685" losttest="3" iotype="AI" name="Sensor31685_S" textname="test sensor 31685"/>
			<item id="31686" losttest="3" iotype="AI" name="Sensor31686_S" textname="test sensor 31686"/>
			<item id="31687" losttest="3" iotype="AI" name="Sensor31687_S" textname="test sensor 31687"/>
			<item id="31688" losttest="3" iotype="AI" name="Sensor31688_S" textname="test sensor 31688"/>
			<item id="31689" losttest="3" iotype="AI" name="Sensor31689_S" textname="test sensor 31689"/>
			<item id="31690" losttest="3" iotype="AI" name="Sensor31690_S" textname="test sensor 31690"/>
			<item id="31691" losttest="3" iotype="AI" name="Sensor31691_S" textname="test sensor 31691"/>
			<item id="31692" losttest="3" iotype="AI" name="Sensor31692_S" textname="test sensor 31692"/>
			<item id="31693" losttest="3" iotype="AI" name="Sensor31693_S" textname="test sensor 31693"/>
			<item id="31694" losttest="3" iotype="AI" name="Sensor31694_S" textname="test sensor 31694"/>
			<item id="31695" losttest="3" iotype="AI" name="Sensor31695_S" textname="test sensor 31695"/>
			<item id="31696" losttest="3" iotype="AI" name="Sensor31696_S" textname="test sensor 31696"/>
			<item id="31697" losttest="3" iotype="AI" name="Sensor31697_S" textname="test sensor 31697"/>
			<item id="31698" losttest="3" iotype="AI" name="Sensor31698_S" textname="test sensor 31698"/>
			<item id="31699" losttest="3" iotype="AI" name="Sensor31699_S" textname="test sensor 31699"/>
			<item id="31700" losttest="3" iotype="AI" name="Sensor31700_S" textname="test sensor 31700"/>
			<item id="31701" losttest="3" iotype="AI" name="Sensor31701_S" textname="test sensor 31701"/>
			<item id="31702" losttest="3" iotype="AI" name="Sensor31702_S" textname="test sensor 31702"/>
			<item id="31703" losttest="3" iotype="AI" name="Sensor31703_S" textname="test sensor 31703"/>
			<item id="31704" losttest="3" iotype="AI" name="Sensor31704_S" textname="test sensor 31704"/>
			<item id="31705" losttest="3" iotype="AI" name="Sensor31705_S" textname="test sensor 31705"/>
			<item id="31706" losttest="3" iotype="AI" name="Sensor31706_S" textname="test sensor 31706"/>
			<item id="31707" losttest="3" iotype="AI" name="Sensor31707_S" textname="test sensor 31707"/>
			<item id="31708" losttest="3" iotype="AI" name="Sensor31708_S" textname="test sensor 31708"/>
			<item id="31709" losttest="3" iotype="AI" name="Sensor31709_S" textname="test sensor 31709"/>
			<item id="31710" losttest="3" iotype="AI" name="Sensor31710_S" textname="test sensor 31710"/>
			<item id="31711" losttest="3" iotype="AI" name="Sensor31711_S" textname="test sensor 31711"/>
			<item id="31712" losttest="3" iotype="AI" name="Sensor31712_S" textname="test sensor 31712"/>
			<item id="31713" losttest="3" iotype="AI" name="Sensor31713_S" textname="test sensor 31713"/>
			<item id="31714" losttest="3" iotype="AI" name="Sensor31714_S" textname="test sensor 31714"/>
			<item id="31715" losttest="3" iotype="AI" name="Sensor31715_S" textname="test sensor 31715"/>
			<item id="31716" losttest="3" iotype="AI" name="Sensor31716_S" textname="test sensor 31716"/>
			<item id="31717" losttest="3" iotype="AI" name="Sensor31717_S" textname="test sensor 31717"/>
			<item id="31718" losttest="3" iotype="AI" name="Sensor31718_S" textname="test sensor 31718"/>
			<item id="31719" losttest="3" iotype="AI" name="Sensor31719_S" textname="test sensor 31719"/>
			<item id="31720" losttest="3" iotype="AI" name="Sensor31720_S" textname="test sensor 31720"/>
			<item id="31721" losttest="3" iotype="AI" name="Sensor31721_S" textname="test sensor 31721"/>
			<item id="31722" losttest="3" iotype="AI" name="Sensor31722_S" textname="test sensor 31722"/>
			<item id="31723" losttest="3" iotype="AI" name="Sensor31723_S" textname="test sensor 31723"/>
			<item id="31724" losttest="3" iotype="AI" name="Sensor31724_S" textname="test sensor 31724"/>
			<item id="31725" losttest="3" iotype="AI" name="Sensor31725_S" textname="test sensor 31725"/>
			<item id="31726" losttest="3" iotype="AI" name="Sensor31726_S" textname="test sensor 31726"/>
			<item id="31727" losttest="3" iotype="AI" name="Sensor31727_S" textname="test sensor 31727"/>
			<item id="31728" losttest="3" iotype="AI" name="Sensor31728_S" textname="test sensor 31728"/>
			<item id="31729" losttest="3" iotype="AI" name="Sensor31729_S" textname="test sensor 31729"/>
			<item id="31730" losttest="3" iotype="AI" name="Sensor31730_S" textname="test sensor 31730"/>
			<item id="31731" losttest="3" iotype="AI" name="Sensor31731_S" textname="test sensor 31731"/>
			<item id="31732" losttest="3" iotype="AI" name="Sensor31732_S" textname="test sensor 31732"/>
			<item id="31733" losttest="3" iotype="AI" name="Sensor31733_S" textname="test sensor 31733"/>
			<item id="31734" losttest="3" iotype="AI" name="Sensor31734_S" textname="test sensor 31734"/>
			<item id="31735" losttest="3" iotype="AI" name="Sensor31735_S" textname="test sensor 31735"/>
			<item id="31736" losttest="3" iotype="AI" name="Sensor31736_S" textname="test sensor 31736"/>
			<item id="31737" losttest="3" iotype="AI" name="Sensor31737_S" textname="test sensor 31737"/>
			<item id="31738" losttest="3" iotype="AI" name="Sensor31738_S" textname="test sensor 31738"/>
			<item id="31739" losttest="3" iotype="AI" name="Sensor31739_S" textname="test sensor 31739"/>
			<item id="31740" losttest="3" iotype="AI" name="Sensor31740_S" textname="test sensor 31740"/>
			<item id="31741" losttest="3" iotype="AI" name="Sensor31741_S" textname="test sensor 31741"/>
			<item id="31742" losttest="3" iotype="AI" name="Sensor31742_S" textname="test sensor 31742"/>
			<item id="31743" losttest="3" iotype="AI" name="Sensor31743_S" textname="test sensor 31743"/>
			<item id="31744" losttest="3" iotype="AI" name="Sensor31744_S" textname="test sensor 31744"/>
			<item id="31745" losttest="3" iotype="AI" name="Sensor31745_S" textname="test sensor 31745"/>
			<item id="31746" losttest="3" iotype="AI" name="Sensor31746_S" textname="test sensor 31746"/>
			<item id="31747" losttest="3" iotype="AI" name="Sensor31747_S" textname="test sensor 31747"/>
			<item id="31748" losttest="3" iotype="AI" name="Sensor31748_S" textname="test sensor 31748"/>
			<item id="31749" losttest="3" iotype="AI" name="Sensor31749_S" textname="test sensor 31749"/>
			<item id="31750" losttest="3" iotype="AI" name="Sensor31750_S" textname="test sensor 31750"/>
			<item id="31751" losttest="3" iotype="AI" name="Sensor31751_S" textname="test sensor 31751"/>
			<item id="31752" losttest="3" iotype="AI" name="Sensor31752_S" textname="test sensor 31752"/>
			<item id="31753" losttest="3" iotype="AI" name="Sensor31753_S" textname="test sensor 31753"/>
			<item id="31754" losttest="3" iotype="AI" name="Sensor31754_S" textname="test sensor 31754"/>
			<item id="31755" losttest="3" iotype="AI" name="Sensor31755_S" textname="test sensor 31755"/>
			<item id="31756" losttest="3" iotype="AI" name="Sensor31756_S" textname="test sensor 31756"/>
			<item id="31757" losttest="3" iotype="AI" name="Sensor31757_S" textname="test sensor 31757"/>
			<item id="31758" losttest="3" iotype="AI" name="Sensor31758_S" textname="test sensor 31758"/>
			<item id="31759" losttest="3" iotype="AI" name="Sensor31759_S" textname="test sensor 31759"/>
			<item id="31760" losttest="3" iotype="AI" name="Sensor31760_S" textname="test sensor 31760"/>
			<item id="31761" losttest="3" iotype="AI" name="Sensor31761_S" textname="test sensor 31761"/>
			<item id="31762" losttest="3" iotype="AI" name="Sensor31762_S" textname="test sensor 31762"/>
			<item id="31763" losttest="3" iotype="AI" name="Sensor31763_S" textname="test sensor 31763"/>
			<item id="31764" losttest="3" iotype="AI" name="Sensor31764_S" textname="test sensor 31764"/>
			<item id="31765" losttest="3" iotype="AI" name="Sensor31765_S" textname="test sensor 31765"/>
			<item id="31766" losttest="3" iotype="AI" name="Sensor31766_S" textname="test sensor 31766"/>
			<item id="31767" losttest="3" iotype="AI" name="Sensor31767_S" textname="test sensor 31767"/>
			<item id="31768" losttest="3" iotype="AI" name="Sensor31768_S" textname="test sensor 31768"/>
			<item id="31769" losttest="3" iotype="AI" name="Sensor31769_S" textname="test sensor 31769"/>
			<item id="31770" losttest="3" iotype="AI" name="Sensor31770_S" textname="test sensor 31770"/>
			<item id="31771" losttest="3" iotype="AI" name="Sensor31771_S" textname="test sensor 31771"/>
			<item id="31772" losttest="3" iotype="AI" name="Sensor31772_S" textname="test sensor 31772"/>
			<item id="31773" losttest="3" iotype="AI" name="Sensor31773_S" textname="test sensor 31773"/>
			<item id="31774" losttest="3" iotype="AI" name="Sensor31774_S" textname="test sensor 31774"/>
			<item id="31775" losttest="3" iotype="AI" name="Sensor31775_S" textname="test sensor 31775"/>
			<item id="31776" losttest="3" iotype="AI" name="Sensor31776_S" textname="test sensor 31776"/>
			<item id="31777" losttest="3" iotype="AI" name="Sensor31777_S" textname="test sensor 31777"/>
			<item id="31778" losttest="3" iotype="AI" name="Sensor31778_S" textname="test sensor 31778"/>
			<item id="31779" losttest="3" iotype="AI" name="Sensor31779_S" textname="test sensor 31779"/>
			<item id="31780" losttest="3" iotype="AI" name="Sensor31780_S" textname="test sensor 31780"/>
			<item id="31781" losttest="3" iotype="AI" name="Sensor31781_S" textname="test sensor 31781"/>
			<item id="31782" losttest="3" iotype="AI" name="Sensor31782_S" textname="test sensor 31782"/>
			<item id="31783" losttest="3" iotype="AI" name="Sensor31783_S" textname="test sensor 31783"/>
			<item id="31784" losttest="3" iotype="AI" name="Sensor31784_S" textname="test sensor 31784"/>
			<item id="31785" losttest="3" iotype="AI" name="Sensor31785_S" textname="test sensor 31785"/>
			<item id="31786" losttest="3" iotype="AI" name="Sensor31786_S" textname="test sensor 31786"/>
			<item id="31787" losttest="3" iotype="AI" name="Sensor31787_S" textname="test sensor 31787"/>
			<item id="31788" losttest="3" iotype="AI" name="Sensor31788_S" textname="test sensor 31788"/>
			<item id="31789" losttest="3" iotype="AI" name="Sensor31789_S" textname="test sensor 31789"/>
			<item id="31790" losttest="3" iotype="AI" name="Sensor31790_S" textname="test sensor 31790"/>
			<item id="31791" losttest="3" iotype="AI" name="Sensor31791_S" textname="test sensor 31791"/>
			<item id="31792" losttest="3" iotype="AI" name="Sensor31792_S" textname="test sensor 31792"/>
			<item id="31793" losttest="3" iotype="AI" name="Sensor31793_S" textname="test sensor 31793"/>
			<item id="31794" losttest="3" iotype="AI" name="Sensor31794_S" textname="test sensor 31794"/>
			<item id="31795" losttest="3" iotype="AI" name="Sensor31795_S" textname="test sensor 31795"/>
			<item id="31796" losttest="3" iotype="AI" name="Sensor31796_S" textname="test sensor 31796"/>
			<item id="31797" losttest="3" iotype="AI" name="Sensor31797_S" textname="test sensor 31797"/>
			<item id="31798" losttest="3" iotype="AI" name="Sensor31798_S" textname="test sensor 31798"/>
			<item id="31799" losttest="3" iotype="AI" name="Sensor31799_S" textname="test sensor 31799"/>
			<item id="31800" losttest="3" iotype="AI" name="Sensor31800_S" textname="test sensor 31800"/>
			<item id="31801" losttest="3" iotype="AI" name="Sensor31801_S" textname="test sensor 31801"/>
			<item id="31802" losttest="3" iotype="AI" name="Sensor31802_S" textname="test sensor 31802"/>
			<item id="31803" losttest="3" iotype="AI" name="Sensor31803_S" textname="test sensor 31803"/>
			<item id="31804" losttest="3" iotype="AI" name="Sensor31804_S" textname="test sensor 31804"/>
			<item id="31805" losttest="3" iotype="AI" name="Sensor31805_S" textname="test sensor 31805"/>
			<item id="31806" losttest="3" iotype="AI" name="Sensor31806_S" textname="test sensor 31806"/>
			<item id="31807" losttest="3" iotype="AI" name="Sensor31807_S" textname="test sensor 31807"/>
			<item id="31808" losttest="3" iotype="AI" name="Sensor31808_S" textname="test sensor 31808"/>
			<item id="31809" losttest="3" iotype="AI" name="Sensor31809_S" textname="test sensor 31809"/>
			<item id="31810" losttest="3" iotype="AI" name="Sensor31810_S" textname="test sensor 31810"/>
			<item id="31811" losttest="3" iotype="AI" name="Sensor31811_S" textname="test sensor 31811"/>
			<item id="31812" losttest="3" iotype="AI" name="Sensor31812_S" textname="test sensor 31812"/>
			<item id="31813" losttest="3" iotype="AI" name="Sensor31813_S" textname="test sensor 31813"/>
			<item id="31814" losttest="3" iotype="AI" name="Sensor31814_S" textname="test sensor 31814"/>
			<item id="31815" losttest="3" iotype="AI" name="Sensor31815_S" textname="test sensor 31815"/>
			<item id="31816" losttest="3" iotype="AI" name="Sensor31816_S" textname="test sensor 31816"/>
			<item id="31817" losttest="3" iotype="AI" name="Sensor31817_S" textname="test sensor 31817"/>
			<item id="31818" losttest="3" iotype="AI" name="Sensor31818_S" textname="test sensor 31818"/>
			<item id="31819" losttest="3" iotype="AI" name="Sensor31819_S" textname="test sensor 31819"/>
			<item id="31820" losttest="3" iotype="AI" name="Sensor31820_S" textname="test sensor 31820"/>
			<item id="31821" losttest="3" iotype="AI" name="Sensor31821_S" textname="test sensor 31821"/>
			<item id="31822" losttest="3" iotype="AI" name="Sensor31822_S" textname="test sensor 31822"/>
			<item id="31823" losttest="3" iotype="AI" name="Sensor31823_S" textname="test sensor 31823"/>
			<item id="31824" losttest="3" iotype="AI" name="Sensor31824_S" textname="test sensor 31824"/>
			<item id="31825" losttest="3" iotype="AI" name="Sensor31825_S" textname="test sensor 31825"/>
			<item id="31826" losttest="3" iotype="AI" name="Sensor31826_S" textname="test sensor 31826"/>
			<item id="31827" losttest="3" iotype="AI" name="Sensor31827_S" textname="test sensor 31827"/>
			<item id="31828" losttest="3" iotype="AI" name="Sensor31828_S" textname="test sensor 31828"/>
			<item id="31829" losttest="3" iotype="AI" name="Sensor31829_S" textname="test sensor 31829"/>
			<item id="31830" losttest="3" iotype="AI" name="Sensor31830_S" textname="test sensor 31830"/>
			<item id="31831" losttest="3" iotype="AI" name="Sensor31831_S" textname="test sensor 31831"/>
			<item id="31832" losttest="3" iotype="AI" name="Sensor31832_S" textname="test sensor 31832"/>
			<item id="31833" losttest="3" iotype="AI" name="Sensor31833_S" textname="test sensor 31833"/>
			<item id="31834" losttest="3" iotype="AI" name="Sensor31834_S" textname="test sensor 31834"/>
			<item id="31835" losttest="3" iotype="AI" name="Sensor31835_S" textname="test sensor 31835"/>
			<item id="31836" losttest="3" iotype="AI" name="Sensor31836_S" textname="test sensor 31836"/>
			<item id="31837" losttest="3" iotype="AI" name="Sensor31837_S" textname="test sensor 31837"/>
			<item id="31838" losttest="3" iotype="AI" name="Sensor31838_S" textname="test sensor 31838"/>
			<item id="31839" losttest="3" iotype="AI" name="Sensor31839_S" textname="test sensor 31839"/>
			<item id="31840" losttest="3" iotype="AI" name="Sensor31840_S" textname="test sensor 31840"/>
			<item id="31841" losttest="3" iotype="AI" name="Sensor31841_S" textname="test sensor 31841"/>
			<item id="31842" losttest="3" iotype="AI" name="Sensor31842_S" textname="test sensor 31842"/>
			<item id="31843" losttest="3" iotype="AI" name="Sensor31843_S" textname="test sensor 31843"/>
			<item id="31844" losttest="3" iotype="AI" name="Sensor31844_S" textname="test sensor 31844"/>
			<item id="31845" losttest="3" iotype="AI" name="Sensor31845_S" textname="test sensor 31845"/>
			<item id="31846" losttest="3" iotype="AI" name="Sensor31846_S" textname="test sensor 31846"/>
			<item id="31847" losttest="3" iotype="AI" name="Sensor31847_S" textname="test sensor 31847"/>
			<item id="31848" losttest="3" iotype="AI" name="Sensor31848_S" textname="test sensor 31848"/>
			<item id="31849" losttest="3" iotype="AI" name="Sensor31849_S" textname="test sensor 31849"/>
			<item id="31850" losttest="3" iotype="AI" name="Sensor31850_S" textname="test sensor 31850"/>
			<item id="31851" losttest="3" iotype="AI" name="Sensor31851_S" textname="test sensor 31851"/>
			<item id="31852" losttest="3" iotype="AI" name="Sensor31852_S" textname="test sensor 31852"/>
			<item id="31853" losttest="3" iotype="AI" name="Sensor31853_S" textname="test sensor 31853"/>
			<item id="31854" losttest="3" iotype="AI" name="Sensor31854_S" textname="test sensor 31854"/>
			<item id="31855" losttest="3" iotype="AI" name="Sensor31855_S" textname="test sensor 31855"/>
			<item id="31856" losttest="3" iotype="AI" name="Sensor31856_S" textname="test sensor 31856"/>
			<item id="31857" losttest="3" iotype="AI" name="Sensor31857_S" textname="test sensor 31857"/>
			<item id="31858" losttest="3" iotype="AI" name="Sensor31858_S" textname="test sensor 31858"/>
			<item id="31859" losttest="3" iotype="AI" name="Sensor31859_S" textname="test sensor 31859"/>
			<item id="31860" losttest="3" iotype="AI" name="Sensor31860_S" textname="test sensor 31860"/>
			<item id="31861" losttest="3" iotype="AI" name="Sensor31861_S" textname="test sensor 31861"/>
			<item id="31862" losttest="3" iotype="AI" name="Sensor31862_S" textname="test sensor 31862"/>
			<item id="31863" losttest="3" iotype="AI" name="Sensor31863_S" textname="test sensor 31863"/>
			<item id="31864" losttest="3" iotype="AI" name="Sensor31864_S" textname="test sensor 31864"/>
			<item id="31865" losttest="3" iotype="AI" name="Sensor31865_S" textname="test sensor 31865"/>
			<item id="31866" losttest="3" iotype="AI" name="Sensor31866_S" textname="test sensor 31866"/>
			<item id="31867" losttest="3" iotype="AI" name="Sensor31867_S" textname="test sensor 31867"/>
			<item id="31868" losttest="3" iotype="AI" name="Sensor31868_S" textname="test sensor 31868"/>
			<item id="31869" losttest="3" iotype="AI" name="Sensor31869_S" textname="test sensor 31869"/>
			<item id="31870" losttest="3" iotype="AI" name="Sensor31870_S" textname="test sensor 31870"/>
			<item id="31871" losttest="3" iotype="AI" name="Sensor31871_S" textname="test sensor 31871"/>
			<item id="31872" losttest="3" iotype="AI" name="Sensor31872_S" textname="test sensor 31872"/>
			<item id="31873" losttest="3" iotype="AI" name="Sensor31873_S" textname="test sensor 31873"/>
			<item id="31874" losttest="3" iotype="AI" name="Sensor31874_S" textname="test sensor 31874"/>
			<item id="31875" losttest="3" iotype="AI" name="Sensor31875_S" textname="test sensor 31875"/>
			<item id="31876" losttest="3" iotype="AI" name="Sensor31876_S" textname="test sensor 31876"/>
			<item id="31877" losttest="3" iotype="AI" name="Sensor31877_S" textname="test sensor 31877"/>
			<item id="31878" losttest="3" iotype="AI" name="Sensor31878_S" textname="test sensor 31878"/>
			<item id="31879" losttest="3" iotype="AI" name="Sensor31879_S" textname="test sensor 31879"/>
			<item id="31880" losttest="3" iotype="AI" name="Sensor31880_S" textname="test sensor 31880"/>
			<item id="31881" losttest="3" iotype="AI" name="Sensor31881_S" textname="test sensor 31881"/>
			<item id="31882" losttest="3" iotype="AI" name="Sensor31882_S" textname="test sensor 31882"/>
			<item id="31883" losttest="3" iotype="AI" name="Sensor31883_S" textname="test sensor 31883"/>
			<item id="31884" losttest="3" iotype="AI" name="Sensor31884_S" textname="test sensor 31884"/>
			<item id="31885" losttest="3" iotype="AI" name="Sensor31885_S" textname="test sensor 31885"/>
			<item id="31886" losttest="3" iotype="AI" name="Sensor31886_S" textname="test sensor 31886"/>
			<item id="31887" losttest="3" iotype="AI" name="Sensor31887_S" textname="test sensor 31887"/>
			<item id="31888" losttest="3" iotype="AI" name="Sensor31888_S" textname="test sensor 31888"/>
			<item id="31889" losttest="3" iotype="AI" name="Sensor31889_S" textname="test sensor 31889"/>
			<item id="31890" losttest="3" iotype="AI" name="Sensor31890_S" textname="test sensor 31890"/>
			<item id="31891" losttest="3" iotype="AI" name="Sensor31891_S" textname="test sensor 31891"/>
			<item id="31892" losttest="3" iotype="AI" name="Sensor31892_S" textname="test sensor 31892"/>
			<item id="31893" losttest="3" iotype="AI" name="Sensor31893_S" textname="test sensor 31893"/>
			<item id="31894" losttest="3" iotype="AI" name="Sensor31894_S" textname="test sensor 31894"/>
			<item id="31895" losttest="3" iotype="AI" name="Sensor31895_S" textname="test sensor 31895"/>
			<item id="31896" losttest="3" iotype="AI" name="Sensor31896_S" textname="test sensor 31896"/>
			<item id="31897" losttest="3" iotype="AI" name="Sensor31897_S" textname="test sensor 31897"/>
			<item id="31898" losttest="3" iotype="AI" name="Sensor31898_S" textname="test sensor 31898"/>
			<item id="31899" losttest="3" iotype="AI" name="Sensor31899_S" textname="test sensor 31899"/>
			<item id="31900" losttest="3" iotype="AI" name="Sensor31900_S" textname="test sensor 31900"/>
			<item id="31901" losttest="3" iotype="AI" name="Sensor31901_S" textname="test sensor 31901"/>
			<item id="31902" losttest="3" iotype="AI" name="Sensor31902_S" textname="test sensor 31902"/>
			<item id="31903" losttest="3" iotype="AI" name="Sensor31903_S" textname="test sensor 31903"/>
			<item id="31904" losttest="3" iotype="AI" name="Sensor31904_S" textname="test sensor 31904"/>
			<item id="31905" losttest="3" iotype="AI" name="Sensor31905_S" textname="test sensor 31905"/>
			<item id="31906" losttest="3" iotype="AI" name="Sensor31906_S" textname="test sensor 31906"/>
			<item id="31907" losttest="3" iotype="AI" name="Sensor31907_S" textname="test sensor 31907"/>
			<item id="31908" losttest="3" iotype="AI" name="Sensor31908_S" textname="test sensor 31908"/>
			<item id="31909" losttest="3" iotype="AI" name="Sensor31909_S" textname="test sensor 31909"/>
			<item id="31910" losttest="3" iotype="AI" name="Sensor31910_S" textname="test sensor 31910"/>
			<item id="31911" losttest="3" iotype="AI" name="Sensor31911_S" textname="test sensor 31911"/>
			<item id="31912" losttest="3" iotype="AI" name="Sensor31912_S" textname="test sensor 31912"/>
			<item id="31913" losttest="3" iotype="AI" name="Sensor31913_S" textname="test sensor 31913"/>
			<item id="31914" losttest="3" iotype="AI" name="Sensor31914_S" textname="test sensor 31914"/>
			<item id="31915" losttest="3" iotype="AI" name="Sensor31915_S" textname="test sensor 31915"/>
			<item id="31916" losttest="3" iotype="AI" name="Sensor31916_S" textname="test sensor 31916"/>
			<item id="31917" losttest="3" iotype="AI" name="Sensor31917_S" textname="test sensor 31917"/>
			<item id="31918" losttest="3" iotype="AI" name="Sensor31918_S" textname="test sensor 31918"/>
			<item id="31919" losttest="3" iotype="AI" name="Sensor31919_S" textname="test sensor 31919"/>
			<item id="31920" losttest="3" iotype="AI" name="Sensor31920_S" textname="test sensor 31920"/>
			<item id="31921" losttest="3" iotype="AI" name="Sensor31921_S" textname="test sensor 31921"/>
			<item id="31922" losttest="3" iotype="AI" name="Sensor31922_S" textname="test sensor 31922"/>
			<item id="31923" losttest="3" iotype="AI" name="Sensor31923_S" textname="test sensor 31923"/>
			<item id="31924" losttest="3" iotype="AI" name="Sensor31924_S" textname="test sensor 31924"/>
			<item id="31925" losttest="3" iotype="AI" name="Sensor31925_S" textname="test sensor 31925"/>
			<item id="31926" losttest="3" iotype="AI" name="Sensor31926_S" textname="test sensor 31926"/>
			<item id="31927" losttest="3" iotype="AI" name="Sensor31927_S" textname="test sensor 31927"/>
			<item id="31928" losttest="3" iotype="AI" name="Sensor31928_S" textname="test sensor 31928"/>
			<item id="31929" losttest="3" iotype="AI" name="Sensor31929_S" textname="test sensor 31929"/>
			<item id="31930" losttest="3" iotype="AI" name="Sensor31930_S" textname="test sensor 31930"/>
			<item id="31931" losttest="3" iotype="AI" name="Sensor31931_S" textname="test sensor 31931"/>
			<item id="31932" losttest="3" iotype="AI" name="Sensor31932_S" textname="test sensor 31932"/>
			<item id="31933" losttest="3" iotype="AI" name="Sensor31933_S" textname="test sensor 31933"/>
			<item id="31934" losttest="3" iotype="AI" name="Sensor31934_S" textname="test sensor 31934"/>
			<item id="31935" losttest="3" iotype="AI" name="Sensor31935_S" textname="test sensor 31935"/>
			<item id="31936" losttest="3" iotype="AI" name="Sensor31936_S" textname="test sensor 31936"/>
			<item id="31937" losttest="3" iotype="AI" name="Sensor31937_S" textname="test sensor 31937"/>
			<item id="31938" losttest="3" iotype="AI" name="Sensor31938_S" textname="test sensor 31938"/>
			<item id="31939" losttest="3" iotype="AI" name="Sensor31939_S" textname="test sensor 31939"/>
			<item id="31940" losttest="3" iotype="AI" name="Sensor31940_S" textname="test sensor 31940"/>
			<item id="31941" losttest="3" iotype="AI" name="Sensor31941_S" textname="test sensor 31941"/>
			<item id="31942" losttest="3" iotype="AI" name="Sensor31942_S" textname="test sensor 31942"/>
			<item id="31943" losttest="3" iotype="AI" name="Sensor31943_S" textname="test sensor 31943"/>
			<item id="31944" losttest="3" iotype="AI" name="Sensor31944_S" textname="test sensor 31944"/>
			<item id="31945" losttest="3" iotype="AI" name="Sensor31945_S" textname="test sensor 31945"/>
			<item id="31946" losttest="3" iotype="AI" name="Sensor31946_S" textname="test sensor 31946"/>
			<item id="31947" losttest="3" iotype="AI" name="Sensor31947_S" textname="test sensor 31947"/>
			<item id="31948" losttest="3" iotype="AI" name="Sensor31948_S" textname="test sensor 31948"/>
			<item id="31949" losttest="3" iotype="AI" name="Sensor31949_S" textname="test sensor 31949"/>
			<item id="31950" losttest="3" iotype="AI" name="Sensor31950_S" textname="test sensor 31950"/>
			<item id="31951" losttest="3" iotype="AI" name="Sensor31951_S" textname="test sensor 31951"/>
			<item id="31952" losttest="3" iotype="AI" name="Sensor31952_S" textname="test sensor 31952"/>
			<item id="31953" losttest="3" iotype="AI" name="Sensor31953_S" textname="test sensor 31953"/>
			<item id="31954" losttest="3" iotype="AI" name="Sensor31954_S" textname="test sensor 31954"/>
			<item id="31955" losttest="3" iotype="AI" name="Sensor31955_S" textname="test sensor 31955"/>
			<item id="31956" losttest="3" iotype="AI" name="Sensor31956_S" textname="test sensor 31956"/>
			<item id="31957" losttest="3" iotype="AI" name="Sensor31957_S" textname="test sensor 31957"/>
			<item id="31958" losttest="3" iotype="AI" name="Sensor31958_S" textname="test sensor 31958"/>
			<item id="31959" losttest="3" iotype="AI" name="Sensor31959_S" textname="test sensor 31959"/>
			<item id="31960" losttest="3" iotype="AI" name="Sensor31960_S" textname="test sensor 31960"/>
			<item id="31961" losttest="3" iotype="AI" name="Sensor31961_S" textname="test sensor 31961"/>
			<item id="31962" losttest="3" iotype="AI" name="Sensor31962_S" textname="test sensor 31962"/>
			<item id="31963" losttest="3" iotype="AI" name="Sensor31963_S" textname="test sensor 31963"/>
			<item id="31964" losttest="3" iotype="AI" name="Sensor31964_S" textname="test sensor 31964"/>
			<item id="31965" losttest="3" iotype="AI" name="Sensor31965_S" textname="test sensor 31965"/>
			<item id="31966" losttest="3" iotype="AI" name="Sensor31966_S" textname="test sensor 31966"/>
			<item id="31967" losttest="3" iotype="AI" name="Sensor31967_S" textname="test sensor 31967"/>
			<item id="31968" losttest="3" iotype="AI" name="Sensor31968_S" textname="test sensor 31968"/>
			<item id="31969" losttest="3" iotype="AI" name="Sensor31969_S" textname="test sensor 31969"/>
			<item id="31970" losttest="3" iotype="AI" name="Sensor31970_S" textname="test sensor 31970"/>
			<item id="31971" losttest="3" iotype="AI" name="Sensor31971_S" textname="test sensor 31971"/>
			<item id="31972" losttest="3" iotype="AI" name="Sensor31972_S" textname="test sensor 31972"/>
			<item id="31973" losttest="3" iotype="AI" name="Sensor31973_S" textname="test sensor 31973"/>
			<item id="31974" losttest="3" iotype="AI" name="Sensor31974_S" textname="test sensor 31974"/>
			<item id="31975" losttest="3" iotype="AI" name="Sensor31975_S" textname="test sensor 31975"/>
			<item id="31976" losttest="3" iotype="AI" name="Sensor31976_S" textname="test sensor 31976"/>
			<item id="31977" losttest="3" iotype="AI" name="Sensor31977_S" textname="test sensor 31977"/>
			<item id="31978" losttest="3" iotype="AI" name="Sensor31978_S" textname="test sensor 31978"/>
			<item id="31979" losttest="3" iotype="AI" name="Sensor31979_S" textname="test sensor 31979"/>
			<item id="31980" losttest="3" iotype="AI" name="Sensor31980_S" textname="test sensor 31980"/>
			<item id="31981" losttest="3" iotype="AI" name="Sensor31981_S" textname="test sensor 31981"/>
			<item id="31982" losttest="3" iotype="AI" name="Sensor31982_S" textname="test sensor 31982"/>
			<item id="31983" losttest="3" iotype="AI" name="Sensor31983_S" textname="test sensor 31983"/>
			<item id="31984" losttest="3" iotype="AI" name="Sensor31984_S" textname="test sensor 31984"/>
			<item id="31985" losttest="3" iotype="AI" name="Sensor31985_S" textname="test sensor 31985"/>
			<item id="31986" losttest="3" iotype="AI" name="Sensor31986_S" textname="test sensor 31986"/>
			<item id="31987" losttest="3" iotype="AI" name="Sensor31987_S" textname="test sensor 31987"/>
			<item id="31988" losttest="3" iotype="AI" name="Sensor31988_S" textname="test sensor 31988"/>
			<item id="31989" losttest="3" iotype="AI" name="Sensor31989_S" textname="test sensor 31989"/>
			<item id="31990" losttest="3" iotype="AI" name="Sensor31990_S" textname="test sensor 31990"/>
			<item id="31991" losttest="3" iotype="AI" name="Sensor31991_S" textname="test sensor 31991"/>
			<item id="31992" losttest="3" iotype="AI" name="Sensor31992_S" textname="test sensor 31992"/>
			<item id="31993" losttest="3" iotype="AI" name="Sensor31993_S" textname="test sensor 31993"/>
			<item id="31994" losttest="3" iotype="AI" name="Sensor31994_S" textname="test sensor 31994"/>
			<item id="31995" losttest="3" iotype="AI" name="Sensor31995_S" textname="test sensor 31995"/>
			<item id="31996" losttest="3" iotype="AI" name="Sensor31996_S" textname="test sensor 31996"/>
			<item id="31997" losttest="3" iotype="AI" name="Sensor31997_S" textname="test sensor 31997"/>
			<item id="31998" losttest="3" iotype="AI" name="Sensor31998_S" textname="test sensor 31998"/>
			<item id="31999" losttest="3" iotype="AI" name="Sensor31999_S" textname="test sensor 31999"/>
			<item id="32000" losttest="3" iotype="AI" name="Sensor32000_S" textname="test sensor 32000"/>
			<item id="32001" losttest="3" iotype="AI" name="Sensor32001_S" textname="test sensor 32001"/>
			<item id="32002" losttest="3" iotype="AI" name="Sensor32002_S" textname="test sensor 32002"/>
			<item id="32003" losttest="3" iotype="AI" name="Sensor32003_S" textname="test sensor 32003"/>
			<item id="32004" losttest="3" iotype="AI" name="Sensor32004_S" textname="test sensor 32004"/>
			<item id="32005" losttest="3" iotype="AI" name="Sensor32005_S" textname="test sensor 32005"/>
			<item id="32006" losttest="3" iotype="AI" name="Sensor32006_S" textname="test sensor 32006"/>
			<item id="32007" losttest="3" iotype="AI" name="Sensor32007_S" textname="test sensor 32007"/>
			<item id="32008" losttest="3" iotype="AI" name="Sensor32008_S" textname="test sensor 32008"/>
			<item id="32009" losttest="3" iotype="AI" name="Sensor32009_S" textname="test sensor 32009"/>
			<item id="32010" losttest="3" iotype="AI" name="Sensor32010_S" textname="test sensor 32010"/>
			<item id="32011" losttest="3" iotype="AI" name="Sensor32011_S" textname="test sensor 32011"/>
			<item id="32012" losttest="3" iotype="AI" name="Sensor32012_S" textname="test sensor 32012"/>
			<item id="32013" losttest="3" iotype="AI" name="Sensor32013_S" textname="test sensor 32013"/>
			<item id="32014" losttest="3" iotype="AI" name="Sensor32014_S" textname="test sensor 32014"/>
			<item id="32015" losttest="3" iotype="AI" name="Sensor32015_S" textname="test sensor 32015"/>
			<item id="32016" losttest="3" iotype="AI" name="Sensor32016_S" textname="test sensor 32016"/>
			<item id="32017" losttest="3" iotype="AI" name="Sensor32017_S" textname="test sensor 32017"/>
			<item id="32018" losttest="3" iotype="AI" name="Sensor32018_S" textname="test sensor 32018"/>
			<item id="32019" losttest="3" iotype="AI" name="Sensor32019_S" textname="test sensor 32019"/>
			<item id="32020" losttest="3" iotype="AI" name="Sensor32020_S" textname="test sensor 32020"/>
			<item id="32021" losttest="3" iotype="AI" name="Sensor32021_S" textname="test sensor 32021"/>
			<item id="32022" losttest="3" iotype="AI" name="Sensor32022_S" textname="test sensor 32022"/>
			<item id="32023" losttest="3" iotype="AI" name="Sensor32023_S" textname="test sensor 32023"/>
			<item id="32024" losttest="3" iotype="AI" name="Sensor32024_S" textname="test sensor 32024"/>
			<item id="32025" losttest="3" iotype="AI" name="Sensor32025_S" textname="test sensor 32025"/>
			<item id="32026" losttest="3" iotype="AI" name="Sensor32026_S" textname="test sensor 32026"/>
			<item id="32027" losttest="3" iotype="AI" name="Sensor32027_S" textname="test sensor 32027"/>
			<item id="32028" losttest="3" iotype="AI" name="Sensor32028_S" textname="test sensor 32028"/>
			<item id="32029" losttest="3" iotype="AI" name="Sensor32029_S" textname="test sensor 32029"/>
			<item id="32030" losttest="3" iotype="AI" name="Sensor32030_S" textname="test sensor 32030"/>
			<item id="32031" losttest="3" iotype="AI" name="Sensor32031_S" textname="test sensor 32031"/>
			<item id="32032" losttest="3" iotype="AI" name="Sensor32032_S" textname="test sensor 32032"/>
			<item id="32033" losttest="3" iotype="AI" name="Sensor32033_S" textname="test sensor 32033"/>
			<item id="32034" losttest="3" iotype="AI" name="Sensor32034_S" textname="test sensor 32034"/>
			<item id="32035" losttest="3" iotype="AI" name="Sensor32035_S" textname="test sensor 32035"/>
			<item id="32036" losttest="3" iotype="AI" name="Sensor32036_S" textname="test sensor 32036"/>
			<item id="32037" losttest="3" iotype="AI" name="Sensor32037_S" textname="test sensor 32037"/>
			<item id="32038" losttest="3" iotype="AI" name="Sensor32038_S" textname="test sensor 32038"/>
			<item id="32039" losttest="3" iotype="AI" name="Sensor32039_S" textname="test sensor 32039"/>
			<item id="32040" losttest="3" iotype="AI" name="Sensor32040_S" textname="test sensor 32040"/>
			<item id="32041" losttest="3" iotype="AI" name="Sensor32041_S" textname="test sensor 32041"/>
			<item id="32042" losttest="3" iotype="AI" name="Sensor32042_S" textname="test sensor 32042"/>
			<item id="32043" losttest="3" iotype="AI" name="Sensor32043_S" textname="test sensor 32043"/>
			<item id="32044" losttest="3" iotype="AI" name="Sensor32044_S" textname="test sensor 32044"/>
			<item id="32045" losttest="3" iotype="AI" name="Sensor32045_S" textname="test sensor 32045"/>
			<item id="32046" losttest="3" iotype="AI" name="Sensor32046_S" textname="test sensor 32046"/>
			<item id="32047" losttest="3" iotype="AI" name="Sensor32047_S" textname="test sensor 32047"/>
			<item id="32048" losttest="3" iotype="AI" name="Sensor32048_S" textname="test sensor 32048"/>
			<item id="32049" losttest="3" iotype="AI" name="Sensor32049_S" textname="test sensor 32049"/>
			<item id="32050" losttest="3" iotype="AI" name="Sensor32050_S" textname="test sensor 32050"/>
			<item id="32051" losttest="3" iotype="AI" name="Sensor32051_S" textname="test sensor 32051"/>
			<item id="32052" losttest="3" iotype="AI" name="Sensor32052_S" textname="test sensor 32052"/>
			<item id="32053" losttest="3" iotype="AI" name="Sensor32053_S" textname="test sensor 32053"/>
			<item id="32054" losttest="3" iotype="AI" name="Sensor32054_S" textname="test sensor 32054"/>
			<item id="32055" losttest="3" iotype="AI" name="Sensor32055_S" textname="test sensor 32055"/>
			<item id="32056" losttest="3" iotype="AI" name="Sensor32056_S" textname="test sensor 32056"/>
			<item id="32057" losttest="3" iotype="AI" name="Sensor32057_S" textname="test sensor 32057"/>
			<item id="32058" losttest="3" iotype="AI" name="Sensor32058_S" textname="test sensor 32058"/>
			<item id="32059" losttest="3" iotype="AI" name="Sensor32059_S" textname="test sensor 32059"/>
			<item id="32060" losttest="3" iotype="AI" name="Sensor32060_S" textname="test sensor 32060"/>
			<item id="32061" losttest="3" iotype="AI" name="Sensor32061_S" textname="test sensor 32061"/>
			<item id="32062" losttest="3" iotype="AI" name="Sensor32062_S" textname="test sensor 32062"/>
			<item id="32063" losttest="3" iotype="AI" name="Sensor32063_S" textname="test sensor 32063"/>
			<item id="32064" losttest="3" iotype="AI" name="Sensor32064_S" textname="test sensor 32064"/>
			<item id="32065" losttest="3" iotype="AI" name="Sensor32065_S" textname="test sensor 32065"/>
			<item id="32066" losttest="3" iotype="AI" name="Sensor32066_S" textname="test sensor 32066"/>
			<item id="32067" losttest="3" iotype="AI" name="Sensor32067_S" textname="test sensor 32067"/>
			<item id="32068" losttest="3" iotype="AI" name="Sensor32068_S" textname="test sensor 32068"/>
			<item id="32069" losttest="3" iotype="AI" name="Sensor32069_S" textname="test sensor 32069"/>
			<item id="32070" losttest="3" iotype="AI" name="Sensor32070_S" textname="test sensor 32070"/>
			<item id="32071" losttest="3" iotype="AI" name="Sensor32071_S" textname="test sensor 32071"/>
			<item id="32072" losttest="3" iotype="AI" name="Sensor32072_S" textname="test sensor 32072"/>
			<item id="32073" losttest="3" iotype="AI" name="Sensor32073_S" textname="test sensor 32073"/>
			<item id="32074" losttest="3" iotype="AI" name="Sensor32074_S" textname="test sensor 32074"/>
			<item id="32075" losttest="3" iotype="AI" name="Sensor32075_S" textname="test sensor 32075"/>
			<item id="32076" losttest="3" iotype="AI" name="Sensor32076_S" textname="test sensor 32076"/>
			<item id="32077" losttest="3" iotype="AI" name="Sensor32077_S" textname="test sensor 32077"/>
			<item id="32078" losttest="3" iotype="AI" name="Sensor32078_S" textname="test sensor 32078"/>
			<item id="32079" losttest="3" iotype="AI" name="Sensor32079_S" textname="test sensor 32079"/>
			<item id="32080" losttest="3" iotype="AI" name="Sensor32080_S" textname="test sensor 32080"/>
			<item id="32081" losttest="3" iotype="AI" name="Sensor32081_S" textname="test sensor 32081"/>
			<item id="32082" losttest="3" iotype="AI" name="Sensor32082_S" textname="test sensor 32082"/>
			<item id="32083" losttest="3" iotype="AI" name="Sensor32083_S" textname="test sensor 32083"/>
			<item id="32084" losttest="3" iotype="AI" name="Sensor32084_S" textname="test sensor 32084"/>
			<item id="32085" losttest="3" iotype="AI" name="Sensor32085_S" textname="test sensor 32085"/>
			<item id="32086" losttest="3" iotype="AI" name="Sensor32086_S" textname="test sensor 32086"/>
			<item id="32087" losttest="3" iotype="AI" name="Sensor32087_S" textname="test sensor 32087"/>
			<item id="32088" losttest="3" iotype="AI" name="Sensor32088_S" textname="test sensor 32088"/>
			<item id="32089" losttest="3" iotype="AI" name="Sensor32089_S" textname="test sensor 32089"/>
			<item id="32090" losttest="3" iotype="AI" name="Sensor32090_S" textname="test sensor 32090"/>
			<item id="32091" losttest="3" iotype="AI" name="Sensor32091_S" textname="test sensor 32091"/>
			<item id="32092" losttest="3" iotype="AI" name="Sensor32092_S" textname="test sensor 32092"/>
			<item id="32093" losttest="3" iotype="AI" name="Sensor32093_S" textname="test sensor 32093"/>
			<item id="32094" losttest="3" iotype="AI" name="Sensor32094_S" textname="test sensor 32094"/>
			<item id="32095" losttest="3" iotype="AI" name="Sensor32095_S" textname="test sensor 32095"/>
			<item id="32096" losttest="3" iotype="AI" name="Sensor32096_S" textname="test sensor 32096"/>
			<item id="32097" losttest="3" iotype="AI" name="Sensor32097_S" textname="test sensor 32097"/>
			<item id="32098" losttest="3" iotype="AI" name="Sensor32098_S" textname="test sensor 32098"/>
			<item id="32099" losttest="3" iotype="AI" name="Sensor32099_S" textname="test sensor 32099"/>
			<item id="32100" losttest="3" iotype="AI" name="Sensor32100_S" textname="test sensor 32100"/>
			<item id="32101" losttest="3" iotype="AI" name="Sensor32101_S" textname="test sensor 32101"/>
			<item id="32102" losttest="3" iotype="AI" name="Sensor32102_S" textname="test sensor 32102"/>
			<item id="32103" losttest="3" iotype="AI" name="Sensor32103_S" textname="test sensor 32103"/>
			<item id="32104" losttest="3" iotype="AI" name="Sensor32104_S" textname="test sensor 32104"/>
			<item id="32105" losttest="3" iotype="AI" name="Sensor32105_S" textname="test sensor 32105"/>
			<item id="32106" losttest="3" iotype="AI" name="Sensor32106_S" textname="test sensor 32106"/>
			<item id="32107" losttest="3" iotype="AI" name="Sensor32107_S" textname="test sensor 32107"/>
			<item id="32108" losttest="3" iotype="AI" name="Sensor32108_S" textname="test sensor 32108"/>
			<item id="32109" losttest="3" iotype="AI" name="Sensor32109_S" textname="test sensor 32109"/>
			<item id="32110" losttest="3" iotype="AI" name="Sensor32110_S" textname="test sensor 32110"/>
			<item id="32111" losttest="3" iotype="AI" name="Sensor32111_S" textname="test sensor 32111"/>
			<item id="32112" losttest="3" iotype="AI" name="Sensor32112_S" textname="test sensor 32112"/>
			<item id="32113" losttest="3" iotype="AI" name="Sensor32113_S" textname="test sensor 32113"/>
			<item id="32114" losttest="3" iotype="AI" name="Sensor32114_S" textname="test sensor 32114"/>
			<item id="32115" losttest="3" iotype="AI" name="Sensor32115_S" textname="test sensor 32115"/>
			<item id="32116" losttest="3" iotype="AI" name="Sensor32116_S" textname="test sensor 32116"/>
			<item id="32117" losttest="3" iotype="AI" name="Sensor32117_S" textname="test sensor 32117"/>
			<item id="32118" losttest="3" iotype="AI" name="Sensor32118_S" textname="test sensor 32118"/>
			<item id="32119" losttest="3" iotype="AI" name="Sensor32119_S" textname="test sensor 32119"/>
			<item id="32120" losttest="3" iotype="AI" name="Sensor32120_S" textname="test sensor 32120"/>
			<item id="32121" losttest="3" iotype="AI" name="Sensor32121_S" textname="test sensor 32121"/>
			<item id="32122" losttest="3" iotype="AI" name="Sensor32122_S" textname="test sensor 32122"/>
			<item id="32123" losttest="3" iotype="AI" name="Sensor32123_S" textname="test sensor 32123"/>
			<item id="32124" losttest="3" iotype="AI" name="Sensor32124_S" textname="test sensor 32124"/>
			<item id="32125" losttest="3" iotype="AI" name="Sensor32125_S" textname="test sensor 32125"/>
			<item id="32126" losttest="3" iotype="AI" name="Sensor32126_S" textname="test sensor 32126"/>
			<item id="32127" losttest="3" iotype="AI" name="Sensor32127_S" textname="test sensor 32127"/>
			<item id="32128" losttest="3" iotype="AI" name="Sensor32128_S" textname="test sensor 32128"/>
			<item id="32129" losttest="3" iotype="AI" name="Sensor32129_S" textname="test sensor 32129"/>
			<item id="32130" losttest="3" iotype="AI" name="Sensor32130_S" textname="test sensor 32130"/>
			<item id="32131" losttest="3" iotype="AI" name="Sensor32131_S" textname="test sensor 32131"/>
			<item id="32132" losttest="3" iotype="AI" name="Sensor32132_S" textname="test sensor 32132"/>
			<item id="32133" losttest="3" iotype="AI" name="Sensor32133_S" textname="test sensor 32133"/>
			<item id="32134" losttest="3" iotype="AI" name="Sensor32134_S" textname="test sensor 32134"/>
			<item id="32135" losttest="3" iotype="AI" name="Sensor32135_S" textname="test sensor 32135"/>
			<item id="32136" losttest="3" iotype="AI" name="Sensor32136_S" textname="test sensor 32136"/>
			<item id="32137" losttest="3" iotype="AI" name="Sensor32137_S" textname="test sensor 32137"/>
			<item id="32138" losttest="3" iotype="AI" name="Sensor32138_S" textname="test sensor 32138"/>
			<item id="32139" losttest="3" iotype="AI" name="Sensor32139_S" textname="test sensor 32139"/>
			<item id="32140" losttest="3" iotype="AI" name="Sensor32140_S" textname="test sensor 32140"/>
			<item id="32141" losttest="3" iotype="AI" name="Sensor32141_S" textname="test sensor 32141"/>
			<item id="32142" losttest="3" iotype="AI" name="Sensor32142_S" textname="test sensor 32142"/>
			<item id="32143" losttest="3" iotype="AI" name="Sensor32143_S" textname="test sensor 32143"/>
			<item id="32144" losttest="3" iotype="AI" name="Sensor32144_S" textname="test sensor 32144"/>
			<item id="32145" losttest="3" iotype="AI" name="Sensor32145_S" textname="test sensor 32145"/>
			<item id="32146" losttest="3" iotype="AI" name="Sensor32146_S" textname="test sensor 32146"/>
			<item id="32147" losttest="3" iotype="AI" name="Sensor32147_S" textname="test sensor 32147"/>
			<item id="32148" losttest="3" iotype="AI" name="Sensor32148_S" textname="test sensor 32148"/>
			<item id="32149" losttest="3" iotype="AI" name="Sensor32149_S" textname="test sensor 32149"/>
			<item id="32150" losttest="3" iotype="AI" name="Sensor32150_S" textname="test sensor 32150"/>
			<item id="32151" losttest="3" iotype="AI" name="Sensor32151_S" textname="test sensor 32151"/>
			<item id="32152" losttest="3" iotype="AI" name="Sensor32152_S" textname="test sensor 32152"/>
			<item id="32153" losttest="3" iotype="AI" name="Sensor32153_S" textname="test sensor 32153"/>
			<item id="32154" losttest="3" iotype="AI" name="Sensor32154_S" textname="test sensor 32154"/>
			<item id="32155" losttest="3" iotype="AI" name="Sensor32155_S" textname="test sensor 32155"/>
			<item id="32156" losttest="3" iotype="AI" name="Sensor32156_S" textname="test sensor 32156"/>
			<item id="32157" losttest="3" iotype="AI" name="Sensor32157_S" textname="test sensor 32157"/>
			<item id="32158" losttest="3" iotype="AI" name="Sensor32158_S" textname="test sensor 32158"/>
			<item id="32159" losttest="3" iotype="AI" name="Sensor32159_S" textname="test sensor 32159"/>
			<item id="32160" losttest="3" iotype="AI" name="Sensor32160_S" textname="test sensor 32160"/>
			<item id="32161" losttest="3" iotype="AI" name="Sensor32161_S" textname="test sensor 32161"/>
			<item id="32162" losttest="3" iotype="AI" name="Sensor32162_S" textname="test sensor 32162"/>
			<item id="32163" losttest="3" iotype="AI" name="Sensor32163_S" textname="test sensor 32163"/>
			<item id="32164" losttest="3" iotype="AI" name="Sensor32164_S" textname="test sensor 32164"/>
			<item id="32165" losttest="3" iotype="AI" name="Sensor32165_S" textname="test sensor 32165"/>
			<item id="32166" losttest="3" iotype="AI" name="Sensor32166_S" textname="test sensor 32166"/>
			<item id="32167" losttest="3" iotype="AI" name="Sensor32167_S" textname="test sensor 32167"/>
			<item id="32168" losttest="3" iotype="AI" name="Sensor32168_S" textname="test sensor 32168"/>
			<item id="32169" losttest="3" iotype="AI" name="Sensor32169_S" textname="test sensor 32169"/>
			<item id="32170" losttest="3" iotype="AI" name="Sensor32170_S" textname="test sensor 32170"/>
			<item id="32171" losttest="3" iotype="AI" name="Sensor32171_S" textname="test sensor 32171"/>
			<item id="32172" losttest="3" iotype="AI" name="Sensor32172_S" textname="test sensor 32172"/>
			<item id="32173" losttest="3" iotype="AI" name="Sensor32173_S" textname="test sensor 32173"/>
			<item id="32174" losttest="3" iotype="AI" name="Sensor32174_S" textname="test sensor 32174"/>
			<item id="32175" losttest="3" iotype="AI" name="Sensor32175_S" textname="test sensor 32175"/>
			<item id="32176" losttest="3" iotype="AI" name="Sensor32176_S" textname="test sensor 32176"/>
			<item id="32177" losttest="3" iotype="AI" name="Sensor32177_S" textname="test sensor 32177"/>
			<item id="32178" losttest="3" iotype="AI" name="Sensor32178_S" textname="test sensor 32178"/>
			<item id="32179" losttest="3" iotype="AI" name="Sensor32179_S" textname="test sensor 32179"/>
			<item id="32180" losttest="3" iotype="AI" name="Sensor32180_S" textname="test sensor 32180"/>
			<item id="32181" losttest="3" iotype="AI" name="Sensor32181_S" textname="test sensor 32181"/>
			<item id="32182" losttest="3" iotype="AI" name="Sensor32182_S" textname="test sensor 32182"/>
			<item id="32183" losttest="3" iotype="AI" name="Sensor32183_S" textname="test sensor 32183"/>
			<item id="32184" losttest="3" iotype="AI" name="Sensor32184_S" textname="test sensor 32184"/>
			<item id="32185" losttest="3" iotype="AI" name="Sensor32185_S" textname="test sensor 32185"/>
			<item id="32186" losttest="3" iotype="AI" name="Sensor32186_S" textname="test sensor 32186"/>
			<item id="32187" losttest="3" iotype="AI" name="Sensor32187_S" textname="test sensor 32187"/>
			<item id="32188" losttest="3" iotype="AI" name="Sensor32188_S" textname="test sensor 32188"/>
			<item id="32189" losttest="3" iotype="AI" name="Sensor32189_S" textname="test sensor 32189"/>
			<item id="32190" losttest="3" iotype="AI" name="Sensor32190_S" textname="test sensor 32190"/>
			<item id="32191" losttest="3" iotype="AI" name="Sensor32191_S" textname="test sensor 32191"/>
			<item id="32192" losttest="3" iotype="AI" name="Sensor32192_S" textname="test sensor 32192"/>
			<item id="32193" losttest="3" iotype="AI" name="Sensor32193_S" textname="test sensor 32193"/>
			<item id="32194" losttest="3" iotype="AI" name="Sensor32194_S" textname="test sensor 32194"/>
			<item id="32195" losttest="3" iotype="AI" name="Sensor32195_S" textname="test sensor 32195"/>
			<item id="32196" losttest="3" iotype="AI" name="Sensor32196_S" textname="test sensor 32196"/>
			<item id="32197" losttest="3" iotype="AI" name="Sensor32197_S" textname="test sensor 32197"/>
			<item id="32198" losttest="3" iotype="AI" name="Sensor32198_S" textname="test sensor 32198"/>
			<item id="32199" losttest="3" iotype="AI" name="Sensor32199_S" textname="test sensor 32199"/>
			<item id="32200" losttest="3" iotype="AI" name="Sensor32200_S" textname="test sensor 32200"/>
			<item id="32201" losttest="3" iotype="AI" name="Sensor32201_S" textname="test sensor 32201"/>
			<item id="32202" losttest="3" iotype="AI" name="Sensor32202_S" textname="test sensor 32202"/>
			<item id="32203" losttest="3" iotype="AI" name="Sensor32203_S" textname="test sensor 32203"/>
			<item id="32204" losttest="3" iotype="AI" name="Sensor32204_S" textname="test sensor 32204"/>
			<item id="32205" losttest="3" iotype="AI" name="Sensor32205_S" textname="test sensor 32205"/>
			<item id="32206" losttest="3" iotype="AI" name="Sensor32206_S" textname="test sensor 32206"/>
			<item id="32207" losttest="3" iotype="AI" name="Sensor32207_S" textname="test sensor 32207"/>
			<item id="32208" losttest="3" iotype="AI" name="Sensor32208_S" textname="test sensor 32208"/>
			<item id="32209" losttest="3" iotype="AI" name="Sensor32209_S" textname="test sensor 32209"/>
			<item id="32210" losttest="3" iotype="AI" name="Sensor32210_S" textname="test sensor 32210"/>
			<item id="32211" losttest="3" iotype="AI" name="Sensor32211_S" textname="test sensor 32211"/>
			<item id="32212" losttest="3" iotype="AI" name="Sensor32212_S" textname="test sensor 32212"/>
			<item id="32213" losttest="3" iotype="AI" name="Sensor32213_S" textname="test sensor 32213"/>
			<item id="32214" losttest="3" iotype="AI" name="Sensor32214_S" textname="test sensor 32214"/>
			<item id="32215" losttest="3" iotype="AI" name="Sensor32215_S" textname="test sensor 32215"/>
			<item id="32216" losttest="3" iotype="AI" name="Sensor32216_S" textname="test sensor 32216"/>
			<item id="32217" losttest="3" iotype="AI" name="Sensor32217_S" textname="test sensor 32217"/>
			<item id="32218" losttest="3" iotype="AI" name="Sensor32218_S" textname="test sensor 32218"/>
			<item id="32219" losttest="3" iotype="AI" name="Sensor32219_S" textname="test sensor 32219"/>
			<item id="32220" losttest="3" iotype="AI" name="Sensor32220_S" textname="test sensor 32220"/>
			<item id="32221" losttest="3" iotype="AI" name="Sensor32221_S" textname="test sensor 32221"/>
			<item id="32222" losttest="3" iotype="AI" name="Sensor32222_S" textname="test sensor 32222"/>
			<item id="32223" losttest="3" iotype="AI" name="Sensor32223_S" textname="test sensor 32223"/>
			<item id="32224" losttest="3" iotype="AI" name="Sensor32224_S" textname="test sensor 32224"/>
			<item id="32225" losttest="3" iotype="AI" name="Sensor32225_S" textname="test sensor 32225"/>
			<item id="32226" losttest="3" iotype="AI" name="Sensor32226_S" textname="test sensor 32226"/>
			<item id="32227" losttest="3" iotype="AI" name="Sensor32227_S" textname="test sensor 32227"/>
			<item id="32228" losttest="3" iotype="AI" name="Sensor32228_S" textname="test sensor 32228"/>
			<item id="32229" losttest="3" iotype="AI" name="Sensor32229_S" textname="test sensor 32229"/>
			<item id="32230" losttest="3" iotype="AI" name="Sensor32230_S" textname="test sensor 32230"/>
			<item id="32231" losttest="3" iotype="AI" name="Sensor32231_S" textname="test sensor 32231"/>
			<item id="32232" losttest="3" iotype="AI" name="Sensor32232_S" textname="test sensor 32232"/>
			<item id="32233" losttest="3" iotype="AI" name="Sensor32233_S" textname="test sensor 32233"/>
			<item id="32234" losttest="3" iotype="AI" name="Sensor32234_S" textname="test sensor 32234"/>
			<item id="32235" losttest="3" iotype="AI" name="Sensor32235_S" textname="test sensor 32235"/>
			<item id="32236" losttest="3" iotype="AI" name="Sensor32236_S" textname="test sensor 32236"/>
			<item id="32237" losttest="3" iotype="AI" name="Sensor32237_S" textname="test sensor 32237"/>
			<item id="32238" losttest="3" iotype="AI" name="Sensor32238_S" textname="test sensor 32238"/>
			<item id="32239" losttest="3" iotype="AI" name="Sensor32239_S" textname="test sensor 32239"/>
			<item id="32240" losttest="3" iotype="AI" name="Sensor32240_S" textname="test sensor 32240"/>
			<item id="32241" losttest="3" iotype="AI" name="Sensor32241_S" textname="test sensor 32241"/>
			<item id="32242" losttest="3" iotype="AI" name="Sensor32242_S" textname="test sensor 32242"/>
			<item id="32243" losttest="3" iotype="AI" name="Sensor32243_S" textname="test sensor 32243"/>
			<item id="32244" losttest="3" iotype="AI" name="Sensor32244_S" textname="test sensor 32244"/>
			<item id="32245" losttest="3" iotype="AI" name="Sensor32245_S" textname="test sensor 32245"/>
			<item id="32246" losttest="3" iotype="AI" name="Sensor32246_S" textname="test sensor 32246"/>
			<item id="32247" losttest="3" iotype="AI" name="Sensor32247_S" textname="test sensor 32247"/>
			<item id="32248" losttest="3" iotype="AI" name="Sensor32248_S" textname="test sensor 32248"/>
			<item id="32249" losttest="3" iotype="AI" name="Sensor32249_S" textname="test sensor 32249"/>
			<item id="32250" losttest="3" iotype="AI" name="Sensor32250_S" textname="test sensor 32250"/>
			<item id="32251" losttest="3" iotype="AI" name="Sensor32251_S" textname="test sensor 32251"/>
			<item id="32252" losttest="3" iotype="AI" name="Sensor32252_S" textname="test sensor 32252"/>
			<item id="32253" losttest="3" iotype="AI" name="Sensor32253_S" textname="test sensor 32253"/>
			<item id="32254" losttest="3" iotype="AI" name="Sensor32254_S" textname="test sensor 32254"/>
			<item id="32255" losttest="3" iotype="AI" name="Sensor32255_S" textname="test sensor 32255"/>
			<item id="32256" losttest="3" iotype="AI" name="Sensor32256_S" textname="test sensor 32256"/>
			<item id="32257" losttest="3" iotype="AI" name="Sensor32257_S" textname="test sensor 32257"/>
			<item id="32258" losttest="3" iotype="AI" name="Sensor32258_S" textname="test sensor 32258"/>
			<item id="32259" losttest="3" iotype="AI" name="Sensor32259_S" textname="test sensor 32259"/>
			<item id="32260" losttest="3" iotype="AI" name="Sensor32260_S" textname="test sensor 32260"/>
			<item id="32261" losttest="3" iotype="AI" name="Sensor32261_S" textname="test sensor 32261"/>
			<item id="32262" losttest="3" iotype="AI" name="Sensor32262_S" textname="test sensor 32262"/>
			<item id="32263" losttest="3" iotype="AI" name="Sensor32263_S" textname="test sensor 32263"/>
			<item id="32264" losttest="3" iotype="AI" name="Sensor32264_S" textname="test sensor 32264"/>
			<item id="32265" losttest="3" iotype="AI" name="Sensor32265_S" textname="test sensor 32265"/>
			<item id="32266" losttest="3" iotype="AI" name="Sensor32266_S" textname="test sensor 32266"/>
			<item id="32267" losttest="3" iotype="AI" name="Sensor32267_S" textname="test sensor 32267"/>
			<item id="32268" losttest="3" iotype="AI" name="Sensor32268_S" textname="test sensor 32268"/>
			<item id="32269" losttest="3" iotype="AI" name="Sensor32269_S" textname="test sensor 32269"/>
			<item id="32270" losttest="3" iotype="AI" name="Sensor32270_S" textname="test sensor 32270"/>
			<item id="32271" losttest="3" iotype="AI" name="Sensor32271_S" textname="test sensor 32271"/>
			<item id="32272" losttest="3" iotype="AI" name="Sensor32272_S" textname="test sensor 32272"/>
			<item id="32273" losttest="3" iotype="AI" name="Sensor32273_S" textname="test sensor 32273"/>
			<item id="32274" losttest="3" iotype="AI" name="Sensor32274_S" textname="test sensor 32274"/>
			<item id="32275" losttest="3" iotype="AI" name="Sensor32275_S" textname="test sensor 32275"/>
			<item id="32276" losttest="3" iotype="AI" name="Sensor32276_S" textname="test sensor 32276"/>
			<item id="32277" losttest="3" iotype="AI" name="Sensor32277_S" textname="test sensor 32277"/>
			<item id="32278" losttest="3" iotype="AI" name="Sensor32278_S" textname="test sensor 32278"/>
			<item id="32279" losttest="3" iotype="AI" name="Sensor32279_S" textname="test sensor 32279"/>
			<item id="32280" losttest="3" iotype="AI" name="Sensor32280_S" textname="test sensor 32280"/>
			<item id="32281" losttest="3" iotype="AI" name="Sensor32281_S" textname="test sensor 32281"/>
			<item id="32282" losttest="3" iotype="AI" name="Sensor32282_S" textname="test sensor 32282"/>
			<item id="32283" losttest="3" iotype="AI" name="Sensor32283_S" textname="test sensor 32283"/>
			<item id="32284" losttest="3" iotype="AI" name="Sensor32284_S" textname="test sensor 32284"/>
			<item id="32285" losttest="3" iotype="AI" name="Sensor32285_S" textname="test sensor 32285"/>
			<item id="32286" losttest="3" iotype="AI" name="Sensor32286_S" textname="test sensor 32286"/>
			<item id="32287" losttest="3" iotype="AI" name="Sensor32287_S" textname="test sensor 32287"/>
			<item id="32288" losttest="3" iotype="AI" name="Sensor32288_S" textname="test sensor 32288"/>
			<item id="32289" losttest="3" iotype="AI" name="Sensor32289_S" textname="test sensor 32289"/>
			<item id="32290" losttest="3" iotype="AI" name="Sensor32290_S" textname="test sensor 32290"/>
			<item id="32291" losttest="3" iotype="AI" name="Sensor32291_S" textname="test sensor 32291"/>
			<item id="32292" losttest="3" iotype="AI" name="Sensor32292_S" textname="test sensor 32292"/>
			<item id="32293" losttest="3" iotype="AI" name="Sensor32293_S" textname="test sensor 32293"/>
			<item id="32294" losttest="3" iotype="AI" name="Sensor32294_S" textname="test sensor 32294"/>
			<item id="32295" losttest="3" iotype="AI" name="Sensor32295_S" textname="test sensor 32295"/>
			<item id="32296" losttest="3" iotype="AI" name="Sensor32296_S" textname="test sensor 32296"/>
			<item id="32297" losttest="3" iotype="AI" name="Sensor32297_S" textname="test sensor 32297"/>
			<item id="32298" losttest="3" iotype="AI" name="Sensor32298_S" textname="test sensor 32298"/>
			<item id="32299" losttest="3" iotype="AI" name="Sensor32299_S" textname="test sensor 32299"/>
			<item id="32300" losttest="3" iotype="AI" name="Sensor32300_S" textname="test sensor 32300"/>
			<item id="32301" losttest="3" iotype="AI" name="Sensor32301_S" textname="test sensor 32301"/>
			<item id="32302" losttest="3" iotype="AI" name="Sensor32302_S" textname="test sensor 32302"/>
			<item id="32303" losttest="3" iotype="AI" name="Sensor32303_S" textname="test sensor 32303"/>
			<item id="32304" losttest="3" iotype="AI" name="Sensor32304_S" textname="test sensor 32304"/>
			<item id="32305" losttest="3" iotype="AI" name="Sensor32305_S" textname="test sensor 32305"/>
			<item id="32306" losttest="3" iotype="AI" name="Sensor32306_S" textname="test sensor 32306"/>
			<item id="32307" losttest="3" iotype="AI" name="Sensor32307_S" textname="test sensor 32307"/>
			<item id="32308" losttest="3" iotype="AI" name="Sensor32308_S" textname="test sensor 32308"/>
			<item id="32309" losttest="3" iotype="AI" name="Sensor32309_S" textname="test sensor 32309"/>
			<item id="32310" losttest="3" iotype="AI" name="Sensor32310_S" textname="test sensor 32310"/>
			<item id="32311" losttest="3" iotype="AI" name="Sensor32311_S" textname="test sensor 32311"/>
			<item id="32312" losttest="3" iotype="AI" name="Sensor32312_S" textname="test sensor 32312"/>
			<item id="32313" losttest="3" iotype="AI" name="Sensor32313_S" textname="test sensor 32313"/>
			<item id="32314" losttest="3" iotype="AI" name="Sensor32314_S" textname="test sensor 32314"/>
			<item id="32315" losttest="3" iotype="AI" name="Sensor32315_S" textname="test sensor 32315"/>
			<item id="32316" losttest="3" iotype="AI" name="Sensor32316_S" textname="test sensor 32316"/>
			<item id="32317" losttest="3" iotype="AI" name="Sensor32317_S" textname="test sensor 32317"/>
			<item id="32318" losttest="3" iotype="AI" name="Sensor32318_S" textname="test sensor 32318"/>
			<item id="32319" losttest="3" iotype="AI" name="Sensor32319_S" textname="test sensor 32319"/>
			<item id="32320" losttest="3" iotype="AI" name="Sensor32320_S" textname="test sensor 32320"/>
			<item id="32321" losttest="3" iotype="AI" name="Sensor32321_S" textname="test sensor 32321"/>
			<item id="32322" losttest="3" iotype="AI" name="Sensor32322_S" textname="test sensor 32322"/>
			<item id="32323" losttest="3" iotype="AI" name="Sensor32323_S" textname="test sensor 32323"/>
			<item id="32324" losttest="3" iotype="AI" name="Sensor32324_S" textname="test sensor 32324"/>
			<item id="32325" losttest="3" iotype="AI" name="Sensor32325_S" textname="test sensor 32325"/>
			<item id="32326" losttest="3" iotype="AI" name="Sensor32326_S" textname="test sensor 32326"/>
			<item id="32327" losttest="3" iotype="AI" name="Sensor32327_S" textname="test sensor 32327"/>
			<item id="32328" losttest="3" iotype="AI" name="Sensor32328_S" textname="test sensor 32328"/>
			<item id="32329" losttest="3" iotype="AI" name="Sensor32329_S" textname="test sensor 32329"/>
			<item id="32330" losttest="3" iotype="AI" name="Sensor32330_S" textname="test sensor 32330"/>
			<item id="32331" losttest="3" iotype="AI" name="Sensor32331_S" textname="test sensor 32331"/>
			<item id="32332" losttest="3" iotype="AI" name="Sensor32332_S" textname="test sensor 32332"/>
			<item id="32333" losttest="3" iotype="AI" name="Sensor32333_S" textname="test sensor 32333"/>
			<item id="32334" losttest="3" iotype="AI" name="Sensor32334_S" textname="test sensor 32334"/>
			<item id="32335" losttest="3" iotype="AI" name="Sensor32335_S" textname="test sensor 32335"/>
			<item id="32336" losttest="3" iotype="AI" name="Sensor32336_S" textname="test sensor 32336"/>
			<item id="32337" losttest="3" iotype="AI" name="Sensor32337_S" textname="test sensor 32337"/>
			<item id="32338" losttest="3" iotype="AI" name="Sensor32338_S" textname="test sensor 32338"/>
			<item id="32339" losttest="3" iotype="AI" name="Sensor32339_S" textname="test sensor 32339"/>
			<item id="32340" losttest="3" iotype="AI" name="Sensor32340_S" textname="test sensor 32340"/>
			<item id="32341" losttest="3" iotype="AI" name="Sensor32341_S" textname="test sensor 32341"/>
			<item id="32342" losttest="3" iotype="AI" name="Sensor32342_S" textname="test sensor 32342"/>
			<item id="32343" losttest="3" iotype="AI" name="Sensor32343_S" textname="test sensor 32343"/>
			<item id="32344" losttest="3" iotype="AI" name="Sensor32344_S" textname="test sensor 32344"/>
			<item id="32345" losttest="3" iotype="AI" name="Sensor32345_S" textname="test sensor 32345"/>
			<item id="32346" losttest="3" iotype="AI" name="Sensor32346_S" textname="test sensor 32346"/>
			<item id="32347" losttest="3" iotype="AI" name="Sensor32347_S" textname="test sensor 32347"/>
			<item id="32348" losttest="3" iotype="AI" name="Sensor32348_S" textname="test sensor 32348"/>
			<item id="32349" losttest="3" iotype="AI" name="Sensor32349_S" textname="test sensor 32349"/>
			<item id="32350" losttest="3" iotype="AI" name="Sensor32350_S" textname="test sensor 32350"/>
			<item id="32351" losttest="3" iotype="AI" name="Sensor32351_S" textname="test sensor 32351"/>
			<item id="32352" losttest="3" iotype="AI" name="Sensor32352_S" textname="test sensor 32352"/>
			<item id="32353" losttest="3" iotype="AI" name="Sensor32353_S" textname="test sensor 32353"/>
			<item id="32354" losttest="3" iotype="AI" name="Sensor32354_S" textname="test sensor 32354"/>
			<item id="32355" losttest="3" iotype="AI" name="Sensor32355_S" textname="test sensor 32355"/>
			<item id="32356" losttest="3" iotype="AI" name="Sensor32356_S" textname="test sensor 32356"/>
			<item id="32357" losttest="3" iotype="AI" name="Sensor32357_S" textname="test sensor 32357"/>
			<item id="32358" losttest="3" iotype="AI" name="Sensor32358_S" textname="test sensor 32358"/>
			<item id="32359" losttest="3" iotype="AI" name="Sensor32359_S" textname="test sensor 32359"/>
			<item id="32360" losttest="3" iotype="AI" name="Sensor32360_S" textname="test sensor 32360"/>
			<item id="32361" losttest="3" iotype="AI" name="Sensor32361_S" textname="test sensor 32361"/>
			<item id="32362" losttest="3" iotype="AI" name="Sensor32362_S" textname="test sensor 32362"/>
			<item id="32363" losttest="3" iotype="AI" name="Sensor32363_S" textname="test sensor 32363"/>
			<item id="32364" losttest="3" iotype="AI" name="Sensor32364_S" textname="test sensor 32364"/>
			<item id="32365" losttest="3" iotype="AI" name="Sensor32365_S" textname="test sensor 32365"/>
			<item id="32366" losttest="3" iotype="AI" name="Sensor32366_S" textname="test sensor 32366"/>
			<item id="32367" losttest="3" iotype="AI" name="Sensor32367_S" textname="test sensor 32367"/>
			<item id="32368" losttest="3" iotype="AI" name="Sensor32368_S" textname="test sensor 32368"/>
			<item id="32369" losttest="3" iotype="AI" name="Sensor32369_S" textname="test sensor 32369"/>
			<item id="32370" losttest="3" iotype="AI" name="Sensor32370_S" textname="test sensor 32370"/>
			<item id="32371" losttest="3" iotype="AI" name="Sensor32371_S" textname="test sensor 32371"/>
			<item id="32372" losttest="3" iotype="AI" name="Sensor32372_S" textname="test sensor 32372"/>
			<item id="32373" losttest="3" iotype="AI" name="Sensor32373_S" textname="test sensor 32373"/>
			<item id="32374" losttest="3" iotype="AI" name="Sensor32374_S" textname="test sensor 32374"/>
			<item id="32375" losttest="3" iotype="AI" name="Sensor32375_S" textname="test sensor 32375"/>
			<item id="32376" losttest="3" iotype="AI" name="Sensor32376_S" textname="test sensor 32376"/>
			<item id="32377" losttest="3" iotype="AI" name="Sensor32377_S" textname="test sensor 32377"/>
			<item id="32378" losttest="3" iotype="AI" name="Sensor32378_S" textname="test sensor 32378"/>
			<item id="32379" losttest="3" iotype="AI" name="Sensor32379_S" textname="test sensor 32379"/>
			<item id="32380" losttest="3" iotype="AI" name="Sensor32380_S" textname="test sensor 32380"/>
			<item id="32381" losttest="3" iotype="AI" name="Sensor32381_S" textname="test sensor 32381"/>
			<item id="32382" losttest="3" iotype="AI" name="Sensor32382_S" textname="test sensor 32382"/>
			<item id="32383" losttest="3" iotype="AI" name="Sensor32383_S" textname="test sensor 32383"/>
			<item id="32384" losttest="3" iotype="AI" name="Sensor32384_S" textname="test sensor 32384"/>
			<item id="32385" losttest="3" iotype="AI" name="Sensor32385_S" textname="test sensor 32385"/>
			<item id="32386" losttest="3" iotype="AI" name="Sensor32386_S" textname="test sensor 32386"/>
			<item id="32387" losttest="3" iotype="AI" name="Sensor32387_S" textname="test sensor 32387"/>
			<item id="32388" losttest="3" iotype="AI" name="Sensor32388_S" textname="test sensor 32388"/>
			<item id="32389" losttest="3" iotype="AI" name="Sensor32389_S" textname="test sensor 32389"/>
			<item id="32390" losttest="3" iotype="AI" name="Sensor32390_S" textname="test sensor 32390"/>
			<item id="32391" losttest="3" iotype="AI" name="Sensor32391_S" textname="test sensor 32391"/>
			<item id="32392" losttest="3" iotype="AI" name="Sensor32392_S" textname="test sensor 32392"/>
			<item id="32393" losttest="3" iotype="AI" name="Sensor32393_S" textname="test sensor 32393"/>
			<item id="32394" losttest="3" iotype="AI" name="Sensor32394_S" textname="test sensor 32394"/>
			<item id="32395" losttest="3" iotype="AI" name="Sensor32395_S" textname="test sensor 32395"/>
			<item id="32396" losttest="3" iotype="AI" name="Sensor32396_S" textname="test sensor 32396"/>
			<item id="32397" losttest="3" iotype="AI" name="Sensor32397_S" textname="test sensor 32397"/>
			<item id="32398" losttest="3" iotype="AI" name="Sensor32398_S" textname="test sensor 32398"/>
			<item id="32399" losttest="3" iotype="AI" name="Sensor32399_S" textname="test sensor 32399"/>
			<item id="32400" losttest="3" iotype="AI" name="Sensor32400_S" textname="test sensor 32400"/>
			<item id="32401" losttest="3" iotype="AI" name="Sensor32401_S" textname="test sensor 32401"/>
			<item id="32402" losttest="3" iotype="AI" name="Sensor32402_S" textname="test sensor 32402"/>
			<item id="32403" losttest="3" iotype="AI" name="Sensor32403_S" textname="test sensor 32403"/>
			<item id="32404" losttest="3" iotype="AI" name="Sensor32404_S" textname="test sensor 32404"/>
			<item id="32405" losttest="3" iotype="AI" name="Sensor32405_S" textname="test sensor 32405"/>
			<item id="32406" losttest="3" iotype="AI" name="Sensor32406_S" textname="test sensor 32406"/>
			<item id="32407" losttest="3" iotype="AI" name="Sensor32407_S" textname="test sensor 32407"/>
			<item id="32408" losttest="3" iotype="AI" name="Sensor32408_S" textname="test sensor 32408"/>
			<item id="32409" losttest="3" iotype="AI" name="Sensor32409_S" textname="test sensor 32409"/>
			<item id="32410" losttest="3" iotype="AI" name="Sensor32410_S" textname="test sensor 32410"/>
			<item id="32411" losttest="3" iotype="AI" name="Sensor32411_S" textname="test sensor 32411"/>
			<item id="32412" losttest="3" iotype="AI" name="Sensor32412_S" textname="test sensor 32412"/>
			<item id="32413" losttest="3" iotype="AI" name="Sensor32413_S" textname="test sensor 32413"/>
			<item id="32414" losttest="3" iotype="AI" name="Sensor32414_S" textname="test sensor 32414"/>
			<item id="32415" losttest="3" iotype="AI" name="Sensor32415_S" textname="test sensor 32415"/>
			<item id="32416" losttest="3" iotype="AI" name="Sensor32416_S" textname="test sensor 32416"/>
			<item id="32417" losttest="3" iotype="AI" name="Sensor32417_S" textname="test sensor 32417"/>
			<item id="32418" losttest="3" iotype="AI" name="Sensor32418_S" textname="test sensor 32418"/>
			<item id="32419" losttest="3" iotype="AI" name="Sensor32419_S" textname="test sensor 32419"/>
			<item id="32420" losttest="3" iotype="AI" name="Sensor32420_S" textname="test sensor 32420"/>
			<item id="32421" losttest="3" iotype="AI" name="Sensor32421_S" textname="test sensor 32421"/>
			<item id="32422" losttest="3" iotype="AI" name="Sensor32422_S" textname="test sensor 32422"/>
			<item id="32423" losttest="3" iotype="AI" name="Sensor32423_S" textname="test sensor 32423"/>
			<item id="32424" losttest="3" iotype="AI" name="Sensor32424_S" textname="test sensor 32424"/>
			<item id="32425" losttest="3" iotype="AI" name="Sensor32425_S" textname="test sensor 32425"/>
			<item id="32426" losttest="3" iotype="AI" name="Sensor32426_S" textname="test sensor 32426"/>
			<item id="32427" losttest="3" iotype="AI" name="Sensor32427_S" textname="test sensor 32427"/>
			<item id="32428" losttest="3" iotype="AI" name="Sensor32428_S" textname="test sensor 32428"/>
			<item id="32429" losttest="3" iotype="AI" name="Sensor32429_S" textname="test sensor 32429"/>
			<item id="32430" losttest="3" iotype="AI" name="Sensor32430_S" textname="test sensor 32430"/>
			<item id="32431" losttest="3" iotype="AI" name="Sensor32431_S" textname="test sensor 32431"/>
			<item id="32432" losttest="3" iotype="AI" name="Sensor32432_S" textname="test sensor 32432"/>
			<item id="32433" losttest="3" iotype="AI" name="Sensor32433_S" textname="test sensor 32433"/>
			<item id="32434" losttest="3" iotype="AI" name="Sensor32434_S" textname="test sensor 32434"/>
			<item id="32435" losttest="3" iotype="AI" name="Sensor32435_S" textname="test sensor 32435"/>
			<item id="32436" losttest="3" iotype="AI" name="Sensor32436_S" textname="test sensor 32436"/>
			<item id="32437" losttest="3" iotype="AI" name="Sensor32437_S" textname="test sensor 32437"/>
			<item id="32438" losttest="3" iotype="AI" name="Sensor32438_S" textname="test sensor 32438"/>
			<item id="32439" losttest="3" iotype="AI" name="Sensor32439_S" textname="test sensor 32439"/>
			<item id="32440" losttest="3" iotype="AI" name="Sensor32440_S" textname="test sensor 32440"/>
			<item id="32441" losttest="3" iotype="AI" name="Sensor32441_S" textname="test sensor 32441"/>
			<item id="32442" losttest="3" iotype="AI" name="Sensor32442_S" textname="test sensor 32442"/>
			<item id="32443" losttest="3" iotype="AI" name="Sensor32443_S" textname="test sensor 32443"/>
			<item id="32444" losttest="3" iotype="AI" name="Sensor32444_S" textname="test sensor 32444"/>
			<item id="32445" losttest="3" iotype="AI" name="Sensor32445_S" textname="test sensor 32445"/>
			<item id="32446" losttest="3" iotype="AI" name="Sensor32446_S" textname="test sensor 32446"/>
			<item id="32447" losttest="3" iotype="AI" name="Sensor32447_S" textname="test sensor 32447"/>
			<item id="32448" losttest="3" iotype="AI" name="Sensor32448_S" textname="test sensor 32448"/>
			<item id="32449" losttest="3" iotype="AI" name="Sensor32449_S" textname="test sensor 32449"/>
			<item id="32450" losttest="3" iotype="AI" name="Sensor32450_S" textname="test sensor 32450"/>
			<item id="32451" losttest="3" iotype="AI" name="Sensor32451_S" textname="test sensor 32451"/>
			<item id="32452" losttest="3" iotype="AI" name="Sensor32452_S" textname="test sensor 32452"/>
			<item id="32453" losttest="3" iotype="AI" name="Sensor32453_S" textname="test sensor 32453"/>
			<item id="32454" losttest="3" iotype="AI" name="Sensor32454_S" textname="test sensor 32454"/>
			<item id="32455" losttest="3" iotype="AI" name="Sensor32455_S" textname="test sensor 32455"/>
			<item id="32456" losttest="3" iotype="AI" name="Sensor32456_S" textname="test sensor 32456"/>
			<item id="32457" losttest="3" iotype="AI" name="Sensor32457_S" textname="test sensor 32457"/>
			<item id="32458" losttest="3" iotype="AI" name="Sensor32458_S" textname="test sensor 32458"/>
			<item id="32459" losttest="3" iotype="AI" name="Sensor32459_S" textname="test sensor 32459"/>
			<item id="32460" losttest="3" iotype="AI" name="Sensor32460_S" textname="test sensor 32460"/>
			<item id="32461" losttest="3" iotype="AI" name="Sensor32461_S" textname="test sensor 32461"/>
			<item id="32462" losttest="3" iotype="AI" name="Sensor32462_S" textname="test sensor 32462"/>
			<item id="32463" losttest="3" iotype="AI" name="Sensor32463_S" textname="test sensor 32463"/>
			<item id="32464" losttest="3" iotype="AI" name="Sensor32464_S" textname="test sensor 32464"/>
			<item id="32465" losttest="3" iotype="AI" name="Sensor32465_S" textname="test sensor 32465"/>
			<item id="32466" losttest="3" iotype="AI" name="Sensor32466_S" textname="test sensor 32466"/>
			<item id="32467" losttest="3" iotype="AI" name="Sensor32467_S" textname="test sensor 32467"/>
			<item id="32468" losttest="3" iotype="AI" name="Sensor32468_S" textname="test sensor 32468"/>
			<item id="32469" losttest="3" iotype="AI" name="Sensor32469_S" textname="test sensor 32469"/>
			<item id="32470" losttest="3" iotype="AI" name="Sensor32470_S" textname="test sensor 32470"/>
			<item id="32471" losttest="3" iotype="AI" name="Sensor32471_S" textname="test sensor 32471"/>
			<item id="32472" losttest="3" iotype="AI" name="Sensor32472_S" textname="test sensor 32472"/>
			<item id="32473" losttest="3" iotype="AI" name="Sensor32473_S" textname="test sensor 32473"/>
			<item id="32474" losttest="3" iotype="AI" name="Sensor32474_S" textname="test sensor 32474"/>
			<item id="32475" losttest="3" iotype="AI" name="Sensor32475_S" textname="test sensor 32475"/>
			<item id="32476" losttest="3" iotype="AI" name="Sensor32476_S" textname="test sensor 32476"/>
			<item id="32477" losttest="3" iotype="AI" name="Sensor32477_S" textname="test sensor 32477"/>
			<item id="32478" losttest="3" iotype="AI" name="Sensor32478_S" textname="test sensor 32478"/>
			<item id="32479" losttest="3" iotype="AI" name="Sensor32479_S" textname="test sensor 32479"/>
			<item id="32480" losttest="3" iotype="AI" name="Sensor32480_S" textname="test sensor 32480"/>
			<item id="32481" losttest="3" iotype="AI" name="Sensor32481_S" textname="test sensor 32481"/>
			<item id="32482" losttest="3" iotype="AI" name="Sensor32482_S" textname="test sensor 32482"/>
			<item id="32483" losttest="3" iotype="AI" name="Sensor32483_S" textname="test sensor 32483"/>
			<item id="32484" losttest="3" iotype="AI" name="Sensor32484_S" textname="test sensor 32484"/>
			<item id="32485" losttest="3" iotype="AI" name="Sensor32485_S" textname="test sensor 32485"/>
			<item id="32486" losttest="3" iotype="AI" name="Sensor32486_S" textname="test sensor 32486"/>
			<item id="32487" losttest="3" iotype="AI" name="Sensor32487_S" textname="test sensor 32487"/>
			<item id="32488" losttest="3" iotype="AI" name="Sensor32488_S" textname="test sensor 32488"/>
			<item id="32489" losttest="3" iotype="AI" name="Sensor32489_S" textname="test sensor 32489"/>
			<item id="32490" losttest="3" iotype="AI" name="Sensor32490_S" textname="test sensor 32490"/>
			<item id="32491" losttest="3" iotype="AI" name="Sensor32491_S" textname="test sensor 32491"/>
			<item id="32492" losttest="3" iotype="AI" name="Sensor32492_S" textname="test sensor 32492"/>
			<item id="32493" losttest="3" iotype="AI" name="Sensor32493_S" textname="test sensor 32493"/>
			<item id="32494" losttest="3" iotype="AI" name="Sensor32494_S" textname="test sensor 32494"/>
			<item id="32495" losttest="3" iotype="AI" name="Sensor32495_S" textname="test sensor 32495"/>
			<item id="32496" losttest="3" iotype="AI" name="Sensor32496_S" textname="test sensor 32496"/>
			<item id="32497" losttest="3" iotype="AI" name="Sensor32497_S" textname="test sensor 32497"/>
			<item id="32498" losttest="3" iotype="AI" name="Sensor32498_S" textname="test sensor 32498"/>
			<item id="32499" losttest="3" iotype="AI" name="Sensor32499_S" textname="test sensor 32499"/>
			<item id="32500" losttest="3" iotype="AI" name="Sensor32500_S" textname="test sensor 32500"/>
			<item id="32501" losttest="3" iotype="AI" name="Sensor32501_S" textname="test sensor 32501"/>
			<item id="32502" losttest="3" iotype="AI" name="Sensor32502_S" textname="test sensor 32502"/>
			<item id="32503" losttest="3" iotype="AI" name="Sensor32503_S" textname="test sensor 32503"/>
			<item id="32504" losttest="3" iotype="AI" name="Sensor32504_S" textname="test sensor 32504"/>
			<item id="32505" losttest="3" iotype="AI" name="Sensor32505_S" textname="test sensor 32505"/>
			<item id="32506" losttest="3" iotype="AI" name="Sensor32506_S" textname="test sensor 32506"/>
			<item id="32507" losttest="3" iotype="AI" name="Sensor32507_S" textname="test sensor 32507"/>
			<item id="32508" losttest="3" iotype="AI" name="Sensor32508_S" textname="test sensor 32508"/>
			<item id="32509" losttest="3" iotype="AI" name="Sensor32509_S" textname="test sensor 32509"/>
			<item id="32510" losttest="3" iotype="AI" name="Sensor32510_S" textname="test sensor 32510"/>
			<item id="32511" losttest="3" iotype="AI" name="Sensor32511_S" textname="test sensor 32511"/>
			<item id="32512" losttest="3" iotype="AI" name="Sensor32512_S" textname="test sensor 32512"/>
			<item id="32513" losttest="3" iotype="AI" name="Sensor32513_S" textname="test sensor 32513"/>
			<item id="32514" losttest="3" iotype="AI" name="Sensor32514_S" textname="test sensor 32514"/>
			<item id="32515" losttest="3" iotype="AI" name="Sensor32515_S" textname="test sensor 32515"/>
			<item id="32516" losttest="3" iotype="AI" name="Sensor32516_S" textname="test sensor 32516"/>
			<item id="32517" losttest="3" iotype="AI" name="Sensor32517_S" textname="test sensor 32517"/>
			<item id="32518" losttest="3" iotype="AI" name="Sensor32518_S" textname="test sensor 32518"/>
			<item id="32519" losttest="3" iotype="AI" name="Sensor32519_S" textname="test sensor 32519"/>
			<item id="32520" losttest="3" iotype="AI" name="Sensor32520_S" textname="test sensor 32520"/>
			<item id="32521" losttest="3" iotype="AI" name="Sensor32521_S" textname="test sensor 32521"/>
			<item id="32522" losttest="3" iotype="AI" name="Sensor32522_S" textname="test sensor 32522"/>
			<item id="32523" losttest="3" iotype="AI" name="Sensor32523_S" textname="test sensor 32523"/>
			<item id="32524" losttest="3" iotype="AI" name="Sensor32524_S" textname="test sensor 32524"/>
			<item id="32525" losttest="3" iotype="AI" name="Sensor32525_S" textname="test sensor 32525"/>
			<item id="32526" losttest="3" iotype="AI" name="Sensor32526_S" textname="test sensor 32526"/>
			<item id="32527" losttest="3" iotype="AI" name="Sensor32527_S" textname="test sensor 32527"/>
			<item id="32528" losttest="3" iotype="AI" name="Sensor32528_S" textname="test sensor 32528"/>
			<item id="32529" losttest="3" iotype="AI" name="Sensor32529_S" textname="test sensor 32529"/>
			<item id="32530" losttest="3" iotype="AI" name="Sensor32530_S" textname="test sensor 32530"/>
			<item id="32531" losttest="3" iotype="AI" name="Sensor32531_S" textname="test sensor 32531"/>
			<item id="32532" losttest="3" iotype="AI" name="Sensor32532_S" textname="test sensor 32532"/>
			<item id="32533" losttest="3" iotype="AI" name="Sensor32533_S" textname="test sensor 32533"/>
			<item id="32534" losttest="3" iotype="AI" name="Sensor32534_S" textname="test sensor 32534"/>
			<item id="32535" losttest="3" iotype="AI" name="Sensor32535_S" textname="test sensor 32535"/>
			<item id="32536" losttest="3" iotype="AI" name="Sensor32536_S" textname="test sensor 32536"/>
			<item id="32537" losttest="3" iotype="AI" name="Sensor32537_S" textname="test sensor 32537"/>
			<item id="32538" losttest="3" iotype="AI" name="Sensor32538_S" textname="test sensor 32538"/>
			<item id="32539" losttest="3" iotype="AI" name="Sensor32539_S" textname="test sensor 32539"/>
			<item id="32540" losttest="3" iotype="AI" name="Sensor32540_S" textname="test sensor 32540"/>
			<item id="32541" losttest="3" iotype="AI" name="Sensor32541_S" textname="test sensor 32541"/>
			<item id="32542" losttest="3" iotype="AI" name="Sensor32542_S" textname="test sensor 32542"/>
			<item id="32543" losttest="3" iotype="AI" name="Sensor32543_S" textname="test sensor 32543"/>
			<item id="32544" losttest="3" iotype="AI" name="Sensor32544_S" textname="test sensor 32544"/>
			<item id="32545" losttest="3" iotype="AI" name="Sensor32545_S" textname="test sensor 32545"/>
			<item id="32546" losttest="3" iotype="AI" name="Sensor32546_S" textname="test sensor 32546"/>
			<item id="32547" losttest="3" iotype="AI" name="Sensor32547_S" textname="test sensor 32547"/>
			<item id="32548" losttest="3" iotype="AI" name="Sensor32548_S" textname="test sensor 32548"/>
			<item id="32549" losttest="3" iotype="AI" name="Sensor32549_S" textname="test sensor 32549"/>
			<item id="32550" losttest="3" iotype="AI" name="Sensor32550_S" textname="test sensor 32550"/>
			<item id="32551" losttest="3" iotype="AI" name="Sensor32551_S" textname="test sensor 32551"/>
			<item id="32552" losttest="3" iotype="AI" name="Sensor32552_S" textname="test sensor 32552"/>
			<item id="32553" losttest="3" iotype="AI" name="Sensor32553_S" textname="test sensor 32553"/>
			<item id="32554" losttest="3" iotype="AI" name="Sensor32554_S" textname="test sensor 32554"/>
			<item id="32555" losttest="3" iotype="AI" name="Sensor32555_S" textname="test sensor 32555"/>
			<item id="32556" losttest="3" iotype="AI" name="Sensor32556_S" textname="test sensor 32556"/>
			<item id="32557" losttest="3" iotype="AI" name="Sensor32557_S" textname="test sensor 32557"/>
			<item id="32558" losttest="3" iotype="AI" name="Sensor32558_S" textname="test sensor 32558"/>
			<item id="32559" losttest="3" iotype="AI" name="Sensor32559_S" textname="test sensor 32559"/>
			<item id="32560" losttest="3" iotype="AI" name="Sensor32560_S" textname="test sensor 32560"/>
			<item id="32561" losttest="3" iotype="AI" name="Sensor32561_S" textname="test sensor 32561"/>
			<item id="32562" losttest="3" iotype="AI" name="Sensor32562_S" textname="test sensor 32562"/>
			<item id="32563" losttest="3" iotype="AI" name="Sensor32563_S" textname="test sensor 32563"/>
			<item id="32564" losttest="3" iotype="AI" name="Sensor32564_S" textname="test sensor 32564"/>
			<item id="32565" losttest="3" iotype="AI" name="Sensor32565_S" textname="test sensor 32565"/>
			<item id="32566" losttest="3" iotype="AI" name="Sensor32566_S" textname="test sensor 32566"/>
			<item id="32567" losttest="3" iotype="AI" name="Sensor32567_S" textname="test sensor 32567"/>
			<item id="32568" losttest="3" iotype="AI" name="Sensor32568_S" textname="test sensor 32568"/>
			<item id="32569" losttest="3" iotype="AI" name="Sensor32569_S" textname="test sensor 32569"/>
			<item id="32570" losttest="3" iotype="AI" name="Sensor32570_S" textname="test sensor 32570"/>
			<item id="32571" losttest="3" iotype="AI" name="Sensor32571_S" textname="test sensor 32571"/>
			<item id="32572" losttest="3" iotype="AI" name="Sensor32572_S" textname="test sensor 32572"/>
			<item id="32573" losttest="3" iotype="AI" name="Sensor32573_S" textname="test sensor 32573"/>
			<item id="32574" losttest="3" iotype="AI" name="Sensor32574_S" textname="test sensor 32574"/>
			<item id="32575" losttest="3" iotype="AI" name="Sensor32575_S" textname="test sensor 32575"/>
			<item id="32576" losttest="3" iotype="AI" name="Sensor32576_S" textname="test sensor 32576"/>
			<item id="32577" losttest="3" iotype="AI" name="Sensor32577_S" textname="test sensor 32577"/>
			<item id="32578" losttest="3" iotype="AI" name="Sensor32578_S" textname="test sensor 32578"/>
			<item id="32579" losttest="3" iotype="AI" name="Sensor32579_S" textname="test sensor 32579"/>
			<item id="32580" losttest="3" iotype="AI" name="Sensor32580_S" textname="test sensor 32580"/>
			<item id="32581" losttest="3" iotype="AI" name="Sensor32581_S" textname="test sensor 32581"/>
			<item id="32582" losttest="3" iotype="AI" name="Sensor32582_S" textname="test sensor 32582"/>
			<item id="32583" losttest="3" iotype="AI" name="Sensor32583_S" textname="test sensor 32583"/>
			<item id="32584" losttest="3" iotype="AI" name="Sensor32584_S" textname="test sensor 32584"/>
			<item id="32585" losttest="3" iotype="AI" name="Sensor32585_S" textname="test sensor 32585"/>
			<item id="32586" losttest="3" iotype="AI" name="Sensor32586_S" textname="test sensor 32586"/>
			<item id="32587" losttest="3" iotype="AI" name="Sensor32587_S" textname="test sensor 32587"/>
			<item id="32588" losttest="3" iotype="AI" name="Sensor32588_S" textname="test sensor 32588"/>
			<item id="32589" losttest="3" iotype="AI" name="Sensor32589_S" textname="test sensor 32589"/>
			<item id="32590" losttest="3" iotype="AI" name="Sensor32590_S" textname="test sensor 32590"/>
			<item id="32591" losttest="3" iotype="AI" name="Sensor32591_S" textname="test sensor 32591"/>
			<item id="32592" losttest="3" iotype="AI" name="Sensor32592_S" textname="test sensor 32592"/>
			<item id="32593" losttest="3" iotype="AI" name="Sensor32593_S" textname="test sensor 32593"/>
			<item id="32594" losttest="3" iotype="AI" name="Sensor32594_S" textname="test sensor 32594"/>
			<item id="32595" losttest="3" iotype="AI" name="Sensor32595_S" textname="test sensor 32595"/>
			<item id="32596" losttest="3" iotype="AI" name="Sensor32596_S" textname="test sensor 32596"/>
			<item id="32597" losttest="3" iotype="AI" name="Sensor32597_S" textname="test sensor 32597"/>
			<item id="32598" losttest="3" iotype="AI" name="Sensor32598_S" textname="test sensor 32598"/>
			<item id="32599" losttest="3" iotype="AI" name="Sensor32599_S" textname="test sensor 32599"/>
			<item id="32600" losttest="3" iotype="AI" name="Sensor32600_S" textname="test sensor 32600"/>
			<item id="32601" losttest="3" iotype="AI" name="Sensor32601_S" textname="test sensor 32601"/>
			<item id="32602" losttest="3" iotype="AI" name="Sensor32602_S" textname="test sensor 32602"/>
			<item id="32603" losttest="3" iotype="AI" name="Sensor32603_S" textname="test sensor 32603"/>
			<item id="32604" losttest="3" iotype="AI" name="Sensor32604_S" textname="test sensor 32604"/>
			<item id="32605" losttest="3" iotype="AI" name="Sensor32605_S" textname="test sensor 32605"/>
			<item id="32606" losttest="3" iotype="AI" name="Sensor32606_S" textname="test sensor 32606"/>
			<item id="32607" losttest="3" iotype="AI" name="Sensor32607_S" textname="test sensor 32607"/>
			<item id="32608" losttest="3" iotype="AI" name="Sensor32608_S" textname="test sensor 32608"/>
			<item id="32609" losttest="3" iotype="AI" name="Sensor32609_S" textname="test sensor 32609"/>
			<item id="32610" losttest="3" iotype="AI" name="Sensor32610_S" textname="test sensor 32610"/>
			<item id="32611" losttest="3" iotype="AI" name="Sensor32611_S" textname="test sensor 32611"/>
			<item id="32612" losttest="3" iotype="AI" name="Sensor32612_S" textname="test sensor 32612"/>
			<item id="32613" losttest="3" iotype="AI" name="Sensor32613_S" textname="test sensor 32613"/>
			<item id="32614" losttest="3" iotype="AI" name="Sensor32614_S" textname="test sensor 32614"/>
			<item id="32615" losttest="3" iotype="AI" name="Sensor32615_S" textname="test sensor 32615"/>
			<item id="32616" losttest="3" iotype="AI" name="Sensor32616_S" textname="test sensor 32616"/>
			<item id="32617" losttest="3" iotype="AI" name="Sensor32617_S" textname="test sensor 32617"/>
			<item id="32618" losttest="3" iotype="AI" name="Sensor32618_S" textname="test sensor 32618"/>
			<item id="32619" losttest="3" iotype="AI" name="Sensor32619_S" textname="test sensor 32619"/>
			<item id="32620" losttest="3" iotype="AI" name="Sensor32620_S" textname="test sensor 32620"/>
			<item id="32621" losttest="3" iotype="AI" name="Sensor32621_S" textname="test sensor 32621"/>
			<item id="32622" losttest="3" iotype="AI" name="Sensor32622_S" textname="test sensor 32622"/>
			<item id="32623" losttest="3" iotype="AI" name="Sensor32623_S" textname="test sensor 32623"/>
			<item id="32624" losttest="3" iotype="AI" name="Sensor32624_S" textname="test sensor 32624"/>
			<item id="32625" losttest="3" iotype="AI" name="Sensor32625_S" textname="test sensor 32625"/>
			<item id="32626" losttest="3" iotype="AI" name="Sensor32626_S" textname="test sensor 32626"/>
			<item id="32627" losttest="3" iotype="AI" name="Sensor32627_S" textname="test sensor 32627"/>
			<item id="32628" losttest="3" iotype="AI" name="Sensor32628_S" textname="test sensor 32628"/>
			<item id="32629" losttest="3" iotype="AI" name="Sensor32629_S" textname="test sensor 32629"/>
			<item id="32630" losttest="3" iotype="AI" name="Sensor32630_S" textname="test sensor 32630"/>
			<item id="32631" losttest="3" iotype="AI" name="Sensor32631_S" textname="test sensor 32631"/>
			<item id="32632" losttest="3" iotype="AI" name="Sensor32632_S" textname="test sensor 32632"/>
			<item id="32633" losttest="3" iotype="AI" name="Sensor32633_S" textname="test sensor 32633"/>
			<item id="32634" losttest="3" iotype="AI" name="Sensor32634_S" textname="test sensor 32634"/>
			<item id="32635" losttest="3" iotype="AI" name="Sensor32635_S" textname="test sensor 32635"/>
			<item id="32636" losttest="3" iotype="AI" name="Sensor32636_S" textname="test sensor 32636"/>
			<item id="32637" losttest="3" iotype="AI" name="Sensor32637_S" textname="test sensor 32637"/>
			<item id="32638" losttest="3" iotype="AI" name="Sensor32638_S" textname="test sensor 32638"/>
			<item id="32639" losttest="3" iotype="AI" name="Sensor32639_S" textname="test sensor 32639"/>
			<item id="32640" losttest="3" iotype="AI" name="Sensor32640_S" textname="test sensor 32640"/>
			<item id="32641" losttest="3" iotype="AI" name="Sensor32641_S" textname="test sensor 32641"/>
			<item id="32642" losttest="3" iotype="AI" name="Sensor32642_S" textname="test sensor 32642"/>
			<item id="32643" losttest="3" iotype="AI" name="Sensor32643_S" textname="test sensor 32643"/>
			<item id="32644" losttest="3" iotype="AI" name="Sensor32644_S" textname="test sensor 32644"/>
			<item id="32645" losttest="3" iotype="AI" name="Sensor32645_S" textname="test sensor 32645"/>
			<item id="32646" losttest="3" iotype="AI" name="Sensor32646_S" textname="test sensor 32646"/>
			<item id="32647" losttest="3" iotype="AI" name="Sensor32647_S" textname="test sensor 32647"/>
			<item id="32648" losttest="3" iotype="AI" name="Sensor32648_S" textname="test sensor 32648"/>
			<item id="32649" losttest="3" iotype="AI" name="Sensor32649_S" textname="test sensor 32649"/>
			<item id="32650" losttest="3" iotype="AI" name="Sensor32650_S" textname="test sensor 32650"/>
			<item id="32651" losttest="3" iotype="AI" name="Sensor32651_S" textname="test sensor 32651"/>
			<item id="32652" losttest="3" iotype="AI" name="Sensor32652_S" textname="test sensor 32652"/>
			<item id="32653" losttest="3" iotype="AI" name="Sensor32653_S" textname="test sensor 32653"/>
			<item id="32654" losttest="3" iotype="AI" name="Sensor32654_S" textname="test sensor 32654"/>
			<item id="32655" losttest="3" iotype="AI" name="Sensor32655_S" textname="test sensor 32655"/>
			<item id="32656" losttest="3" iotype="AI" name="Sensor32656_S" textname="test sensor 32656"/>
			<item id="32657" losttest="3" iotype="AI" name="Sensor32657_S" textname="test sensor 32657"/>
			<item id="32658" losttest="3" iotype="AI" name="Sensor32658_S" textname="test sensor 32658"/>
			<item id="32659" losttest="3" iotype="AI" name="Sensor32659_S" textname="test sensor 32659"/>
			<item id="32660" losttest="3" iotype="AI" name="Sensor32660_S" textname="test sensor 32660"/>
			<item id="32661" losttest="3" iotype="AI" name="Sensor32661_S" textname="test sensor 32661"/>
			<item id="32662" losttest="3" iotype="AI" name="Sensor32662_S" textname="test sensor 32662"/>
			<item id="32663" losttest="3" iotype="AI" name="Sensor32663_S" textname="test sensor 32663"/>
			<item id="32664" losttest="3" iotype="AI" name="Sensor32664_S" textname="test sensor 32664"/>
			<item id="32665" losttest="3" iotype="AI" name="Sensor32665_S" textname="test sensor 32665"/>
			<item id="32666" losttest="3" iotype="AI" name="Sensor32666_S" textname="test sensor 32666"/>
			<item id="32667" losttest="3" iotype="AI" name="Sensor32667_S" textname="test sensor 32667"/>
			<item id="32668" losttest="3" iotype="AI" name="Sensor32668_S" textname="test sensor 32668"/>
			<item id="32669" losttest="3" iotype="AI" name="Sensor32669_S" textname="test sensor 32669"/>
			<item id="32670" losttest="3" iotype="AI" name="Sensor32670_S" textname="test sensor 32670"/>
			<item id="32671" losttest="3" iotype="AI" name="Sensor32671_S" textname="test sensor 32671"/>
			<item id="32672" losttest="3" iotype="AI" name="Sensor32672_S" textname="test sensor 32672"/>
			<item id="32673" losttest="3" iotype="AI" name="Sensor32673_S" textname="test sensor 32673"/>
			<item id="32674" losttest="3" iotype="AI" name="Sensor32674_S" textname="test sensor 32674"/>
			<item id="32675" losttest="3" iotype="AI" name="Sensor32675_S" textname="test sensor 32675"/>
			<item id="32676" losttest="3" iotype="AI" name="Sensor32676_S" textname="test sensor 32676"/>
			<item id="32677" losttest="3" iotype="AI" name="Sensor32677_S" textname="test sensor 32677"/>
			<item id="32678" losttest="3" iotype="AI" name="Sensor32678_S" textname="test sensor 32678"/>
			<item id="32679" losttest="3" iotype="AI" name="Sensor32679_S" textname="test sensor 32679"/>
			<item id="32680" losttest="3" iotype="AI" name="Sensor32680_S" textname="test sensor 32680"/>
			<item id="32681" losttest="3" iotype="AI" name="Sensor32681_S" textname="test sensor 32681"/>
			<item id="32682" losttest="3" iotype="AI" name="Sensor32682_S" textname="test sensor 32682"/>
			<item id="32683" losttest="3" iotype="AI" name="Sensor32683_S" textname="test sensor 32683"/>
			<item id="32684" losttest="3" iotype="AI" name="Sensor32684_S" textname="test sensor 32684"/>
			<item id="32685" losttest="3" iotype="AI" name="Sensor32685_S" textname="test sensor 32685"/>
			<item id="32686" losttest="3" iotype="AI" name="Sensor32686_S" textname="test sensor 32686"/>
			<item id="32687" losttest="3" iotype="AI" name="Sensor32687_S" textname="test sensor 32687"/>
			<item id="32688" losttest="3" iotype="AI" name="Sensor32688_S" textname="test sensor 32688"/>
			<item id="32689" losttest="3" iotype="AI" name="Sensor32689_S" textname="test sensor 32689"/>
			<item id="32690" losttest="3" iotype="AI" name="Sensor32690_S" textname="test sensor 32690"/>
			<item id="32691" losttest="3" iotype="AI" name="Sensor32691_S" textname="test sensor 32691"/>
			<item id="32692" losttest="3" iotype="AI" name="Sensor32692_S" textname="test sensor 32692"/>
			<item id="32693" losttest="3" iotype="AI" name="Sensor32693_S" textname="test sensor 32693"/>
			<item id="32694" losttest="3" iotype="AI" name="Sensor32694_S" textname="test sensor 32694"/>
			<item id="32695" losttest="3" iotype="AI" name="Sensor32695_S" textname="test sensor 32695"/>
			<item id="32696" losttest="3" iotype="AI" name="Sensor32696_S" textname="test sensor 32696"/>
			<item id="32697" losttest="3" iotype="AI" name="Sensor32697_S" textname="test sensor 32697"/>
			<item id="32698" losttest="3" iotype="AI" name="Sensor32698_S" textname="test sensor 32698"/>
			<item id="32699" losttest="3" iotype="AI" name="Sensor32699_S" textname="test sensor 32699"/>
			<item id="32700" losttest="3" iotype="AI" name="Sensor32700_S" textname="test sensor 32700"/>
			<item id="32701" losttest="3" iotype="AI" name="Sensor32701_S" textname="test sensor 32701"/>
			<item id="32702" losttest="3" iotype="AI" name="Sensor32702_S" textname="test sensor 32702"/>
			<item id="32703" losttest="3" iotype="AI" name="Sensor32703_S" textname="test sensor 32703"/>
			<item id="32704" losttest="3" iotype="AI" name="Sensor32704_S" textname="test sensor 32704"/>
			<item id="32705" losttest="3" iotype="AI" name="Sensor32705_S" textname="test sensor 32705"/>
			<item id="32706" losttest="3" iotype="AI" name="Sensor32706_S" textname="test sensor 32706"/>
			<item id="32707" losttest="3" iotype="AI" name="Sensor32707_S" textname="test sensor 32707"/>
			<item id="32708" losttest="3" iotype="AI" name="Sensor32708_S" textname="test sensor 32708"/>
			<item id="32709" losttest="3" iotype="AI" name="Sensor32709_S" textname="test sensor 32709"/>
			<item id="32710" losttest="3" iotype="AI" name="Sensor32710_S" textname="test sensor 32710"/>
			<item id="32711" losttest="3" iotype="AI" name="Sensor32711_S" textname="test sensor 32711"/>
			<item id="32712" losttest="3" iotype="AI" name="Sensor32712_S" textname="test sensor 32712"/>
			<item id="32713" losttest="3" iotype="AI" name="Sensor32713_S" textname="test sensor 32713"/>
			<item id="32714" losttest="3" iotype="AI" name="Sensor32714_S" textname="test sensor 32714"/>
			<item id="32715" losttest="3" iotype="AI" name="Sensor32715_S" textname="test sensor 32715"/>
			<item id="32716" losttest="3" iotype="AI" name="Sensor32716_S" textname="test sensor 32716"/>
			<item id="32717" losttest="3" iotype="AI" name="Sensor32717_S" textname="test sensor 32717"/>
			<item id="32718" losttest="3" iotype="AI" name="Sensor32718_S" textname="test sensor 32718"/>
			<item id="32719" losttest="3" iotype="AI" name="Sensor32719_S" textname="test sensor 32719"/>
			<item id="32720" losttest="3" iotype="AI" name="Sensor32720_S" textname="test sensor 32720"/>
			<item id="32721" losttest="3" iotype="AI" name="Sensor32721_S" textname="test sensor 32721"/>
			<item id="32722" losttest="3" iotype="AI" name="Sensor32722_S" textname="test sensor 32722"/>
			<item id="32723" losttest="3" iotype="AI" name="Sensor32723_S" textname="test sensor 32723"/>
			<item id="32724" losttest="3" iotype="AI" name="Sensor32724_S" textname="test sensor 32724"/>
			<item id="32725" losttest="3" iotype="AI" name="Sensor32725_S" textname="test sensor 32725"/>
			<item id="32726" losttest="3" iotype="AI" name="Sensor32726_S" textname="test sensor 32726"/>
			<item id="32727" losttest="3" iotype="AI" name="Sensor32727_S" textname="test sensor 32727"/>
			<item id="32728" losttest="3" iotype="AI" name="Sensor32728_S" textname="test sensor 32728"/>
			<item id="32729" losttest="3" iotype="AI" name="Sensor32729_S" textname="test sensor 32729"/>
			<item id="32730" losttest="3" iotype="AI" name="Sensor32730_S" textname="test sensor 32730"/>
			<item id="32731" losttest="3" iotype="AI" name="Sensor32731_S" textname="test sensor 32731"/>
			<item id="32732" losttest="3" iotype="AI" name="Sensor32732_S" textname="test sensor 32732"/>
			<item id="32733" losttest="3" iotype="AI" name="Sensor32733_S" textname="test sensor 32733"/>
			<item id="32734" losttest="3" iotype="AI" name="Sensor32734_S" textname="test sensor 32734"/>
			<item id="32735" losttest="3" iotype="AI" name="Sensor32735_S" textname="test sensor 32735"/>
			<item id="32736" losttest="3" iotype="AI" name="Sensor32736_S" textname="test sensor 32736"/>
			<item id="32737" losttest="3" iotype="AI" name="Sensor32737_S" textname="test sensor 32737"/>
			<item id="32738" losttest="3" iotype="AI" name="Sensor32738_S" textname="test sensor 32738"/>
			<item id="32739" losttest="3" iotype="AI" name="Sensor32739_S" textname="test sensor 32739"/>
			<item id="32740" losttest="3" iotype="AI" name="Sensor32740_S" textname="test sensor 32740"/>
			<item id="32741" losttest="3" iotype="AI" name="Sensor32741_S" textname="test sensor 32741"/>
			<item id="32742" losttest="3" iotype="AI" name="Sensor32742_S" textname="test sensor 32742"/>
			<item id="32743" losttest="3" iotype="AI" name="Sensor32743_S" textname="test sensor 32743"/>
			<item id="32744" losttest="3" iotype="AI" name="Sensor32744_S" textname="test sensor 32744"/>
			<item id="32745" losttest="3" iotype="AI" name="Sensor32745_S" textname="test sensor 32745"/>
			<item id="32746" losttest="3" iotype="AI" name="Sensor32746_S" textname="test sensor 32746"/>
			<item id="32747" losttest="3" iotype="AI" name="Sensor32747_S" textname="test sensor 32747"/>
			<item id="32748" losttest="3" iotype="AI" name="Sensor32748_S" textname="test sensor 32748"/>
			<item id="32749" losttest="3" iotype="AI" name="Sensor32749_S" textname="test sensor 32749"/>
			<item id="32750" losttest="3" iotype="AI" name="Sensor32750_S" textname="test sensor 32750"/>
			<item id="32751" losttest="3" iotype="AI" name="Sensor32751_S" textname="test sensor 32751"/>
			<item id="32752" losttest="3" iotype="AI" name="Sensor32752_S" textname="test sensor 32752"/>
			<item id="32753" losttest="3" iotype="AI" name="Sensor32753_S" textname="test sensor 32753"/>
			<item id="32754" losttest="3" iotype="AI" name="Sensor32754_S" textname="test sensor 32754"/>
			<item id="32755" losttest="3" iotype="AI" name="Sensor32755_S" textname="test sensor 32755"/>
			<item id="32756" losttest="3" iotype="AI" name="Sensor32756_S" textname="test sensor 32756"/>
			<item id="32757" losttest="3" iotype="AI" name="Sensor32757_S" textname="test sensor 32757"/>
			<item id="32758" losttest="3" iotype="AI" name="Sensor32758_S" textname="test sensor 32758"/>
			<item id="32759" losttest="3" iotype="AI" name="Sensor32759_S" textname="test sensor 32759"/>
			<item id="32760" losttest="3" iotype="AI" name="Sensor32760_S" textname="test sensor 32760"/>
			<item id="32761" losttest="3" iotype="AI" name="Sensor32761_S" textname="test sensor 32761"/>
			<item id="32762" losttest="3" iotype="AI" name="Sensor32762_S" textname="test sensor 32762"/>
			<item id="32763" losttest="3" iotype="AI" name="Sensor32763_S" textname="test sensor 32763"/>
			<item id="32764" losttest="3" iotype="AI" name="Sensor32764_S" textname="test sensor 32764"/>
			<item id="32765" losttest="3" iotype="AI" name="Sensor32765_S" textname="test sensor 32765"/>
			<item id="32766" losttest="3" iotype="AI" name="Sensor32766_S" textname="test sensor 32766"/>
			<item id="32767" losttest="3" iotype="AI" name="Sensor32767_S" textname="test sensor 32767"/>
			<item id="32768" losttest="3" iotype="AI" name="Sensor32768_S" textname="test sensor 32768"/>
			<item id="32769" losttest="3" iotype="AI" name="Sensor32769_S" textname="test sensor 32769"/>
			<item id="32770" losttest="3" iotype="AI" name="Sensor32770_S" textname="test sensor 32770"/>
			<item id="32771" losttest="3" iotype="AI" name="Sensor32771_S" textname="test sensor 32771"/>
			<item id="32772" losttest="3" iotype="AI" name="Sensor32772_S" textname="test sensor 32772"/>
			<item id="32773" losttest="3" iotype="AI" name="Sensor32773_S" textname="test sensor 32773"/>
			<item id="32774" losttest="3" iotype="AI" name="Sensor32774_S" textname="test sensor 32774"/>
			<item id="32775" losttest="3" iotype="AI" name="Sensor32775_S" textname="test sensor 32775"/>
			<item id="32776" losttest="3" iotype="AI" name="Sensor32776_S" textname="test sensor 32776"/>
			<item id="32777" losttest="3" iotype="AI" name="Sensor32777_S" textname="test sensor 32777"/>
			<item id="32778" losttest="3" iotype="AI" name="Sensor32778_S" textname="test sensor 32778"/>
			<item id="32779" losttest="3" iotype="AI" name="Sensor32779_S" textname="test sensor 32779"/>
			<item id="32780" losttest="3" iotype="AI" name="Sensor32780_S" textname="test sensor 32780"/>
			<item id="32781" losttest="3" iotype="AI" name="Sensor32781_S" textname="test sensor 32781"/>
			<item id="32782" losttest="3" iotype="AI" name="Sensor32782_S" textname="test sensor 32782"/>
			<item id="32783" losttest="3" iotype="AI" name="Sensor32783_S" textname="test sensor 32783"/>
			<item id="32784" losttest="3" iotype="AI" name="Sensor32784_S" textname="test sensor 32784"/>
			<item id="32785" losttest="3" iotype="AI" name="Sensor32785_S" textname="test sensor 32785"/>
			<item id="32786" losttest="3" iotype="AI" name="Sensor32786_S" textname="test sensor 32786"/>
			<item id="32787" losttest="3" iotype="AI" name="Sensor32787_S" textname="test sensor 32787"/>
			<item id="32788" losttest="3" iotype="AI" name="Sensor32788_S" textname="test sensor 32788"/>
			<item id="32789" losttest="3" iotype="AI" name="Sensor32789_S" textname="test sensor 32789"/>
			<item id="32790" losttest="3" iotype="AI" name="Sensor32790_S" textname="test sensor 32790"/>
			<item id="32791" losttest="3" iotype="AI" name="Sensor32791_S" textname="test sensor 32791"/>
			<item id="32792" losttest="3" iotype="AI" name="Sensor32792_S" textname="test sensor 32792"/>
			<item id="32793" losttest="3" iotype="AI" name="Sensor32793_S" textname="test sensor 32793"/>
			<item id="32794" losttest="3" iotype="AI" name="Sensor32794_S" textname="test sensor 32794"/>
			<item id="32795" losttest="3" iotype="AI" name="Sensor32795_S" textname="test sensor 32795"/>
			<item id="32796" losttest="3" iotype="AI" name="Sensor32796_S" textname="test sensor 32796"/>
			<item id="32797" losttest="3" iotype="AI" name="Sensor32797_S" textname="test sensor 32797"/>
			<item id="32798" losttest="3" iotype="AI" name="Sensor32798_S" textname="test sensor 32798"/>
			<item id="32799" losttest="3" iotype="AI" name="Sensor32799_S" textname="test sensor 32799"/>
			<item id="32800" losttest="3" iotype="AI" name="Sensor32800_S" textname="test sensor 32800"/>
			<item id="32801" losttest="3" iotype="AI" name="Sensor32801_S" textname="test sensor 32801"/>
			<item id="32802" losttest="3" iotype="AI" name="Sensor32802_S" textname="test sensor 32802"/>
			<item id="32803" losttest="3" iotype="AI" name="Sensor32803_S" textname="test sensor 32803"/>
			<item id="32804" losttest="3" iotype="AI" name="Sensor32804_S" textname="test sensor 32804"/>
			<item id="32805" losttest="3" iotype="AI" name="Sensor32805_S" textname="test sensor 32805"/>
			<item id="32806" losttest="3" iotype="AI" name="Sensor32806_S" textname="test sensor 32806"/>
			<item id="32807" losttest="3" iotype="AI" name="Sensor32807_S" textname="test sensor 32807"/>
			<item id="32808" losttest="3" iotype="AI" name="Sensor32808_S" textname="test sensor 32808"/>
			<item id="32809" losttest="3" iotype="AI" name="Sensor32809_S" textname="test sensor 32809"/>
			<item id="32810" losttest="3" iotype="AI" name="Sensor32810_S" textname="test sensor 32810"/>
			<item id="32811" losttest="3" iotype="AI" name="Sensor32811_S" textname="test sensor 32811"/>
			<item id="32812" losttest="3" iotype="AI" name="Sensor32812_S" textname="test sensor 32812"/>
			<item id="32813" losttest="3" iotype="AI" name="Sensor32813_S" textname="test sensor 32813"/>
			<item id="32814" losttest="3" iotype="AI" name="Sensor32814_S" textname="test sensor 32814"/>
			<item id="32815" losttest="3" iotype="AI" name="Sensor32815_S" textname="test sensor 32815"/>
			<item id="32816" losttest="3" iotype="AI" name="Sensor32816_S" textname="test sensor 32816"/>
			<item id="32817" losttest="3" iotype="AI" name="Sensor32817_S" textname="test sensor 32817"/>
			<item id="32818" losttest="3" iotype="AI" name="Sensor32818_S" textname="test sensor 32818"/>
			<item id="32819" losttest="3" iotype="AI" name="Sensor32819_S" textname="test sensor 32819"/>
			<item id="32820" losttest="3" iotype="AI" name="Sensor32820_S" textname="test sensor 32820"/>
			<item id="32821" losttest="3" iotype="AI" name="Sensor32821_S" textname="test sensor 32821"/>
			<item id="32822" losttest="3" iotype="AI" name="Sensor32822_S" textname="test sensor 32822"/>
			<item id="32823" losttest="3" iotype="AI" name="Sensor32823_S" textname="test sensor 32823"/>
			<item id="32824" losttest="3" iotype="AI" name="Sensor32824_S" textname="test sensor 32824"/>
			<item id="32825" losttest="3" iotype="AI" name="Sensor32825_S" textname="test sensor 32825"/>
			<item id="32826" losttest="3" iotype="AI" name="Sensor32826_S" textname="test sensor 32826"/>
			<item id="32827" losttest="3" iotype="AI" name="Sensor32827_S" textname="test sensor 32827"/>
			<item id="32828" losttest="3" iotype="AI" name="Sensor32828_S" textname="test sensor 32828"/>
			<item id="32829" losttest="3" iotype="AI" name="Sensor32829_S" textname="test sensor 32829"/>
			<item id="32830" losttest="3" iotype="AI" name="Sensor32830_S" textname="test sensor 32830"/>
			<item id="32831" losttest="3" iotype="AI" name="Sensor32831_S" textname="test sensor 32831"/>
			<item id="32832" losttest="3" iotype="AI" name="Sensor32832_S" textname="test sensor 32832"/>
			<item id="32833" losttest="3" iotype="AI" name="Sensor32833_S" textname="test sensor 32833"/>
			<item id="32834" losttest="3" iotype="AI" name="Sensor32834_S" textname="test sensor 32834"/>
			<item id="32835" losttest="3" iotype="AI" name="Sensor32835_S" textname="test sensor 32835"/>
			<item id="32836" losttest="3" iotype="AI" name="Sensor32836_S" textname="test sensor 32836"/>
			<item id="32837" losttest="3" iotype="AI" name="Sensor32837_S" textname="test sensor 32837"/>
			<item id="32838" losttest="3" iotype="AI" name="Sensor32838_S" textname="test sensor 32838"/>
			<item id="32839" losttest="3" iotype="AI" name="Sensor32839_S" textname="test sensor 32839"/>
			<item id="32840" losttest="3" iotype="AI" name="Sensor32840_S" textname="test sensor 32840"/>
			<item id="32841" losttest="3" iotype="AI" name="Sensor32841_S" textname="test sensor 32841"/>
			<item id="32842" losttest="3" iotype="AI" name="Sensor32842_S" textname="test sensor 32842"/>
			<item id="32843" losttest="3" iotype="AI" name="Sensor32843_S" textname="test sensor 32843"/>
			<item id="32844" losttest="3" iotype="AI" name="Sensor32844_S" textname="test sensor 32844"/>
			<item id="32845" losttest="3" iotype="AI" name="Sensor32845_S" textname="test sensor 32845"/>
			<item id="32846" losttest="3" iotype="AI" name="Sensor32846_S" textname="test sensor 32846"/>
			<item id="32847" losttest="3" iotype="AI" name="Sensor32847_S" textname="test sensor 32847"/>
			<item id="32848" losttest="3" iotype="AI" name="Sensor32848_S" textname="test sensor 32848"/>
			<item id="32849" losttest="3" iotype="AI" name="Sensor32849_S" textname="test sensor 32849"/>
			<item id="32850" losttest="3" iotype="AI" name="Sensor32850_S" textname="test sensor 32850"/>
			<item id="32851" losttest="3" iotype="AI" name="Sensor32851_S" textname="test sensor 32851"/>
			<item id="32852" losttest="3" iotype="AI" name="Sensor32852_S" textname="test sensor 32852"/>
			<item id="32853" losttest="3" iotype="AI" name="Sensor32853_S" textname="test sensor 32853"/>
			<item id="32854" losttest="3" iotype="AI" name="Sensor32854_S" textname="test sensor 32854"/>
			<item id="32855" losttest="3" iotype="AI" name="Sensor32855_S" textname="test sensor 32855"/>
			<item id="32856" losttest="3" iotype="AI" name="Sensor32856_S" textname="test sensor 32856"/>
			<item id="32857" losttest="3" iotype="AI" name="Sensor32857_S" textname="test sensor 32857"/>
			<item id="32858" losttest="3" iotype="AI" name="Sensor32858_S" textname="test sensor 32858"/>
			<item id="32859" losttest="3" iotype="AI" name="Sensor32859_S" textname="test sensor 32859"/>
			<item id="32860" losttest="3" iotype="AI" name="Sensor32860_S" textname="test sensor 32860"/>
			<item id="32861" losttest="3" iotype="AI" name="Sensor32861_S" textname="test sensor 32861"/>
			<item id="32862" losttest="3" iotype="AI" name="Sensor32862_S" textname="test sensor 32862"/>
			<item id="32863" losttest="3" iotype="AI" name="Sensor32863_S" textname="test sensor 32863"/>
			<item id="32864" losttest="3" iotype="AI" name="Sensor32864_S" textname="test sensor 32864"/>
			<item id="32865" losttest="3" iotype="AI" name="Sensor32865_S" textname="test sensor 32865"/>
			<item id="32866" losttest="3" iotype="AI" name="Sensor32866_S" textname="test sensor 32866"/>
			<item id="32867" losttest="3" iotype="AI" name="Sensor32867_S" textname="test sensor 32867"/>
			<item id="32868" losttest="3" iotype="AI" name="Sensor32868_S" textname="test sensor 32868"/>
			<item id="32869" losttest="3" iotype="AI" name="Sensor32869_S" textname="test sensor 32869"/>
			<item id="32870" losttest="3" iotype="AI" name="Sensor32870_S" textname="test sensor 32870"/>
			<item id="32871" losttest="3" iotype="AI" name="Sensor32871_S" textname="test sensor 32871"/>
			<item id="32872" losttest="3" iotype="AI" name="Sensor32872_S" textname="test sensor 32872"/>
			<item id="32873" losttest="3" iotype="AI" name="Sensor32873_S" textname="test sensor 32873"/>
			<item id="32874" losttest="3" iotype="AI" name="Sensor32874_S" textname="test sensor 32874"/>
			<item id="32875" losttest="3" iotype="AI" name="Sensor32875_S" textname="test sensor 32875"/>
			<item id="32876" losttest="3" iotype="AI" name="Sensor32876_S" textname="test sensor 32876"/>
			<item id="32877" losttest="3" iotype="AI" name="Sensor32877_S" textname="test sensor 32877"/>
			<item id="32878" losttest="3" iotype="AI" name="Sensor32878_S" textname="test sensor 32878"/>
			<item id="32879" losttest="3" iotype="AI" name="Sensor32879_S" textname="test sensor 32879"/>
			<item id="32880" losttest="3" iotype="AI" name="Sensor32880_S" textname="test sensor 32880"/>
			<item id="32881" losttest="3" iotype="AI" name="Sensor32881_S" textname="test sensor 32881"/>
			<item id="32882" losttest="3" iotype="AI" name="Sensor32882_S" textname="test sensor 32882"/>
			<item id="32883" losttest="3" iotype="AI" name="Sensor32883_S" textname="test sensor 32883"/>
			<item id="32884" losttest="3" iotype="AI" name="Sensor32884_S" textname="test sensor 32884"/>
			<item id="32885" losttest="3" iotype="AI" name="Sensor32885_S" textname="test sensor 32885"/>
			<item id="32886" losttest="3" iotype="AI" name="Sensor32886_S" textname="test sensor 32886"/>
			<item id="32887" losttest="3" iotype="AI" name="Sensor32887_S" textname="test sensor 32887"/>
			<item id="32888" losttest="3" iotype="AI" name="Sensor32888_S" textname="test sensor 32888"/>
			<item id="32889" losttest="3" iotype="AI" name="Sensor32889_S" textname="test sensor 32889"/>
			<item id="32890" losttest="3" iotype="AI" name="Sensor32890_S" textname="test sensor 32890"/>
			<item id="32891" losttest="3" iotype="AI" name="Sensor32891_S" textname="test sensor 32891"/>
			<item id="32892" losttest="3" iotype="AI" name="Sensor32892_S" textname="test sensor 32892"/>
			<item id="32893" losttest="3" iotype="AI" name="Sensor32893_S" textname="test sensor 32893"/>
			<item id="32894" losttest="3" iotype="AI" name="Sensor32894_S" textname="test sensor 32894"/>
			<item id="32895" losttest="3" iotype="AI" name="Sensor32895_S" textname="test sensor 32895"/>
			<item id="32896" losttest="3" iotype="AI" name="Sensor32896_S" textname="test sensor 32896"/>
			<item id="32897" losttest="3" iotype="AI" name="Sensor32897_S" textname="test sensor 32897"/>
			<item id="32898" losttest="3" iotype="AI" name="Sensor32898_S" textname="test sensor 32898"/>
			<item id="32899" losttest="3" iotype="AI" name="Sensor32899_S" textname="test sensor 32899"/>
			<item id="32900" losttest="3" iotype="AI" name="Sensor32900_S" textname="test sensor 32900"/>
			<item id="32901" losttest="3" iotype="AI" name="Sensor32901_S" textname="test sensor 32901"/>
			<item id="32902" losttest="3" iotype="AI" name="Sensor32902_S" textname="test sensor 32902"/>
			<item id="32903" losttest="3" iotype="AI" name="Sensor32903_S" textname="test sensor 32903"/>
			<item id="32904" losttest="3" iotype="AI" name="Sensor32904_S" textname="test sensor 32904"/>
			<item id="32905" losttest="3" iotype="AI" name="Sensor32905_S" textname="test sensor 32905"/>
			<item id="32906" losttest="3" iotype="AI" name="Sensor32906_S" textname="test sensor 32906"/>
			<item id="32907" losttest="3" iotype="AI" name="Sensor32907_S" textname="test sensor 32907"/>
			<item id="32908" losttest="3" iotype="AI" name="Sensor32908_S" textname="test sensor 32908"/>
			<item id="32909" losttest="3" iotype="AI" name="Sensor32909_S" textname="test sensor 32909"/>
			<item id="32910" losttest="3" iotype="AI" name="Sensor32910_S" textname="test sensor 32910"/>
			<item id="32911" losttest="3" iotype="AI" name="Sensor32911_S" textname="test sensor 32911"/>
			<item id="32912" losttest="3" iotype="AI" name="Sensor32912_S" textname="test sensor 32912"/>
			<item id="32913" losttest="3" iotype="AI" name="Sensor32913_S" textname="test sensor 32913"/>
			<item id="32914" losttest="3" iotype="AI" name="Sensor32914_S" textname="test sensor 32914"/>
			<item id="32915" losttest="3" iotype="AI" name="Sensor32915_S" textname="test sensor 32915"/>
			<item id="32916" losttest="3" iotype="AI" name="Sensor32916_S" textname="test sensor 32916"/>
			<item id="32917" losttest="3" iotype="AI" name="Sensor32917_S" textname="test sensor 32917"/>
			<item id="32918" losttest="3" iotype="AI" name="Sensor32918_S" textname="test sensor 32918"/>
			<item id="32919" losttest="3" iotype="AI" name="Sensor32919_S" textname="test sensor 32919"/>
			<item id="32920" losttest="3" iotype="AI" name="Sensor32920_S" textname="test sensor 32920"/>
			<item id="32921" losttest="3" iotype="AI" name="Sensor32921_S" textname="test sensor 32921"/>
			<item id="32922" losttest="3" iotype="AI" name="Sensor32922_S" textname="test sensor 32922"/>
			<item id="32923" losttest="3" iotype="AI" name="Sensor32923_S" textname="test sensor 32923"/>
			<item id="32924" losttest="3" iotype="AI" name="Sensor32924_S" textname="test sensor 32924"/>
			<item id="32925" losttest="3" iotype="AI" name="Sensor32925_S" textname="test sensor 32925"/>
			<item id="32926" losttest="3" iotype="AI" name="Sensor32926_S" textname="test sensor 32926"/>
			<item id="32927" losttest="3" iotype="AI" name="Sensor32927_S" textname="test sensor 32927"/>
			<item id="32928" losttest="3" iotype="AI" name="Sensor32928_S" textname="test sensor 32928"/>
			<item id="32929" losttest="3" iotype="AI" name="Sensor32929_S" textname="test sensor 32929"/>
			<item id="32930" losttest="3" iotype="AI" name="Sensor32930_S" textname="test sensor 32930"/>
			<item id="32931" losttest="3" iotype="AI" name="Sensor32931_S" textname="test sensor 32931"/>
			<item id="32932" losttest="3" iotype="AI" name="Sensor32932_S" textname="test sensor 32932"/>
			<item id="32933" losttest="3" iotype="AI" name="Sensor32933_S" textname="test sensor 32933"/>
			<item id="32934" losttest="3" iotype="AI" name="Sensor32934_S" textname="test sensor 32934"/>
			<item id="32935" losttest="3" iotype="AI" name="Sensor32935_S" textname="test sensor 32935"/>
			<item id="32936" losttest="3" iotype="AI" name="Sensor32936_S" textname="test sensor 32936"/>
			<item id="32937" losttest="3" iotype="AI" name="Sensor32937_S" textname="test sensor 32937"/>
			<item id="32938" losttest="3" iotype="AI" name="Sensor32938_S" textname="test sensor 32938"/>
			<item id="32939" losttest="3" iotype="AI" name="Sensor32939_S" textname="test sensor 32939"/>
			<item id="32940" losttest="3" iotype="AI" name="Sensor32940_S" textname="test sensor 32940"/>
			<item id="32941" losttest="3" iotype="AI" name="Sensor32941_S" textname="test sensor 32941"/>
			<item id="32942" losttest="3" iotype="AI" name="Sensor32942_S" textname="test sensor 32942"/>
			<item id="32943" losttest="3" iotype="AI" name="Sensor32943_S" textname="test sensor 32943"/>
			<item id="32944" losttest="3" iotype="AI" name="Sensor32944_S" textname="test sensor 32944"/>
			<item id="32945" losttest="3" iotype="AI" name="Sensor32945_S" textname="test sensor 32945"/>
			<item id="32946" losttest="3" iotype="AI" name="Sensor32946_S" textname="test sensor 32946"/>
			<item id="32947" losttest="3" iotype="AI" name="Sensor32947_S" textname="test sensor 32947"/>
			<item id="32948" losttest="3" iotype="AI" name="Sensor32948_S" textname="test sensor 32948"/>
			<item id="32949" losttest="3" iotype="AI" name="Sensor32949_S" textname="test sensor 32949"/>
			<item id="32950" losttest="3" iotype="AI" name="Sensor32950_S" textname="test sensor 32950"/>
			<item id="32951" losttest="3" iotype="AI" name="Sensor32951_S" textname="test sensor 32951"/>
			<item id="32952" losttest="3" iotype="AI" name="Sensor32952_S" textname="test sensor 32952"/>
			<item id="32953" losttest="3" iotype="AI" name="Sensor32953_S" textname="test sensor 32953"/>
			<item id="32954" losttest="3" iotype="AI" name="Sensor32954_S" textname="test sensor 32954"/>
			<item id="32955" losttest="3" iotype="AI" name="Sensor32955_S" textname="test sensor 32955"/>
			<item id="32956" losttest="3" iotype="AI" name="Sensor32956_S" textname="test sensor 32956"/>
			<item id="32957" losttest="3" iotype="AI" name="Sensor32957_S" textname="test sensor 32957"/>
			<item id="32958" losttest="3" iotype="AI" name="Sensor32958_S" textname="test sensor 32958"/>
			<item id="32959" losttest="3" iotype="AI" name="Sensor32959_S" textname="test sensor 32959"/>
			<item id="32960" losttest="3" iotype="AI" name="Sensor32960_S" textname="test sensor 32960"/>
			<item id="32961" losttest="3" iotype="AI" name="Sensor32961_S" textname="test sensor 32961"/>
			<item id="32962" losttest="3" iotype="AI" name="Sensor32962_S" textname="test sensor 32962"/>
			<item id="32963" losttest="3" iotype="AI" name="Sensor32963_S" textname="test sensor 32963"/>
			<item id="32964" losttest="3" iotype="AI" name="Sensor32964_S" textname="test sensor 32964"/>
			<item id="32965" losttest="3" iotype="AI" name="Sensor32965_S" textname="test sensor 32965"/>
			<item id="32966" losttest="3" iotype="AI" name="Sensor32966_S" textname="test sensor 32966"/>
			<item id="32967" losttest="3" iotype="AI" name="Sensor32967_S" textname="test sensor 32967"/>
			<item id="32968" losttest="3" iotype="AI" name="Sensor32968_S" textname="test sensor 32968"/>
			<item id="32969" losttest="3" iotype="AI" name="Sensor32969_S" textname="test sensor 32969"/>
			<item id="32970" losttest="3" iotype="AI" name="Sensor32970_S" textname="test sensor 32970"/>
			<item id="32971" losttest="3" iotype="AI" name="Sensor32971_S" textname="test sensor 32971"/>
			<item id="32972" losttest="3" iotype="AI" name="Sensor32972_S" textname="test sensor 32972"/>
			<item id="32973" losttest="3" iotype="AI" name="Sensor32973_S" textname="test sensor 32973"/>
			<item id="32974" losttest="3" iotype="AI" name="Sensor32974_S" textname="test sensor 32974"/>
			<item id="32975" losttest="3" iotype="AI" name="Sensor32975_S" textname="test sensor 32975"/>
			<item id="32976" losttest="3" iotype="AI" name="Sensor32976_S" textname="test sensor 32976"/>
			<item id="32977" losttest="3" iotype="AI" name="Sensor32977_S" textname="test sensor 32977"/>
			<item id="32978" losttest="3" iotype="AI" name="Sensor32978_S" textname="test sensor 32978"/>
			<item id="32979" losttest="3" iotype="AI" name="Sensor32979_S" textname="test sensor 32979"/>
			<item id="32980" losttest="3" iotype="AI" name="Sensor32980_S" textname="test sensor 32980"/>
			<item id="32981" losttest="3" iotype="AI" name="Sensor32981_S" textname="test sensor 32981"/>
			<item id="32982" losttest="3" iotype="AI" name="Sensor32982_S" textname="test sensor 32982"/>
			<item id="32983" losttest="3" iotype="AI" name="Sensor32983_S" textname="test sensor 32983"/>
			<item id="32984" losttest="3" iotype="AI" name="Sensor32984_S" textname="test sensor 32984"/>
			<item id="32985" losttest="3" iotype="AI" name="Sensor32985_S" textname="test sensor 32985"/>
			<item id="32986" losttest="3" iotype="AI" name="Sensor32986_S" textname="test sensor 32986"/>
			<item id="32987" losttest="3" iotype="AI" name="Sensor32987_S" textname="test sensor 32987"/>
			<item id="32988" losttest="3" iotype="AI" name="Sensor32988_S" textname="test sensor 32988"/>
			<item id="32989" losttest="3" iotype="AI" name="Sensor32989_S" textname="test sensor 32989"/>
			<item id="32990" losttest="3" iotype="AI" name="Sensor32990_S" textname="test sensor 32990"/>
			<item id="32991" losttest="3" iotype="AI" name="Sensor32991_S" textname="test sensor 32991"/>
			<item id="32992" losttest="3" iotype="AI" name="Sensor32992_S" textname="test sensor 32992"/>
			<item id="32993" losttest="3" iotype="AI" name="Sensor32993_S" textname="test sensor 32993"/>
			<item id="32994" losttest="3" iotype="AI" name="Sensor32994_S" textname="test sensor 32994"/>
			<item id="32995" losttest="3" iotype="AI" name="Sensor32995_S" textname="test sensor 32995"/>
			<item id="32996" losttest="3" iotype="AI" name="Sensor32996_S" textname="test sensor 32996"/>
			<item id="32997" losttest="3" iotype="AI" name="Sensor32997_S" textname="test sensor 32997"/>
			<item id="32998" losttest="3" iotype="AI" name="Sensor32998_S" textname="test sensor 32998"/>
			<item id="32999" losttest="3" iotype="AI" name="Sensor32999_S" textname="test sensor 32999"/>
			<item id="33000" losttest="3" iotype="AI" name="Sensor33000_S" textname="test sensor 33000"/>
			<item id="33001" losttest="3" iotype="AI" name="Sensor33001_S" textname="test sensor 33001"/>
			<item id="33002" losttest="3" iotype="AI" name="Sensor33002_S" textname="test sensor 33002"/>
			<item id="33003" losttest="3" iotype="AI" name="Sensor33003_S" textname="test sensor 33003"/>
			<item id="33004" losttest="3" iotype="AI" name="Sensor33004_S" textname="test sensor 33004"/>
			<item id="33005" losttest="3" iotype="AI" name="Sensor33005_S" textname="test sensor 33005"/>
			<item id="33006" losttest="3" iotype="AI" name="Sensor33006_S" textname="test sensor 33006"/>
			<item id="33007" losttest="3" iotype="AI" name="Sensor33007_S" textname="test sensor 33007"/>
			<item id="33008" losttest="3" iotype="AI" name="Sensor33008_S" textname="test sensor 33008"/>
			<item id="33009" losttest="3" iotype="AI" name="Sensor33009_S" textname="test sensor 33009"/>
			<item id="33010" losttest="3" iotype="AI" name="Sensor33010_S" textname="test sensor 33010"/>
			<item id="33011" losttest="3" iotype="AI" name="Sensor33011_S" textname="test sensor 33011"/>
			<item id="33012" losttest="3" iotype="AI" name="Sensor33012_S" textname="test sensor 33012"/>
			<item id="33013" losttest="3" iotype="AI" name="Sensor33013_S" textname="test sensor 33013"/>
			<item id="33014" losttest="3" iotype="AI" name="Sensor33014_S" textname="test sensor 33014"/>
			<item id="33015" losttest="3" iotype="AI" name="Sensor33015_S" textname="test sensor 33015"/>
			<item id="33016" losttest="3" iotype="AI" name="Sensor33016_S" textname="test sensor 33016"/>
			<item id="33017" losttest="3" iotype="AI" name="Sensor33017_S" textname="test sensor 33017"/>
			<item id="33018" losttest="3" iotype="AI" name="Sensor33018_S" textname="test sensor 33018"/>
			<item id="33019" losttest="3" iotype="AI" name="Sensor33019_S" textname="test sensor 33019"/>
			<item id="33020" losttest="3" iotype="AI" name="Sensor33020_S" textname="test sensor 33020"/>
			<item id="33021" losttest="3" iotype="AI" name="Sensor33021_S" textname="test sensor 33021"/>
			<item id="33022" losttest="3" iotype="AI" name="Sensor33022_S" textname="test sensor 33022"/>
			<item id="33023" losttest="3" iotype="AI" name="Sensor33023_S" textname="test sensor 33023"/>
			<item id="33024" losttest="3" iotype="AI" name="Sensor33024_S" textname="test sensor 33024"/>
			<item id="33025" losttest="3" iotype="AI" name="Sensor33025_S" textname="test sensor 33025"/>
			<item id="33026" losttest="3" iotype="AI" name="Sensor33026_S" textname="test sensor 33026"/>
			<item id="33027" losttest="3" iotype="AI" name="Sensor33027_S" textname="test sensor 33027"/>
			<item id="33028" losttest="3" iotype="AI" name="Sensor33028_S" textname="test sensor 33028"/>
			<item id="33029" losttest="3" iotype="AI" name="Sensor33029_S" textname="test sensor 33029"/>
			<item id="33030" losttest="3" iotype="AI" name="Sensor33030_S" textname="test sensor 33030"/>
			<item id="33031" losttest="3" iotype="AI" name="Sensor33031_S" textname="test sensor 33031"/>
			<item id="33032" losttest="3" iotype="AI" name="Sensor33032_S" textname="test sensor 33032"/>
			<item id="33033" losttest="3" iotype="AI" name="Sensor33033_S" textname="test sensor 33033"/>
			<item id="33034" losttest="3" iotype="AI" name="Sensor33034_S" textname="test sensor 33034"/>
			<item id="33035" losttest="3" iotype="AI" name="Sensor33035_S" textname="test sensor 33035"/>
			<item id="33036" losttest="3" iotype="AI" name="Sensor33036_S" textname="test sensor 33036"/>
			<item id="33037" losttest="3" iotype="AI" name="Sensor33037_S" textname="test sensor 33037"/>
			<item id="33038" losttest="3" iotype="AI" name="Sensor33038_S" textname="test sensor 33038"/>
			<item id="33039" losttest="3" iotype="AI" name="Sensor33039_S" textname="test sensor 33039"/>
			<item id="33040" losttest="3" iotype="AI" name="Sensor33040_S" textname="test sensor 33040"/>
			<item id="33041" losttest="3" iotype="AI" name="Sensor33041_S" textname="test sensor 33041"/>
			<item id="33042" losttest="3" iotype="AI" name="Sensor33042_S" textname="test sensor 33042"/>
			<item id="33043" losttest="3" iotype="AI" name="Sensor33043_S" textname="test sensor 33043"/>
			<item id="33044" losttest="3" iotype="AI" name="Sensor33044_S" textname="test sensor 33044"/>
			<item id="33045" losttest="3" iotype="AI" name="Sensor33045_S" textname="test sensor 33045"/>
			<item id="33046" losttest="3" iotype="AI" name="Sensor33046_S" textname="test sensor 33046"/>
			<item id="33047" losttest="3" iotype="AI" name="Sensor33047_S" textname="test sensor 33047"/>
			<item id="33048" losttest="3" iotype="AI" name="Sensor33048_S" textname="test sensor 33048"/>
			<item id="33049" losttest="3" iotype="AI" name="Sensor33049_S" textname="test sensor 33049"/>
			<item id="33050" losttest="3" iotype="AI" name="Sensor33050_S" textname="test sensor 33050"/>
			<item id="33051" losttest="3" iotype="AI" name="Sensor33051_S" textname="test sensor 33051"/>
			<item id="33052" losttest="3" iotype="AI" name="Sensor33052_S" textname="test sensor 33052"/>
			<item id="33053" losttest="3" iotype="AI" name="Sensor33053_S" textname="test sensor 33053"/>
			<item id="33054" losttest="3" iotype="AI" name="Sensor33054_S" textname="test sensor 33054"/>
			<item id="33055" losttest="3" iotype="AI" name="Sensor33055_S" textname="test sensor 33055"/>
			<item id="33056" losttest="3" iotype="AI" name="Sensor33056_S" textname="test sensor 33056"/>
			<item id="33057" losttest="3" iotype="AI" name="Sensor33057_S" textname="test sensor 33057"/>
			<item id="33058" losttest="3" iotype="AI" name="Sensor33058_S" textname="test sensor 33058"/>
			<item id="33059" losttest="3" iotype="AI" name="Sensor33059_S" textname="test sensor 33059"/>
			<item id="33060" losttest="3" iotype="AI" name="Sensor33060_S" textname="test sensor 33060"/>
			<item id="33061" losttest="3" iotype="AI" name="Sensor33061_S" textname="test sensor 33061"/>
			<item id="33062" losttest="3" iotype="AI" name="Sensor33062_S" textname="test sensor 33062"/>
			<item id="33063" losttest="3" iotype="AI" name="Sensor33063_S" textname="test sensor 33063"/>
			<item id="33064" losttest="3" iotype="AI" name="Sensor33064_S" textname="test sensor 33064"/>
			<item id="33065" losttest="3" iotype="AI" name="Sensor33065_S" textname="test sensor 33065"/>
			<item id="33066" losttest="3" iotype="AI" name="Sensor33066_S" textname="test sensor 33066"/>
			<item id="33067" losttest="3" iotype="AI" name="Sensor33067_S" textname="test sensor 33067"/>
			<item id="33068" losttest="3" iotype="AI" name="Sensor33068_S" textname="test sensor 33068"/>
			<item id="33069" losttest="3" iotype="AI" name="Sensor33069_S" textname="test sensor 33069"/>
			<item id="33070" losttest="3" iotype="AI" name="Sensor33070_S" textname="test sensor 33070"/>
			<item id="33071" losttest="3" iotype="AI" name="Sensor33071_S" textname="test sensor 33071"/>
			<item id="33072" losttest="3" iotype="AI" name="Sensor33072_S" textname="test sensor 33072"/>
			<item id="33073" losttest="3" iotype="AI" name="Sensor33073_S" textname="test sensor 33073"/>
			<item id="33074" losttest="3" iotype="AI" name="Sensor33074_S" textname="test sensor 33074"/>
			<item id="33075" losttest="3" iotype="AI" name="Sensor33075_S" textname="test sensor 33075"/>
			<item id="33076" losttest="3" iotype="AI" name="Sensor33076_S" textname="test sensor 33076"/>
			<item id="33077" losttest="3" iotype="AI" name="Sensor33077_S" textname="test sensor 33077"/>
			<item id="33078" losttest="3" iotype="AI" name="Sensor33078_S" textname="test sensor 33078"/>
			<item id="33079" losttest="3" iotype="AI" name="Sensor33079_S" textname="test sensor 33079"/>
			<item id="33080" losttest="3" iotype="AI" name="Sensor33080_S" textname="test sensor 33080"/>
			<item id="33081" losttest="3" iotype="AI" name="Sensor33081_S" textname="test sensor 33081"/>
			<item id="33082" losttest="3" iotype="AI" name="Sensor33082_S" textname="test sensor 33082"/>
			<item id="33083" losttest="3" iotype="AI" name="Sensor33083_S" textname="test sensor 33083"/>
			<item id="33084" losttest="3" iotype="AI" name="Sensor33084_S" textname="test sensor 33084"/>
			<item id="33085" losttest="3" iotype="AI" name="Sensor33085_S" textname="test sensor 33085"/>
			<item id="33086" losttest="3" iotype="AI" name="Sensor33086_S" textname="test sensor 33086"/>
			<item id="33087" losttest="3" iotype="AI" name="Sensor33087_S" textname="test sensor 33087"/>
			<item id="33088" losttest="3" iotype="AI" name="Sensor33088_S" textname="test sensor 33088"/>
			<item id="33089" losttest="3" iotype="AI" name="Sensor33089_S" textname="test sensor 33089"/>
			<item id="33090" losttest="3" iotype="AI" name="Sensor33090_S" textname="test sensor 33090"/>
			<item id="33091" losttest="3" iotype="AI" name="Sensor33091_S" textname="test sensor 33091"/>
			<item id="33092" losttest="3" iotype="AI" name="Sensor33092_S" textname="test sensor 33092"/>
			<item id="33093" losttest="3" iotype="AI" name="Sensor33093_S" textname="test sensor 33093"/>
			<item id="33094" losttest="3" iotype="AI" name="Sensor33094_S" textname="test sensor 33094"/>
			<item id="33095" losttest="3" iotype="AI" name="Sensor33095_S" textname="test sensor 33095"/>
			<item id="33096" losttest="3" iotype="AI" name="Sensor33096_S" textname="test sensor 33096"/>
			<item id="33097" losttest="3" iotype="AI" name="Sensor33097_S" textname="test sensor 33097"/>
			<item id="33098" losttest="3" iotype="AI" name="Sensor33098_S" textname="test sensor 33098"/>
			<item id="33099" losttest="3" iotype="AI" name="Sensor33099_S" textname="test sensor 33099"/>
			<item id="33100" losttest="3" iotype="AI" name="Sensor33100_S" textname="test sensor 33100"/>
			<item id="33101" losttest="3" iotype="AI" name="Sensor33101_S" textname="test sensor 33101"/>
			<item id="33102" losttest="3" iotype="AI" name="Sensor33102_S" textname="test sensor 33102"/>
			<item id="33103" losttest="3" iotype="AI" name="Sensor33103_S" textname="test sensor 33103"/>
			<item id="33104" losttest="3" iotype="AI" name="Sensor33104_S" textname="test sensor 33104"/>
			<item id="33105" losttest="3" iotype="AI" name="Sensor33105_S" textname="test sensor 33105"/>
			<item id="33106" losttest="3" iotype="AI" name="Sensor33106_S" textname="test sensor 33106"/>
			<item id="33107" losttest="3" iotype="AI" name="Sensor33107_S" textname="test sensor 33107"/>
			<item id="33108" losttest="3" iotype="AI" name="Sensor33108_S" textname="test sensor 33108"/>
			<item id="33109" losttest="3" iotype="AI" name="Sensor33109_S" textname="test sensor 33109"/>
			<item id="33110" losttest="3" iotype="AI" name="Sensor33110_S" textname="test sensor 33110"/>
			<item id="33111" losttest="3" iotype="AI" name="Sensor33111_S" textname="test sensor 33111"/>
			<item id="33112" losttest="3" iotype="AI" name="Sensor33112_S" textname="test sensor 33112"/>
			<item id="33113" losttest="3" iotype="AI" name="Sensor33113_S" textname="test sensor 33113"/>
			<item id="33114" losttest="3" iotype="AI" name="Sensor33114_S" textname="test sensor 33114"/>
			<item id="33115" losttest="3" iotype="AI" name="Sensor33115_S" textname="test sensor 33115"/>
			<item id="33116" losttest="3" iotype="AI" name="Sensor33116_S" textname="test sensor 33116"/>
			<item id="33117" losttest="3" iotype="AI" name="Sensor33117_S" textname="test sensor 33117"/>
			<item id="33118" losttest="3" iotype="AI" name="Sensor33118_S" textname="test sensor 33118"/>
			<item id="33119" losttest="3" iotype="AI" name="Sensor33119_S" textname="test sensor 33119"/>
			<item id="33120" losttest="3" iotype="AI" name="Sensor33120_S" textname="test sensor 33120"/>
			<item id="33121" losttest="3" iotype="AI" name="Sensor33121_S" textname="test sensor 33121"/>
			<item id="33122" losttest="3" iotype="AI" name="Sensor33122_S" textname="test sensor 33122"/>
			<item id="33123" losttest="3" iotype="AI" name="Sensor33123_S" textname="test sensor 33123"/>
			<item id="33124" losttest="3" iotype="AI" name="Sensor33124_S" textname="test sensor 33124"/>
			<item id="33125" losttest="3" iotype="AI" name="Sensor33125_S" textname="test sensor 33125"/>
			<item id="33126" losttest="3" iotype="AI" name="Sensor33126_S" textname="test sensor 33126"/>
			<item id="33127" losttest="3" iotype="AI" name="Sensor33127_S" textname="test sensor 33127"/>
			<item id="33128" losttest="3" iotype="AI" name="Sensor33128_S" textname="test sensor 33128"/>
			<item id="33129" losttest="3" iotype="AI" name="Sensor33129_S" textname="test sensor 33129"/>
			<item id="33130" losttest="3" iotype="AI" name="Sensor33130_S" textname="test sensor 33130"/>
			<item id="33131" losttest="3" iotype="AI" name="Sensor33131_S" textname="test sensor 33131"/>
			<item id="33132" losttest="3" iotype="AI" name="Sensor33132_S" textname="test sensor 33132"/>
			<item id="33133" losttest="3" iotype="AI" name="Sensor33133_S" textname="test sensor 33133"/>
			<item id="33134" losttest="3" iotype="AI" name="Sensor33134_S" textname="test sensor 33134"/>
			<item id="33135" losttest="3" iotype="AI" name="Sensor33135_S" textname="test sensor 33135"/>
			<item id="33136" losttest="3" iotype="AI" name="Sensor33136_S" textname="test sensor 33136"/>
			<item id="33137" losttest="3" iotype="AI" name="Sensor33137_S" textname="test sensor 33137"/>
			<item id="33138" losttest="3" iotype="AI" name="Sensor33138_S" textname="test sensor 33138"/>
			<item id="33139" losttest="3" iotype="AI" name="Sensor33139_S" textname="test sensor 33139"/>
			<item id="33140" losttest="3" iotype="AI" name="Sensor33140_S" textname="test sensor 33140"/>
			<item id="33141" losttest="3" iotype="AI" name="Sensor33141_S" textname="test sensor 33141"/>
			<item id="33142" losttest="3" iotype="AI" name="Sensor33142_S" textname="test sensor 33142"/>
			<item id="33143" losttest="3" iotype="AI" name="Sensor33143_S" textname="test sensor 33143"/>
			<item id="33144" losttest="3" iotype="AI" name="Sensor33144_S" textname="test sensor 33144"/>
			<item id="33145" losttest="3" iotype="AI" name="Sensor33145_S" textname="test sensor 33145"/>
			<item id="33146" losttest="3" iotype="AI" name="Sensor33146_S" textname="test sensor 33146"/>
			<item id="33147" losttest="3" iotype="AI" name="Sensor33147_S" textname="test sensor 33147"/>
			<item id="33148" losttest="3" iotype="AI" name="Sensor33148_S" textname="test sensor 33148"/>
			<item id="33149" losttest="3" iotype="AI" name="Sensor33149_S" textname="test sensor 33149"/>
			<item id="33150" losttest="3" iotype="AI" name="Sensor33150_S" textname="test sensor 33150"/>
			<item id="33151" losttest="3" iotype="AI" name="Sensor33151_S" textname="test sensor 33151"/>
			<item id="33152" losttest="3" iotype="AI" name="Sensor33152_S" textname="test sensor 33152"/>
			<item id="33153" losttest="3" iotype="AI" name="Sensor33153_S" textname="test sensor 33153"/>
			<item id="33154" losttest="3" iotype="AI" name="Sensor33154_S" textname="test sensor 33154"/>
			<item id="33155" losttest="3" iotype="AI" name="Sensor33155_S" textname="test sensor 33155"/>
			<item id="33156" losttest="3" iotype="AI" name="Sensor33156_S" textname="test sensor 33156"/>
			<item id="33157" losttest="3" iotype="AI" name="Sensor33157_S" textname="test sensor 33157"/>
			<item id="33158" losttest="3" iotype="AI" name="Sensor33158_S" textname="test sensor 33158"/>
			<item id="33159" losttest="3" iotype="AI" name="Sensor33159_S" textname="test sensor 33159"/>
			<item id="33160" losttest="3" iotype="AI" name="Sensor33160_S" textname="test sensor 33160"/>
			<item id="33161" losttest="3" iotype="AI" name="Sensor33161_S" textname="test sensor 33161"/>
			<item id="33162" losttest="3" iotype="AI" name="Sensor33162_S" textname="test sensor 33162"/>
			<item id="33163" losttest="3" iotype="AI" name="Sensor33163_S" textname="test sensor 33163"/>
			<item id="33164" losttest="3" iotype="AI" name="Sensor33164_S" textname="test sensor 33164"/>
			<item id="33165" losttest="3" iotype="AI" name="Sensor33165_S" textname="test sensor 33165"/>
			<item id="33166" losttest="3" iotype="AI" name="Sensor33166_S" textname="test sensor 33166"/>
			<item id="33167" losttest="3" iotype="AI" name="Sensor33167_S" textname="test sensor 33167"/>
			<item id="33168" losttest="3" iotype="AI" name="Sensor33168_S" textname="test sensor 33168"/>
			<item id="33169" losttest="3" iotype="AI" name="Sensor33169_S" textname="test sensor 33169"/>
			<item id="33170" losttest="3" iotype="AI" name="Sensor33170_S" textname="test sensor 33170"/>
			<item id="33171" losttest="3" iotype="AI" name="Sensor33171_S" textname="test sensor 33171"/>
			<item id="33172" losttest="3" iotype="AI" name="Sensor33172_S" textname="test sensor 33172"/>
			<item id="33173" losttest="3" iotype="AI" name="Sensor33173_S" textname="test sensor 33173"/>
			<item id="33174" losttest="3" iotype="AI" name="Sensor33174_S" textname="test sensor 33174"/>
			<item id="33175" losttest="3" iotype="AI" name="Sensor33175_S" textname="test sensor 33175"/>
			<item id="33176" losttest="3" iotype="AI" name="Sensor33176_S" textname="test sensor 33176"/>
			<item id="33177" losttest="3" iotype="AI" name="Sensor33177_S" textname="test sensor 33177"/>
			<item id="33178" losttest="3" iotype="AI" name="Sensor33178_S" textname="test sensor 33178"/>
			<item id="33179" losttest="3" iotype="AI" name="Sensor33179_S" textname="test sensor 33179"/>
			<item id="33180" losttest="3" iotype="AI" name="Sensor33180_S" textname="test sensor 33180"/>
			<item id="33181" losttest="3" iotype="AI" name="Sensor33181_S" textname="test sensor 33181"/>
			<item id="33182" losttest="3" iotype="AI" name="Sensor33182_S" textname="test sensor 33182"/>
			<item id="33183" losttest="3" iotype="AI" name="Sensor33183_S" textname="test sensor 33183"/>
			<item id="33184" losttest="3" iotype="AI" name="Sensor33184_S" textname="test sensor 33184"/>
			<item id="33185" losttest="3" iotype="AI" name="Sensor33185_S" textname="test sensor 33185"/>
			<item id="33186" losttest="3" iotype="AI" name="Sensor33186_S" textname="test sensor 33186"/>
			<item id="33187" losttest="3" iotype="AI" name="Sensor33187_S" textname="test sensor 33187"/>
			<item id="33188" losttest="3" iotype="AI" name="Sensor33188_S" textname="test sensor 33188"/>
			<item id="33189" losttest="3" iotype="AI" name="Sensor33189_S" textname="test sensor 33189"/>
			<item id="33190" losttest="3" iotype="AI" name="Sensor33190_S" textname="test sensor 33190"/>
			<item id="33191" losttest="3" iotype="AI" name="Sensor33191_S" textname="test sensor 33191"/>
			<item id="33192" losttest="3" iotype="AI" name="Sensor33192_S" textname="test sensor 33192"/>
			<item id="33193" losttest="3" iotype="AI" name="Sensor33193_S" textname="test sensor 33193"/>
			<item id="33194" losttest="3" iotype="AI" name="Sensor33194_S" textname="test sensor 33194"/>
			<item id="33195" losttest="3" iotype="AI" name="Sensor33195_S" textname="test sensor 33195"/>
			<item id="33196" losttest="3" iotype="AI" name="Sensor33196_S" textname="test sensor 33196"/>
			<item id="33197" losttest="3" iotype="AI" name="Sensor33197_S" textname="test sensor 33197"/>
			<item id="33198" losttest="3" iotype="AI" name="Sensor33198_S" textname="test sensor 33198"/>
			<item id="33199" losttest="3" iotype="AI" name="Sensor33199_S" textname="test sensor 33199"/>
			<item id="33200" losttest="3" iotype="AI" name="Sensor33200_S" textname="test sensor 33200"/>
			<item id="33201" losttest="3" iotype="AI" name="Sensor33201_S" textname="test sensor 33201"/>
			<item id="33202" losttest="3" iotype="AI" name="Sensor33202_S" textname="test sensor 33202"/>
			<item id="33203" losttest="3" iotype="AI" name="Sensor33203_S" textname="test sensor 33203"/>
			<item id="33204" losttest="3" iotype="AI" name="Sensor33204_S" textname="test sensor 33204"/>
			<item id="33205" losttest="3" iotype="AI" name="Sensor33205_S" textname="test sensor 33205"/>
			<item id="33206" losttest="3" iotype="AI" name="Sensor33206_S" textname="test sensor 33206"/>
			<item id="33207" losttest="3" iotype="AI" name="Sensor33207_S" textname="test sensor 33207"/>
			<item id="33208" losttest="3" iotype="AI" name="Sensor33208_S" textname="test sensor 33208"/>
			<item id="33209" losttest="3" iotype="AI" name="Sensor33209_S" textname="test sensor 33209"/>
			<item id="33210" losttest="3" iotype="AI" name="Sensor33210_S" textname="test sensor 33210"/>
			<item id="33211" losttest="3" iotype="AI" name="Sensor33211_S" textname="test sensor 33211"/>
			<item id="33212" losttest="3" iotype="AI" name="Sensor33212_S" textname="test sensor 33212"/>
			<item id="33213" losttest="3" iotype="AI" name="Sensor33213_S" textname="test sensor 33213"/>
			<item id="33214" losttest="3" iotype="AI" name="Sensor33214_S" textname="test sensor 33214"/>
			<item id="33215" losttest="3" iotype="AI" name="Sensor33215_S" textname="test sensor 33215"/>
			<item id="33216" losttest="3" iotype="AI" name="Sensor33216_S" textname="test sensor 33216"/>
			<item id="33217" losttest="3" iotype="AI" name="Sensor33217_S" textname="test sensor 33217"/>
			<item id="33218" losttest="3" iotype="AI" name="Sensor33218_S" textname="test sensor 33218"/>
			<item id="33219" losttest="3" iotype="AI" name="Sensor33219_S" textname="test sensor 33219"/>
			<item id="33220" losttest="3" iotype="AI" name="Sensor33220_S" textname="test sensor 33220"/>
			<item id="33221" losttest="3" iotype="AI" name="Sensor33221_S" textname="test sensor 33221"/>
			<item id="33222" losttest="3" iotype="AI" name="Sensor33222_S" textname="test sensor 33222"/>
			<item id="33223" losttest="3" iotype="AI" name="Sensor33223_S" textname="test sensor 33223"/>
			<item id="33224" losttest="3" iotype="AI" name="Sensor33224_S" textname="test sensor 33224"/>
			<item id="33225" losttest="3" iotype="AI" name="Sensor33225_S" textname="test sensor 33225"/>
			<item id="33226" losttest="3" iotype="AI" name="Sensor33226_S" textname="test sensor 33226"/>
			<item id="33227" losttest="3" iotype="AI" name="Sensor33227_S" textname="test sensor 33227"/>
			<item id="33228" losttest="3" iotype="AI" name="Sensor33228_S" textname="test sensor 33228"/>
			<item id="33229" losttest="3" iotype="AI" name="Sensor33229_S" textname="test sensor 33229"/>
			<item id="33230" losttest="3" iotype="AI" name="Sensor33230_S" textname="test sensor 33230"/>
			<item id="33231" losttest="3" iotype="AI" name="Sensor33231_S" textname="test sensor 33231"/>
			<item id="33232" losttest="3" iotype="AI" name="Sensor33232_S" textname="test sensor 33232"/>
			<item id="33233" losttest="3" iotype="AI" name="Sensor33233_S" textname="test sensor 33233"/>
			<item id="33234" losttest="3" iotype="AI" name="Sensor33234_S" textname="test sensor 33234"/>
			<item id="33235" losttest="3" iotype="AI" name="Sensor33235_S" textname="test sensor 33235"/>
			<item id="33236" losttest="3" iotype="AI" name="Sensor33236_S" textname="test sensor 33236"/>
			<item id="33237" losttest="3" iotype="AI" name="Sensor33237_S" textname="test sensor 33237"/>
			<item id="33238" losttest="3" iotype="AI" name="Sensor33238_S" textname="test sensor 33238"/>
			<item id="33239" losttest="3" iotype="AI" name="Sensor33239_S" textname="test sensor 33239"/>
			<item id="33240" losttest="3" iotype="AI" name="Sensor33240_S" textname="test sensor 33240"/>
			<item id="33241" losttest="3" iotype="AI" name="Sensor33241_S" textname="test sensor 33241"/>
			<item id="33242" losttest="3" iotype="AI" name="Sensor33242_S" textname="test sensor 33242"/>
			<item id="33243" losttest="3" iotype="AI" name="Sensor33243_S" textname="test sensor 33243"/>
			<item id="33244" losttest="3" iotype="AI" name="Sensor33244_S" textname="test sensor 33244"/>
			<item id="33245" losttest="3" iotype="AI" name="Sensor33245_S" textname="test sensor 33245"/>
			<item id="33246" losttest="3" iotype="AI" name="Sensor33246_S" textname="test sensor 33246"/>
			<item id="33247" losttest="3" iotype="AI" name="Sensor33247_S" textname="test sensor 33247"/>
			<item id="33248" losttest="3" iotype="AI" name="Sensor33248_S" textname="test sensor 33248"/>
			<item id="33249" losttest="3" iotype="AI" name="Sensor33249_S" textname="test sensor 33249"/>
			<item id="33250" losttest="3" iotype="AI" name="Sensor33250_S" textname="test sensor 33250"/>
			<item id="33251" losttest="3" iotype="AI" name="Sensor33251_S" textname="test sensor 33251"/>
			<item id="33252" losttest="3" iotype="AI" name="Sensor33252_S" textname="test sensor 33252"/>
			<item id="33253" losttest="3" iotype="AI" name="Sensor33253_S" textname="test sensor 33253"/>
			<item id="33254" losttest="3" iotype="AI" name="Sensor33254_S" textname="test sensor 33254"/>
			<item id="33255" losttest="3" iotype="AI" name="Sensor33255_S" textname="test sensor 33255"/>
			<item id="33256" losttest="3" iotype="AI" name="Sensor33256_S" textname="test sensor 33256"/>
			<item id="33257" losttest="3" iotype="AI" name="Sensor33257_S" textname="test sensor 33257"/>
			<item id="33258" losttest="3" iotype="AI" name="Sensor33258_S" textname="test sensor 33258"/>
			<item id="33259" losttest="3" iotype="AI" name="Sensor33259_S" textname="test sensor 33259"/>
			<item id="33260" losttest="3" iotype="AI" name="Sensor33260_S" textname="test sensor 33260"/>
			<item id="33261" losttest="3" iotype="AI" name="Sensor33261_S" textname="test sensor 33261"/>
			<item id="33262" losttest="3" iotype="AI" name="Sensor33262_S" textname="test sensor 33262"/>
			<item id="33263" losttest="3" iotype="AI" name="Sensor33263_S" textname="test sensor 33263"/>
			<item id="33264" losttest="3" iotype="AI" name="Sensor33264_S" textname="test sensor 33264"/>
			<item id="33265" losttest="3" iotype="AI" name="Sensor33265_S" textname="test sensor 33265"/>
			<item id="33266" losttest="3" iotype="AI" name="Sensor33266_S" textname="test sensor 33266"/>
			<item id="33267" losttest="3" iotype="AI" name="Sensor33267_S" textname="test sensor 33267"/>
			<item id="33268" losttest="3" iotype="AI" name="Sensor33268_S" textname="test sensor 33268"/>
			<item id="33269" losttest="3" iotype="AI" name="Sensor33269_S" textname="test sensor 33269"/>
			<item id="33270" losttest="3" iotype="AI" name="Sensor33270_S" textname="test sensor 33270"/>
			<item id="33271" losttest="3" iotype="AI" name="Sensor33271_S" textname="test sensor 33271"/>
			<item id="33272" losttest="3" iotype="AI" name="Sensor33272_S" textname="test sensor 33272"/>
			<item id="33273" losttest="3" iotype="AI" name="Sensor33273_S" textname="test sensor 33273"/>
			<item id="33274" losttest="3" iotype="AI" name="Sensor33274_S" textname="test sensor 33274"/>
			<item id="33275" losttest="3" iotype="AI" name="Sensor33275_S" textname="test sensor 33275"/>
			<item id="33276" losttest="3" iotype="AI" name="Sensor33276_S" textname="test sensor 33276"/>
			<item id="33277" losttest="3" iotype="AI" name="Sensor33277_S" textname="test sensor 33277"/>
			<item id="33278" losttest="3" iotype="AI" name="Sensor33278_S" textname="test sensor 33278"/>
			<item id="33279" losttest="3" iotype="AI" name="Sensor33279_S" textname="test sensor 33279"/>
			<item id="33280" losttest="3" iotype="AI" name="Sensor33280_S" textname="test sensor 33280"/>
			<item id="33281" losttest="3" iotype="AI" name="Sensor33281_S" textname="test sensor 33281"/>
			<item id="33282" losttest="3" iotype="AI" name="Sensor33282_S" textname="test sensor 33282"/>
			<item id="33283" losttest="3" iotype="AI" name="Sensor33283_S" textname="test sensor 33283"/>
			<item id="33284" losttest="3" iotype="AI" name="Sensor33284_S" textname="test sensor 33284"/>
			<item id="33285" losttest="3" iotype="AI" name="Sensor33285_S" textname="test sensor 33285"/>
			<item id="33286" losttest="3" iotype="AI" name="Sensor33286_S" textname="test sensor 33286"/>
			<item id="33287" losttest="3" iotype="AI" name="Sensor33287_S" textname="test sensor 33287"/>
			<item id="33288" losttest="3" iotype="AI" name="Sensor33288_S" textname="test sensor 33288"/>
			<item id="33289" losttest="3" iotype="AI" name="Sensor33289_S" textname="test sensor 33289"/>
			<item id="33290" losttest="3" iotype="AI" name="Sensor33290_S" textname="test sensor 33290"/>
			<item id="33291" losttest="3" iotype="AI" name="Sensor33291_S" textname="test sensor 33291"/>
			<item id="33292" losttest="3" iotype="AI" name="Sensor33292_S" textname="test sensor 33292"/>
			<item id="33293" losttest="3" iotype="AI" name="Sensor33293_S" textname="test sensor 33293"/>
			<item id="33294" losttest="3" iotype="AI" name="Sensor33294_S" textname="test sensor 33294"/>
			<item id="33295" losttest="3" iotype="AI" name="Sensor33295_S" textname="test sensor 33295"/>
			<item id="33296" losttest="3" iotype="AI" name="Sensor33296_S" textname="test sensor 33296"/>
			<item id="33297" losttest="3" iotype="AI" name="Sensor33297_S" textname="test sensor 33297"/>
			<item id="33298" losttest="3" iotype="AI" name="Sensor33298_S" textname="test sensor 33298"/>
			<item id="33299" losttest="3" iotype="AI" name="Sensor33299_S" textname="test sensor 33299"/>
			<item id="33300" losttest="3" iotype="AI" name="Sensor33300_S" textname="test sensor 33300"/>
			<item id="33301" losttest="3" iotype="AI" name="Sensor33301_S" textname="test sensor 33301"/>
			<item id="33302" losttest="3" iotype="AI" name="Sensor33302_S" textname="test sensor 33302"/>
			<item id="33303" losttest="3" iotype="AI" name="Sensor33303_S" textname="test sensor 33303"/>
			<item id="33304" losttest="3" iotype="AI" name="Sensor33304_S" textname="test sensor 33304"/>
			<item id="33305" losttest="3" iotype="AI" name="Sensor33305_S" textname="test sensor 33305"/>
			<item id="33306" losttest="3" iotype="AI" name="Sensor33306_S" textname="test sensor 33306"/>
			<item id="33307" losttest="3" iotype="AI" name="Sensor33307_S" textname="test sensor 33307"/>
			<item id="33308" losttest="3" iotype="AI" name="Sensor33308_S" textname="test sensor 33308"/>
			<item id="33309" losttest="3" iotype="AI" name="Sensor33309_S" textname="test sensor 33309"/>
			<item id="33310" losttest="3" iotype="AI" name="Sensor33310_S" textname="test sensor 33310"/>
			<item id="33311" losttest="3" iotype="AI" name="Sensor33311_S" textname="test sensor 33311"/>
			<item id="33312" losttest="3" iotype="AI" name="Sensor33312_S" textname="test sensor 33312"/>
			<item id="33313" losttest="3" iotype="AI" name="Sensor33313_S" textname="test sensor 33313"/>
			<item id="33314" losttest="3" iotype="AI" name="Sensor33314_S" textname="test sensor 33314"/>
			<item id="33315" losttest="3" iotype="AI" name="Sensor33315_S" textname="test sensor 33315"/>
			<item id="33316" losttest="3" iotype="AI" name="Sensor33316_S" textname="test sensor 33316"/>
			<item id="33317" losttest="3" iotype="AI" name="Sensor33317_S" textname="test sensor 33317"/>
			<item id="33318" losttest="3" iotype="AI" name="Sensor33318_S" textname="test sensor 33318"/>
			<item id="33319" losttest="3" iotype="AI" name="Sensor33319_S" textname="test sensor 33319"/>
			<item id="33320" losttest="3" iotype="AI" name="Sensor33320_S" textname="test sensor 33320"/>
			<item id="33321" losttest="3" iotype="AI" name="Sensor33321_S" textname="test sensor 33321"/>
			<item id="33322" losttest="3" iotype="AI" name="Sensor33322_S" textname="test sensor 33322"/>
			<item id="33323" losttest="3" iotype="AI" name="Sensor33323_S" textname="test sensor 33323"/>
			<item id="33324" losttest="3" iotype="AI" name="Sensor33324_S" textname="test sensor 33324"/>
			<item id="33325" losttest="3" iotype="AI" name="Sensor33325_S" textname="test sensor 33325"/>
			<item id="33326" losttest="3" iotype="AI" name="Sensor33326_S" textname="test sensor 33326"/>
			<item id="33327" losttest="3" iotype="AI" name="Sensor33327_S" textname="test sensor 33327"/>
			<item id="33328" losttest="3" iotype="AI" name="Sensor33328_S" textname="test sensor 33328"/>
			<item id="33329" losttest="3" iotype="AI" name="Sensor33329_S" textname="test sensor 33329"/>
			<item id="33330" losttest="3" iotype="AI" name="Sensor33330_S" textname="test sensor 33330"/>
			<item id="33331" losttest="3" iotype="AI" name="Sensor33331_S" textname="test sensor 33331"/>
			<item id="33332" losttest="3" iotype="AI" name="Sensor33332_S" textname="test sensor 33332"/>
			<item id="33333" losttest="3" iotype="AI" name="Sensor33333_S" textname="test sensor 33333"/>
			<item id="33334" losttest="3" iotype="AI" name="Sensor33334_S" textname="test sensor 33334"/>
			<item id="33335" losttest="3" iotype="AI" name="Sensor33335_S" textname="test sensor 33335"/>
			<item id="33336" losttest="3" iotype="AI" name="Sensor33336_S" textname="test sensor 33336"/>
			<item id="33337" losttest="3" iotype="AI" name="Sensor33337_S" textname="test sensor 33337"/>
			<item id="33338" losttest="3" iotype="AI" name="Sensor33338_S" textname="test sensor 33338"/>
			<item id="33339" losttest="3" iotype="AI" name="Sensor33339_S" textname="test sensor 33339"/>
			<item id="33340" losttest="3" iotype="AI" name="Sensor33340_S" textname="test sensor 33340"/>
			<item id="33341" losttest="3" iotype="AI" name="Sensor33341_S" textname="test sensor 33341"/>
			<item id="33342" losttest="3" iotype="AI" name="Sensor33342_S" textname="test sensor 33342"/>
			<item id="33343" losttest="3" iotype="AI" name="Sensor33343_S" textname="test sensor 33343"/>
			<item id="33344" losttest="3" iotype="AI" name="Sensor33344_S" textname="test sensor 33344"/>
			<item id="33345" losttest="3" iotype="AI" name="Sensor33345_S" textname="test sensor 33345"/>
			<item id="33346" losttest="3" iotype="AI" name="Sensor33346_S" textname="test sensor 33346"/>
			<item id="33347" losttest="3" iotype="AI" name="Sensor33347_S" textname="test sensor 33347"/>
			<item id="33348" losttest="3" iotype="AI" name="Sensor33348_S" textname="test sensor 33348"/>
			<item id="33349" losttest="3" iotype="AI" name="Sensor33349_S" textname="test sensor 33349"/>
			<item id="33350" losttest="3" iotype="AI" name="Sensor33350_S" textname="test sensor 33350"/>
			<item id="33351" losttest="3" iotype="AI" name="Sensor33351_S" textname="test sensor 33351"/>
			<item id="33352" losttest="3" iotype="AI" name="Sensor33352_S" textname="test sensor 33352"/>
			<item id="33353" losttest="3" iotype="AI" name="Sensor33353_S" textname="test sensor 33353"/>
			<item id="33354" losttest="3" iotype="AI" name="Sensor33354_S" textname="test sensor 33354"/>
			<item id="33355" losttest="3" iotype="AI" name="Sensor33355_S" textname="test sensor 33355"/>
			<item id="33356" losttest="3" iotype="AI" name="Sensor33356_S" textname="test sensor 33356"/>
			<item id="33357" losttest="3" iotype="AI" name="Sensor33357_S" textname="test sensor 33357"/>
			<item id="33358" losttest="3" iotype="AI" name="Sensor33358_S" textname="test sensor 33358"/>
			<item id="33359" losttest="3" iotype="AI" name="Sensor33359_S" textname="test sensor 33359"/>
			<item id="33360" losttest="3" iotype="AI" name="Sensor33360_S" textname="test sensor 33360"/>
			<item id="33361" losttest="3" iotype="AI" name="Sensor33361_S" textname="test sensor 33361"/>
			<item id="33362" losttest="3" iotype="AI" name="Sensor33362_S" textname="test sensor 33362"/>
			<item id="33363" losttest="3" iotype="AI" name="Sensor33363_S" textname="test sensor 33363"/>
			<item id="33364" losttest="3" iotype="AI" name="Sensor33364_S" textname="test sensor 33364"/>
			<item id="33365" losttest="3" iotype="AI" name="Sensor33365_S" textname="test sensor 33365"/>
			<item id="33366" losttest="3" iotype="AI" name="Sensor33366_S" textname="test sensor 33366"/>
			<item id="33367" losttest="3" iotype="AI" name="Sensor33367_S" textname="test sensor 33367"/>
			<item id="33368" losttest="3" iotype="AI" name="Sensor33368_S" textname="test sensor 33368"/>
			<item id="33369" losttest="3" iotype="AI" name="Sensor33369_S" textname="test sensor 33369"/>
			<item id="33370" losttest="3" iotype="AI" name="Sensor33370_S" textname="test sensor 33370"/>
			<item id="33371" losttest="3" iotype="AI" name="Sensor33371_S" textname="test sensor 33371"/>
			<item id="33372" losttest="3" iotype="AI" name="Sensor33372_S" textname="test sensor 33372"/>
			<item id="33373" losttest="3" iotype="AI" name="Sensor33373_S" textname="test sensor 33373"/>
			<item id="33374" losttest="3" iotype="AI" name="Sensor33374_S" textname="test sensor 33374"/>
			<item id="33375" losttest="3" iotype="AI" name="Sensor33375_S" textname="test sensor 33375"/>
			<item id="33376" losttest="3" iotype="AI" name="Sensor33376_S" textname="test sensor 33376"/>
			<item id="33377" losttest="3" iotype="AI" name="Sensor33377_S" textname="test sensor 33377"/>
			<item id="33378" losttest="3" iotype="AI" name="Sensor33378_S" textname="test sensor 33378"/>
			<item id="33379" losttest="3" iotype="AI" name="Sensor33379_S" textname="test sensor 33379"/>
			<item id="33380" losttest="3" iotype="AI" name="Sensor33380_S" textname="test sensor 33380"/>
			<item id="33381" losttest="3" iotype="AI" name="Sensor33381_S" textname="test sensor 33381"/>
			<item id="33382" losttest="3" iotype="AI" name="Sensor33382_S" textname="test sensor 33382"/>
			<item id="33383" losttest="3" iotype="AI" name="Sensor33383_S" textname="test sensor 33383"/>
			<item id="33384" losttest="3" iotype="AI" name="Sensor33384_S" textname="test sensor 33384"/>
			<item id="33385" losttest="3" iotype="AI" name="Sensor33385_S" textname="test sensor 33385"/>
			<item id="33386" losttest="3" iotype="AI" name="Sensor33386_S" textname="test sensor 33386"/>
			<item id="33387" losttest="3" iotype="AI" name="Sensor33387_S" textname="test sensor 33387"/>
			<item id="33388" losttest="3" iotype="AI" name="Sensor33388_S" textname="test sensor 33388"/>
			<item id="33389" losttest="3" iotype="AI" name="Sensor33389_S" textname="test sensor 33389"/>
			<item id="33390" losttest="3" iotype="AI" name="Sensor33390_S" textname="test sensor 33390"/>
			<item id="33391" losttest="3" iotype="AI" name="Sensor33391_S" textname="test sensor 33391"/>
			<item id="33392" losttest="3" iotype="AI" name="Sensor33392_S" textname="test sensor 33392"/>
			<item id="33393" losttest="3" iotype="AI" name="Sensor33393_S" textname="test sensor 33393"/>
			<item id="33394" losttest="3" iotype="AI" name="Sensor33394_S" textname="test sensor 33394"/>
			<item id="33395" losttest="3" iotype="AI" name="Sensor33395_S" textname="test sensor 33395"/>
			<item id="33396" losttest="3" iotype="AI" name="Sensor33396_S" textname="test sensor 33396"/>
			<item id="33397" losttest="3" iotype="AI" name="Sensor33397_S" textname="test sensor 33397"/>
			<item id="33398" losttest="3" iotype="AI" name="Sensor33398_S" textname="test sensor 33398"/>
			<item id="33399" losttest="3" iotype="AI" name="Sensor33399_S" textname="test sensor 33399"/>
			<item id="33400" losttest="3" iotype="AI" name="Sensor33400_S" textname="test sensor 33400"/>
			<item id="33401" losttest="3" iotype="AI" name="Sensor33401_S" textname="test sensor 33401"/>
			<item id="33402" losttest="3" iotype="AI" name="Sensor33402_S" textname="test sensor 33402"/>
			<item id="33403" losttest="3" iotype="AI" name="Sensor33403_S" textname="test sensor 33403"/>
			<item id="33404" losttest="3" iotype="AI" name="Sensor33404_S" textname="test sensor 33404"/>
			<item id="33405" losttest="3" iotype="AI" name="Sensor33405_S" textname="test sensor 33405"/>
			<item id="33406" losttest="3" iotype="AI" name="Sensor33406_S" textname="test sensor 33406"/>
			<item id="33407" losttest="3" iotype="AI" name="Sensor33407_S" textname="test sensor 33407"/>
			<item id="33408" losttest="3" iotype="AI" name="Sensor33408_S" textname="test sensor 33408"/>
			<item id="33409" losttest="3" iotype="AI" name="Sensor33409_S" textname="test sensor 33409"/>
			<item id="33410" losttest="3" iotype="AI" name="Sensor33410_S" textname="test sensor 33410"/>
			<item id="33411" losttest="3" iotype="AI" name="Sensor33411_S" textname="test sensor 33411"/>
			<item id="33412" losttest="3" iotype="AI" name="Sensor33412_S" textname="test sensor 33412"/>
			<item id="33413" losttest="3" iotype="AI" name="Sensor33413_S" textname="test sensor 33413"/>
			<item id="33414" losttest="3" iotype="AI" name="Sensor33414_S" textname="test sensor 33414"/>
			<item id="33415" losttest="3" iotype="AI" name="Sensor33415_S" textname="test sensor 33415"/>
			<item id="33416" losttest="3" iotype="AI" name="Sensor33416_S" textname="test sensor 33416"/>
			<item id="33417" losttest="3" iotype="AI" name="Sensor33417_S" textname="test sensor 33417"/>
			<item id="33418" losttest="3" iotype="AI" name="Sensor33418_S" textname="test sensor 33418"/>
			<item id="33419" losttest="3" iotype="AI" name="Sensor33419_S" textname="test sensor 33419"/>
			<item id="33420" losttest="3" iotype="AI" name="Sensor33420_S" textname="test sensor 33420"/>
			<item id="33421" losttest="3" iotype="AI" name="Sensor33421_S" textname="test sensor 33421"/>
			<item id="33422" losttest="3" iotype="AI" name="Sensor33422_S" textname="test sensor 33422"/>
			<item id="33423" losttest="3" iotype="AI" name="Sensor33423_S" textname="test sensor 33423"/>
			<item id="33424" losttest="3" iotype="AI" name="Sensor33424_S" textname="test sensor 33424"/>
			<item id="33425" losttest="3" iotype="AI" name="Sensor33425_S" textname="test sensor 33425"/>
			<item id="33426" losttest="3" iotype="AI" name="Sensor33426_S" textname="test sensor 33426"/>
			<item id="33427" losttest="3" iotype="AI" name="Sensor33427_S" textname="test sensor 33427"/>
			<item id="33428" losttest="3" iotype="AI" name="Sensor33428_S" textname="test sensor 33428"/>
			<item id="33429" losttest="3" iotype="AI" name="Sensor33429_S" textname="test sensor 33429"/>
			<item id="33430" losttest="3" iotype="AI" name="Sensor33430_S" textname="test sensor 33430"/>
			<item id="33431" losttest="3" iotype="AI" name="Sensor33431_S" textname="test sensor 33431"/>
			<item id="33432" losttest="3" iotype="AI" name="Sensor33432_S" textname="test sensor 33432"/>
			<item id="33433" losttest="3" iotype="AI" name="Sensor33433_S" textname="test sensor 33433"/>
			<item id="33434" losttest="3" iotype="AI" name="Sensor33434_S" textname="test sensor 33434"/>
			<item id="33435" losttest="3" iotype="AI" name="Sensor33435_S" textname="test sensor 33435"/>
			<item id="33436" losttest="3" iotype="AI" name="Sensor33436_S" textname="test sensor 33436"/>
			<item id="33437" losttest="3" iotype="AI" name="Sensor33437_S" textname="test sensor 33437"/>
			<item id="33438" losttest="3" iotype="AI" name="Sensor33438_S" textname="test sensor 33438"/>
			<item id="33439" losttest="3" iotype="AI" name="Sensor33439_S" textname="test sensor 33439"/>
			<item id="33440" losttest="3" iotype="AI" name="Sensor33440_S" textname="test sensor 33440"/>
			<item id="33441" losttest="3" iotype="AI" name="Sensor33441_S" textname="test sensor 33441"/>
			<item id="33442" losttest="3" iotype="AI" name="Sensor33442_S" textname="test sensor 33442"/>
			<item id="33443" losttest="3" iotype="AI" name="Sensor33443_S" textname="test sensor 33443"/>
			<item id="33444" losttest="3" iotype="AI" name="Sensor33444_S" textname="test sensor 33444"/>
			<item id="33445" losttest="3" iotype="AI" name="Sensor33445_S" textname="test sensor 33445"/>
			<item id="33446" losttest="3" iotype="AI" name="Sensor33446_S" textname="test sensor 33446"/>
			<item id="33447" losttest="3" iotype="AI" name="Sensor33447_S" textname="test sensor 33447"/>
			<item id="33448" losttest="3" iotype="AI" name="Sensor33448_S" textname="test sensor 33448"/>
			<item id="33449" losttest="3" iotype="AI" name="Sensor33449_S" textname="test sensor 33449"/>
			<item id="33450" losttest="3" iotype="AI" name="Sensor33450_S" textname="test sensor 33450"/>
			<item id="33451" losttest="3" iotype="AI" name="Sensor33451_S" textname="test sensor 33451"/>
			<item id="33452" losttest="3" iotype="AI" name="Sensor33452_S" textname="test sensor 33452"/>
			<item id="33453" losttest="3" iotype="AI" name="Sensor33453_S" textname="test sensor 33453"/>
			<item id="33454" losttest="3" iotype="AI" name="Sensor33454_S" textname="test sensor 33454"/>
			<item id="33455" losttest="3" iotype="AI" name="Sensor33455_S" textname="test sensor 33455"/>
			<item id="33456" losttest="3" iotype="AI" name="Sensor33456_S" textname="test sensor 33456"/>
			<item id="33457" losttest="3" iotype="AI" name="Sensor33457_S" textname="test sensor 33457"/>
			<item id="33458" losttest="3" iotype="AI" name="Sensor33458_S" textname="test sensor 33458"/>
			<item id="33459" losttest="3" iotype="AI" name="Sensor33459_S" textname="test sensor 33459"/>
			<item id="33460" losttest="3" iotype="AI" name="Sensor33460_S" textname="test sensor 33460"/>
			<item id="33461" losttest="3" iotype="AI" name="Sensor33461_S" textname="test sensor 33461"/>
			<item id="33462" losttest="3" iotype="AI" name="Sensor33462_S" textname="test sensor 33462"/>
			<item id="33463" losttest="3" iotype="AI" name="Sensor33463_S" textname="test sensor 33463"/>
			<item id="33464" losttest="3" iotype="AI" name="Sensor33464_S" textname="test sensor 33464"/>
			<item id="33465" losttest="3" iotype="AI" name="Sensor33465_S" textname="test sensor 33465"/>
			<item id="33466" losttest="3" iotype="AI" name="Sensor33466_S" textname="test sensor 33466"/>
			<item id="33467" losttest="3" iotype="AI" name="Sensor33467_S" textname="test sensor 33467"/>
			<item id="33468" losttest="3" iotype="AI" name="Sensor33468_S" textname="test sensor 33468"/>
			<item id="33469" losttest="3" iotype="AI" name="Sensor33469_S" textname="test sensor 33469"/>
			<item id="33470" losttest="3" iotype="AI" name="Sensor33470_S" textname="test sensor 33470"/>
			<item id="33471" losttest="3" iotype="AI" name="Sensor33471_S" textname="test sensor 33471"/>
			<item id="33472" losttest="3" iotype="AI" name="Sensor33472_S" textname="test sensor 33472"/>
			<item id="33473" losttest="3" iotype="AI" name="Sensor33473_S" textname="test sensor 33473"/>
			<item id="33474" losttest="3" iotype="AI" name="Sensor33474_S" textname="test sensor 33474"/>
			<item id="33475" losttest="3" iotype="AI" name="Sensor33475_S" textname="test sensor 33475"/>
			<item id="33476" losttest="3" iotype="AI" name="Sensor33476_S" textname="test sensor 33476"/>
			<item id="33477" losttest="3" iotype="AI" name="Sensor33477_S" textname="test sensor 33477"/>
			<item id="33478" losttest="3" iotype="AI" name="Sensor33478_S" textname="test sensor 33478"/>
			<item id="33479" losttest="3" iotype="AI" name="Sensor33479_S" textname="test sensor 33479"/>
			<item id="33480" losttest="3" iotype="AI" name="Sensor33480_S" textname="test sensor 33480"/>
			<item id="33481" losttest="3" iotype="AI" name="Sensor33481_S" textname="test sensor 33481"/>
			<item id="33482" losttest="3" iotype="AI" name="Sensor33482_S" textname="test sensor 33482"/>
			<item id="33483" losttest="3" iotype="AI" name="Sensor33483_S" textname="test sensor 33483"/>
			<item id="33484" losttest="3" iotype="AI" name="Sensor33484_S" textname="test sensor 33484"/>
			<item id="33485" losttest="3" iotype="AI" name="Sensor33485_S" textname="test sensor 33485"/>
			<item id="33486" losttest="3" iotype="AI" name="Sensor33486_S" textname="test sensor 33486"/>
			<item id="33487" losttest="3" iotype="AI" name="Sensor33487_S" textname="test sensor 33487"/>
			<item id="33488" losttest="3" iotype="AI" name="Sensor33488_S" textname="test sensor 33488"/>
			<item id="33489" losttest="3" iotype="AI" name="Sensor33489_S" textname="test sensor 33489"/>
			<item id="33490" losttest="3" iotype="AI" name="Sensor33490_S" textname="test sensor 33490"/>
			<item id="33491" losttest="3" iotype="AI" name="Sensor33491_S" textname="test sensor 33491"/>
			<item id="33492" losttest="3" iotype="AI" name="Sensor33492_S" textname="test sensor 33492"/>
			<item id="33493" losttest="3" iotype="AI" name="Sensor33493_S" textname="test sensor 33493"/>
			<item id="33494" losttest="3" iotype="AI" name="Sensor33494_S" textname="test sensor 33494"/>
			<item id="33495" losttest="3" iotype="AI" name="Sensor33495_S" textname="test sensor 33495"/>
			<item id="33496" losttest="3" iotype="AI" name="Sensor33496_S" textname="test sensor 33496"/>
			<item id="33497" losttest="3" iotype="AI" name="Sensor33497_S" textname="test sensor 33497"/>
			<item id="33498" losttest="3" iotype="AI" name="Sensor33498_S" textname="test sensor 33498"/>
			<item id="33499" losttest="3" iotype="AI" name="Sensor33499_S" textname="test sensor 33499"/>
			<item id="33500" losttest="3" iotype="AI" name="Sensor33500_S" textname="test sensor 33500"/>
			<item id="33501" losttest="3" iotype="AI" name="Sensor33501_S" textname="test sensor 33501"/>
			<item id="33502" losttest="3" iotype="AI" name="Sensor33502_S" textname="test sensor 33502"/>
			<item id="33503" losttest="3" iotype="AI" name="Sensor33503_S" textname="test sensor 33503"/>
			<item id="33504" losttest="3" iotype="AI" name="Sensor33504_S" textname="test sensor 33504"/>
			<item id="33505" losttest="3" iotype="AI" name="Sensor33505_S" textname="test sensor 33505"/>
			<item id="33506" losttest="3" iotype="AI" name="Sensor33506_S" textname="test sensor 33506"/>
			<item id="33507" losttest="3" iotype="AI" name="Sensor33507_S" textname="test sensor 33507"/>
			<item id="33508" losttest="3" iotype="AI" name="Sensor33508_S" textname="test sensor 33508"/>
			<item id="33509" losttest="3" iotype="AI" name="Sensor33509_S" textname="test sensor 33509"/>
			<item id="33510" losttest="3" iotype="AI" name="Sensor33510_S" textname="test sensor 33510"/>
			<item id="33511" losttest="3" iotype="AI" name="Sensor33511_S" textname="test sensor 33511"/>
			<item id="33512" losttest="3" iotype="AI" name="Sensor33512_S" textname="test sensor 33512"/>
			<item id="33513" losttest="3" iotype="AI" name="Sensor33513_S" textname="test sensor 33513"/>
			<item id="33514" losttest="3" iotype="AI" name="Sensor33514_S" textname="test sensor 33514"/>
			<item id="33515" losttest="3" iotype="AI" name="Sensor33515_S" textname="test sensor 33515"/>
			<item id="33516" losttest="3" iotype="AI" name="Sensor33516_S" textname="test sensor 33516"/>
			<item id="33517" losttest="3" iotype="AI" name="Sensor33517_S" textname="test sensor 33517"/>
			<item id="33518" losttest="3" iotype="AI" name="Sensor33518_S" textname="test sensor 33518"/>
			<item id="33519" losttest="3" iotype="AI" name="Sensor33519_S" textname="test sensor 33519"/>
			<item id="33520" losttest="3" iotype="AI" name="Sensor33520_S" textname="test sensor 33520"/>
			<item id="33521" losttest="3" iotype="AI" name="Sensor33521_S" textname="test sensor 33521"/>
			<item id="33522" losttest="3" iotype="AI" name="Sensor33522_S" textname="test sensor 33522"/>
			<item id="33523" losttest="3" iotype="AI" name="Sensor33523_S" textname="test sensor 33523"/>
			<item id="33524" losttest="3" iotype="AI" name="Sensor33524_S" textname="test sensor 33524"/>
			<item id="33525" losttest="3" iotype="AI" name="Sensor33525_S" textname="test sensor 33525"/>
			<item id="33526" losttest="3" iotype="AI" name="Sensor33526_S" textname="test sensor 33526"/>
			<item id="33527" losttest="3" iotype="AI" name="Sensor33527_S" textname="test sensor 33527"/>
			<item id="33528" losttest="3" iotype="AI" name="Sensor33528_S" textname="test sensor 33528"/>
			<item id="33529" losttest="3" iotype="AI" name="Sensor33529_S" textname="test sensor 33529"/>
			<item id="33530" losttest="3" iotype="AI" name="Sensor33530_S" textname="test sensor 33530"/>
			<item id="33531" losttest="3" iotype="AI" name="Sensor33531_S" textname="test sensor 33531"/>
			<item id="33532" losttest="3" iotype="AI" name="Sensor33532_S" textname="test sensor 33532"/>
			<item id="33533" losttest="3" iotype="AI" name="Sensor33533_S" textname="test sensor 33533"/>
			<item id="33534" losttest="3" iotype="AI" name="Sensor33534_S" textname="test sensor 33534"/>
			<item id="33535" losttest="3" iotype="AI" name="Sensor33535_S" textname="test sensor 33535"/>
			<item id="33536" losttest="3" iotype="AI" name="Sensor33536_S" textname="test sensor 33536"/>
			<item id="33537" losttest="3" iotype="AI" name="Sensor33537_S" textname="test sensor 33537"/>
			<item id="33538" losttest="3" iotype="AI" name="Sensor33538_S" textname="test sensor 33538"/>
			<item id="33539" losttest="3" iotype="AI" name="Sensor33539_S" textname="test sensor 33539"/>
			<item id="33540" losttest="3" iotype="AI" name="Sensor33540_S" textname="test sensor 33540"/>
			<item id="33541" losttest="3" iotype="AI" name="Sensor33541_S" textname="test sensor 33541"/>
			<item id="33542" losttest="3" iotype="AI" name="Sensor33542_S" textname="test sensor 33542"/>
			<item id="33543" losttest="3" iotype="AI" name="Sensor33543_S" textname="test sensor 33543"/>
			<item id="33544" losttest="3" iotype="AI" name="Sensor33544_S" textname="test sensor 33544"/>
			<item id="33545" losttest="3" iotype="AI" name="Sensor33545_S" textname="test sensor 33545"/>
			<item id="33546" losttest="3" iotype="AI" name="Sensor33546_S" textname="test sensor 33546"/>
			<item id="33547" losttest="3" iotype="AI" name="Sensor33547_S" textname="test sensor 33547"/>
			<item id="33548" losttest="3" iotype="AI" name="Sensor33548_S" textname="test sensor 33548"/>
			<item id="33549" losttest="3" iotype="AI" name="Sensor33549_S" textname="test sensor 33549"/>
			<item id="33550" losttest="3" iotype="AI" name="Sensor33550_S" textname="test sensor 33550"/>
			<item id="33551" losttest="3" iotype="AI" name="Sensor33551_S" textname="test sensor 33551"/>
			<item id="33552" losttest="3" iotype="AI" name="Sensor33552_S" textname="test sensor 33552"/>
			<item id="33553" losttest="3" iotype="AI" name="Sensor33553_S" textname="test sensor 33553"/>
			<item id="33554" losttest="3" iotype="AI" name="Sensor33554_S" textname="test sensor 33554"/>
			<item id="33555" losttest="3" iotype="AI" name="Sensor33555_S" textname="test sensor 33555"/>
			<item id="33556" losttest="3" iotype="AI" name="Sensor33556_S" textname="test sensor 33556"/>
			<item id="33557" losttest="3" iotype="AI" name="Sensor33557_S" textname="test sensor 33557"/>
			<item id="33558" losttest="3" iotype="AI" name="Sensor33558_S" textname="test sensor 33558"/>
			<item id="33559" losttest="3" iotype="AI" name="Sensor33559_S" textname="test sensor 33559"/>
			<item id="33560" losttest="3" iotype="AI" name="Sensor33560_S" textname="test sensor 33560"/>
			<item id="33561" losttest="3" iotype="AI" name="Sensor33561_S" textname="test sensor 33561"/>
			<item id="33562" losttest="3" iotype="AI" name="Sensor33562_S" textname="test sensor 33562"/>
			<item id="33563" losttest="3" iotype="AI" name="Sensor33563_S" textname="test sensor 33563"/>
			<item id="33564" losttest="3" iotype="AI" name="Sensor33564_S" textname="test sensor 33564"/>
			<item id="33565" losttest="3" iotype="AI" name="Sensor33565_S" textname="test sensor 33565"/>
			<item id="33566" losttest="3" iotype="AI" name="Sensor33566_S" textname="test sensor 33566"/>
			<item id="33567" losttest="3" iotype="AI" name="Sensor33567_S" textname="test sensor 33567"/>
			<item id="33568" losttest="3" iotype="AI" name="Sensor33568_S" textname="test sensor 33568"/>
			<item id="33569" losttest="3" iotype="AI" name="Sensor33569_S" textname="test sensor 33569"/>
			<item id="33570" losttest="3" iotype="AI" name="Sensor33570_S" textname="test sensor 33570"/>
			<item id="33571" losttest="3" iotype="AI" name="Sensor33571_S" textname="test sensor 33571"/>
			<item id="33572" losttest="3" iotype="AI" name="Sensor33572_S" textname="test sensor 33572"/>
			<item id="33573" losttest="3" iotype="AI" name="Sensor33573_S" textname="test sensor 33573"/>
			<item id="33574" losttest="3" iotype="AI" name="Sensor33574_S" textname="test sensor 33574"/>
			<item id="33575" losttest="3" iotype="AI" name="Sensor33575_S" textname="test sensor 33575"/>
			<item id="33576" losttest="3" iotype="AI" name="Sensor33576_S" textname="test sensor 33576"/>
			<item id="33577" losttest="3" iotype="AI" name="Sensor33577_S" textname="test sensor 33577"/>
			<item id="33578" losttest="3" iotype="AI" name="Sensor33578_S" textname="test sensor 33578"/>
			<item id="33579" losttest="3" iotype="AI" name="Sensor33579_S" textname="test sensor 33579"/>
			<item id="33580" losttest="3" iotype="AI" name="Sensor33580_S" textname="test sensor 33580"/>
			<item id="33581" losttest="3" iotype="AI" name="Sensor33581_S" textname="test sensor 33581"/>
			<item id="33582" losttest="3" iotype="AI" name="Sensor33582_S" textname="test sensor 33582"/>
			<item id="33583" losttest="3" iotype="AI" name="Sensor33583_S" textname="test sensor 33583"/>
			<item id="33584" losttest="3" iotype="AI" name="Sensor33584_S" textname="test sensor 33584"/>
			<item id="33585" losttest="3" iotype="AI" name="Sensor33585_S" textname="test sensor 33585"/>
			<item id="33586" losttest="3" iotype="AI" name="Sensor33586_S" textname="test sensor 33586"/>
			<item id="33587" losttest="3" iotype="AI" name="Sensor33587_S" textname="test sensor 33587"/>
			<item id="33588" losttest="3" iotype="AI" name="Sensor33588_S" textname="test sensor 33588"/>
			<item id="33589" losttest="3" iotype="AI" name="Sensor33589_S" textname="test sensor 33589"/>
			<item id="33590" losttest="3" iotype="AI" name="Sensor33590_S" textname="test sensor 33590"/>
			<item id="33591" losttest="3" iotype="AI" name="Sensor33591_S" textname="test sensor 33591"/>
			<item id="33592" losttest="3" iotype="AI" name="Sensor33592_S" textname="test sensor 33592"/>
			<item id="33593" losttest="3" iotype="AI" name="Sensor33593_S" textname="test sensor 33593"/>
			<item id="33594" losttest="3" iotype="AI" name="Sensor33594_S" textname="test sensor 33594"/>
			<item id="33595" losttest="3" iotype="AI" name="Sensor33595_S" textname="test sensor 33595"/>
			<item id="33596" losttest="3" iotype="AI" name="Sensor33596_S" textname="test sensor 33596"/>
			<item id="33597" losttest="3" iotype="AI" name="Sensor33597_S" textname="test sensor 33597"/>
			<item id="33598" losttest="3" iotype="AI" name="Sensor33598_S" textname="test sensor 33598"/>
			<item id="33599" losttest="3" iotype="AI" name="Sensor33599_S" textname="test sensor 33599"/>
			<item id="33600" losttest="3" iotype="AI" name="Sensor33600_S" textname="test sensor 33600"/>
			<item id="33601" losttest="3" iotype="AI" name="Sensor33601_S" textname="test sensor 33601"/>
			<item id="33602" losttest="3" iotype="AI" name="Sensor33602_S" textname="test sensor 33602"/>
			<item id="33603" losttest="3" iotype="AI" name="Sensor33603_S" textname="test sensor 33603"/>
			<item id="33604" losttest="3" iotype="AI" name="Sensor33604_S" textname="test sensor 33604"/>
			<item id="33605" losttest="3" iotype="AI" name="Sensor33605_S" textname="test sensor 33605"/>
			<item id="33606" losttest="3" iotype="AI" name="Sensor33606_S" textname="test sensor 33606"/>
			<item id="33607" losttest="3" iotype="AI" name="Sensor33607_S" textname="test sensor 33607"/>
			<item id="33608" losttest="3" iotype="AI" name="Sensor33608_S" textname="test sensor 33608"/>
			<item id="33609" losttest="3" iotype="AI" name="Sensor33609_S" textname="test sensor 33609"/>
			<item id="33610" losttest="3" iotype="AI" name="Sensor33610_S" textname="test sensor 33610"/>
			<item id="33611" losttest="3" iotype="AI" name="Sensor33611_S" textname="test sensor 33611"/>
			<item id="33612" losttest="3" iotype="AI" name="Sensor33612_S" textname="test sensor 33612"/>
			<item id="33613" losttest="3" iotype="AI" name="Sensor33613_S" textname="test sensor 33613"/>
			<item id="33614" losttest="3" iotype="AI" name="Sensor33614_S" textname="test sensor 33614"/>
			<item id="33615" losttest="3" iotype="AI" name="Sensor33615_S" textname="test sensor 33615"/>
			<item id="33616" losttest="3" iotype="AI" name="Sensor33616_S" textname="test sensor 33616"/>
			<item id="33617" losttest="3" iotype="AI" name="Sensor33617_S" textname="test sensor 33617"/>
			<item id="33618" losttest="3" iotype="AI" name="Sensor33618_S" textname="test sensor 33618"/>
			<item id="33619" losttest="3" iotype="AI" name="Sensor33619_S" textname="test sensor 33619"/>
			<item id="33620" losttest="3" iotype="AI" name="Sensor33620_S" textname="test sensor 33620"/>
			<item id="33621" losttest="3" iotype="AI" name="Sensor33621_S" textname="test sensor 33621"/>
			<item id="33622" losttest="3" iotype="AI" name="Sensor33622_S" textname="test sensor 33622"/>
			<item id="33623" losttest="3" iotype="AI" name="Sensor33623_S" textname="test sensor 33623"/>
			<item id="33624" losttest="3" iotype="AI" name="Sensor33624_S" textname="test sensor 33624"/>
			<item id="33625" losttest="3" iotype="AI" name="Sensor33625_S" textname="test sensor 33625"/>
			<item id="33626" losttest="3" iotype="AI" name="Sensor33626_S" textname="test sensor 33626"/>
			<item id="33627" losttest="3" iotype="AI" name="Sensor33627_S" textname="test sensor 33627"/>
			<item id="33628" losttest="3" iotype="AI" name="Sensor33628_S" textname="test sensor 33628"/>
			<item id="33629" losttest="3" iotype="AI" name="Sensor33629_S" textname="test sensor 33629"/>
			<item id="33630" losttest="3" iotype="AI" name="Sensor33630_S" textname="test sensor 33630"/>
			<item id="33631" losttest="3" iotype="AI" name="Sensor33631_S" textname="test sensor 33631"/>
			<item id="33632" losttest="3" iotype="AI" name="Sensor33632_S" textname="test sensor 33632"/>
			<item id="33633" losttest="3" iotype="AI" name="Sensor33633_S" textname="test sensor 33633"/>
			<item id="33634" losttest="3" iotype="AI" name="Sensor33634_S" textname="test sensor 33634"/>
			<item id="33635" losttest="3" iotype="AI" name="Sensor33635_S" textname="test sensor 33635"/>
			<item id="33636" losttest="3" iotype="AI" name="Sensor33636_S" textname="test sensor 33636"/>
			<item id="33637" losttest="3" iotype="AI" name="Sensor33637_S" textname="test sensor 33637"/>
			<item id="33638" losttest="3" iotype="AI" name="Sensor33638_S" textname="test sensor 33638"/>
			<item id="33639" losttest="3" iotype="AI" name="Sensor33639_S" textname="test sensor 33639"/>
			<item id="33640" losttest="3" iotype="AI" name="Sensor33640_S" textname="test sensor 33640"/>
			<item id="33641" losttest="3" iotype="AI" name="Sensor33641_S" textname="test sensor 33641"/>
			<item id="33642" losttest="3" iotype="AI" name="Sensor33642_S" textname="test sensor 33642"/>
			<item id="33643" losttest="3" iotype="AI" name="Sensor33643_S" textname="test sensor 33643"/>
			<item id="33644" losttest="3" iotype="AI" name="Sensor33644_S" textname="test sensor 33644"/>
			<item id="33645" losttest="3" iotype="AI" name="Sensor33645_S" textname="test sensor 33645"/>
			<item id="33646" losttest="3" iotype="AI" name="Sensor33646_S" textname="test sensor 33646"/>
			<item id="33647" losttest="3" iotype="AI" name="Sensor33647_S" textname="test sensor 33647"/>
			<item id="33648" losttest="3" iotype="AI" name="Sensor33648_S" textname="test sensor 33648"/>
			<item id="33649" losttest="3" iotype="AI" name="Sensor33649_S" textname="test sensor 33649"/>
			<item id="33650" losttest="3" iotype="AI" name="Sensor33650_S" textname="test sensor 33650"/>
			<item id="33651" losttest="3" iotype="AI" name="Sensor33651_S" textname="test sensor 33651"/>
			<item id="33652" losttest="3" iotype="AI" name="Sensor33652_S" textname="test sensor 33652"/>
			<item id="33653" losttest="3" iotype="AI" name="Sensor33653_S" textname="test sensor 33653"/>
			<item id="33654" losttest="3" iotype="AI" name="Sensor33654_S" textname="test sensor 33654"/>
			<item id="33655" losttest="3" iotype="AI" name="Sensor33655_S" textname="test sensor 33655"/>
			<item id="33656" losttest="3" iotype="AI" name="Sensor33656_S" textname="test sensor 33656"/>
			<item id="33657" losttest="3" iotype="AI" name="Sensor33657_S" textname="test sensor 33657"/>
			<item id="33658" losttest="3" iotype="AI" name="Sensor33658_S" textname="test sensor 33658"/>
			<item id="33659" losttest="3" iotype="AI" name="Sensor33659_S" textname="test sensor 33659"/>
			<item id="33660" losttest="3" iotype="AI" name="Sensor33660_S" textname="test sensor 33660"/>
			<item id="33661" losttest="3" iotype="AI" name="Sensor33661_S" textname="test sensor 33661"/>
			<item id="33662" losttest="3" iotype="AI" name="Sensor33662_S" textname="test sensor 33662"/>
			<item id="33663" losttest="3" iotype="AI" name="Sensor33663_S" textname="test sensor 33663"/>
			<item id="33664" losttest="3" iotype="AI" name="Sensor33664_S" textname="test sensor 33664"/>
			<item id="33665" losttest="3" iotype="AI" name="Sensor33665_S" textname="test sensor 33665"/>
			<item id="33666" losttest="3" iotype="AI" name="Sensor33666_S" textname="test sensor 33666"/>
			<item id="33667" losttest="3" iotype="AI" name="Sensor33667_S" textname="test sensor 33667"/>
			<item id="33668" losttest="3" iotype="AI" name="Sensor33668_S" textname="test sensor 33668"/>
			<item id="33669" losttest="3" iotype="AI" name="Sensor33669_S" textname="test sensor 33669"/>
			<item id="33670" losttest="3" iotype="AI" name="Sensor33670_S" textname="test sensor 33670"/>
			<item id="33671" losttest="3" iotype="AI" name="Sensor33671_S" textname="test sensor 33671"/>
			<item id="33672" losttest="3" iotype="AI" name="Sensor33672_S" textname="test sensor 33672"/>
			<item id="33673" losttest="3" iotype="AI" name="Sensor33673_S" textname="test sensor 33673"/>
			<item id="33674" losttest="3" iotype="AI" name="Sensor33674_S" textname="test sensor 33674"/>
			<item id="33675" losttest="3" iotype="AI" name="Sensor33675_S" textname="test sensor 33675"/>
			<item id="33676" losttest="3" iotype="AI" name="Sensor33676_S" textname="test sensor 33676"/>
			<item id="33677" losttest="3" iotype="AI" name="Sensor33677_S" textname="test sensor 33677"/>
			<item id="33678" losttest="3" iotype="AI" name="Sensor33678_S" textname="test sensor 33678"/>
			<item id="33679" losttest="3" iotype="AI" name="Sensor33679_S" textname="test sensor 33679"/>
			<item id="33680" losttest="3" iotype="AI" name="Sensor33680_S" textname="test sensor 33680"/>
			<item id="33681" losttest="3" iotype="AI" name="Sensor33681_S" textname="test sensor 33681"/>
			<item id="33682" losttest="3" iotype="AI" name="Sensor33682_S" textname="test sensor 33682"/>
			<item id="33683" losttest="3" iotype="AI" name="Sensor33683_S" textname="test sensor 33683"/>
			<item id="33684" losttest="3" iotype="AI" name="Sensor33684_S" textname="test sensor 33684"/>
			<item id="33685" losttest="3" iotype="AI" name="Sensor33685_S" textname="test sensor 33685"/>
			<item id="33686" losttest="3" iotype="AI" name="Sensor33686_S" textname="test sensor 33686"/>
			<item id="33687" losttest="3" iotype="AI" name="Sensor33687_S" textname="test sensor 33687"/>
			<item id="33688" losttest="3" iotype="AI" name="Sensor33688_S" textname="test sensor 33688"/>
			<item id="33689" losttest="3" iotype="AI" name="Sensor33689_S" textname="test sensor 33689"/>
			<item id="33690" losttest="3" iotype="AI" name="Sensor33690_S" textname="test sensor 33690"/>
			<item id="33691" losttest="3" iotype="AI" name="Sensor33691_S" textname="test sensor 33691"/>
			<item id="33692" losttest="3" iotype="AI" name="Sensor33692_S" textname="test sensor 33692"/>
			<item id="33693" losttest="3" iotype="AI" name="Sensor33693_S" textname="test sensor 33693"/>
			<item id="33694" losttest="3" iotype="AI" name="Sensor33694_S" textname="test sensor 33694"/>
			<item id="33695" losttest="3" iotype="AI" name="Sensor33695_S" textname="test sensor 33695"/>
			<item id="33696" losttest="3" iotype="AI" name="Sensor33696_S" textname="test sensor 33696"/>
			<item id="33697" losttest="3" iotype="AI" name="Sensor33697_S" textname="test sensor 33697"/>
			<item id="33698" losttest="3" iotype="AI" name="Sensor33698_S" textname="test sensor 33698"/>
			<item id="33699" losttest="3" iotype="AI" name="Sensor33699_S" textname="test sensor 33699"/>
			<item id="33700" losttest="3" iotype="AI" name="Sensor33700_S" textname="test sensor 33700"/>
			<item id="33701" losttest="3" iotype="AI" name="Sensor33701_S" textname="test sensor 33701"/>
			<item id="33702" losttest="3" iotype="AI" name="Sensor33702_S" textname="test sensor 33702"/>
			<item id="33703" losttest="3" iotype="AI" name="Sensor33703_S" textname="test sensor 33703"/>
			<item id="33704" losttest="3" iotype="AI" name="Sensor33704_S" textname="test sensor 33704"/>
			<item id="33705" losttest="3" iotype="AI" name="Sensor33705_S" textname="test sensor 33705"/>
			<item id="33706" losttest="3" iotype="AI" name="Sensor33706_S" textname="test sensor 33706"/>
			<item id="33707" losttest="3" iotype="AI" name="Sensor33707_S" textname="test sensor 33707"/>
			<item id="33708" losttest="3" iotype="AI" name="Sensor33708_S" textname="test sensor 33708"/>
			<item id="33709" losttest="3" iotype="AI" name="Sensor33709_S" textname="test sensor 33709"/>
			<item id="33710" losttest="3" iotype="AI" name="Sensor33710_S" textname="test sensor 33710"/>
			<item id="33711" losttest="3" iotype="AI" name="Sensor33711_S" textname="test sensor 33711"/>
			<item id="33712" losttest="3" iotype="AI" name="Sensor33712_S" textname="test sensor 33712"/>
			<item id="33713" losttest="3" iotype="AI" name="Sensor33713_S" textname="test sensor 33713"/>
			<item id="33714" losttest="3" iotype="AI" name="Sensor33714_S" textname="test sensor 33714"/>
			<item id="33715" losttest="3" iotype="AI" name="Sensor33715_S" textname="test sensor 33715"/>
			<item id="33716" losttest="3" iotype="AI" name="Sensor33716_S" textname="test sensor 33716"/>
			<item id="33717" losttest="3" iotype="AI" name="Sensor33717_S" textname="test sensor 33717"/>
			<item id="33718" losttest="3" iotype="AI" name="Sensor33718_S" textname="test sensor 33718"/>
			<item id="33719" losttest="3" iotype="AI" name="Sensor33719_S" textname="test sensor 33719"/>
			<item id="33720" losttest="3" iotype="AI" name="Sensor33720_S" textname="test sensor 33720"/>
			<item id="33721" losttest="3" iotype="AI" name="Sensor33721_S" textname="test sensor 33721"/>
			<item id="33722" losttest="3" iotype="AI" name="Sensor33722_S" textname="test sensor 33722"/>
			<item id="33723" losttest="3" iotype="AI" name="Sensor33723_S" textname="test sensor 33723"/>
			<item id="33724" losttest="3" iotype="AI" name="Sensor33724_S" textname="test sensor 33724"/>
			<item id="33725" losttest="3" iotype="AI" name="Sensor33725_S" textname="test sensor 33725"/>
			<item id="33726" losttest="3" iotype="AI" name="Sensor33726_S" textname="test sensor 33726"/>
			<item id="33727" losttest="3" iotype="AI" name="Sensor33727_S" textname="test sensor 33727"/>
			<item id="33728" losttest="3" iotype="AI" name="Sensor33728_S" textname="test sensor 33728"/>
			<item id="33729" losttest="3" iotype="AI" name="Sensor33729_S" textname="test sensor 33729"/>
			<item id="33730" losttest="3" iotype="AI" name="Sensor33730_S" textname="test sensor 33730"/>
			<item id="33731" losttest="3" iotype="AI" name="Sensor33731_S" textname="test sensor 33731"/>
			<item id="33732" losttest="3" iotype="AI" name="Sensor33732_S" textname="test sensor 33732"/>
			<item id="33733" losttest="3" iotype="AI" name="Sensor33733_S" textname="test sensor 33733"/>
			<item id="33734" losttest="3" iotype="AI" name="Sensor33734_S" textname="test sensor 33734"/>
			<item id="33735" losttest="3" iotype="AI" name="Sensor33735_S" textname="test sensor 33735"/>
			<item id="33736" losttest="3" iotype="AI" name="Sensor33736_S" textname="test sensor 33736"/>
			<item id="33737" losttest="3" iotype="AI" name="Sensor33737_S" textname="test sensor 33737"/>
			<item id="33738" losttest="3" iotype="AI" name="Sensor33738_S" textname="test sensor 33738"/>
			<item id="33739" losttest="3" iotype="AI" name="Sensor33739_S" textname="test sensor 33739"/>
			<item id="33740" losttest="3" iotype="AI" name="Sensor33740_S" textname="test sensor 33740"/>
			<item id="33741" losttest="3" iotype="AI" name="Sensor33741_S" textname="test sensor 33741"/>
			<item id="33742" losttest="3" iotype="AI" name="Sensor33742_S" textname="test sensor 33742"/>
			<item id="33743" losttest="3" iotype="AI" name="Sensor33743_S" textname="test sensor 33743"/>
			<item id="33744" losttest="3" iotype="AI" name="Sensor33744_S" textname="test sensor 33744"/>
			<item id="33745" losttest="3" iotype="AI" name="Sensor33745_S" textname="test sensor 33745"/>
			<item id="33746" losttest="3" iotype="AI" name="Sensor33746_S" textname="test sensor 33746"/>
			<item id="33747" losttest="3" iotype="AI" name="Sensor33747_S" textname="test sensor 33747"/>
			<item id="33748" losttest="3" iotype="AI" name="Sensor33748_S" textname="test sensor 33748"/>
			<item id="33749" losttest="3" iotype="AI" name="Sensor33749_S" textname="test sensor 33749"/>
			<item id="33750" losttest="3" iotype="AI" name="Sensor33750_S" textname="test sensor 33750"/>
			<item id="33751" losttest="3" iotype="AI" name="Sensor33751_S" textname="test sensor 33751"/>
			<item id="33752" losttest="3" iotype="AI" name="Sensor33752_S" textname="test sensor 33752"/>
			<item id="33753" losttest="3" iotype="AI" name="Sensor33753_S" textname="test sensor 33753"/>
			<item id="33754" losttest="3" iotype="AI" name="Sensor33754_S" textname="test sensor 33754"/>
			<item id="33755" losttest="3" iotype="AI" name="Sensor33755_S" textname="test sensor 33755"/>
			<item id="33756" losttest="3" iotype="AI" name="Sensor33756_S" textname="test sensor 33756"/>
			<item id="33757" losttest="3" iotype="AI" name="Sensor33757_S" textname="test sensor 33757"/>
			<item id="33758" losttest="3" iotype="AI" name="Sensor33758_S" textname="test sensor 33758"/>
			<item id="33759" losttest="3" iotype="AI" name="Sensor33759_S" textname="test sensor 33759"/>
			<item id="33760" losttest="3" iotype="AI" name="Sensor33760_S" textname="test sensor 33760"/>
			<item id="33761" losttest="3" iotype="AI" name="Sensor33761_S" textname="test sensor 33761"/>
			<item id="33762" losttest="3" iotype="AI" name="Sensor33762_S" textname="test sensor 33762"/>
			<item id="33763" losttest="3" iotype="AI" name="Sensor33763_S" textname="test sensor 33763"/>
			<item id="33764" losttest="3" iotype="AI" name="Sensor33764_S" textname="test sensor 33764"/>
			<item id="33765" losttest="3" iotype="AI" name="Sensor33765_S" textname="test sensor 33765"/>
			<item id="33766" losttest="3" iotype="AI" name="Sensor33766_S" textname="test sensor 33766"/>
			<item id="33767" losttest="3" iotype="AI" name="Sensor33767_S" textname="test sensor 33767"/>
			<item id="33768" losttest="3" iotype="AI" name="Sensor33768_S" textname="test sensor 33768"/>
			<item id="33769" losttest="3" iotype="AI" name="Sensor33769_S" textname="test sensor 33769"/>
			<item id="33770" losttest="3" iotype="AI" name="Sensor33770_S" textname="test sensor 33770"/>
			<item id="33771" losttest="3" iotype="AI" name="Sensor33771_S" textname="test sensor 33771"/>
			<item id="33772" losttest="3" iotype="AI" name="Sensor33772_S" textname="test sensor 33772"/>
			<item id="33773" losttest="3" iotype="AI" name="Sensor33773_S" textname="test sensor 33773"/>
			<item id="33774" losttest="3" iotype="AI" name="Sensor33774_S" textname="test sensor 33774"/>
			<item id="33775" losttest="3" iotype="AI" name="Sensor33775_S" textname="test sensor 33775"/>
			<item id="33776" losttest="3" iotype="AI" name="Sensor33776_S" textname="test sensor 33776"/>
			<item id="33777" losttest="3" iotype="AI" name="Sensor33777_S" textname="test sensor 33777"/>
			<item id="33778" losttest="3" iotype="AI" name="Sensor33778_S" textname="test sensor 33778"/>
			<item id="33779" losttest="3" iotype="AI" name="Sensor33779_S" textname="test sensor 33779"/>
			<item id="33780" losttest="3" iotype="AI" name="Sensor33780_S" textname="test sensor 33780"/>
			<item id="33781" losttest="3" iotype="AI" name="Sensor33781_S" textname="test sensor 33781"/>
			<item id="33782" losttest="3" iotype="AI" name="Sensor33782_S" textname="test sensor 33782"/>
			<item id="33783" losttest="3" iotype="AI" name="Sensor33783_S" textname="test sensor 33783"/>
			<item id="33784" losttest="3" iotype="AI" name="Sensor33784_S" textname="test sensor 33784"/>
			<item id="33785" losttest="3" iotype="AI" name="Sensor33785_S" textname="test sensor 33785"/>
			<item id="33786" losttest="3" iotype="AI" name="Sensor33786_S" textname="test sensor 33786"/>
			<item id="33787" losttest="3" iotype="AI" name="Sensor33787_S" textname="test sensor 33787"/>
			<item id="33788" losttest="3" iotype="AI" name="Sensor33788_S" textname="test sensor 33788"/>
			<item id="33789" losttest="3" iotype="AI" name="Sensor33789_S" textname="test sensor 33789"/>
			<item id="33790" losttest="3" iotype="AI" name="Sensor33790_S" textname="test sensor 33790"/>
			<item id="33791" losttest="3" iotype="AI" name="Sensor33791_S" textname="test sensor 33791"/>
			<item id="33792" losttest="3" iotype="AI" name="Sensor33792_S" textname="test sensor 33792"/>
			<item id="33793" losttest="3" iotype="AI" name="Sensor33793_S" textname="test sensor 33793"/>
			<item id="33794" losttest="3" iotype="AI" name="Sensor33794_S" textname="test sensor 33794"/>
			<item id="33795" losttest="3" iotype="AI" name="Sensor33795_S" textname="test sensor 33795"/>
			<item id="33796" losttest="3" iotype="AI" name="Sensor33796_S" textname="test sensor 33796"/>
			<item id="33797" losttest="3" iotype="AI" name="Sensor33797_S" textname="test sensor 33797"/>
			<item id="33798" losttest="3" iotype="AI" name="Sensor33798_S" textname="test sensor 33798"/>
			<item id="33799" losttest="3" iotype="AI" name="Sensor33799_S" textname="test sensor 33799"/>
			<item id="33800" losttest="3" iotype="AI" name="Sensor33800_S" textname="test sensor 33800"/>
			<item id="33801" losttest="3" iotype="AI" name="Sensor33801_S" textname="test sensor 33801"/>
			<item id="33802" losttest="3" iotype="AI" name="Sensor33802_S" textname="test sensor 33802"/>
			<item id="33803" losttest="3" iotype="AI" name="Sensor33803_S" textname="test sensor 33803"/>
			<item id="33804" losttest="3" iotype="AI" name="Sensor33804_S" textname="test sensor 33804"/>
			<item id="33805" losttest="3" iotype="AI" name="Sensor33805_S" textname="test sensor 33805"/>
			<item id="33806" losttest="3" iotype="AI" name="Sensor33806_S" textname="test sensor 33806"/>
			<item id="33807" losttest="3" iotype="AI" name="Sensor33807_S" textname="test sensor 33807"/>
			<item id="33808" losttest="3" iotype="AI" name="Sensor33808_S" textname="test sensor 33808"/>
			<item id="33809" losttest="3" iotype="AI" name="Sensor33809_S" textname="test sensor 33809"/>
			<item id="33810" losttest="3" iotype="AI" name="Sensor33810_S" textname="test sensor 33810"/>
			<item id="33811" losttest="3" iotype="AI" name="Sensor33811_S" textname="test sensor 33811"/>
			<item id="33812" losttest="3" iotype="AI" name="Sensor33812_S" textname="test sensor 33812"/>
			<item id="33813" losttest="3" iotype="AI" name="Sensor33813_S" textname="test sensor 33813"/>
			<item id="33814" losttest="3" iotype="AI" name="Sensor33814_S" textname="test sensor 33814"/>
			<item id="33815" losttest="3" iotype="AI" name="Sensor33815_S" textname="test sensor 33815"/>
			<item id="33816" losttest="3" iotype="AI" name="Sensor33816_S" textname="test sensor 33816"/>
			<item id="33817" losttest="3" iotype="AI" name="Sensor33817_S" textname="test sensor 33817"/>
			<item id="33818" losttest="3" iotype="AI" name="Sensor33818_S" textname="test sensor 33818"/>
			<item id="33819" losttest="3" iotype="AI" name="Sensor33819_S" textname="test sensor 33819"/>
			<item id="33820" losttest="3" iotype="AI" name="Sensor33820_S" textname="test sensor 33820"/>
			<item id="33821" losttest="3" iotype="AI" name="Sensor33821_S" textname="test sensor 33821"/>
			<item id="33822" losttest="3" iotype="AI" name="Sensor33822_S" textname="test sensor 33822"/>
			<item id="33823" losttest="3" iotype="AI" name="Sensor33823_S" textname="test sensor 33823"/>
			<item id="33824" losttest="3" iotype="AI" name="Sensor33824_S" textname="test sensor 33824"/>
			<item id="33825" losttest="3" iotype="AI" name="Sensor33825_S" textname="test sensor 33825"/>
			<item id="33826" losttest="3" iotype="AI" name="Sensor33826_S" textname="test sensor 33826"/>
			<item id="33827" losttest="3" iotype="AI" name="Sensor33827_S" textname="test sensor 33827"/>
			<item id="33828" losttest="3" iotype="AI" name="Sensor33828_S" textname="test sensor 33828"/>
			<item id="33829" losttest="3" iotype="AI" name="Sensor33829_S" textname="test sensor 33829"/>
			<item id="33830" losttest="3" iotype="AI" name="Sensor33830_S" textname="test sensor 33830"/>
			<item id="33831" losttest="3" iotype="AI" name="Sensor33831_S" textname="test sensor 33831"/>
			<item id="33832" losttest="3" iotype="AI" name="Sensor33832_S" textname="test sensor 33832"/>
			<item id="33833" losttest="3" iotype="AI" name="Sensor33833_S" textname="test sensor 33833"/>
			<item id="33834" losttest="3" iotype="AI" name="Sensor33834_S" textname="test sensor 33834"/>
			<item id="33835" losttest="3" iotype="AI" name="Sensor33835_S" textname="test sensor 33835"/>
			<item id="33836" losttest="3" iotype="AI" name="Sensor33836_S" textname="test sensor 33836"/>
			<item id="33837" losttest="3" iotype="AI" name="Sensor33837_S" textname="test sensor 33837"/>
			<item id="33838" losttest="3" iotype="AI" name="Sensor33838_S" textname="test sensor 33838"/>
			<item id="33839" losttest="3" iotype="AI" name="Sensor33839_S" textname="test sensor 33839"/>
			<item id="33840" losttest="3" iotype="AI" name="Sensor33840_S" textname="test sensor 33840"/>
			<item id="33841" losttest="3" iotype="AI" name="Sensor33841_S" textname="test sensor 33841"/>
			<item id="33842" losttest="3" iotype="AI" name="Sensor33842_S" textname="test sensor 33842"/>
			<item id="33843" losttest="3" iotype="AI" name="Sensor33843_S" textname="test sensor 33843"/>
			<item id="33844" losttest="3" iotype="AI" name="Sensor33844_S" textname="test sensor 33844"/>
			<item id="33845" losttest="3" iotype="AI" name="Sensor33845_S" textname="test sensor 33845"/>
			<item id="33846" losttest="3" iotype="AI" name="Sensor33846_S" textname="test sensor 33846"/>
			<item id="33847" losttest="3" iotype="AI" name="Sensor33847_S" textname="test sensor 33847"/>
			<item id="33848" losttest="3" iotype="AI" name="Sensor33848_S" textname="test sensor 33848"/>
			<item id="33849" losttest="3" iotype="AI" name="Sensor33849_S" textname="test sensor 33849"/>
			<item id="33850" losttest="3" iotype="AI" name="Sensor33850_S" textname="test sensor 33850"/>
			<item id="33851" losttest="3" iotype="AI" name="Sensor33851_S" textname="test sensor 33851"/>
			<item id="33852" losttest="3" iotype="AI" name="Sensor33852_S" textname="test sensor 33852"/>
			<item id="33853" losttest="3" iotype="AI" name="Sensor33853_S" textname="test sensor 33853"/>
			<item id="33854" losttest="3" iotype="AI" name="Sensor33854_S" textname="test sensor 33854"/>
			<item id="33855" losttest="3" iotype="AI" name="Sensor33855_S" textname="test sensor 33855"/>
			<item id="33856" losttest="3" iotype="AI" name="Sensor33856_S" textname="test sensor 33856"/>
			<item id="33857" losttest="3" iotype="AI" name="Sensor33857_S" textname="test sensor 33857"/>
			<item id="33858" losttest="3" iotype="AI" name="Sensor33858_S" textname="test sensor 33858"/>
			<item id="33859" losttest="3" iotype="AI" name="Sensor33859_S" textname="test sensor 33859"/>
			<item id="33860" losttest="3" iotype="AI" name="Sensor33860_S" textname="test sensor 33860"/>
			<item id="33861" losttest="3" iotype="AI" name="Sensor33861_S" textname="test sensor 33861"/>
			<item id="33862" losttest="3" iotype="AI" name="Sensor33862_S" textname="test sensor 33862"/>
			<item id="33863" losttest="3" iotype="AI" name="Sensor33863_S" textname="test sensor 33863"/>
			<item id="33864" losttest="3" iotype="AI" name="Sensor33864_S" textname="test sensor 33864"/>
			<item id="33865" losttest="3" iotype="AI" name="Sensor33865_S" textname="test sensor 33865"/>
			<item id="33866" losttest="3" iotype="AI" name="Sensor33866_S" textname="test sensor 33866"/>
			<item id="33867" losttest="3" iotype="AI" name="Sensor33867_S" textname="test sensor 33867"/>
			<item id="33868" losttest="3" iotype="AI" name="Sensor33868_S" textname="test sensor 33868"/>
			<item id="33869" losttest="3" iotype="AI" name="Sensor33869_S" textname="test sensor 33869"/>
			<item id="33870" losttest="3" iotype="AI" name="Sensor33870_S" textname="test sensor 33870"/>
			<item id="33871" losttest="3" iotype="AI" name="Sensor33871_S" textname="test sensor 33871"/>
			<item id="33872" losttest="3" iotype="AI" name="Sensor33872_S" textname="test sensor 33872"/>
			<item id="33873" losttest="3" iotype="AI" name="Sensor33873_S" textname="test sensor 33873"/>
			<item id="33874" losttest="3" iotype="AI" name="Sensor33874_S" textname="test sensor 33874"/>
			<item id="33875" losttest="3" iotype="AI" name="Sensor33875_S" textname="test sensor 33875"/>
			<item id="33876" losttest="3" iotype="AI" name="Sensor33876_S" textname="test sensor 33876"/>
			<item id="33877" losttest="3" iotype="AI" name="Sensor33877_S" textname="test sensor 33877"/>
			<item id="33878" losttest="3" iotype="AI" name="Sensor33878_S" textname="test sensor 33878"/>
			<item id="33879" losttest="3" iotype="AI" name="Sensor33879_S" textname="test sensor 33879"/>
			<item id="33880" losttest="3" iotype="AI" name="Sensor33880_S" textname="test sensor 33880"/>
			<item id="33881" losttest="3" iotype="AI" name="Sensor33881_S" textname="test sensor 33881"/>
			<item id="33882" losttest="3" iotype="AI" name="Sensor33882_S" textname="test sensor 33882"/>
			<item id="33883" losttest="3" iotype="AI" name="Sensor33883_S" textname="test sensor 33883"/>
			<item id="33884" losttest="3" iotype="AI" name="Sensor33884_S" textname="test sensor 33884"/>
			<item id="33885" losttest="3" iotype="AI" name="Sensor33885_S" textname="test sensor 33885"/>
			<item id="33886" losttest="3" iotype="AI" name="Sensor33886_S" textname="test sensor 33886"/>
			<item id="33887" losttest="3" iotype="AI" name="Sensor33887_S" textname="test sensor 33887"/>
			<item id="33888" losttest="3" iotype="AI" name="Sensor33888_S" textname="test sensor 33888"/>
			<item id="33889" losttest="3" iotype="AI" name="Sensor33889_S" textname="test sensor 33889"/>
			<item id="33890" losttest="3" iotype="AI" name="Sensor33890_S" textname="test sensor 33890"/>
			<item id="33891" losttest="3" iotype="AI" name="Sensor33891_S" textname="test sensor 33891"/>
			<item id="33892" losttest="3" iotype="AI" name="Sensor33892_S" textname="test sensor 33892"/>
			<item id="33893" losttest="3" iotype="AI" name="Sensor33893_S" textname="test sensor 33893"/>
			<item id="33894" losttest="3" iotype="AI" name="Sensor33894_S" textname="test sensor 33894"/>
			<item id="33895" losttest="3" iotype="AI" name="Sensor33895_S" textname="test sensor 33895"/>
			<item id="33896" losttest="3" iotype="AI" name="Sensor33896_S" textname="test sensor 33896"/>
			<item id="33897" losttest="3" iotype="AI" name="Sensor33897_S" textname="test sensor 33897"/>
			<item id="33898" losttest="3" iotype="AI" name="Sensor33898_S" textname="test sensor 33898"/>
			<item id="33899" losttest="3" iotype="AI" name="Sensor33899_S" textname="test sensor 33899"/>
			<item id="33900" losttest="3" iotype="AI" name="Sensor33900_S" textname="test sensor 33900"/>
			<item id="33901" losttest="3" iotype="AI" name="Sensor33901_S" textname="test sensor 33901"/>
			<item id="33902" losttest="3" iotype="AI" name="Sensor33902_S" textname="test sensor 33902"/>
			<item id="33903" losttest="3" iotype="AI" name="Sensor33903_S" textname="test sensor 33903"/>
			<item id="33904" losttest="3" iotype="AI" name="Sensor33904_S" textname="test sensor 33904"/>
			<item id="33905" losttest="3" iotype="AI" name="Sensor33905_S" textname="test sensor 33905"/>
			<item id="33906" losttest="3" iotype="AI" name="Sensor33906_S" textname="test sensor 33906"/>
			<item id="33907" losttest="3" iotype="AI" name="Sensor33907_S" textname="test sensor 33907"/>
			<item id="33908" losttest="3" iotype="AI" name="Sensor33908_S" textname="test sensor 33908"/>
			<item id="33909" losttest="3" iotype="AI" name="Sensor33909_S" textname="test sensor 33909"/>
			<item id="33910" losttest="3" iotype="AI" name="Sensor33910_S" textname="test sensor 33910"/>
			<item id="33911" losttest="3" iotype="AI" name="Sensor33911_S" textname="test sensor 33911"/>
			<item id="33912" losttest="3" iotype="AI" name="Sensor33912_S" textname="test sensor 33912"/>
			<item id="33913" losttest="3" iotype="AI" name="Sensor33913_S" textname="test sensor 33913"/>
			<item id="33914" losttest="3" iotype="AI" name="Sensor33914_S" textname="test sensor 33914"/>
			<item id="33915" losttest="3" iotype="AI" name="Sensor33915_S" textname="test sensor 33915"/>
			<item id="33916" losttest="3" iotype="AI" name="Sensor33916_S" textname="test sensor 33916"/>
			<item id="33917" losttest="3" iotype="AI" name="Sensor33917_S" textname="test sensor 33917"/>
			<item id="33918" losttest="3" iotype="AI" name="Sensor33918_S" textname="test sensor 33918"/>
			<item id="33919" losttest="3" iotype="AI" name="Sensor33919_S" textname="test sensor 33919"/>
			<item id="33920" losttest="3" iotype="AI" name="Sensor33920_S" textname="test sensor 33920"/>
			<item id="33921" losttest="3" iotype="AI" name="Sensor33921_S" textname="test sensor 33921"/>
			<item id="33922" losttest="3" iotype="AI" name="Sensor33922_S" textname="test sensor 33922"/>
			<item id="33923" losttest="3" iotype="AI" name="Sensor33923_S" textname="test sensor 33923"/>
			<item id="33924" losttest="3" iotype="AI" name="Sensor33924_S" textname="test sensor 33924"/>
			<item id="33925" losttest="3" iotype="AI" name="Sensor33925_S" textname="test sensor 33925"/>
			<item id="33926" losttest="3" iotype="AI" name="Sensor33926_S" textname="test sensor 33926"/>
			<item id="33927" losttest="3" iotype="AI" name="Sensor33927_S" textname="test sensor 33927"/>
			<item id="33928" losttest="3" iotype="AI" name="Sensor33928_S" textname="test sensor 33928"/>
			<item id="33929" losttest="3" iotype="AI" name="Sensor33929_S" textname="test sensor 33929"/>
			<item id="33930" losttest="3" iotype="AI" name="Sensor33930_S" textname="test sensor 33930"/>
			<item id="33931" losttest="3" iotype="AI" name="Sensor33931_S" textname="test sensor 33931"/>
			<item id="33932" losttest="3" iotype="AI" name="Sensor33932_S" textname="test sensor 33932"/>
			<item id="33933" losttest="3" iotype="AI" name="Sensor33933_S" textname="test sensor 33933"/>
			<item id="33934" losttest="3" iotype="AI" name="Sensor33934_S" textname="test sensor 33934"/>
			<item id="33935" losttest="3" iotype="AI" name="Sensor33935_S" textname="test sensor 33935"/>
			<item id="33936" losttest="3" iotype="AI" name="Sensor33936_S" textname="test sensor 33936"/>
			<item id="33937" losttest="3" iotype="AI" name="Sensor33937_S" textname="test sensor 33937"/>
			<item id="33938" losttest="3" iotype="AI" name="Sensor33938_S" textname="test sensor 33938"/>
			<item id="33939" losttest="3" iotype="AI" name="Sensor33939_S" textname="test sensor 33939"/>
			<item id="33940" losttest="3" iotype="AI" name="Sensor33940_S" textname="test sensor 33940"/>
			<item id="33941" losttest="3" iotype="AI" name="Sensor33941_S" textname="test sensor 33941"/>
			<item id="33942" losttest="3" iotype="AI" name="Sensor33942_S" textname="test sensor 33942"/>
			<item id="33943" losttest="3" iotype="AI" name="Sensor33943_S" textname="test sensor 33943"/>
			<item id="33944" losttest="3" iotype="AI" name="Sensor33944_S" textname="test sensor 33944"/>
			<item id="33945" losttest="3" iotype="AI" name="Sensor33945_S" textname="test sensor 33945"/>
			<item id="33946" losttest="3" iotype="AI" name="Sensor33946_S" textname="test sensor 33946"/>
			<item id="33947" losttest="3" iotype="AI" name="Sensor33947_S" textname="test sensor 33947"/>
			<item id="33948" losttest="3" iotype="AI" name="Sensor33948_S" textname="test sensor 33948"/>
			<item id="33949" losttest="3" iotype="AI" name="Sensor33949_S" textname="test sensor 33949"/>
			<item id="33950" losttest="3" iotype="AI" name="Sensor33950_S" textname="test sensor 33950"/>
			<item id="33951" losttest="3" iotype="AI" name="Sensor33951_S" textname="test sensor 33951"/>
			<item id="33952" losttest="3" iotype="AI" name="Sensor33952_S" textname="test sensor 33952"/>
			<item id="33953" losttest="3" iotype="AI" name="Sensor33953_S" textname="test sensor 33953"/>
			<item id="33954" losttest="3" iotype="AI" name="Sensor33954_S" textname="test sensor 33954"/>
			<item id="33955" losttest="3" iotype="AI" name="Sensor33955_S" textname="test sensor 33955"/>
			<item id="33956" losttest="3" iotype="AI" name="Sensor33956_S" textname="test sensor 33956"/>
			<item id="33957" losttest="3" iotype="AI" name="Sensor33957_S" textname="test sensor 33957"/>
			<item id="33958" losttest="3" iotype="AI" name="Sensor33958_S" textname="test sensor 33958"/>
			<item id="33959" losttest="3" iotype="AI" name="Sensor33959_S" textname="test sensor 33959"/>
			<item id="33960" losttest="3" iotype="AI" name="Sensor33960_S" textname="test sensor 33960"/>
			<item id="33961" losttest="3" iotype="AI" name="Sensor33961_S" textname="test sensor 33961"/>
			<item id="33962" losttest="3" iotype="AI" name="Sensor33962_S" textname="test sensor 33962"/>
			<item id="33963" losttest="3" iotype="AI" name="Sensor33963_S" textname="test sensor 33963"/>
			<item id="33964" losttest="3" iotype="AI" name="Sensor33964_S" textname="test sensor 33964"/>
			<item id="33965" losttest="3" iotype="AI" name="Sensor33965_S" textname="test sensor 33965"/>
			<item id="33966" losttest="3" iotype="AI" name="Sensor33966_S" textname="test sensor 33966"/>
			<item id="33967" losttest="3" iotype="AI" name="Sensor33967_S" textname="test sensor 33967"/>
			<item id="33968" losttest="3" iotype="AI" name="Sensor33968_S" textname="test sensor 33968"/>
			<item id="33969" losttest="3" iotype="AI" name="Sensor33969_S" textname="test sensor 33969"/>
			<item id="33970" losttest="3" iotype="AI" name="Sensor33970_S" textname="test sensor 33970"/>
			<item id="33971" losttest="3" iotype="AI" name="Sensor33971_S" textname="test sensor 33971"/>
			<item id="33972" losttest="3" iotype="AI" name="Sensor33972_S" textname="test sensor 33972"/>
			<item id="33973" losttest="3" iotype="AI" name="Sensor33973_S" textname="test sensor 33973"/>
			<item id="33974" losttest="3" iotype="AI" name="Sensor33974_S" textname="test sensor 33974"/>
			<item id="33975" losttest="3" iotype="AI" name="Sensor33975_S" textname="test sensor 33975"/>
			<item id="33976" losttest="3" iotype="AI" name="Sensor33976_S" textname="test sensor 33976"/>
			<item id="33977" losttest="3" iotype="AI" name="Sensor33977_S" textname="test sensor 33977"/>
			<item id="33978" losttest="3" iotype="AI" name="Sensor33978_S" textname="test sensor 33978"/>
			<item id="33979" losttest="3" iotype="AI" name="Sensor33979_S" textname="test sensor 33979"/>
			<item id="33980" losttest="3" iotype="AI" name="Sensor33980_S" textname="test sensor 33980"/>
			<item id="33981" losttest="3" iotype="AI" name="Sensor33981_S" textname="test sensor 33981"/>
			<item id="33982" losttest="3" iotype="AI" name="Sensor33982_S" textname="test sensor 33982"/>
			<item id="33983" losttest="3" iotype="AI" name="Sensor33983_S" textname="test sensor 33983"/>
			<item id="33984" losttest="3" iotype="AI" name="Sensor33984_S" textname="test sensor 33984"/>
			<item id="33985" losttest="3" iotype="AI" name="Sensor33985_S" textname="test sensor 33985"/>
			<item id="33986" losttest="3" iotype="AI" name="Sensor33986_S" textname="test sensor 33986"/>
			<item id="33987" losttest="3" iotype="AI" name="Sensor33987_S" textname="test sensor 33987"/>
			<item id="33988" losttest="3" iotype="AI" name="Sensor33988_S" textname="test sensor 33988"/>
			<item id="33989" losttest="3" iotype="AI" name="Sensor33989_S" textname="test sensor 33989"/>
			<item id="33990" losttest="3" iotype="AI" name="Sensor33990_S" textname="test sensor 33990"/>
			<item id="33991" losttest="3" iotype="AI" name="Sensor33991_S" textname="test sensor 33991"/>
			<item id="33992" losttest="3" iotype="AI" name="Sensor33992_S" textname="test sensor 33992"/>
			<item id="33993" losttest="3" iotype="AI" name="Sensor33993_S" textname="test sensor 33993"/>
			<item id="33994" losttest="3" iotype="AI" name="Sensor33994_S" textname="test sensor 33994"/>
			<item id="33995" losttest="3" iotype="AI" name="Sensor33995_S" textname="test sensor 33995"/>
			<item id="33996" losttest="3" iotype="AI" name="Sensor33996_S" textname="test sensor 33996"/>
			<item id="33997" losttest="3" iotype="AI" name="Sensor33997_S" textname="test sensor 33997"/>
			<item id="33998" losttest="3" iotype="AI" name="Sensor33998_S" textname="test sensor 33998"/>
			<item id="33999" losttest="3" iotype="AI" name="Sensor33999_S" textname="test sensor 33999"/>
			<item id="34000" losttest="3" iotype="AI" name="Sensor34000_S" textname="test sensor 34000"/>
			<item id="34001" losttest="3" iotype="AI" name="Sensor34001_S" textname="test sensor 34001"/>
			<item id="34002" losttest="3" iotype="AI" name="Sensor34002_S" textname="test sensor 34002"/>
			<item id="34003" losttest="3" iotype="AI" name="Sensor34003_S" textname="test sensor 34003"/>
			<item id="34004" losttest="3" iotype="AI" name="Sensor34004_S" textname="test sensor 34004"/>
			<item id="34005" losttest="3" iotype="AI" name="Sensor34005_S" textname="test sensor 34005"/>
			<item id="34006" losttest="3" iotype="AI" name="Sensor34006_S" textname="test sensor 34006"/>
			<item id="34007" losttest="3" iotype="AI" name="Sensor34007_S" textname="test sensor 34007"/>
			<item id="34008" losttest="3" iotype="AI" name="Sensor34008_S" textname="test sensor 34008"/>
			<item id="34009" losttest="3" iotype="AI" name="Sensor34009_S" textname="test sensor 34009"/>
			<item id="34010" losttest="3" iotype="AI" name="Sensor34010_S" textname="test sensor 34010"/>
			<item id="34011" losttest="3" iotype="AI" name="Sensor34011_S" textname="test sensor 34011"/>
			<item id="34012" losttest="3" iotype="AI" name="Sensor34012_S" textname="test sensor 34012"/>
			<item id="34013" losttest="3" iotype="AI" name="Sensor34013_S" textname="test sensor 34013"/>
			<item id="34014" losttest="3" iotype="AI" name="Sensor34014_S" textname="test sensor 34014"/>
			<item id="34015" losttest="3" iotype="AI" name="Sensor34015_S" textname="test sensor 34015"/>
			<item id="34016" losttest="3" iotype="AI" name="Sensor34016_S" textname="test sensor 34016"/>
			<item id="34017" losttest="3" iotype="AI" name="Sensor34017_S" textname="test sensor 34017"/>
			<item id="34018" losttest="3" iotype="AI" name="Sensor34018_S" textname="test sensor 34018"/>
			<item id="34019" losttest="3" iotype="AI" name="Sensor34019_S" textname="test sensor 34019"/>
			<item id="34020" losttest="3" iotype="AI" name="Sensor34020_S" textname="test sensor 34020"/>
			<item id="34021" losttest="3" iotype="AI" name="Sensor34021_S" textname="test sensor 34021"/>
			<item id="34022" losttest="3" iotype="AI" name="Sensor34022_S" textname="test sensor 34022"/>
			<item id="34023" losttest="3" iotype="AI" name="Sensor34023_S" textname="test sensor 34023"/>
			<item id="34024" losttest="3" iotype="AI" name="Sensor34024_S" textname="test sensor 34024"/>
			<item id="34025" losttest="3" iotype="AI" name="Sensor34025_S" textname="test sensor 34025"/>
			<item id="34026" losttest="3" iotype="AI" name="Sensor34026_S" textname="test sensor 34026"/>
			<item id="34027" losttest="3" iotype="AI" name="Sensor34027_S" textname="test sensor 34027"/>
			<item id="34028" losttest="3" iotype="AI" name="Sensor34028_S" textname="test sensor 34028"/>
			<item id="34029" losttest="3" iotype="AI" name="Sensor34029_S" textname="test sensor 34029"/>
			<item id="34030" losttest="3" iotype="AI" name="Sensor34030_S" textname="test sensor 34030"/>
			<item id="34031" losttest="3" iotype="AI" name="Sensor34031_S" textname="test sensor 34031"/>
			<item id="34032" losttest="3" iotype="AI" name="Sensor34032_S" textname="test sensor 34032"/>
			<item id="34033" losttest="3" iotype="AI" name="Sensor34033_S" textname="test sensor 34033"/>
			<item id="34034" losttest="3" iotype="AI" name="Sensor34034_S" textname="test sensor 34034"/>
			<item id="34035" losttest="3" iotype="AI" name="Sensor34035_S" textname="test sensor 34035"/>
			<item id="34036" losttest="3" iotype="AI" name="Sensor34036_S" textname="test sensor 34036"/>
			<item id="34037" losttest="3" iotype="AI" name="Sensor34037_S" textname="test sensor 34037"/>
			<item id="34038" losttest="3" iotype="AI" name="Sensor34038_S" textname="test sensor 34038"/>
			<item id="34039" losttest="3" iotype="AI" name="Sensor34039_S" textname="test sensor 34039"/>
			<item id="34040" losttest="3" iotype="AI" name="Sensor34040_S" textname="test sensor 34040"/>
			<item id="34041" losttest="3" iotype="AI" name="Sensor34041_S" textname="test sensor 34041"/>
			<item id="34042" losttest="3" iotype="AI" name="Sensor34042_S" textname="test sensor 34042"/>
			<item id="34043" losttest="3" iotype="AI" name="Sensor34043_S" textname="test sensor 34043"/>
			<item id="34044" losttest="3" iotype="AI" name="Sensor34044_S" textname="test sensor 34044"/>
			<item id="34045" losttest="3" iotype="AI" name="Sensor34045_S" textname="test sensor 34045"/>
			<item id="34046" losttest="3" iotype="AI" name="Sensor34046_S" textname="test sensor 34046"/>
			<item id="34047" losttest="3" iotype="AI" name="Sensor34047_S" textname="test sensor 34047"/>
			<item id="34048" losttest="3" iotype="AI" name="Sensor34048_S" textname="test sensor 34048"/>
			<item id="34049" losttest="3" iotype="AI" name="Sensor34049_S" textname="test sensor 34049"/>
			<item id="34050" losttest="3" iotype="AI" name="Sensor34050_S" textname="test sensor 34050"/>
			<item id="34051" losttest="3" iotype="AI" name="Sensor34051_S" textname="test sensor 34051"/>
			<item id="34052" losttest="3" iotype="AI" name="Sensor34052_S" textname="test sensor 34052"/>
			<item id="34053" losttest="3" iotype="AI" name="Sensor34053_S" textname="test sensor 34053"/>
			<item id="34054" losttest="3" iotype="AI" name="Sensor34054_S" textname="test sensor 34054"/>
			<item id="34055" losttest="3" iotype="AI" name="Sensor34055_S" textname="test sensor 34055"/>
			<item id="34056" losttest="3" iotype="AI" name="Sensor34056_S" textname="test sensor 34056"/>
			<item id="34057" losttest="3" iotype="AI" name="Sensor34057_S" textname="test sensor 34057"/>
			<item id="34058" losttest="3" iotype="AI" name="Sensor34058_S" textname="test sensor 34058"/>
			<item id="34059" losttest="3" iotype="AI" name="Sensor34059_S" textname="test sensor 34059"/>
			<item id="34060" losttest="3" iotype="AI" name="Sensor34060_S" textname="test sensor 34060"/>
			<item id="34061" losttest="3" iotype="AI" name="Sensor34061_S" textname="test sensor 34061"/>
			<item id="34062" losttest="3" iotype="AI" name="Sensor34062_S" textname="test sensor 34062"/>
			<item id="34063" losttest="3" iotype="AI" name="Sensor34063_S" textname="test sensor 34063"/>
			<item id="34064" losttest="3" iotype="AI" name="Sensor34064_S" textname="test sensor 34064"/>
			<item id="34065" losttest="3" iotype="AI" name="Sensor34065_S" textname="test sensor 34065"/>
			<item id="34066" losttest="3" iotype="AI" name="Sensor34066_S" textname="test sensor 34066"/>
			<item id="34067" losttest="3" iotype="AI" name="Sensor34067_S" textname="test sensor 34067"/>
			<item id="34068" losttest="3" iotype="AI" name="Sensor34068_S" textname="test sensor 34068"/>
			<item id="34069" losttest="3" iotype="AI" name="Sensor34069_S" textname="test sensor 34069"/>
			<item id="34070" losttest="3" iotype="AI" name="Sensor34070_S" textname="test sensor 34070"/>
			<item id="34071" losttest="3" iotype="AI" name="Sensor34071_S" textname="test sensor 34071"/>
			<item id="34072" losttest="3" iotype="AI" name="Sensor34072_S" textname="test sensor 34072"/>
			<item id="34073" losttest="3" iotype="AI" name="Sensor34073_S" textname="test sensor 34073"/>
			<item id="34074" losttest="3" iotype="AI" name="Sensor34074_S" textname="test sensor 34074"/>
			<item id="34075" losttest="3" iotype="AI" name="Sensor34075_S" textname="test sensor 34075"/>
			<item id="34076" losttest="3" iotype="AI" name="Sensor34076_S" textname="test sensor 34076"/>
			<item id="34077" losttest="3" iotype="AI" name="Sensor34077_S" textname="test sensor 34077"/>
			<item id="34078" losttest="3" iotype="AI" name="Sensor34078_S" textname="test sensor 34078"/>
			<item id="34079" losttest="3" iotype="AI" name="Sensor34079_S" textname="test sensor 34079"/>
			<item id="34080" losttest="3" iotype="AI" name="Sensor34080_S" textname="test sensor 34080"/>
			<item id="34081" losttest="3" iotype="AI" name="Sensor34081_S" textname="test sensor 34081"/>
			<item id="34082" losttest="3" iotype="AI" name="Sensor34082_S" textname="test sensor 34082"/>
			<item id="34083" losttest="3" iotype="AI" name="Sensor34083_S" textname="test sensor 34083"/>
			<item id="34084" losttest="3" iotype="AI" name="Sensor34084_S" textname="test sensor 34084"/>
			<item id="34085" losttest="3" iotype="AI" name="Sensor34085_S" textname="test sensor 34085"/>
			<item id="34086" losttest="3" iotype="AI" name="Sensor34086_S" textname="test sensor 34086"/>
			<item id="34087" losttest="3" iotype="AI" name="Sensor34087_S" textname="test sensor 34087"/>
			<item id="34088" losttest="3" iotype="AI" name="Sensor34088_S" textname="test sensor 34088"/>
			<item id="34089" losttest="3" iotype="AI" name="Sensor34089_S" textname="test sensor 34089"/>
			<item id="34090" losttest="3" iotype="AI" name="Sensor34090_S" textname="test sensor 34090"/>
			<item id="34091" losttest="3" iotype="AI" name="Sensor34091_S" textname="test sensor 34091"/>
			<item id="34092" losttest="3" iotype="AI" name="Sensor34092_S" textname="test sensor 34092"/>
			<item id="34093" losttest="3" iotype="AI" name="Sensor34093_S" textname="test sensor 34093"/>
			<item id="34094" losttest="3" iotype="AI" name="Sensor34094_S" textname="test sensor 34094"/>
			<item id="34095" losttest="3" iotype="AI" name="Sensor34095_S" textname="test sensor 34095"/>
			<item id="34096" losttest="3" iotype="AI" name="Sensor34096_S" textname="test sensor 34096"/>
			<item id="34097" losttest="3" iotype="AI" name="Sensor34097_S" textname="test sensor 34097"/>
			<item id="34098" losttest="3" iotype="AI" name="Sensor34098_S" textname="test sensor 34098"/>
			<item id="34099" losttest="3" iotype="AI" name="Sensor34099_S" textname="test sensor 34099"/>
			<item id="34100" losttest="3" iotype="AI" name="Sensor34100_S" textname="test sensor 34100"/>
			<item id="34101" losttest="3" iotype="AI" name="Sensor34101_S" textname="test sensor 34101"/>
			<item id="34102" losttest="3" iotype="AI" name="Sensor34102_S" textname="test sensor 34102"/>
			<item id="34103" losttest="3" iotype="AI" name="Sensor34103_S" textname="test sensor 34103"/>
			<item id="34104" losttest="3" iotype="AI" name="Sensor34104_S" textname="test sensor 34104"/>
			<item id="34105" losttest="3" iotype="AI" name="Sensor34105_S" textname="test sensor 34105"/>
			<item id="34106" losttest="3" iotype="AI" name="Sensor34106_S" textname="test sensor 34106"/>
			<item id="34107" losttest="3" iotype="AI" name="Sensor34107_S" textname="test sensor 34107"/>
			<item id="34108" losttest="3" iotype="AI" name="Sensor34108_S" textname="test sensor 34108"/>
			<item id="34109" losttest="3" iotype="AI" name="Sensor34109_S" textname="test sensor 34109"/>
			<item id="34110" losttest="3" iotype="AI" name="Sensor34110_S" textname="test sensor 34110"/>
			<item id="34111" losttest="3" iotype="AI" name="Sensor34111_S" textname="test sensor 34111"/>
			<item id="34112" losttest="3" iotype="AI" name="Sensor34112_S" textname="test sensor 34112"/>
			<item id="34113" losttest="3" iotype="AI" name="Sensor34113_S" textname="test sensor 34113"/>
			<item id="34114" losttest="3" iotype="AI" name="Sensor34114_S" textname="test sensor 34114"/>
			<item id="34115" losttest="3" iotype="AI" name="Sensor34115_S" textname="test sensor 34115"/>
			<item id="34116" losttest="3" iotype="AI" name="Sensor34116_S" textname="test sensor 34116"/>
			<item id="34117" losttest="3" iotype="AI" name="Sensor34117_S" textname="test sensor 34117"/>
			<item id="34118" losttest="3" iotype="AI" name="Sensor34118_S" textname="test sensor 34118"/>
			<item id="34119" losttest="3" iotype="AI" name="Sensor34119_S" textname="test sensor 34119"/>
			<item id="34120" losttest="3" iotype="AI" name="Sensor34120_S" textname="test sensor 34120"/>
			<item id="34121" losttest="3" iotype="AI" name="Sensor34121_S" textname="test sensor 34121"/>
			<item id="34122" losttest="3" iotype="AI" name="Sensor34122_S" textname="test sensor 34122"/>
			<item id="34123" losttest="3" iotype="AI" name="Sensor34123_S" textname="test sensor 34123"/>
			<item id="34124" losttest="3" iotype="AI" name="Sensor34124_S" textname="test sensor 34124"/>
			<item id="34125" losttest="3" iotype="AI" name="Sensor34125_S" textname="test sensor 34125"/>
			<item id="34126" losttest="3" iotype="AI" name="Sensor34126_S" textname="test sensor 34126"/>
			<item id="34127" losttest="3" iotype="AI" name="Sensor34127_S" textname="test sensor 34127"/>
			<item id="34128" losttest="3" iotype="AI" name="Sensor34128_S" textname="test sensor 34128"/>
			<item id="34129" losttest="3" iotype="AI" name="Sensor34129_S" textname="test sensor 34129"/>
			<item id="34130" losttest="3" iotype="AI" name="Sensor34130_S" textname="test sensor 34130"/>
			<item id="34131" losttest="3" iotype="AI" name="Sensor34131_S" textname="test sensor 34131"/>
			<item id="34132" losttest="3" iotype="AI" name="Sensor34132_S" textname="test sensor 34132"/>
			<item id="34133" losttest="3" iotype="AI" name="Sensor34133_S" textname="test sensor 34133"/>
			<item id="34134" losttest="3" iotype="AI" name="Sensor34134_S" textname="test sensor 34134"/>
			<item id="34135" losttest="3" iotype="AI" name="Sensor34135_S" textname="test sensor 34135"/>
			<item id="34136" losttest="3" iotype="AI" name="Sensor34136_S" textname="test sensor 34136"/>
			<item id="34137" losttest="3" iotype="AI" name="Sensor34137_S" textname="test sensor 34137"/>
			<item id="34138" losttest="3" iotype="AI" name="Sensor34138_S" textname="test sensor 34138"/>
			<item id="34139" losttest="3" iotype="AI" name="Sensor34139_S" textname="test sensor 34139"/>
			<item id="34140" losttest="3" iotype="AI" name="Sensor34140_S" textname="test sensor 34140"/>
			<item id="34141" losttest="3" iotype="AI" name="Sensor34141_S" textname="test sensor 34141"/>
			<item id="34142" losttest="3" iotype="AI" name="Sensor34142_S" textname="test sensor 34142"/>
			<item id="34143" losttest="3" iotype="AI" name="Sensor34143_S" textname="test sensor 34143"/>
			<item id="34144" losttest="3" iotype="AI" name="Sensor34144_S" textname="test sensor 34144"/>
			<item id="34145" losttest="3" iotype="AI" name="Sensor34145_S" textname="test sensor 34145"/>
			<item id="34146" losttest="3" iotype="AI" name="Sensor34146_S" textname="test sensor 34146"/>
			<item id="34147" losttest="3" iotype="AI" name="Sensor34147_S" textname="test sensor 34147"/>
			<item id="34148" losttest="3" iotype="AI" name="Sensor34148_S" textname="test sensor 34148"/>
			<item id="34149" losttest="3" iotype="AI" name="Sensor34149_S" textname="test sensor 34149"/>
			<item id="34150" losttest="3" iotype="AI" name="Sensor34150_S" textname="test sensor 34150"/>
			<item id="34151" losttest="3" iotype="AI" name="Sensor34151_S" textname="test sensor 34151"/>
			<item id="34152" losttest="3" iotype="AI" name="Sensor34152_S" textname="test sensor 34152"/>
			<item id="34153" losttest="3" iotype="AI" name="Sensor34153_S" textname="test sensor 34153"/>
			<item id="34154" losttest="3" iotype="AI" name="Sensor34154_S" textname="test sensor 34154"/>
			<item id="34155" losttest="3" iotype="AI" name="Sensor34155_S" textname="test sensor 34155"/>
			<item id="34156" losttest="3" iotype="AI" name="Sensor34156_S" textname="test sensor 34156"/>
			<item id="34157" losttest="3" iotype="AI" name="Sensor34157_S" textname="test sensor 34157"/>
			<item id="34158" losttest="3" iotype="AI" name="Sensor34158_S" textname="test sensor 34158"/>
			<item id="34159" losttest="3" iotype="AI" name="Sensor34159_S" textname="test sensor 34159"/>
			<item id="34160" losttest="3" iotype="AI" name="Sensor34160_S" textname="test sensor 34160"/>
			<item id="34161" losttest="3" iotype="AI" name="Sensor34161_S" textname="test sensor 34161"/>
			<item id="34162" losttest="3" iotype="AI" name="Sensor34162_S" textname="test sensor 34162"/>
			<item id="34163" losttest="3" iotype="AI" name="Sensor34163_S" textname="test sensor 34163"/>
			<item id="34164" losttest="3" iotype="AI" name="Sensor34164_S" textname="test sensor 34164"/>
			<item id="34165" losttest="3" iotype="AI" name="Sensor34165_S" textname="test sensor 34165"/>
			<item id="34166" losttest="3" iotype="AI" name="Sensor34166_S" textname="test sensor 34166"/>
			<item id="34167" losttest="3" iotype="AI" name="Sensor34167_S" textname="test sensor 34167"/>
			<item id="34168" losttest="3" iotype="AI" name="Sensor34168_S" textname="test sensor 34168"/>
			<item id="34169" losttest="3" iotype="AI" name="Sensor34169_S" textname="test sensor 34169"/>
			<item id="34170" losttest="3" iotype="AI" name="Sensor34170_S" textname="test sensor 34170"/>
			<item id="34171" losttest="3" iotype="AI" name="Sensor34171_S" textname="test sensor 34171"/>
			<item id="34172" losttest="3" iotype="AI" name="Sensor34172_S" textname="test sensor 34172"/>
			<item id="34173" losttest="3" iotype="AI" name="Sensor34173_S" textname="test sensor 34173"/>
			<item id="34174" losttest="3" iotype="AI" name="Sensor34174_S" textname="test sensor 34174"/>
			<item id="34175" losttest="3" iotype="AI" name="Sensor34175_S" textname="test sensor 34175"/>
			<item id="34176" losttest="3" iotype="AI" name="Sensor34176_S" textname="test sensor 34176"/>
			<item id="34177" losttest="3" iotype="AI" name="Sensor34177_S" textname="test sensor 34177"/>
			<item id="34178" losttest="3" iotype="AI" name="Sensor34178_S" textname="test sensor 34178"/>
			<item id="34179" losttest="3" iotype="AI" name="Sensor34179_S" textname="test sensor 34179"/>
			<item id="34180" losttest="3" iotype="AI" name="Sensor34180_S" textname="test sensor 34180"/>
			<item id="34181" losttest="3" iotype="AI" name="Sensor34181_S" textname="test sensor 34181"/>
			<item id="34182" losttest="3" iotype="AI" name="Sensor34182_S" textname="test sensor 34182"/>
			<item id="34183" losttest="3" iotype="AI" name="Sensor34183_S" textname="test sensor 34183"/>
			<item id="34184" losttest="3" iotype="AI" name="Sensor34184_S" textname="test sensor 34184"/>
			<item id="34185" losttest="3" iotype="AI" name="Sensor34185_S" textname="test sensor 34185"/>
			<item id="34186" losttest="3" iotype="AI" name="Sensor34186_S" textname="test sensor 34186"/>
			<item id="34187" losttest="3" iotype="AI" name="Sensor34187_S" textname="test sensor 34187"/>
			<item id="34188" losttest="3" iotype="AI" name="Sensor34188_S" textname="test sensor 34188"/>
			<item id="34189" losttest="3" iotype="AI" name="Sensor34189_S" textname="test sensor 34189"/>
			<item id="34190" losttest="3" iotype="AI" name="Sensor34190_S" textname="test sensor 34190"/>
			<item id="34191" losttest="3" iotype="AI" name="Sensor34191_S" textname="test sensor 34191"/>
			<item id="34192" losttest="3" iotype="AI" name="Sensor34192_S" textname="test sensor 34192"/>
			<item id="34193" losttest="3" iotype="AI" name="Sensor34193_S" textname="test sensor 34193"/>
			<item id="34194" losttest="3" iotype="AI" name="Sensor34194_S" textname="test sensor 34194"/>
			<item id="34195" losttest="3" iotype="AI" name="Sensor34195_S" textname="test sensor 34195"/>
			<item id="34196" losttest="3" iotype="AI" name="Sensor34196_S" textname="test sensor 34196"/>
			<item id="34197" losttest="3" iotype="AI" name="Sensor34197_S" textname="test sensor 34197"/>
			<item id="34198" losttest="3" iotype="AI" name="Sensor34198_S" textname="test sensor 34198"/>
			<item id="34199" losttest="3" iotype="AI" name="Sensor34199_S" textname="test sensor 34199"/>
			<item id="34200" losttest="3" iotype="AI" name="Sensor34200_S" textname="test sensor 34200"/>
			<item id="34201" losttest="3" iotype="AI" name="Sensor34201_S" textname="test sensor 34201"/>
			<item id="34202" losttest="3" iotype="AI" name="Sensor34202_S" textname="test sensor 34202"/>
			<item id="34203" losttest="3" iotype="AI" name="Sensor34203_S" textname="test sensor 34203"/>
			<item id="34204" losttest="3" iotype="AI" name="Sensor34204_S" textname="test sensor 34204"/>
			<item id="34205" losttest="3" iotype="AI" name="Sensor34205_S" textname="test sensor 34205"/>
			<item id="34206" losttest="3" iotype="AI" name="Sensor34206_S" textname="test sensor 34206"/>
			<item id="34207" losttest="3" iotype="AI" name="Sensor34207_S" textname="test sensor 34207"/>
			<item id="34208" losttest="3" iotype="AI" name="Sensor34208_S" textname="test sensor 34208"/>
			<item id="34209" losttest="3" iotype="AI" name="Sensor34209_S" textname="test sensor 34209"/>
			<item id="34210" losttest="3" iotype="AI" name="Sensor34210_S" textname="test sensor 34210"/>
			<item id="34211" losttest="3" iotype="AI" name="Sensor34211_S" textname="test sensor 34211"/>
			<item id="34212" losttest="3" iotype="AI" name="Sensor34212_S" textname="test sensor 34212"/>
			<item id="34213" losttest="3" iotype="AI" name="Sensor34213_S" textname="test sensor 34213"/>
			<item id="34214" losttest="3" iotype="AI" name="Sensor34214_S" textname="test sensor 34214"/>
			<item id="34215" losttest="3" iotype="AI" name="Sensor34215_S" textname="test sensor 34215"/>
			<item id="34216" losttest="3" iotype="AI" name="Sensor34216_S" textname="test sensor 34216"/>
			<item id="34217" losttest="3" iotype="AI" name="Sensor34217_S" textname="test sensor 34217"/>
			<item id="34218" losttest="3" iotype="AI" name="Sensor34218_S" textname="test sensor 34218"/>
			<item id="34219" losttest="3" iotype="AI" name="Sensor34219_S" textname="test sensor 34219"/>
			<item id="34220" losttest="3" iotype="AI" name="Sensor34220_S" textname="test sensor 34220"/>
			<item id="34221" losttest="3" iotype="AI" name="Sensor34221_S" textname="test sensor 34221"/>
			<item id="34222" losttest="3" iotype="AI" name="Sensor34222_S" textname="test sensor 34222"/>
			<item id="34223" losttest="3" iotype="AI" name="Sensor34223_S" textname="test sensor 34223"/>
			<item id="34224" losttest="3" iotype="AI" name="Sensor34224_S" textname="test sensor 34224"/>
			<item id="34225" losttest="3" iotype="AI" name="Sensor34225_S" textname="test sensor 34225"/>
			<item id="34226" losttest="3" iotype="AI" name="Sensor34226_S" textname="test sensor 34226"/>
			<item id="34227" losttest="3" iotype="AI" name="Sensor34227_S" textname="test sensor 34227"/>
			<item id="34228" losttest="3" iotype="AI" name="Sensor34228_S" textname="test sensor 34228"/>
			<item id="34229" losttest="3" iotype="AI" name="Sensor34229_S" textname="test sensor 34229"/>
			<item id="34230" losttest="3" iotype="AI" name="Sensor34230_S" textname="test sensor 34230"/>
			<item id="34231" losttest="3" iotype="AI" name="Sensor34231_S" textname="test sensor 34231"/>
			<item id="34232" losttest="3" iotype="AI" name="Sensor34232_S" textname="test sensor 34232"/>
			<item id="34233" losttest="3" iotype="AI" name="Sensor34233_S" textname="test sensor 34233"/>
			<item id="34234" losttest="3" iotype="AI" name="Sensor34234_S" textname="test sensor 34234"/>
			<item id="34235" losttest="3" iotype="AI" name="Sensor34235_S" textname="test sensor 34235"/>
			<item id="34236" losttest="3" iotype="AI" name="Sensor34236_S" textname="test sensor 34236"/>
			<item id="34237" losttest="3" iotype="AI" name="Sensor34237_S" textname="test sensor 34237"/>
			<item id="34238" losttest="3" iotype="AI" name="Sensor34238_S" textname="test sensor 34238"/>
			<item id="34239" losttest="3" iotype="AI" name="Sensor34239_S" textname="test sensor 34239"/>
			<item id="34240" losttest="3" iotype="AI" name="Sensor34240_S" textname="test sensor 34240"/>
			<item id="34241" losttest="3" iotype="AI" name="Sensor34241_S" textname="test sensor 34241"/>
			<item id="34242" losttest="3" iotype="AI" name="Sensor34242_S" textname="test sensor 34242"/>
			<item id="34243" losttest="3" iotype="AI" name="Sensor34243_S" textname="test sensor 34243"/>
			<item id="34244" losttest="3" iotype="AI" name="Sensor34244_S" textname="test sensor 34244"/>
			<item id="34245" losttest="3" iotype="AI" name="Sensor34245_S" textname="test sensor 34245"/>
			<item id="34246" losttest="3" iotype="AI" name="Sensor34246_S" textname="test sensor 34246"/>
			<item id="34247" losttest="3" iotype="AI" name="Sensor34247_S" textname="test sensor 34247"/>
			<item id="34248" losttest="3" iotype="AI" name="Sensor34248_S" textname="test sensor 34248"/>
			<item id="34249" losttest="3" iotype="AI" name="Sensor34249_S" textname="test sensor 34249"/>
			<item id="34250" losttest="3" iotype="AI" name="Sensor34250_S" textname="test sensor 34250"/>
			<item id="34251" losttest="3" iotype="AI" name="Sensor34251_S" textname="test sensor 34251"/>
			<item id="34252" losttest="3" iotype="AI" name="Sensor34252_S" textname="test sensor 34252"/>
			<item id="34253" losttest="3" iotype="AI" name="Sensor34253_S" textname="test sensor 34253"/>
			<item id="34254" losttest="3" iotype="AI" name="Sensor34254_S" textname="test sensor 34254"/>
			<item id="34255" losttest="3" iotype="AI" name="Sensor34255_S" textname="test sensor 34255"/>
			<item id="34256" losttest="3" iotype="AI" name="Sensor34256_S" textname="test sensor 34256"/>
			<item id="34257" losttest="3" iotype="AI" name="Sensor34257_S" textname="test sensor 34257"/>
			<item id="34258" losttest="3" iotype="AI" name="Sensor34258_S" textname="test sensor 34258"/>
			<item id="34259" losttest="3" iotype="AI" name="Sensor34259_S" textname="test sensor 34259"/>
			<item id="34260" losttest="3" iotype="AI" name="Sensor34260_S" textname="test sensor 34260"/>
			<item id="34261" losttest="3" iotype="AI" name="Sensor34261_S" textname="test sensor 34261"/>
			<item id="34262" losttest="3" iotype="AI" name="Sensor34262_S" textname="test sensor 34262"/>
			<item id="34263" losttest="3" iotype="AI" name="Sensor34263_S" textname="test sensor 34263"/>
			<item id="34264" losttest="3" iotype="AI" name="Sensor34264_S" textname="test sensor 34264"/>
			<item id="34265" losttest="3" iotype="AI" name="Sensor34265_S" textname="test sensor 34265"/>
			<item id="34266" losttest="3" iotype="AI" name="Sensor34266_S" textname="test sensor 34266"/>
			<item id="34267" losttest="3" iotype="AI" name="Sensor34267_S" textname="test sensor 34267"/>
			<item id="34268" losttest="3" iotype="AI" name="Sensor34268_S" textname="test sensor 34268"/>
			<item id="34269" losttest="3" iotype="AI" name="Sensor34269_S" textname="test sensor 34269"/>
			<item id="34270" losttest="3" iotype="AI" name="Sensor34270_S" textname="test sensor 34270"/>
			<item id="34271" losttest="3" iotype="AI" name="Sensor34271_S" textname="test sensor 34271"/>
			<item id="34272" losttest="3" iotype="AI" name="Sensor34272_S" textname="test sensor 34272"/>
			<item id="34273" losttest="3" iotype="AI" name="Sensor34273_S" textname="test sensor 34273"/>
			<item id="34274" losttest="3" iotype="AI" name="Sensor34274_S" textname="test sensor 34274"/>
			<item id="34275" losttest="3" iotype="AI" name="Sensor34275_S" textname="test sensor 34275"/>
			<item id="34276" losttest="3" iotype="AI" name="Sensor34276_S" textname="test sensor 34276"/>
			<item id="34277" losttest="3" iotype="AI" name="Sensor34277_S" textname="test sensor 34277"/>
			<item id="34278" losttest="3" iotype="AI" name="Sensor34278_S" textname="test sensor 34278"/>
			<item id="34279" losttest="3" iotype="AI" name="Sensor34279_S" textname="test sensor 34279"/>
			<item id="34280" losttest="3" iotype="AI" name="Sensor34280_S" textname="test sensor 34280"/>
			<item id="34281" losttest="3" iotype="AI" name="Sensor34281_S" textname="test sensor 34281"/>
			<item id="34282" losttest="3" iotype="AI" name="Sensor34282_S" textname="test sensor 34282"/>
			<item id="34283" losttest="3" iotype="AI" name="Sensor34283_S" textname="test sensor 34283"/>
			<item id="34284" losttest="3" iotype="AI" name="Sensor34284_S" textname="test sensor 34284"/>
			<item id="34285" losttest="3" iotype="AI" name="Sensor34285_S" textname="test sensor 34285"/>
			<item id="34286" losttest="3" iotype="AI" name="Sensor34286_S" textname="test sensor 34286"/>
			<item id="34287" losttest="3" iotype="AI" name="Sensor34287_S" textname="test sensor 34287"/>
			<item id="34288" losttest="3" iotype="AI" name="Sensor34288_S" textname="test sensor 34288"/>
			<item id="34289" losttest="3" iotype="AI" name="Sensor34289_S" textname="test sensor 34289"/>
			<item id="34290" losttest="3" iotype="AI" name="Sensor34290_S" textname="test sensor 34290"/>
			<item id="34291" losttest="3" iotype="AI" name="Sensor34291_S" textname="test sensor 34291"/>
			<item id="34292" losttest="3" iotype="AI" name="Sensor34292_S" textname="test sensor 34292"/>
			<item id="34293" losttest="3" iotype="AI" name="Sensor34293_S" textname="test sensor 34293"/>
			<item id="34294" losttest="3" iotype="AI" name="Sensor34294_S" textname="test sensor 34294"/>
			<item id="34295" losttest="3" iotype="AI" name="Sensor34295_S" textname="test sensor 34295"/>
			<item id="34296" losttest="3" iotype="AI" name="Sensor34296_S" textname="test sensor 34296"/>
			<item id="34297" losttest="3" iotype="AI" name="Sensor34297_S" textname="test sensor 34297"/>
			<item id="34298" losttest="3" iotype="AI" name="Sensor34298_S" textname="test sensor 34298"/>
			<item id="34299" losttest="3" iotype="AI" name="Sensor34299_S" textname="test sensor 34299"/>
			<item id="34300" losttest="3" iotype="AI" name="Sensor34300_S" textname="test sensor 34300"/>
			<item id="34301" losttest="3" iotype="AI" name="Sensor34301_S" textname="test sensor 34301"/>
			<item id="34302" losttest="3" iotype="AI" name="Sensor34302_S" textname="test sensor 34302"/>
			<item id="34303" losttest="3" iotype="AI" name="Sensor34303_S" textname="test sensor 34303"/>
			<item id="34304" losttest="3" iotype="AI" name="Sensor34304_S" textname="test sensor 34304"/>
			<item id="34305" losttest="3" iotype="AI" name="Sensor34305_S" textname="test sensor 34305"/>
			<item id="34306" losttest="3" iotype="AI" name="Sensor34306_S" textname="test sensor 34306"/>
			<item id="34307" losttest="3" iotype="AI" name="Sensor34307_S" textname="test sensor 34307"/>
			<item id="34308" losttest="3" iotype="AI" name="Sensor34308_S" textname="test sensor 34308"/>
			<item id="34309" losttest="3" iotype="AI" name="Sensor34309_S" textname="test sensor 34309"/>
			<item id="34310" losttest="3" iotype="AI" name="Sensor34310_S" textname="test sensor 34310"/>
			<item id="34311" losttest="3" iotype="AI" name="Sensor34311_S" textname="test sensor 34311"/>
			<item id="34312" losttest="3" iotype="AI" name="Sensor34312_S" textname="test sensor 34312"/>
			<item id="34313" losttest="3" iotype="AI" name="Sensor34313_S" textname="test sensor 34313"/>
			<item id="34314" losttest="3" iotype="AI" name="Sensor34314_S" textname="test sensor 34314"/>
			<item id="34315" losttest="3" iotype="AI" name="Sensor34315_S" textname="test sensor 34315"/>
			<item id="34316" losttest="3" iotype="AI" name="Sensor34316_S" textname="test sensor 34316"/>
			<item id="34317" losttest="3" iotype="AI" name="Sensor34317_S" textname="test sensor 34317"/>
			<item id="34318" losttest="3" iotype="AI" name="Sensor34318_S" textname="test sensor 34318"/>
			<item id="34319" losttest="3" iotype="AI" name="Sensor34319_S" textname="test sensor 34319"/>
			<item id="34320" losttest="3" iotype="AI" name="Sensor34320_S" textname="test sensor 34320"/>
			<item id="34321" losttest="3" iotype="AI" name="Sensor34321_S" textname="test sensor 34321"/>
			<item id="34322" losttest="3" iotype="AI" name="Sensor34322_S" textname="test sensor 34322"/>
			<item id="34323" losttest="3" iotype="AI" name="Sensor34323_S" textname="test sensor 34323"/>
			<item id="34324" losttest="3" iotype="AI" name="Sensor34324_S" textname="test sensor 34324"/>
			<item id="34325" losttest="3" iotype="AI" name="Sensor34325_S" textname="test sensor 34325"/>
			<item id="34326" losttest="3" iotype="AI" name="Sensor34326_S" textname="test sensor 34326"/>
			<item id="34327" losttest="3" iotype="AI" name="Sensor34327_S" textname="test sensor 34327"/>
			<item id="34328" losttest="3" iotype="AI" name="Sensor34328_S" textname="test sensor 34328"/>
			<item id="34329" losttest="3" iotype="AI" name="Sensor34329_S" textname="test sensor 34329"/>
			<item id="34330" losttest="3" iotype="AI" name="Sensor34330_S" textname="test sensor 34330"/>
			<item id="34331" losttest="3" iotype="AI" name="Sensor34331_S" textname="test sensor 34331"/>
			<item id="34332" losttest="3" iotype="AI" name="Sensor34332_S" textname="test sensor 34332"/>
			<item id="34333" losttest="3" iotype="AI" name="Sensor34333_S" textname="test sensor 34333"/>
			<item id="34334" losttest="3" iotype="AI" name="Sensor34334_S" textname="test sensor 34334"/>
			<item id="34335" losttest="3" iotype="AI" name="Sensor34335_S" textname="test sensor 34335"/>
			<item id="34336" losttest="3" iotype="AI" name="Sensor34336_S" textname="test sensor 34336"/>
			<item id="34337" losttest="3" iotype="AI" name="Sensor34337_S" textname="test sensor 34337"/>
			<item id="34338" losttest="3" iotype="AI" name="Sensor34338_S" textname="test sensor 34338"/>
			<item id="34339" losttest="3" iotype="AI" name="Sensor34339_S" textname="test sensor 34339"/>
			<item id="34340" losttest="3" iotype="AI" name="Sensor34340_S" textname="test sensor 34340"/>
			<item id="34341" losttest="3" iotype="AI" name="Sensor34341_S" textname="test sensor 34341"/>
			<item id="34342" losttest="3" iotype="AI" name="Sensor34342_S" textname="test sensor 34342"/>
			<item id="34343" losttest="3" iotype="AI" name="Sensor34343_S" textname="test sensor 34343"/>
			<item id="34344" losttest="3" iotype="AI" name="Sensor34344_S" textname="test sensor 34344"/>
			<item id="34345" losttest="3" iotype="AI" name="Sensor34345_S" textname="test sensor 34345"/>
			<item id="34346" losttest="3" iotype="AI" name="Sensor34346_S" textname="test sensor 34346"/>
			<item id="34347" losttest="3" iotype="AI" name="Sensor34347_S" textname="test sensor 34347"/>
			<item id="34348" losttest="3" iotype="AI" name="Sensor34348_S" textname="test sensor 34348"/>
			<item id="34349" losttest="3" iotype="AI" name="Sensor34349_S" textname="test sensor 34349"/>
			<item id="34350" losttest="3" iotype="AI" name="Sensor34350_S" textname="test sensor 34350"/>
			<item id="34351" losttest="3" iotype="AI" name="Sensor34351_S" textname="test sensor 34351"/>
			<item id="34352" losttest="3" iotype="AI" name="Sensor34352_S" textname="test sensor 34352"/>
			<item id="34353" losttest="3" iotype="AI" name="Sensor34353_S" textname="test sensor 34353"/>
			<item id="34354" losttest="3" iotype="AI" name="Sensor34354_S" textname="test sensor 34354"/>
			<item id="34355" losttest="3" iotype="AI" name="Sensor34355_S" textname="test sensor 34355"/>
			<item id="34356" losttest="3" iotype="AI" name="Sensor34356_S" textname="test sensor 34356"/>
			<item id="34357" losttest="3" iotype="AI" name="Sensor34357_S" textname="test sensor 34357"/>
			<item id="34358" losttest="3" iotype="AI" name="Sensor34358_S" textname="test sensor 34358"/>
			<item id="34359" losttest="3" iotype="AI" name="Sensor34359_S" textname="test sensor 34359"/>
			<item id="34360" losttest="3" iotype="AI" name="Sensor34360_S" textname="test sensor 34360"/>
			<item id="34361" losttest="3" iotype="AI" name="Sensor34361_S" textname="test sensor 34361"/>
			<item id="34362" losttest="3" iotype="AI" name="Sensor34362_S" textname="test sensor 34362"/>
			<item id="34363" losttest="3" iotype="AI" name="Sensor34363_S" textname="test sensor 34363"/>
			<item id="34364" losttest="3" iotype="AI" name="Sensor34364_S" textname="test sensor 34364"/>
			<item id="34365" losttest="3" iotype="AI" name="Sensor34365_S" textname="test sensor 34365"/>
			<item id="34366" losttest="3" iotype="AI" name="Sensor34366_S" textname="test sensor 34366"/>
			<item id="34367" losttest="3" iotype="AI" name="Sensor34367_S" textname="test sensor 34367"/>
			<item id="34368" losttest="3" iotype="AI" name="Sensor34368_S" textname="test sensor 34368"/>
			<item id="34369" losttest="3" iotype="AI" name="Sensor34369_S" textname="test sensor 34369"/>
			<item id="34370" losttest="3" iotype="AI" name="Sensor34370_S" textname="test sensor 34370"/>
			<item id="34371" losttest="3" iotype="AI" name="Sensor34371_S" textname="test sensor 34371"/>
			<item id="34372" losttest="3" iotype="AI" name="Sensor34372_S" textname="test sensor 34372"/>
			<item id="34373" losttest="3" iotype="AI" name="Sensor34373_S" textname="test sensor 34373"/>
			<item id="34374" losttest="3" iotype="AI" name="Sensor34374_S" textname="test sensor 34374"/>
			<item id="34375" losttest="3" iotype="AI" name="Sensor34375_S" textname="test sensor 34375"/>
			<item id="34376" losttest="3" iotype="AI" name="Sensor34376_S" textname="test sensor 34376"/>
			<item id="34377" losttest="3" iotype="AI" name="Sensor34377_S" textname="test sensor 34377"/>
			<item id="34378" losttest="3" iotype="AI" name="Sensor34378_S" textname="test sensor 34378"/>
			<item id="34379" losttest="3" iotype="AI" name="Sensor34379_S" textname="test sensor 34379"/>
			<item id="34380" losttest="3" iotype="AI" name="Sensor34380_S" textname="test sensor 34380"/>
			<item id="34381" losttest="3" iotype="AI" name="Sensor34381_S" textname="test sensor 34381"/>
			<item id="34382" losttest="3" iotype="AI" name="Sensor34382_S" textname="test sensor 34382"/>
			<item id="34383" losttest="3" iotype="AI" name="Sensor34383_S" textname="test sensor 34383"/>
			<item id="34384" losttest="3" iotype="AI" name="Sensor34384_S" textname="test sensor 34384"/>
			<item id="34385" losttest="3" iotype="AI" name="Sensor34385_S" textname="test sensor 34385"/>
			<item id="34386" losttest="3" iotype="AI" name="Sensor34386_S" textname="test sensor 34386"/>
			<item id="34387" losttest="3" iotype="AI" name="Sensor34387_S" textname="test sensor 34387"/>
			<item id="34388" losttest="3" iotype="AI" name="Sensor34388_S" textname="test sensor 34388"/>
			<item id="34389" losttest="3" iotype="AI" name="Sensor34389_S" textname="test sensor 34389"/>
			<item id="34390" losttest="3" iotype="AI" name="Sensor34390_S" textname="test sensor 34390"/>
			<item id="34391" losttest="3" iotype="AI" name="Sensor34391_S" textname="test sensor 34391"/>
			<item id="34392" losttest="3" iotype="AI" name="Sensor34392_S" textname="test sensor 34392"/>
			<item id="34393" losttest="3" iotype="AI" name="Sensor34393_S" textname="test sensor 34393"/>
			<item id="34394" losttest="3" iotype="AI" name="Sensor34394_S" textname="test sensor 34394"/>
			<item id="34395" losttest="3" iotype="AI" name="Sensor34395_S" textname="test sensor 34395"/>
			<item id="34396" losttest="3" iotype="AI" name="Sensor34396_S" textname="test sensor 34396"/>
			<item id="34397" losttest="3" iotype="AI" name="Sensor34397_S" textname="test sensor 34397"/>
			<item id="34398" losttest="3" iotype="AI" name="Sensor34398_S" textname="test sensor 34398"/>
			<item id="34399" losttest="3" iotype="AI" name="Sensor34399_S" textname="test sensor 34399"/>
			<item id="34400" losttest="3" iotype="AI" name="Sensor34400_S" textname="test sensor 34400"/>
			<item id="34401" losttest="3" iotype="AI" name="Sensor34401_S" textname="test sensor 34401"/>
			<item id="34402" losttest="3" iotype="AI" name="Sensor34402_S" textname="test sensor 34402"/>
			<item id="34403" losttest="3" iotype="AI" name="Sensor34403_S" textname="test sensor 34403"/>
			<item id="34404" losttest="3" iotype="AI" name="Sensor34404_S" textname="test sensor 34404"/>
			<item id="34405" losttest="3" iotype="AI" name="Sensor34405_S" textname="test sensor 34405"/>
			<item id="34406" losttest="3" iotype="AI" name="Sensor34406_S" textname="test sensor 34406"/>
			<item id="34407" losttest="3" iotype="AI" name="Sensor34407_S" textname="test sensor 34407"/>
			<item id="34408" losttest="3" iotype="AI" name="Sensor34408_S" textname="test sensor 34408"/>
			<item id="34409" losttest="3" iotype="AI" name="Sensor34409_S" textname="test sensor 34409"/>
			<item id="34410" losttest="3" iotype="AI" name="Sensor34410_S" textname="test sensor 34410"/>
			<item id="34411" losttest="3" iotype="AI" name="Sensor34411_S" textname="test sensor 34411"/>
			<item id="34412" losttest="3" iotype="AI" name="Sensor34412_S" textname="test sensor 34412"/>
			<item id="34413" losttest="3" iotype="AI" name="Sensor34413_S" textname="test sensor 34413"/>
			<item id="34414" losttest="3" iotype="AI" name="Sensor34414_S" textname="test sensor 34414"/>
			<item id="34415" losttest="3" iotype="AI" name="Sensor34415_S" textname="test sensor 34415"/>
			<item id="34416" losttest="3" iotype="AI" name="Sensor34416_S" textname="test sensor 34416"/>
			<item id="34417" losttest="3" iotype="AI" name="Sensor34417_S" textname="test sensor 34417"/>
			<item id="34418" losttest="3" iotype="AI" name="Sensor34418_S" textname="test sensor 34418"/>
			<item id="34419" losttest="3" iotype="AI" name="Sensor34419_S" textname="test sensor 34419"/>
			<item id="34420" losttest="3" iotype="AI" name="Sensor34420_S" textname="test sensor 34420"/>
			<item id="34421" losttest="3" iotype="AI" name="Sensor34421_S" textname="test sensor 34421"/>
			<item id="34422" losttest="3" iotype="AI" name="Sensor34422_S" textname="test sensor 34422"/>
			<item id="34423" losttest="3" iotype="AI" name="Sensor34423_S" textname="test sensor 34423"/>
			<item id="34424" losttest="3" iotype="AI" name="Sensor34424_S" textname="test sensor 34424"/>
			<item id="34425" losttest="3" iotype="AI" name="Sensor34425_S" textname="test sensor 34425"/>
			<item id="34426" losttest="3" iotype="AI" name="Sensor34426_S" textname="test sensor 34426"/>
			<item id="34427" losttest="3" iotype="AI" name="Sensor34427_S" textname="test sensor 34427"/>
			<item id="34428" losttest="3" iotype="AI" name="Sensor34428_S" textname="test sensor 34428"/>
			<item id="34429" losttest="3" iotype="AI" name="Sensor34429_S" textname="test sensor 34429"/>
			<item id="34430" losttest="3" iotype="AI" name="Sensor34430_S" textname="test sensor 34430"/>
			<item id="34431" losttest="3" iotype="AI" name="Sensor34431_S" textname="test sensor 34431"/>
			<item id="34432" losttest="3" iotype="AI" name="Sensor34432_S" textname="test sensor 34432"/>
			<item id="34433" losttest="3" iotype="AI" name="Sensor34433_S" textname="test sensor 34433"/>
			<item id="34434" losttest="3" iotype="AI" name="Sensor34434_S" textname="test sensor 34434"/>
			<item id="34435" losttest="3" iotype="AI" name="Sensor34435_S" textname="test sensor 34435"/>
			<item id="34436" losttest="3" iotype="AI" name="Sensor34436_S" textname="test sensor 34436"/>
			<item id="34437" losttest="3" iotype="AI" name="Sensor34437_S" textname="test sensor 34437"/>
			<item id="34438" losttest="3" iotype="AI" name="Sensor34438_S" textname="test sensor 34438"/>
			<item id="34439" losttest="3" iotype="AI" name="Sensor34439_S" textname="test sensor 34439"/>
			<item id="34440" losttest="3" iotype="AI" name="Sensor34440_S" textname="test sensor 34440"/>
			<item id="34441" losttest="3" iotype="AI" name="Sensor34441_S" textname="test sensor 34441"/>
			<item id="34442" losttest="3" iotype="AI" name="Sensor34442_S" textname="test sensor 34442"/>
			<item id="34443" losttest="3" iotype="AI" name="Sensor34443_S" textname="test sensor 34443"/>
			<item id="34444" losttest="3" iotype="AI" name="Sensor34444_S" textname="test sensor 34444"/>
			<item id="34445" losttest="3" iotype="AI" name="Sensor34445_S" textname="test sensor 34445"/>
			<item id="34446" losttest="3" iotype="AI" name="Sensor34446_S" textname="test sensor 34446"/>
			<item id="34447" losttest="3" iotype="AI" name="Sensor34447_S" textname="test sensor 34447"/>
			<item id="34448" losttest="3" iotype="AI" name="Sensor34448_S" textname="test sensor 34448"/>
			<item id="34449" losttest="3" iotype="AI" name="Sensor34449_S" textname="test sensor 34449"/>
			<item id="34450" losttest="3" iotype="AI" name="Sensor34450_S" textname="test sensor 34450"/>
			<item id="34451" losttest="3" iotype="AI" name="Sensor34451_S" textname="test sensor 34451"/>
			<item id="34452" losttest="3" iotype="AI" name="Sensor34452_S" textname="test sensor 34452"/>
			<item id="34453" losttest="3" iotype="AI" name="Sensor34453_S" textname="test sensor 34453"/>
			<item id="34454" losttest="3" iotype="AI" name="Sensor34454_S" textname="test sensor 34454"/>
			<item id="34455" losttest="3" iotype="AI" name="Sensor34455_S" textname="test sensor 34455"/>
			<item id="34456" losttest="3" iotype="AI" name="Sensor34456_S" textname="test sensor 34456"/>
			<item id="34457" losttest="3" iotype="AI" name="Sensor34457_S" textname="test sensor 34457"/>
			<item id="34458" losttest="3" iotype="AI" name="Sensor34458_S" textname="test sensor 34458"/>
			<item id="34459" losttest="3" iotype="AI" name="Sensor34459_S" textname="test sensor 34459"/>
			<item id="34460" losttest="3" iotype="AI" name="Sensor34460_S" textname="test sensor 34460"/>
			<item id="34461" losttest="3" iotype="AI" name="Sensor34461_S" textname="test sensor 34461"/>
			<item id="34462" losttest="3" iotype="AI" name="Sensor34462_S" textname="test sensor 34462"/>
			<item id="34463" losttest="3" iotype="AI" name="Sensor34463_S" textname="test sensor 34463"/>
			<item id="34464" losttest="3" iotype="AI" name="Sensor34464_S" textname="test sensor 34464"/>
			<item id="34465" losttest="3" iotype="AI" name="Sensor34465_S" textname="test sensor 34465"/>
			<item id="34466" losttest="3" iotype="AI" name="Sensor34466_S" textname="test sensor 34466"/>
			<item id="34467" losttest="3" iotype="AI" name="Sensor34467_S" textname="test sensor 34467"/>
			<item id="34468" losttest="3" iotype="AI" name="Sensor34468_S" textname="test sensor 34468"/>
			<item id="34469" losttest="3" iotype="AI" name="Sensor34469_S" textname="test sensor 34469"/>
			<item id="34470" losttest="3" iotype="AI" name="Sensor34470_S" textname="test sensor 34470"/>
			<item id="34471" losttest="3" iotype="AI" name="Sensor34471_S" textname="test sensor 34471"/>
			<item id="34472" losttest="3" iotype="AI" name="Sensor34472_S" textname="test sensor 34472"/>
			<item id="34473" losttest="3" iotype="AI" name="Sensor34473_S" textname="test sensor 34473"/>
			<item id="34474" losttest="3" iotype="AI" name="Sensor34474_S" textname="test sensor 34474"/>
			<item id="34475" losttest="3" iotype="AI" name="Sensor34475_S" textname="test sensor 34475"/>
			<item id="34476" losttest="3" iotype="AI" name="Sensor34476_S" textname="test sensor 34476"/>
			<item id="34477" losttest="3" iotype="AI" name="Sensor34477_S" textname="test sensor 34477"/>
			<item id="34478" losttest="3" iotype="AI" name="Sensor34478_S" textname="test sensor 34478"/>
			<item id="34479" losttest="3" iotype="AI" name="Sensor34479_S" textname="test sensor 34479"/>
			<item id="34480" losttest="3" iotype="AI" name="Sensor34480_S" textname="test sensor 34480"/>
			<item id="34481" losttest="3" iotype="AI" name="Sensor34481_S" textname="test sensor 34481"/>
			<item id="34482" losttest="3" iotype="AI" name="Sensor34482_S" textname="test sensor 34482"/>
			<item id="34483" losttest="3" iotype="AI" name="Sensor34483_S" textname="test sensor 34483"/>
			<item id="34484" losttest="3" iotype="AI" name="Sensor34484_S" textname="test sensor 34484"/>
			<item id="34485" losttest="3" iotype="AI" name="Sensor34485_S" textname="test sensor 34485"/>
			<item id="34486" losttest="3" iotype="AI" name="Sensor34486_S" textname="test sensor 34486"/>
			<item id="34487" losttest="3" iotype="AI" name="Sensor34487_S" textname="test sensor 34487"/>
			<item id="34488" losttest="3" iotype="AI" name="Sensor34488_S" textname="test sensor 34488"/>
			<item id="34489" losttest="3" iotype="AI" name="Sensor34489_S" textname="test sensor 34489"/>
			<item id="34490" losttest="3" iotype="AI" name="Sensor34490_S" textname="test sensor 34490"/>
			<item id="34491" losttest="3" iotype="AI" name="Sensor34491_S" textname="test sensor 34491"/>
			<item id="34492" losttest="3" iotype="AI" name="Sensor34492_S" textname="test sensor 34492"/>
			<item id="34493" losttest="3" iotype="AI" name="Sensor34493_S" textname="test sensor 34493"/>
			<item id="34494" losttest="3" iotype="AI" name="Sensor34494_S" textname="test sensor 34494"/>
			<item id="34495" losttest="3" iotype="AI" name="Sensor34495_S" textname="test sensor 34495"/>
			<item id="34496" losttest="3" iotype="AI" name="Sensor34496_S" textname="test sensor 34496"/>
			<item id="34497" losttest="3" iotype="AI" name="Sensor34497_S" textname="test sensor 34497"/>
			<item id="34498" losttest="3" iotype="AI" name="Sensor34498_S" textname="test sensor 34498"/>
			<item id="34499" losttest="3" iotype="AI" name="Sensor34499_S" textname="test sensor 34499"/>
			<item id="34500" losttest="3" iotype="AI" name="Sensor34500_S" textname="test sensor 34500"/>
			<item id="34501" losttest="3" iotype="AI" name="Sensor34501_S" textname="test sensor 34501"/>
			<item id="34502" losttest="3" iotype="AI" name="Sensor34502_S" textname="test sensor 34502"/>
			<item id="34503" losttest="3" iotype="AI" name="Sensor34503_S" textname="test sensor 34503"/>
			<item id="34504" losttest="3" iotype="AI" name="Sensor34504_S" textname="test sensor 34504"/>
			<item id="34505" losttest="3" iotype="AI" name="Sensor34505_S" textname="test sensor 34505"/>
			<item id="34506" losttest="3" iotype="AI" name="Sensor34506_S" textname="test sensor 34506"/>
			<item id="34507" losttest="3" iotype="AI" name="Sensor34507_S" textname="test sensor 34507"/>
			<item id="34508" losttest="3" iotype="AI" name="Sensor34508_S" textname="test sensor 34508"/>
			<item id="34509" losttest="3" iotype="AI" name="Sensor34509_S" textname="test sensor 34509"/>
			<item id="34510" losttest="3" iotype="AI" name="Sensor34510_S" textname="test sensor 34510"/>
			<item id="34511" losttest="3" iotype="AI" name="Sensor34511_S" textname="test sensor 34511"/>
			<item id="34512" losttest="3" iotype="AI" name="Sensor34512_S" textname="test sensor 34512"/>
			<item id="34513" losttest="3" iotype="AI" name="Sensor34513_S" textname="test sensor 34513"/>
			<item id="34514" losttest="3" iotype="AI" name="Sensor34514_S" textname="test sensor 34514"/>
			<item id="34515" losttest="3" iotype="AI" name="Sensor34515_S" textname="test sensor 34515"/>
			<item id="34516" losttest="3" iotype="AI" name="Sensor34516_S" textname="test sensor 34516"/>
			<item id="34517" losttest="3" iotype="AI" name="Sensor34517_S" textname="test sensor 34517"/>
			<item id="34518" losttest="3" iotype="AI" name="Sensor34518_S" textname="test sensor 34518"/>
			<item id="34519" losttest="3" iotype="AI" name="Sensor34519_S" textname="test sensor 34519"/>
			<item id="34520" losttest="3" iotype="AI" name="Sensor34520_S" textname="test sensor 34520"/>
			<item id="34521" losttest="3" iotype="AI" name="Sensor34521_S" textname="test sensor 34521"/>
			<item id="34522" losttest="3" iotype="AI" name="Sensor34522_S" textname="test sensor 34522"/>
			<item id="34523" losttest="3" iotype="AI" name="Sensor34523_S" textname="test sensor 34523"/>
			<item id="34524" losttest="3" iotype="AI" name="Sensor34524_S" textname="test sensor 34524"/>
			<item id="34525" losttest="3" iotype="AI" name="Sensor34525_S" textname="test sensor 34525"/>
			<item id="34526" losttest="3" iotype="AI" name="Sensor34526_S" textname="test sensor 34526"/>
			<item id="34527" losttest="3" iotype="AI" name="Sensor34527_S" textname="test sensor 34527"/>
			<item id="34528" losttest="3" iotype="AI" name="Sensor34528_S" textname="test sensor 34528"/>
			<item id="34529" losttest="3" iotype="AI" name="Sensor34529_S" textname="test sensor 34529"/>
			<item id="34530" losttest="3" iotype="AI" name="Sensor34530_S" textname="test sensor 34530"/>
			<item id="34531" losttest="3" iotype="AI" name="Sensor34531_S" textname="test sensor 34531"/>
			<item id="34532" losttest="3" iotype="AI" name="Sensor34532_S" textname="test sensor 34532"/>
			<item id="34533" losttest="3" iotype="AI" name="Sensor34533_S" textname="test sensor 34533"/>
			<item id="34534" losttest="3" iotype="AI" name="Sensor34534_S" textname="test sensor 34534"/>
			<item id="34535" losttest="3" iotype="AI" name="Sensor34535_S" textname="test sensor 34535"/>
			<item id="34536" losttest="3" iotype="AI" name="Sensor34536_S" textname="test sensor 34536"/>
			<item id="34537" losttest="3" iotype="AI" name="Sensor34537_S" textname="test sensor 34537"/>
			<item id="34538" losttest="3" iotype="AI" name="Sensor34538_S" textname="test sensor 34538"/>
			<item id="34539" losttest="3" iotype="AI" name="Sensor34539_S" textname="test sensor 34539"/>
			<item id="34540" losttest="3" iotype="AI" name="Sensor34540_S" textname="test sensor 34540"/>
			<item id="34541" losttest="3" iotype="AI" name="Sensor34541_S" textname="test sensor 34541"/>
			<item id="34542" losttest="3" iotype="AI" name="Sensor34542_S" textname="test sensor 34542"/>
			<item id="34543" losttest="3" iotype="AI" name="Sensor34543_S" textname="test sensor 34543"/>
			<item id="34544" losttest="3" iotype="AI" name="Sensor34544_S" textname="test sensor 34544"/>
			<item id="34545" losttest="3" iotype="AI" name="Sensor34545_S" textname="test sensor 34545"/>
			<item id="34546" losttest="3" iotype="AI" name="Sensor34546_S" textname="test sensor 34546"/>
			<item id="34547" losttest="3" iotype="AI" name="Sensor34547_S" textname="test sensor 34547"/>
			<item id="34548" losttest="3" iotype="AI" name="Sensor34548_S" textname="test sensor 34548"/>
			<item id="34549" losttest="3" iotype="AI" name="Sensor34549_S" textname="test sensor 34549"/>
			<item id="34550" losttest="3" iotype="AI" name="Sensor34550_S" textname="test sensor 34550"/>
			<item id="34551" losttest="3" iotype="AI" name="Sensor34551_S" textname="test sensor 34551"/>
			<item id="34552" losttest="3" iotype="AI" name="Sensor34552_S" textname="test sensor 34552"/>
			<item id="34553" losttest="3" iotype="AI" name="Sensor34553_S" textname="test sensor 34553"/>
			<item id="34554" losttest="3" iotype="AI" name="Sensor34554_S" textname="test sensor 34554"/>
			<item id="34555" losttest="3" iotype="AI" name="Sensor34555_S" textname="test sensor 34555"/>
			<item id="34556" losttest="3" iotype="AI" name="Sensor34556_S" textname="test sensor 34556"/>
			<item id="34557" losttest="3" iotype="AI" name="Sensor34557_S" textname="test sensor 34557"/>
			<item id="34558" losttest="3" iotype="AI" name="Sensor34558_S" textname="test sensor 34558"/>
			<item id="34559" losttest="3" iotype="AI" name="Sensor34559_S" textname="test sensor 34559"/>
			<item id="34560" losttest="3" iotype="AI" name="Sensor34560_S" textname="test sensor 34560"/>
			<item id="34561" losttest="3" iotype="AI" name="Sensor34561_S" textname="test sensor 34561"/>
			<item id="34562" losttest="3" iotype="AI" name="Sensor34562_S" textname="test sensor 34562"/>
			<item id="34563" losttest="3" iotype="AI" name="Sensor34563_S" textname="test sensor 34563"/>
			<item id="34564" losttest="3" iotype="AI" name="Sensor34564_S" textname="test sensor 34564"/>
			<item id="34565" losttest="3" iotype="AI" name="Sensor34565_S" textname="test sensor 34565"/>
			<item id="34566" losttest="3" iotype="AI" name="Sensor34566_S" textname="test sensor 34566"/>
			<item id="34567" losttest="3" iotype="AI" name="Sensor34567_S" textname="test sensor 34567"/>
			<item id="34568" losttest="3" iotype="AI" name="Sensor34568_S" textname="test sensor 34568"/>
			<item id="34569" losttest="3" iotype="AI" name="Sensor34569_S" textname="test sensor 34569"/>
			<item id="34570" losttest="3" iotype="AI" name="Sensor34570_S" textname="test sensor 34570"/>
			<item id="34571" losttest="3" iotype="AI" name="Sensor34571_S" textname="test sensor 34571"/>
			<item id="34572" losttest="3" iotype="AI" name="Sensor34572_S" textname="test sensor 34572"/>
			<item id="34573" losttest="3" iotype="AI" name="Sensor34573_S" textname="test sensor 34573"/>
			<item id="34574" losttest="3" iotype="AI" name="Sensor34574_S" textname="test sensor 34574"/>
			<item id="34575" losttest="3" iotype="AI" name="Sensor34575_S" textname="test sensor 34575"/>
			<item id="34576" losttest="3" iotype="AI" name="Sensor34576_S" textname="test sensor 34576"/>
			<item id="34577" losttest="3" iotype="AI" name="Sensor34577_S" textname="test sensor 34577"/>
			<item id="34578" losttest="3" iotype="AI" name="Sensor34578_S" textname="test sensor 34578"/>
			<item id="34579" losttest="3" iotype="AI" name="Sensor34579_S" textname="test sensor 34579"/>
			<item id="34580" losttest="3" iotype="AI" name="Sensor34580_S" textname="test sensor 34580"/>
			<item id="34581" losttest="3" iotype="AI" name="Sensor34581_S" textname="test sensor 34581"/>
			<item id="34582" losttest="3" iotype="AI" name="Sensor34582_S" textname="test sensor 34582"/>
			<item id="34583" losttest="3" iotype="AI" name="Sensor34583_S" textname="test sensor 34583"/>
			<item id="34584" losttest="3" iotype="AI" name="Sensor34584_S" textname="test sensor 34584"/>
			<item id="34585" losttest="3" iotype="AI" name="Sensor34585_S" textname="test sensor 34585"/>
			<item id="34586" losttest="3" iotype="AI" name="Sensor34586_S" textname="test sensor 34586"/>
			<item id="34587" losttest="3" iotype="AI" name="Sensor34587_S" textname="test sensor 34587"/>
			<item id="34588" losttest="3" iotype="AI" name="Sensor34588_S" textname="test sensor 34588"/>
			<item id="34589" losttest="3" iotype="AI" name="Sensor34589_S" textname="test sensor 34589"/>
			<item id="34590" losttest="3" iotype="AI" name="Sensor34590_S" textname="test sensor 34590"/>
			<item id="34591" losttest="3" iotype="AI" name="Sensor34591_S" textname="test sensor 34591"/>
			<item id="34592" losttest="3" iotype="AI" name="Sensor34592_S" textname="test sensor 34592"/>
			<item id="34593" losttest="3" iotype="AI" name="Sensor34593_S" textname="test sensor 34593"/>
			<item id="34594" losttest="3" iotype="AI" name="Sensor34594_S" textname="test sensor 34594"/>
			<item id="34595" losttest="3" iotype="AI" name="Sensor34595_S" textname="test sensor 34595"/>
			<item id="34596" losttest="3" iotype="AI" name="Sensor34596_S" textname="test sensor 34596"/>
			<item id="34597" losttest="3" iotype="AI" name="Sensor34597_S" textname="test sensor 34597"/>
			<item id="34598" losttest="3" iotype="AI" name="Sensor34598_S" textname="test sensor 34598"/>
			<item id="34599" losttest="3" iotype="AI" name="Sensor34599_S" textname="test sensor 34599"/>
			<item id="34600" losttest="3" iotype="AI" name="Sensor34600_S" textname="test sensor 34600"/>
			<item id="34601" losttest="3" iotype="AI" name="Sensor34601_S" textname="test sensor 34601"/>
			<item id="34602" losttest="3" iotype="AI" name="Sensor34602_S" textname="test sensor 34602"/>
			<item id="34603" losttest="3" iotype="AI" name="Sensor34603_S" textname="test sensor 34603"/>
			<item id="34604" losttest="3" iotype="AI" name="Sensor34604_S" textname="test sensor 34604"/>
			<item id="34605" losttest="3" iotype="AI" name="Sensor34605_S" textname="test sensor 34605"/>
			<item id="34606" losttest="3" iotype="AI" name="Sensor34606_S" textname="test sensor 34606"/>
			<item id="34607" losttest="3" iotype="AI" name="Sensor34607_S" textname="test sensor 34607"/>
			<item id="34608" losttest="3" iotype="AI" name="Sensor34608_S" textname="test sensor 34608"/>
			<item id="34609" losttest="3" iotype="AI" name="Sensor34609_S" textname="test sensor 34609"/>
			<item id="34610" losttest="3" iotype="AI" name="Sensor34610_S" textname="test sensor 34610"/>
			<item id="34611" losttest="3" iotype="AI" name="Sensor34611_S" textname="test sensor 34611"/>
			<item id="34612" losttest="3" iotype="AI" name="Sensor34612_S" textname="test sensor 34612"/>
			<item id="34613" losttest="3" iotype="AI" name="Sensor34613_S" textname="test sensor 34613"/>
			<item id="34614" losttest="3" iotype="AI" name="Sensor34614_S" textname="test sensor 34614"/>
			<item id="34615" losttest="3" iotype="AI" name="Sensor34615_S" textname="test sensor 34615"/>
			<item id="34616" losttest="3" iotype="AI" name="Sensor34616_S" textname="test sensor 34616"/>
			<item id="34617" losttest="3" iotype="AI" name="Sensor34617_S" textname="test sensor 34617"/>
			<item id="34618" losttest="3" iotype="AI" name="Sensor34618_S" textname="test sensor 34618"/>
			<item id="34619" losttest="3" iotype="AI" name="Sensor34619_S" textname="test sensor 34619"/>
			<item id="34620" losttest="3" iotype="AI" name="Sensor34620_S" textname="test sensor 34620"/>
			<item id="34621" losttest="3" iotype="AI" name="Sensor34621_S" textname="test sensor 34621"/>
			<item id="34622" losttest="3" iotype="AI" name="Sensor34622_S" textname="test sensor 34622"/>
			<item id="34623" losttest="3" iotype="AI" name="Sensor34623_S" textname="test sensor 34623"/>
			<item id="34624" losttest="3" iotype="AI" name="Sensor34624_S" textname="test sensor 34624"/>
			<item id="34625" losttest="3" iotype="AI" name="Sensor34625_S" textname="test sensor 34625"/>
			<item id="34626" losttest="3" iotype="AI" name="Sensor34626_S" textname="test sensor 34626"/>
			<item id="34627" losttest="3" iotype="AI" name="Sensor34627_S" textname="test sensor 34627"/>
			<item id="34628" losttest="3" iotype="AI" name="Sensor34628_S" textname="test sensor 34628"/>
			<item id="34629" losttest="3" iotype="AI" name="Sensor34629_S" textname="test sensor 34629"/>
			<item id="34630" losttest="3" iotype="AI" name="Sensor34630_S" textname="test sensor 34630"/>
			<item id="34631" losttest="3" iotype="AI" name="Sensor34631_S" textname="test sensor 34631"/>
			<item id="34632" losttest="3" iotype="AI" name="Sensor34632_S" textname="test sensor 34632"/>
			<item id="34633" losttest="3" iotype="AI" name="Sensor34633_S" textname="test sensor 34633"/>
			<item id="34634" losttest="3" iotype="AI" name="Sensor34634_S" textname="test sensor 34634"/>
			<item id="34635" losttest="3" iotype="AI" name="Sensor34635_S" textname="test sensor 34635"/>
			<item id="34636" losttest="3" iotype="AI" name="Sensor34636_S" textname="test sensor 34636"/>
			<item id="34637" losttest="3" iotype="AI" name="Sensor34637_S" textname="test sensor 34637"/>
			<item id="34638" losttest="3" iotype="AI" name="Sensor34638_S" textname="test sensor 34638"/>
			<item id="34639" losttest="3" iotype="AI" name="Sensor34639_S" textname="test sensor 34639"/>
			<item id="34640" losttest="3" iotype="AI" name="Sensor34640_S" textname="test sensor 34640"/>
			<item id="34641" losttest="3" iotype="AI" name="Sensor34641_S" textname="test sensor 34641"/>
			<item id="34642" losttest="3" iotype="AI" name="Sensor34642_S" textname="test sensor 34642"/>
			<item id="34643" losttest="3" iotype="AI" name="Sensor34643_S" textname="test sensor 34643"/>
			<item id="34644" losttest="3" iotype="AI" name="Sensor34644_S" textname="test sensor 34644"/>
			<item id="34645" losttest="3" iotype="AI" name="Sensor34645_S" textname="test sensor 34645"/>
			<item id="34646" losttest="3" iotype="AI" name="Sensor34646_S" textname="test sensor 34646"/>
			<item id="34647" losttest="3" iotype="AI" name="Sensor34647_S" textname="test sensor 34647"/>
			<item id="34648" losttest="3" iotype="AI" name="Sensor34648_S" textname="test sensor 34648"/>
			<item id="34649" losttest="3" iotype="AI" name="Sensor34649_S" textname="test sensor 34649"/>
			<item id="34650" losttest="3" iotype="AI" name="Sensor34650_S" textname="test sensor 34650"/>
			<item id="34651" losttest="3" iotype="AI" name="Sensor34651_S" textname="test sensor 34651"/>
			<item id="34652" losttest="3" iotype="AI" name="Sensor34652_S" textname="test sensor 34652"/>
			<item id="34653" losttest="3" iotype="AI" name="Sensor34653_S" textname="test sensor 34653"/>
			<item id="34654" losttest="3" iotype="AI" name="Sensor34654_S" textname="test sensor 34654"/>
			<item id="34655" losttest="3" iotype="AI" name="Sensor34655_S" textname="test sensor 34655"/>
			<item id="34656" losttest="3" iotype="AI" name="Sensor34656_S" textname="test sensor 34656"/>
			<item id="34657" losttest="3" iotype="AI" name="Sensor34657_S" textname="test sensor 34657"/>
			<item id="34658" losttest="3" iotype="AI" name="Sensor34658_S" textname="test sensor 34658"/>
			<item id="34659" losttest="3" iotype="AI" name="Sensor34659_S" textname="test sensor 34659"/>
			<item id="34660" losttest="3" iotype="AI" name="Sensor34660_S" textname="test sensor 34660"/>
			<item id="34661" losttest="3" iotype="AI" name="Sensor34661_S" textname="test sensor 34661"/>
			<item id="34662" losttest="3" iotype="AI" name="Sensor34662_S" textname="test sensor 34662"/>
			<item id="34663" losttest="3" iotype="AI" name="Sensor34663_S" textname="test sensor 34663"/>
			<item id="34664" losttest="3" iotype="AI" name="Sensor34664_S" textname="test sensor 34664"/>
			<item id="34665" losttest="3" iotype="AI" name="Sensor34665_S" textname="test sensor 34665"/>
			<item id="34666" losttest="3" iotype="AI" name="Sensor34666_S" textname="test sensor 34666"/>
			<item id="34667" losttest="3" iotype="AI" name="Sensor34667_S" textname="test sensor 34667"/>
			<item id="34668" losttest="3" iotype="AI" name="Sensor34668_S" textname="test sensor 34668"/>
			<item id="34669" losttest="3" iotype="AI" name="Sensor34669_S" textname="test sensor 34669"/>
			<item id="34670" losttest="3" iotype="AI" name="Sensor34670_S" textname="test sensor 34670"/>
			<item id="34671" losttest="3" iotype="AI" name="Sensor34671_S" textname="test sensor 34671"/>
			<item id="34672" losttest="3" iotype="AI" name="Sensor34672_S" textname="test sensor 34672"/>
			<item id="34673" losttest="3" iotype="AI" name="Sensor34673_S" textname="test sensor 34673"/>
			<item id="34674" losttest="3" iotype="AI" name="Sensor34674_S" textname="test sensor 34674"/>
			<item id="34675" losttest="3" iotype="AI" name="Sensor34675_S" textname="test sensor 34675"/>
			<item id="34676" losttest="3" iotype="AI" name="Sensor34676_S" textname="test sensor 34676"/>
			<item id="34677" losttest="3" iotype="AI" name="Sensor34677_S" textname="test sensor 34677"/>
			<item id="34678" losttest="3" iotype="AI" name="Sensor34678_S" textname="test sensor 34678"/>
			<item id="34679" losttest="3" iotype="AI" name="Sensor34679_S" textname="test sensor 34679"/>
			<item id="34680" losttest="3" iotype="AI" name="Sensor34680_S" textname="test sensor 34680"/>
			<item id="34681" losttest="3" iotype="AI" name="Sensor34681_S" textname="test sensor 34681"/>
			<item id="34682" losttest="3" iotype="AI" name="Sensor34682_S" textname="test sensor 34682"/>
			<item id="34683" losttest="3" iotype="AI" name="Sensor34683_S" textname="test sensor 34683"/>
			<item id="34684" losttest="3" iotype="AI" name="Sensor34684_S" textname="test sensor 34684"/>
			<item id="34685" losttest="3" iotype="AI" name="Sensor34685_S" textname="test sensor 34685"/>
			<item id="34686" losttest="3" iotype="AI" name="Sensor34686_S" textname="test sensor 34686"/>
			<item id="34687" losttest="3" iotype="AI" name="Sensor34687_S" textname="test sensor 34687"/>
			<item id="34688" losttest="3" iotype="AI" name="Sensor34688_S" textname="test sensor 34688"/>
			<item id="34689" losttest="3" iotype="AI" name="Sensor34689_S" textname="test sensor 34689"/>
			<item id="34690" losttest="3" iotype="AI" name="Sensor34690_S" textname="test sensor 34690"/>
			<item id="34691" losttest="3" iotype="AI" name="Sensor34691_S" textname="test sensor 34691"/>
			<item id="34692" losttest="3" iotype="AI" name="Sensor34692_S" textname="test sensor 34692"/>
			<item id="34693" losttest="3" iotype="AI" name="Sensor34693_S" textname="test sensor 34693"/>
			<item id="34694" losttest="3" iotype="AI" name="Sensor34694_S" textname="test sensor 34694"/>
			<item id="34695" losttest="3" iotype="AI" name="Sensor34695_S" textname="test sensor 34695"/>
			<item id="34696" losttest="3" iotype="AI" name="Sensor34696_S" textname="test sensor 34696"/>
			<item id="34697" losttest="3" iotype="AI" name="Sensor34697_S" textname="test sensor 34697"/>
			<item id="34698" losttest="3" iotype="AI" name="Sensor34698_S" textname="test sensor 34698"/>
			<item id="34699" losttest="3" iotype="AI" name="Sensor34699_S" textname="test sensor 34699"/>
			<item id="34700" losttest="3" iotype="AI" name="Sensor34700_S" textname="test sensor 34700"/>
			<item id="34701" losttest="3" iotype="AI" name="Sensor34701_S" textname="test sensor 34701"/>
			<item id="34702" losttest="3" iotype="AI" name="Sensor34702_S" textname="test sensor 34702"/>
			<item id="34703" losttest="3" iotype="AI" name="Sensor34703_S" textname="test sensor 34703"/>
			<item id="34704" losttest="3" iotype="AI" name="Sensor34704_S" textname="test sensor 34704"/>
			<item id="34705" losttest="3" iotype="AI" name="Sensor34705_S" textname="test sensor 34705"/>
			<item id="34706" losttest="3" iotype="AI" name="Sensor34706_S" textname="test sensor 34706"/>
			<item id="34707" losttest="3" iotype="AI" name="Sensor34707_S" textname="test sensor 34707"/>
			<item id="34708" losttest="3" iotype="AI" name="Sensor34708_S" textname="test sensor 34708"/>
			<item id="34709" losttest="3" iotype="AI" name="Sensor34709_S" textname="test sensor 34709"/>
			<item id="34710" losttest="3" iotype="AI" name="Sensor34710_S" textname="test sensor 34710"/>
			<item id="34711" losttest="3" iotype="AI" name="Sensor34711_S" textname="test sensor 34711"/>
			<item id="34712" losttest="3" iotype="AI" name="Sensor34712_S" textname="test sensor 34712"/>
			<item id="34713" losttest="3" iotype="AI" name="Sensor34713_S" textname="test sensor 34713"/>
			<item id="34714" losttest="3" iotype="AI" name="Sensor34714_S" textname="test sensor 34714"/>
			<item id="34715" losttest="3" iotype="AI" name="Sensor34715_S" textname="test sensor 34715"/>
			<item id="34716" losttest="3" iotype="AI" name="Sensor34716_S" textname="test sensor 34716"/>
			<item id="34717" losttest="3" iotype="AI" name="Sensor34717_S" textname="test sensor 34717"/>
			<item id="34718" losttest="3" iotype="AI" name="Sensor34718_S" textname="test sensor 34718"/>
			<item id="34719" losttest="3" iotype="AI" name="Sensor34719_S" textname="test sensor 34719"/>
			<item id="34720" losttest="3" iotype="AI" name="Sensor34720_S" textname="test sensor 34720"/>
			<item id="34721" losttest="3" iotype="AI" name="Sensor34721_S" textname="test sensor 34721"/>
			<item id="34722" losttest="3" iotype="AI" name="Sensor34722_S" textname="test sensor 34722"/>
			<item id="34723" losttest="3" iotype="AI" name="Sensor34723_S" textname="test sensor 34723"/>
			<item id="34724" losttest="3" iotype="AI" name="Sensor34724_S" textname="test sensor 34724"/>
			<item id="34725" losttest="3" iotype="AI" name="Sensor34725_S" textname="test sensor 34725"/>
			<item id="34726" losttest="3" iotype="AI" name="Sensor34726_S" textname="test sensor 34726"/>
			<item id="34727" losttest="3" iotype="AI" name="Sensor34727_S" textname="test sensor 34727"/>
			<item id="34728" losttest="3" iotype="AI" name="Sensor34728_S" textname="test sensor 34728"/>
			<item id="34729" losttest="3" iotype="AI" name="Sensor34729_S" textname="test sensor 34729"/>
			<item id="34730" losttest="3" iotype="AI" name="Sensor34730_S" textname="test sensor 34730"/>
			<item id="34731" losttest="3" iotype="AI" name="Sensor34731_S" textname="test sensor 34731"/>
			<item id="34732" losttest="3" iotype="AI" name="Sensor34732_S" textname="test sensor 34732"/>
			<item id="34733" losttest="3" iotype="AI" name="Sensor34733_S" textname="test sensor 34733"/>
			<item id="34734" losttest="3" iotype="AI" name="Sensor34734_S" textname="test sensor 34734"/>
			<item id="34735" losttest="3" iotype="AI" name="Sensor34735_S" textname="test sensor 34735"/>
			<item id="34736" losttest="3" iotype="AI" name="Sensor34736_S" textname="test sensor 34736"/>
			<item id="34737" losttest="3" iotype="AI" name="Sensor34737_S" textname="test sensor 34737"/>
			<item id="34738" losttest="3" iotype="AI" name="Sensor34738_S" textname="test sensor 34738"/>
			<item id="34739" losttest="3" iotype="AI" name="Sensor34739_S" textname="test sensor 34739"/>
			<item id="34740" losttest="3" iotype="AI" name="Sensor34740_S" textname="test sensor 34740"/>
			<item id="34741" losttest="3" iotype="AI" name="Sensor34741_S" textname="test sensor 34741"/>
			<item id="34742" losttest="3" iotype="AI" name="Sensor34742_S" textname="test sensor 34742"/>
			<item id="34743" losttest="3" iotype="AI" name="Sensor34743_S" textname="test sensor 34743"/>
			<item id="34744" losttest="3" iotype="AI" name="Sensor34744_S" textname="test sensor 34744"/>
			<item id="34745" losttest="3" iotype="AI" name="Sensor34745_S" textname="test sensor 34745"/>
			<item id="34746" losttest="3" iotype="AI" name="Sensor34746_S" textname="test sensor 34746"/>
			<item id="34747" losttest="3" iotype="AI" name="Sensor34747_S" textname="test sensor 34747"/>
			<item id="34748" losttest="3" iotype="AI" name="Sensor34748_S" textname="test sensor 34748"/>
			<item id="34749" losttest="3" iotype="AI" name="Sensor34749_S" textname="test sensor 34749"/>
			<item id="34750" losttest="3" iotype="AI" name="Sensor34750_S" textname="test sensor 34750"/>
			<item id="34751" losttest="3" iotype="AI" name="Sensor34751_S" textname="test sensor 34751"/>
			<item id="34752" losttest="3" iotype="AI" name="Sensor34752_S" textname="test sensor 34752"/>
			<item id="34753" losttest="3" iotype="AI" name="Sensor34753_S" textname="test sensor 34753"/>
			<item id="34754" losttest="3" iotype="AI" name="Sensor34754_S" textname="test sensor 34754"/>
			<item id="34755" losttest="3" iotype="AI" name="Sensor34755_S" textname="test sensor 34755"/>
			<item id="34756" losttest="3" iotype="AI" name="Sensor34756_S" textname="test sensor 34756"/>
			<item id="34757" losttest="3" iotype="AI" name="Sensor34757_S" textname="test sensor 34757"/>
			<item id="34758" losttest="3" iotype="AI" name="Sensor34758_S" textname="test sensor 34758"/>
			<item id="34759" losttest="3" iotype="AI" name="Sensor34759_S" textname="test sensor 34759"/>
			<item id="34760" losttest="3" iotype="AI" name="Sensor34760_S" textname="test sensor 34760"/>
			<item id="34761" losttest="3" iotype="AI" name="Sensor34761_S" textname="test sensor 34761"/>
			<item id="34762" losttest="3" iotype="AI" name="Sensor34762_S" textname="test sensor 34762"/>
			<item id="34763" losttest="3" iotype="AI" name="Sensor34763_S" textname="test sensor 34763"/>
			<item id="34764" losttest="3" iotype="AI" name="Sensor34764_S" textname="test sensor 34764"/>
			<item id="34765" losttest="3" iotype="AI" name="Sensor34765_S" textname="test sensor 34765"/>
			<item id="34766" losttest="3" iotype="AI" name="Sensor34766_S" textname="test sensor 34766"/>
			<item id="34767" losttest="3" iotype="AI" name="Sensor34767_S" textname="test sensor 34767"/>
			<item id="34768" losttest="3" iotype="AI" name="Sensor34768_S" textname="test sensor 34768"/>
			<item id="34769" losttest="3" iotype="AI" name="Sensor34769_S" textname="test sensor 34769"/>
			<item id="34770" losttest="3" iotype="AI" name="Sensor34770_S" textname="test sensor 34770"/>
			<item id="34771" losttest="3" iotype="AI" name="Sensor34771_S" textname="test sensor 34771"/>
			<item id="34772" losttest="3" iotype="AI" name="Sensor34772_S" textname="test sensor 34772"/>
			<item id="34773" losttest="3" iotype="AI" name="Sensor34773_S" textname="test sensor 34773"/>
			<item id="34774" losttest="3" iotype="AI" name="Sensor34774_S" textname="test sensor 34774"/>
			<item id="34775" losttest="3" iotype="AI" name="Sensor34775_S" textname="test sensor 34775"/>
			<item id="34776" losttest="3" iotype="AI" name="Sensor34776_S" textname="test sensor 34776"/>
			<item id="34777" losttest="3" iotype="AI" name="Sensor34777_S" textname="test sensor 34777"/>
			<item id="34778" losttest="3" iotype="AI" name="Sensor34778_S" textname="test sensor 34778"/>
			<item id="34779" losttest="3" iotype="AI" name="Sensor34779_S" textname="test sensor 34779"/>
			<item id="34780" losttest="3" iotype="AI" name="Sensor34780_S" textname="test sensor 34780"/>
			<item id="34781" losttest="3" iotype="AI" name="Sensor34781_S" textname="test sensor 34781"/>
			<item id="34782" losttest="3" iotype="AI" name="Sensor34782_S" textname="test sensor 34782"/>
			<item id="34783" losttest="3" iotype="AI" name="Sensor34783_S" textname="test sensor 34783"/>
			<item id="34784" losttest="3" iotype="AI" name="Sensor34784_S" textname="test sensor 34784"/>
			<item id="34785" losttest="3" iotype="AI" name="Sensor34785_S" textname="test sensor 34785"/>
			<item id="34786" losttest="3" iotype="AI" name="Sensor34786_S" textname="test sensor 34786"/>
			<item id="34787" losttest="3" iotype="AI" name="Sensor34787_S" textname="test sensor 34787"/>
			<item id="34788" losttest="3" iotype="AI" name="Sensor34788_S" textname="test sensor 34788"/>
			<item id="34789" losttest="3" iotype="AI" name="Sensor34789_S" textname="test sensor 34789"/>
			<item id="34790" losttest="3" iotype="AI" name="Sensor34790_S" textname="test sensor 34790"/>
			<item id="34791" losttest="3" iotype="AI" name="Sensor34791_S" textname="test sensor 34791"/>
			<item id="34792" losttest="3" iotype="AI" name="Sensor34792_S" textname="test sensor 34792"/>
			<item id="34793" losttest="3" iotype="AI" name="Sensor34793_S" textname="test sensor 34793"/>
			<item id="34794" losttest="3" iotype="AI" name="Sensor34794_S" textname="test sensor 34794"/>
			<item id="34795" losttest="3" iotype="AI" name="Sensor34795_S" textname="test sensor 34795"/>
			<item id="34796" losttest="3" iotype="AI" name="Sensor34796_S" textname="test sensor 34796"/>
			<item id="34797" losttest="3" iotype="AI" name="Sensor34797_S" textname="test sensor 34797"/>
			<item id="34798" losttest="3" iotype="AI" name="Sensor34798_S" textname="test sensor 34798"/>
			<item id="34799" losttest="3" iotype="AI" name="Sensor34799_S" textname="test sensor 34799"/>
			<item id="34800" losttest="3" iotype="AI" name="Sensor34800_S" textname="test sensor 34800"/>
			<item id="34801" losttest="3" iotype="AI" name="Sensor34801_S" textname="test sensor 34801"/>
			<item id="34802" losttest="3" iotype="AI" name="Sensor34802_S" textname="test sensor 34802"/>
			<item id="34803" losttest="3" iotype="AI" name="Sensor34803_S" textname="test sensor 34803"/>
			<item id="34804" losttest="3" iotype="AI" name="Sensor34804_S" textname="test sensor 34804"/>
			<item id="34805" losttest="3" iotype="AI" name="Sensor34805_S" textname="test sensor 34805"/>
			<item id="34806" losttest="3" iotype="AI" name="Sensor34806_S" textname="test sensor 34806"/>
			<item id="34807" losttest="3" iotype="AI" name="Sensor34807_S" textname="test sensor 34807"/>
			<item id="34808" losttest="3" iotype="AI" name="Sensor34808_S" textname="test sensor 34808"/>
			<item id="34809" losttest="3" iotype="AI" name="Sensor34809_S" textname="test sensor 34809"/>
			<item id="34810" losttest="3" iotype="AI" name="Sensor34810_S" textname="test sensor 34810"/>
			<item id="34811" losttest="3" iotype="AI" name="Sensor34811_S" textname="test sensor 34811"/>
			<item id="34812" losttest="3" iotype="AI" name="Sensor34812_S" textname="test sensor 34812"/>
			<item id="34813" losttest="3" iotype="AI" name="Sensor34813_S" textname="test sensor 34813"/>
			<item id="34814" losttest="3" iotype="AI" name="Sensor34814_S" textname="test sensor 34814"/>
			<item id="34815" losttest="3" iotype="AI" name="Sensor34815_S" textname="test sensor 34815"/>
			<item id="34816" losttest="3" iotype="AI" name="Sensor34816_S" textname="test sensor 34816"/>
			<item id="34817" losttest="3" iotype="AI" name="Sensor34817_S" textname="test sensor 34817"/>
			<item id="34818" losttest="3" iotype="AI" name="Sensor34818_S" textname="test sensor 34818"/>
			<item id="34819" losttest="3" iotype="AI" name="Sensor34819_S" textname="test sensor 34819"/>
			<item id="34820" losttest="3" iotype="AI" name="Sensor34820_S" textname="test sensor 34820"/>
			<item id="34821" losttest="3" iotype="AI" name="Sensor34821_S" textname="test sensor 34821"/>
			<item id="34822" losttest="3" iotype="AI" name="Sensor34822_S" textname="test sensor 34822"/>
			<item id="34823" losttest="3" iotype="AI" name="Sensor34823_S" textname="test sensor 34823"/>
			<item id="34824" losttest="3" iotype="AI" name="Sensor34824_S" textname="test sensor 34824"/>
			<item id="34825" losttest="3" iotype="AI" name="Sensor34825_S" textname="test sensor 34825"/>
			<item id="34826" losttest="3" iotype="AI" name="Sensor34826_S" textname="test sensor 34826"/>
			<item id="34827" losttest="3" iotype="AI" name="Sensor34827_S" textname="test sensor 34827"/>
			<item id="34828" losttest="3" iotype="AI" name="Sensor34828_S" textname="test sensor 34828"/>
			<item id="34829" losttest="3" iotype="AI" name="Sensor34829_S" textname="test sensor 34829"/>
			<item id="34830" losttest="3" iotype="AI" name="Sensor34830_S" textname="test sensor 34830"/>
			<item id="34831" losttest="3" iotype="AI" name="Sensor34831_S" textname="test sensor 34831"/>
			<item id="34832" losttest="3" iotype="AI" name="Sensor34832_S" textname="test sensor 34832"/>
			<item id="34833" losttest="3" iotype="AI" name="Sensor34833_S" textname="test sensor 34833"/>
			<item id="34834" losttest="3" iotype="AI" name="Sensor34834_S" textname="test sensor 34834"/>
			<item id="34835" losttest="3" iotype="AI" name="Sensor34835_S" textname="test sensor 34835"/>
			<item id="34836" losttest="3" iotype="AI" name="Sensor34836_S" textname="test sensor 34836"/>
			<item id="34837" losttest="3" iotype="AI" name="Sensor34837_S" textname="test sensor 34837"/>
			<item id="34838" losttest="3" iotype="AI" name="Sensor34838_S" textname="test sensor 34838"/>
			<item id="34839" losttest="3" iotype="AI" name="Sensor34839_S" textname="test sensor 34839"/>
			<item id="34840" losttest="3" iotype="AI" name="Sensor34840_S" textname="test sensor 34840"/>
			<item id="34841" losttest="3" iotype="AI" name="Sensor34841_S" textname="test sensor 34841"/>
			<item id="34842" losttest="3" iotype="AI" name="Sensor34842_S" textname="test sensor 34842"/>
			<item id="34843" losttest="3" iotype="AI" name="Sensor34843_S" textname="test sensor 34843"/>
			<item id="34844" losttest="3" iotype="AI" name="Sensor34844_S" textname="test sensor 34844"/>
			<item id="34845" losttest="3" iotype="AI" name="Sensor34845_S" textname="test sensor 34845"/>
			<item id="34846" losttest="3" iotype="AI" name="Sensor34846_S" textname="test sensor 34846"/>
			<item id="34847" losttest="3" iotype="AI" name="Sensor34847_S" textname="test sensor 34847"/>
			<item id="34848" losttest="3" iotype="AI" name="Sensor34848_S" textname="test sensor 34848"/>
			<item id="34849" losttest="3" iotype="AI" name="Sensor34849_S" textname="test sensor 34849"/>
			<item id="34850" losttest="3" iotype="AI" name="Sensor34850_S" textname="test sensor 34850"/>
			<item id="34851" losttest="3" iotype="AI" name="Sensor34851_S" textname="test sensor 34851"/>
			<item id="34852" losttest="3" iotype="AI" name="Sensor34852_S" textname="test sensor 34852"/>
			<item id="34853" losttest="3" iotype="AI" name="Sensor34853_S" textname="test sensor 34853"/>
			<item id="34854" losttest="3" iotype="AI" name="Sensor34854_S" textname="test sensor 34854"/>
			<item id="34855" losttest="3" iotype="AI" name="Sensor34855_S" textname="test sensor 34855"/>
			<item id="34856" losttest="3" iotype="AI" name="Sensor34856_S" textname="test sensor 34856"/>
			<item id="34857" losttest="3" iotype="AI" name="Sensor34857_S" textname="test sensor 34857"/>
			<item id="34858" losttest="3" iotype="AI" name="Sensor34858_S" textname="test sensor 34858"/>
			<item id="34859" losttest="3" iotype="AI" name="Sensor34859_S" textname="test sensor 34859"/>
			<item id="34860" losttest="3" iotype="AI" name="Sensor34860_S" textname="test sensor 34860"/>
			<item id="34861" losttest="3" iotype="AI" name="Sensor34861_S" textname="test sensor 34861"/>
			<item id="34862" losttest="3" iotype="AI" name="Sensor34862_S" textname="test sensor 34862"/>
			<item id="34863" losttest="3" iotype="AI" name="Sensor34863_S" textname="test sensor 34863"/>
			<item id="34864" losttest="3" iotype="AI" name="Sensor34864_S" textname="test sensor 34864"/>
			<item id="34865" losttest="3" iotype="AI" name="Sensor34865_S" textname="test sensor 34865"/>
			<item id="34866" losttest="3" iotype="AI" name="Sensor34866_S" textname="test sensor 34866"/>
			<item id="34867" losttest="3" iotype="AI" name="Sensor34867_S" textname="test sensor 34867"/>
			<item id="34868" losttest="3" iotype="AI" name="Sensor34868_S" textname="test sensor 34868"/>
			<item id="34869" losttest="3" iotype="AI" name="Sensor34869_S" textname="test sensor 34869"/>
			<item id="34870" losttest="3" iotype="AI" name="Sensor34870_S" textname="test sensor 34870"/>
			<item id="34871" losttest="3" iotype="AI" name="Sensor34871_S" textname="test sensor 34871"/>
			<item id="34872" losttest="3" iotype="AI" name="Sensor34872_S" textname="test sensor 34872"/>
			<item id="34873" losttest="3" iotype="AI" name="Sensor34873_S" textname="test sensor 34873"/>
			<item id="34874" losttest="3" iotype="AI" name="Sensor34874_S" textname="test sensor 34874"/>
			<item id="34875" losttest="3" iotype="AI" name="Sensor34875_S" textname="test sensor 34875"/>
			<item id="34876" losttest="3" iotype="AI" name="Sensor34876_S" textname="test sensor 34876"/>
			<item id="34877" losttest="3" iotype="AI" name="Sensor34877_S" textname="test sensor 34877"/>
			<item id="34878" losttest="3" iotype="AI" name="Sensor34878_S" textname="test sensor 34878"/>
			<item id="34879" losttest="3" iotype="AI" name="Sensor34879_S" textname="test sensor 34879"/>
			<item id="34880" losttest="3" iotype="AI" name="Sensor34880_S" textname="test sensor 34880"/>
			<item id="34881" losttest="3" iotype="AI" name="Sensor34881_S" textname="test sensor 34881"/>
			<item id="34882" losttest="3" iotype="AI" name="Sensor34882_S" textname="test sensor 34882"/>
			<item id="34883" losttest="3" iotype="AI" name="Sensor34883_S" textname="test sensor 34883"/>
			<item id="34884" losttest="3" iotype="AI" name="Sensor34884_S" textname="test sensor 34884"/>
			<item id="34885" losttest="3" iotype="AI" name="Sensor34885_S" textname="test sensor 34885"/>
			<item id="34886" losttest="3" iotype="AI" name="Sensor34886_S" textname="test sensor 34886"/>
			<item id="34887" losttest="3" iotype="AI" name="Sensor34887_S" textname="test sensor 34887"/>
			<item id="34888" losttest="3" iotype="AI" name="Sensor34888_S" textname="test sensor 34888"/>
			<item id="34889" losttest="3" iotype="AI" name="Sensor34889_S" textname="test sensor 34889"/>
			<item id="34890" losttest="3" iotype="AI" name="Sensor34890_S" textname="test sensor 34890"/>
			<item id="34891" losttest="3" iotype="AI" name="Sensor34891_S" textname="test sensor 34891"/>
			<item id="34892" losttest="3" iotype="AI" name="Sensor34892_S" textname="test sensor 34892"/>
			<item id="34893" losttest="3" iotype="AI" name="Sensor34893_S" textname="test sensor 34893"/>
			<item id="34894" losttest="3" iotype="AI" name="Sensor34894_S" textname="test sensor 34894"/>
			<item id="34895" losttest="3" iotype="AI" name="Sensor34895_S" textname="test sensor 34895"/>
			<item id="34896" losttest="3" iotype="AI" name="Sensor34896_S" textname="test sensor 34896"/>
			<item id="34897" losttest="3" iotype="AI" name="Sensor34897_S" textname="test sensor 34897"/>
			<item id="34898" losttest="3" iotype="AI" name="Sensor34898_S" textname="test sensor 34898"/>
			<item id="34899" losttest="3" iotype="AI" name="Sensor34899_S" textname="test sensor 34899"/>
			<item id="34900" losttest="3" iotype="AI" name="Sensor34900_S" textname="test sensor 34900"/>
			<item id="34901" losttest="3" iotype="AI" name="Sensor34901_S" textname="test sensor 34901"/>
			<item id="34902" losttest="3" iotype="AI" name="Sensor34902_S" textname="test sensor 34902"/>
			<item id="34903" losttest="3" iotype="AI" name="Sensor34903_S" textname="test sensor 34903"/>
			<item id="34904" losttest="3" iotype="AI" name="Sensor34904_S" textname="test sensor 34904"/>
			<item id="34905" losttest="3" iotype="AI" name="Sensor34905_S" textname="test sensor 34905"/>
			<item id="34906" losttest="3" iotype="AI" name="Sensor34906_S" textname="test sensor 34906"/>
			<item id="34907" losttest="3" iotype="AI" name="Sensor34907_S" textname="test sensor 34907"/>
			<item id="34908" losttest="3" iotype="AI" name="Sensor34908_S" textname="test sensor 34908"/>
			<item id="34909" losttest="3" iotype="AI" name="Sensor34909_S" textname="test sensor 34909"/>
			<item id="34910" losttest="3" iotype="AI" name="Sensor34910_S" textname="test sensor 34910"/>
			<item id="34911" losttest="3" iotype="AI" name="Sensor34911_S" textname="test sensor 34911"/>
			<item id="34912" losttest="3" iotype="AI" name="Sensor34912_S" textname="test sensor 34912"/>
			<item id="34913" losttest="3" iotype="AI" name="Sensor34913_S" textname="test sensor 34913"/>
			<item id="34914" losttest="3" iotype="AI" name="Sensor34914_S" textname="test sensor 34914"/>
			<item id="34915" losttest="3" iotype="AI" name="Sensor34915_S" textname="test sensor 34915"/>
			<item id="34916" losttest="3" iotype="AI" name="Sensor34916_S" textname="test sensor 34916"/>
			<item id="34917" losttest="3" iotype="AI" name="Sensor34917_S" textname="test sensor 34917"/>
			<item id="34918" losttest="3" iotype="AI" name="Sensor34918_S" textname="test sensor 34918"/>
			<item id="34919" losttest="3" iotype="AI" name="Sensor34919_S" textname="test sensor 34919"/>
			<item id="34920" losttest="3" iotype="AI" name="Sensor34920_S" textname="test sensor 34920"/>
			<item id="34921" losttest="3" iotype="AI" name="Sensor34921_S" textname="test sensor 34921"/>
			<item id="34922" losttest="3" iotype="AI" name="Sensor34922_S" textname="test sensor 34922"/>
			<item id="34923" losttest="3" iotype="AI" name="Sensor34923_S" textname="test sensor 34923"/>
			<item id="34924" losttest="3" iotype="AI" name="Sensor34924_S" textname="test sensor 34924"/>
			<item id="34925" losttest="3" iotype="AI" name="Sensor34925_S" textname="test sensor 34925"/>
			<item id="34926" losttest="3" iotype="AI" name="Sensor34926_S" textname="test sensor 34926"/>
			<item id="34927" losttest="3" iotype="AI" name="Sensor34927_S" textname="test sensor 34927"/>
			<item id="34928" losttest="3" iotype="AI" name="Sensor34928_S" textname="test sensor 34928"/>
			<item id="34929" losttest="3" iotype="AI" name="Sensor34929_S" textname="test sensor 34929"/>
			<item id="34930" losttest="3" iotype="AI" name="Sensor34930_S" textname="test sensor 34930"/>
			<item id="34931" losttest="3" iotype="AI" name="Sensor34931_S" textname="test sensor 34931"/>
			<item id="34932" losttest="3" iotype="AI" name="Sensor34932_S" textname="test sensor 34932"/>
			<item id="34933" losttest="3" iotype="AI" name="Sensor34933_S" textname="test sensor 34933"/>
			<item id="34934" losttest="3" iotype="AI" name="Sensor34934_S" textname="test sensor 34934"/>
			<item id="34935" losttest="3" iotype="AI" name="Sensor34935_S" textname="test sensor 34935"/>
			<item id="34936" losttest="3" iotype="AI" name="Sensor34936_S" textname="test sensor 34936"/>
			<item id="34937" losttest="3" iotype="AI" name="Sensor34937_S" textname="test sensor 34937"/>
			<item id="34938" losttest="3" iotype="AI" name="Sensor34938_S" textname="test sensor 34938"/>
			<item id="34939" losttest="3" iotype="AI" name="Sensor34939_S" textname="test sensor 34939"/>
			<item id="34940" losttest="3" iotype="AI" name="Sensor34940_S" textname="test sensor 34940"/>
			<item id="34941" losttest="3" iotype="AI" name="Sensor34941_S" textname="test sensor 34941"/>
			<item id="34942" losttest="3" iotype="AI" name="Sensor34942_S" textname="test sensor 34942"/>
			<item id="34943" losttest="3" iotype="AI" name="Sensor34943_S" textname="test sensor 34943"/>
			<item id="34944" losttest="3" iotype="AI" name="Sensor34944_S" textname="test sensor 34944"/>
			<item id="34945" losttest="3" iotype="AI" name="Sensor34945_S" textname="test sensor 34945"/>
			<item id="34946" losttest="3" iotype="AI" name="Sensor34946_S" textname="test sensor 34946"/>
			<item id="34947" losttest="3" iotype="AI" name="Sensor34947_S" textname="test sensor 34947"/>
			<item id="34948" losttest="3" iotype="AI" name="Sensor34948_S" textname="test sensor 34948"/>
			<item id="34949" losttest="3" iotype="AI" name="Sensor34949_S" textname="test sensor 34949"/>
			<item id="34950" losttest="3" iotype="AI" name="Sensor34950_S" textname="test sensor 34950"/>
			<item id="34951" losttest="3" iotype="AI" name="Sensor34951_S" textname="test sensor 34951"/>
			<item id="34952" losttest="3" iotype="AI" name="Sensor34952_S" textname="test sensor 34952"/>
			<item id="34953" losttest="3" iotype="AI" name="Sensor34953_S" textname="test sensor 34953"/>
			<item id="34954" losttest="3" iotype="AI" name="Sensor34954_S" textname="test sensor 34954"/>
			<item id="34955" losttest="3" iotype="AI" name="Sensor34955_S" textname="test sensor 34955"/>
			<item id="34956" losttest="3" iotype="AI" name="Sensor34956_S" textname="test sensor 34956"/>
			<item id="34957" losttest="3" iotype="AI" name="Sensor34957_S" textname="test sensor 34957"/>
			<item id="34958" losttest="3" iotype="AI" name="Sensor34958_S" textname="test sensor 34958"/>
			<item id="34959" losttest="3" iotype="AI" name="Sensor34959_S" textname="test sensor 34959"/>
			<item id="34960" losttest="3" iotype="AI" name="Sensor34960_S" textname="test sensor 34960"/>
			<item id="34961" losttest="3" iotype="AI" name="Sensor34961_S" textname="test sensor 34961"/>
			<item id="34962" losttest="3" iotype="AI" name="Sensor34962_S" textname="test sensor 34962"/>
			<item id="34963" losttest="3" iotype="AI" name="Sensor34963_S" textname="test sensor 34963"/>
			<item id="34964" losttest="3" iotype="AI" name="Sensor34964_S" textname="test sensor 34964"/>
			<item id="34965" losttest="3" iotype="AI" name="Sensor34965_S" textname="test sensor 34965"/>
			<item id="34966" losttest="3" iotype="AI" name="Sensor34966_S" textname="test sensor 34966"/>
			<item id="34967" losttest="3" iotype="AI" name="Sensor34967_S" textname="test sensor 34967"/>
			<item id="34968" losttest="3" iotype="AI" name="Sensor34968_S" textname="test sensor 34968"/>
			<item id="34969" losttest="3" iotype="AI" name="Sensor34969_S" textname="test sensor 34969"/>
			<item id="34970" losttest="3" iotype="AI" name="Sensor34970_S" textname="test sensor 34970"/>
			<item id="34971" losttest="3" iotype="AI" name="Sensor34971_S" textname="test sensor 34971"/>
			<item id="34972" losttest="3" iotype="AI" name="Sensor34972_S" textname="test sensor 34972"/>
			<item id="34973" losttest="3" iotype="AI" name="Sensor34973_S" textname="test sensor 34973"/>
			<item id="34974" losttest="3" iotype="AI" name="Sensor34974_S" textname="test sensor 34974"/>
			<item id="34975" losttest="3" iotype="AI" name="Sensor34975_S" textname="test sensor 34975"/>
			<item id="34976" losttest="3" iotype="AI" name="Sensor34976_S" textname="test sensor 34976"/>
			<item id="34977" losttest="3" iotype="AI" name="Sensor34977_S" textname="test sensor 34977"/>
			<item id="34978" losttest="3" iotype="AI" name="Sensor34978_S" textname="test sensor 34978"/>
			<item id="34979" losttest="3" iotype="AI" name="Sensor34979_S" textname="test sensor 34979"/>
			<item id="34980" losttest="3" iotype="AI" name="Sensor34980_S" textname="test sensor 34980"/>
			<item id="34981" losttest="3" iotype="AI" name="Sensor34981_S" textname="test sensor 34981"/>
			<item id="34982" losttest="3" iotype="AI" name="Sensor34982_S" textname="test sensor 34982"/>
			<item id="34983" losttest="3" iotype="AI" name="Sensor34983_S" textname="test sensor 34983"/>
			<item id="34984" losttest="3" iotype="AI" name="Sensor34984_S" textname="test sensor 34984"/>
			<item id="34985" losttest="3" iotype="AI" name="Sensor34985_S" textname="test sensor 34985"/>
			<item id="34986" losttest="3" iotype="AI" name="Sensor34986_S" textname="test sensor 34986"/>
			<item id="34987" losttest="3" iotype="AI" name="Sensor34987_S" textname="test sensor 34987"/>
			<item id="34988" losttest="3" iotype="AI" name="Sensor34988_S" textname="test sensor 34988"/>
			<item id="34989" losttest="3" iotype="AI" name="Sensor34989_S" textname="test sensor 34989"/>
			<item id="34990" losttest="3" iotype="AI" name="Sensor34990_S" textname="test sensor 34990"/>
			<item id="34991" losttest="3" iotype="AI" name="Sensor34991_S" textname="test sensor 34991"/>
			<item id="34992" losttest="3" iotype="AI" name="Sensor34992_S" textname="test sensor 34992"/>
			<item id="34993" losttest="3" iotype="AI" name="Sensor34993_S" textname="test sensor 34993"/>
			<item id="34994" losttest="3" iotype="AI" name="Sensor34994_S" textname="test sensor 34994"/>
			<item id="34995" losttest="3" iotype="AI" name="Sensor34995_S" textname="test sensor 34995"/>
			<item id="34996" losttest="3" iotype="AI" name="Sensor34996_S" textname="test sensor 34996"/>
			<item id="34997" losttest="3" iotype="AI" name="Sensor34997_S" textname="test sensor 34997"/>
			<item id="34998" losttest="3" iotype="AI" name="Sensor34998_S" textname="test sensor 34998"/>
			<item id="34999" losttest="3" iotype="AI" name="Sensor34999_S" textname="test sensor 34999"/>
			<item id="35000" losttest="3" iotype="AI" name="Sensor35000_S" textname="test sensor 35000"/>
			<item id="35001" losttest="3" iotype="AI" name="Sensor35001_S" textname="test sensor 35001"/>
			<item id="35002" losttest="3" iotype="AI" name="Sensor35002_S" textname="test sensor 35002"/>
			<item id="35003" losttest="3" iotype="AI" name="Sensor35003_S" textname="test sensor 35003"/>
			<item id="35004" losttest="3" iotype="AI" name="Sensor35004_S" textname="test sensor 35004"/>
			<item id="35005" losttest="3" iotype="AI" name="Sensor35005_S" textname="test sensor 35005"/>
			<item id="35006" losttest="3" iotype="AI" name="Sensor35006_S" textname="test sensor 35006"/>
			<item id="35007" losttest="3" iotype="AI" name="Sensor35007_S" textname="test sensor 35007"/>
			<item id="35008" losttest="3" iotype="AI" name="Sensor35008_S" textname="test sensor 35008"/>
			<item id="35009" losttest="3" iotype="AI" name="Sensor35009_S" textname="test sensor 35009"/>
			<item id="35010" losttest="3" iotype="AI" name="Sensor35010_S" textname="test sensor 35010"/>
			<item id="35011" losttest="3" iotype="AI" name="Sensor35011_S" textname="test sensor 35011"/>
			<item id="35012" losttest="3" iotype="AI" name="Sensor35012_S" textname="test sensor 35012"/>
			<item id="35013" losttest="3" iotype="AI" name="Sensor35013_S" textname="test sensor 35013"/>
			<item id="35014" losttest="3" iotype="AI" name="Sensor35014_S" textname="test sensor 35014"/>
			<item id="35015" losttest="3" iotype="AI" name="Sensor35015_S" textname="test sensor 35015"/>
			<item id="35016" losttest="3" iotype="AI" name="Sensor35016_S" textname="test sensor 35016"/>
			<item id="35017" losttest="3" iotype="AI" name="Sensor35017_S" textname="test sensor 35017"/>
			<item id="35018" losttest="3" iotype="AI" name="Sensor35018_S" textname="test sensor 35018"/>
			<item id="35019" losttest="3" iotype="AI" name="Sensor35019_S" textname="test sensor 35019"/>
			<item id="35020" losttest="3" iotype="AI" name="Sensor35020_S" textname="test sensor 35020"/>
			<item id="35021" losttest="3" iotype="AI" name="Sensor35021_S" textname="test sensor 35021"/>
			<item id="35022" losttest="3" iotype="AI" name="Sensor35022_S" textname="test sensor 35022"/>
			<item id="35023" losttest="3" iotype="AI" name="Sensor35023_S" textname="test sensor 35023"/>
			<item id="35024" losttest="3" iotype="AI" name="Sensor35024_S" textname="test sensor 35024"/>
			<item id="35025" losttest="3" iotype="AI" name="Sensor35025_S" textname="test sensor 35025"/>
			<item id="35026" losttest="3" iotype="AI" name="Sensor35026_S" textname="test sensor 35026"/>
			<item id="35027" losttest="3" iotype="AI" name="Sensor35027_S" textname="test sensor 35027"/>
			<item id="35028" losttest="3" iotype="AI" name="Sensor35028_S" textname="test sensor 35028"/>
			<item id="35029" losttest="3" iotype="AI" name="Sensor35029_S" textname="test sensor 35029"/>
			<item id="35030" losttest="3" iotype="AI" name="Sensor35030_S" textname="test sensor 35030"/>
			<item id="35031" losttest="3" iotype="AI" name="Sensor35031_S" textname="test sensor 35031"/>
			<item id="35032" losttest="3" iotype="AI" name="Sensor35032_S" textname="test sensor 35032"/>
			<item id="35033" losttest="3" iotype="AI" name="Sensor35033_S" textname="test sensor 35033"/>
			<item id="35034" losttest="3" iotype="AI" name="Sensor35034_S" textname="test sensor 35034"/>
			<item id="35035" losttest="3" iotype="AI" name="Sensor35035_S" textname="test sensor 35035"/>
			<item id="35036" losttest="3" iotype="AI" name="Sensor35036_S" textname="test sensor 35036"/>
			<item id="35037" losttest="3" iotype="AI" name="Sensor35037_S" textname="test sensor 35037"/>
			<item id="35038" losttest="3" iotype="AI" name="Sensor35038_S" textname="test sensor 35038"/>
			<item id="35039" losttest="3" iotype="AI" name="Sensor35039_S" textname="test sensor 35039"/>
			<item id="35040" losttest="3" iotype="AI" name="Sensor35040_S" textname="test sensor 35040"/>
			<item id="35041" losttest="3" iotype="AI" name="Sensor35041_S" textname="test sensor 35041"/>
			<item id="35042" losttest="3" iotype="AI" name="Sensor35042_S" textname="test sensor 35042"/>
			<item id="35043" losttest="3" iotype="AI" name="Sensor35043_S" textname="test sensor 35043"/>
			<item id="35044" losttest="3" iotype="AI" name="Sensor35044_S" textname="test sensor 35044"/>
			<item id="35045" losttest="3" iotype="AI" name="Sensor35045_S" textname="test sensor 35045"/>
			<item id="35046" losttest="3" iotype="AI" name="Sensor35046_S" textname="test sensor 35046"/>
			<item id="35047" losttest="3" iotype="AI" name="Sensor35047_S" textname="test sensor 35047"/>
			<item id="35048" losttest="3" iotype="AI" name="Sensor35048_S" textname="test sensor 35048"/>
			<item id="35049" losttest="3" iotype="AI" name="Sensor35049_S" textname="test sensor 35049"/>
			<item id="35050" losttest="3" iotype="AI" name="Sensor35050_S" textname="test sensor 35050"/>
			<item id="35051" losttest="3" iotype="AI" name="Sensor35051_S" textname="test sensor 35051"/>
			<item id="35052" losttest="3" iotype="AI" name="Sensor35052_S" textname="test sensor 35052"/>
			<item id="35053" losttest="3" iotype="AI" name="Sensor35053_S" textname="test sensor 35053"/>
			<item id="35054" losttest="3" iotype="AI" name="Sensor35054_S" textname="test sensor 35054"/>
			<item id="35055" losttest="3" iotype="AI" name="Sensor35055_S" textname="test sensor 35055"/>
			<item id="35056" losttest="3" iotype="AI" name="Sensor35056_S" textname="test sensor 35056"/>
			<item id="35057" losttest="3" iotype="AI" name="Sensor35057_S" textname="test sensor 35057"/>
			<item id="35058" losttest="3" iotype="AI" name="Sensor35058_S" textname="test sensor 35058"/>
			<item id="35059" losttest="3" iotype="AI" name="Sensor35059_S" textname="test sensor 35059"/>
			<item id="35060" losttest="3" iotype="AI" name="Sensor35060_S" textname="test sensor 35060"/>
			<item id="35061" losttest="3" iotype="AI" name="Sensor35061_S" textname="test sensor 35061"/>
			<item id="35062" losttest="3" iotype="AI" name="Sensor35062_S" textname="test sensor 35062"/>
			<item id="35063" losttest="3" iotype="AI" name="Sensor35063_S" textname="test sensor 35063"/>
			<item id="35064" losttest="3" iotype="AI" name="Sensor35064_S" textname="test sensor 35064"/>
			<item id="35065" losttest="3" iotype="AI" name="Sensor35065_S" textname="test sensor 35065"/>
			<item id="35066" losttest="3" iotype="AI" name="Sensor35066_S" textname="test sensor 35066"/>
			<item id="35067" losttest="3" iotype="AI" name="Sensor35067_S" textname="test sensor 35067"/>
			<item id="35068" losttest="3" iotype="AI" name="Sensor35068_S" textname="test sensor 35068"/>
			<item id="35069" losttest="3" iotype="AI" name="Sensor35069_S" textname="test sensor 35069"/>
			<item id="35070" losttest="3" iotype="AI" name="Sensor35070_S" textname="test sensor 35070"/>
			<item id="35071" losttest="3" iotype="AI" name="Sensor35071_S" textname="test sensor 35071"/>
			<item id="35072" losttest="3" iotype="AI" name="Sensor35072_S" textname="test sensor 35072"/>
			<item id="35073" losttest="3" iotype="AI" name="Sensor35073_S" textname="test sensor 35073"/>
			<item id="35074" losttest="3" iotype="AI" name="Sensor35074_S" textname="test sensor 35074"/>
			<item id="35075" losttest="3" iotype="AI" name="Sensor35075_S" textname="test sensor 35075"/>
			<item id="35076" losttest="3" iotype="AI" name="Sensor35076_S" textname="test sensor 35076"/>
			<item id="35077" losttest="3" iotype="AI" name="Sensor35077_S" textname="test sensor 35077"/>
			<item id="35078" losttest="3" iotype="AI" name="Sensor35078_S" textname="test sensor 35078"/>
			<item id="35079" losttest="3" iotype="AI" name="Sensor35079_S" textname="test sensor 35079"/>
			<item id="35080" losttest="3" iotype="AI" name="Sensor35080_S" textname="test sensor 35080"/>
			<item id="35081" losttest="3" iotype="AI" name="Sensor35081_S" textname="test sensor 35081"/>
			<item id="35082" losttest="3" iotype="AI" name="Sensor35082_S" textname="test sensor 35082"/>
			<item id="35083" losttest="3" iotype="AI" name="Sensor35083_S" textname="test sensor 35083"/>
			<item id="35084" losttest="3" iotype="AI" name="Sensor35084_S" textname="test sensor 35084"/>
			<item id="35085" losttest="3" iotype="AI" name="Sensor35085_S" textname="test sensor 35085"/>
			<item id="35086" losttest="3" iotype="AI" name="Sensor35086_S" textname="test sensor 35086"/>
			<item id="35087" losttest="3" iotype="AI" name="Sensor35087_S" textname="test sensor 35087"/>
			<item id="35088" losttest="3" iotype="AI" name="Sensor35088_S" textname="test sensor 35088"/>
			<item id="35089" losttest="3" iotype="AI" name="Sensor35089_S" textname="test sensor 35089"/>
			<item id="35090" losttest="3" iotype="AI" name="Sensor35090_S" textname="test sensor 35090"/>
			<item id="35091" losttest="3" iotype="AI" name="Sensor35091_S" textname="test sensor 35091"/>
			<item id="35092" losttest="3" iotype="AI" name="Sensor35092_S" textname="test sensor 35092"/>
			<item id="35093" losttest="3" iotype="AI" name="Sensor35093_S" textname="test sensor 35093"/>
			<item id="35094" losttest="3" iotype="AI" name="Sensor35094_S" textname="test sensor 35094"/>
			<item id="35095" losttest="3" iotype="AI" name="Sensor35095_S" textname="test sensor 35095"/>
			<item id="35096" losttest="3" iotype="AI" name="Sensor35096_S" textname="test sensor 35096"/>
			<item id="35097" losttest="3" iotype="AI" name="Sensor35097_S" textname="test sensor 35097"/>
			<item id="35098" losttest="3" iotype="AI" name="Sensor35098_S" textname="test sensor 35098"/>
			<item id="35099" losttest="3" iotype="AI" name="Sensor35099_S" textname="test sensor 35099"/>
			<item id="35100" losttest="3" iotype="AI" name="Sensor35100_S" textname="test sensor 35100"/>
			<item id="35101" losttest="3" iotype="AI" name="Sensor35101_S" textname="test sensor 35101"/>
			<item id="35102" losttest="3" iotype="AI" name="Sensor35102_S" textname="test sensor 35102"/>
			<item id="35103" losttest="3" iotype="AI" name="Sensor35103_S" textname="test sensor 35103"/>
			<item id="35104" losttest="3" iotype="AI" name="Sensor35104_S" textname="test sensor 35104"/>
			<item id="35105" losttest="3" iotype="AI" name="Sensor35105_S" textname="test sensor 35105"/>
			<item id="35106" losttest="3" iotype="AI" name="Sensor35106_S" textname="test sensor 35106"/>
			<item id="35107" losttest="3" iotype="AI" name="Sensor35107_S" textname="test sensor 35107"/>
			<item id="35108" losttest="3" iotype="AI" name="Sensor35108_S" textname="test sensor 35108"/>
			<item id="35109" losttest="3" iotype="AI" name="Sensor35109_S" textname="test sensor 35109"/>
			<item id="35110" losttest="3" iotype="AI" name="Sensor35110_S" textname="test sensor 35110"/>
			<item id="35111" losttest="3" iotype="AI" name="Sensor35111_S" textname="test sensor 35111"/>
			<item id="35112" losttest="3" iotype="AI" name="Sensor35112_S" textname="test sensor 35112"/>
			<item id="35113" losttest="3" iotype="AI" name="Sensor35113_S" textname="test sensor 35113"/>
			<item id="35114" losttest="3" iotype="AI" name="Sensor35114_S" textname="test sensor 35114"/>
			<item id="35115" losttest="3" iotype="AI" name="Sensor35115_S" textname="test sensor 35115"/>
			<item id="35116" losttest="3" iotype="AI" name="Sensor35116_S" textname="test sensor 35116"/>
			<item id="35117" losttest="3" iotype="AI" name="Sensor35117_S" textname="test sensor 35117"/>
			<item id="35118" losttest="3" iotype="AI" name="Sensor35118_S" textname="test sensor 35118"/>
			<item id="35119" losttest="3" iotype="AI" name="Sensor35119_S" textname="test sensor 35119"/>
			<item id="35120" losttest="3" iotype="AI" name="Sensor35120_S" textname="test sensor 35120"/>
			<item id="35121" losttest="3" iotype="AI" name="Sensor35121_S" textname="test sensor 35121"/>
			<item id="35122" losttest="3" iotype="AI" name="Sensor35122_S" textname="test sensor 35122"/>
			<item id="35123" losttest="3" iotype="AI" name="Sensor35123_S" textname="test sensor 35123"/>
			<item id="35124" losttest="3" iotype="AI" name="Sensor35124_S" textname="test sensor 35124"/>
			<item id="35125" losttest="3" iotype="AI" name="Sensor35125_S" textname="test sensor 35125"/>
			<item id="35126" losttest="3" iotype="AI" name="Sensor35126_S" textname="test sensor 35126"/>
			<item id="35127" losttest="3" iotype="AI" name="Sensor35127_S" textname="test sensor 35127"/>
			<item id="35128" losttest="3" iotype="AI" name="Sensor35128_S" textname="test sensor 35128"/>
			<item id="35129" losttest="3" iotype="AI" name="Sensor35129_S" textname="test sensor 35129"/>
			<item id="35130" losttest="3" iotype="AI" name="Sensor35130_S" textname="test sensor 35130"/>
			<item id="35131" losttest="3" iotype="AI" name="Sensor35131_S" textname="test sensor 35131"/>
			<item id="35132" losttest="3" iotype="AI" name="Sensor35132_S" textname="test sensor 35132"/>
			<item id="35133" losttest="3" iotype="AI" name="Sensor35133_S" textname="test sensor 35133"/>
			<item id="35134" losttest="3" iotype="AI" name="Sensor35134_S" textname="test sensor 35134"/>
			<item id="35135" losttest="3" iotype="AI" name="Sensor35135_S" textname="test sensor 35135"/>
			<item id="35136" losttest="3" iotype="AI" name="Sensor35136_S" textname="test sensor 35136"/>
			<item id="35137" losttest="3" iotype="AI" name="Sensor35137_S" textname="test sensor 35137"/>
			<item id="35138" losttest="3" iotype="AI" name="Sensor35138_S" textname="test sensor 35138"/>
			<item id="35139" losttest="3" iotype="AI" name="Sensor35139_S" textname="test sensor 35139"/>
			<item id="35140" losttest="3" iotype="AI" name="Sensor35140_S" textname="test sensor 35140"/>
			<item id="35141" losttest="3" iotype="AI" name="Sensor35141_S" textname="test sensor 35141"/>
			<item id="35142" losttest="3" iotype="AI" name="Sensor35142_S" textname="test sensor 35142"/>
			<item id="35143" losttest="3" iotype="AI" name="Sensor35143_S" textname="test sensor 35143"/>
			<item id="35144" losttest="3" iotype="AI" name="Sensor35144_S" textname="test sensor 35144"/>
			<item id="35145" losttest="3" iotype="AI" name="Sensor35145_S" textname="test sensor 35145"/>
			<item id="35146" losttest="3" iotype="AI" name="Sensor35146_S" textname="test sensor 35146"/>
			<item id="35147" losttest="3" iotype="AI" name="Sensor35147_S" textname="test sensor 35147"/>
			<item id="35148" losttest="3" iotype="AI" name="Sensor35148_S" textname="test sensor 35148"/>
			<item id="35149" losttest="3" iotype="AI" name="Sensor35149_S" textname="test sensor 35149"/>
			<item id="35150" losttest="3" iotype="AI" name="Sensor35150_S" textname="test sensor 35150"/>
			<item id="35151" losttest="3" iotype="AI" name="Sensor35151_S" textname="test sensor 35151"/>
			<item id="35152" losttest="3" iotype="AI" name="Sensor35152_S" textname="test sensor 35152"/>
			<item id="35153" losttest="3" iotype="AI" name="Sensor35153_S" textname="test sensor 35153"/>
			<item id="35154" losttest="3" iotype="AI" name="Sensor35154_S" textname="test sensor 35154"/>
			<item id="35155" losttest="3" iotype="AI" name="Sensor35155_S" textname="test sensor 35155"/>
			<item id="35156" losttest="3" iotype="AI" name="Sensor35156_S" textname="test sensor 35156"/>
			<item id="35157" losttest="3" iotype="AI" name="Sensor35157_S" textname="test sensor 35157"/>
			<item id="35158" losttest="3" iotype="AI" name="Sensor35158_S" textname="test sensor 35158"/>
			<item id="35159" losttest="3" iotype="AI" name="Sensor35159_S" textname="test sensor 35159"/>
			<item id="35160" losttest="3" iotype="AI" name="Sensor35160_S" textname="test sensor 35160"/>
			<item id="35161" losttest="3" iotype="AI" name="Sensor35161_S" textname="test sensor 35161"/>
			<item id="35162" losttest="3" iotype="AI" name="Sensor35162_S" textname="test sensor 35162"/>
			<item id="35163" losttest="3" iotype="AI" name="Sensor35163_S" textname="test sensor 35163"/>
			<item id="35164" losttest="3" iotype="AI" name="Sensor35164_S" textname="test sensor 35164"/>
			<item id="35165" losttest="3" iotype="AI" name="Sensor35165_S" textname="test sensor 35165"/>
			<item id="35166" losttest="3" iotype="AI" name="Sensor35166_S" textname="test sensor 35166"/>
			<item id="35167" losttest="3" iotype="AI" name="Sensor35167_S" textname="test sensor 35167"/>
			<item id="35168" losttest="3" iotype="AI" name="Sensor35168_S" textname="test sensor 35168"/>
			<item id="35169" losttest="3" iotype="AI" name="Sensor35169_S" textname="test sensor 35169"/>
			<item id="35170" losttest="3" iotype="AI" name="Sensor35170_S" textname="test sensor 35170"/>
			<item id="35171" losttest="3" iotype="AI" name="Sensor35171_S" textname="test sensor 35171"/>
			<item id="35172" losttest="3" iotype="AI" name="Sensor35172_S" textname="test sensor 35172"/>
			<item id="35173" losttest="3" iotype="AI" name="Sensor35173_S" textname="test sensor 35173"/>
			<item id="35174" losttest="3" iotype="AI" name="Sensor35174_S" textname="test sensor 35174"/>
			<item id="35175" losttest="3" iotype="AI" name="Sensor35175_S" textname="test sensor 35175"/>
			<item id="35176" losttest="3" iotype="AI" name="Sensor35176_S" textname="test sensor 35176"/>
			<item id="35177" losttest="3" iotype="AI" name="Sensor35177_S" textname="test sensor 35177"/>
			<item id="35178" losttest="3" iotype="AI" name="Sensor35178_S" textname="test sensor 35178"/>
			<item id="35179" losttest="3" iotype="AI" name="Sensor35179_S" textname="test sensor 35179"/>
			<item id="35180" losttest="3" iotype="AI" name="Sensor35180_S" textname="test sensor 35180"/>
			<item id="35181" losttest="3" iotype="AI" name="Sensor35181_S" textname="test sensor 35181"/>
			<item id="35182" losttest="3" iotype="AI" name="Sensor35182_S" textname="test sensor 35182"/>
			<item id="35183" losttest="3" iotype="AI" name="Sensor35183_S" textname="test sensor 35183"/>
			<item id="35184" losttest="3" iotype="AI" name="Sensor35184_S" textname="test sensor 35184"/>
			<item id="35185" losttest="3" iotype="AI" name="Sensor35185_S" textname="test sensor 35185"/>
			<item id="35186" losttest="3" iotype="AI" name="Sensor35186_S" textname="test sensor 35186"/>
			<item id="35187" losttest="3" iotype="AI" name="Sensor35187_S" textname="test sensor 35187"/>
			<item id="35188" losttest="3" iotype="AI" name="Sensor35188_S" textname="test sensor 35188"/>
			<item id="35189" losttest="3" iotype="AI" name="Sensor35189_S" textname="test sensor 35189"/>
			<item id="35190" losttest="3" iotype="AI" name="Sensor35190_S" textname="test sensor 35190"/>
			<item id="35191" losttest="3" iotype="AI" name="Sensor35191_S" textname="test sensor 35191"/>
			<item id="35192" losttest="3" iotype="AI" name="Sensor35192_S" textname="test sensor 35192"/>
			<item id="35193" losttest="3" iotype="AI" name="Sensor35193_S" textname="test sensor 35193"/>
			<item id="35194" losttest="3" iotype="AI" name="Sensor35194_S" textname="test sensor 35194"/>
			<item id="35195" losttest="3" iotype="AI" name="Sensor35195_S" textname="test sensor 35195"/>
			<item id="35196" losttest="3" iotype="AI" name="Sensor35196_S" textname="test sensor 35196"/>
			<item id="35197" losttest="3" iotype="AI" name="Sensor35197_S" textname="test sensor 35197"/>
			<item id="35198" losttest="3" iotype="AI" name="Sensor35198_S" textname="test sensor 35198"/>
			<item id="35199" losttest="3" iotype="AI" name="Sensor35199_S" textname="test sensor 35199"/>
			<item id="35200" losttest="3" iotype="AI" name="Sensor35200_S" textname="test sensor 35200"/>
			<item id="35201" losttest="3" iotype="AI" name="Sensor35201_S" textname="test sensor 35201"/>
			<item id="35202" losttest="3" iotype="AI" name="Sensor35202_S" textname="test sensor 35202"/>
			<item id="35203" losttest="3" iotype="AI" name="Sensor35203_S" textname="test sensor 35203"/>
			<item id="35204" losttest="3" iotype="AI" name="Sensor35204_S" textname="test sensor 35204"/>
			<item id="35205" losttest="3" iotype="AI" name="Sensor35205_S" textname="test sensor 35205"/>
			<item id="35206" losttest="3" iotype="AI" name="Sensor35206_S" textname="test sensor 35206"/>
			<item id="35207" losttest="3" iotype="AI" name="Sensor35207_S" textname="test sensor 35207"/>
			<item id="35208" losttest="3" iotype="AI" name="Sensor35208_S" textname="test sensor 35208"/>
			<item id="35209" losttest="3" iotype="AI" name="Sensor35209_S" textname="test sensor 35209"/>
			<item id="35210" losttest="3" iotype="AI" name="Sensor35210_S" textname="test sensor 35210"/>
			<item id="35211" losttest="3" iotype="AI" name="Sensor35211_S" textname="test sensor 35211"/>
			<item id="35212" losttest="3" iotype="AI" name="Sensor35212_S" textname="test sensor 35212"/>
			<item id="35213" losttest="3" iotype="AI" name="Sensor35213_S" textname="test sensor 35213"/>
			<item id="35214" losttest="3" iotype="AI" name="Sensor35214_S" textname="test sensor 35214"/>
			<item id="35215" losttest="3" iotype="AI" name="Sensor35215_S" textname="test sensor 35215"/>
			<item id="35216" losttest="3" iotype="AI" name="Sensor35216_S" textname="test sensor 35216"/>
			<item id="35217" losttest="3" iotype="AI" name="Sensor35217_S" textname="test sensor 35217"/>
			<item id="35218" losttest="3" iotype="AI" name="Sensor35218_S" textname="test sensor 35218"/>
			<item id="35219" losttest="3" iotype="AI" name="Sensor35219_S" textname="test sensor 35219"/>
			<item id="35220" losttest="3" iotype="AI" name="Sensor35220_S" textname="test sensor 35220"/>
			<item id="35221" losttest="3" iotype="AI" name="Sensor35221_S" textname="test sensor 35221"/>
			<item id="35222" losttest="3" iotype="AI" name="Sensor35222_S" textname="test sensor 35222"/>
			<item id="35223" losttest="3" iotype="AI" name="Sensor35223_S" textname="test sensor 35223"/>
			<item id="35224" losttest="3" iotype="AI" name="Sensor35224_S" textname="test sensor 35224"/>
			<item id="35225" losttest="3" iotype="AI" name="Sensor35225_S" textname="test sensor 35225"/>
			<item id="35226" losttest="3" iotype="AI" name="Sensor35226_S" textname="test sensor 35226"/>
			<item id="35227" losttest="3" iotype="AI" name="Sensor35227_S" textname="test sensor 35227"/>
			<item id="35228" losttest="3" iotype="AI" name="Sensor35228_S" textname="test sensor 35228"/>
			<item id="35229" losttest="3" iotype="AI" name="Sensor35229_S" textname="test sensor 35229"/>
			<item id="35230" losttest="3" iotype="AI" name="Sensor35230_S" textname="test sensor 35230"/>
			<item id="35231" losttest="3" iotype="AI" name="Sensor35231_S" textname="test sensor 35231"/>
			<item id="35232" losttest="3" iotype="AI" name="Sensor35232_S" textname="test sensor 35232"/>
			<item id="35233" losttest="3" iotype="AI" name="Sensor35233_S" textname="test sensor 35233"/>
			<item id="35234" losttest="3" iotype="AI" name="Sensor35234_S" textname="test sensor 35234"/>
			<item id="35235" losttest="3" iotype="AI" name="Sensor35235_S" textname="test sensor 35235"/>
			<item id="35236" losttest="3" iotype="AI" name="Sensor35236_S" textname="test sensor 35236"/>
			<item id="35237" losttest="3" iotype="AI" name="Sensor35237_S" textname="test sensor 35237"/>
			<item id="35238" losttest="3" iotype="AI" name="Sensor35238_S" textname="test sensor 35238"/>
			<item id="35239" losttest="3" iotype="AI" name="Sensor35239_S" textname="test sensor 35239"/>
			<item id="35240" losttest="3" iotype="AI" name="Sensor35240_S" textname="test sensor 35240"/>
			<item id="35241" losttest="3" iotype="AI" name="Sensor35241_S" textname="test sensor 35241"/>
			<item id="35242" losttest="3" iotype="AI" name="Sensor35242_S" textname="test sensor 35242"/>
			<item id="35243" losttest="3" iotype="AI" name="Sensor35243_S" textname="test sensor 35243"/>
			<item id="35244" losttest="3" iotype="AI" name="Sensor35244_S" textname="test sensor 35244"/>
			<item id="35245" losttest="3" iotype="AI" name="Sensor35245_S" textname="test sensor 35245"/>
			<item id="35246" losttest="3" iotype="AI" name="Sensor35246_S" textname="test sensor 35246"/>
			<item id="35247" losttest="3" iotype="AI" name="Sensor35247_S" textname="test sensor 35247"/>
			<item id="35248" losttest="3" iotype="AI" name="Sensor35248_S" textname="test sensor 35248"/>
			<item id="35249" losttest="3" iotype="AI" name="Sensor35249_S" textname="test sensor 35249"/>
			<item id="35250" losttest="3" iotype="AI" name="Sensor35250_S" textname="test sensor 35250"/>
			<item id="35251" losttest="3" iotype="AI" name="Sensor35251_S" textname="test sensor 35251"/>
			<item id="35252" losttest="3" iotype="AI" name="Sensor35252_S" textname="test sensor 35252"/>
			<item id="35253" losttest="3" iotype="AI" name="Sensor35253_S" textname="test sensor 35253"/>
			<item id="35254" losttest="3" iotype="AI" name="Sensor35254_S" textname="test sensor 35254"/>
			<item id="35255" losttest="3" iotype="AI" name="Sensor35255_S" textname="test sensor 35255"/>
			<item id="35256" losttest="3" iotype="AI" name="Sensor35256_S" textname="test sensor 35256"/>
			<item id="35257" losttest="3" iotype="AI" name="Sensor35257_S" textname="test sensor 35257"/>
			<item id="35258" losttest="3" iotype="AI" name="Sensor35258_S" textname="test sensor 35258"/>
			<item id="35259" losttest="3" iotype="AI" name="Sensor35259_S" textname="test sensor 35259"/>
			<item id="35260" losttest="3" iotype="AI" name="Sensor35260_S" textname="test sensor 35260"/>
			<item id="35261" losttest="3" iotype="AI" name="Sensor35261_S" textname="test sensor 35261"/>
			<item id="35262" losttest="3" iotype="AI" name="Sensor35262_S" textname="test sensor 35262"/>
			<item id="35263" losttest="3" iotype="AI" name="Sensor35263_S" textname="test sensor 35263"/>
			<item id="35264" losttest="3" iotype="AI" name="Sensor35264_S" textname="test sensor 35264"/>
			<item id="35265" losttest="3" iotype="AI" name="Sensor35265_S" textname="test sensor 35265"/>
			<item id="35266" losttest="3" iotype="AI" name="Sensor35266_S" textname="test sensor 35266"/>
			<item id="35267" losttest="3" iotype="AI" name="Sensor35267_S" textname="test sensor 35267"/>
			<item id="35268" losttest="3" iotype="AI" name="Sensor35268_S" textname="test sensor 35268"/>
			<item id="35269" losttest="3" iotype="AI" name="Sensor35269_S" textname="test sensor 35269"/>
			<item id="35270" losttest="3" iotype="AI" name="Sensor35270_S" textname="test sensor 35270"/>
			<item id="35271" losttest="3" iotype="AI" name="Sensor35271_S" textname="test sensor 35271"/>
			<item id="35272" losttest="3" iotype="AI" name="Sensor35272_S" textname="test sensor 35272"/>
			<item id="35273" losttest="3" iotype="AI" name="Sensor35273_S" textname="test sensor 35273"/>
			<item id="35274" losttest="3" iotype="AI" name="Sensor35274_S" textname="test sensor 35274"/>
			<item id="35275" losttest="3" iotype="AI" name="Sensor35275_S" textname="test sensor 35275"/>
			<item id="35276" losttest="3" iotype="AI" name="Sensor35276_S" textname="test sensor 35276"/>
			<item id="35277" losttest="3" iotype="AI" name="Sensor35277_S" textname="test sensor 35277"/>
			<item id="35278" losttest="3" iotype="AI" name="Sensor35278_S" textname="test sensor 35278"/>
			<item id="35279" losttest="3" iotype="AI" name="Sensor35279_S" textname="test sensor 35279"/>
			<item id="35280" losttest="3" iotype="AI" name="Sensor35280_S" textname="test sensor 35280"/>
			<item id="35281" losttest="3" iotype="AI" name="Sensor35281_S" textname="test sensor 35281"/>
			<item id="35282" losttest="3" iotype="AI" name="Sensor35282_S" textname="test sensor 35282"/>
			<item id="35283" losttest="3" iotype="AI" name="Sensor35283_S" textname="test sensor 35283"/>
			<item id="35284" losttest="3" iotype="AI" name="Sensor35284_S" textname="test sensor 35284"/>
			<item id="35285" losttest="3" iotype="AI" name="Sensor35285_S" textname="test sensor 35285"/>
			<item id="35286" losttest="3" iotype="AI" name="Sensor35286_S" textname="test sensor 35286"/>
			<item id="35287" losttest="3" iotype="AI" name="Sensor35287_S" textname="test sensor 35287"/>
			<item id="35288" losttest="3" iotype="AI" name="Sensor35288_S" textname="test sensor 35288"/>
			<item id="35289" losttest="3" iotype="AI" name="Sensor35289_S" textname="test sensor 35289"/>
			<item id="35290" losttest="3" iotype="AI" name="Sensor35290_S" textname="test sensor 35290"/>
			<item id="35291" losttest="3" iotype="AI" name="Sensor35291_S" textname="test sensor 35291"/>
			<item id="35292" losttest="3" iotype="AI" name="Sensor35292_S" textname="test sensor 35292"/>
			<item id="35293" losttest="3" iotype="AI" name="Sensor35293_S" textname="test sensor 35293"/>
			<item id="35294" losttest="3" iotype="AI" name="Sensor35294_S" textname="test sensor 35294"/>
			<item id="35295" losttest="3" iotype="AI" name="Sensor35295_S" textname="test sensor 35295"/>
			<item id="35296" losttest="3" iotype="AI" name="Sensor35296_S" textname="test sensor 35296"/>
			<item id="35297" losttest="3" iotype="AI" name="Sensor35297_S" textname="test sensor 35297"/>
			<item id="35298" losttest="3" iotype="AI" name="Sensor35298_S" textname="test sensor 35298"/>
			<item id="35299" losttest="3" iotype="AI" name="Sensor35299_S" textname="test sensor 35299"/>
			<item id="35300" losttest="3" iotype="AI" name="Sensor35300_S" textname="test sensor 35300"/>
			<item id="35301" losttest="3" iotype="AI" name="Sensor35301_S" textname="test sensor 35301"/>
			<item id="35302" losttest="3" iotype="AI" name="Sensor35302_S" textname="test sensor 35302"/>
			<item id="35303" losttest="3" iotype="AI" name="Sensor35303_S" textname="test sensor 35303"/>
			<item id="35304" losttest="3" iotype="AI" name="Sensor35304_S" textname="test sensor 35304"/>
			<item id="35305" losttest="3" iotype="AI" name="Sensor35305_S" textname="test sensor 35305"/>
			<item id="35306" losttest="3" iotype="AI" name="Sensor35306_S" textname="test sensor 35306"/>
			<item id="35307" losttest="3" iotype="AI" name="Sensor35307_S" textname="test sensor 35307"/>
			<item id="35308" losttest="3" iotype="AI" name="Sensor35308_S" textname="test sensor 35308"/>
			<item id="35309" losttest="3" iotype="AI" name="Sensor35309_S" textname="test sensor 35309"/>
			<item id="35310" losttest="3" iotype="AI" name="Sensor35310_S" textname="test sensor 35310"/>
			<item id="35311" losttest="3" iotype="AI" name="Sensor35311_S" textname="test sensor 35311"/>
			<item id="35312" losttest="3" iotype="AI" name="Sensor35312_S" textname="test sensor 35312"/>
			<item id="35313" losttest="3" iotype="AI" name="Sensor35313_S" textname="test sensor 35313"/>
			<item id="35314" losttest="3" iotype="AI" name="Sensor35314_S" textname="test sensor 35314"/>
			<item id="35315" losttest="3" iotype="AI" name="Sensor35315_S" textname="test sensor 35315"/>
			<item id="35316" losttest="3" iotype="AI" name="Sensor35316_S" textname="test sensor 35316"/>
			<item id="35317" losttest="3" iotype="AI" name="Sensor35317_S" textname="test sensor 35317"/>
			<item id="35318" losttest="3" iotype="AI" name="Sensor35318_S" textname="test sensor 35318"/>
			<item id="35319" losttest="3" iotype="AI" name="Sensor35319_S" textname="test sensor 35319"/>
			<item id="35320" losttest="3" iotype="AI" name="Sensor35320_S" textname="test sensor 35320"/>
			<item id="35321" losttest="3" iotype="AI" name="Sensor35321_S" textname="test sensor 35321"/>
			<item id="35322" losttest="3" iotype="AI" name="Sensor35322_S" textname="test sensor 35322"/>
			<item id="35323" losttest="3" iotype="AI" name="Sensor35323_S" textname="test sensor 35323"/>
			<item id="35324" losttest="3" iotype="AI" name="Sensor35324_S" textname="test sensor 35324"/>
			<item id="35325" losttest="3" iotype="AI" name="Sensor35325_S" textname="test sensor 35325"/>
			<item id="35326" losttest="3" iotype="AI" name="Sensor35326_S" textname="test sensor 35326"/>
			<item id="35327" losttest="3" iotype="AI" name="Sensor35327_S" textname="test sensor 35327"/>
			<item id="35328" losttest="3" iotype="AI" name="Sensor35328_S" textname="test sensor 35328"/>
			<item id="35329" losttest="3" iotype="AI" name="Sensor35329_S" textname="test sensor 35329"/>
			<item id="35330" losttest="3" iotype="AI" name="Sensor35330_S" textname="test sensor 35330"/>
			<item id="35331" losttest="3" iotype="AI" name="Sensor35331_S" textname="test sensor 35331"/>
			<item id="35332" losttest="3" iotype="AI" name="Sensor35332_S" textname="test sensor 35332"/>
			<item id="35333" losttest="3" iotype="AI" name="Sensor35333_S" textname="test sensor 35333"/>
			<item id="35334" losttest="3" iotype="AI" name="Sensor35334_S" textname="test sensor 35334"/>
			<item id="35335" losttest="3" iotype="AI" name="Sensor35335_S" textname="test sensor 35335"/>
			<item id="35336" losttest="3" iotype="AI" name="Sensor35336_S" textname="test sensor 35336"/>
			<item id="35337" losttest="3" iotype="AI" name="Sensor35337_S" textname="test sensor 35337"/>
			<item id="35338" losttest="3" iotype="AI" name="Sensor35338_S" textname="test sensor 35338"/>
			<item id="35339" losttest="3" iotype="AI" name="Sensor35339_S" textname="test sensor 35339"/>
			<item id="35340" losttest="3" iotype="AI" name="Sensor35340_S" textname="test sensor 35340"/>
			<item id="35341" losttest="3" iotype="AI" name="Sensor35341_S" textname="test sensor 35341"/>
			<item id="35342" losttest="3" iotype="AI" name="Sensor35342_S" textname="test sensor 35342"/>
			<item id="35343" losttest="3" iotype="AI" name="Sensor35343_S" textname="test sensor 35343"/>
			<item id="35344" losttest="3" iotype="AI" name="Sensor35344_S" textname="test sensor 35344"/>
			<item id="35345" losttest="3" iotype="AI" name="Sensor35345_S" textname="test sensor 35345"/>
			<item id="35346" losttest="3" iotype="AI" name="Sensor35346_S" textname="test sensor 35346"/>
			<item id="35347" losttest="3" iotype="AI" name="Sensor35347_S" textname="test sensor 35347"/>
			<item id="35348" losttest="3" iotype="AI" name="Sensor35348_S" textname="test sensor 35348"/>
			<item id="35349" losttest="3" iotype="AI" name="Sensor35349_S" textname="test sensor 35349"/>
			<item id="35350" losttest="3" iotype="AI" name="Sensor35350_S" textname="test sensor 35350"/>
			<item id="35351" losttest="3" iotype="AI" name="Sensor35351_S" textname="test sensor 35351"/>
			<item id="35352" losttest="3" iotype="AI" name="Sensor35352_S" textname="test sensor 35352"/>
			<item id="35353" losttest="3" iotype="AI" name="Sensor35353_S" textname="test sensor 35353"/>
			<item id="35354" losttest="3" iotype="AI" name="Sensor35354_S" textname="test sensor 35354"/>
			<item id="35355" losttest="3" iotype="AI" name="Sensor35355_S" textname="test sensor 35355"/>
			<item id="35356" losttest="3" iotype="AI" name="Sensor35356_S" textname="test sensor 35356"/>
			<item id="35357" losttest="3" iotype="AI" name="Sensor35357_S" textname="test sensor 35357"/>
			<item id="35358" losttest="3" iotype="AI" name="Sensor35358_S" textname="test sensor 35358"/>
			<item id="35359" losttest="3" iotype="AI" name="Sensor35359_S" textname="test sensor 35359"/>
			<item id="35360" losttest="3" iotype="AI" name="Sensor35360_S" textname="test sensor 35360"/>
			<item id="35361" losttest="3" iotype="AI" name="Sensor35361_S" textname="test sensor 35361"/>
			<item id="35362" losttest="3" iotype="AI" name="Sensor35362_S" textname="test sensor 35362"/>
			<item id="35363" losttest="3" iotype="AI" name="Sensor35363_S" textname="test sensor 35363"/>
			<item id="35364" losttest="3" iotype="AI" name="Sensor35364_S" textname="test sensor 35364"/>
			<item id="35365" losttest="3" iotype="AI" name="Sensor35365_S" textname="test sensor 35365"/>
			<item id="35366" losttest="3" iotype="AI" name="Sensor35366_S" textname="test sensor 35366"/>
			<item id="35367" losttest="3" iotype="AI" name="Sensor35367_S" textname="test sensor 35367"/>
			<item id="35368" losttest="3" iotype="AI" name="Sensor35368_S" textname="test sensor 35368"/>
			<item id="35369" losttest="3" iotype="AI" name="Sensor35369_S" textname="test sensor 35369"/>
			<item id="35370" losttest="3" iotype="AI" name="Sensor35370_S" textname="test sensor 35370"/>
			<item id="35371" losttest="3" iotype="AI" name="Sensor35371_S" textname="test sensor 35371"/>
			<item id="35372" losttest="3" iotype="AI" name="Sensor35372_S" textname="test sensor 35372"/>
			<item id="35373" losttest="3" iotype="AI" name="Sensor35373_S" textname="test sensor 35373"/>
			<item id="35374" losttest="3" iotype="AI" name="Sensor35374_S" textname="test sensor 35374"/>
			<item id="35375" losttest="3" iotype="AI" name="Sensor35375_S" textname="test sensor 35375"/>
			<item id="35376" losttest="3" iotype="AI" name="Sensor35376_S" textname="test sensor 35376"/>
			<item id="35377" losttest="3" iotype="AI" name="Sensor35377_S" textname="test sensor 35377"/>
			<item id="35378" losttest="3" iotype="AI" name="Sensor35378_S" textname="test sensor 35378"/>
			<item id="35379" losttest="3" iotype="AI" name="Sensor35379_S" textname="test sensor 35379"/>
			<item id="35380" losttest="3" iotype="AI" name="Sensor35380_S" textname="test sensor 35380"/>
			<item id="35381" losttest="3" iotype="AI" name="Sensor35381_S" textname="test sensor 35381"/>
			<item id="35382" losttest="3" iotype="AI" name="Sensor35382_S" textname="test sensor 35382"/>
			<item id="35383" losttest="3" iotype="AI" name="Sensor35383_S" textname="test sensor 35383"/>
			<item id="35384" losttest="3" iotype="AI" name="Sensor35384_S" textname="test sensor 35384"/>
			<item id="35385" losttest="3" iotype="AI" name="Sensor35385_S" textname="test sensor 35385"/>
			<item id="35386" losttest="3" iotype="AI" name="Sensor35386_S" textname="test sensor 35386"/>
			<item id="35387" losttest="3" iotype="AI" name="Sensor35387_S" textname="test sensor 35387"/>
			<item id="35388" losttest="3" iotype="AI" name="Sensor35388_S" textname="test sensor 35388"/>
			<item id="35389" losttest="3" iotype="AI" name="Sensor35389_S" textname="test sensor 35389"/>
			<item id="35390" losttest="3" iotype="AI" name="Sensor35390_S" textname="test sensor 35390"/>
			<item id="35391" losttest="3" iotype="AI" name="Sensor35391_S" textname="test sensor 35391"/>
			<item id="35392" losttest="3" iotype="AI" name="Sensor35392_S" textname="test sensor 35392"/>
			<item id="35393" losttest="3" iotype="AI" name="Sensor35393_S" textname="test sensor 35393"/>
			<item id="35394" losttest="3" iotype="AI" name="Sensor35394_S" textname="test sensor 35394"/>
			<item id="35395" losttest="3" iotype="AI" name="Sensor35395_S" textname="test sensor 35395"/>
			<item id="35396" losttest="3" iotype="AI" name="Sensor35396_S" textname="test sensor 35396"/>
			<item id="35397" losttest="3" iotype="AI" name="Sensor35397_S" textname="test sensor 35397"/>
			<item id="35398" losttest="3" iotype="AI" name="Sensor35398_S" textname="test sensor 35398"/>
			<item id="35399" losttest="3" iotype="AI" name="Sensor35399_S" textname="test sensor 35399"/>
			<item id="35400" losttest="3" iotype="AI" name="Sensor35400_S" textname="test sensor 35400"/>
			<item id="35401" losttest="3" iotype="AI" name="Sensor35401_S" textname="test sensor 35401"/>
			<item id="35402" losttest="3" iotype="AI" name="Sensor35402_S" textname="test sensor 35402"/>
			<item id="35403" losttest="3" iotype="AI" name="Sensor35403_S" textname="test sensor 35403"/>
			<item id="35404" losttest="3" iotype="AI" name="Sensor35404_S" textname="test sensor 35404"/>
			<item id="35405" losttest="3" iotype="AI" name="Sensor35405_S" textname="test sensor 35405"/>
			<item id="35406" losttest="3" iotype="AI" name="Sensor35406_S" textname="test sensor 35406"/>
			<item id="35407" losttest="3" iotype="AI" name="Sensor35407_S" textname="test sensor 35407"/>
			<item id="35408" losttest="3" iotype="AI" name="Sensor35408_S" textname="test sensor 35408"/>
			<item id="35409" losttest="3" iotype="AI" name="Sensor35409_S" textname="test sensor 35409"/>
			<item id="35410" losttest="3" iotype="AI" name="Sensor35410_S" textname="test sensor 35410"/>
			<item id="35411" losttest="3" iotype="AI" name="Sensor35411_S" textname="test sensor 35411"/>
			<item id="35412" losttest="3" iotype="AI" name="Sensor35412_S" textname="test sensor 35412"/>
			<item id="35413" losttest="3" iotype="AI" name="Sensor35413_S" textname="test sensor 35413"/>
			<item id="35414" losttest="3" iotype="AI" name="Sensor35414_S" textname="test sensor 35414"/>
			<item id="35415" losttest="3" iotype="AI" name="Sensor35415_S" textname="test sensor 35415"/>
			<item id="35416" losttest="3" iotype="AI" name="Sensor35416_S" textname="test sensor 35416"/>
			<item id="35417" losttest="3" iotype="AI" name="Sensor35417_S" textname="test sensor 35417"/>
			<item id="35418" losttest="3" iotype="AI" name="Sensor35418_S" textname="test sensor 35418"/>
			<item id="35419" losttest="3" iotype="AI" name="Sensor35419_S" textname="test sensor 35419"/>
			<item id="35420" losttest="3" iotype="AI" name="Sensor35420_S" textname="test sensor 35420"/>
			<item id="35421" losttest="3" iotype="AI" name="Sensor35421_S" textname="test sensor 35421"/>
			<item id="35422" losttest="3" iotype="AI" name="Sensor35422_S" textname="test sensor 35422"/>
			<item id="35423" losttest="3" iotype="AI" name="Sensor35423_S" textname="test sensor 35423"/>
			<item id="35424" losttest="3" iotype="AI" name="Sensor35424_S" textname="test sensor 35424"/>
			<item id="35425" losttest="3" iotype="AI" name="Sensor35425_S" textname="test sensor 35425"/>
			<item id="35426" losttest="3" iotype="AI" name="Sensor35426_S" textname="test sensor 35426"/>
			<item id="35427" losttest="3" iotype="AI" name="Sensor35427_S" textname="test sensor 35427"/>
			<item id="35428" losttest="3" iotype="AI" name="Sensor35428_S" textname="test sensor 35428"/>
			<item id="35429" losttest="3" iotype="AI" name="Sensor35429_S" textname="test sensor 35429"/>
			<item id="35430" losttest="3" iotype="AI" name="Sensor35430_S" textname="test sensor 35430"/>
			<item id="35431" losttest="3" iotype="AI" name="Sensor35431_S" textname="test sensor 35431"/>
			<item id="35432" losttest="3" iotype="AI" name="Sensor35432_S" textname="test sensor 35432"/>
			<item id="35433" losttest="3" iotype="AI" name="Sensor35433_S" textname="test sensor 35433"/>
			<item id="35434" losttest="3" iotype="AI" name="Sensor35434_S" textname="test sensor 35434"/>
			<item id="35435" losttest="3" iotype="AI" name="Sensor35435_S" textname="test sensor 35435"/>
			<item id="35436" losttest="3" iotype="AI" name="Sensor35436_S" textname="test sensor 35436"/>
			<item id="35437" losttest="3" iotype="AI" name="Sensor35437_S" textname="test sensor 35437"/>
			<item id="35438" losttest="3" iotype="AI" name="Sensor35438_S" textname="test sensor 35438"/>
			<item id="35439" losttest="3" iotype="AI" name="Sensor35439_S" textname="test sensor 35439"/>
			<item id="35440" losttest="3" iotype="AI" name="Sensor35440_S" textname="test sensor 35440"/>
			<item id="35441" losttest="3" iotype="AI" name="Sensor35441_S" textname="test sensor 35441"/>
			<item id="35442" losttest="3" iotype="AI" name="Sensor35442_S" textname="test sensor 35442"/>
			<item id="35443" losttest="3" iotype="AI" name="Sensor35443_S" textname="test sensor 35443"/>
			<item id="35444" losttest="3" iotype="AI" name="Sensor35444_S" textname="test sensor 35444"/>
			<item id="35445" losttest="3" iotype="AI" name="Sensor35445_S" textname="test sensor 35445"/>
			<item id="35446" losttest="3" iotype="AI" name="Sensor35446_S" textname="test sensor 35446"/>
			<item id="35447" losttest="3" iotype="AI" name="Sensor35447_S" textname="test sensor 35447"/>
			<item id="35448" losttest="3" iotype="AI" name="Sensor35448_S" textname="test sensor 35448"/>
			<item id="35449" losttest="3" iotype="AI" name="Sensor35449_S" textname="test sensor 35449"/>
			<item id="35450" losttest="3" iotype="AI" name="Sensor35450_S" textname="test sensor 35450"/>
			<item id="35451" losttest="3" iotype="AI" name="Sensor35451_S" textname="test sensor 35451"/>
			<item id="35452" losttest="3" iotype="AI" name="Sensor35452_S" textname="test sensor 35452"/>
			<item id="35453" losttest="3" iotype="AI" name="Sensor35453_S" textname="test sensor 35453"/>
			<item id="35454" losttest="3" iotype="AI" name="Sensor35454_S" textname="test sensor 35454"/>
			<item id="35455" losttest="3" iotype="AI" name="Sensor35455_S" textname="test sensor 35455"/>
			<item id="35456" losttest="3" iotype="AI" name="Sensor35456_S" textname="test sensor 35456"/>
			<item id="35457" losttest="3" iotype="AI" name="Sensor35457_S" textname="test sensor 35457"/>
			<item id="35458" losttest="3" iotype="AI" name="Sensor35458_S" textname="test sensor 35458"/>
			<item id="35459" losttest="3" iotype="AI" name="Sensor35459_S" textname="test sensor 35459"/>
			<item id="35460" losttest="3" iotype="AI" name="Sensor35460_S" textname="test sensor 35460"/>
			<item id="35461" losttest="3" iotype="AI" name="Sensor35461_S" textname="test sensor 35461"/>
			<item id="35462" losttest="3" iotype="AI" name="Sensor35462_S" textname="test sensor 35462"/>
			<item id="35463" losttest="3" iotype="AI" name="Sensor35463_S" textname="test sensor 35463"/>
			<item id="35464" losttest="3" iotype="AI" name="Sensor35464_S" textname="test sensor 35464"/>
			<item id="35465" losttest="3" iotype="AI" name="Sensor35465_S" textname="test sensor 35465"/>
			<item id="35466" losttest="3" iotype="AI" name="Sensor35466_S" textname="test sensor 35466"/>
			<item id="35467" losttest="3" iotype="AI" name="Sensor35467_S" textname="test sensor 35467"/>
			<item id="35468" losttest="3" iotype="AI" name="Sensor35468_S" textname="test sensor 35468"/>
			<item id="35469" losttest="3" iotype="AI" name="Sensor35469_S" textname="test sensor 35469"/>
			<item id="35470" losttest="3" iotype="AI" name="Sensor35470_S" textname="test sensor 35470"/>
			<item id="35471" losttest="3" iotype="AI" name="Sensor35471_S" textname="test sensor 35471"/>
			<item id="35472" losttest="3" iotype="AI" name="Sensor35472_S" textname="test sensor 35472"/>
			<item id="35473" losttest="3" iotype="AI" name="Sensor35473_S" textname="test sensor 35473"/>
			<item id="35474" losttest="3" iotype="AI" name="Sensor35474_S" textname="test sensor 35474"/>
			<item id="35475" losttest="3" iotype="AI" name="Sensor35475_S" textname="test sensor 35475"/>
			<item id="35476" losttest="3" iotype="AI" name="Sensor35476_S" textname="test sensor 35476"/>
			<item id="35477" losttest="3" iotype="AI" name="Sensor35477_S" textname="test sensor 35477"/>
			<item id="35478" losttest="3" iotype="AI" name="Sensor35478_S" textname="test sensor 35478"/>
			<item id="35479" losttest="3" iotype="AI" name="Sensor35479_S" textname="test sensor 35479"/>
			<item id="35480" losttest="3" iotype="AI" name="Sensor35480_S" textname="test sensor 35480"/>
			<item id="35481" losttest="3" iotype="AI" name="Sensor35481_S" textname="test sensor 35481"/>
			<item id="35482" losttest="3" iotype="AI" name="Sensor35482_S" textname="test sensor 35482"/>
			<item id="35483" losttest="3" iotype="AI" name="Sensor35483_S" textname="test sensor 35483"/>
			<item id="35484" losttest="3" iotype="AI" name="Sensor35484_S" textname="test sensor 35484"/>
			<item id="35485" losttest="3" iotype="AI" name="Sensor35485_S" textname="test sensor 35485"/>
			<item id="35486" losttest="3" iotype="AI" name="Sensor35486_S" textname="test sensor 35486"/>
			<item id="35487" losttest="3" iotype="AI" name="Sensor35487_S" textname="test sensor 35487"/>
			<item id="35488" losttest="3" iotype="AI" name="Sensor35488_S" textname="test sensor 35488"/>
			<item id="35489" losttest="3" iotype="AI" name="Sensor35489_S" textname="test sensor 35489"/>
			<item id="35490" losttest="3" iotype="AI" name="Sensor35490_S" textname="test sensor 35490"/>
			<item id="35491" losttest="3" iotype="AI" name="Sensor35491_S" textname="test sensor 35491"/>
			<item id="35492" losttest="3" iotype="AI" name="Sensor35492_S" textname="test sensor 35492"/>
			<item id="35493" losttest="3" iotype="AI" name="Sensor35493_S" textname="test sensor 35493"/>
			<item id="35494" losttest="3" iotype="AI" name="Sensor35494_S" textname="test sensor 35494"/>
			<item id="35495" losttest="3" iotype="AI" name="Sensor35495_S" textname="test sensor 35495"/>
			<item id="35496" losttest="3" iotype="AI" name="Sensor35496_S" textname="test sensor 35496"/>
			<item id="35497" losttest="3" iotype="AI" name="Sensor35497_S" textname="test sensor 35497"/>
			<item id="35498" losttest="3" iotype="AI" name="Sensor35498_S" textname="test sensor 35498"/>
			<item id="35499" losttest="3" iotype="AI" name="Sensor35499_S" textname="test sensor 35499"/>
			<item id="35500" losttest="3" iotype="AI" name="Sensor35500_S" textname="test sensor 35500"/>
			<item id="35501" losttest="3" iotype="AI" name="Sensor35501_S" textname="test sensor 35501"/>
			<item id="35502" losttest="3" iotype="AI" name="Sensor35502_S" textname="test sensor 35502"/>
			<item id="35503" losttest="3" iotype="AI" name="Sensor35503_S" textname="test sensor 35503"/>
			<item id="35504" losttest="3" iotype="AI" name="Sensor35504_S" textname="test sensor 35504"/>
			<item id="35505" losttest="3" iotype="AI" name="Sensor35505_S" textname="test sensor 35505"/>
			<item id="35506" losttest="3" iotype="AI" name="Sensor35506_S" textname="test sensor 35506"/>
			<item id="35507" losttest="3" iotype="AI" name="Sensor35507_S" textname="test sensor 35507"/>
			<item id="35508" losttest="3" iotype="AI" name="Sensor35508_S" textname="test sensor 35508"/>
			<item id="35509" losttest="3" iotype="AI" name="Sensor35509_S" textname="test sensor 35509"/>
			<item id="35510" losttest="3" iotype="AI" name="Sensor35510_S" textname="test sensor 35510"/>
			<item id="35511" losttest="3" iotype="AI" name="Sensor35511_S" textname="test sensor 35511"/>
			<item id="35512" losttest="3" iotype="AI" name="Sensor35512_S" textname="test sensor 35512"/>
			<item id="35513" losttest="3" iotype="AI" name="Sensor35513_S" textname="test sensor 35513"/>
			<item id="35514" losttest="3" iotype="AI" name="Sensor35514_S" textname="test sensor 35514"/>
			<item id="35515" losttest="3" iotype="AI" name="Sensor35515_S" textname="test sensor 35515"/>
			<item id="35516" losttest="3" iotype="AI" name="Sensor35516_S" textname="test sensor 35516"/>
			<item id="35517" losttest="3" iotype="AI" name="Sensor35517_S" textname="test sensor 35517"/>
			<item id="35518" losttest="3" iotype="AI" name="Sensor35518_S" textname="test sensor 35518"/>
			<item id="35519" losttest="3" iotype="AI" name="Sensor35519_S" textname="test sensor 35519"/>
			<item id="35520" losttest="3" iotype="AI" name="Sensor35520_S" textname="test sensor 35520"/>
			<item id="35521" losttest="3" iotype="AI" name="Sensor35521_S" textname="test sensor 35521"/>
			<item id="35522" losttest="3" iotype="AI" name="Sensor35522_S" textname="test sensor 35522"/>
			<item id="35523" losttest="3" iotype="AI" name="Sensor35523_S" textname="test sensor 35523"/>
			<item id="35524" losttest="3" iotype="AI" name="Sensor35524_S" textname="test sensor 35524"/>
			<item id="35525" losttest="3" iotype="AI" name="Sensor35525_S" textname="test sensor 35525"/>
			<item id="35526" losttest="3" iotype="AI" name="Sensor35526_S" textname="test sensor 35526"/>
			<item id="35527" losttest="3" iotype="AI" name="Sensor35527_S" textname="test sensor 35527"/>
			<item id="35528" losttest="3" iotype="AI" name="Sensor35528_S" textname="test sensor 35528"/>
			<item id="35529" losttest="3" iotype="AI" name="Sensor35529_S" textname="test sensor 35529"/>
			<item id="35530" losttest="3" iotype="AI" name="Sensor35530_S" textname="test sensor 35530"/>
			<item id="35531" losttest="3" iotype="AI" name="Sensor35531_S" textname="test sensor 35531"/>
			<item id="35532" losttest="3" iotype="AI" name="Sensor35532_S" textname="test sensor 35532"/>
			<item id="35533" losttest="3" iotype="AI" name="Sensor35533_S" textname="test sensor 35533"/>
			<item id="35534" losttest="3" iotype="AI" name="Sensor35534_S" textname="test sensor 35534"/>
			<item id="35535" losttest="3" iotype="AI" name="Sensor35535_S" textname="test sensor 35535"/>
			<item id="35536" losttest="3" iotype="AI" name="Sensor35536_S" textname="test sensor 35536"/>
			<item id="35537" losttest="3" iotype="AI" name="Sensor35537_S" textname="test sensor 35537"/>
			<item id="35538" losttest="3" iotype="AI" name="Sensor35538_S" textname="test sensor 35538"/>
			<item id="35539" losttest="3" iotype="AI" name="Sensor35539_S" textname="test sensor 35539"/>
			<item id="35540" losttest="3" iotype="AI" name="Sensor35540_S" textname="test sensor 35540"/>
			<item id="35541" losttest="3" iotype="AI" name="Sensor35541_S" textname="test sensor 35541"/>
			<item id="35542" losttest="3" iotype="AI" name="Sensor35542_S" textname="test sensor 35542"/>
			<item id="35543" losttest="3" iotype="AI" name="Sensor35543_S" textname="test sensor 35543"/>
			<item id="35544" losttest="3" iotype="AI" name="Sensor35544_S" textname="test sensor 35544"/>
			<item id="35545" losttest="3" iotype="AI" name="Sensor35545_S" textname="test sensor 35545"/>
			<item id="35546" losttest="3" iotype="AI" name="Sensor35546_S" textname="test sensor 35546"/>
			<item id="35547" losttest="3" iotype="AI" name="Sensor35547_S" textname="test sensor 35547"/>
			<item id="35548" losttest="3" iotype="AI" name="Sensor35548_S" textname="test sensor 35548"/>
			<item id="35549" losttest="3" iotype="AI" name="Sensor35549_S" textname="test sensor 35549"/>
			<item id="35550" losttest="3" iotype="AI" name="Sensor35550_S" textname="test sensor 35550"/>
			<item id="35551" losttest="3" iotype="AI" name="Sensor35551_S" textname="test sensor 35551"/>
			<item id="35552" losttest="3" iotype="AI" name="Sensor35552_S" textname="test sensor 35552"/>
			<item id="35553" losttest="3" iotype="AI" name="Sensor35553_S" textname="test sensor 35553"/>
			<item id="35554" losttest="3" iotype="AI" name="Sensor35554_S" textname="test sensor 35554"/>
			<item id="35555" losttest="3" iotype="AI" name="Sensor35555_S" textname="test sensor 35555"/>
			<item id="35556" losttest="3" iotype="AI" name="Sensor35556_S" textname="test sensor 35556"/>
			<item id="35557" losttest="3" iotype="AI" name="Sensor35557_S" textname="test sensor 35557"/>
			<item id="35558" losttest="3" iotype="AI" name="Sensor35558_S" textname="test sensor 35558"/>
			<item id="35559" losttest="3" iotype="AI" name="Sensor35559_S" textname="test sensor 35559"/>
			<item id="35560" losttest="3" iotype="AI" name="Sensor35560_S" textname="test sensor 35560"/>
			<item id="35561" losttest="3" iotype="AI" name="Sensor35561_S" textname="test sensor 35561"/>
			<item id="35562" losttest="3" iotype="AI" name="Sensor35562_S" textname="test sensor 35562"/>
			<item id="35563" losttest="3" iotype="AI" name="Sensor35563_S" textname="test sensor 35563"/>
			<item id="35564" losttest="3" iotype="AI" name="Sensor35564_S" textname="test sensor 35564"/>
			<item id="35565" losttest="3" iotype="AI" name="Sensor35565_S" textname="test sensor 35565"/>
			<item id="35566" losttest="3" iotype="AI" name="Sensor35566_S" textname="test sensor 35566"/>
			<item id="35567" losttest="3" iotype="AI" name="Sensor35567_S" textname="test sensor 35567"/>
			<item id="35568" losttest="3" iotype="AI" name="Sensor35568_S" textname="test sensor 35568"/>
			<item id="35569" losttest="3" iotype="AI" name="Sensor35569_S" textname="test sensor 35569"/>
			<item id="35570" losttest="3" iotype="AI" name="Sensor35570_S" textname="test sensor 35570"/>
			<item id="35571" losttest="3" iotype="AI" name="Sensor35571_S" textname="test sensor 35571"/>
			<item id="35572" losttest="3" iotype="AI" name="Sensor35572_S" textname="test sensor 35572"/>
			<item id="35573" losttest="3" iotype="AI" name="Sensor35573_S" textname="test sensor 35573"/>
			<item id="35574" losttest="3" iotype="AI" name="Sensor35574_S" textname="test sensor 35574"/>
			<item id="35575" losttest="3" iotype="AI" name="Sensor35575_S" textname="test sensor 35575"/>
			<item id="35576" losttest="3" iotype="AI" name="Sensor35576_S" textname="test sensor 35576"/>
			<item id="35577" losttest="3" iotype="AI" name="Sensor35577_S" textname="test sensor 35577"/>
			<item id="35578" losttest="3" iotype="AI" name="Sensor35578_S" textname="test sensor 35578"/>
			<item id="35579" losttest="3" iotype="AI" name="Sensor35579_S" textname="test sensor 35579"/>
			<item id="35580" losttest="3" iotype="AI" name="Sensor35580_S" textname="test sensor 35580"/>
			<item id="35581" losttest="3" iotype="AI" name="Sensor35581_S" textname="test sensor 35581"/>
			<item id="35582" losttest="3" iotype="AI" name="Sensor35582_S" textname="test sensor 35582"/>
			<item id="35583" losttest="3" iotype="AI" name="Sensor35583_S" textname="test sensor 35583"/>
			<item id="35584" losttest="3" iotype="AI" name="Sensor35584_S" textname="test sensor 35584"/>
			<item id="35585" losttest="3" iotype="AI" name="Sensor35585_S" textname="test sensor 35585"/>
			<item id="35586" losttest="3" iotype="AI" name="Sensor35586_S" textname="test sensor 35586"/>
			<item id="35587" losttest="3" iotype="AI" name="Sensor35587_S" textname="test sensor 35587"/>
			<item id="35588" losttest="3" iotype="AI" name="Sensor35588_S" textname="test sensor 35588"/>
			<item id="35589" losttest="3" iotype="AI" name="Sensor35589_S" textname="test sensor 35589"/>
			<item id="35590" losttest="3" iotype="AI" name="Sensor35590_S" textname="test sensor 35590"/>
			<item id="35591" losttest="3" iotype="AI" name="Sensor35591_S" textname="test sensor 35591"/>
			<item id="35592" losttest="3" iotype="AI" name="Sensor35592_S" textname="test sensor 35592"/>
			<item id="35593" losttest="3" iotype="AI" name="Sensor35593_S" textname="test sensor 35593"/>
			<item id="35594" losttest="3" iotype="AI" name="Sensor35594_S" textname="test sensor 35594"/>
			<item id="35595" losttest="3" iotype="AI" name="Sensor35595_S" textname="test sensor 35595"/>
			<item id="35596" losttest="3" iotype="AI" name="Sensor35596_S" textname="test sensor 35596"/>
			<item id="35597" losttest="3" iotype="AI" name="Sensor35597_S" textname="test sensor 35597"/>
			<item id="35598" losttest="3" iotype="AI" name="Sensor35598_S" textname="test sensor 35598"/>
			<item id="35599" losttest="3" iotype="AI" name="Sensor35599_S" textname="test sensor 35599"/>
			<item id="35600" losttest="3" iotype="AI" name="Sensor35600_S" textname="test sensor 35600"/>
			<item id="35601" losttest="3" iotype="AI" name="Sensor35601_S" textname="test sensor 35601"/>
			<item id="35602" losttest="3" iotype="AI" name="Sensor35602_S" textname="test sensor 35602"/>
			<item id="35603" losttest="3" iotype="AI" name="Sensor35603_S" textname="test sensor 35603"/>
			<item id="35604" losttest="3" iotype="AI" name="Sensor35604_S" textname="test sensor 35604"/>
			<item id="35605" losttest="3" iotype="AI" name="Sensor35605_S" textname="test sensor 35605"/>
			<item id="35606" losttest="3" iotype="AI" name="Sensor35606_S" textname="test sensor 35606"/>
			<item id="35607" losttest="3" iotype="AI" name="Sensor35607_S" textname="test sensor 35607"/>
			<item id="35608" losttest="3" iotype="AI" name="Sensor35608_S" textname="test sensor 35608"/>
			<item id="35609" losttest="3" iotype="AI" name="Sensor35609_S" textname="test sensor 35609"/>
			<item id="35610" losttest="3" iotype="AI" name="Sensor35610_S" textname="test sensor 35610"/>
			<item id="35611" losttest="3" iotype="AI" name="Sensor35611_S" textname="test sensor 35611"/>
			<item id="35612" losttest="3" iotype="AI" name="Sensor35612_S" textname="test sensor 35612"/>
			<item id="35613" losttest="3" iotype="AI" name="Sensor35613_S" textname="test sensor 35613"/>
			<item id="35614" losttest="3" iotype="AI" name="Sensor35614_S" textname="test sensor 35614"/>
			<item id="35615" losttest="3" iotype="AI" name="Sensor35615_S" textname="test sensor 35615"/>
			<item id="35616" losttest="3" iotype="AI" name="Sensor35616_S" textname="test sensor 35616"/>
			<item id="35617" losttest="3" iotype="AI" name="Sensor35617_S" textname="test sensor 35617"/>
			<item id="35618" losttest="3" iotype="AI" name="Sensor35618_S" textname="test sensor 35618"/>
			<item id="35619" losttest="3" iotype="AI" name="Sensor35619_S" textname="test sensor 35619"/>
			<item id="35620" losttest="3" iotype="AI" name="Sensor35620_S" textname="test sensor 35620"/>
			<item id="35621" losttest="3" iotype="AI" name="Sensor35621_S" textname="test sensor 35621"/>
			<item id="35622" losttest="3" iotype="AI" name="Sensor35622_S" textname="test sensor 35622"/>
			<item id="35623" losttest="3" iotype="AI" name="Sensor35623_S" textname="test sensor 35623"/>
			<item id="35624" losttest="3" iotype="AI" name="Sensor35624_S" textname="test sensor 35624"/>
			<item id="35625" losttest="3" iotype="AI" name="Sensor35625_S" textname="test sensor 35625"/>
			<item id="35626" losttest="3" iotype="AI" name="Sensor35626_S" textname="test sensor 35626"/>
			<item id="35627" losttest="3" iotype="AI" name="Sensor35627_S" textname="test sensor 35627"/>
			<item id="35628" losttest="3" iotype="AI" name="Sensor35628_S" textname="test sensor 35628"/>
			<item id="35629" losttest="3" iotype="AI" name="Sensor35629_S" textname="test sensor 35629"/>
			<item id="35630" losttest="3" iotype="AI" name="Sensor35630_S" textname="test sensor 35630"/>
			<item id="35631" losttest="3" iotype="AI" name="Sensor35631_S" textname="test sensor 35631"/>
			<item id="35632" losttest="3" iotype="AI" name="Sensor35632_S" textname="test sensor 35632"/>
			<item id="35633" losttest="3" iotype="AI" name="Sensor35633_S" textname="test sensor 35633"/>
			<item id="35634" losttest="3" iotype="AI" name="Sensor35634_S" textname="test sensor 35634"/>
			<item id="35635" losttest="3" iotype="AI" name="Sensor35635_S" textname="test sensor 35635"/>
			<item id="35636" losttest="3" iotype="AI" name="Sensor35636_S" textname="test sensor 35636"/>
			<item id="35637" losttest="3" iotype="AI" name="Sensor35637_S" textname="test sensor 35637"/>
			<item id="35638" losttest="3" iotype="AI" name="Sensor35638_S" textname="test sensor 35638"/>
			<item id="35639" losttest="3" iotype="AI" name="Sensor35639_S" textname="test sensor 35639"/>
			<item id="35640" losttest="3" iotype="AI" name="Sensor35640_S" textname="test sensor 35640"/>
			<item id="35641" losttest="3" iotype="AI" name="Sensor35641_S" textname="test sensor 35641"/>
			<item id="35642" losttest="3" iotype="AI" name="Sensor35642_S" textname="test sensor 35642"/>
			<item id="35643" losttest="3" iotype="AI" name="Sensor35643_S" textname="test sensor 35643"/>
			<item id="35644" losttest="3" iotype="AI" name="Sensor35644_S" textname="test sensor 35644"/>
			<item id="35645" losttest="3" iotype="AI" name="Sensor35645_S" textname="test sensor 35645"/>
			<item id="35646" losttest="3" iotype="AI" name="Sensor35646_S" textname="test sensor 35646"/>
			<item id="35647" losttest="3" iotype="AI" name="Sensor35647_S" textname="test sensor 35647"/>
			<item id="35648" losttest="3" iotype="AI" name="Sensor35648_S" textname="test sensor 35648"/>
			<item id="35649" losttest="3" iotype="AI" name="Sensor35649_S" textname="test sensor 35649"/>
			<item id="35650" losttest="3" iotype="AI" name="Sensor35650_S" textname="test sensor 35650"/>
			<item id="35651" losttest="3" iotype="AI" name="Sensor35651_S" textname="test sensor 35651"/>
			<item id="35652" losttest="3" iotype="AI" name="Sensor35652_S" textname="test sensor 35652"/>
			<item id="35653" losttest="3" iotype="AI" name="Sensor35653_S" textname="test sensor 35653"/>
			<item id="35654" losttest="3" iotype="AI" name="Sensor35654_S" textname="test sensor 35654"/>
			<item id="35655" losttest="3" iotype="AI" name="Sensor35655_S" textname="test sensor 35655"/>
			<item id="35656" losttest="3" iotype="AI" name="Sensor35656_S" textname="test sensor 35656"/>
			<item id="35657" losttest="3" iotype="AI" name="Sensor35657_S" textname="test sensor 35657"/>
			<item id="35658" losttest="3" iotype="AI" name="Sensor35658_S" textname="test sensor 35658"/>
			<item id="35659" losttest="3" iotype="AI" name="Sensor35659_S" textname="test sensor 35659"/>
			<item id="35660" losttest="3" iotype="AI" name="Sensor35660_S" textname="test sensor 35660"/>
			<item id="35661" losttest="3" iotype="AI" name="Sensor35661_S" textname="test sensor 35661"/>
			<item id="35662" losttest="3" iotype="AI" name="Sensor35662_S" textname="test sensor 35662"/>
			<item id="35663" losttest="3" iotype="AI" name="Sensor35663_S" textname="test sensor 35663"/>
			<item id="35664" losttest="3" iotype="AI" name="Sensor35664_S" textname="test sensor 35664"/>
			<item id="35665" losttest="3" iotype="AI" name="Sensor35665_S" textname="test sensor 35665"/>
			<item id="35666" losttest="3" iotype="AI" name="Sensor35666_S" textname="test sensor 35666"/>
			<item id="35667" losttest="3" iotype="AI" name="Sensor35667_S" textname="test sensor 35667"/>
			<item id="35668" losttest="3" iotype="AI" name="Sensor35668_S" textname="test sensor 35668"/>
			<item id="35669" losttest="3" iotype="AI" name="Sensor35669_S" textname="test sensor 35669"/>
			<item id="35670" losttest="3" iotype="AI" name="Sensor35670_S" textname="test sensor 35670"/>
			<item id="35671" losttest="3" iotype="AI" name="Sensor35671_S" textname="test sensor 35671"/>
			<item id="35672" losttest="3" iotype="AI" name="Sensor35672_S" textname="test sensor 35672"/>
			<item id="35673" losttest="3" iotype="AI" name="Sensor35673_S" textname="test sensor 35673"/>
			<item id="35674" losttest="3" iotype="AI" name="Sensor35674_S" textname="test sensor 35674"/>
			<item id="35675" losttest="3" iotype="AI" name="Sensor35675_S" textname="test sensor 35675"/>
			<item id="35676" losttest="3" iotype="AI" name="Sensor35676_S" textname="test sensor 35676"/>
			<item id="35677" losttest="3" iotype="AI" name="Sensor35677_S" textname="test sensor 35677"/>
			<item id="35678" losttest="3" iotype="AI" name="Sensor35678_S" textname="test sensor 35678"/>
			<item id="35679" losttest="3" iotype="AI" name="Sensor35679_S" textname="test sensor 35679"/>
			<item id="35680" losttest="3" iotype="AI" name="Sensor35680_S" textname="test sensor 35680"/>
			<item id="35681" losttest="3" iotype="AI" name="Sensor35681_S" textname="test sensor 35681"/>
			<item id="35682" losttest="3" iotype="AI" name="Sensor35682_S" textname="test sensor 35682"/>
			<item id="35683" losttest="3" iotype="AI" name="Sensor35683_S" textname="test sensor 35683"/>
			<item id="35684" losttest="3" iotype="AI" name="Sensor35684_S" textname="test sensor 35684"/>
			<item id="35685" losttest="3" iotype="AI" name="Sensor35685_S" textname="test sensor 35685"/>
			<item id="35686" losttest="3" iotype="AI" name="Sensor35686_S" textname="test sensor 35686"/>
			<item id="35687" losttest="3" iotype="AI" name="Sensor35687_S" textname="test sensor 35687"/>
			<item id="35688" losttest="3" iotype="AI" name="Sensor35688_S" textname="test sensor 35688"/>
			<item id="35689" losttest="3" iotype="AI" name="Sensor35689_S" textname="test sensor 35689"/>
			<item id="35690" losttest="3" iotype="AI" name="Sensor35690_S" textname="test sensor 35690"/>
			<item id="35691" losttest="3" iotype="AI" name="Sensor35691_S" textname="test sensor 35691"/>
			<item id="35692" losttest="3" iotype="AI" name="Sensor35692_S" textname="test sensor 35692"/>
			<item id="35693" losttest="3" iotype="AI" name="Sensor35693_S" textname="test sensor 35693"/>
			<item id="35694" losttest="3" iotype="AI" name="Sensor35694_S" textname="test sensor 35694"/>
			<item id="35695" losttest="3" iotype="AI" name="Sensor35695_S" textname="test sensor 35695"/>
			<item id="35696" losttest="3" iotype="AI" name="Sensor35696_S" textname="test sensor 35696"/>
			<item id="35697" losttest="3" iotype="AI" name="Sensor35697_S" textname="test sensor 35697"/>
			<item id="35698" losttest="3" iotype="AI" name="Sensor35698_S" textname="test sensor 35698"/>
			<item id="35699" losttest="3" iotype="AI" name="Sensor35699_S" textname="test sensor 35699"/>
			<item id="35700" losttest="3" iotype="AI" name="Sensor35700_S" textname="test sensor 35700"/>
			<item id="35701" losttest="3" iotype="AI" name="Sensor35701_S" textname="test sensor 35701"/>
			<item id="35702" losttest="3" iotype="AI" name="Sensor35702_S" textname="test sensor 35702"/>
			<item id="35703" losttest="3" iotype="AI" name="Sensor35703_S" textname="test sensor 35703"/>
			<item id="35704" losttest="3" iotype="AI" name="Sensor35704_S" textname="test sensor 35704"/>
			<item id="35705" losttest="3" iotype="AI" name="Sensor35705_S" textname="test sensor 35705"/>
			<item id="35706" losttest="3" iotype="AI" name="Sensor35706_S" textname="test sensor 35706"/>
			<item id="35707" losttest="3" iotype="AI" name="Sensor35707_S" textname="test sensor 35707"/>
			<item id="35708" losttest="3" iotype="AI" name="Sensor35708_S" textname="test sensor 35708"/>
			<item id="35709" losttest="3" iotype="AI" name="Sensor35709_S" textname="test sensor 35709"/>
			<item id="35710" losttest="3" iotype="AI" name="Sensor35710_S" textname="test sensor 35710"/>
			<item id="35711" losttest="3" iotype="AI" name="Sensor35711_S" textname="test sensor 35711"/>
			<item id="35712" losttest="3" iotype="AI" name="Sensor35712_S" textname="test sensor 35712"/>
			<item id="35713" losttest="3" iotype="AI" name="Sensor35713_S" textname="test sensor 35713"/>
			<item id="35714" losttest="3" iotype="AI" name="Sensor35714_S" textname="test sensor 35714"/>
			<item id="35715" losttest="3" iotype="AI" name="Sensor35715_S" textname="test sensor 35715"/>
			<item id="35716" losttest="3" iotype="AI" name="Sensor35716_S" textname="test sensor 35716"/>
			<item id="35717" losttest="3" iotype="AI" name="Sensor35717_S" textname="test sensor 35717"/>
			<item id="35718" losttest="3" iotype="AI" name="Sensor35718_S" textname="test sensor 35718"/>
			<item id="35719" losttest="3" iotype="AI" name="Sensor35719_S" textname="test sensor 35719"/>
			<item id="35720" losttest="3" iotype="AI" name="Sensor35720_S" textname="test sensor 35720"/>
			<item id="35721" losttest="3" iotype="AI" name="Sensor35721_S" textname="test sensor 35721"/>
			<item id="35722" losttest="3" iotype="AI" name="Sensor35722_S" textname="test sensor 35722"/>
			<item id="35723" losttest="3" iotype="AI" name="Sensor35723_S" textname="test sensor 35723"/>
			<item id="35724" losttest="3" iotype="AI" name="Sensor35724_S" textname="test sensor 35724"/>
			<item id="35725" losttest="3" iotype="AI" name="Sensor35725_S" textname="test sensor 35725"/>
			<item id="35726" losttest="3" iotype="AI" name="Sensor35726_S" textname="test sensor 35726"/>
			<item id="35727" losttest="3" iotype="AI" name="Sensor35727_S" textname="test sensor 35727"/>
			<item id="35728" losttest="3" iotype="AI" name="Sensor35728_S" textname="test sensor 35728"/>
			<item id="35729" losttest="3" iotype="AI" name="Sensor35729_S" textname="test sensor 35729"/>
			<item id="35730" losttest="3" iotype="AI" name="Sensor35730_S" textname="test sensor 35730"/>
			<item id="35731" losttest="3" iotype="AI" name="Sensor35731_S" textname="test sensor 35731"/>
			<item id="35732" losttest="3" iotype="AI" name="Sensor35732_S" textname="test sensor 35732"/>
			<item id="35733" losttest="3" iotype="AI" name="Sensor35733_S" textname="test sensor 35733"/>
			<item id="35734" losttest="3" iotype="AI" name="Sensor35734_S" textname="test sensor 35734"/>
			<item id="35735" losttest="3" iotype="AI" name="Sensor35735_S" textname="test sensor 35735"/>
			<item id="35736" losttest="3" iotype="AI" name="Sensor35736_S" textname="test sensor 35736"/>
			<item id="35737" losttest="3" iotype="AI" name="Sensor35737_S" textname="test sensor 35737"/>
			<item id="35738" losttest="3" iotype="AI" name="Sensor35738_S" textname="test sensor 35738"/>
			<item id="35739" losttest="3" iotype="AI" name="Sensor35739_S" textname="test sensor 35739"/>
			<item id="35740" losttest="3" iotype="AI" name="Sensor35740_S" textname="test sensor 35740"/>
			<item id="35741" losttest="3" iotype="AI" name="Sensor35741_S" textname="test sensor 35741"/>
			<item id="35742" losttest="3" iotype="AI" name="Sensor35742_S" textname="test sensor 35742"/>
			<item id="35743" losttest="3" iotype="AI" name="Sensor35743_S" textname="test sensor 35743"/>
			<item id="35744" losttest="3" iotype="AI" name="Sensor35744_S" textname="test sensor 35744"/>
			<item id="35745" losttest="3" iotype="AI" name="Sensor35745_S" textname="test sensor 35745"/>
			<item id="35746" losttest="3" iotype="AI" name="Sensor35746_S" textname="test sensor 35746"/>
			<item id="35747" losttest="3" iotype="AI" name="Sensor35747_S" textname="test sensor 35747"/>
			<item id="35748" losttest="3" iotype="AI" name="Sensor35748_S" textname="test sensor 35748"/>
			<item id="35749" losttest="3" iotype="AI" name="Sensor35749_S" textname="test sensor 35749"/>
			<item id="35750" losttest="3" iotype="AI" name="Sensor35750_S" textname="test sensor 35750"/>
			<item id="35751" losttest="3" iotype="AI" name="Sensor35751_S" textname="test sensor 35751"/>
			<item id="35752" losttest="3" iotype="AI" name="Sensor35752_S" textname="test sensor 35752"/>
			<item id="35753" losttest="3" iotype="AI" name="Sensor35753_S" textname="test sensor 35753"/>
			<item id="35754" losttest="3" iotype="AI" name="Sensor35754_S" textname="test sensor 35754"/>
			<item id="35755" losttest="3" iotype="AI" name="Sensor35755_S" textname="test sensor 35755"/>
			<item id="35756" losttest="3" iotype="AI" name="Sensor35756_S" textname="test sensor 35756"/>
			<item id="35757" losttest="3" iotype="AI" name="Sensor35757_S" textname="test sensor 35757"/>
			<item id="35758" losttest="3" iotype="AI" name="Sensor35758_S" textname="test sensor 35758"/>
			<item id="35759" losttest="3" iotype="AI" name="Sensor35759_S" textname="test sensor 35759"/>
			<item id="35760" losttest="3" iotype="AI" name="Sensor35760_S" textname="test sensor 35760"/>
			<item id="35761" losttest="3" iotype="AI" name="Sensor35761_S" textname="test sensor 35761"/>
			<item id="35762" losttest="3" iotype="AI" name="Sensor35762_S" textname="test sensor 35762"/>
			<item id="35763" losttest="3" iotype="AI" name="Sensor35763_S" textname="test sensor 35763"/>
			<item id="35764" losttest="3" iotype="AI" name="Sensor35764_S" textname="test sensor 35764"/>
			<item id="35765" losttest="3" iotype="AI" name="Sensor35765_S" textname="test sensor 35765"/>
			<item id="35766" losttest="3" iotype="AI" name="Sensor35766_S" textname="test sensor 35766"/>
			<item id="35767" losttest="3" iotype="AI" name="Sensor35767_S" textname="test sensor 35767"/>
			<item id="35768" losttest="3" iotype="AI" name="Sensor35768_S" textname="test sensor 35768"/>
			<item id="35769" losttest="3" iotype="AI" name="Sensor35769_S" textname="test sensor 35769"/>
			<item id="35770" losttest="3" iotype="AI" name="Sensor35770_S" textname="test sensor 35770"/>
			<item id="35771" losttest="3" iotype="AI" name="Sensor35771_S" textname="test sensor 35771"/>
			<item id="35772" losttest="3" iotype="AI" name="Sensor35772_S" textname="test sensor 35772"/>
			<item id="35773" losttest="3" iotype="AI" name="Sensor35773_S" textname="test sensor 35773"/>
			<item id="35774" losttest="3" iotype="AI" name="Sensor35774_S" textname="test sensor 35774"/>
			<item id="35775" losttest="3" iotype="AI" name="Sensor35775_S" textname="test sensor 35775"/>
			<item id="35776" losttest="3" iotype="AI" name="Sensor35776_S" textname="test sensor 35776"/>
			<item id="35777" losttest="3" iotype="AI" name="Sensor35777_S" textname="test sensor 35777"/>
			<item id="35778" losttest="3" iotype="AI" name="Sensor35778_S" textname="test sensor 35778"/>
			<item id="35779" losttest="3" iotype="AI" name="Sensor35779_S" textname="test sensor 35779"/>
			<item id="35780" losttest="3" iotype="AI" name="Sensor35780_S" textname="test sensor 35780"/>
			<item id="35781" losttest="3" iotype="AI" name="Sensor35781_S" textname="test sensor 35781"/>
			<item id="35782" losttest="3" iotype="AI" name="Sensor35782_S" textname="test sensor 35782"/>
			<item id="35783" losttest="3" iotype="AI" name="Sensor35783_S" textname="test sensor 35783"/>
			<item id="35784" losttest="3" iotype="AI" name="Sensor35784_S" textname="test sensor 35784"/>
			<item id="35785" losttest="3" iotype="AI" name="Sensor35785_S" textname="test sensor 35785"/>
			<item id="35786" losttest="3" iotype="AI" name="Sensor35786_S" textname="test sensor 35786"/>
			<item id="35787" losttest="3" iotype="AI" name="Sensor35787_S" textname="test sensor 35787"/>
			<item id="35788" losttest="3" iotype="AI" name="Sensor35788_S" textname="test sensor 35788"/>
			<item id="35789" losttest="3" iotype="AI" name="Sensor35789_S" textname="test sensor 35789"/>
			<item id="35790" losttest="3" iotype="AI" name="Sensor35790_S" textname="test sensor 35790"/>
			<item id="35791" losttest="3" iotype="AI" name="Sensor35791_S" textname="test sensor 35791"/>
			<item id="35792" losttest="3" iotype="AI" name="Sensor35792_S" textname="test sensor 35792"/>
			<item id="35793" losttest="3" iotype="AI" name="Sensor35793_S" textname="test sensor 35793"/>
			<item id="35794" losttest="3" iotype="AI" name="Sensor35794_S" textname="test sensor 35794"/>
			<item id="35795" losttest="3" iotype="AI" name="Sensor35795_S" textname="test sensor 35795"/>
			<item id="35796" losttest="3" iotype="AI" name="Sensor35796_S" textname="test sensor 35796"/>
			<item id="35797" losttest="3" iotype="AI" name="Sensor35797_S" textname="test sensor 35797"/>
			<item id="35798" losttest="3" iotype="AI" name="Sensor35798_S" textname="test sensor 35798"/>
			<item id="35799" losttest="3" iotype="AI" name="Sensor35799_S" textname="test sensor 35799"/>
			<item id="35800" losttest="3" iotype="AI" name="Sensor35800_S" textname="test sensor 35800"/>
			<item id="35801" losttest="3" iotype="AI" name="Sensor35801_S" textname="test sensor 35801"/>
			<item id="35802" losttest="3" iotype="AI" name="Sensor35802_S" textname="test sensor 35802"/>
			<item id="35803" losttest="3" iotype="AI" name="Sensor35803_S" textname="test sensor 35803"/>
			<item id="35804" losttest="3" iotype="AI" name="Sensor35804_S" textname="test sensor 35804"/>
			<item id="35805" losttest="3" iotype="AI" name="Sensor35805_S" textname="test sensor 35805"/>
			<item id="35806" losttest="3" iotype="AI" name="Sensor35806_S" textname="test sensor 35806"/>
			<item id="35807" losttest="3" iotype="AI" name="Sensor35807_S" textname="test sensor 35807"/>
			<item id="35808" losttest="3" iotype="AI" name="Sensor35808_S" textname="test sensor 35808"/>
			<item id="35809" losttest="3" iotype="AI" name="Sensor35809_S" textname="test sensor 35809"/>
			<item id="35810" losttest="3" iotype="AI" name="Sensor35810_S" textname="test sensor 35810"/>
			<item id="35811" losttest="3" iotype="AI" name="Sensor35811_S" textname="test sensor 35811"/>
			<item id="35812" losttest="3" iotype="AI" name="Sensor35812_S" textname="test sensor 35812"/>
			<item id="35813" losttest="3" iotype="AI" name="Sensor35813_S" textname="test sensor 35813"/>
			<item id="35814" losttest="3" iotype="AI" name="Sensor35814_S" textname="test sensor 35814"/>
			<item id="35815" losttest="3" iotype="AI" name="Sensor35815_S" textname="test sensor 35815"/>
			<item id="35816" losttest="3" iotype="AI" name="Sensor35816_S" textname="test sensor 35816"/>
			<item id="35817" losttest="3" iotype="AI" name="Sensor35817_S" textname="test sensor 35817"/>
			<item id="35818" losttest="3" iotype="AI" name="Sensor35818_S" textname="test sensor 35818"/>
			<item id="35819" losttest="3" iotype="AI" name="Sensor35819_S" textname="test sensor 35819"/>
			<item id="35820" losttest="3" iotype="AI" name="Sensor35820_S" textname="test sensor 35820"/>
			<item id="35821" losttest="3" iotype="AI" name="Sensor35821_S" textname="test sensor 35821"/>
			<item id="35822" losttest="3" iotype="AI" name="Sensor35822_S" textname="test sensor 35822"/>
			<item id="35823" losttest="3" iotype="AI" name="Sensor35823_S" textname="test sensor 35823"/>
			<item id="35824" losttest="3" iotype="AI" name="Sensor35824_S" textname="test sensor 35824"/>
			<item id="35825" losttest="3" iotype="AI" name="Sensor35825_S" textname="test sensor 35825"/>
			<item id="35826" losttest="3" iotype="AI" name="Sensor35826_S" textname="test sensor 35826"/>
			<item id="35827" losttest="3" iotype="AI" name="Sensor35827_S" textname="test sensor 35827"/>
			<item id="35828" losttest="3" iotype="AI" name="Sensor35828_S" textname="test sensor 35828"/>
			<item id="35829" losttest="3" iotype="AI" name="Sensor35829_S" textname="test sensor 35829"/>
			<item id="35830" losttest="3" iotype="AI" name="Sensor35830_S" textname="test sensor 35830"/>
			<item id="35831" losttest="3" iotype="AI" name="Sensor35831_S" textname="test sensor 35831"/>
			<item id="35832" losttest="3" iotype="AI" name="Sensor35832_S" textname="test sensor 35832"/>
			<item id="35833" losttest="3" iotype="AI" name="Sensor35833_S" textname="test sensor 35833"/>
			<item id="35834" losttest="3" iotype="AI" name="Sensor35834_S" textname="test sensor 35834"/>
			<item id="35835" losttest="3" iotype="AI" name="Sensor35835_S" textname="test sensor 35835"/>
			<item id="35836" losttest="3" iotype="AI" name="Sensor35836_S" textname="test sensor 35836"/>
			<item id="35837" losttest="3" iotype="AI" name="Sensor35837_S" textname="test sensor 35837"/>
			<item id="35838" losttest="3" iotype="AI" name="Sensor35838_S" textname="test sensor 35838"/>
			<item id="35839" losttest="3" iotype="AI" name="Sensor35839_S" textname="test sensor 35839"/>
			<item id="35840" losttest="3" iotype="AI" name="Sensor35840_S" textname="test sensor 35840"/>
			<item id="35841" losttest="3" iotype="AI" name="Sensor35841_S" textname="test sensor 35841"/>
			<item id="35842" losttest="3" iotype="AI" name="Sensor35842_S" textname="test sensor 35842"/>
			<item id="35843" losttest="3" iotype="AI" name="Sensor35843_S" textname="test sensor 35843"/>
			<item id="35844" losttest="3" iotype="AI" name="Sensor35844_S" textname="test sensor 35844"/>
			<item id="35845" losttest="3" iotype="AI" name="Sensor35845_S" textname="test sensor 35845"/>
			<item id="35846" losttest="3" iotype="AI" name="Sensor35846_S" textname="test sensor 35846"/>
			<item id="35847" losttest="3" iotype="AI" name="Sensor35847_S" textname="test sensor 35847"/>
			<item id="35848" losttest="3" iotype="AI" name="Sensor35848_S" textname="test sensor 35848"/>
			<item id="35849" losttest="3" iotype="AI" name="Sensor35849_S" textname="test sensor 35849"/>
			<item id="35850" losttest="3" iotype="AI" name="Sensor35850_S" textname="test sensor 35850"/>
			<item id="35851" losttest="3" iotype="AI" name="Sensor35851_S" textname="test sensor 35851"/>
			<item id="35852" losttest="3" iotype="AI" name="Sensor35852_S" textname="test sensor 35852"/>
			<item id="35853" losttest="3" iotype="AI" name="Sensor35853_S" textname="test sensor 35853"/>
			<item id="35854" losttest="3" iotype="AI" name="Sensor35854_S" textname="test sensor 35854"/>
			<item id="35855" losttest="3" iotype="AI" name="Sensor35855_S" textname="test sensor 35855"/>
			<item id="35856" losttest="3" iotype="AI" name="Sensor35856_S" textname="test sensor 35856"/>
			<item id="35857" losttest="3" iotype="AI" name="Sensor35857_S" textname="test sensor 35857"/>
			<item id="35858" losttest="3" iotype="AI" name="Sensor35858_S" textname="test sensor 35858"/>
			<item id="35859" losttest="3" iotype="AI" name="Sensor35859_S" textname="test sensor 35859"/>
			<item id="35860" losttest="3" iotype="AI" name="Sensor35860_S" textname="test sensor 35860"/>
			<item id="35861" losttest="3" iotype="AI" name="Sensor35861_S" textname="test sensor 35861"/>
			<item id="35862" losttest="3" iotype="AI" name="Sensor35862_S" textname="test sensor 35862"/>
			<item id="35863" losttest="3" iotype="AI" name="Sensor35863_S" textname="test sensor 35863"/>
			<item id="35864" losttest="3" iotype="AI" name="Sensor35864_S" textname="test sensor 35864"/>
			<item id="35865" losttest="3" iotype="AI" name="Sensor35865_S" textname="test sensor 35865"/>
			<item id="35866" losttest="3" iotype="AI" name="Sensor35866_S" textname="test sensor 35866"/>
			<item id="35867" losttest="3" iotype="AI" name="Sensor35867_S" textname="test sensor 35867"/>
			<item id="35868" losttest="3" iotype="AI" name="Sensor35868_S" textname="test sensor 35868"/>
			<item id="35869" losttest="3" iotype="AI" name="Sensor35869_S" textname="test sensor 35869"/>
			<item id="35870" losttest="3" iotype="AI" name="Sensor35870_S" textname="test sensor 35870"/>
			<item id="35871" losttest="3" iotype="AI" name="Sensor35871_S" textname="test sensor 35871"/>
			<item id="35872" losttest="3" iotype="AI" name="Sensor35872_S" textname="test sensor 35872"/>
			<item id="35873" losttest="3" iotype="AI" name="Sensor35873_S" textname="test sensor 35873"/>
			<item id="35874" losttest="3" iotype="AI" name="Sensor35874_S" textname="test sensor 35874"/>
			<item id="35875" losttest="3" iotype="AI" name="Sensor35875_S" textname="test sensor 35875"/>
			<item id="35876" losttest="3" iotype="AI" name="Sensor35876_S" textname="test sensor 35876"/>
			<item id="35877" losttest="3" iotype="AI" name="Sensor35877_S" textname="test sensor 35877"/>
			<item id="35878" losttest="3" iotype="AI" name="Sensor35878_S" textname="test sensor 35878"/>
			<item id="35879" losttest="3" iotype="AI" name="Sensor35879_S" textname="test sensor 35879"/>
			<item id="35880" losttest="3" iotype="AI" name="Sensor35880_S" textname="test sensor 35880"/>
			<item id="35881" losttest="3" iotype="AI" name="Sensor35881_S" textname="test sensor 35881"/>
			<item id="35882" losttest="3" iotype="AI" name="Sensor35882_S" textname="test sensor 35882"/>
			<item id="35883" losttest="3" iotype="AI" name="Sensor35883_S" textname="test sensor 35883"/>
			<item id="35884" losttest="3" iotype="AI" name="Sensor35884_S" textname="test sensor 35884"/>
			<item id="35885" losttest="3" iotype="AI" name="Sensor35885_S" textname="test sensor 35885"/>
			<item id="35886" losttest="3" iotype="AI" name="Sensor35886_S" textname="test sensor 35886"/>
			<item id="35887" losttest="3" iotype="AI" name="Sensor35887_S" textname="test sensor 35887"/>
			<item id="35888" losttest="3" iotype="AI" name="Sensor35888_S" textname="test sensor 35888"/>
			<item id="35889" losttest="3" iotype="AI" name="Sensor35889_S" textname="test sensor 35889"/>
			<item id="35890" losttest="3" iotype="AI" name="Sensor35890_S" textname="test sensor 35890"/>
			<item id="35891" losttest="3" iotype="AI" name="Sensor35891_S" textname="test sensor 35891"/>
			<item id="35892" losttest="3" iotype="AI" name="Sensor35892_S" textname="test sensor 35892"/>
			<item id="35893" losttest="3" iotype="AI" name="Sensor35893_S" textname="test sensor 35893"/>
			<item id="35894" losttest="3" iotype="AI" name="Sensor35894_S" textname="test sensor 35894"/>
			<item id="35895" losttest="3" iotype="AI" name="Sensor35895_S" textname="test sensor 35895"/>
			<item id="35896" losttest="3" iotype="AI" name="Sensor35896_S" textname="test sensor 35896"/>
			<item id="35897" losttest="3" iotype="AI" name="Sensor35897_S" textname="test sensor 35897"/>
			<item id="35898" losttest="3" iotype="AI" name="Sensor35898_S" textname="test sensor 35898"/>
			<item id="35899" losttest="3" iotype="AI" name="Sensor35899_S" textname="test sensor 35899"/>
			<item id="35900" losttest="3" iotype="AI" name="Sensor35900_S" textname="test sensor 35900"/>
			<item id="35901" losttest="3" iotype="AI" name="Sensor35901_S" textname="test sensor 35901"/>
			<item id="35902" losttest="3" iotype="AI" name="Sensor35902_S" textname="test sensor 35902"/>
			<item id="35903" losttest="3" iotype="AI" name="Sensor35903_S" textname="test sensor 35903"/>
			<item id="35904" losttest="3" iotype="AI" name="Sensor35904_S" textname="test sensor 35904"/>
			<item id="35905" losttest="3" iotype="AI" name="Sensor35905_S" textname="test sensor 35905"/>
			<item id="35906" losttest="3" iotype="AI" name="Sensor35906_S" textname="test sensor 35906"/>
			<item id="35907" losttest="3" iotype="AI" name="Sensor35907_S" textname="test sensor 35907"/>
			<item id="35908" losttest="3" iotype="AI" name="Sensor35908_S" textname="test sensor 35908"/>
			<item id="35909" losttest="3" iotype="AI" name="Sensor35909_S" textname="test sensor 35909"/>
			<item id="35910" losttest="3" iotype="AI" name="Sensor35910_S" textname="test sensor 35910"/>
			<item id="35911" losttest="3" iotype="AI" name="Sensor35911_S" textname="test sensor 35911"/>
			<item id="35912" losttest="3" iotype="AI" name="Sensor35912_S" textname="test sensor 35912"/>
			<item id="35913" losttest="3" iotype="AI" name="Sensor35913_S" textname="test sensor 35913"/>
			<item id="35914" losttest="3" iotype="AI" name="Sensor35914_S" textname="test sensor 35914"/>
			<item id="35915" losttest="3" iotype="AI" name="Sensor35915_S" textname="test sensor 35915"/>
			<item id="35916" losttest="3" iotype="AI" name="Sensor35916_S" textname="test sensor 35916"/>
			<item id="35917" losttest="3" iotype="AI" name="Sensor35917_S" textname="test sensor 35917"/>
			<item id="35918" losttest="3" iotype="AI" name="Sensor35918_S" textname="test sensor 35918"/>
			<item id="35919" losttest="3" iotype="AI" name="Sensor35919_S" textname="test sensor 35919"/>
			<item id="35920" losttest="3" iotype="AI" name="Sensor35920_S" textname="test sensor 35920"/>
			<item id="35921" losttest="3" iotype="AI" name="Sensor35921_S" textname="test sensor 35921"/>
			<item id="35922" losttest="3" iotype="AI" name="Sensor35922_S" textname="test sensor 35922"/>
			<item id="35923" losttest="3" iotype="AI" name="Sensor35923_S" textname="test sensor 35923"/>
			<item id="35924" losttest="3" iotype="AI" name="Sensor35924_S" textname="test sensor 35924"/>
			<item id="35925" losttest="3" iotype="AI" name="Sensor35925_S" textname="test sensor 35925"/>
			<item id="35926" losttest="3" iotype="AI" name="Sensor35926_S" textname="test sensor 35926"/>
			<item id="35927" losttest="3" iotype="AI" name="Sensor35927_S" textname="test sensor 35927"/>
			<item id="35928" losttest="3" iotype="AI" name="Sensor35928_S" textname="test sensor 35928"/>
			<item id="35929" losttest="3" iotype="AI" name="Sensor35929_S" textname="test sensor 35929"/>
			<item id="35930" losttest="3" iotype="AI" name="Sensor35930_S" textname="test sensor 35930"/>
			<item id="35931" losttest="3" iotype="AI" name="Sensor35931_S" textname="test sensor 35931"/>
			<item id="35932" losttest="3" iotype="AI" name="Sensor35932_S" textname="test sensor 35932"/>
			<item id="35933" losttest="3" iotype="AI" name="Sensor35933_S" textname="test sensor 35933"/>
			<item id="35934" losttest="3" iotype="AI" name="Sensor35934_S" textname="test sensor 35934"/>
			<item id="35935" losttest="3" iotype="AI" name="Sensor35935_S" textname="test sensor 35935"/>
			<item id="35936" losttest="3" iotype="AI" name="Sensor35936_S" textname="test sensor 35936"/>
			<item id="35937" losttest="3" iotype="AI" name="Sensor35937_S" textname="test sensor 35937"/>
			<item id="35938" losttest="3" iotype="AI" name="Sensor35938_S" textname="test sensor 35938"/>
			<item id="35939" losttest="3" iotype="AI" name="Sensor35939_S" textname="test sensor 35939"/>
			<item id="35940" losttest="3" iotype="AI" name="Sensor35940_S" textname="test sensor 35940"/>
			<item id="35941" losttest="3" iotype="AI" name="Sensor35941_S" textname="test sensor 35941"/>
			<item id="35942" losttest="3" iotype="AI" name="Sensor35942_S" textname="test sensor 35942"/>
			<item id="35943" losttest="3" iotype="AI" name="Sensor35943_S" textname="test sensor 35943"/>
			<item id="35944" losttest="3" iotype="AI" name="Sensor35944_S" textname="test sensor 35944"/>
			<item id="35945" losttest="3" iotype="AI" name="Sensor35945_S" textname="test sensor 35945"/>
			<item id="35946" losttest="3" iotype="AI" name="Sensor35946_S" textname="test sensor 35946"/>
			<item id="35947" losttest="3" iotype="AI" name="Sensor35947_S" textname="test sensor 35947"/>
			<item id="35948" losttest="3" iotype="AI" name="Sensor35948_S" textname="test sensor 35948"/>
			<item id="35949" losttest="3" iotype="AI" name="Sensor35949_S" textname="test sensor 35949"/>
			<item id="35950" losttest="3" iotype="AI" name="Sensor35950_S" textname="test sensor 35950"/>
			<item id="35951" losttest="3" iotype="AI" name="Sensor35951_S" textname="test sensor 35951"/>
			<item id="35952" losttest="3" iotype="AI" name="Sensor35952_S" textname="test sensor 35952"/>
			<item id="35953" losttest="3" iotype="AI" name="Sensor35953_S" textname="test sensor 35953"/>
			<item id="35954" losttest="3" iotype="AI" name="Sensor35954_S" textname="test sensor 35954"/>
			<item id="35955" losttest="3" iotype="AI" name="Sensor35955_S" textname="test sensor 35955"/>
			<item id="35956" losttest="3" iotype="AI" name="Sensor35956_S" textname="test sensor 35956"/>
			<item id="35957" losttest="3" iotype="AI" name="Sensor35957_S" textname="test sensor 35957"/>
			<item id="35958" losttest="3" iotype="AI" name="Sensor35958_S" textname="test sensor 35958"/>
			<item id="35959" losttest="3" iotype="AI" name="Sensor35959_S" textname="test sensor 35959"/>
			<item id="35960" losttest="3" iotype="AI" name="Sensor35960_S" textname="test sensor 35960"/>
			<item id="35961" losttest="3" iotype="AI" name="Sensor35961_S" textname="test sensor 35961"/>
			<item id="35962" losttest="3" iotype="AI" name="Sensor35962_S" textname="test sensor 35962"/>
			<item id="35963" losttest="3" iotype="AI" name="Sensor35963_S" textname="test sensor 35963"/>
			<item id="35964" losttest="3" iotype="AI" name="Sensor35964_S" textname="test sensor 35964"/>
			<item id="35965" losttest="3" iotype="AI" name="Sensor35965_S" textname="test sensor 35965"/>
			<item id="35966" losttest="3" iotype="AI" name="Sensor35966_S" textname="test sensor 35966"/>
			<item id="35967" losttest="3" iotype="AI" name="Sensor35967_S" textname="test sensor 35967"/>
			<item id="35968" losttest="3" iotype="AI" name="Sensor35968_S" textname="test sensor 35968"/>
			<item id="35969" losttest="3" iotype="AI" name="Sensor35969_S" textname="test sensor 35969"/>
			<item id="35970" losttest="3" iotype="AI" name="Sensor35970_S" textname="test sensor 35970"/>
			<item id="35971" losttest="3" iotype="AI" name="Sensor35971_S" textname="test sensor 35971"/>
			<item id="35972" losttest="3" iotype="AI" name="Sensor35972_S" textname="test sensor 35972"/>
			<item id="35973" losttest="3" iotype="AI" name="Sensor35973_S" textname="test sensor 35973"/>
			<item id="35974" losttest="3" iotype="AI" name="Sensor35974_S" textname="test sensor 35974"/>
			<item id="35975" losttest="3" iotype="AI" name="Sensor35975_S" textname="test sensor 35975"/>
			<item id="35976" losttest="3" iotype="AI" name="Sensor35976_S" textname="test sensor 35976"/>
			<item id="35977" losttest="3" iotype="AI" name="Sensor35977_S" textname="test sensor 35977"/>
			<item id="35978" losttest="3" iotype="AI" name="Sensor35978_S" textname="test sensor 35978"/>
			<item id="35979" losttest="3" iotype="AI" name="Sensor35979_S" textname="test sensor 35979"/>
			<item id="35980" losttest="3" iotype="AI" name="Sensor35980_S" textname="test sensor 35980"/>
			<item id="35981" losttest="3" iotype="AI" name="Sensor35981_S" textname="test sensor 35981"/>
			<item id="35982" losttest="3" iotype="AI" name="Sensor35982_S" textname="test sensor 35982"/>
			<item id="35983" losttest="3" iotype="AI" name="Sensor35983_S" textname="test sensor 35983"/>
			<item id="35984" losttest="3" iotype="AI" name="Sensor35984_S" textname="test sensor 35984"/>
			<item id="35985" losttest="3" iotype="AI" name="Sensor35985_S" textname="test sensor 35985"/>
			<item id="35986" losttest="3" iotype="AI" name="Sensor35986_S" textname="test sensor 35986"/>
			<item id="35987" losttest="3" iotype="AI" name="Sensor35987_S" textname="test sensor 35987"/>
			<item id="35988" losttest="3" iotype="AI" name="Sensor35988_S" textname="test sensor 35988"/>
			<item id="35989" losttest="3" iotype="AI" name="Sensor35989_S" textname="test sensor 35989"/>
			<item id="35990" losttest="3" iotype="AI" name="Sensor35990_S" textname="test sensor 35990"/>
			<item id="35991" losttest="3" iotype="AI" name="Sensor35991_S" textname="test sensor 35991"/>
			<item id="35992" losttest="3" iotype="AI" name="Sensor35992_S" textname="test sensor 35992"/>
			<item id="35993" losttest="3" iotype="AI" name="Sensor35993_S" textname="test sensor 35993"/>
			<item id="35994" losttest="3" iotype="AI" name="Sensor35994_S" textname="test sensor 35994"/>
			<item id="35995" losttest="3" iotype="AI" name="Sensor35995_S" textname="test sensor 35995"/>
			<item id="35996" losttest="3" iotype="AI" name="Sensor35996_S" textname="test sensor 35996"/>
			<item id="35997" losttest="3" iotype="AI" name="Sensor35997_S" textname="test sensor 35997"/>
			<item id="35998" losttest="3" iotype="AI" name="Sensor35998_S" textname="test sensor 35998"/>
			<item id="35999" losttest="3" iotype="AI" name="Sensor35999_S" textname="test sensor 35999"/>
			<item id="36000" losttest="3" iotype="AI" name="Sensor36000_S" textname="test sensor 36000"/>
			<item id="36001" losttest="3" iotype="AI" name="Sensor36001_S" textname="test sensor 36001"/>
			<item id="36002" losttest="3" iotype="AI" name="Sensor36002_S" textname="test sensor 36002"/>
			<item id="36003" losttest="3" iotype="AI" name="Sensor36003_S" textname="test sensor 36003"/>
			<item id="36004" losttest="3" iotype="AI" name="Sensor36004_S" textname="test sensor 36004"/>
			<item id="36005" losttest="3" iotype="AI" name="Sensor36005_S" textname="test sensor 36005"/>
			<item id="36006" losttest="3" iotype="AI" name="Sensor36006_S" textname="test sensor 36006"/>
			<item id="36007" losttest="3" iotype="AI" name="Sensor36007_S" textname="test sensor 36007"/>
			<item id="36008" losttest="3" iotype="AI" name="Sensor36008_S" textname="test sensor 36008"/>
			<item id="36009" losttest="3" iotype="AI" name="Sensor36009_S" textname="test sensor 36009"/>
			<item id="36010" losttest="3" iotype="AI" name="Sensor36010_S" textname="test sensor 36010"/>
			<item id="36011" losttest="3" iotype="AI" name="Sensor36011_S" textname="test sensor 36011"/>
			<item id="36012" losttest="3" iotype="AI" name="Sensor36012_S" textname="test sensor 36012"/>
			<item id="36013" losttest="3" iotype="AI" name="Sensor36013_S" textname="test sensor 36013"/>
			<item id="36014" losttest="3" iotype="AI" name="Sensor36014_S" textname="test sensor 36014"/>
			<item id="36015" losttest="3" iotype="AI" name="Sensor36015_S" textname="test sensor 36015"/>
			<item id="36016" losttest="3" iotype="AI" name="Sensor36016_S" textname="test sensor 36016"/>
			<item id="36017" losttest="3" iotype="AI" name="Sensor36017_S" textname="test sensor 36017"/>
			<item id="36018" losttest="3" iotype="AI" name="Sensor36018_S" textname="test sensor 36018"/>
			<item id="36019" losttest="3" iotype="AI" name="Sensor36019_S" textname="test sensor 36019"/>
			<item id="36020" losttest="3" iotype="AI" name="Sensor36020_S" textname="test sensor 36020"/>
			<item id="36021" losttest="3" iotype="AI" name="Sensor36021_S" textname="test sensor 36021"/>
			<item id="36022" losttest="3" iotype="AI" name="Sensor36022_S" textname="test sensor 36022"/>
			<item id="36023" losttest="3" iotype="AI" name="Sensor36023_S" textname="test sensor 36023"/>
			<item id="36024" losttest="3" iotype="AI" name="Sensor36024_S" textname="test sensor 36024"/>
			<item id="36025" losttest="3" iotype="AI" name="Sensor36025_S" textname="test sensor 36025"/>
			<item id="36026" losttest="3" iotype="AI" name="Sensor36026_S" textname="test sensor 36026"/>
			<item id="36027" losttest="3" iotype="AI" name="Sensor36027_S" textname="test sensor 36027"/>
			<item id="36028" losttest="3" iotype="AI" name="Sensor36028_S" textname="test sensor 36028"/>
			<item id="36029" losttest="3" iotype="AI" name="Sensor36029_S" textname="test sensor 36029"/>
			<item id="36030" losttest="3" iotype="AI" name="Sensor36030_S" textname="test sensor 36030"/>
			<item id="36031" losttest="3" iotype="AI" name="Sensor36031_S" textname="test sensor 36031"/>
			<item id="36032" losttest="3" iotype="AI" name="Sensor36032_S" textname="test sensor 36032"/>
			<item id="36033" losttest="3" iotype="AI" name="Sensor36033_S" textname="test sensor 36033"/>
			<item id="36034" losttest="3" iotype="AI" name="Sensor36034_S" textname="test sensor 36034"/>
			<item id="36035" losttest="3" iotype="AI" name="Sensor36035_S" textname="test sensor 36035"/>
			<item id="36036" losttest="3" iotype="AI" name="Sensor36036_S" textname="test sensor 36036"/>
			<item id="36037" losttest="3" iotype="AI" name="Sensor36037_S" textname="test sensor 36037"/>
			<item id="36038" losttest="3" iotype="AI" name="Sensor36038_S" textname="test sensor 36038"/>
			<item id="36039" losttest="3" iotype="AI" name="Sensor36039_S" textname="test sensor 36039"/>
			<item id="36040" losttest="3" iotype="AI" name="Sensor36040_S" textname="test sensor 36040"/>
			<item id="36041" losttest="3" iotype="AI" name="Sensor36041_S" textname="test sensor 36041"/>
			<item id="36042" losttest="3" iotype="AI" name="Sensor36042_S" textname="test sensor 36042"/>
			<item id="36043" losttest="3" iotype="AI" name="Sensor36043_S" textname="test sensor 36043"/>
			<item id="36044" losttest="3" iotype="AI" name="Sensor36044_S" textname="test sensor 36044"/>
			<item id="36045" losttest="3" iotype="AI" name="Sensor36045_S" textname="test sensor 36045"/>
			<item id="36046" losttest="3" iotype="AI" name="Sensor36046_S" textname="test sensor 36046"/>
			<item id="36047" losttest="3" iotype="AI" name="Sensor36047_S" textname="test sensor 36047"/>
			<item id="36048" losttest="3" iotype="AI" name="Sensor36048_S" textname="test sensor 36048"/>
			<item id="36049" losttest="3" iotype="AI" name="Sensor36049_S" textname="test sensor 36049"/>
			<item id="36050" losttest="3" iotype="AI" name="Sensor36050_S" textname="test sensor 36050"/>
			<item id="36051" losttest="3" iotype="AI" name="Sensor36051_S" textname="test sensor 36051"/>
			<item id="36052" losttest="3" iotype="AI" name="Sensor36052_S" textname="test sensor 36052"/>
			<item id="36053" losttest="3" iotype="AI" name="Sensor36053_S" textname="test sensor 36053"/>
			<item id="36054" losttest="3" iotype="AI" name="Sensor36054_S" textname="test sensor 36054"/>
			<item id="36055" losttest="3" iotype="AI" name="Sensor36055_S" textname="test sensor 36055"/>
			<item id="36056" losttest="3" iotype="AI" name="Sensor36056_S" textname="test sensor 36056"/>
			<item id="36057" losttest="3" iotype="AI" name="Sensor36057_S" textname="test sensor 36057"/>
			<item id="36058" losttest="3" iotype="AI" name="Sensor36058_S" textname="test sensor 36058"/>
			<item id="36059" losttest="3" iotype="AI" name="Sensor36059_S" textname="test sensor 36059"/>
			<item id="36060" losttest="3" iotype="AI" name="Sensor36060_S" textname="test sensor 36060"/>
			<item id="36061" losttest="3" iotype="AI" name="Sensor36061_S" textname="test sensor 36061"/>
			<item id="36062" losttest="3" iotype="AI" name="Sensor36062_S" textname="test sensor 36062"/>
			<item id="36063" losttest="3" iotype="AI" name="Sensor36063_S" textname="test sensor 36063"/>
			<item id="36064" losttest="3" iotype="AI" name="Sensor36064_S" textname="test sensor 36064"/>
			<item id="36065" losttest="3" iotype="AI" name="Sensor36065_S" textname="test sensor 36065"/>
			<item id="36066" losttest="3" iotype="AI" name="Sensor36066_S" textname="test sensor 36066"/>
			<item id="36067" losttest="3" iotype="AI" name="Sensor36067_S" textname="test sensor 36067"/>
			<item id="36068" losttest="3" iotype="AI" name="Sensor36068_S" textname="test sensor 36068"/>
			<item id="36069" losttest="3" iotype="AI" name="Sensor36069_S" textname="test sensor 36069"/>
			<item id="36070" losttest="3" iotype="AI" name="Sensor36070_S" textname="test sensor 36070"/>
			<item id="36071" losttest="3" iotype="AI" name="Sensor36071_S" textname="test sensor 36071"/>
			<item id="36072" losttest="3" iotype="AI" name="Sensor36072_S" textname="test sensor 36072"/>
			<item id="36073" losttest="3" iotype="AI" name="Sensor36073_S" textname="test sensor 36073"/>
			<item id="36074" losttest="3" iotype="AI" name="Sensor36074_S" textname="test sensor 36074"/>
			<item id="36075" losttest="3" iotype="AI" name="Sensor36075_S" textname="test sensor 36075"/>
			<item id="36076" losttest="3" iotype="AI" name="Sensor36076_S" textname="test sensor 36076"/>
			<item id="36077" losttest="3" iotype="AI" name="Sensor36077_S" textname="test sensor 36077"/>
			<item id="36078" losttest="3" iotype="AI" name="Sensor36078_S" textname="test sensor 36078"/>
			<item id="36079" losttest="3" iotype="AI" name="Sensor36079_S" textname="test sensor 36079"/>
			<item id="36080" losttest="3" iotype="AI" name="Sensor36080_S" textname="test sensor 36080"/>
			<item id="36081" losttest="3" iotype="AI" name="Sensor36081_S" textname="test sensor 36081"/>
			<item id="36082" losttest="3" iotype="AI" name="Sensor36082_S" textname="test sensor 36082"/>
			<item id="36083" losttest="3" iotype="AI" name="Sensor36083_S" textname="test sensor 36083"/>
			<item id="36084" losttest="3" iotype="AI" name="Sensor36084_S" textname="test sensor 36084"/>
			<item id="36085" losttest="3" iotype="AI" name="Sensor36085_S" textname="test sensor 36085"/>
			<item id="36086" losttest="3" iotype="AI" name="Sensor36086_S" textname="test sensor 36086"/>
			<item id="36087" losttest="3" iotype="AI" name="Sensor36087_S" textname="test sensor 36087"/>
			<item id="36088" losttest="3" iotype="AI" name="Sensor36088_S" textname="test sensor 36088"/>
			<item id="36089" losttest="3" iotype="AI" name="Sensor36089_S" textname="test sensor 36089"/>
			<item id="36090" losttest="3" iotype="AI" name="Sensor36090_S" textname="test sensor 36090"/>
			<item id="36091" losttest="3" iotype="AI" name="Sensor36091_S" textname="test sensor 36091"/>
			<item id="36092" losttest="3" iotype="AI" name="Sensor36092_S" textname="test sensor 36092"/>
			<item id="36093" losttest="3" iotype="AI" name="Sensor36093_S" textname="test sensor 36093"/>
			<item id="36094" losttest="3" iotype="AI" name="Sensor36094_S" textname="test sensor 36094"/>
			<item id="36095" losttest="3" iotype="AI" name="Sensor36095_S" textname="test sensor 36095"/>
			<item id="36096" losttest="3" iotype="AI" name="Sensor36096_S" textname="test sensor 36096"/>
			<item id="36097" losttest="3" iotype="AI" name="Sensor36097_S" textname="test sensor 36097"/>
			<item id="36098" losttest="3" iotype="AI" name="Sensor36098_S" textname="test sensor 36098"/>
			<item id="36099" losttest="3" iotype="AI" name="Sensor36099_S" textname="test sensor 36099"/>
			<item id="36100" losttest="3" iotype="AI" name="Sensor36100_S" textname="test sensor 36100"/>
			<item id="36101" losttest="3" iotype="AI" name="Sensor36101_S" textname="test sensor 36101"/>
			<item id="36102" losttest="3" iotype="AI" name="Sensor36102_S" textname="test sensor 36102"/>
			<item id="36103" losttest="3" iotype="AI" name="Sensor36103_S" textname="test sensor 36103"/>
			<item id="36104" losttest="3" iotype="AI" name="Sensor36104_S" textname="test sensor 36104"/>
			<item id="36105" losttest="3" iotype="AI" name="Sensor36105_S" textname="test sensor 36105"/>
			<item id="36106" losttest="3" iotype="AI" name="Sensor36106_S" textname="test sensor 36106"/>
			<item id="36107" losttest="3" iotype="AI" name="Sensor36107_S" textname="test sensor 36107"/>
			<item id="36108" losttest="3" iotype="AI" name="Sensor36108_S" textname="test sensor 36108"/>
			<item id="36109" losttest="3" iotype="AI" name="Sensor36109_S" textname="test sensor 36109"/>
			<item id="36110" losttest="3" iotype="AI" name="Sensor36110_S" textname="test sensor 36110"/>
			<item id="36111" losttest="3" iotype="AI" name="Sensor36111_S" textname="test sensor 36111"/>
			<item id="36112" losttest="3" iotype="AI" name="Sensor36112_S" textname="test sensor 36112"/>
			<item id="36113" losttest="3" iotype="AI" name="Sensor36113_S" textname="test sensor 36113"/>
			<item id="36114" losttest="3" iotype="AI" name="Sensor36114_S" textname="test sensor 36114"/>
			<item id="36115" losttest="3" iotype="AI" name="Sensor36115_S" textname="test sensor 36115"/>
			<item id="36116" losttest="3" iotype="AI" name="Sensor36116_S" textname="test sensor 36116"/>
			<item id="36117" losttest="3" iotype="AI" name="Sensor36117_S" textname="test sensor 36117"/>
			<item id="36118" losttest="3" iotype="AI" name="Sensor36118_S" textname="test sensor 36118"/>
			<item id="36119" losttest="3" iotype="AI" name="Sensor36119_S" textname="test sensor 36119"/>
			<item id="36120" losttest="3" iotype="AI" name="Sensor36120_S" textname="test sensor 36120"/>
			<item id="36121" losttest="3" iotype="AI" name="Sensor36121_S" textname="test sensor 36121"/>
			<item id="36122" losttest="3" iotype="AI" name="Sensor36122_S" textname="test sensor 36122"/>
			<item id="36123" losttest="3" iotype="AI" name="Sensor36123_S" textname="test sensor 36123"/>
			<item id="36124" losttest="3" iotype="AI" name="Sensor36124_S" textname="test sensor 36124"/>
			<item id="36125" losttest="3" iotype="AI" name="Sensor36125_S" textname="test sensor 36125"/>
			<item id="36126" losttest="3" iotype="AI" name="Sensor36126_S" textname="test sensor 36126"/>
			<item id="36127" losttest="3" iotype="AI" name="Sensor36127_S" textname="test sensor 36127"/>
			<item id="36128" losttest="3" iotype="AI" name="Sensor36128_S" textname="test sensor 36128"/>
			<item id="36129" losttest="3" iotype="AI" name="Sensor36129_S" textname="test sensor 36129"/>
			<item id="36130" losttest="3" iotype="AI" name="Sensor36130_S" textname="test sensor 36130"/>
			<item id="36131" losttest="3" iotype="AI" name="Sensor36131_S" textname="test sensor 36131"/>
			<item id="36132" losttest="3" iotype="AI" name="Sensor36132_S" textname="test sensor 36132"/>
			<item id="36133" losttest="3" iotype="AI" name="Sensor36133_S" textname="test sensor 36133"/>
			<item id="36134" losttest="3" iotype="AI" name="Sensor36134_S" textname="test sensor 36134"/>
			<item id="36135" losttest="3" iotype="AI" name="Sensor36135_S" textname="test sensor 36135"/>
			<item id="36136" losttest="3" iotype="AI" name="Sensor36136_S" textname="test sensor 36136"/>
			<item id="36137" losttest="3" iotype="AI" name="Sensor36137_S" textname="test sensor 36137"/>
			<item id="36138" losttest="3" iotype="AI" name="Sensor36138_S" textname="test sensor 36138"/>
			<item id="36139" losttest="3" iotype="AI" name="Sensor36139_S" textname="test sensor 36139"/>
			<item id="36140" losttest="3" iotype="AI" name="Sensor36140_S" textname="test sensor 36140"/>
			<item id="36141" losttest="3" iotype="AI" name="Sensor36141_S" textname="test sensor 36141"/>
			<item id="36142" losttest="3" iotype="AI" name="Sensor36142_S" textname="test sensor 36142"/>
			<item id="36143" losttest="3" iotype="AI" name="Sensor36143_S" textname="test sensor 36143"/>
			<item id="36144" losttest="3" iotype="AI" name="Sensor36144_S" textname="test sensor 36144"/>
			<item id="36145" losttest="3" iotype="AI" name="Sensor36145_S" textname="test sensor 36145"/>
			<item id="36146" losttest="3" iotype="AI" name="Sensor36146_S" textname="test sensor 36146"/>
			<item id="36147" losttest="3" iotype="AI" name="Sensor36147_S" textname="test sensor 36147"/>
			<item id="36148" losttest="3" iotype="AI" name="Sensor36148_S" textname="test sensor 36148"/>
			<item id="36149" losttest="3" iotype="AI" name="Sensor36149_S" textname="test sensor 36149"/>
			<item id="36150" losttest="3" iotype="AI" name="Sensor36150_S" textname="test sensor 36150"/>
			<item id="36151" losttest="3" iotype="AI" name="Sensor36151_S" textname="test sensor 36151"/>
			<item id="36152" losttest="3" iotype="AI" name="Sensor36152_S" textname="test sensor 36152"/>
			<item id="36153" losttest="3" iotype="AI" name="Sensor36153_S" textname="test sensor 36153"/>
			<item id="36154" losttest="3" iotype="AI" name="Sensor36154_S" textname="test sensor 36154"/>
			<item id="36155" losttest="3" iotype="AI" name="Sensor36155_S" textname="test sensor 36155"/>
			<item id="36156" losttest="3" iotype="AI" name="Sensor36156_S" textname="test sensor 36156"/>
			<item id="36157" losttest="3" iotype="AI" name="Sensor36157_S" textname="test sensor 36157"/>
			<item id="36158" losttest="3" iotype="AI" name="Sensor36158_S" textname="test sensor 36158"/>
			<item id="36159" losttest="3" iotype="AI" name="Sensor36159_S" textname="test sensor 36159"/>
			<item id="36160" losttest="3" iotype="AI" name="Sensor36160_S" textname="test sensor 36160"/>
			<item id="36161" losttest="3" iotype="AI" name="Sensor36161_S" textname="test sensor 36161"/>
			<item id="36162" losttest="3" iotype="AI" name="Sensor36162_S" textname="test sensor 36162"/>
			<item id="36163" losttest="3" iotype="AI" name="Sensor36163_S" textname="test sensor 36163"/>
			<item id="36164" losttest="3" iotype="AI" name="Sensor36164_S" textname="test sensor 36164"/>
			<item id="36165" losttest="3" iotype="AI" name="Sensor36165_S" textname="test sensor 36165"/>
			<item id="36166" losttest="3" iotype="AI" name="Sensor36166_S" textname="test sensor 36166"/>
			<item id="36167" losttest="3" iotype="AI" name="Sensor36167_S" textname="test sensor 36167"/>
			<item id="36168" losttest="3" iotype="AI" name="Sensor36168_S" textname="test sensor 36168"/>
			<item id="36169" losttest="3" iotype="AI" name="Sensor36169_S" textname="test sensor 36169"/>
			<item id="36170" losttest="3" iotype="AI" name="Sensor36170_S" textname="test sensor 36170"/>
			<item id="36171" losttest="3" iotype="AI" name="Sensor36171_S" textname="test sensor 36171"/>
			<item id="36172" losttest="3" iotype="AI" name="Sensor36172_S" textname="test sensor 36172"/>
			<item id="36173" losttest="3" iotype="AI" name="Sensor36173_S" textname="test sensor 36173"/>
			<item id="36174" losttest="3" iotype="AI" name="Sensor36174_S" textname="test sensor 36174"/>
			<item id="36175" losttest="3" iotype="AI" name="Sensor36175_S" textname="test sensor 36175"/>
			<item id="36176" losttest="3" iotype="AI" name="Sensor36176_S" textname="test sensor 36176"/>
			<item id="36177" losttest="3" iotype="AI" name="Sensor36177_S" textname="test sensor 36177"/>
			<item id="36178" losttest="3" iotype="AI" name="Sensor36178_S" textname="test sensor 36178"/>
			<item id="36179" losttest="3" iotype="AI" name="Sensor36179_S" textname="test sensor 36179"/>
			<item id="36180" losttest="3" iotype="AI" name="Sensor36180_S" textname="test sensor 36180"/>
			<item id="36181" losttest="3" iotype="AI" name="Sensor36181_S" textname="test sensor 36181"/>
			<item id="36182" losttest="3" iotype="AI" name="Sensor36182_S" textname="test sensor 36182"/>
			<item id="36183" losttest="3" iotype="AI" name="Sensor36183_S" textname="test sensor 36183"/>
			<item id="36184" losttest="3" iotype="AI" name="Sensor36184_S" textname="test sensor 36184"/>
			<item id="36185" losttest="3" iotype="AI" name="Sensor36185_S" textname="test sensor 36185"/>
			<item id="36186" losttest="3" iotype="AI" name="Sensor36186_S" textname="test sensor 36186"/>
			<item id="36187" losttest="3" iotype="AI" name="Sensor36187_S" textname="test sensor 36187"/>
			<item id="36188" losttest="3" iotype="AI" name="Sensor36188_S" textname="test sensor 36188"/>
			<item id="36189" losttest="3" iotype="AI" name="Sensor36189_S" textname="test sensor 36189"/>
			<item id="36190" losttest="3" iotype="AI" name="Sensor36190_S" textname="test sensor 36190"/>
			<item id="36191" losttest="3" iotype="AI" name="Sensor36191_S" textname="test sensor 36191"/>
			<item id="36192" losttest="3" iotype="AI" name="Sensor36192_S" textname="test sensor 36192"/>
			<item id="36193" losttest="3" iotype="AI" name="Sensor36193_S" textname="test sensor 36193"/>
			<item id="36194" losttest="3" iotype="AI" name="Sensor36194_S" textname="test sensor 36194"/>
			<item id="36195" losttest="3" iotype="AI" name="Sensor36195_S" textname="test sensor 36195"/>
			<item id="36196" losttest="3" iotype="AI" name="Sensor36196_S" textname="test sensor 36196"/>
			<item id="36197" losttest="3" iotype="AI" name="Sensor36197_S" textname="test sensor 36197"/>
			<item id="36198" losttest="3" iotype="AI" name="Sensor36198_S" textname="test sensor 36198"/>
			<item id="36199" losttest="3" iotype="AI" name="Sensor36199_S" textname="test sensor 36199"/>
			<item id="36200" losttest="3" iotype="AI" name="Sensor36200_S" textname="test sensor 36200"/>
			<item id="36201" losttest="3" iotype="AI" name="Sensor36201_S" textname="test sensor 36201"/>
			<item id="36202" losttest="3" iotype="AI" name="Sensor36202_S" textname="test sensor 36202"/>
			<item id="36203" losttest="3" iotype="AI" name="Sensor36203_S" textname="test sensor 36203"/>
			<item id="36204" losttest="3" iotype="AI" name="Sensor36204_S" textname="test sensor 36204"/>
			<item id="36205" losttest="3" iotype="AI" name="Sensor36205_S" textname="test sensor 36205"/>
			<item id="36206" losttest="3" iotype="AI" name="Sensor36206_S" textname="test sensor 36206"/>
			<item id="36207" losttest="3" iotype="AI" name="Sensor36207_S" textname="test sensor 36207"/>
			<item id="36208" losttest="3" iotype="AI" name="Sensor36208_S" textname="test sensor 36208"/>
			<item id="36209" losttest="3" iotype="AI" name="Sensor36209_S" textname="test sensor 36209"/>
			<item id="36210" losttest="3" iotype="AI" name="Sensor36210_S" textname="test sensor 36210"/>
			<item id="36211" losttest="3" iotype="AI" name="Sensor36211_S" textname="test sensor 36211"/>
			<item id="36212" losttest="3" iotype="AI" name="Sensor36212_S" textname="test sensor 36212"/>
			<item id="36213" losttest="3" iotype="AI" name="Sensor36213_S" textname="test sensor 36213"/>
			<item id="36214" losttest="3" iotype="AI" name="Sensor36214_S" textname="test sensor 36214"/>
			<item id="36215" losttest="3" iotype="AI" name="Sensor36215_S" textname="test sensor 36215"/>
			<item id="36216" losttest="3" iotype="AI" name="Sensor36216_S" textname="test sensor 36216"/>
			<item id="36217" losttest="3" iotype="AI" name="Sensor36217_S" textname="test sensor 36217"/>
			<item id="36218" losttest="3" iotype="AI" name="Sensor36218_S" textname="test sensor 36218"/>
			<item id="36219" losttest="3" iotype="AI" name="Sensor36219_S" textname="test sensor 36219"/>
			<item id="36220" losttest="3" iotype="AI" name="Sensor36220_S" textname="test sensor 36220"/>
			<item id="36221" losttest="3" iotype="AI" name="Sensor36221_S" textname="test sensor 36221"/>
			<item id="36222" losttest="3" iotype="AI" name="Sensor36222_S" textname="test sensor 36222"/>
			<item id="36223" losttest="3" iotype="AI" name="Sensor36223_S" textname="test sensor 36223"/>
			<item id="36224" losttest="3" iotype="AI" name="Sensor36224_S" textname="test sensor 36224"/>
			<item id="36225" losttest="3" iotype="AI" name="Sensor36225_S" textname="test sensor 36225"/>
			<item id="36226" losttest="3" iotype="AI" name="Sensor36226_S" textname="test sensor 36226"/>
			<item id="36227" losttest="3" iotype="AI" name="Sensor36227_S" textname="test sensor 36227"/>
			<item id="36228" losttest="3" iotype="AI" name="Sensor36228_S" textname="test sensor 36228"/>
			<item id="36229" losttest="3" iotype="AI" name="Sensor36229_S" textname="test sensor 36229"/>
			<item id="36230" losttest="3" iotype="AI" name="Sensor36230_S" textname="test sensor 36230"/>
			<item id="36231" losttest="3" iotype="AI" name="Sensor36231_S" textname="test sensor 36231"/>
			<item id="36232" losttest="3" iotype="AI" name="Sensor36232_S" textname="test sensor 36232"/>
			<item id="36233" losttest="3" iotype="AI" name="Sensor36233_S" textname="test sensor 36233"/>
			<item id="36234" losttest="3" iotype="AI" name="Sensor36234_S" textname="test sensor 36234"/>
			<item id="36235" losttest="3" iotype="AI" name="Sensor36235_S" textname="test sensor 36235"/>
			<item id="36236" losttest="3" iotype="AI" name="Sensor36236_S" textname="test sensor 36236"/>
			<item id="36237" losttest="3" iotype="AI" name="Sensor36237_S" textname="test sensor 36237"/>
			<item id="36238" losttest="3" iotype="AI" name="Sensor36238_S" textname="test sensor 36238"/>
			<item id="36239" losttest="3" iotype="AI" name="Sensor36239_S" textname="test sensor 36239"/>
			<item id="36240" losttest="3" iotype="AI" name="Sensor36240_S" textname="test sensor 36240"/>
			<item id="36241" losttest="3" iotype="AI" name="Sensor36241_S" textname="test sensor 36241"/>
			<item id="36242" losttest="3" iotype="AI" name="Sensor36242_S" textname="test sensor 36242"/>
			<item id="36243" losttest="3" iotype="AI" name="Sensor36243_S" textname="test sensor 36243"/>
			<item id="36244" losttest="3" iotype="AI" name="Sensor36244_S" textname="test sensor 36244"/>
			<item id="36245" losttest="3" iotype="AI" name="Sensor36245_S" textname="test sensor 36245"/>
			<item id="36246" losttest="3" iotype="AI" name="Sensor36246_S" textname="test sensor 36246"/>
			<item id="36247" losttest="3" iotype="AI" name="Sensor36247_S" textname="test sensor 36247"/>
			<item id="36248" losttest="3" iotype="AI" name="Sensor36248_S" textname="test sensor 36248"/>
			<item id="36249" losttest="3" iotype="AI" name="Sensor36249_S" textname="test sensor 36249"/>
			<item id="36250" losttest="3" iotype="AI" name="Sensor36250_S" textname="test sensor 36250"/>
			<item id="36251" losttest="3" iotype="AI" name="Sensor36251_S" textname="test sensor 36251"/>
			<item id="36252" losttest="3" iotype="AI" name="Sensor36252_S" textname="test sensor 36252"/>
			<item id="36253" losttest="3" iotype="AI" name="Sensor36253_S" textname="test sensor 36253"/>
			<item id="36254" losttest="3" iotype="AI" name="Sensor36254_S" textname="test sensor 36254"/>
			<item id="36255" losttest="3" iotype="AI" name="Sensor36255_S" textname="test sensor 36255"/>
			<item id="36256" losttest="3" iotype="AI" name="Sensor36256_S" textname="test sensor 36256"/>
			<item id="36257" losttest="3" iotype="AI" name="Sensor36257_S" textname="test sensor 36257"/>
			<item id="36258" losttest="3" iotype="AI" name="Sensor36258_S" textname="test sensor 36258"/>
			<item id="36259" losttest="3" iotype="AI" name="Sensor36259_S" textname="test sensor 36259"/>
			<item id="36260" losttest="3" iotype="AI" name="Sensor36260_S" textname="test sensor 36260"/>
			<item id="36261" losttest="3" iotype="AI" name="Sensor36261_S" textname="test sensor 36261"/>
			<item id="36262" losttest="3" iotype="AI" name="Sensor36262_S" textname="test sensor 36262"/>
			<item id="36263" losttest="3" iotype="AI" name="Sensor36263_S" textname="test sensor 36263"/>
			<item id="36264" losttest="3" iotype="AI" name="Sensor36264_S" textname="test sensor 36264"/>
			<item id="36265" losttest="3" iotype="AI" name="Sensor36265_S" textname="test sensor 36265"/>
			<item id="36266" losttest="3" iotype="AI" name="Sensor36266_S" textname="test sensor 36266"/>
			<item id="36267" losttest="3" iotype="AI" name="Sensor36267_S" textname="test sensor 36267"/>
			<item id="36268" losttest="3" iotype="AI" name="Sensor36268_S" textname="test sensor 36268"/>
			<item id="36269" losttest="3" iotype="AI" name="Sensor36269_S" textname="test sensor 36269"/>
			<item id="36270" losttest="3" iotype="AI" name="Sensor36270_S" textname="test sensor 36270"/>
			<item id="36271" losttest="3" iotype="AI" name="Sensor36271_S" textname="test sensor 36271"/>
			<item id="36272" losttest="3" iotype="AI" name="Sensor36272_S" textname="test sensor 36272"/>
			<item id="36273" losttest="3" iotype="AI" name="Sensor36273_S" textname="test sensor 36273"/>
			<item id="36274" losttest="3" iotype="AI" name="Sensor36274_S" textname="test sensor 36274"/>
			<item id="36275" losttest="3" iotype="AI" name="Sensor36275_S" textname="test sensor 36275"/>
			<item id="36276" losttest="3" iotype="AI" name="Sensor36276_S" textname="test sensor 36276"/>
			<item id="36277" losttest="3" iotype="AI" name="Sensor36277_S" textname="test sensor 36277"/>
			<item id="36278" losttest="3" iotype="AI" name="Sensor36278_S" textname="test sensor 36278"/>
			<item id="36279" losttest="3" iotype="AI" name="Sensor36279_S" textname="test sensor 36279"/>
			<item id="36280" losttest="3" iotype="AI" name="Sensor36280_S" textname="test sensor 36280"/>
			<item id="36281" losttest="3" iotype="AI" name="Sensor36281_S" textname="test sensor 36281"/>
			<item id="36282" losttest="3" iotype="AI" name="Sensor36282_S" textname="test sensor 36282"/>
			<item id="36283" losttest="3" iotype="AI" name="Sensor36283_S" textname="test sensor 36283"/>
			<item id="36284" losttest="3" iotype="AI" name="Sensor36284_S" textname="test sensor 36284"/>
			<item id="36285" losttest="3" iotype="AI" name="Sensor36285_S" textname="test sensor 36285"/>
			<item id="36286" losttest="3" iotype="AI" name="Sensor36286_S" textname="test sensor 36286"/>
			<item id="36287" losttest="3" iotype="AI" name="Sensor36287_S" textname="test sensor 36287"/>
			<item id="36288" losttest="3" iotype="AI" name="Sensor36288_S" textname="test sensor 36288"/>
			<item id="36289" losttest="3" iotype="AI" name="Sensor36289_S" textname="test sensor 36289"/>
			<item id="36290" losttest="3" iotype="AI" name="Sensor36290_S" textname="test sensor 36290"/>
			<item id="36291" losttest="3" iotype="AI" name="Sensor36291_S" textname="test sensor 36291"/>
			<item id="36292" losttest="3" iotype="AI" name="Sensor36292_S" textname="test sensor 36292"/>
			<item id="36293" losttest="3" iotype="AI" name="Sensor36293_S" textname="test sensor 36293"/>
			<item id="36294" losttest="3" iotype="AI" name="Sensor36294_S" textname="test sensor 36294"/>
			<item id="36295" losttest="3" iotype="AI" name="Sensor36295_S" textname="test sensor 36295"/>
			<item id="36296" losttest="3" iotype="AI" name="Sensor36296_S" textname="test sensor 36296"/>
			<item id="36297" losttest="3" iotype="AI" name="Sensor36297_S" textname="test sensor 36297"/>
			<item id="36298" losttest="3" iotype="AI" name="Sensor36298_S" textname="test sensor 36298"/>
			<item id="36299" losttest="3" iotype="AI" name="Sensor36299_S" textname="test sensor 36299"/>
			<item id="36300" losttest="3" iotype="AI" name="Sensor36300_S" textname="test sensor 36300"/>
			<item id="36301" losttest="3" iotype="AI" name="Sensor36301_S" textname="test sensor 36301"/>
			<item id="36302" losttest="3" iotype="AI" name="Sensor36302_S" textname="test sensor 36302"/>
			<item id="36303" losttest="3" iotype="AI" name="Sensor36303_S" textname="test sensor 36303"/>
			<item id="36304" losttest="3" iotype="AI" name="Sensor36304_S" textname="test sensor 36304"/>
			<item id="36305" losttest="3" iotype="AI" name="Sensor36305_S" textname="test sensor 36305"/>
			<item id="36306" losttest="3" iotype="AI" name="Sensor36306_S" textname="test sensor 36306"/>
			<item id="36307" losttest="3" iotype="AI" name="Sensor36307_S" textname="test sensor 36307"/>
			<item id="36308" losttest="3" iotype="AI" name="Sensor36308_S" textname="test sensor 36308"/>
			<item id="36309" losttest="3" iotype="AI" name="Sensor36309_S" textname="test sensor 36309"/>
			<item id="36310" losttest="3" iotype="AI" name="Sensor36310_S" textname="test sensor 36310"/>
			<item id="36311" losttest="3" iotype="AI" name="Sensor36311_S" textname="test sensor 36311"/>
			<item id="36312" losttest="3" iotype="AI" name="Sensor36312_S" textname="test sensor 36312"/>
			<item id="36313" losttest="3" iotype="AI" name="Sensor36313_S" textname="test sensor 36313"/>
			<item id="36314" losttest="3" iotype="AI" name="Sensor36314_S" textname="test sensor 36314"/>
			<item id="36315" losttest="3" iotype="AI" name="Sensor36315_S" textname="test sensor 36315"/>
			<item id="36316" losttest="3" iotype="AI" name="Sensor36316_S" textname="test sensor 36316"/>
			<item id="36317" losttest="3" iotype="AI" name="Sensor36317_S" textname="test sensor 36317"/>
			<item id="36318" losttest="3" iotype="AI" name="Sensor36318_S" textname="test sensor 36318"/>
			<item id="36319" losttest="3" iotype="AI" name="Sensor36319_S" textname="test sensor 36319"/>
			<item id="36320" losttest="3" iotype="AI" name="Sensor36320_S" textname="test sensor 36320"/>
			<item id="36321" losttest="3" iotype="AI" name="Sensor36321_S" textname="test sensor 36321"/>
			<item id="36322" losttest="3" iotype="AI" name="Sensor36322_S" textname="test sensor 36322"/>
			<item id="36323" losttest="3" iotype="AI" name="Sensor36323_S" textname="test sensor 36323"/>
			<item id="36324" losttest="3" iotype="AI" name="Sensor36324_S" textname="test sensor 36324"/>
			<item id="36325" losttest="3" iotype="AI" name="Sensor36325_S" textname="test sensor 36325"/>
			<item id="36326" losttest="3" iotype="AI" name="Sensor36326_S" textname="test sensor 36326"/>
			<item id="36327" losttest="3" iotype="AI" name="Sensor36327_S" textname="test sensor 36327"/>
			<item id="36328" losttest="3" iotype="AI" name="Sensor36328_S" textname="test sensor 36328"/>
			<item id="36329" losttest="3" iotype="AI" name="Sensor36329_S" textname="test sensor 36329"/>
			<item id="36330" losttest="3" iotype="AI" name="Sensor36330_S" textname="test sensor 36330"/>
			<item id="36331" losttest="3" iotype="AI" name="Sensor36331_S" textname="test sensor 36331"/>
			<item id="36332" losttest="3" iotype="AI" name="Sensor36332_S" textname="test sensor 36332"/>
			<item id="36333" losttest="3" iotype="AI" name="Sensor36333_S" textname="test sensor 36333"/>
			<item id="36334" losttest="3" iotype="AI" name="Sensor36334_S" textname="test sensor 36334"/>
			<item id="36335" losttest="3" iotype="AI" name="Sensor36335_S" textname="test sensor 36335"/>
			<item id="36336" losttest="3" iotype="AI" name="Sensor36336_S" textname="test sensor 36336"/>
			<item id="36337" losttest="3" iotype="AI" name="Sensor36337_S" textname="test sensor 36337"/>
			<item id="36338" losttest="3" iotype="AI" name="Sensor36338_S" textname="test sensor 36338"/>
			<item id="36339" losttest="3" iotype="AI" name="Sensor36339_S" textname="test sensor 36339"/>
			<item id="36340" losttest="3" iotype="AI" name="Sensor36340_S" textname="test sensor 36340"/>
			<item id="36341" losttest="3" iotype="AI" name="Sensor36341_S" textname="test sensor 36341"/>
			<item id="36342" losttest="3" iotype="AI" name="Sensor36342_S" textname="test sensor 36342"/>
			<item id="36343" losttest="3" iotype="AI" name="Sensor36343_S" textname="test sensor 36343"/>
			<item id="36344" losttest="3" iotype="AI" name="Sensor36344_S" textname="test sensor 36344"/>
			<item id="36345" losttest="3" iotype="AI" name="Sensor36345_S" textname="test sensor 36345"/>
			<item id="36346" losttest="3" iotype="AI" name="Sensor36346_S" textname="test sensor 36346"/>
			<item id="36347" losttest="3" iotype="AI" name="Sensor36347_S" textname="test sensor 36347"/>
			<item id="36348" losttest="3" iotype="AI" name="Sensor36348_S" textname="test sensor 36348"/>
			<item id="36349" losttest="3" iotype="AI" name="Sensor36349_S" textname="test sensor 36349"/>
			<item id="36350" losttest="3" iotype="AI" name="Sensor36350_S" textname="test sensor 36350"/>
			<item id="36351" losttest="3" iotype="AI" name="Sensor36351_S" textname="test sensor 36351"/>
			<item id="36352" losttest="3" iotype="AI" name="Sensor36352_S" textname="test sensor 36352"/>
			<item id="36353" losttest="3" iotype="AI" name="Sensor36353_S" textname="test sensor 36353"/>
			<item id="36354" losttest="3" iotype="AI" name="Sensor36354_S" textname="test sensor 36354"/>
			<item id="36355" losttest="3" iotype="AI" name="Sensor36355_S" textname="test sensor 36355"/>
			<item id="36356" losttest="3" iotype="AI" name="Sensor36356_S" textname="test sensor 36356"/>
			<item id="36357" losttest="3" iotype="AI" name="Sensor36357_S" textname="test sensor 36357"/>
			<item id="36358" losttest="3" iotype="AI" name="Sensor36358_S" textname="test sensor 36358"/>
			<item id="36359" losttest="3" iotype="AI" name="Sensor36359_S" textname="test sensor 36359"/>
			<item id="36360" losttest="3" iotype="AI" name="Sensor36360_S" textname="test sensor 36360"/>
			<item id="36361" losttest="3" iotype="AI" name="Sensor36361_S" textname="test sensor 36361"/>
			<item id="36362" losttest="3" iotype="AI" name="Sensor36362_S" textname="test sensor 36362"/>
			<item id="36363" losttest="3" iotype="AI" name="Sensor36363_S" textname="test sensor 36363"/>
			<item id="36364" losttest="3" iotype="AI" name="Sensor36364_S" textname="test sensor 36364"/>
			<item id="36365" losttest="3" iotype="AI" name="Sensor36365_S" textname="test sensor 36365"/>
			<item id="36366" losttest="3" iotype="AI" name="Sensor36366_S" textname="test sensor 36366"/>
			<item id="36367" losttest="3" iotype="AI" name="Sensor36367_S" textname="test sensor 36367"/>
			<item id="36368" losttest="3" iotype="AI" name="Sensor36368_S" textname="test sensor 36368"/>
			<item id="36369" losttest="3" iotype="AI" name="Sensor36369_S" textname="test sensor 36369"/>
			<item id="36370" losttest="3" iotype="AI" name="Sensor36370_S" textname="test sensor 36370"/>
			<item id="36371" losttest="3" iotype="AI" name="Sensor36371_S" textname="test sensor 36371"/>
			<item id="36372" losttest="3" iotype="AI" name="Sensor36372_S" textname="test sensor 36372"/>
			<item id="36373" losttest="3" iotype="AI" name="Sensor36373_S" textname="test sensor 36373"/>
			<item id="36374" losttest="3" iotype="AI" name="Sensor36374_S" textname="test sensor 36374"/>
			<item id="36375" losttest="3" iotype="AI" name="Sensor36375_S" textname="test sensor 36375"/>
			<item id="36376" losttest="3" iotype="AI" name="Sensor36376_S" textname="test sensor 36376"/>
			<item id="36377" losttest="3" iotype="AI" name="Sensor36377_S" textname="test sensor 36377"/>
			<item id="36378" losttest="3" iotype="AI" name="Sensor36378_S" textname="test sensor 36378"/>
			<item id="36379" losttest="3" iotype="AI" name="Sensor36379_S" textname="test sensor 36379"/>
			<item id="36380" losttest="3" iotype="AI" name="Sensor36380_S" textname="test sensor 36380"/>
			<item id="36381" losttest="3" iotype="AI" name="Sensor36381_S" textname="test sensor 36381"/>
			<item id="36382" losttest="3" iotype="AI" name="Sensor36382_S" textname="test sensor 36382"/>
			<item id="36383" losttest="3" iotype="AI" name="Sensor36383_S" textname="test sensor 36383"/>
			<item id="36384" losttest="3" iotype="AI" name="Sensor36384_S" textname="test sensor 36384"/>
			<item id="36385" losttest="3" iotype="AI" name="Sensor36385_S" textname="test sensor 36385"/>
			<item id="36386" losttest="3" iotype="AI" name="Sensor36386_S" textname="test sensor 36386"/>
			<item id="36387" losttest="3" iotype="AI" name="Sensor36387_S" textname="test sensor 36387"/>
			<item id="36388" losttest="3" iotype="AI" name="Sensor36388_S" textname="test sensor 36388"/>
			<item id="36389" losttest="3" iotype="AI" name="Sensor36389_S" textname="test sensor 36389"/>
			<item id="36390" losttest="3" iotype="AI" name="Sensor36390_S" textname="test sensor 36390"/>
			<item id="36391" losttest="3" iotype="AI" name="Sensor36391_S" textname="test sensor 36391"/>
			<item id="36392" losttest="3" iotype="AI" name="Sensor36392_S" textname="test sensor 36392"/>
			<item id="36393" losttest="3" iotype="AI" name="Sensor36393_S" textname="test sensor 36393"/>
			<item id="36394" losttest="3" iotype="AI" name="Sensor36394_S" textname="test sensor 36394"/>
			<item id="36395" losttest="3" iotype="AI" name="Sensor36395_S" textname="test sensor 36395"/>
			<item id="36396" losttest="3" iotype="AI" name="Sensor36396_S" textname="test sensor 36396"/>
			<item id="36397" losttest="3" iotype="AI" name="Sensor36397_S" textname="test sensor 36397"/>
			<item id="36398" losttest="3" iotype="AI" name="Sensor36398_S" textname="test sensor 36398"/>
			<item id="36399" losttest="3" iotype="AI" name="Sensor36399_S" textname="test sensor 36399"/>
			<item id="36400" losttest="3" iotype="AI" name="Sensor36400_S" textname="test sensor 36400"/>
			<item id="36401" losttest="3" iotype="AI" name="Sensor36401_S" textname="test sensor 36401"/>
			<item id="36402" losttest="3" iotype="AI" name="Sensor36402_S" textname="test sensor 36402"/>
			<item id="36403" losttest="3" iotype="AI" name="Sensor36403_S" textname="test sensor 36403"/>
			<item id="36404" losttest="3" iotype="AI" name="Sensor36404_S" textname="test sensor 36404"/>
			<item id="36405" losttest="3" iotype="AI" name="Sensor36405_S" textname="test sensor 36405"/>
			<item id="36406" losttest="3" iotype="AI" name="Sensor36406_S" textname="test sensor 36406"/>
			<item id="36407" losttest="3" iotype="AI" name="Sensor36407_S" textname="test sensor 36407"/>
			<item id="36408" losttest="3" iotype="AI" name="Sensor36408_S" textname="test sensor 36408"/>
			<item id="36409" losttest="3" iotype="AI" name="Sensor36409_S" textname="test sensor 36409"/>
			<item id="36410" losttest="3" iotype="AI" name="Sensor36410_S" textname="test sensor 36410"/>
			<item id="36411" losttest="3" iotype="AI" name="Sensor36411_S" textname="test sensor 36411"/>
			<item id="36412" losttest="3" iotype="AI" name="Sensor36412_S" textname="test sensor 36412"/>
			<item id="36413" losttest="3" iotype="AI" name="Sensor36413_S" textname="test sensor 36413"/>
			<item id="36414" losttest="3" iotype="AI" name="Sensor36414_S" textname="test sensor 36414"/>
			<item id="36415" losttest="3" iotype="AI" name="Sensor36415_S" textname="test sensor 36415"/>
			<item id="36416" losttest="3" iotype="AI" name="Sensor36416_S" textname="test sensor 36416"/>
			<item id="36417" losttest="3" iotype="AI" name="Sensor36417_S" textname="test sensor 36417"/>
			<item id="36418" losttest="3" iotype="AI" name="Sensor36418_S" textname="test sensor 36418"/>
			<item id="36419" losttest="3" iotype="AI" name="Sensor36419_S" textname="test sensor 36419"/>
			<item id="36420" losttest="3" iotype="AI" name="Sensor36420_S" textname="test sensor 36420"/>
			<item id="36421" losttest="3" iotype="AI" name="Sensor36421_S" textname="test sensor 36421"/>
			<item id="36422" losttest="3" iotype="AI" name="Sensor36422_S" textname="test sensor 36422"/>
			<item id="36423" losttest="3" iotype="AI" name="Sensor36423_S" textname="test sensor 36423"/>
			<item id="36424" losttest="3" iotype="AI" name="Sensor36424_S" textname="test sensor 36424"/>
			<item id="36425" losttest="3" iotype="AI" name="Sensor36425_S" textname="test sensor 36425"/>
			<item id="36426" losttest="3" iotype="AI" name="Sensor36426_S" textname="test sensor 36426"/>
			<item id="36427" losttest="3" iotype="AI" name="Sensor36427_S" textname="test sensor 36427"/>
			<item id="36428" losttest="3" iotype="AI" name="Sensor36428_S" textname="test sensor 36428"/>
			<item id="36429" losttest="3" iotype="AI" name="Sensor36429_S" textname="test sensor 36429"/>
			<item id="36430" losttest="3" iotype="AI" name="Sensor36430_S" textname="test sensor 36430"/>
			<item id="36431" losttest="3" iotype="AI" name="Sensor36431_S" textname="test sensor 36431"/>
			<item id="36432" losttest="3" iotype="AI" name="Sensor36432_S" textname="test sensor 36432"/>
			<item id="36433" losttest="3" iotype="AI" name="Sensor36433_S" textname="test sensor 36433"/>
			<item id="36434" losttest="3" iotype="AI" name="Sensor36434_S" textname="test sensor 36434"/>
			<item id="36435" losttest="3" iotype="AI" name="Sensor36435_S" textname="test sensor 36435"/>
			<item id="36436" losttest="3" iotype="AI" name="Sensor36436_S" textname="test sensor 36436"/>
			<item id="36437" losttest="3" iotype="AI" name="Sensor36437_S" textname="test sensor 36437"/>
			<item id="36438" losttest="3" iotype="AI" name="Sensor36438_S" textname="test sensor 36438"/>
			<item id="36439" losttest="3" iotype="AI" name="Sensor36439_S" textname="test sensor 36439"/>
			<item id="36440" losttest="3" iotype="AI" name="Sensor36440_S" textname="test sensor 36440"/>
			<item id="36441" losttest="3" iotype="AI" name="Sensor36441_S" textname="test sensor 36441"/>
			<item id="36442" losttest="3" iotype="AI" name="Sensor36442_S" textname="test sensor 36442"/>
			<item id="36443" losttest="3" iotype="AI" name="Sensor36443_S" textname="test sensor 36443"/>
			<item id="36444" losttest="3" iotype="AI" name="Sensor36444_S" textname="test sensor 36444"/>
			<item id="36445" losttest="3" iotype="AI" name="Sensor36445_S" textname="test sensor 36445"/>
			<item id="36446" losttest="3" iotype="AI" name="Sensor36446_S" textname="test sensor 36446"/>
			<item id="36447" losttest="3" iotype="AI" name="Sensor36447_S" textname="test sensor 36447"/>
			<item id="36448" losttest="3" iotype="AI" name="Sensor36448_S" textname="test sensor 36448"/>
			<item id="36449" losttest="3" iotype="AI" name="Sensor36449_S" textname="test sensor 36449"/>
			<item id="36450" losttest="3" iotype="AI" name="Sensor36450_S" textname="test sensor 36450"/>
			<item id="36451" losttest="3" iotype="AI" name="Sensor36451_S" textname="test sensor 36451"/>
			<item id="36452" losttest="3" iotype="AI" name="Sensor36452_S" textname="test sensor 36452"/>
			<item id="36453" losttest="3" iotype="AI" name="Sensor36453_S" textname="test sensor 36453"/>
			<item id="36454" losttest="3" iotype="AI" name="Sensor36454_S" textname="test sensor 36454"/>
			<item id="36455" losttest="3" iotype="AI" name="Sensor36455_S" textname="test sensor 36455"/>
			<item id="36456" losttest="3" iotype="AI" name="Sensor36456_S" textname="test sensor 36456"/>
			<item id="36457" losttest="3" iotype="AI" name="Sensor36457_S" textname="test sensor 36457"/>
			<item id="36458" losttest="3" iotype="AI" name="Sensor36458_S" textname="test sensor 36458"/>
			<item id="36459" losttest="3" iotype="AI" name="Sensor36459_S" textname="test sensor 36459"/>
			<item id="36460" losttest="3" iotype="AI" name="Sensor36460_S" textname="test sensor 36460"/>
			<item id="36461" losttest="3" iotype="AI" name="Sensor36461_S" textname="test sensor 36461"/>
			<item id="36462" losttest="3" iotype="AI" name="Sensor36462_S" textname="test sensor 36462"/>
			<item id="36463" losttest="3" iotype="AI" name="Sensor36463_S" textname="test sensor 36463"/>
			<item id="36464" losttest="3" iotype="AI" name="Sensor36464_S" textname="test sensor 36464"/>
			<item id="36465" losttest="3" iotype="AI" name="Sensor36465_S" textname="test sensor 36465"/>
			<item id="36466" losttest="3" iotype="AI" name="Sensor36466_S" textname="test sensor 36466"/>
			<item id="36467" losttest="3" iotype="AI" name="Sensor36467_S" textname="test sensor 36467"/>
			<item id="36468" losttest="3" iotype="AI" name="Sensor36468_S" textname="test sensor 36468"/>
			<item id="36469" losttest="3" iotype="AI" name="Sensor36469_S" textname="test sensor 36469"/>
			<item id="36470" losttest="3" iotype="AI" name="Sensor36470_S" textname="test sensor 36470"/>
			<item id="36471" losttest="3" iotype="AI" name="Sensor36471_S" textname="test sensor 36471"/>
			<item id="36472" losttest="3" iotype="AI" name="Sensor36472_S" textname="test sensor 36472"/>
			<item id="36473" losttest="3" iotype="AI" name="Sensor36473_S" textname="test sensor 36473"/>
			<item id="36474" losttest="3" iotype="AI" name="Sensor36474_S" textname="test sensor 36474"/>
			<item id="36475" losttest="3" iotype="AI" name="Sensor36475_S" textname="test sensor 36475"/>
			<item id="36476" losttest="3" iotype="AI" name="Sensor36476_S" textname="test sensor 36476"/>
			<item id="36477" losttest="3" iotype="AI" name="Sensor36477_S" textname="test sensor 36477"/>
			<item id="36478" losttest="3" iotype="AI" name="Sensor36478_S" textname="test sensor 36478"/>
			<item id="36479" losttest="3" iotype="AI" name="Sensor36479_S" textname="test sensor 36479"/>
			<item id="36480" losttest="3" iotype="AI" name="Sensor36480_S" textname="test sensor 36480"/>
			<item id="36481" losttest="3" iotype="AI" name="Sensor36481_S" textname="test sensor 36481"/>
			<item id="36482" losttest="3" iotype="AI" name="Sensor36482_S" textname="test sensor 36482"/>
			<item id="36483" losttest="3" iotype="AI" name="Sensor36483_S" textname="test sensor 36483"/>
			<item id="36484" losttest="3" iotype="AI" name="Sensor36484_S" textname="test sensor 36484"/>
			<item id="36485" losttest="3" iotype="AI" name="Sensor36485_S" textname="test sensor 36485"/>
			<item id="36486" losttest="3" iotype="AI" name="Sensor36486_S" textname="test sensor 36486"/>
			<item id="36487" losttest="3" iotype="AI" name="Sensor36487_S" textname="test sensor 36487"/>
			<item id="36488" losttest="3" iotype="AI" name="Sensor36488_S" textname="test sensor 36488"/>
			<item id="36489" losttest="3" iotype="AI" name="Sensor36489_S" textname="test sensor 36489"/>
			<item id="36490" losttest="3" iotype="AI" name="Sensor36490_S" textname="test sensor 36490"/>
			<item id="36491" losttest="3" iotype="AI" name="Sensor36491_S" textname="test sensor 36491"/>
			<item id="36492" losttest="3" iotype="AI" name="Sensor36492_S" textname="test sensor 36492"/>
			<item id="36493" losttest="3" iotype="AI" name="Sensor36493_S" textname="test sensor 36493"/>
			<item id="36494" losttest="3" iotype="AI" name="Sensor36494_S" textname="test sensor 36494"/>
			<item id="36495" losttest="3" iotype="AI" name="Sensor36495_S" textname="test sensor 36495"/>
			<item id="36496" losttest="3" iotype="AI" name="Sensor36496_S" textname="test sensor 36496"/>
			<item id="36497" losttest="3" iotype="AI" name="Sensor36497_S" textname="test sensor 36497"/>
			<item id="36498" losttest="3" iotype="AI" name="Sensor36498_S" textname="test sensor 36498"/>
			<item id="36499" losttest="3" iotype="AI" name="Sensor36499_S" textname="test sensor 36499"/>
			<item id="36500" losttest="3" iotype="AI" name="Sensor36500_S" textname="test sensor 36500"/>
			<item id="36501" losttest="3" iotype="AI" name="Sensor36501_S" textname="test sensor 36501"/>
			<item id="36502" losttest="3" iotype="AI" name="Sensor36502_S" textname="test sensor 36502"/>
			<item id="36503" losttest="3" iotype="AI" name="Sensor36503_S" textname="test sensor 36503"/>
			<item id="36504" losttest="3" iotype="AI" name="Sensor36504_S" textname="test sensor 36504"/>
			<item id="36505" losttest="3" iotype="AI" name="Sensor36505_S" textname="test sensor 36505"/>
			<item id="36506" losttest="3" iotype="AI" name="Sensor36506_S" textname="test sensor 36506"/>
			<item id="36507" losttest="3" iotype="AI" name="Sensor36507_S" textname="test sensor 36507"/>
			<item id="36508" losttest="3" iotype="AI" name="Sensor36508_S" textname="test sensor 36508"/>
			<item id="36509" losttest="3" iotype="AI" name="Sensor36509_S" textname="test sensor 36509"/>
			<item id="36510" losttest="3" iotype="AI" name="Sensor36510_S" textname="test sensor 36510"/>
			<item id="36511" losttest="3" iotype="AI" name="Sensor36511_S" textname="test sensor 36511"/>
			<item id="36512" losttest="3" iotype="AI" name="Sensor36512_S" textname="test sensor 36512"/>
			<item id="36513" losttest="3" iotype="AI" name="Sensor36513_S" textname="test sensor 36513"/>
			<item id="36514" losttest="3" iotype="AI" name="Sensor36514_S" textname="test sensor 36514"/>
			<item id="36515" losttest="3" iotype="AI" name="Sensor36515_S" textname="test sensor 36515"/>
			<item id="36516" losttest="3" iotype="AI" name="Sensor36516_S" textname="test sensor 36516"/>
			<item id="36517" losttest="3" iotype="AI" name="Sensor36517_S" textname="test sensor 36517"/>
			<item id="36518" losttest="3" iotype="AI" name="Sensor36518_S" textname="test sensor 36518"/>
			<item id="36519" losttest="3" iotype="AI" name="Sensor36519_S" textname="test sensor 36519"/>
			<item id="36520" losttest="3" iotype="AI" name="Sensor36520_S" textname="test sensor 36520"/>
			<item id="36521" losttest="3" iotype="AI" name="Sensor36521_S" textname="test sensor 36521"/>
			<item id="36522" losttest="3" iotype="AI" name="Sensor36522_S" textname="test sensor 36522"/>
			<item id="36523" losttest="3" iotype="AI" name="Sensor36523_S" textname="test sensor 36523"/>
			<item id="36524" losttest="3" iotype="AI" name="Sensor36524_S" textname="test sensor 36524"/>
			<item id="36525" losttest="3" iotype="AI" name="Sensor36525_S" textname="test sensor 36525"/>
			<item id="36526" losttest="3" iotype="AI" name="Sensor36526_S" textname="test sensor 36526"/>
			<item id="36527" losttest="3" iotype="AI" name="Sensor36527_S" textname="test sensor 36527"/>
			<item id="36528" losttest="3" iotype="AI" name="Sensor36528_S" textname="test sensor 36528"/>
			<item id="36529" losttest="3" iotype="AI" name="Sensor36529_S" textname="test sensor 36529"/>
			<item id="36530" losttest="3" iotype="AI" name="Sensor36530_S" textname="test sensor 36530"/>
			<item id="36531" losttest="3" iotype="AI" name="Sensor36531_S" textname="test sensor 36531"/>
			<item id="36532" losttest="3" iotype="AI" name="Sensor36532_S" textname="test sensor 36532"/>
			<item id="36533" losttest="3" iotype="AI" name="Sensor36533_S" textname="test sensor 36533"/>
			<item id="36534" losttest="3" iotype="AI" name="Sensor36534_S" textname="test sensor 36534"/>
			<item id="36535" losttest="3" iotype="AI" name="Sensor36535_S" textname="test sensor 36535"/>
			<item id="36536" losttest="3" iotype="AI" name="Sensor36536_S" textname="test sensor 36536"/>
			<item id="36537" losttest="3" iotype="AI" name="Sensor36537_S" textname="test sensor 36537"/>
			<item id="36538" losttest="3" iotype="AI" name="Sensor36538_S" textname="test sensor 36538"/>
			<item id="36539" losttest="3" iotype="AI" name="Sensor36539_S" textname="test sensor 36539"/>
			<item id="36540" losttest="3" iotype="AI" name="Sensor36540_S" textname="test sensor 36540"/>
			<item id="36541" losttest="3" iotype="AI" name="Sensor36541_S" textname="test sensor 36541"/>
			<item id="36542" losttest="3" iotype="AI" name="Sensor36542_S" textname="test sensor 36542"/>
			<item id="36543" losttest="3" iotype="AI" name="Sensor36543_S" textname="test sensor 36543"/>
			<item id="36544" losttest="3" iotype="AI" name="Sensor36544_S" textname="test sensor 36544"/>
			<item id="36545" losttest="3" iotype="AI" name="Sensor36545_S" textname="test sensor 36545"/>
			<item id="36546" losttest="3" iotype="AI" name="Sensor36546_S" textname="test sensor 36546"/>
			<item id="36547" losttest="3" iotype="AI" name="Sensor36547_S" textname="test sensor 36547"/>
			<item id="36548" losttest="3" iotype="AI" name="Sensor36548_S" textname="test sensor 36548"/>
			<item id="36549" losttest="3" iotype="AI" name="Sensor36549_S" textname="test sensor 36549"/>
			<item id="36550" losttest="3" iotype="AI" name="Sensor36550_S" textname="test sensor 36550"/>
			<item id="36551" losttest="3" iotype="AI" name="Sensor36551_S" textname="test sensor 36551"/>
			<item id="36552" losttest="3" iotype="AI" name="Sensor36552_S" textname="test sensor 36552"/>
			<item id="36553" losttest="3" iotype="AI" name="Sensor36553_S" textname="test sensor 36553"/>
			<item id="36554" losttest="3" iotype="AI" name="Sensor36554_S" textname="test sensor 36554"/>
			<item id="36555" losttest="3" iotype="AI" name="Sensor36555_S" textname="test sensor 36555"/>
			<item id="36556" losttest="3" iotype="AI" name="Sensor36556_S" textname="test sensor 36556"/>
			<item id="36557" losttest="3" iotype="AI" name="Sensor36557_S" textname="test sensor 36557"/>
			<item id="36558" losttest="3" iotype="AI" name="Sensor36558_S" textname="test sensor 36558"/>
			<item id="36559" losttest="3" iotype="AI" name="Sensor36559_S" textname="test sensor 36559"/>
			<item id="36560" losttest="3" iotype="AI" name="Sensor36560_S" textname="test sensor 36560"/>
			<item id="36561" losttest="3" iotype="AI" name="Sensor36561_S" textname="test sensor 36561"/>
			<item id="36562" losttest="3" iotype="AI" name="Sensor36562_S" textname="test sensor 36562"/>
			<item id="36563" losttest="3" iotype="AI" name="Sensor36563_S" textname="test sensor 36563"/>
			<item id="36564" losttest="3" iotype="AI" name="Sensor36564_S" textname="test sensor 36564"/>
			<item id="36565" losttest="3" iotype="AI" name="Sensor36565_S" textname="test sensor 36565"/>
			<item id="36566" losttest="3" iotype="AI" name="Sensor36566_S" textname="test sensor 36566"/>
			<item id="36567" losttest="3" iotype="AI" name="Sensor36567_S" textname="test sensor 36567"/>
			<item id="36568" losttest="3" iotype="AI" name="Sensor36568_S" textname="test sensor 36568"/>
			<item id="36569" losttest="3" iotype="AI" name="Sensor36569_S" textname="test sensor 36569"/>
			<item id="36570" losttest="3" iotype="AI" name="Sensor36570_S" textname="test sensor 36570"/>
			<item id="36571" losttest="3" iotype="AI" name="Sensor36571_S" textname="test sensor 36571"/>
			<item id="36572" losttest="3" iotype="AI" name="Sensor36572_S" textname="test sensor 36572"/>
			<item id="36573" losttest="3" iotype="AI" name="Sensor36573_S" textname="test sensor 36573"/>
			<item id="36574" losttest="3" iotype="AI" name="Sensor36574_S" textname="test sensor 36574"/>
			<item id="36575" losttest="3" iotype="AI" name="Sensor36575_S" textname="test sensor 36575"/>
			<item id="36576" losttest="3" iotype="AI" name="Sensor36576_S" textname="test sensor 36576"/>
			<item id="36577" losttest="3" iotype="AI" name="Sensor36577_S" textname="test sensor 36577"/>
			<item id="36578" losttest="3" iotype="AI" name="Sensor36578_S" textname="test sensor 36578"/>
			<item id="36579" losttest="3" iotype="AI" name="Sensor36579_S" textname="test sensor 36579"/>
			<item id="36580" losttest="3" iotype="AI" name="Sensor36580_S" textname="test sensor 36580"/>
			<item id="36581" losttest="3" iotype="AI" name="Sensor36581_S" textname="test sensor 36581"/>
			<item id="36582" losttest="3" iotype="AI" name="Sensor36582_S" textname="test sensor 36582"/>
			<item id="36583" losttest="3" iotype="AI" name="Sensor36583_S" textname="test sensor 36583"/>
			<item id="36584" losttest="3" iotype="AI" name="Sensor36584_S" textname="test sensor 36584"/>
			<item id="36585" losttest="3" iotype="AI" name="Sensor36585_S" textname="test sensor 36585"/>
			<item id="36586" losttest="3" iotype="AI" name="Sensor36586_S" textname="test sensor 36586"/>
			<item id="36587" losttest="3" iotype="AI" name="Sensor36587_S" textname="test sensor 36587"/>
			<item id="36588" losttest="3" iotype="AI" name="Sensor36588_S" textname="test sensor 36588"/>
			<item id="36589" losttest="3" iotype="AI" name="Sensor36589_S" textname="test sensor 36589"/>
			<item id="36590" losttest="3" iotype="AI" name="Sensor36590_S" textname="test sensor 36590"/>
			<item id="36591" losttest="3" iotype="AI" name="Sensor36591_S" textname="test sensor 36591"/>
			<item id="36592" losttest="3" iotype="AI" name="Sensor36592_S" textname="test sensor 36592"/>
			<item id="36593" losttest="3" iotype="AI" name="Sensor36593_S" textname="test sensor 36593"/>
			<item id="36594" losttest="3" iotype="AI" name="Sensor36594_S" textname="test sensor 36594"/>
			<item id="36595" losttest="3" iotype="AI" name="Sensor36595_S" textname="test sensor 36595"/>
			<item id="36596" losttest="3" iotype="AI" name="Sensor36596_S" textname="test sensor 36596"/>
			<item id="36597" losttest="3" iotype="AI" name="Sensor36597_S" textname="test sensor 36597"/>
			<item id="36598" losttest="3" iotype="AI" name="Sensor36598_S" textname="test sensor 36598"/>
			<item id="36599" losttest="3" iotype="AI" name="Sensor36599_S" textname="test sensor 36599"/>
			<item id="36600" losttest="3" iotype="AI" name="Sensor36600_S" textname="test sensor 36600"/>
			<item id="36601" losttest="3" iotype="AI" name="Sensor36601_S" textname="test sensor 36601"/>
			<item id="36602" losttest="3" iotype="AI" name="Sensor36602_S" textname="test sensor 36602"/>
			<item id="36603" losttest="3" iotype="AI" name="Sensor36603_S" textname="test sensor 36603"/>
			<item id="36604" losttest="3" iotype="AI" name="Sensor36604_S" textname="test sensor 36604"/>
			<item id="36605" losttest="3" iotype="AI" name="Sensor36605_S" textname="test sensor 36605"/>
			<item id="36606" losttest="3" iotype="AI" name="Sensor36606_S" textname="test sensor 36606"/>
			<item id="36607" losttest="3" iotype="AI" name="Sensor36607_S" textname="test sensor 36607"/>
			<item id="36608" losttest="3" iotype="AI" name="Sensor36608_S" textname="test sensor 36608"/>
			<item id="36609" losttest="3" iotype="AI" name="Sensor36609_S" textname="test sensor 36609"/>
			<item id="36610" losttest="3" iotype="AI" name="Sensor36610_S" textname="test sensor 36610"/>
			<item id="36611" losttest="3" iotype="AI" name="Sensor36611_S" textname="test sensor 36611"/>
			<item id="36612" losttest="3" iotype="AI" name="Sensor36612_S" textname="test sensor 36612"/>
			<item id="36613" losttest="3" iotype="AI" name="Sensor36613_S" textname="test sensor 36613"/>
			<item id="36614" losttest="3" iotype="AI" name="Sensor36614_S" textname="test sensor 36614"/>
			<item id="36615" losttest="3" iotype="AI" name="Sensor36615_S" textname="test sensor 36615"/>
			<item id="36616" losttest="3" iotype="AI" name="Sensor36616_S" textname="test sensor 36616"/>
			<item id="36617" losttest="3" iotype="AI" name="Sensor36617_S" textname="test sensor 36617"/>
			<item id="36618" losttest="3" iotype="AI" name="Sensor36618_S" textname="test sensor 36618"/>
			<item id="36619" losttest="3" iotype="AI" name="Sensor36619_S" textname="test sensor 36619"/>
			<item id="36620" losttest="3" iotype="AI" name="Sensor36620_S" textname="test sensor 36620"/>
			<item id="36621" losttest="3" iotype="AI" name="Sensor36621_S" textname="test sensor 36621"/>
			<item id="36622" losttest="3" iotype="AI" name="Sensor36622_S" textname="test sensor 36622"/>
			<item id="36623" losttest="3" iotype="AI" name="Sensor36623_S" textname="test sensor 36623"/>
			<item id="36624" losttest="3" iotype="AI" name="Sensor36624_S" textname="test sensor 36624"/>
			<item id="36625" losttest="3" iotype="AI" name="Sensor36625_S" textname="test sensor 36625"/>
			<item id="36626" losttest="3" iotype="AI" name="Sensor36626_S" textname="test sensor 36626"/>
			<item id="36627" losttest="3" iotype="AI" name="Sensor36627_S" textname="test sensor 36627"/>
			<item id="36628" losttest="3" iotype="AI" name="Sensor36628_S" textname="test sensor 36628"/>
			<item id="36629" losttest="3" iotype="AI" name="Sensor36629_S" textname="test sensor 36629"/>
			<item id="36630" losttest="3" iotype="AI" name="Sensor36630_S" textname="test sensor 36630"/>
			<item id="36631" losttest="3" iotype="AI" name="Sensor36631_S" textname="test sensor 36631"/>
			<item id="36632" losttest="3" iotype="AI" name="Sensor36632_S" textname="test sensor 36632"/>
			<item id="36633" losttest="3" iotype="AI" name="Sensor36633_S" textname="test sensor 36633"/>
			<item id="36634" losttest="3" iotype="AI" name="Sensor36634_S" textname="test sensor 36634"/>
			<item id="36635" losttest="3" iotype="AI" name="Sensor36635_S" textname="test sensor 36635"/>
			<item id="36636" losttest="3" iotype="AI" name="Sensor36636_S" textname="test sensor 36636"/>
			<item id="36637" losttest="3" iotype="AI" name="Sensor36637_S" textname="test sensor 36637"/>
			<item id="36638" losttest="3" iotype="AI" name="Sensor36638_S" textname="test sensor 36638"/>
			<item id="36639" losttest="3" iotype="AI" name="Sensor36639_S" textname="test sensor 36639"/>
			<item id="36640" losttest="3" iotype="AI" name="Sensor36640_S" textname="test sensor 36640"/>
			<item id="36641" losttest="3" iotype="AI" name="Sensor36641_S" textname="test sensor 36641"/>
			<item id="36642" losttest="3" iotype="AI" name="Sensor36642_S" textname="test sensor 36642"/>
			<item id="36643" losttest="3" iotype="AI" name="Sensor36643_S" textname="test sensor 36643"/>
			<item id="36644" losttest="3" iotype="AI" name="Sensor36644_S" textname="test sensor 36644"/>
			<item id="36645" losttest="3" iotype="AI" name="Sensor36645_S" textname="test sensor 36645"/>
			<item id="36646" losttest="3" iotype="AI" name="Sensor36646_S" textname="test sensor 36646"/>
			<item id="36647" losttest="3" iotype="AI" name="Sensor36647_S" textname="test sensor 36647"/>
			<item id="36648" losttest="3" iotype="AI" name="Sensor36648_S" textname="test sensor 36648"/>
			<item id="36649" losttest="3" iotype="AI" name="Sensor36649_S" textname="test sensor 36649"/>
			<item id="36650" losttest="3" iotype="AI" name="Sensor36650_S" textname="test sensor 36650"/>
			<item id="36651" losttest="3" iotype="AI" name="Sensor36651_S" textname="test sensor 36651"/>
			<item id="36652" losttest="3" iotype="AI" name="Sensor36652_S" textname="test sensor 36652"/>
			<item id="36653" losttest="3" iotype="AI" name="Sensor36653_S" textname="test sensor 36653"/>
			<item id="36654" losttest="3" iotype="AI" name="Sensor36654_S" textname="test sensor 36654"/>
			<item id="36655" losttest="3" iotype="AI" name="Sensor36655_S" textname="test sensor 36655"/>
			<item id="36656" losttest="3" iotype="AI" name="Sensor36656_S" textname="test sensor 36656"/>
			<item id="36657" losttest="3" iotype="AI" name="Sensor36657_S" textname="test sensor 36657"/>
			<item id="36658" losttest="3" iotype="AI" name="Sensor36658_S" textname="test sensor 36658"/>
			<item id="36659" losttest="3" iotype="AI" name="Sensor36659_S" textname="test sensor 36659"/>
			<item id="36660" losttest="3" iotype="AI" name="Sensor36660_S" textname="test sensor 36660"/>
			<item id="36661" losttest="3" iotype="AI" name="Sensor36661_S" textname="test sensor 36661"/>
			<item id="36662" losttest="3" iotype="AI" name="Sensor36662_S" textname="test sensor 36662"/>
			<item id="36663" losttest="3" iotype="AI" name="Sensor36663_S" textname="test sensor 36663"/>
			<item id="36664" losttest="3" iotype="AI" name="Sensor36664_S" textname="test sensor 36664"/>
			<item id="36665" losttest="3" iotype="AI" name="Sensor36665_S" textname="test sensor 36665"/>
			<item id="36666" losttest="3" iotype="AI" name="Sensor36666_S" textname="test sensor 36666"/>
			<item id="36667" losttest="3" iotype="AI" name="Sensor36667_S" textname="test sensor 36667"/>
			<item id="36668" losttest="3" iotype="AI" name="Sensor36668_S" textname="test sensor 36668"/>
			<item id="36669" losttest="3" iotype="AI" name="Sensor36669_S" textname="test sensor 36669"/>
			<item id="36670" losttest="3" iotype="AI" name="Sensor36670_S" textname="test sensor 36670"/>
			<item id="36671" losttest="3" iotype="AI" name="Sensor36671_S" textname="test sensor 36671"/>
			<item id="36672" losttest="3" iotype="AI" name="Sensor36672_S" textname="test sensor 36672"/>
			<item id="36673" losttest="3" iotype="AI" name="Sensor36673_S" textname="test sensor 36673"/>
			<item id="36674" losttest="3" iotype="AI" name="Sensor36674_S" textname="test sensor 36674"/>
			<item id="36675" losttest="3" iotype="AI" name="Sensor36675_S" textname="test sensor 36675"/>
			<item id="36676" losttest="3" iotype="AI" name="Sensor36676_S" textname="test sensor 36676"/>
			<item id="36677" losttest="3" iotype="AI" name="Sensor36677_S" textname="test sensor 36677"/>
			<item id="36678" losttest="3" iotype="AI" name="Sensor36678_S" textname="test sensor 36678"/>
			<item id="36679" losttest="3" iotype="AI" name="Sensor36679_S" textname="test sensor 36679"/>
			<item id="36680" losttest="3" iotype="AI" name="Sensor36680_S" textname="test sensor 36680"/>
			<item id="36681" losttest="3" iotype="AI" name="Sensor36681_S" textname="test sensor 36681"/>
			<item id="36682" losttest="3" iotype="AI" name="Sensor36682_S" textname="test sensor 36682"/>
			<item id="36683" losttest="3" iotype="AI" name="Sensor36683_S" textname="test sensor 36683"/>
			<item id="36684" losttest="3" iotype="AI" name="Sensor36684_S" textname="test sensor 36684"/>
			<item id="36685" losttest="3" iotype="AI" name="Sensor36685_S" textname="test sensor 36685"/>
			<item id="36686" losttest="3" iotype="AI" name="Sensor36686_S" textname="test sensor 36686"/>
			<item id="36687" losttest="3" iotype="AI" name="Sensor36687_S" textname="test sensor 36687"/>
			<item id="36688" losttest="3" iotype="AI" name="Sensor36688_S" textname="test sensor 36688"/>
			<item id="36689" losttest="3" iotype="AI" name="Sensor36689_S" textname="test sensor 36689"/>
			<item id="36690" losttest="3" iotype="AI" name="Sensor36690_S" textname="test sensor 36690"/>
			<item id="36691" losttest="3" iotype="AI" name="Sensor36691_S" textname="test sensor 36691"/>
			<item id="36692" losttest="3" iotype="AI" name="Sensor36692_S" textname="test sensor 36692"/>
			<item id="36693" losttest="3" iotype="AI" name="Sensor36693_S" textname="test sensor 36693"/>
			<item id="36694" losttest="3" iotype="AI" name="Sensor36694_S" textname="test sensor 36694"/>
			<item id="36695" losttest="3" iotype="AI" name="Sensor36695_S" textname="test sensor 36695"/>
			<item id="36696" losttest="3" iotype="AI" name="Sensor36696_S" textname="test sensor 36696"/>
			<item id="36697" losttest="3" iotype="AI" name="Sensor36697_S" textname="test sensor 36697"/>
			<item id="36698" losttest="3" iotype="AI" name="Sensor36698_S" textname="test sensor 36698"/>
			<item id="36699" losttest="3" iotype="AI" name="Sensor36699_S" textname="test sensor 36699"/>
			<item id="36700" losttest="3" iotype="AI" name="Sensor36700_S" textname="test sensor 36700"/>
			<item id="36701" losttest="3" iotype="AI" name="Sensor36701_S" textname="test sensor 36701"/>
			<item id="36702" losttest="3" iotype="AI" name="Sensor36702_S" textname="test sensor 36702"/>
			<item id="36703" losttest="3" iotype="AI" name="Sensor36703_S" textname="test sensor 36703"/>
			<item id="36704" losttest="3" iotype="AI" name="Sensor36704_S" textname="test sensor 36704"/>
			<item id="36705" losttest="3" iotype="AI" name="Sensor36705_S" textname="test sensor 36705"/>
			<item id="36706" losttest="3" iotype="AI" name="Sensor36706_S" textname="test sensor 36706"/>
			<item id="36707" losttest="3" iotype="AI" name="Sensor36707_S" textname="test sensor 36707"/>
			<item id="36708" losttest="3" iotype="AI" name="Sensor36708_S" textname="test sensor 36708"/>
			<item id="36709" losttest="3" iotype="AI" name="Sensor36709_S" textname="test sensor 36709"/>
			<item id="36710" losttest="3" iotype="AI" name="Sensor36710_S" textname="test sensor 36710"/>
			<item id="36711" losttest="3" iotype="AI" name="Sensor36711_S" textname="test sensor 36711"/>
			<item id="36712" losttest="3" iotype="AI" name="Sensor36712_S" textname="test sensor 36712"/>
			<item id="36713" losttest="3" iotype="AI" name="Sensor36713_S" textname="test sensor 36713"/>
			<item id="36714" losttest="3" iotype="AI" name="Sensor36714_S" textname="test sensor 36714"/>
			<item id="36715" losttest="3" iotype="AI" name="Sensor36715_S" textname="test sensor 36715"/>
			<item id="36716" losttest="3" iotype="AI" name="Sensor36716_S" textname="test sensor 36716"/>
			<item id="36717" losttest="3" iotype="AI" name="Sensor36717_S" textname="test sensor 36717"/>
			<item id="36718" losttest="3" iotype="AI" name="Sensor36718_S" textname="test sensor 36718"/>
			<item id="36719" losttest="3" iotype="AI" name="Sensor36719_S" textname="test sensor 36719"/>
			<item id="36720" losttest="3" iotype="AI" name="Sensor36720_S" textname="test sensor 36720"/>
			<item id="36721" losttest="3" iotype="AI" name="Sensor36721_S" textname="test sensor 36721"/>
			<item id="36722" losttest="3" iotype="AI" name="Sensor36722_S" textname="test sensor 36722"/>
			<item id="36723" losttest="3" iotype="AI" name="Sensor36723_S" textname="test sensor 36723"/>
			<item id="36724" losttest="3" iotype="AI" name="Sensor36724_S" textname="test sensor 36724"/>
			<item id="36725" losttest="3" iotype="AI" name="Sensor36725_S" textname="test sensor 36725"/>
			<item id="36726" losttest="3" iotype="AI" name="Sensor36726_S" textname="test sensor 36726"/>
			<item id="36727" losttest="3" iotype="AI" name="Sensor36727_S" textname="test sensor 36727"/>
			<item id="36728" losttest="3" iotype="AI" name="Sensor36728_S" textname="test sensor 36728"/>
			<item id="36729" losttest="3" iotype="AI" name="Sensor36729_S" textname="test sensor 36729"/>
			<item id="36730" losttest="3" iotype="AI" name="Sensor36730_S" textname="test sensor 36730"/>
			<item id="36731" losttest="3" iotype="AI" name="Sensor36731_S" textname="test sensor 36731"/>
			<item id="36732" losttest="3" iotype="AI" name="Sensor36732_S" textname="test sensor 36732"/>
			<item id="36733" losttest="3" iotype="AI" name="Sensor36733_S" textname="test sensor 36733"/>
			<item id="36734" losttest="3" iotype="AI" name="Sensor36734_S" textname="test sensor 36734"/>
			<item id="36735" losttest="3" iotype="AI" name="Sensor36735_S" textname="test sensor 36735"/>
			<item id="36736" losttest="3" iotype="AI" name="Sensor36736_S" textname="test sensor 36736"/>
			<item id="36737" losttest="3" iotype="AI" name="Sensor36737_S" textname="test sensor 36737"/>
			<item id="36738" losttest="3" iotype="AI" name="Sensor36738_S" textname="test sensor 36738"/>
			<item id="36739" losttest="3" iotype="AI" name="Sensor36739_S" textname="test sensor 36739"/>
			<item id="36740" losttest="3" iotype="AI" name="Sensor36740_S" textname="test sensor 36740"/>
			<item id="36741" losttest="3" iotype="AI" name="Sensor36741_S" textname="test sensor 36741"/>
			<item id="36742" losttest="3" iotype="AI" name="Sensor36742_S" textname="test sensor 36742"/>
			<item id="36743" losttest="3" iotype="AI" name="Sensor36743_S" textname="test sensor 36743"/>
			<item id="36744" losttest="3" iotype="AI" name="Sensor36744_S" textname="test sensor 36744"/>
			<item id="36745" losttest="3" iotype="AI" name="Sensor36745_S" textname="test sensor 36745"/>
			<item id="36746" losttest="3" iotype="AI" name="Sensor36746_S" textname="test sensor 36746"/>
			<item id="36747" losttest="3" iotype="AI" name="Sensor36747_S" textname="test sensor 36747"/>
			<item id="36748" losttest="3" iotype="AI" name="Sensor36748_S" textname="test sensor 36748"/>
			<item id="36749" losttest="3" iotype="AI" name="Sensor36749_S" textname="test sensor 36749"/>
			<item id="36750" losttest="3" iotype="AI" name="Sensor36750_S" textname="test sensor 36750"/>
			<item id="36751" losttest="3" iotype="AI" name="Sensor36751_S" textname="test sensor 36751"/>
			<item id="36752" losttest="3" iotype="AI" name="Sensor36752_S" textname="test sensor 36752"/>
			<item id="36753" losttest="3" iotype="AI" name="Sensor36753_S" textname="test sensor 36753"/>
			<item id="36754" losttest="3" iotype="AI" name="Sensor36754_S" textname="test sensor 36754"/>
			<item id="36755" losttest="3" iotype="AI" name="Sensor36755_S" textname="test sensor 36755"/>
			<item id="36756" losttest="3" iotype="AI" name="Sensor36756_S" textname="test sensor 36756"/>
			<item id="36757" losttest="3" iotype="AI" name="Sensor36757_S" textname="test sensor 36757"/>
			<item id="36758" losttest="3" iotype="AI" name="Sensor36758_S" textname="test sensor 36758"/>
			<item id="36759" losttest="3" iotype="AI" name="Sensor36759_S" textname="test sensor 36759"/>
			<item id="36760" losttest="3" iotype="AI" name="Sensor36760_S" textname="test sensor 36760"/>
			<item id="36761" losttest="3" iotype="AI" name="Sensor36761_S" textname="test sensor 36761"/>
			<item id="36762" losttest="3" iotype="AI" name="Sensor36762_S" textname="test sensor 36762"/>
			<item id="36763" losttest="3" iotype="AI" name="Sensor36763_S" textname="test sensor 36763"/>
			<item id="36764" losttest="3" iotype="AI" name="Sensor36764_S" textname="test sensor 36764"/>
			<item id="36765" losttest="3" iotype="AI" name="Sensor36765_S" textname="test sensor 36765"/>
			<item id="36766" losttest="3" iotype="AI" name="Sensor36766_S" textname="test sensor 36766"/>
			<item id="36767" losttest="3" iotype="AI" name="Sensor36767_S" textname="test sensor 36767"/>
			<item id="36768" losttest="3" iotype="AI" name="Sensor36768_S" textname="test sensor 36768"/>
			<item id="36769" losttest="3" iotype="AI" name="Sensor36769_S" textname="test sensor 36769"/>
			<item id="36770" losttest="3" iotype="AI" name="Sensor36770_S" textname="test sensor 36770"/>
			<item id="36771" losttest="3" iotype="AI" name="Sensor36771_S" textname="test sensor 36771"/>
			<item id="36772" losttest="3" iotype="AI" name="Sensor36772_S" textname="test sensor 36772"/>
			<item id="36773" losttest="3" iotype="AI" name="Sensor36773_S" textname="test sensor 36773"/>
			<item id="36774" losttest="3" iotype="AI" name="Sensor36774_S" textname="test sensor 36774"/>
			<item id="36775" losttest="3" iotype="AI" name="Sensor36775_S" textname="test sensor 36775"/>
			<item id="36776" losttest="3" iotype="AI" name="Sensor36776_S" textname="test sensor 36776"/>
			<item id="36777" losttest="3" iotype="AI" name="Sensor36777_S" textname="test sensor 36777"/>
			<item id="36778" losttest="3" iotype="AI" name="Sensor36778_S" textname="test sensor 36778"/>
			<item id="36779" losttest="3" iotype="AI" name="Sensor36779_S" textname="test sensor 36779"/>
			<item id="36780" losttest="3" iotype="AI" name="Sensor36780_S" textname="test sensor 36780"/>
			<item id="36781" losttest="3" iotype="AI" name="Sensor36781_S" textname="test sensor 36781"/>
			<item id="36782" losttest="3" iotype="AI" name="Sensor36782_S" textname="test sensor 36782"/>
			<item id="36783" losttest="3" iotype="AI" name="Sensor36783_S" textname="test sensor 36783"/>
			<item id="36784" losttest="3" iotype="AI" name="Sensor36784_S" textname="test sensor 36784"/>
			<item id="36785" losttest="3" iotype="AI" name="Sensor36785_S" textname="test sensor 36785"/>
			<item id="36786" losttest="3" iotype="AI" name="Sensor36786_S" textname="test sensor 36786"/>
			<item id="36787" losttest="3" iotype="AI" name="Sensor36787_S" textname="test sensor 36787"/>
			<item id="36788" losttest="3" iotype="AI" name="Sensor36788_S" textname="test sensor 36788"/>
			<item id="36789" losttest="3" iotype="AI" name="Sensor36789_S" textname="test sensor 36789"/>
			<item id="36790" losttest="3" iotype="AI" name="Sensor36790_S" textname="test sensor 36790"/>
			<item id="36791" losttest="3" iotype="AI" name="Sensor36791_S" textname="test sensor 36791"/>
			<item id="36792" losttest="3" iotype="AI" name="Sensor36792_S" textname="test sensor 36792"/>
			<item id="36793" losttest="3" iotype="AI" name="Sensor36793_S" textname="test sensor 36793"/>
			<item id="36794" losttest="3" iotype="AI" name="Sensor36794_S" textname="test sensor 36794"/>
			<item id="36795" losttest="3" iotype="AI" name="Sensor36795_S" textname="test sensor 36795"/>
			<item id="36796" losttest="3" iotype="AI" name="Sensor36796_S" textname="test sensor 36796"/>
			<item id="36797" losttest="3" iotype="AI" name="Sensor36797_S" textname="test sensor 36797"/>
			<item id="36798" losttest="3" iotype="AI" name="Sensor36798_S" textname="test sensor 36798"/>
			<item id="36799" losttest="3" iotype="AI" name="Sensor36799_S" textname="test sensor 36799"/>
			<item id="36800" losttest="3" iotype="AI" name="Sensor36800_S" textname="test sensor 36800"/>
			<item id="36801" losttest="3" iotype="AI" name="Sensor36801_S" textname="test sensor 36801"/>
			<item id="36802" losttest="3" iotype="AI" name="Sensor36802_S" textname="test sensor 36802"/>
			<item id="36803" losttest="3" iotype="AI" name="Sensor36803_S" textname="test sensor 36803"/>
			<item id="36804" losttest="3" iotype="AI" name="Sensor36804_S" textname="test sensor 36804"/>
			<item id="36805" losttest="3" iotype="AI" name="Sensor36805_S" textname="test sensor 36805"/>
			<item id="36806" losttest="3" iotype="AI" name="Sensor36806_S" textname="test sensor 36806"/>
			<item id="36807" losttest="3" iotype="AI" name="Sensor36807_S" textname="test sensor 36807"/>
			<item id="36808" losttest="3" iotype="AI" name="Sensor36808_S" textname="test sensor 36808"/>
			<item id="36809" losttest="3" iotype="AI" name="Sensor36809_S" textname="test sensor 36809"/>
			<item id="36810" losttest="3" iotype="AI" name="Sensor36810_S" textname="test sensor 36810"/>
			<item id="36811" losttest="3" iotype="AI" name="Sensor36811_S" textname="test sensor 36811"/>
			<item id="36812" losttest="3" iotype="AI" name="Sensor36812_S" textname="test sensor 36812"/>
			<item id="36813" losttest="3" iotype="AI" name="Sensor36813_S" textname="test sensor 36813"/>
			<item id="36814" losttest="3" iotype="AI" name="Sensor36814_S" textname="test sensor 36814"/>
			<item id="36815" losttest="3" iotype="AI" name="Sensor36815_S" textname="test sensor 36815"/>
			<item id="36816" losttest="3" iotype="AI" name="Sensor36816_S" textname="test sensor 36816"/>
			<item id="36817" losttest="3" iotype="AI" name="Sensor36817_S" textname="test sensor 36817"/>
			<item id="36818" losttest="3" iotype="AI" name="Sensor36818_S" textname="test sensor 36818"/>
			<item id="36819" losttest="3" iotype="AI" name="Sensor36819_S" textname="test sensor 36819"/>
			<item id="36820" losttest="3" iotype="AI" name="Sensor36820_S" textname="test sensor 36820"/>
			<item id="36821" losttest="3" iotype="AI" name="Sensor36821_S" textname="test sensor 36821"/>
			<item id="36822" losttest="3" iotype="AI" name="Sensor36822_S" textname="test sensor 36822"/>
			<item id="36823" losttest="3" iotype="AI" name="Sensor36823_S" textname="test sensor 36823"/>
			<item id="36824" losttest="3" iotype="AI" name="Sensor36824_S" textname="test sensor 36824"/>
			<item id="36825" losttest="3" iotype="AI" name="Sensor36825_S" textname="test sensor 36825"/>
			<item id="36826" losttest="3" iotype="AI" name="Sensor36826_S" textname="test sensor 36826"/>
			<item id="36827" losttest="3" iotype="AI" name="Sensor36827_S" textname="test sensor 36827"/>
			<item id="36828" losttest="3" iotype="AI" name="Sensor36828_S" textname="test sensor 36828"/>
			<item id="36829" losttest="3" iotype="AI" name="Sensor36829_S" textname="test sensor 36829"/>
			<item id="36830" losttest="3" iotype="AI" name="Sensor36830_S" textname="test sensor 36830"/>
			<item id="36831" losttest="3" iotype="AI" name="Sensor36831_S" textname="test sensor 36831"/>
			<item id="36832" losttest="3" iotype="AI" name="Sensor36832_S" textname="test sensor 36832"/>
			<item id="36833" losttest="3" iotype="AI" name="Sensor36833_S" textname="test sensor 36833"/>
			<item id="36834" losttest="3" iotype="AI" name="Sensor36834_S" textname="test sensor 36834"/>
			<item id="36835" losttest="3" iotype="AI" name="Sensor36835_S" textname="test sensor 36835"/>
			<item id="36836" losttest="3" iotype="AI" name="Sensor36836_S" textname="test sensor 36836"/>
			<item id="36837" losttest="3" iotype="AI" name="Sensor36837_S" textname="test sensor 36837"/>
			<item id="36838" losttest="3" iotype="AI" name="Sensor36838_S" textname="test sensor 36838"/>
			<item id="36839" losttest="3" iotype="AI" name="Sensor36839_S" textname="test sensor 36839"/>
			<item id="36840" losttest="3" iotype="AI" name="Sensor36840_S" textname="test sensor 36840"/>
			<item id="36841" losttest="3" iotype="AI" name="Sensor36841_S" textname="test sensor 36841"/>
			<item id="36842" losttest="3" iotype="AI" name="Sensor36842_S" textname="test sensor 36842"/>
			<item id="36843" losttest="3" iotype="AI" name="Sensor36843_S" textname="test sensor 36843"/>
			<item id="36844" losttest="3" iotype="AI" name="Sensor36844_S" textname="test sensor 36844"/>
			<item id="36845" losttest="3" iotype="AI" name="Sensor36845_S" textname="test sensor 36845"/>
			<item id="36846" losttest="3" iotype="AI" name="Sensor36846_S" textname="test sensor 36846"/>
			<item id="36847" losttest="3" iotype="AI" name="Sensor36847_S" textname="test sensor 36847"/>
			<item id="36848" losttest="3" iotype="AI" name="Sensor36848_S" textname="test sensor 36848"/>
			<item id="36849" losttest="3" iotype="AI" name="Sensor36849_S" textname="test sensor 36849"/>
			<item id="36850" losttest="3" iotype="AI" name="Sensor36850_S" textname="test sensor 36850"/>
			<item id="36851" losttest="3" iotype="AI" name="Sensor36851_S" textname="test sensor 36851"/>
			<item id="36852" losttest="3" iotype="AI" name="Sensor36852_S" textname="test sensor 36852"/>
			<item id="36853" losttest="3" iotype="AI" name="Sensor36853_S" textname="test sensor 36853"/>
			<item id="36854" losttest="3" iotype="AI" name="Sensor36854_S" textname="test sensor 36854"/>
			<item id="36855" losttest="3" iotype="AI" name="Sensor36855_S" textname="test sensor 36855"/>
			<item id="36856" losttest="3" iotype="AI" name="Sensor36856_S" textname="test sensor 36856"/>
			<item id="36857" losttest="3" iotype="AI" name="Sensor36857_S" textname="test sensor 36857"/>
			<item id="36858" losttest="3" iotype="AI" name="Sensor36858_S" textname="test sensor 36858"/>
			<item id="36859" losttest="3" iotype="AI" name="Sensor36859_S" textname="test sensor 36859"/>
			<item id="36860" losttest="3" iotype="AI" name="Sensor36860_S" textname="test sensor 36860"/>
			<item id="36861" losttest="3" iotype="AI" name="Sensor36861_S" textname="test sensor 36861"/>
			<item id="36862" losttest="3" iotype="AI" name="Sensor36862_S" textname="test sensor 36862"/>
			<item id="36863" losttest="3" iotype="AI" name="Sensor36863_S" textname="test sensor 36863"/>
			<item id="36864" losttest="3" iotype="AI" name="Sensor36864_S" textname="test sensor 36864"/>
			<item id="36865" losttest="3" iotype="AI" name="Sensor36865_S" textname="test sensor 36865"/>
			<item id="36866" losttest="3" iotype="AI" name="Sensor36866_S" textname="test sensor 36866"/>
			<item id="36867" losttest="3" iotype="AI" name="Sensor36867_S" textname="test sensor 36867"/>
			<item id="36868" losttest="3" iotype="AI" name="Sensor36868_S" textname="test sensor 36868"/>
			<item id="36869" losttest="3" iotype="AI" name="Sensor36869_S" textname="test sensor 36869"/>
			<item id="36870" losttest="3" iotype="AI" name="Sensor36870_S" textname="test sensor 36870"/>
			<item id="36871" losttest="3" iotype="AI" name="Sensor36871_S" textname="test sensor 36871"/>
			<item id="36872" losttest="3" iotype="AI" name="Sensor36872_S" textname="test sensor 36872"/>
			<item id="36873" losttest="3" iotype="AI" name="Sensor36873_S" textname="test sensor 36873"/>
			<item id="36874" losttest="3" iotype="AI" name="Sensor36874_S" textname="test sensor 36874"/>
			<item id="36875" losttest="3" iotype="AI" name="Sensor36875_S" textname="test sensor 36875"/>
			<item id="36876" losttest="3" iotype="AI" name="Sensor36876_S" textname="test sensor 36876"/>
			<item id="36877" losttest="3" iotype="AI" name="Sensor36877_S" textname="test sensor 36877"/>
			<item id="36878" losttest="3" iotype="AI" name="Sensor36878_S" textname="test sensor 36878"/>
			<item id="36879" losttest="3" iotype="AI" name="Sensor36879_S" textname="test sensor 36879"/>
			<item id="36880" losttest="3" iotype="AI" name="Sensor36880_S" textname="test sensor 36880"/>
			<item id="36881" losttest="3" iotype="AI" name="Sensor36881_S" textname="test sensor 36881"/>
			<item id="36882" losttest="3" iotype="AI" name="Sensor36882_S" textname="test sensor 36882"/>
			<item id="36883" losttest="3" iotype="AI" name="Sensor36883_S" textname="test sensor 36883"/>
			<item id="36884" losttest="3" iotype="AI" name="Sensor36884_S" textname="test sensor 36884"/>
			<item id="36885" losttest="3" iotype="AI" name="Sensor36885_S" textname="test sensor 36885"/>
			<item id="36886" losttest="3" iotype="AI" name="Sensor36886_S" textname="test sensor 36886"/>
			<item id="36887" losttest="3" iotype="AI" name="Sensor36887_S" textname="test sensor 36887"/>
			<item id="36888" losttest="3" iotype="AI" name="Sensor36888_S" textname="test sensor 36888"/>
			<item id="36889" losttest="3" iotype="AI" name="Sensor36889_S" textname="test sensor 36889"/>
			<item id="36890" losttest="3" iotype="AI" name="Sensor36890_S" textname="test sensor 36890"/>
			<item id="36891" losttest="3" iotype="AI" name="Sensor36891_S" textname="test sensor 36891"/>
			<item id="36892" losttest="3" iotype="AI" name="Sensor36892_S" textname="test sensor 36892"/>
			<item id="36893" losttest="3" iotype="AI" name="Sensor36893_S" textname="test sensor 36893"/>
			<item id="36894" losttest="3" iotype="AI" name="Sensor36894_S" textname="test sensor 36894"/>
			<item id="36895" losttest="3" iotype="AI" name="Sensor36895_S" textname="test sensor 36895"/>
			<item id="36896" losttest="3" iotype="AI" name="Sensor36896_S" textname="test sensor 36896"/>
			<item id="36897" losttest="3" iotype="AI" name="Sensor36897_S" textname="test sensor 36897"/>
			<item id="36898" losttest="3" iotype="AI" name="Sensor36898_S" textname="test sensor 36898"/>
			<item id="36899" losttest="3" iotype="AI" name="Sensor36899_S" textname="test sensor 36899"/>
			<item id="36900" losttest="3" iotype="AI" name="Sensor36900_S" textname="test sensor 36900"/>
			<item id="36901" losttest="3" iotype="AI" name="Sensor36901_S" textname="test sensor 36901"/>
			<item id="36902" losttest="3" iotype="AI" name="Sensor36902_S" textname="test sensor 36902"/>
			<item id="36903" losttest="3" iotype="AI" name="Sensor36903_S" textname="test sensor 36903"/>
			<item id="36904" losttest="3" iotype="AI" name="Sensor36904_S" textname="test sensor 36904"/>
			<item id="36905" losttest="3" iotype="AI" name="Sensor36905_S" textname="test sensor 36905"/>
			<item id="36906" losttest="3" iotype="AI" name="Sensor36906_S" textname="test sensor 36906"/>
			<item id="36907" losttest="3" iotype="AI" name="Sensor36907_S" textname="test sensor 36907"/>
			<item id="36908" losttest="3" iotype="AI" name="Sensor36908_S" textname="test sensor 36908"/>
			<item id="36909" losttest="3" iotype="AI" name="Sensor36909_S" textname="test sensor 36909"/>
			<item id="36910" losttest="3" iotype="AI" name="Sensor36910_S" textname="test sensor 36910"/>
			<item id="36911" losttest="3" iotype="AI" name="Sensor36911_S" textname="test sensor 36911"/>
			<item id="36912" losttest="3" iotype="AI" name="Sensor36912_S" textname="test sensor 36912"/>
			<item id="36913" losttest="3" iotype="AI" name="Sensor36913_S" textname="test sensor 36913"/>
			<item id="36914" losttest="3" iotype="AI" name="Sensor36914_S" textname="test sensor 36914"/>
			<item id="36915" losttest="3" iotype="AI" name="Sensor36915_S" textname="test sensor 36915"/>
			<item id="36916" losttest="3" iotype="AI" name="Sensor36916_S" textname="test sensor 36916"/>
			<item id="36917" losttest="3" iotype="AI" name="Sensor36917_S" textname="test sensor 36917"/>
			<item id="36918" losttest="3" iotype="AI" name="Sensor36918_S" textname="test sensor 36918"/>
			<item id="36919" losttest="3" iotype="AI" name="Sensor36919_S" textname="test sensor 36919"/>
			<item id="36920" losttest="3" iotype="AI" name="Sensor36920_S" textname="test sensor 36920"/>
			<item id="36921" losttest="3" iotype="AI" name="Sensor36921_S" textname="test sensor 36921"/>
			<item id="36922" losttest="3" iotype="AI" name="Sensor36922_S" textname="test sensor 36922"/>
			<item id="36923" losttest="3" iotype="AI" name="Sensor36923_S" textname="test sensor 36923"/>
			<item id="36924" losttest="3" iotype="AI" name="Sensor36924_S" textname="test sensor 36924"/>
			<item id="36925" losttest="3" iotype="AI" name="Sensor36925_S" textname="test sensor 36925"/>
			<item id="36926" losttest="3" iotype="AI" name="Sensor36926_S" textname="test sensor 36926"/>
			<item id="36927" losttest="3" iotype="AI" name="Sensor36927_S" textname="test sensor 36927"/>
			<item id="36928" losttest="3" iotype="AI" name="Sensor36928_S" textname="test sensor 36928"/>
			<item id="36929" losttest="3" iotype="AI" name="Sensor36929_S" textname="test sensor 36929"/>
			<item id="36930" losttest="3" iotype="AI" name="Sensor36930_S" textname="test sensor 36930"/>
			<item id="36931" losttest="3" iotype="AI" name="Sensor36931_S" textname="test sensor 36931"/>
			<item id="36932" losttest="3" iotype="AI" name="Sensor36932_S" textname="test sensor 36932"/>
			<item id="36933" losttest="3" iotype="AI" name="Sensor36933_S" textname="test sensor 36933"/>
			<item id="36934" losttest="3" iotype="AI" name="Sensor36934_S" textname="test sensor 36934"/>
			<item id="36935" losttest="3" iotype="AI" name="Sensor36935_S" textname="test sensor 36935"/>
			<item id="36936" losttest="3" iotype="AI" name="Sensor36936_S" textname="test sensor 36936"/>
			<item id="36937" losttest="3" iotype="AI" name="Sensor36937_S" textname="test sensor 36937"/>
			<item id="36938" losttest="3" iotype="AI" name="Sensor36938_S" textname="test sensor 36938"/>
			<item id="36939" losttest="3" iotype="AI" name="Sensor36939_S" textname="test sensor 36939"/>
			<item id="36940" losttest="3" iotype="AI" name="Sensor36940_S" textname="test sensor 36940"/>
			<item id="36941" losttest="3" iotype="AI" name="Sensor36941_S" textname="test sensor 36941"/>
			<item id="36942" losttest="3" iotype="AI" name="Sensor36942_S" textname="test sensor 36942"/>
			<item id="36943" losttest="3" iotype="AI" name="Sensor36943_S" textname="test sensor 36943"/>
			<item id="36944" losttest="3" iotype="AI" name="Sensor36944_S" textname="test sensor 36944"/>
			<item id="36945" losttest="3" iotype="AI" name="Sensor36945_S" textname="test sensor 36945"/>
			<item id="36946" losttest="3" iotype="AI" name="Sensor36946_S" textname="test sensor 36946"/>
			<item id="36947" losttest="3" iotype="AI" name="Sensor36947_S" textname="test sensor 36947"/>
			<item id="36948" losttest="3" iotype="AI" name="Sensor36948_S" textname="test sensor 36948"/>
			<item id="36949" losttest="3" iotype="AI" name="Sensor36949_S" textname="test sensor 36949"/>
			<item id="36950" losttest="3" iotype="AI" name="Sensor36950_S" textname="test sensor 36950"/>
			<item id="36951" losttest="3" iotype="AI" name="Sensor36951_S" textname="test sensor 36951"/>
			<item id="36952" losttest="3" iotype="AI" name="Sensor36952_S" textname="test sensor 36952"/>
			<item id="36953" losttest="3" iotype="AI" name="Sensor36953_S" textname="test sensor 36953"/>
			<item id="36954" losttest="3" iotype="AI" name="Sensor36954_S" textname="test sensor 36954"/>
			<item id="36955" losttest="3" iotype="AI" name="Sensor36955_S" textname="test sensor 36955"/>
			<item id="36956" losttest="3" iotype="AI" name="Sensor36956_S" textname="test sensor 36956"/>
			<item id="36957" losttest="3" iotype="AI" name="Sensor36957_S" textname="test sensor 36957"/>
			<item id="36958" losttest="3" iotype="AI" name="Sensor36958_S" textname="test sensor 36958"/>
			<item id="36959" losttest="3" iotype="AI" name="Sensor36959_S" textname="test sensor 36959"/>
			<item id="36960" losttest="3" iotype="AI" name="Sensor36960_S" textname="test sensor 36960"/>
			<item id="36961" losttest="3" iotype="AI" name="Sensor36961_S" textname="test sensor 36961"/>
			<item id="36962" losttest="3" iotype="AI" name="Sensor36962_S" textname="test sensor 36962"/>
			<item id="36963" losttest="3" iotype="AI" name="Sensor36963_S" textname="test sensor 36963"/>
			<item id="36964" losttest="3" iotype="AI" name="Sensor36964_S" textname="test sensor 36964"/>
			<item id="36965" losttest="3" iotype="AI" name="Sensor36965_S" textname="test sensor 36965"/>
			<item id="36966" losttest="3" iotype="AI" name="Sensor36966_S" textname="test sensor 36966"/>
			<item id="36967" losttest="3" iotype="AI" name="Sensor36967_S" textname="test sensor 36967"/>
			<item id="36968" losttest="3" iotype="AI" name="Sensor36968_S" textname="test sensor 36968"/>
			<item id="36969" losttest="3" iotype="AI" name="Sensor36969_S" textname="test sensor 36969"/>
			<item id="36970" losttest="3" iotype="AI" name="Sensor36970_S" textname="test sensor 36970"/>
			<item id="36971" losttest="3" iotype="AI" name="Sensor36971_S" textname="test sensor 36971"/>
			<item id="36972" losttest="3" iotype="AI" name="Sensor36972_S" textname="test sensor 36972"/>
			<item id="36973" losttest="3" iotype="AI" name="Sensor36973_S" textname="test sensor 36973"/>
			<item id="36974" losttest="3" iotype="AI" name="Sensor36974_S" textname="test sensor 36974"/>
			<item id="36975" losttest="3" iotype="AI" name="Sensor36975_S" textname="test sensor 36975"/>
			<item id="36976" losttest="3" iotype="AI" name="Sensor36976_S" textname="test sensor 36976"/>
			<item id="36977" losttest="3" iotype="AI" name="Sensor36977_S" textname="test sensor 36977"/>
			<item id="36978" losttest="3" iotype="AI" name="Sensor36978_S" textname="test sensor 36978"/>
			<item id="36979" losttest="3" iotype="AI" name="Sensor36979_S" textname="test sensor 36979"/>
			<item id="36980" losttest="3" iotype="AI" name="Sensor36980_S" textname="test sensor 36980"/>
			<item id="36981" losttest="3" iotype="AI" name="Sensor36981_S" textname="test sensor 36981"/>
			<item id="36982" losttest="3" iotype="AI" name="Sensor36982_S" textname="test sensor 36982"/>
			<item id="36983" losttest="3" iotype="AI" name="Sensor36983_S" textname="test sensor 36983"/>
			<item id="36984" losttest="3" iotype="AI" name="Sensor36984_S" textname="test sensor 36984"/>
			<item id="36985" losttest="3" iotype="AI" name="Sensor36985_S" textname="test sensor 36985"/>
			<item id="36986" losttest="3" iotype="AI" name="Sensor36986_S" textname="test sensor 36986"/>
			<item id="36987" losttest="3" iotype="AI" name="Sensor36987_S" textname="test sensor 36987"/>
			<item id="36988" losttest="3" iotype="AI" name="Sensor36988_S" textname="test sensor 36988"/>
			<item id="36989" losttest="3" iotype="AI" name="Sensor36989_S" textname="test sensor 36989"/>
			<item id="36990" losttest="3" iotype="AI" name="Sensor36990_S" textname="test sensor 36990"/>
			<item id="36991" losttest="3" iotype="AI" name="Sensor36991_S" textname="test sensor 36991"/>
			<item id="36992" losttest="3" iotype="AI" name="Sensor36992_S" textname="test sensor 36992"/>
			<item id="36993" losttest="3" iotype="AI" name="Sensor36993_S" textname="test sensor 36993"/>
			<item id="36994" losttest="3" iotype="AI" name="Sensor36994_S" textname="test sensor 36994"/>
			<item id="36995" losttest="3" iotype="AI" name="Sensor36995_S" textname="test sensor 36995"/>
			<item id="36996" losttest="3" iotype="AI" name="Sensor36996_S" textname="test sensor 36996"/>
			<item id="36997" losttest="3" iotype="AI" name="Sensor36997_S" textname="test sensor 36997"/>
			<item id="36998" losttest="3" iotype="AI" name="Sensor36998_S" textname="test sensor 36998"/>
			<item id="36999" losttest="3" iotype="AI" name="Sensor36999_S" textname="test sensor 36999"/>
			<item id="37000" losttest="3" iotype="AI" name="Sensor37000_S" textname="test sensor 37000"/>
			<item id="37001" losttest="3" iotype="AI" name="Sensor37001_S" textname="test sensor 37001"/>
			<item id="37002" losttest="3" iotype="AI" name="Sensor37002_S" textname="test sensor 37002"/>
			<item id="37003" losttest="3" iotype="AI" name="Sensor37003_S" textname="test sensor 37003"/>
			<item id="37004" losttest="3" iotype="AI" name="Sensor37004_S" textname="test sensor 37004"/>
			<item id="37005" losttest="3" iotype="AI" name="Sensor37005_S" textname="test sensor 37005"/>
			<item id="37006" losttest="3" iotype="AI" name="Sensor37006_S" textname="test sensor 37006"/>
			<item id="37007" losttest="3" iotype="AI" name="Sensor37007_S" textname="test sensor 37007"/>
			<item id="37008" losttest="3" iotype="AI" name="Sensor37008_S" textname="test sensor 37008"/>
			<item id="37009" losttest="3" iotype="AI" name="Sensor37009_S" textname="test sensor 37009"/>
			<item id="37010" losttest="3" iotype="AI" name="Sensor37010_S" textname="test sensor 37010"/>
			<item id="37011" losttest="3" iotype="AI" name="Sensor37011_S" textname="test sensor 37011"/>
			<item id="37012" losttest="3" iotype="AI" name="Sensor37012_S" textname="test sensor 37012"/>
			<item id="37013" losttest="3" iotype="AI" name="Sensor37013_S" textname="test sensor 37013"/>
			<item id="37014" losttest="3" iotype="AI" name="Sensor37014_S" textname="test sensor 37014"/>
			<item id="37015" losttest="3" iotype="AI" name="Sensor37015_S" textname="test sensor 37015"/>
			<item id="37016" losttest="3" iotype="AI" name="Sensor37016_S" textname="test sensor 37016"/>
			<item id="37017" losttest="3" iotype="AI" name="Sensor37017_S" textname="test sensor 37017"/>
			<item id="37018" losttest="3" iotype="AI" name="Sensor37018_S" textname="test sensor 37018"/>
			<item id="37019" losttest="3" iotype="AI" name="Sensor37019_S" textname="test sensor 37019"/>
			<item id="37020" losttest="3" iotype="AI" name="Sensor37020_S" textname="test sensor 37020"/>
			<item id="37021" losttest="3" iotype="AI" name="Sensor37021_S" textname="test sensor 37021"/>
			<item id="37022" losttest="3" iotype="AI" name="Sensor37022_S" textname="test sensor 37022"/>
			<item id="37023" losttest="3" iotype="AI" name="Sensor37023_S" textname="test sensor 37023"/>
			<item id="37024" losttest="3" iotype="AI" name="Sensor37024_S" textname="test sensor 37024"/>
			<item id="37025" losttest="3" iotype="AI" name="Sensor37025_S" textname="test sensor 37025"/>
			<item id="37026" losttest="3" iotype="AI" name="Sensor37026_S" textname="test sensor 37026"/>
			<item id="37027" losttest="3" iotype="AI" name="Sensor37027_S" textname="test sensor 37027"/>
			<item id="37028" losttest="3" iotype="AI" name="Sensor37028_S" textname="test sensor 37028"/>
			<item id="37029" losttest="3" iotype="AI" name="Sensor37029_S" textname="test sensor 37029"/>
			<item id="37030" losttest="3" iotype="AI" name="Sensor37030_S" textname="test sensor 37030"/>
			<item id="37031" losttest="3" iotype="AI" name="Sensor37031_S" textname="test sensor 37031"/>
			<item id="37032" losttest="3" iotype="AI" name="Sensor37032_S" textname="test sensor 37032"/>
			<item id="37033" losttest="3" iotype="AI" name="Sensor37033_S" textname="test sensor 37033"/>
			<item id="37034" losttest="3" iotype="AI" name="Sensor37034_S" textname="test sensor 37034"/>
			<item id="37035" losttest="3" iotype="AI" name="Sensor37035_S" textname="test sensor 37035"/>
			<item id="37036" losttest="3" iotype="AI" name="Sensor37036_S" textname="test sensor 37036"/>
			<item id="37037" losttest="3" iotype="AI" name="Sensor37037_S" textname="test sensor 37037"/>
			<item id="37038" losttest="3" iotype="AI" name="Sensor37038_S" textname="test sensor 37038"/>
			<item id="37039" losttest="3" iotype="AI" name="Sensor37039_S" textname="test sensor 37039"/>
			<item id="37040" losttest="3" iotype="AI" name="Sensor37040_S" textname="test sensor 37040"/>
			<item id="37041" losttest="3" iotype="AI" name="Sensor37041_S" textname="test sensor 37041"/>
			<item id="37042" losttest="3" iotype="AI" name="Sensor37042_S" textname="test sensor 37042"/>
			<item id="37043" losttest="3" iotype="AI" name="Sensor37043_S" textname="test sensor 37043"/>
			<item id="37044" losttest="3" iotype="AI" name="Sensor37044_S" textname="test sensor 37044"/>
			<item id="37045" losttest="3" iotype="AI" name="Sensor37045_S" textname="test sensor 37045"/>
			<item id="37046" losttest="3" iotype="AI" name="Sensor37046_S" textname="test sensor 37046"/>
			<item id="37047" losttest="3" iotype="AI" name="Sensor37047_S" textname="test sensor 37047"/>
			<item id="37048" losttest="3" iotype="AI" name="Sensor37048_S" textname="test sensor 37048"/>
			<item id="37049" losttest="3" iotype="AI" name="Sensor37049_S" textname="test sensor 37049"/>
			<item id="37050" losttest="3" iotype="AI" name="Sensor37050_S" textname="test sensor 37050"/>
			<item id="37051" losttest="3" iotype="AI" name="Sensor37051_S" textname="test sensor 37051"/>
			<item id="37052" losttest="3" iotype="AI" name="Sensor37052_S" textname="test sensor 37052"/>
			<item id="37053" losttest="3" iotype="AI" name="Sensor37053_S" textname="test sensor 37053"/>
			<item id="37054" losttest="3" iotype="AI" name="Sensor37054_S" textname="test sensor 37054"/>
			<item id="37055" losttest="3" iotype="AI" name="Sensor37055_S" textname="test sensor 37055"/>
			<item id="37056" losttest="3" iotype="AI" name="Sensor37056_S" textname="test sensor 37056"/>
			<item id="37057" losttest="3" iotype="AI" name="Sensor37057_S" textname="test sensor 37057"/>
			<item id="37058" losttest="3" iotype="AI" name="Sensor37058_S" textname="test sensor 37058"/>
			<item id="37059" losttest="3" iotype="AI" name="Sensor37059_S" textname="test sensor 37059"/>
			<item id="37060" losttest="3" iotype="AI" name="Sensor37060_S" textname="test sensor 37060"/>
			<item id="37061" losttest="3" iotype="AI" name="Sensor37061_S" textname="test sensor 37061"/>
			<item id="37062" losttest="3" iotype="AI" name="Sensor37062_S" textname="test sensor 37062"/>
			<item id="37063" losttest="3" iotype="AI" name="Sensor37063_S" textname="test sensor 37063"/>
			<item id="37064" losttest="3" iotype="AI" name="Sensor37064_S" textname="test sensor 37064"/>
			<item id="37065" losttest="3" iotype="AI" name="Sensor37065_S" textname="test sensor 37065"/>
			<item id="37066" losttest="3" iotype="AI" name="Sensor37066_S" textname="test sensor 37066"/>
			<item id="37067" losttest="3" iotype="AI" name="Sensor37067_S" textname="test sensor 37067"/>
			<item id="37068" losttest="3" iotype="AI" name="Sensor37068_S" textname="test sensor 37068"/>
			<item id="37069" losttest="3" iotype="AI" name="Sensor37069_S" textname="test sensor 37069"/>
			<item id="37070" losttest="3" iotype="AI" name="Sensor37070_S" textname="test sensor 37070"/>
			<item id="37071" losttest="3" iotype="AI" name="Sensor37071_S" textname="test sensor 37071"/>
			<item id="37072" losttest="3" iotype="AI" name="Sensor37072_S" textname="test sensor 37072"/>
			<item id="37073" losttest="3" iotype="AI" name="Sensor37073_S" textname="test sensor 37073"/>
			<item id="37074" losttest="3" iotype="AI" name="Sensor37074_S" textname="test sensor 37074"/>
			<item id="37075" losttest="3" iotype="AI" name="Sensor37075_S" textname="test sensor 37075"/>
			<item id="37076" losttest="3" iotype="AI" name="Sensor37076_S" textname="test sensor 37076"/>
			<item id="37077" losttest="3" iotype="AI" name="Sensor37077_S" textname="test sensor 37077"/>
			<item id="37078" losttest="3" iotype="AI" name="Sensor37078_S" textname="test sensor 37078"/>
			<item id="37079" losttest="3" iotype="AI" name="Sensor37079_S" textname="test sensor 37079"/>
			<item id="37080" losttest="3" iotype="AI" name="Sensor37080_S" textname="test sensor 37080"/>
			<item id="37081" losttest="3" iotype="AI" name="Sensor37081_S" textname="test sensor 37081"/>
			<item id="37082" losttest="3" iotype="AI" name="Sensor37082_S" textname="test sensor 37082"/>
			<item id="37083" losttest="3" iotype="AI" name="Sensor37083_S" textname="test sensor 37083"/>
			<item id="37084" losttest="3" iotype="AI" name="Sensor37084_S" textname="test sensor 37084"/>
			<item id="37085" losttest="3" iotype="AI" name="Sensor37085_S" textname="test sensor 37085"/>
			<item id="37086" losttest="3" iotype="AI" name="Sensor37086_S" textname="test sensor 37086"/>
			<item id="37087" losttest="3" iotype="AI" name="Sensor37087_S" textname="test sensor 37087"/>
			<item id="37088" losttest="3" iotype="AI" name="Sensor37088_S" textname="test sensor 37088"/>
			<item id="37089" losttest="3" iotype="AI" name="Sensor37089_S" textname="test sensor 37089"/>
			<item id="37090" losttest="3" iotype="AI" name="Sensor37090_S" textname="test sensor 37090"/>
			<item id="37091" losttest="3" iotype="AI" name="Sensor37091_S" textname="test sensor 37091"/>
			<item id="37092" losttest="3" iotype="AI" name="Sensor37092_S" textname="test sensor 37092"/>
			<item id="37093" losttest="3" iotype="AI" name="Sensor37093_S" textname="test sensor 37093"/>
			<item id="37094" losttest="3" iotype="AI" name="Sensor37094_S" textname="test sensor 37094"/>
			<item id="37095" losttest="3" iotype="AI" name="Sensor37095_S" textname="test sensor 37095"/>
			<item id="37096" losttest="3" iotype="AI" name="Sensor37096_S" textname="test sensor 37096"/>
			<item id="37097" losttest="3" iotype="AI" name="Sensor37097_S" textname="test sensor 37097"/>
			<item id="37098" losttest="3" iotype="AI" name="Sensor37098_S" textname="test sensor 37098"/>
			<item id="37099" losttest="3" iotype="AI" name="Sensor37099_S" textname="test sensor 37099"/>
			<item id="37100" losttest="3" iotype="AI" name="Sensor37100_S" textname="test sensor 37100"/>
			<item id="37101" losttest="3" iotype="AI" name="Sensor37101_S" textname="test sensor 37101"/>
			<item id="37102" losttest="3" iotype="AI" name="Sensor37102_S" textname="test sensor 37102"/>
			<item id="37103" losttest="3" iotype="AI" name="Sensor37103_S" textname="test sensor 37103"/>
			<item id="37104" losttest="3" iotype="AI" name="Sensor37104_S" textname="test sensor 37104"/>
			<item id="37105" losttest="3" iotype="AI" name="Sensor37105_S" textname="test sensor 37105"/>
			<item id="37106" losttest="3" iotype="AI" name="Sensor37106_S" textname="test sensor 37106"/>
			<item id="37107" losttest="3" iotype="AI" name="Sensor37107_S" textname="test sensor 37107"/>
			<item id="37108" losttest="3" iotype="AI" name="Sensor37108_S" textname="test sensor 37108"/>
			<item id="37109" losttest="3" iotype="AI" name="Sensor37109_S" textname="test sensor 37109"/>
			<item id="37110" losttest="3" iotype="AI" name="Sensor37110_S" textname="test sensor 37110"/>
			<item id="37111" losttest="3" iotype="AI" name="Sensor37111_S" textname="test sensor 37111"/>
			<item id="37112" losttest="3" iotype="AI" name="Sensor37112_S" textname="test sensor 37112"/>
			<item id="37113" losttest="3" iotype="AI" name="Sensor37113_S" textname="test sensor 37113"/>
			<item id="37114" losttest="3" iotype="AI" name="Sensor37114_S" textname="test sensor 37114"/>
			<item id="37115" losttest="3" iotype="AI" name="Sensor37115_S" textname="test sensor 37115"/>
			<item id="37116" losttest="3" iotype="AI" name="Sensor37116_S" textname="test sensor 37116"/>
			<item id="37117" losttest="3" iotype="AI" name="Sensor37117_S" textname="test sensor 37117"/>
			<item id="37118" losttest="3" iotype="AI" name="Sensor37118_S" textname="test sensor 37118"/>
			<item id="37119" losttest="3" iotype="AI" name="Sensor37119_S" textname="test sensor 37119"/>
			<item id="37120" losttest="3" iotype="AI" name="Sensor37120_S" textname="test sensor 37120"/>
			<item id="37121" losttest="3" iotype="AI" name="Sensor37121_S" textname="test sensor 37121"/>
			<item id="37122" losttest="3" iotype="AI" name="Sensor37122_S" textname="test sensor 37122"/>
			<item id="37123" losttest="3" iotype="AI" name="Sensor37123_S" textname="test sensor 37123"/>
			<item id="37124" losttest="3" iotype="AI" name="Sensor37124_S" textname="test sensor 37124"/>
			<item id="37125" losttest="3" iotype="AI" name="Sensor37125_S" textname="test sensor 37125"/>
			<item id="37126" losttest="3" iotype="AI" name="Sensor37126_S" textname="test sensor 37126"/>
			<item id="37127" losttest="3" iotype="AI" name="Sensor37127_S" textname="test sensor 37127"/>
			<item id="37128" losttest="3" iotype="AI" name="Sensor37128_S" textname="test sensor 37128"/>
			<item id="37129" losttest="3" iotype="AI" name="Sensor37129_S" textname="test sensor 37129"/>
			<item id="37130" losttest="3" iotype="AI" name="Sensor37130_S" textname="test sensor 37130"/>
			<item id="37131" losttest="3" iotype="AI" name="Sensor37131_S" textname="test sensor 37131"/>
			<item id="37132" losttest="3" iotype="AI" name="Sensor37132_S" textname="test sensor 37132"/>
			<item id="37133" losttest="3" iotype="AI" name="Sensor37133_S" textname="test sensor 37133"/>
			<item id="37134" losttest="3" iotype="AI" name="Sensor37134_S" textname="test sensor 37134"/>
			<item id="37135" losttest="3" iotype="AI" name="Sensor37135_S" textname="test sensor 37135"/>
			<item id="37136" losttest="3" iotype="AI" name="Sensor37136_S" textname="test sensor 37136"/>
			<item id="37137" losttest="3" iotype="AI" name="Sensor37137_S" textname="test sensor 37137"/>
			<item id="37138" losttest="3" iotype="AI" name="Sensor37138_S" textname="test sensor 37138"/>
			<item id="37139" losttest="3" iotype="AI" name="Sensor37139_S" textname="test sensor 37139"/>
			<item id="37140" losttest="3" iotype="AI" name="Sensor37140_S" textname="test sensor 37140"/>
			<item id="37141" losttest="3" iotype="AI" name="Sensor37141_S" textname="test sensor 37141"/>
			<item id="37142" losttest="3" iotype="AI" name="Sensor37142_S" textname="test sensor 37142"/>
			<item id="37143" losttest="3" iotype="AI" name="Sensor37143_S" textname="test sensor 37143"/>
			<item id="37144" losttest="3" iotype="AI" name="Sensor37144_S" textname="test sensor 37144"/>
			<item id="37145" losttest="3" iotype="AI" name="Sensor37145_S" textname="test sensor 37145"/>
			<item id="37146" losttest="3" iotype="AI" name="Sensor37146_S" textname="test sensor 37146"/>
			<item id="37147" losttest="3" iotype="AI" name="Sensor37147_S" textname="test sensor 37147"/>
			<item id="37148" losttest="3" iotype="AI" name="Sensor37148_S" textname="test sensor 37148"/>
			<item id="37149" losttest="3" iotype="AI" name="Sensor37149_S" textname="test sensor 37149"/>
			<item id="37150" losttest="3" iotype="AI" name="Sensor37150_S" textname="test sensor 37150"/>
			<item id="37151" losttest="3" iotype="AI" name="Sensor37151_S" textname="test sensor 37151"/>
			<item id="37152" losttest="3" iotype="AI" name="Sensor37152_S" textname="test sensor 37152"/>
			<item id="37153" losttest="3" iotype="AI" name="Sensor37153_S" textname="test sensor 37153"/>
			<item id="37154" losttest="3" iotype="AI" name="Sensor37154_S" textname="test sensor 37154"/>
			<item id="37155" losttest="3" iotype="AI" name="Sensor37155_S" textname="test sensor 37155"/>
			<item id="37156" losttest="3" iotype="AI" name="Sensor37156_S" textname="test sensor 37156"/>
			<item id="37157" losttest="3" iotype="AI" name="Sensor37157_S" textname="test sensor 37157"/>
			<item id="37158" losttest="3" iotype="AI" name="Sensor37158_S" textname="test sensor 37158"/>
			<item id="37159" losttest="3" iotype="AI" name="Sensor37159_S" textname="test sensor 37159"/>
			<item id="37160" losttest="3" iotype="AI" name="Sensor37160_S" textname="test sensor 37160"/>
			<item id="37161" losttest="3" iotype="AI" name="Sensor37161_S" textname="test sensor 37161"/>
			<item id="37162" losttest="3" iotype="AI" name="Sensor37162_S" textname="test sensor 37162"/>
			<item id="37163" losttest="3" iotype="AI" name="Sensor37163_S" textname="test sensor 37163"/>
			<item id="37164" losttest="3" iotype="AI" name="Sensor37164_S" textname="test sensor 37164"/>
			<item id="37165" losttest="3" iotype="AI" name="Sensor37165_S" textname="test sensor 37165"/>
			<item id="37166" losttest="3" iotype="AI" name="Sensor37166_S" textname="test sensor 37166"/>
			<item id="37167" losttest="3" iotype="AI" name="Sensor37167_S" textname="test sensor 37167"/>
			<item id="37168" losttest="3" iotype="AI" name="Sensor37168_S" textname="test sensor 37168"/>
			<item id="37169" losttest="3" iotype="AI" name="Sensor37169_S" textname="test sensor 37169"/>
			<item id="37170" losttest="3" iotype="AI" name="Sensor37170_S" textname="test sensor 37170"/>
			<item id="37171" losttest="3" iotype="AI" name="Sensor37171_S" textname="test sensor 37171"/>
			<item id="37172" losttest="3" iotype="AI" name="Sensor37172_S" textname="test sensor 37172"/>
			<item id="37173" losttest="3" iotype="AI" name="Sensor37173_S" textname="test sensor 37173"/>
			<item id="37174" losttest="3" iotype="AI" name="Sensor37174_S" textname="test sensor 37174"/>
			<item id="37175" losttest="3" iotype="AI" name="Sensor37175_S" textname="test sensor 37175"/>
			<item id="37176" losttest="3" iotype="AI" name="Sensor37176_S" textname="test sensor 37176"/>
			<item id="37177" losttest="3" iotype="AI" name="Sensor37177_S" textname="test sensor 37177"/>
			<item id="37178" losttest="3" iotype="AI" name="Sensor37178_S" textname="test sensor 37178"/>
			<item id="37179" losttest="3" iotype="AI" name="Sensor37179_S" textname="test sensor 37179"/>
			<item id="37180" losttest="3" iotype="AI" name="Sensor37180_S" textname="test sensor 37180"/>
			<item id="37181" losttest="3" iotype="AI" name="Sensor37181_S" textname="test sensor 37181"/>
			<item id="37182" losttest="3" iotype="AI" name="Sensor37182_S" textname="test sensor 37182"/>
			<item id="37183" losttest="3" iotype="AI" name="Sensor37183_S" textname="test sensor 37183"/>
			<item id="37184" losttest="3" iotype="AI" name="Sensor37184_S" textname="test sensor 37184"/>
			<item id="37185" losttest="3" iotype="AI" name="Sensor37185_S" textname="test sensor 37185"/>
			<item id="37186" losttest="3" iotype="AI" name="Sensor37186_S" textname="test sensor 37186"/>
			<item id="37187" losttest="3" iotype="AI" name="Sensor37187_S" textname="test sensor 37187"/>
			<item id="37188" losttest="3" iotype="AI" name="Sensor37188_S" textname="test sensor 37188"/>
			<item id="37189" losttest="3" iotype="AI" name="Sensor37189_S" textname="test sensor 37189"/>
			<item id="37190" losttest="3" iotype="AI" name="Sensor37190_S" textname="test sensor 37190"/>
			<item id="37191" losttest="3" iotype="AI" name="Sensor37191_S" textname="test sensor 37191"/>
			<item id="37192" losttest="3" iotype="AI" name="Sensor37192_S" textname="test sensor 37192"/>
			<item id="37193" losttest="3" iotype="AI" name="Sensor37193_S" textname="test sensor 37193"/>
			<item id="37194" losttest="3" iotype="AI" name="Sensor37194_S" textname="test sensor 37194"/>
			<item id="37195" losttest="3" iotype="AI" name="Sensor37195_S" textname="test sensor 37195"/>
			<item id="37196" losttest="3" iotype="AI" name="Sensor37196_S" textname="test sensor 37196"/>
			<item id="37197" losttest="3" iotype="AI" name="Sensor37197_S" textname="test sensor 37197"/>
			<item id="37198" losttest="3" iotype="AI" name="Sensor37198_S" textname="test sensor 37198"/>
			<item id="37199" losttest="3" iotype="AI" name="Sensor37199_S" textname="test sensor 37199"/>
			<item id="37200" losttest="3" iotype="AI" name="Sensor37200_S" textname="test sensor 37200"/>
			<item id="37201" losttest="3" iotype="AI" name="Sensor37201_S" textname="test sensor 37201"/>
			<item id="37202" losttest="3" iotype="AI" name="Sensor37202_S" textname="test sensor 37202"/>
			<item id="37203" losttest="3" iotype="AI" name="Sensor37203_S" textname="test sensor 37203"/>
			<item id="37204" losttest="3" iotype="AI" name="Sensor37204_S" textname="test sensor 37204"/>
			<item id="37205" losttest="3" iotype="AI" name="Sensor37205_S" textname="test sensor 37205"/>
			<item id="37206" losttest="3" iotype="AI" name="Sensor37206_S" textname="test sensor 37206"/>
			<item id="37207" losttest="3" iotype="AI" name="Sensor37207_S" textname="test sensor 37207"/>
			<item id="37208" losttest="3" iotype="AI" name="Sensor37208_S" textname="test sensor 37208"/>
			<item id="37209" losttest="3" iotype="AI" name="Sensor37209_S" textname="test sensor 37209"/>
			<item id="37210" losttest="3" iotype="AI" name="Sensor37210_S" textname="test sensor 37210"/>
			<item id="37211" losttest="3" iotype="AI" name="Sensor37211_S" textname="test sensor 37211"/>
			<item id="37212" losttest="3" iotype="AI" name="Sensor37212_S" textname="test sensor 37212"/>
			<item id="37213" losttest="3" iotype="AI" name="Sensor37213_S" textname="test sensor 37213"/>
			<item id="37214" losttest="3" iotype="AI" name="Sensor37214_S" textname="test sensor 37214"/>
			<item id="37215" losttest="3" iotype="AI" name="Sensor37215_S" textname="test sensor 37215"/>
			<item id="37216" losttest="3" iotype="AI" name="Sensor37216_S" textname="test sensor 37216"/>
			<item id="37217" losttest="3" iotype="AI" name="Sensor37217_S" textname="test sensor 37217"/>
			<item id="37218" losttest="3" iotype="AI" name="Sensor37218_S" textname="test sensor 37218"/>
			<item id="37219" losttest="3" iotype="AI" name="Sensor37219_S" textname="test sensor 37219"/>
			<item id="37220" losttest="3" iotype="AI" name="Sensor37220_S" textname="test sensor 37220"/>
			<item id="37221" losttest="3" iotype="AI" name="Sensor37221_S" textname="test sensor 37221"/>
			<item id="37222" losttest="3" iotype="AI" name="Sensor37222_S" textname="test sensor 37222"/>
			<item id="37223" losttest="3" iotype="AI" name="Sensor37223_S" textname="test sensor 37223"/>
			<item id="37224" losttest="3" iotype="AI" name="Sensor37224_S" textname="test sensor 37224"/>
			<item id="37225" losttest="3" iotype="AI" name="Sensor37225_S" textname="test sensor 37225"/>
			<item id="37226" losttest="3" iotype="AI" name="Sensor37226_S" textname="test sensor 37226"/>
			<item id="37227" losttest="3" iotype="AI" name="Sensor37227_S" textname="test sensor 37227"/>
			<item id="37228" losttest="3" iotype="AI" name="Sensor37228_S" textname="test sensor 37228"/>
			<item id="37229" losttest="3" iotype="AI" name="Sensor37229_S" textname="test sensor 37229"/>
			<item id="37230" losttest="3" iotype="AI" name="Sensor37230_S" textname="test sensor 37230"/>
			<item id="37231" losttest="3" iotype="AI" name="Sensor37231_S" textname="test sensor 37231"/>
			<item id="37232" losttest="3" iotype="AI" name="Sensor37232_S" textname="test sensor 37232"/>
			<item id="37233" losttest="3" iotype="AI" name="Sensor37233_S" textname="test sensor 37233"/>
			<item id="37234" losttest="3" iotype="AI" name="Sensor37234_S" textname="test sensor 37234"/>
			<item id="37235" losttest="3" iotype="AI" name="Sensor37235_S" textname="test sensor 37235"/>
			<item id="37236" losttest="3" iotype="AI" name="Sensor37236_S" textname="test sensor 37236"/>
			<item id="37237" losttest="3" iotype="AI" name="Sensor37237_S" textname="test sensor 37237"/>
			<item id="37238" losttest="3" iotype="AI" name="Sensor37238_S" textname="test sensor 37238"/>
			<item id="37239" losttest="3" iotype="AI" name="Sensor37239_S" textname="test sensor 37239"/>
			<item id="37240" losttest="3" iotype="AI" name="Sensor37240_S" textname="test sensor 37240"/>
			<item id="37241" losttest="3" iotype="AI" name="Sensor37241_S" textname="test sensor 37241"/>
			<item id="37242" losttest="3" iotype="AI" name="Sensor37242_S" textname="test sensor 37242"/>
			<item id="37243" losttest="3" iotype="AI" name="Sensor37243_S" textname="test sensor 37243"/>
			<item id="37244" losttest="3" iotype="AI" name="Sensor37244_S" textname="test sensor 37244"/>
			<item id="37245" losttest="3" iotype="AI" name="Sensor37245_S" textname="test sensor 37245"/>
			<item id="37246" losttest="3" iotype="AI" name="Sensor37246_S" textname="test sensor 37246"/>
			<item id="37247" losttest="3" iotype="AI" name="Sensor37247_S" textname="test sensor 37247"/>
			<item id="37248" losttest="3" iotype="AI" name="Sensor37248_S" textname="test sensor 37248"/>
			<item id="37249" losttest="3" iotype="AI" name="Sensor37249_S" textname="test sensor 37249"/>
			<item id="37250" losttest="3" iotype="AI" name="Sensor37250_S" textname="test sensor 37250"/>
			<item id="37251" losttest="3" iotype="AI" name="Sensor37251_S" textname="test sensor 37251"/>
			<item id="37252" losttest="3" iotype="AI" name="Sensor37252_S" textname="test sensor 37252"/>
			<item id="37253" losttest="3" iotype="AI" name="Sensor37253_S" textname="test sensor 37253"/>
			<item id="37254" losttest="3" iotype="AI" name="Sensor37254_S" textname="test sensor 37254"/>
			<item id="37255" losttest="3" iotype="AI" name="Sensor37255_S" textname="test sensor 37255"/>
			<item id="37256" losttest="3" iotype="AI" name="Sensor37256_S" textname="test sensor 37256"/>
			<item id="37257" losttest="3" iotype="AI" name="Sensor37257_S" textname="test sensor 37257"/>
			<item id="37258" losttest="3" iotype="AI" name="Sensor37258_S" textname="test sensor 37258"/>
			<item id="37259" losttest="3" iotype="AI" name="Sensor37259_S" textname="test sensor 37259"/>
			<item id="37260" losttest="3" iotype="AI" name="Sensor37260_S" textname="test sensor 37260"/>
			<item id="37261" losttest="3" iotype="AI" name="Sensor37261_S" textname="test sensor 37261"/>
			<item id="37262" losttest="3" iotype="AI" name="Sensor37262_S" textname="test sensor 37262"/>
			<item id="37263" losttest="3" iotype="AI" name="Sensor37263_S" textname="test sensor 37263"/>
			<item id="37264" losttest="3" iotype="AI" name="Sensor37264_S" textname="test sensor 37264"/>
			<item id="37265" losttest="3" iotype="AI" name="Sensor37265_S" textname="test sensor 37265"/>
			<item id="37266" losttest="3" iotype="AI" name="Sensor37266_S" textname="test sensor 37266"/>
			<item id="37267" losttest="3" iotype="AI" name="Sensor37267_S" textname="test sensor 37267"/>
			<item id="37268" losttest="3" iotype="AI" name="Sensor37268_S" textname="test sensor 37268"/>
			<item id="37269" losttest="3" iotype="AI" name="Sensor37269_S" textname="test sensor 37269"/>
			<item id="37270" losttest="3" iotype="AI" name="Sensor37270_S" textname="test sensor 37270"/>
			<item id="37271" losttest="3" iotype="AI" name="Sensor37271_S" textname="test sensor 37271"/>
			<item id="37272" losttest="3" iotype="AI" name="Sensor37272_S" textname="test sensor 37272"/>
			<item id="37273" losttest="3" iotype="AI" name="Sensor37273_S" textname="test sensor 37273"/>
			<item id="37274" losttest="3" iotype="AI" name="Sensor37274_S" textname="test sensor 37274"/>
			<item id="37275" losttest="3" iotype="AI" name="Sensor37275_S" textname="test sensor 37275"/>
			<item id="37276" losttest="3" iotype="AI" name="Sensor37276_S" textname="test sensor 37276"/>
			<item id="37277" losttest="3" iotype="AI" name="Sensor37277_S" textname="test sensor 37277"/>
			<item id="37278" losttest="3" iotype="AI" name="Sensor37278_S" textname="test sensor 37278"/>
			<item id="37279" losttest="3" iotype="AI" name="Sensor37279_S" textname="test sensor 37279"/>
			<item id="37280" losttest="3" iotype="AI" name="Sensor37280_S" textname="test sensor 37280"/>
			<item id="37281" losttest="3" iotype="AI" name="Sensor37281_S" textname="test sensor 37281"/>
			<item id="37282" losttest="3" iotype="AI" name="Sensor37282_S" textname="test sensor 37282"/>
			<item id="37283" losttest="3" iotype="AI" name="Sensor37283_S" textname="test sensor 37283"/>
			<item id="37284" losttest="3" iotype="AI" name="Sensor37284_S" textname="test sensor 37284"/>
			<item id="37285" losttest="3" iotype="AI" name="Sensor37285_S" textname="test sensor 37285"/>
			<item id="37286" losttest="3" iotype="AI" name="Sensor37286_S" textname="test sensor 37286"/>
			<item id="37287" losttest="3" iotype="AI" name="Sensor37287_S" textname="test sensor 37287"/>
			<item id="37288" losttest="3" iotype="AI" name="Sensor37288_S" textname="test sensor 37288"/>
			<item id="37289" losttest="3" iotype="AI" name="Sensor37289_S" textname="test sensor 37289"/>
			<item id="37290" losttest="3" iotype="AI" name="Sensor37290_S" textname="test sensor 37290"/>
			<item id="37291" losttest="3" iotype="AI" name="Sensor37291_S" textname="test sensor 37291"/>
			<item id="37292" losttest="3" iotype="AI" name="Sensor37292_S" textname="test sensor 37292"/>
			<item id="37293" losttest="3" iotype="AI" name="Sensor37293_S" textname="test sensor 37293"/>
			<item id="37294" losttest="3" iotype="AI" name="Sensor37294_S" textname="test sensor 37294"/>
			<item id="37295" losttest="3" iotype="AI" name="Sensor37295_S" textname="test sensor 37295"/>
			<item id="37296" losttest="3" iotype="AI" name="Sensor37296_S" textname="test sensor 37296"/>
			<item id="37297" losttest="3" iotype="AI" name="Sensor37297_S" textname="test sensor 37297"/>
			<item id="37298" losttest="3" iotype="AI" name="Sensor37298_S" textname="test sensor 37298"/>
			<item id="37299" losttest="3" iotype="AI" name="Sensor37299_S" textname="test sensor 37299"/>
			<item id="37300" losttest="3" iotype="AI" name="Sensor37300_S" textname="test sensor 37300"/>
			<item id="37301" losttest="3" iotype="AI" name="Sensor37301_S" textname="test sensor 37301"/>
			<item id="37302" losttest="3" iotype="AI" name="Sensor37302_S" textname="test sensor 37302"/>
			<item id="37303" losttest="3" iotype="AI" name="Sensor37303_S" textname="test sensor 37303"/>
			<item id="37304" losttest="3" iotype="AI" name="Sensor37304_S" textname="test sensor 37304"/>
			<item id="37305" losttest="3" iotype="AI" name="Sensor37305_S" textname="test sensor 37305"/>
			<item id="37306" losttest="3" iotype="AI" name="Sensor37306_S" textname="test sensor 37306"/>
			<item id="37307" losttest="3" iotype="AI" name="Sensor37307_S" textname="test sensor 37307"/>
			<item id="37308" losttest="3" iotype="AI" name="Sensor37308_S" textname="test sensor 37308"/>
			<item id="37309" losttest="3" iotype="AI" name="Sensor37309_S" textname="test sensor 37309"/>
			<item id="37310" losttest="3" iotype="AI" name="Sensor37310_S" textname="test sensor 37310"/>
			<item id="37311" losttest="3" iotype="AI" name="Sensor37311_S" textname="test sensor 37311"/>
			<item id="37312" losttest="3" iotype="AI" name="Sensor37312_S" textname="test sensor 37312"/>
			<item id="37313" losttest="3" iotype="AI" name="Sensor37313_S" textname="test sensor 37313"/>
			<item id="37314" losttest="3" iotype="AI" name="Sensor37314_S" textname="test sensor 37314"/>
			<item id="37315" losttest="3" iotype="AI" name="Sensor37315_S" textname="test sensor 37315"/>
			<item id="37316" losttest="3" iotype="AI" name="Sensor37316_S" textname="test sensor 37316"/>
			<item id="37317" losttest="3" iotype="AI" name="Sensor37317_S" textname="test sensor 37317"/>
			<item id="37318" losttest="3" iotype="AI" name="Sensor37318_S" textname="test sensor 37318"/>
			<item id="37319" losttest="3" iotype="AI" name="Sensor37319_S" textname="test sensor 37319"/>
			<item id="37320" losttest="3" iotype="AI" name="Sensor37320_S" textname="test sensor 37320"/>
			<item id="37321" losttest="3" iotype="AI" name="Sensor37321_S" textname="test sensor 37321"/>
			<item id="37322" losttest="3" iotype="AI" name="Sensor37322_S" textname="test sensor 37322"/>
			<item id="37323" losttest="3" iotype="AI" name="Sensor37323_S" textname="test sensor 37323"/>
			<item id="37324" losttest="3" iotype="AI" name="Sensor37324_S" textname="test sensor 37324"/>
			<item id="37325" losttest="3" iotype="AI" name="Sensor37325_S" textname="test sensor 37325"/>
			<item id="37326" losttest="3" iotype="AI" name="Sensor37326_S" textname="test sensor 37326"/>
			<item id="37327" losttest="3" iotype="AI" name="Sensor37327_S" textname="test sensor 37327"/>
			<item id="37328" losttest="3" iotype="AI" name="Sensor37328_S" textname="test sensor 37328"/>
			<item id="37329" losttest="3" iotype="AI" name="Sensor37329_S" textname="test sensor 37329"/>
			<item id="37330" losttest="3" iotype="AI" name="Sensor37330_S" textname="test sensor 37330"/>
			<item id="37331" losttest="3" iotype="AI" name="Sensor37331_S" textname="test sensor 37331"/>
			<item id="37332" losttest="3" iotype="AI" name="Sensor37332_S" textname="test sensor 37332"/>
			<item id="37333" losttest="3" iotype="AI" name="Sensor37333_S" textname="test sensor 37333"/>
			<item id="37334" losttest="3" iotype="AI" name="Sensor37334_S" textname="test sensor 37334"/>
			<item id="37335" losttest="3" iotype="AI" name="Sensor37335_S" textname="test sensor 37335"/>
			<item id="37336" losttest="3" iotype="AI" name="Sensor37336_S" textname="test sensor 37336"/>
			<item id="37337" losttest="3" iotype="AI" name="Sensor37337_S" textname="test sensor 37337"/>
			<item id="37338" losttest="3" iotype="AI" name="Sensor37338_S" textname="test sensor 37338"/>
			<item id="37339" losttest="3" iotype="AI" name="Sensor37339_S" textname="test sensor 37339"/>
			<item id="37340" losttest="3" iotype="AI" name="Sensor37340_S" textname="test sensor 37340"/>
			<item id="37341" losttest="3" iotype="AI" name="Sensor37341_S" textname="test sensor 37341"/>
			<item id="37342" losttest="3" iotype="AI" name="Sensor37342_S" textname="test sensor 37342"/>
			<item id="37343" losttest="3" iotype="AI" name="Sensor37343_S" textname="test sensor 37343"/>
			<item id="37344" losttest="3" iotype="AI" name="Sensor37344_S" textname="test sensor 37344"/>
			<item id="37345" losttest="3" iotype="AI" name="Sensor37345_S" textname="test sensor 37345"/>
			<item id="37346" losttest="3" iotype="AI" name="Sensor37346_S" textname="test sensor 37346"/>
			<item id="37347" losttest="3" iotype="AI" name="Sensor37347_S" textname="test sensor 37347"/>
			<item id="37348" losttest="3" iotype="AI" name="Sensor37348_S" textname="test sensor 37348"/>
			<item id="37349" losttest="3" iotype="AI" name="Sensor37349_S" textname="test sensor 37349"/>
			<item id="37350" losttest="3" iotype="AI" name="Sensor37350_S" textname="test sensor 37350"/>
			<item id="37351" losttest="3" iotype="AI" name="Sensor37351_S" textname="test sensor 37351"/>
			<item id="37352" losttest="3" iotype="AI" name="Sensor37352_S" textname="test sensor 37352"/>
			<item id="37353" losttest="3" iotype="AI" name="Sensor37353_S" textname="test sensor 37353"/>
			<item id="37354" losttest="3" iotype="AI" name="Sensor37354_S" textname="test sensor 37354"/>
			<item id="37355" losttest="3" iotype="AI" name="Sensor37355_S" textname="test sensor 37355"/>
			<item id="37356" losttest="3" iotype="AI" name="Sensor37356_S" textname="test sensor 37356"/>
			<item id="37357" losttest="3" iotype="AI" name="Sensor37357_S" textname="test sensor 37357"/>
			<item id="37358" losttest="3" iotype="AI" name="Sensor37358_S" textname="test sensor 37358"/>
			<item id="37359" losttest="3" iotype="AI" name="Sensor37359_S" textname="test sensor 37359"/>
			<item id="37360" losttest="3" iotype="AI" name="Sensor37360_S" textname="test sensor 37360"/>
			<item id="37361" losttest="3" iotype="AI" name="Sensor37361_S" textname="test sensor 37361"/>
			<item id="37362" losttest="3" iotype="AI" name="Sensor37362_S" textname="test sensor 37362"/>
			<item id="37363" losttest="3" iotype="AI" name="Sensor37363_S" textname="test sensor 37363"/>
			<item id="37364" losttest="3" iotype="AI" name="Sensor37364_S" textname="test sensor 37364"/>
			<item id="37365" losttest="3" iotype="AI" name="Sensor37365_S" textname="test sensor 37365"/>
			<item id="37366" losttest="3" iotype="AI" name="Sensor37366_S" textname="test sensor 37366"/>
			<item id="37367" losttest="3" iotype="AI" name="Sensor37367_S" textname="test sensor 37367"/>
			<item id="37368" losttest="3" iotype="AI" name="Sensor37368_S" textname="test sensor 37368"/>
			<item id="37369" losttest="3" iotype="AI" name="Sensor37369_S" textname="test sensor 37369"/>
			<item id="37370" losttest="3" iotype="AI" name="Sensor37370_S" textname="test sensor 37370"/>
			<item id="37371" losttest="3" iotype="AI" name="Sensor37371_S" textname="test sensor 37371"/>
			<item id="37372" losttest="3" iotype="AI" name="Sensor37372_S" textname="test sensor 37372"/>
			<item id="37373" losttest="3" iotype="AI" name="Sensor37373_S" textname="test sensor 37373"/>
			<item id="37374" losttest="3" iotype="AI" name="Sensor37374_S" textname="test sensor 37374"/>
			<item id="37375" losttest="3" iotype="AI" name="Sensor37375_S" textname="test sensor 37375"/>
			<item id="37376" losttest="3" iotype="AI" name="Sensor37376_S" textname="test sensor 37376"/>
			<item id="37377" losttest="3" iotype="AI" name="Sensor37377_S" textname="test sensor 37377"/>
			<item id="37378" losttest="3" iotype="AI" name="Sensor37378_S" textname="test sensor 37378"/>
			<item id="37379" losttest="3" iotype="AI" name="Sensor37379_S" textname="test sensor 37379"/>
			<item id="37380" losttest="3" iotype="AI" name="Sensor37380_S" textname="test sensor 37380"/>
			<item id="37381" losttest="3" iotype="AI" name="Sensor37381_S" textname="test sensor 37381"/>
			<item id="37382" losttest="3" iotype="AI" name="Sensor37382_S" textname="test sensor 37382"/>
			<item id="37383" losttest="3" iotype="AI" name="Sensor37383_S" textname="test sensor 37383"/>
			<item id="37384" losttest="3" iotype="AI" name="Sensor37384_S" textname="test sensor 37384"/>
			<item id="37385" losttest="3" iotype="AI" name="Sensor37385_S" textname="test sensor 37385"/>
			<item id="37386" losttest="3" iotype="AI" name="Sensor37386_S" textname="test sensor 37386"/>
			<item id="37387" losttest="3" iotype="AI" name="Sensor37387_S" textname="test sensor 37387"/>
			<item id="37388" losttest="3" iotype="AI" name="Sensor37388_S" textname="test sensor 37388"/>
			<item id="37389" losttest="3" iotype="AI" name="Sensor37389_S" textname="test sensor 37389"/>
			<item id="37390" losttest="3" iotype="AI" name="Sensor37390_S" textname="test sensor 37390"/>
			<item id="37391" losttest="3" iotype="AI" name="Sensor37391_S" textname="test sensor 37391"/>
			<item id="37392" losttest="3" iotype="AI" name="Sensor37392_S" textname="test sensor 37392"/>
			<item id="37393" losttest="3" iotype="AI" name="Sensor37393_S" textname="test sensor 37393"/>
			<item id="37394" losttest="3" iotype="AI" name="Sensor37394_S" textname="test sensor 37394"/>
			<item id="37395" losttest="3" iotype="AI" name="Sensor37395_S" textname="test sensor 37395"/>
			<item id="37396" losttest="3" iotype="AI" name="Sensor37396_S" textname="test sensor 37396"/>
			<item id="37397" losttest="3" iotype="AI" name="Sensor37397_S" textname="test sensor 37397"/>
			<item id="37398" losttest="3" iotype="AI" name="Sensor37398_S" textname="test sensor 37398"/>
			<item id="37399" losttest="3" iotype="AI" name="Sensor37399_S" textname="test sensor 37399"/>
			<item id="37400" losttest="3" iotype="AI" name="Sensor37400_S" textname="test sensor 37400"/>
			<item id="37401" losttest="3" iotype="AI" name="Sensor37401_S" textname="test sensor 37401"/>
			<item id="37402" losttest="3" iotype="AI" name="Sensor37402_S" textname="test sensor 37402"/>
			<item id="37403" losttest="3" iotype="AI" name="Sensor37403_S" textname="test sensor 37403"/>
			<item id="37404" losttest="3" iotype="AI" name="Sensor37404_S" textname="test sensor 37404"/>
			<item id="37405" losttest="3" iotype="AI" name="Sensor37405_S" textname="test sensor 37405"/>
			<item id="37406" losttest="3" iotype="AI" name="Sensor37406_S" textname="test sensor 37406"/>
			<item id="37407" losttest="3" iotype="AI" name="Sensor37407_S" textname="test sensor 37407"/>
			<item id="37408" losttest="3" iotype="AI" name="Sensor37408_S" textname="test sensor 37408"/>
			<item id="37409" losttest="3" iotype="AI" name="Sensor37409_S" textname="test sensor 37409"/>
			<item id="37410" losttest="3" iotype="AI" name="Sensor37410_S" textname="test sensor 37410"/>
			<item id="37411" losttest="3" iotype="AI" name="Sensor37411_S" textname="test sensor 37411"/>
			<item id="37412" losttest="3" iotype="AI" name="Sensor37412_S" textname="test sensor 37412"/>
			<item id="37413" losttest="3" iotype="AI" name="Sensor37413_S" textname="test sensor 37413"/>
			<item id="37414" losttest="3" iotype="AI" name="Sensor37414_S" textname="test sensor 37414"/>
			<item id="37415" losttest="3" iotype="AI" name="Sensor37415_S" textname="test sensor 37415"/>
			<item id="37416" losttest="3" iotype="AI" name="Sensor37416_S" textname="test sensor 37416"/>
			<item id="37417" losttest="3" iotype="AI" name="Sensor37417_S" textname="test sensor 37417"/>
			<item id="37418" losttest="3" iotype="AI" name="Sensor37418_S" textname="test sensor 37418"/>
			<item id="37419" losttest="3" iotype="AI" name="Sensor37419_S" textname="test sensor 37419"/>
			<item id="37420" losttest="3" iotype="AI" name="Sensor37420_S" textname="test sensor 37420"/>
			<item id="37421" losttest="3" iotype="AI" name="Sensor37421_S" textname="test sensor 37421"/>
			<item id="37422" losttest="3" iotype="AI" name="Sensor37422_S" textname="test sensor 37422"/>
			<item id="37423" losttest="3" iotype="AI" name="Sensor37423_S" textname="test sensor 37423"/>
			<item id="37424" losttest="3" iotype="AI" name="Sensor37424_S" textname="test sensor 37424"/>
			<item id="37425" losttest="3" iotype="AI" name="Sensor37425_S" textname="test sensor 37425"/>
			<item id="37426" losttest="3" iotype="AI" name="Sensor37426_S" textname="test sensor 37426"/>
			<item id="37427" losttest="3" iotype="AI" name="Sensor37427_S" textname="test sensor 37427"/>
			<item id="37428" losttest="3" iotype="AI" name="Sensor37428_S" textname="test sensor 37428"/>
			<item id="37429" losttest="3" iotype="AI" name="Sensor37429_S" textname="test sensor 37429"/>
			<item id="37430" losttest="3" iotype="AI" name="Sensor37430_S" textname="test sensor 37430"/>
			<item id="37431" losttest="3" iotype="AI" name="Sensor37431_S" textname="test sensor 37431"/>
			<item id="37432" losttest="3" iotype="AI" name="Sensor37432_S" textname="test sensor 37432"/>
			<item id="37433" losttest="3" iotype="AI" name="Sensor37433_S" textname="test sensor 37433"/>
			<item id="37434" losttest="3" iotype="AI" name="Sensor37434_S" textname="test sensor 37434"/>
			<item id="37435" losttest="3" iotype="AI" name="Sensor37435_S" textname="test sensor 37435"/>
			<item id="37436" losttest="3" iotype="AI" name="Sensor37436_S" textname="test sensor 37436"/>
			<item id="37437" losttest="3" iotype="AI" name="Sensor37437_S" textname="test sensor 37437"/>
			<item id="37438" losttest="3" iotype="AI" name="Sensor37438_S" textname="test sensor 37438"/>
			<item id="37439" losttest="3" iotype="AI" name="Sensor37439_S" textname="test sensor 37439"/>
			<item id="37440" losttest="3" iotype="AI" name="Sensor37440_S" textname="test sensor 37440"/>
			<item id="37441" losttest="3" iotype="AI" name="Sensor37441_S" textname="test sensor 37441"/>
			<item id="37442" losttest="3" iotype="AI" name="Sensor37442_S" textname="test sensor 37442"/>
			<item id="37443" losttest="3" iotype="AI" name="Sensor37443_S" textname="test sensor 37443"/>
			<item id="37444" losttest="3" iotype="AI" name="Sensor37444_S" textname="test sensor 37444"/>
			<item id="37445" losttest="3" iotype="AI" name="Sensor37445_S" textname="test sensor 37445"/>
			<item id="37446" losttest="3" iotype="AI" name="Sensor37446_S" textname="test sensor 37446"/>
			<item id="37447" losttest="3" iotype="AI" name="Sensor37447_S" textname="test sensor 37447"/>
			<item id="37448" losttest="3" iotype="AI" name="Sensor37448_S" textname="test sensor 37448"/>
			<item id="37449" losttest="3" iotype="AI" name="Sensor37449_S" textname="test sensor 37449"/>
			<item id="37450" losttest="3" iotype="AI" name="Sensor37450_S" textname="test sensor 37450"/>
			<item id="37451" losttest="3" iotype="AI" name="Sensor37451_S" textname="test sensor 37451"/>
			<item id="37452" losttest="3" iotype="AI" name="Sensor37452_S" textname="test sensor 37452"/>
			<item id="37453" losttest="3" iotype="AI" name="Sensor37453_S" textname="test sensor 37453"/>
			<item id="37454" losttest="3" iotype="AI" name="Sensor37454_S" textname="test sensor 37454"/>
			<item id="37455" losttest="3" iotype="AI" name="Sensor37455_S" textname="test sensor 37455"/>
			<item id="37456" losttest="3" iotype="AI" name="Sensor37456_S" textname="test sensor 37456"/>
			<item id="37457" losttest="3" iotype="AI" name="Sensor37457_S" textname="test sensor 37457"/>
			<item id="37458" losttest="3" iotype="AI" name="Sensor37458_S" textname="test sensor 37458"/>
			<item id="37459" losttest="3" iotype="AI" name="Sensor37459_S" textname="test sensor 37459"/>
			<item id="37460" losttest="3" iotype="AI" name="Sensor37460_S" textname="test sensor 37460"/>
			<item id="37461" losttest="3" iotype="AI" name="Sensor37461_S" textname="test sensor 37461"/>
			<item id="37462" losttest="3" iotype="AI" name="Sensor37462_S" textname="test sensor 37462"/>
			<item id="37463" losttest="3" iotype="AI" name="Sensor37463_S" textname="test sensor 37463"/>
			<item id="37464" losttest="3" iotype="AI" name="Sensor37464_S" textname="test sensor 37464"/>
			<item id="37465" losttest="3" iotype="AI" name="Sensor37465_S" textname="test sensor 37465"/>
			<item id="37466" losttest="3" iotype="AI" name="Sensor37466_S" textname="test sensor 37466"/>
			<item id="37467" losttest="3" iotype="AI" name="Sensor37467_S" textname="test sensor 37467"/>
			<item id="37468" losttest="3" iotype="AI" name="Sensor37468_S" textname="test sensor 37468"/>
			<item id="37469" losttest="3" iotype="AI" name="Sensor37469_S" textname="test sensor 37469"/>
			<item id="37470" losttest="3" iotype="AI" name="Sensor37470_S" textname="test sensor 37470"/>
			<item id="37471" losttest="3" iotype="AI" name="Sensor37471_S" textname="test sensor 37471"/>
			<item id="37472" losttest="3" iotype="AI" name="Sensor37472_S" textname="test sensor 37472"/>
			<item id="37473" losttest="3" iotype="AI" name="Sensor37473_S" textname="test sensor 37473"/>
			<item id="37474" losttest="3" iotype="AI" name="Sensor37474_S" textname="test sensor 37474"/>
			<item id="37475" losttest="3" iotype="AI" name="Sensor37475_S" textname="test sensor 37475"/>
			<item id="37476" losttest="3" iotype="AI" name="Sensor37476_S" textname="test sensor 37476"/>
			<item id="37477" losttest="3" iotype="AI" name="Sensor37477_S" textname="test sensor 37477"/>
			<item id="37478" losttest="3" iotype="AI" name="Sensor37478_S" textname="test sensor 37478"/>
			<item id="37479" losttest="3" iotype="AI" name="Sensor37479_S" textname="test sensor 37479"/>
			<item id="37480" losttest="3" iotype="AI" name="Sensor37480_S" textname="test sensor 37480"/>
			<item id="37481" losttest="3" iotype="AI" name="Sensor37481_S" textname="test sensor 37481"/>
			<item id="37482" losttest="3" iotype="AI" name="Sensor37482_S" textname="test sensor 37482"/>
			<item id="37483" losttest="3" iotype="AI" name="Sensor37483_S" textname="test sensor 37483"/>
			<item id="37484" losttest="3" iotype="AI" name="Sensor37484_S" textname="test sensor 37484"/>
			<item id="37485" losttest="3" iotype="AI" name="Sensor37485_S" textname="test sensor 37485"/>
			<item id="37486" losttest="3" iotype="AI" name="Sensor37486_S" textname="test sensor 37486"/>
			<item id="37487" losttest="3" iotype="AI" name="Sensor37487_S" textname="test sensor 37487"/>
			<item id="37488" losttest="3" iotype="AI" name="Sensor37488_S" textname="test sensor 37488"/>
			<item id="37489" losttest="3" iotype="AI" name="Sensor37489_S" textname="test sensor 37489"/>
			<item id="37490" losttest="3" iotype="AI" name="Sensor37490_S" textname="test sensor 37490"/>
			<item id="37491" losttest="3" iotype="AI" name="Sensor37491_S" textname="test sensor 37491"/>
			<item id="37492" losttest="3" iotype="AI" name="Sensor37492_S" textname="test sensor 37492"/>
			<item id="37493" losttest="3" iotype="AI" name="Sensor37493_S" textname="test sensor 37493"/>
			<item id="37494" losttest="3" iotype="AI" name="Sensor37494_S" textname="test sensor 37494"/>
			<item id="37495" losttest="3" iotype="AI" name="Sensor37495_S" textname="test sensor 37495"/>
			<item id="37496" losttest="3" iotype="AI" name="Sensor37496_S" textname="test sensor 37496"/>
			<item id="37497" losttest="3" iotype="AI" name="Sensor37497_S" textname="test sensor 37497"/>
			<item id="37498" losttest="3" iotype="AI" name="Sensor37498_S" textname="test sensor 37498"/>
			<item id="37499" losttest="3" iotype="AI" name="Sensor37499_S" textname="test sensor 37499"/>
			<item id="37500" losttest="3" iotype="AI" name="Sensor37500_S" textname="test sensor 37500"/>
			<item id="37501" losttest="3" iotype="AI" name="Sensor37501_S" textname="test sensor 37501"/>
			<item id="37502" losttest="3" iotype="AI" name="Sensor37502_S" textname="test sensor 37502"/>
			<item id="37503" losttest="3" iotype="AI" name="Sensor37503_S" textname="test sensor 37503"/>
			<item id="37504" losttest="3" iotype="AI" name="Sensor37504_S" textname="test sensor 37504"/>
			<item id="37505" losttest="3" iotype="AI" name="Sensor37505_S" textname="test sensor 37505"/>
			<item id="37506" losttest="3" iotype="AI" name="Sensor37506_S" textname="test sensor 37506"/>
			<item id="37507" losttest="3" iotype="AI" name="Sensor37507_S" textname="test sensor 37507"/>
			<item id="37508" losttest="3" iotype="AI" name="Sensor37508_S" textname="test sensor 37508"/>
			<item id="37509" losttest="3" iotype="AI" name="Sensor37509_S" textname="test sensor 37509"/>
			<item id="37510" losttest="3" iotype="AI" name="Sensor37510_S" textname="test sensor 37510"/>
			<item id="37511" losttest="3" iotype="AI" name="Sensor37511_S" textname="test sensor 37511"/>
			<item id="37512" losttest="3" iotype="AI" name="Sensor37512_S" textname="test sensor 37512"/>
			<item id="37513" losttest="3" iotype="AI" name="Sensor37513_S" textname="test sensor 37513"/>
			<item id="37514" losttest="3" iotype="AI" name="Sensor37514_S" textname="test sensor 37514"/>
			<item id="37515" losttest="3" iotype="AI" name="Sensor37515_S" textname="test sensor 37515"/>
			<item id="37516" losttest="3" iotype="AI" name="Sensor37516_S" textname="test sensor 37516"/>
			<item id="37517" losttest="3" iotype="AI" name="Sensor37517_S" textname="test sensor 37517"/>
			<item id="37518" losttest="3" iotype="AI" name="Sensor37518_S" textname="test sensor 37518"/>
			<item id="37519" losttest="3" iotype="AI" name="Sensor37519_S" textname="test sensor 37519"/>
			<item id="37520" losttest="3" iotype="AI" name="Sensor37520_S" textname="test sensor 37520"/>
			<item id="37521" losttest="3" iotype="AI" name="Sensor37521_S" textname="test sensor 37521"/>
			<item id="37522" losttest="3" iotype="AI" name="Sensor37522_S" textname="test sensor 37522"/>
			<item id="37523" losttest="3" iotype="AI" name="Sensor37523_S" textname="test sensor 37523"/>
			<item id="37524" losttest="3" iotype="AI" name="Sensor37524_S" textname="test sensor 37524"/>
			<item id="37525" losttest="3" iotype="AI" name="Sensor37525_S" textname="test sensor 37525"/>
			<item id="37526" losttest="3" iotype="AI" name="Sensor37526_S" textname="test sensor 37526"/>
			<item id="37527" losttest="3" iotype="AI" name="Sensor37527_S" textname="test sensor 37527"/>
			<item id="37528" losttest="3" iotype="AI" name="Sensor37528_S" textname="test sensor 37528"/>
			<item id="37529" losttest="3" iotype="AI" name="Sensor37529_S" textname="test sensor 37529"/>
			<item id="37530" losttest="3" iotype="AI" name="Sensor37530_S" textname="test sensor 37530"/>
			<item id="37531" losttest="3" iotype="AI" name="Sensor37531_S" textname="test sensor 37531"/>
			<item id="37532" losttest="3" iotype="AI" name="Sensor37532_S" textname="test sensor 37532"/>
			<item id="37533" losttest="3" iotype="AI" name="Sensor37533_S" textname="test sensor 37533"/>
			<item id="37534" losttest="3" iotype="AI" name="Sensor37534_S" textname="test sensor 37534"/>
			<item id="37535" losttest="3" iotype="AI" name="Sensor37535_S" textname="test sensor 37535"/>
			<item id="37536" losttest="3" iotype="AI" name="Sensor37536_S" textname="test sensor 37536"/>
			<item id="37537" losttest="3" iotype="AI" name="Sensor37537_S" textname="test sensor 37537"/>
			<item id="37538" losttest="3" iotype="AI" name="Sensor37538_S" textname="test sensor 37538"/>
			<item id="37539" losttest="3" iotype="AI" name="Sensor37539_S" textname="test sensor 37539"/>
			<item id="37540" losttest="3" iotype="AI" name="Sensor37540_S" textname="test sensor 37540"/>
			<item id="37541" losttest="3" iotype="AI" name="Sensor37541_S" textname="test sensor 37541"/>
			<item id="37542" losttest="3" iotype="AI" name="Sensor37542_S" textname="test sensor 37542"/>
			<item id="37543" losttest="3" iotype="AI" name="Sensor37543_S" textname="test sensor 37543"/>
			<item id="37544" losttest="3" iotype="AI" name="Sensor37544_S" textname="test sensor 37544"/>
			<item id="37545" losttest="3" iotype="AI" name="Sensor37545_S" textname="test sensor 37545"/>
			<item id="37546" losttest="3" iotype="AI" name="Sensor37546_S" textname="test sensor 37546"/>
			<item id="37547" losttest="3" iotype="AI" name="Sensor37547_S" textname="test sensor 37547"/>
			<item id="37548" losttest="3" iotype="AI" name="Sensor37548_S" textname="test sensor 37548"/>
			<item id="37549" losttest="3" iotype="AI" name="Sensor37549_S" textname="test sensor 37549"/>
			<item id="37550" losttest="3" iotype="AI" name="Sensor37550_S" textname="test sensor 37550"/>
			<item id="37551" losttest="3" iotype="AI" name="Sensor37551_S" textname="test sensor 37551"/>
			<item id="37552" losttest="3" iotype="AI" name="Sensor37552_S" textname="test sensor 37552"/>
			<item id="37553" losttest="3" iotype="AI" name="Sensor37553_S" textname="test sensor 37553"/>
			<item id="37554" losttest="3" iotype="AI" name="Sensor37554_S" textname="test sensor 37554"/>
			<item id="37555" losttest="3" iotype="AI" name="Sensor37555_S" textname="test sensor 37555"/>
			<item id="37556" losttest="3" iotype="AI" name="Sensor37556_S" textname="test sensor 37556"/>
			<item id="37557" losttest="3" iotype="AI" name="Sensor37557_S" textname="test sensor 37557"/>
			<item id="37558" losttest="3" iotype="AI" name="Sensor37558_S" textname="test sensor 37558"/>
			<item id="37559" losttest="3" iotype="AI" name="Sensor37559_S" textname="test sensor 37559"/>
			<item id="37560" losttest="3" iotype="AI" name="Sensor37560_S" textname="test sensor 37560"/>
			<item id="37561" losttest="3" iotype="AI" name="Sensor37561_S" textname="test sensor 37561"/>
			<item id="37562" losttest="3" iotype="AI" name="Sensor37562_S" textname="test sensor 37562"/>
			<item id="37563" losttest="3" iotype="AI" name="Sensor37563_S" textname="test sensor 37563"/>
			<item id="37564" losttest="3" iotype="AI" name="Sensor37564_S" textname="test sensor 37564"/>
			<item id="37565" losttest="3" iotype="AI" name="Sensor37565_S" textname="test sensor 37565"/>
			<item id="37566" losttest="3" iotype="AI" name="Sensor37566_S" textname="test sensor 37566"/>
			<item id="37567" losttest="3" iotype="AI" name="Sensor37567_S" textname="test sensor 37567"/>
			<item id="37568" losttest="3" iotype="AI" name="Sensor37568_S" textname="test sensor 37568"/>
			<item id="37569" losttest="3" iotype="AI" name="Sensor37569_S" textname="test sensor 37569"/>
			<item id="37570" losttest="3" iotype="AI" name="Sensor37570_S" textname="test sensor 37570"/>
			<item id="37571" losttest="3" iotype="AI" name="Sensor37571_S" textname="test sensor 37571"/>
			<item id="37572" losttest="3" iotype="AI" name="Sensor37572_S" textname="test sensor 37572"/>
			<item id="37573" losttest="3" iotype="AI" name="Sensor37573_S" textname="test sensor 37573"/>
			<item id="37574" losttest="3" iotype="AI" name="Sensor37574_S" textname="test sensor 37574"/>
			<item id="37575" losttest="3" iotype="AI" name="Sensor37575_S" textname="test sensor 37575"/>
			<item id="37576" losttest="3" iotype="AI" name="Sensor37576_S" textname="test sensor 37576"/>
			<item id="37577" losttest="3" iotype="AI" name="Sensor37577_S" textname="test sensor 37577"/>
			<item id="37578" losttest="3" iotype="AI" name="Sensor37578_S" textname="test sensor 37578"/>
			<item id="37579" losttest="3" iotype="AI" name="Sensor37579_S" textname="test sensor 37579"/>
			<item id="37580" losttest="3" iotype="AI" name="Sensor37580_S" textname="test sensor 37580"/>
			<item id="37581" losttest="3" iotype="AI" name="Sensor37581_S" textname="test sensor 37581"/>
			<item id="37582" losttest="3" iotype="AI" name="Sensor37582_S" textname="test sensor 37582"/>
			<item id="37583" losttest="3" iotype="AI" name="Sensor37583_S" textname="test sensor 37583"/>
			<item id="37584" losttest="3" iotype="AI" name="Sensor37584_S" textname="test sensor 37584"/>
			<item id="37585" losttest="3" iotype="AI" name="Sensor37585_S" textname="test sensor 37585"/>
			<item id="37586" losttest="3" iotype="AI" name="Sensor37586_S" textname="test sensor 37586"/>
			<item id="37587" losttest="3" iotype="AI" name="Sensor37587_S" textname="test sensor 37587"/>
			<item id="37588" losttest="3" iotype="AI" name="Sensor37588_S" textname="test sensor 37588"/>
			<item id="37589" losttest="3" iotype="AI" name="Sensor37589_S" textname="test sensor 37589"/>
			<item id="37590" losttest="3" iotype="AI" name="Sensor37590_S" textname="test sensor 37590"/>
			<item id="37591" losttest="3" iotype="AI" name="Sensor37591_S" textname="test sensor 37591"/>
			<item id="37592" losttest="3" iotype="AI" name="Sensor37592_S" textname="test sensor 37592"/>
			<item id="37593" losttest="3" iotype="AI" name="Sensor37593_S" textname="test sensor 37593"/>
			<item id="37594" losttest="3" iotype="AI" name="Sensor37594_S" textname="test sensor 37594"/>
			<item id="37595" losttest="3" iotype="AI" name="Sensor37595_S" textname="test sensor 37595"/>
			<item id="37596" losttest="3" iotype="AI" name="Sensor37596_S" textname="test sensor 37596"/>
			<item id="37597" losttest="3" iotype="AI" name="Sensor37597_S" textname="test sensor 37597"/>
			<item id="37598" losttest="3" iotype="AI" name="Sensor37598_S" textname="test sensor 37598"/>
			<item id="37599" losttest="3" iotype="AI" name="Sensor37599_S" textname="test sensor 37599"/>
			<item id="37600" losttest="3" iotype="AI" name="Sensor37600_S" textname="test sensor 37600"/>
			<item id="37601" losttest="3" iotype="AI" name="Sensor37601_S" textname="test sensor 37601"/>
			<item id="37602" losttest="3" iotype="AI" name="Sensor37602_S" textname="test sensor 37602"/>
			<item id="37603" losttest="3" iotype="AI" name="Sensor37603_S" textname="test sensor 37603"/>
			<item id="37604" losttest="3" iotype="AI" name="Sensor37604_S" textname="test sensor 37604"/>
			<item id="37605" losttest="3" iotype="AI" name="Sensor37605_S" textname="test sensor 37605"/>
			<item id="37606" losttest="3" iotype="AI" name="Sensor37606_S" textname="test sensor 37606"/>
			<item id="37607" losttest="3" iotype="AI" name="Sensor37607_S" textname="test sensor 37607"/>
			<item id="37608" losttest="3" iotype="AI" name="Sensor37608_S" textname="test sensor 37608"/>
			<item id="37609" losttest="3" iotype="AI" name="Sensor37609_S" textname="test sensor 37609"/>
			<item id="37610" losttest="3" iotype="AI" name="Sensor37610_S" textname="test sensor 37610"/>
			<item id="37611" losttest="3" iotype="AI" name="Sensor37611_S" textname="test sensor 37611"/>
			<item id="37612" losttest="3" iotype="AI" name="Sensor37612_S" textname="test sensor 37612"/>
			<item id="37613" losttest="3" iotype="AI" name="Sensor37613_S" textname="test sensor 37613"/>
			<item id="37614" losttest="3" iotype="AI" name="Sensor37614_S" textname="test sensor 37614"/>
			<item id="37615" losttest="3" iotype="AI" name="Sensor37615_S" textname="test sensor 37615"/>
			<item id="37616" losttest="3" iotype="AI" name="Sensor37616_S" textname="test sensor 37616"/>
			<item id="37617" losttest="3" iotype="AI" name="Sensor37617_S" textname="test sensor 37617"/>
			<item id="37618" losttest="3" iotype="AI" name="Sensor37618_S" textname="test sensor 37618"/>
			<item id="37619" losttest="3" iotype="AI" name="Sensor37619_S" textname="test sensor 37619"/>
			<item id="37620" losttest="3" iotype="AI" name="Sensor37620_S" textname="test sensor 37620"/>
			<item id="37621" losttest="3" iotype="AI" name="Sensor37621_S" textname="test sensor 37621"/>
			<item id="37622" losttest="3" iotype="AI" name="Sensor37622_S" textname="test sensor 37622"/>
			<item id="37623" losttest="3" iotype="AI" name="Sensor37623_S" textname="test sensor 37623"/>
			<item id="37624" losttest="3" iotype="AI" name="Sensor37624_S" textname="test sensor 37624"/>
			<item id="37625" losttest="3" iotype="AI" name="Sensor37625_S" textname="test sensor 37625"/>
			<item id="37626" losttest="3" iotype="AI" name="Sensor37626_S" textname="test sensor 37626"/>
			<item id="37627" losttest="3" iotype="AI" name="Sensor37627_S" textname="test sensor 37627"/>
			<item id="37628" losttest="3" iotype="AI" name="Sensor37628_S" textname="test sensor 37628"/>
			<item id="37629" losttest="3" iotype="AI" name="Sensor37629_S" textname="test sensor 37629"/>
			<item id="37630" losttest="3" iotype="AI" name="Sensor37630_S" textname="test sensor 37630"/>
			<item id="37631" losttest="3" iotype="AI" name="Sensor37631_S" textname="test sensor 37631"/>
			<item id="37632" losttest="3" iotype="AI" name="Sensor37632_S" textname="test sensor 37632"/>
			<item id="37633" losttest="3" iotype="AI" name="Sensor37633_S" textname="test sensor 37633"/>
			<item id="37634" losttest="3" iotype="AI" name="Sensor37634_S" textname="test sensor 37634"/>
			<item id="37635" losttest="3" iotype="AI" name="Sensor37635_S" textname="test sensor 37635"/>
			<item id="37636" losttest="3" iotype="AI" name="Sensor37636_S" textname="test sensor 37636"/>
			<item id="37637" losttest="3" iotype="AI" name="Sensor37637_S" textname="test sensor 37637"/>
			<item id="37638" losttest="3" iotype="AI" name="Sensor37638_S" textname="test sensor 37638"/>
			<item id="37639" losttest="3" iotype="AI" name="Sensor37639_S" textname="test sensor 37639"/>
			<item id="37640" losttest="3" iotype="AI" name="Sensor37640_S" textname="test sensor 37640"/>
			<item id="37641" losttest="3" iotype="AI" name="Sensor37641_S" textname="test sensor 37641"/>
			<item id="37642" losttest="3" iotype="AI" name="Sensor37642_S" textname="test sensor 37642"/>
			<item id="37643" losttest="3" iotype="AI" name="Sensor37643_S" textname="test sensor 37643"/>
			<item id="37644" losttest="3" iotype="AI" name="Sensor37644_S" textname="test sensor 37644"/>
			<item id="37645" losttest="3" iotype="AI" name="Sensor37645_S" textname="test sensor 37645"/>
			<item id="37646" losttest="3" iotype="AI" name="Sensor37646_S" textname="test sensor 37646"/>
			<item id="37647" losttest="3" iotype="AI" name="Sensor37647_S" textname="test sensor 37647"/>
			<item id="37648" losttest="3" iotype="AI" name="Sensor37648_S" textname="test sensor 37648"/>
			<item id="37649" losttest="3" iotype="AI" name="Sensor37649_S" textname="test sensor 37649"/>
			<item id="37650" losttest="3" iotype="AI" name="Sensor37650_S" textname="test sensor 37650"/>
			<item id="37651" losttest="3" iotype="AI" name="Sensor37651_S" textname="test sensor 37651"/>
			<item id="37652" losttest="3" iotype="AI" name="Sensor37652_S" textname="test sensor 37652"/>
			<item id="37653" losttest="3" iotype="AI" name="Sensor37653_S" textname="test sensor 37653"/>
			<item id="37654" losttest="3" iotype="AI" name="Sensor37654_S" textname="test sensor 37654"/>
			<item id="37655" losttest="3" iotype="AI" name="Sensor37655_S" textname="test sensor 37655"/>
			<item id="37656" losttest="3" iotype="AI" name="Sensor37656_S" textname="test sensor 37656"/>
			<item id="37657" losttest="3" iotype="AI" name="Sensor37657_S" textname="test sensor 37657"/>
			<item id="37658" losttest="3" iotype="AI" name="Sensor37658_S" textname="test sensor 37658"/>
			<item id="37659" losttest="3" iotype="AI" name="Sensor37659_S" textname="test sensor 37659"/>
			<item id="37660" losttest="3" iotype="AI" name="Sensor37660_S" textname="test sensor 37660"/>
			<item id="37661" losttest="3" iotype="AI" name="Sensor37661_S" textname="test sensor 37661"/>
			<item id="37662" losttest="3" iotype="AI" name="Sensor37662_S" textname="test sensor 37662"/>
			<item id="37663" losttest="3" iotype="AI" name="Sensor37663_S" textname="test sensor 37663"/>
			<item id="37664" losttest="3" iotype="AI" name="Sensor37664_S" textname="test sensor 37664"/>
			<item id="37665" losttest="3" iotype="AI" name="Sensor37665_S" textname="test sensor 37665"/>
			<item id="37666" losttest="3" iotype="AI" name="Sensor37666_S" textname="test sensor 37666"/>
			<item id="37667" losttest="3" iotype="AI" name="Sensor37667_S" textname="test sensor 37667"/>
			<item id="37668" losttest="3" iotype="AI" name="Sensor37668_S" textname="test sensor 37668"/>
			<item id="37669" losttest="3" iotype="AI" name="Sensor37669_S" textname="test sensor 37669"/>
			<item id="37670" losttest="3" iotype="AI" name="Sensor37670_S" textname="test sensor 37670"/>
			<item id="37671" losttest="3" iotype="AI" name="Sensor37671_S" textname="test sensor 37671"/>
			<item id="37672" losttest="3" iotype="AI" name="Sensor37672_S" textname="test sensor 37672"/>
			<item id="37673" losttest="3" iotype="AI" name="Sensor37673_S" textname="test sensor 37673"/>
			<item id="37674" losttest="3" iotype="AI" name="Sensor37674_S" textname="test sensor 37674"/>
			<item id="37675" losttest="3" iotype="AI" name="Sensor37675_S" textname="test sensor 37675"/>
			<item id="37676" losttest="3" iotype="AI" name="Sensor37676_S" textname="test sensor 37676"/>
			<item id="37677" losttest="3" iotype="AI" name="Sensor37677_S" textname="test sensor 37677"/>
			<item id="37678" losttest="3" iotype="AI" name="Sensor37678_S" textname="test sensor 37678"/>
			<item id="37679" losttest="3" iotype="AI" name="Sensor37679_S" textname="test sensor 37679"/>
			<item id="37680" losttest="3" iotype="AI" name="Sensor37680_S" textname="test sensor 37680"/>
			<item id="37681" losttest="3" iotype="AI" name="Sensor37681_S" textname="test sensor 37681"/>
			<item id="37682" losttest="3" iotype="AI" name="Sensor37682_S" textname="test sensor 37682"/>
			<item id="37683" losttest="3" iotype="AI" name="Sensor37683_S" textname="test sensor 37683"/>
			<item id="37684" losttest="3" iotype="AI" name="Sensor37684_S" textname="test sensor 37684"/>
			<item id="37685" losttest="3" iotype="AI" name="Sensor37685_S" textname="test sensor 37685"/>
			<item id="37686" losttest="3" iotype="AI" name="Sensor37686_S" textname="test sensor 37686"/>
			<item id="37687" losttest="3" iotype="AI" name="Sensor37687_S" textname="test sensor 37687"/>
			<item id="37688" losttest="3" iotype="AI" name="Sensor37688_S" textname="test sensor 37688"/>
			<item id="37689" losttest="3" iotype="AI" name="Sensor37689_S" textname="test sensor 37689"/>
			<item id="37690" losttest="3" iotype="AI" name="Sensor37690_S" textname="test sensor 37690"/>
			<item id="37691" losttest="3" iotype="AI" name="Sensor37691_S" textname="test sensor 37691"/>
			<item id="37692" losttest="3" iotype="AI" name="Sensor37692_S" textname="test sensor 37692"/>
			<item id="37693" losttest="3" iotype="AI" name="Sensor37693_S" textname="test sensor 37693"/>
			<item id="37694" losttest="3" iotype="AI" name="Sensor37694_S" textname="test sensor 37694"/>
			<item id="37695" losttest="3" iotype="AI" name="Sensor37695_S" textname="test sensor 37695"/>
			<item id="37696" losttest="3" iotype="AI" name="Sensor37696_S" textname="test sensor 37696"/>
			<item id="37697" losttest="3" iotype="AI" name="Sensor37697_S" textname="test sensor 37697"/>
			<item id="37698" losttest="3" iotype="AI" name="Sensor37698_S" textname="test sensor 37698"/>
			<item id="37699" losttest="3" iotype="AI" name="Sensor37699_S" textname="test sensor 37699"/>
			<item id="37700" losttest="3" iotype="AI" name="Sensor37700_S" textname="test sensor 37700"/>
			<item id="37701" losttest="3" iotype="AI" name="Sensor37701_S" textname="test sensor 37701"/>
			<item id="37702" losttest="3" iotype="AI" name="Sensor37702_S" textname="test sensor 37702"/>
			<item id="37703" losttest="3" iotype="AI" name="Sensor37703_S" textname="test sensor 37703"/>
			<item id="37704" losttest="3" iotype="AI" name="Sensor37704_S" textname="test sensor 37704"/>
			<item id="37705" losttest="3" iotype="AI" name="Sensor37705_S" textname="test sensor 37705"/>
			<item id="37706" losttest="3" iotype="AI" name="Sensor37706_S" textname="test sensor 37706"/>
			<item id="37707" losttest="3" iotype="AI" name="Sensor37707_S" textname="test sensor 37707"/>
			<item id="37708" losttest="3" iotype="AI" name="Sensor37708_S" textname="test sensor 37708"/>
			<item id="37709" losttest="3" iotype="AI" name="Sensor37709_S" textname="test sensor 37709"/>
			<item id="37710" losttest="3" iotype="AI" name="Sensor37710_S" textname="test sensor 37710"/>
			<item id="37711" losttest="3" iotype="AI" name="Sensor37711_S" textname="test sensor 37711"/>
			<item id="37712" losttest="3" iotype="AI" name="Sensor37712_S" textname="test sensor 37712"/>
			<item id="37713" losttest="3" iotype="AI" name="Sensor37713_S" textname="test sensor 37713"/>
			<item id="37714" losttest="3" iotype="AI" name="Sensor37714_S" textname="test sensor 37714"/>
			<item id="37715" losttest="3" iotype="AI" name="Sensor37715_S" textname="test sensor 37715"/>
			<item id="37716" losttest="3" iotype="AI" name="Sensor37716_S" textname="test sensor 37716"/>
			<item id="37717" losttest="3" iotype="AI" name="Sensor37717_S" textname="test sensor 37717"/>
			<item id="37718" losttest="3" iotype="AI" name="Sensor37718_S" textname="test sensor 37718"/>
			<item id="37719" losttest="3" iotype="AI" name="Sensor37719_S" textname="test sensor 37719"/>
			<item id="37720" losttest="3" iotype="AI" name="Sensor37720_S" textname="test sensor 37720"/>
			<item id="37721" losttest="3" iotype="AI" name="Sensor37721_S" textname="test sensor 37721"/>
			<item id="37722" losttest="3" iotype="AI" name="Sensor37722_S" textname="test sensor 37722"/>
			<item id="37723" losttest="3" iotype="AI" name="Sensor37723_S" textname="test sensor 37723"/>
			<item id="37724" losttest="3" iotype="AI" name="Sensor37724_S" textname="test sensor 37724"/>
			<item id="37725" losttest="3" iotype="AI" name="Sensor37725_S" textname="test sensor 37725"/>
			<item id="37726" losttest="3" iotype="AI" name="Sensor37726_S" textname="test sensor 37726"/>
			<item id="37727" losttest="3" iotype="AI" name="Sensor37727_S" textname="test sensor 37727"/>
			<item id="37728" losttest="3" iotype="AI" name="Sensor37728_S" textname="test sensor 37728"/>
			<item id="37729" losttest="3" iotype="AI" name="Sensor37729_S" textname="test sensor 37729"/>
			<item id="37730" losttest="3" iotype="AI" name="Sensor37730_S" textname="test sensor 37730"/>
			<item id="37731" losttest="3" iotype="AI" name="Sensor37731_S" textname="test sensor 37731"/>
			<item id="37732" losttest="3" iotype="AI" name="Sensor37732_S" textname="test sensor 37732"/>
			<item id="37733" losttest="3" iotype="AI" name="Sensor37733_S" textname="test sensor 37733"/>
			<item id="37734" losttest="3" iotype="AI" name="Sensor37734_S" textname="test sensor 37734"/>
			<item id="37735" losttest="3" iotype="AI" name="Sensor37735_S" textname="test sensor 37735"/>
			<item id="37736" losttest="3" iotype="AI" name="Sensor37736_S" textname="test sensor 37736"/>
			<item id="37737" losttest="3" iotype="AI" name="Sensor37737_S" textname="test sensor 37737"/>
			<item id="37738" losttest="3" iotype="AI" name="Sensor37738_S" textname="test sensor 37738"/>
			<item id="37739" losttest="3" iotype="AI" name="Sensor37739_S" textname="test sensor 37739"/>
			<item id="37740" losttest="3" iotype="AI" name="Sensor37740_S" textname="test sensor 37740"/>
			<item id="37741" losttest="3" iotype="AI" name="Sensor37741_S" textname="test sensor 37741"/>
			<item id="37742" losttest="3" iotype="AI" name="Sensor37742_S" textname="test sensor 37742"/>
			<item id="37743" losttest="3" iotype="AI" name="Sensor37743_S" textname="test sensor 37743"/>
			<item id="37744" losttest="3" iotype="AI" name="Sensor37744_S" textname="test sensor 37744"/>
			<item id="37745" losttest="3" iotype="AI" name="Sensor37745_S" textname="test sensor 37745"/>
			<item id="37746" losttest="3" iotype="AI" name="Sensor37746_S" textname="test sensor 37746"/>
			<item id="37747" losttest="3" iotype="AI" name="Sensor37747_S" textname="test sensor 37747"/>
			<item id="37748" losttest="3" iotype="AI" name="Sensor37748_S" textname="test sensor 37748"/>
			<item id="37749" losttest="3" iotype="AI" name="Sensor37749_S" textname="test sensor 37749"/>
			<item id="37750" losttest="3" iotype="AI" name="Sensor37750_S" textname="test sensor 37750"/>
			<item id="37751" losttest="3" iotype="AI" name="Sensor37751_S" textname="test sensor 37751"/>
			<item id="37752" losttest="3" iotype="AI" name="Sensor37752_S" textname="test sensor 37752"/>
			<item id="37753" losttest="3" iotype="AI" name="Sensor37753_S" textname="test sensor 37753"/>
			<item id="37754" losttest="3" iotype="AI" name="Sensor37754_S" textname="test sensor 37754"/>
			<item id="37755" losttest="3" iotype="AI" name="Sensor37755_S" textname="test sensor 37755"/>
			<item id="37756" losttest="3" iotype="AI" name="Sensor37756_S" textname="test sensor 37756"/>
			<item id="37757" losttest="3" iotype="AI" name="Sensor37757_S" textname="test sensor 37757"/>
			<item id="37758" losttest="3" iotype="AI" name="Sensor37758_S" textname="test sensor 37758"/>
			<item id="37759" losttest="3" iotype="AI" name="Sensor37759_S" textname="test sensor 37759"/>
			<item id="37760" losttest="3" iotype="AI" name="Sensor37760_S" textname="test sensor 37760"/>
			<item id="37761" losttest="3" iotype="AI" name="Sensor37761_S" textname="test sensor 37761"/>
			<item id="37762" losttest="3" iotype="AI" name="Sensor37762_S" textname="test sensor 37762"/>
			<item id="37763" losttest="3" iotype="AI" name="Sensor37763_S" textname="test sensor 37763"/>
			<item id="37764" losttest="3" iotype="AI" name="Sensor37764_S" textname="test sensor 37764"/>
			<item id="37765" losttest="3" iotype="AI" name="Sensor37765_S" textname="test sensor 37765"/>
			<item id="37766" losttest="3" iotype="AI" name="Sensor37766_S" textname="test sensor 37766"/>
			<item id="37767" losttest="3" iotype="AI" name="Sensor37767_S" textname="test sensor 37767"/>
			<item id="37768" losttest="3" iotype="AI" name="Sensor37768_S" textname="test sensor 37768"/>
			<item id="37769" losttest="3" iotype="AI" name="Sensor37769_S" textname="test sensor 37769"/>
			<item id="37770" losttest="3" iotype="AI" name="Sensor37770_S" textname="test sensor 37770"/>
			<item id="37771" losttest="3" iotype="AI" name="Sensor37771_S" textname="test sensor 37771"/>
			<item id="37772" losttest="3" iotype="AI" name="Sensor37772_S" textname="test sensor 37772"/>
			<item id="37773" losttest="3" iotype="AI" name="Sensor37773_S" textname="test sensor 37773"/>
			<item id="37774" losttest="3" iotype="AI" name="Sensor37774_S" textname="test sensor 37774"/>
			<item id="37775" losttest="3" iotype="AI" name="Sensor37775_S" textname="test sensor 37775"/>
			<item id="37776" losttest="3" iotype="AI" name="Sensor37776_S" textname="test sensor 37776"/>
			<item id="37777" losttest="3" iotype="AI" name="Sensor37777_S" textname="test sensor 37777"/>
			<item id="37778" losttest="3" iotype="AI" name="Sensor37778_S" textname="test sensor 37778"/>
			<item id="37779" losttest="3" iotype="AI" name="Sensor37779_S" textname="test sensor 37779"/>
			<item id="37780" losttest="3" iotype="AI" name="Sensor37780_S" textname="test sensor 37780"/>
			<item id="37781" losttest="3" iotype="AI" name="Sensor37781_S" textname="test sensor 37781"/>
			<item id="37782" losttest="3" iotype="AI" name="Sensor37782_S" textname="test sensor 37782"/>
			<item id="37783" losttest="3" iotype="AI" name="Sensor37783_S" textname="test sensor 37783"/>
			<item id="37784" losttest="3" iotype="AI" name="Sensor37784_S" textname="test sensor 37784"/>
			<item id="37785" losttest="3" iotype="AI" name="Sensor37785_S" textname="test sensor 37785"/>
			<item id="37786" losttest="3" iotype="AI" name="Sensor37786_S" textname="test sensor 37786"/>
			<item id="37787" losttest="3" iotype="AI" name="Sensor37787_S" textname="test sensor 37787"/>
			<item id="37788" losttest="3" iotype="AI" name="Sensor37788_S" textname="test sensor 37788"/>
			<item id="37789" losttest="3" iotype="AI" name="Sensor37789_S" textname="test sensor 37789"/>
			<item id="37790" losttest="3" iotype="AI" name="Sensor37790_S" textname="test sensor 37790"/>
			<item id="37791" losttest="3" iotype="AI" name="Sensor37791_S" textname="test sensor 37791"/>
			<item id="37792" losttest="3" iotype="AI" name="Sensor37792_S" textname="test sensor 37792"/>
			<item id="37793" losttest="3" iotype="AI" name="Sensor37793_S" textname="test sensor 37793"/>
			<item id="37794" losttest="3" iotype="AI" name="Sensor37794_S" textname="test sensor 37794"/>
			<item id="37795" losttest="3" iotype="AI" name="Sensor37795_S" textname="test sensor 37795"/>
			<item id="37796" losttest="3" iotype="AI" name="Sensor37796_S" textname="test sensor 37796"/>
			<item id="37797" losttest="3" iotype="AI" name="Sensor37797_S" textname="test sensor 37797"/>
			<item id="37798" losttest="3" iotype="AI" name="Sensor37798_S" textname="test sensor 37798"/>
			<item id="37799" losttest="3" iotype="AI" name="Sensor37799_S" textname="test sensor 37799"/>
			<item id="37800" losttest="3" iotype="AI" name="Sensor37800_S" textname="test sensor 37800"/>
			<item id="37801" losttest="3" iotype="AI" name="Sensor37801_S" textname="test sensor 37801"/>
			<item id="37802" losttest="3" iotype="AI" name="Sensor37802_S" textname="test sensor 37802"/>
			<item id="37803" losttest="3" iotype="AI" name="Sensor37803_S" textname="test sensor 37803"/>
			<item id="37804" losttest="3" iotype="AI" name="Sensor37804_S" textname="test sensor 37804"/>
			<item id="37805" losttest="3" iotype="AI" name="Sensor37805_S" textname="test sensor 37805"/>
			<item id="37806" losttest="3" iotype="AI" name="Sensor37806_S" textname="test sensor 37806"/>
			<item id="37807" losttest="3" iotype="AI" name="Sensor37807_S" textname="test sensor 37807"/>
			<item id="37808" losttest="3" iotype="AI" name="Sensor37808_S" textname="test sensor 37808"/>
			<item id="37809" losttest="3" iotype="AI" name="Sensor37809_S" textname="test sensor 37809"/>
			<item id="37810" losttest="3" iotype="AI" name="Sensor37810_S" textname="test sensor 37810"/>
			<item id="37811" losttest="3" iotype="AI" name="Sensor37811_S" textname="test sensor 37811"/>
			<item id="37812" losttest="3" iotype="AI" name="Sensor37812_S" textname="test sensor 37812"/>
			<item id="37813" losttest="3" iotype="AI" name="Sensor37813_S" textname="test sensor 37813"/>
			<item id="37814" losttest="3" iotype="AI" name="Sensor37814_S" textname="test sensor 37814"/>
			<item id="37815" losttest="3" iotype="AI" name="Sensor37815_S" textname="test sensor 37815"/>
			<item id="37816" losttest="3" iotype="AI" name="Sensor37816_S" textname="test sensor 37816"/>
			<item id="37817" losttest="3" iotype="AI" name="Sensor37817_S" textname="test sensor 37817"/>
			<item id="37818" losttest="3" iotype="AI" name="Sensor37818_S" textname="test sensor 37818"/>
			<item id="37819" losttest="3" iotype="AI" name="Sensor37819_S" textname="test sensor 37819"/>
			<item id="37820" losttest="3" iotype="AI" name="Sensor37820_S" textname="test sensor 37820"/>
			<item id="37821" losttest="3" iotype="AI" name="Sensor37821_S" textname="test sensor 37821"/>
			<item id="37822" losttest="3" iotype="AI" name="Sensor37822_S" textname="test sensor 37822"/>
			<item id="37823" losttest="3" iotype="AI" name="Sensor37823_S" textname="test sensor 37823"/>
			<item id="37824" losttest="3" iotype="AI" name="Sensor37824_S" textname="test sensor 37824"/>
			<item id="37825" losttest="3" iotype="AI" name="Sensor37825_S" textname="test sensor 37825"/>
			<item id="37826" losttest="3" iotype="AI" name="Sensor37826_S" textname="test sensor 37826"/>
			<item id="37827" losttest="3" iotype="AI" name="Sensor37827_S" textname="test sensor 37827"/>
			<item id="37828" losttest="3" iotype="AI" name="Sensor37828_S" textname="test sensor 37828"/>
			<item id="37829" losttest="3" iotype="AI" name="Sensor37829_S" textname="test sensor 37829"/>
			<item id="37830" losttest="3" iotype="AI" name="Sensor37830_S" textname="test sensor 37830"/>
			<item id="37831" losttest="3" iotype="AI" name="Sensor37831_S" textname="test sensor 37831"/>
			<item id="37832" losttest="3" iotype="AI" name="Sensor37832_S" textname="test sensor 37832"/>
			<item id="37833" losttest="3" iotype="AI" name="Sensor37833_S" textname="test sensor 37833"/>
			<item id="37834" losttest="3" iotype="AI" name="Sensor37834_S" textname="test sensor 37834"/>
			<item id="37835" losttest="3" iotype="AI" name="Sensor37835_S" textname="test sensor 37835"/>
			<item id="37836" losttest="3" iotype="AI" name="Sensor37836_S" textname="test sensor 37836"/>
			<item id="37837" losttest="3" iotype="AI" name="Sensor37837_S" textname="test sensor 37837"/>
			<item id="37838" losttest="3" iotype="AI" name="Sensor37838_S" textname="test sensor 37838"/>
			<item id="37839" losttest="3" iotype="AI" name="Sensor37839_S" textname="test sensor 37839"/>
			<item id="37840" losttest="3" iotype="AI" name="Sensor37840_S" textname="test sensor 37840"/>
			<item id="37841" losttest="3" iotype="AI" name="Sensor37841_S" textname="test sensor 37841"/>
			<item id="37842" losttest="3" iotype="AI" name="Sensor37842_S" textname="test sensor 37842"/>
			<item id="37843" losttest="3" iotype="AI" name="Sensor37843_S" textname="test sensor 37843"/>
			<item id="37844" losttest="3" iotype="AI" name="Sensor37844_S" textname="test sensor 37844"/>
			<item id="37845" losttest="3" iotype="AI" name="Sensor37845_S" textname="test sensor 37845"/>
			<item id="37846" losttest="3" iotype="AI" name="Sensor37846_S" textname="test sensor 37846"/>
			<item id="37847" losttest="3" iotype="AI" name="Sensor37847_S" textname="test sensor 37847"/>
			<item id="37848" losttest="3" iotype="AI" name="Sensor37848_S" textname="test sensor 37848"/>
			<item id="37849" losttest="3" iotype="AI" name="Sensor37849_S" textname="test sensor 37849"/>
			<item id="37850" losttest="3" iotype="AI" name="Sensor37850_S" textname="test sensor 37850"/>
			<item id="37851" losttest="3" iotype="AI" name="Sensor37851_S" textname="test sensor 37851"/>
			<item id="37852" losttest="3" iotype="AI" name="Sensor37852_S" textname="test sensor 37852"/>
			<item id="37853" losttest="3" iotype="AI" name="Sensor37853_S" textname="test sensor 37853"/>
			<item id="37854" losttest="3" iotype="AI" name="Sensor37854_S" textname="test sensor 37854"/>
			<item id="37855" losttest="3" iotype="AI" name="Sensor37855_S" textname="test sensor 37855"/>
			<item id="37856" losttest="3" iotype="AI" name="Sensor37856_S" textname="test sensor 37856"/>
			<item id="37857" losttest="3" iotype="AI" name="Sensor37857_S" textname="test sensor 37857"/>
			<item id="37858" losttest="3" iotype="AI" name="Sensor37858_S" textname="test sensor 37858"/>
			<item id="37859" losttest="3" iotype="AI" name="Sensor37859_S" textname="test sensor 37859"/>
			<item id="37860" losttest="3" iotype="AI" name="Sensor37860_S" textname="test sensor 37860"/>
			<item id="37861" losttest="3" iotype="AI" name="Sensor37861_S" textname="test sensor 37861"/>
			<item id="37862" losttest="3" iotype="AI" name="Sensor37862_S" textname="test sensor 37862"/>
			<item id="37863" losttest="3" iotype="AI" name="Sensor37863_S" textname="test sensor 37863"/>
			<item id="37864" losttest="3" iotype="AI" name="Sensor37864_S" textname="test sensor 37864"/>
			<item id="37865" losttest="3" iotype="AI" name="Sensor37865_S" textname="test sensor 37865"/>
			<item id="37866" losttest="3" iotype="AI" name="Sensor37866_S" textname="test sensor 37866"/>
			<item id="37867" losttest="3" iotype="AI" name="Sensor37867_S" textname="test sensor 37867"/>
			<item id="37868" losttest="3" iotype="AI" name="Sensor37868_S" textname="test sensor 37868"/>
			<item id="37869" losttest="3" iotype="AI" name="Sensor37869_S" textname="test sensor 37869"/>
			<item id="37870" losttest="3" iotype="AI" name="Sensor37870_S" textname="test sensor 37870"/>
			<item id="37871" losttest="3" iotype="AI" name="Sensor37871_S" textname="test sensor 37871"/>
			<item id="37872" losttest="3" iotype="AI" name="Sensor37872_S" textname="test sensor 37872"/>
			<item id="37873" losttest="3" iotype="AI" name="Sensor37873_S" textname="test sensor 37873"/>
			<item id="37874" losttest="3" iotype="AI" name="Sensor37874_S" textname="test sensor 37874"/>
			<item id="37875" losttest="3" iotype="AI" name="Sensor37875_S" textname="test sensor 37875"/>
			<item id="37876" losttest="3" iotype="AI" name="Sensor37876_S" textname="test sensor 37876"/>
			<item id="37877" losttest="3" iotype="AI" name="Sensor37877_S" textname="test sensor 37877"/>
			<item id="37878" losttest="3" iotype="AI" name="Sensor37878_S" textname="test sensor 37878"/>
			<item id="37879" losttest="3" iotype="AI" name="Sensor37879_S" textname="test sensor 37879"/>
			<item id="37880" losttest="3" iotype="AI" name="Sensor37880_S" textname="test sensor 37880"/>
			<item id="37881" losttest="3" iotype="AI" name="Sensor37881_S" textname="test sensor 37881"/>
			<item id="37882" losttest="3" iotype="AI" name="Sensor37882_S" textname="test sensor 37882"/>
			<item id="37883" losttest="3" iotype="AI" name="Sensor37883_S" textname="test sensor 37883"/>
			<item id="37884" losttest="3" iotype="AI" name="Sensor37884_S" textname="test sensor 37884"/>
			<item id="37885" losttest="3" iotype="AI" name="Sensor37885_S" textname="test sensor 37885"/>
			<item id="37886" losttest="3" iotype="AI" name="Sensor37886_S" textname="test sensor 37886"/>
			<item id="37887" losttest="3" iotype="AI" name="Sensor37887_S" textname="test sensor 37887"/>
			<item id="37888" losttest="3" iotype="AI" name="Sensor37888_S" textname="test sensor 37888"/>
			<item id="37889" losttest="3" iotype="AI" name="Sensor37889_S" textname="test sensor 37889"/>
			<item id="37890" losttest="3" iotype="AI" name="Sensor37890_S" textname="test sensor 37890"/>
			<item id="37891" losttest="3" iotype="AI" name="Sensor37891_S" textname="test sensor 37891"/>
			<item id="37892" losttest="3" iotype="AI" name="Sensor37892_S" textname="test sensor 37892"/>
			<item id="37893" losttest="3" iotype="AI" name="Sensor37893_S" textname="test sensor 37893"/>
			<item id="37894" losttest="3" iotype="AI" name="Sensor37894_S" textname="test sensor 37894"/>
			<item id="37895" losttest="3" iotype="AI" name="Sensor37895_S" textname="test sensor 37895"/>
			<item id="37896" losttest="3" iotype="AI" name="Sensor37896_S" textname="test sensor 37896"/>
			<item id="37897" losttest="3" iotype="AI" name="Sensor37897_S" textname="test sensor 37897"/>
			<item id="37898" losttest="3" iotype="AI" name="Sensor37898_S" textname="test sensor 37898"/>
			<item id="37899" losttest="3" iotype="AI" name="Sensor37899_S" textname="test sensor 37899"/>
			<item id="37900" losttest="3" iotype="AI" name="Sensor37900_S" textname="test sensor 37900"/>
			<item id="37901" losttest="3" iotype="AI" name="Sensor37901_S" textname="test sensor 37901"/>
			<item id="37902" losttest="3" iotype="AI" name="Sensor37902_S" textname="test sensor 37902"/>
			<item id="37903" losttest="3" iotype="AI" name="Sensor37903_S" textname="test sensor 37903"/>
			<item id="37904" losttest="3" iotype="AI" name="Sensor37904_S" textname="test sensor 37904"/>
			<item id="37905" losttest="3" iotype="AI" name="Sensor37905_S" textname="test sensor 37905"/>
			<item id="37906" losttest="3" iotype="AI" name="Sensor37906_S" textname="test sensor 37906"/>
			<item id="37907" losttest="3" iotype="AI" name="Sensor37907_S" textname="test sensor 37907"/>
			<item id="37908" losttest="3" iotype="AI" name="Sensor37908_S" textname="test sensor 37908"/>
			<item id="37909" losttest="3" iotype="AI" name="Sensor37909_S" textname="test sensor 37909"/>
			<item id="37910" losttest="3" iotype="AI" name="Sensor37910_S" textname="test sensor 37910"/>
			<item id="37911" losttest="3" iotype="AI" name="Sensor37911_S" textname="test sensor 37911"/>
			<item id="37912" losttest="3" iotype="AI" name="Sensor37912_S" textname="test sensor 37912"/>
			<item id="37913" losttest="3" iotype="AI" name="Sensor37913_S" textname="test sensor 37913"/>
			<item id="37914" losttest="3" iotype="AI" name="Sensor37914_S" textname="test sensor 37914"/>
			<item id="37915" losttest="3" iotype="AI" name="Sensor37915_S" textname="test sensor 37915"/>
			<item id="37916" losttest="3" iotype="AI" name="Sensor37916_S" textname="test sensor 37916"/>
			<item id="37917" losttest="3" iotype="AI" name="Sensor37917_S" textname="test sensor 37917"/>
			<item id="37918" losttest="3" iotype="AI" name="Sensor37918_S" textname="test sensor 37918"/>
			<item id="37919" losttest="3" iotype="AI" name="Sensor37919_S" textname="test sensor 37919"/>
			<item id="37920" losttest="3" iotype="AI" name="Sensor37920_S" textname="test sensor 37920"/>
			<item id="37921" losttest="3" iotype="AI" name="Sensor37921_S" textname="test sensor 37921"/>
			<item id="37922" losttest="3" iotype="AI" name="Sensor37922_S" textname="test sensor 37922"/>
			<item id="37923" losttest="3" iotype="AI" name="Sensor37923_S" textname="test sensor 37923"/>
			<item id="37924" losttest="3" iotype="AI" name="Sensor37924_S" textname="test sensor 37924"/>
			<item id="37925" losttest="3" iotype="AI" name="Sensor37925_S" textname="test sensor 37925"/>
			<item id="37926" losttest="3" iotype="AI" name="Sensor37926_S" textname="test sensor 37926"/>
			<item id="37927" losttest="3" iotype="AI" name="Sensor37927_S" textname="test sensor 37927"/>
			<item id="37928" losttest="3" iotype="AI" name="Sensor37928_S" textname="test sensor 37928"/>
			<item id="37929" losttest="3" iotype="AI" name="Sensor37929_S" textname="test sensor 37929"/>
			<item id="37930" losttest="3" iotype="AI" name="Sensor37930_S" textname="test sensor 37930"/>
			<item id="37931" losttest="3" iotype="AI" name="Sensor37931_S" textname="test sensor 37931"/>
			<item id="37932" losttest="3" iotype="AI" name="Sensor37932_S" textname="test sensor 37932"/>
			<item id="37933" losttest="3" iotype="AI" name="Sensor37933_S" textname="test sensor 37933"/>
			<item id="37934" losttest="3" iotype="AI" name="Sensor37934_S" textname="test sensor 37934"/>
			<item id="37935" losttest="3" iotype="AI" name="Sensor37935_S" textname="test sensor 37935"/>
			<item id="37936" losttest="3" iotype="AI" name="Sensor37936_S" textname="test sensor 37936"/>
			<item id="37937" losttest="3" iotype="AI" name="Sensor37937_S" textname="test sensor 37937"/>
			<item id="37938" losttest="3" iotype="AI" name="Sensor37938_S" textname="test sensor 37938"/>
			<item id="37939" losttest="3" iotype="AI" name="Sensor37939_S" textname="test sensor 37939"/>
			<item id="37940" losttest="3" iotype="AI" name="Sensor37940_S" textname="test sensor 37940"/>
			<item id="37941" losttest="3" iotype="AI" name="Sensor37941_S" textname="test sensor 37941"/>
			<item id="37942" losttest="3" iotype="AI" name="Sensor37942_S" textname="test sensor 37942"/>
			<item id="37943" losttest="3" iotype="AI" name="Sensor37943_S" textname="test sensor 37943"/>
			<item id="37944" losttest="3" iotype="AI" name="Sensor37944_S" textname="test sensor 37944"/>
			<item id="37945" losttest="3" iotype="AI" name="Sensor37945_S" textname="test sensor 37945"/>
			<item id="37946" losttest="3" iotype="AI" name="Sensor37946_S" textname="test sensor 37946"/>
			<item id="37947" losttest="3" iotype="AI" name="Sensor37947_S" textname="test sensor 37947"/>
			<item id="37948" losttest="3" iotype="AI" name="Sensor37948_S" textname="test sensor 37948"/>
			<item id="37949" losttest="3" iotype="AI" name="Sensor37949_S" textname="test sensor 37949"/>
			<item id="37950" losttest="3" iotype="AI" name="Sensor37950_S" textname="test sensor 37950"/>
			<item id="37951" losttest="3" iotype="AI" name="Sensor37951_S" textname="test sensor 37951"/>
			<item id="37952" losttest="3" iotype="AI" name="Sensor37952_S" textname="test sensor 37952"/>
			<item id="37953" losttest="3" iotype="AI" name="Sensor37953_S" textname="test sensor 37953"/>
			<item id="37954" losttest="3" iotype="AI" name="Sensor37954_S" textname="test sensor 37954"/>
			<item id="37955" losttest="3" iotype="AI" name="Sensor37955_S" textname="test sensor 37955"/>
			<item id="37956" losttest="3" iotype="AI" name="Sensor37956_S" textname="test sensor 37956"/>
			<item id="37957" losttest="3" iotype="AI" name="Sensor37957_S" textname="test sensor 37957"/>
			<item id="37958" losttest="3" iotype="AI" name="Sensor37958_S" textname="test sensor 37958"/>
			<item id="37959" losttest="3" iotype="AI" name="Sensor37959_S" textname="test sensor 37959"/>
			<item id="37960" losttest="3" iotype="AI" name="Sensor37960_S" textname="test sensor 37960"/>
			<item id="37961" losttest="3" iotype="AI" name="Sensor37961_S" textname="test sensor 37961"/>
			<item id="37962" losttest="3" iotype="AI" name="Sensor37962_S" textname="test sensor 37962"/>
			<item id="37963" losttest="3" iotype="AI" name="Sensor37963_S" textname="test sensor 37963"/>
			<item id="37964" losttest="3" iotype="AI" name="Sensor37964_S" textname="test sensor 37964"/>
			<item id="37965" losttest="3" iotype="AI" name="Sensor37965_S" textname="test sensor 37965"/>
			<item id="37966" losttest="3" iotype="AI" name="Sensor37966_S" textname="test sensor 37966"/>
			<item id="37967" losttest="3" iotype="AI" name="Sensor37967_S" textname="test sensor 37967"/>
			<item id="37968" losttest="3" iotype="AI" name="Sensor37968_S" textname="test sensor 37968"/>
			<item id="37969" losttest="3" iotype="AI" name="Sensor37969_S" textname="test sensor 37969"/>
			<item id="37970" losttest="3" iotype="AI" name="Sensor37970_S" textname="test sensor 37970"/>
			<item id="37971" losttest="3" iotype="AI" name="Sensor37971_S" textname="test sensor 37971"/>
			<item id="37972" losttest="3" iotype="AI" name="Sensor37972_S" textname="test sensor 37972"/>
			<item id="37973" losttest="3" iotype="AI" name="Sensor37973_S" textname="test sensor 37973"/>
			<item id="37974" losttest="3" iotype="AI" name="Sensor37974_S" textname="test sensor 37974"/>
			<item id="37975" losttest="3" iotype="AI" name="Sensor37975_S" textname="test sensor 37975"/>
			<item id="37976" losttest="3" iotype="AI" name="Sensor37976_S" textname="test sensor 37976"/>
			<item id="37977" losttest="3" iotype="AI" name="Sensor37977_S" textname="test sensor 37977"/>
			<item id="37978" losttest="3" iotype="AI" name="Sensor37978_S" textname="test sensor 37978"/>
			<item id="37979" losttest="3" iotype="AI" name="Sensor37979_S" textname="test sensor 37979"/>
			<item id="37980" losttest="3" iotype="AI" name="Sensor37980_S" textname="test sensor 37980"/>
			<item id="37981" losttest="3" iotype="AI" name="Sensor37981_S" textname="test sensor 37981"/>
			<item id="37982" losttest="3" iotype="AI" name="Sensor37982_S" textname="test sensor 37982"/>
			<item id="37983" losttest="3" iotype="AI" name="Sensor37983_S" textname="test sensor 37983"/>
			<item id="37984" losttest="3" iotype="AI" name="Sensor37984_S" textname="test sensor 37984"/>
			<item id="37985" losttest="3" iotype="AI" name="Sensor37985_S" textname="test sensor 37985"/>
			<item id="37986" losttest="3" iotype="AI" name="Sensor37986_S" textname="test sensor 37986"/>
			<item id="37987" losttest="3" iotype="AI" name="Sensor37987_S" textname="test sensor 37987"/>
			<item id="37988" losttest="3" iotype="AI" name="Sensor37988_S" textname="test sensor 37988"/>
			<item id="37989" losttest="3" iotype="AI" name="Sensor37989_S" textname="test sensor 37989"/>
			<item id="37990" losttest="3" iotype="AI" name="Sensor37990_S" textname="test sensor 37990"/>
			<item id="37991" losttest="3" iotype="AI" name="Sensor37991_S" textname="test sensor 37991"/>
			<item id="37992" losttest="3" iotype="AI" name="Sensor37992_S" textname="test sensor 37992"/>
			<item id="37993" losttest="3" iotype="AI" name="Sensor37993_S" textname="test sensor 37993"/>
			<item id="37994" losttest="3" iotype="AI" name="Sensor37994_S" textname="test sensor 37994"/>
			<item id="37995" losttest="3" iotype="AI" name="Sensor37995_S" textname="test sensor 37995"/>
			<item id="37996" losttest="3" iotype="AI" name="Sensor37996_S" textname="test sensor 37996"/>
			<item id="37997" losttest="3" iotype="AI" name="Sensor37997_S" textname="test sensor 37997"/>
			<item id="37998" losttest="3" iotype="AI" name="Sensor37998_S" textname="test sensor 37998"/>
			<item id="37999" losttest="3" iotype="AI" name="Sensor37999_S" textname="test sensor 37999"/>
			<item id="38000" losttest="3" iotype="AI" name="Sensor38000_S" textname="test sensor 38000"/>
			<item id="38001" losttest="3" iotype="AI" name="Sensor38001_S" textname="test sensor 38001"/>
			<item id="38002" losttest="3" iotype="AI" name="Sensor38002_S" textname="test sensor 38002"/>
			<item id="38003" losttest="3" iotype="AI" name="Sensor38003_S" textname="test sensor 38003"/>
			<item id="38004" losttest="3" iotype="AI" name="Sensor38004_S" textname="test sensor 38004"/>
			<item id="38005" losttest="3" iotype="AI" name="Sensor38005_S" textname="test sensor 38005"/>
			<item id="38006" losttest="3" iotype="AI" name="Sensor38006_S" textname="test sensor 38006"/>
			<item id="38007" losttest="3" iotype="AI" name="Sensor38007_S" textname="test sensor 38007"/>
			<item id="38008" losttest="3" iotype="AI" name="Sensor38008_S" textname="test sensor 38008"/>
			<item id="38009" losttest="3" iotype="AI" name="Sensor38009_S" textname="test sensor 38009"/>
			<item id="38010" losttest="3" iotype="AI" name="Sensor38010_S" textname="test sensor 38010"/>
			<item id="38011" losttest="3" iotype="AI" name="Sensor38011_S" textname="test sensor 38011"/>
			<item id="38012" losttest="3" iotype="AI" name="Sensor38012_S" textname="test sensor 38012"/>
			<item id="38013" losttest="3" iotype="AI" name="Sensor38013_S" textname="test sensor 38013"/>
			<item id="38014" losttest="3" iotype="AI" name="Sensor38014_S" textname="test sensor 38014"/>
			<item id="38015" losttest="3" iotype="AI" name="Sensor38015_S" textname="test sensor 38015"/>
			<item id="38016" losttest="3" iotype="AI" name="Sensor38016_S" textname="test sensor 38016"/>
			<item id="38017" losttest="3" iotype="AI" name="Sensor38017_S" textname="test sensor 38017"/>
			<item id="38018" losttest="3" iotype="AI" name="Sensor38018_S" textname="test sensor 38018"/>
			<item id="38019" losttest="3" iotype="AI" name="Sensor38019_S" textname="test sensor 38019"/>
			<item id="38020" losttest="3" iotype="AI" name="Sensor38020_S" textname="test sensor 38020"/>
			<item id="38021" losttest="3" iotype="AI" name="Sensor38021_S" textname="test sensor 38021"/>
			<item id="38022" losttest="3" iotype="AI" name="Sensor38022_S" textname="test sensor 38022"/>
			<item id="38023" losttest="3" iotype="AI" name="Sensor38023_S" textname="test sensor 38023"/>
			<item id="38024" losttest="3" iotype="AI" name="Sensor38024_S" textname="test sensor 38024"/>
			<item id="38025" losttest="3" iotype="AI" name="Sensor38025_S" textname="test sensor 38025"/>
			<item id="38026" losttest="3" iotype="AI" name="Sensor38026_S" textname="test sensor 38026"/>
			<item id="38027" losttest="3" iotype="AI" name="Sensor38027_S" textname="test sensor 38027"/>
			<item id="38028" losttest="3" iotype="AI" name="Sensor38028_S" textname="test sensor 38028"/>
			<item id="38029" losttest="3" iotype="AI" name="Sensor38029_S" textname="test sensor 38029"/>
			<item id="38030" losttest="3" iotype="AI" name="Sensor38030_S" textname="test sensor 38030"/>
			<item id="38031" losttest="3" iotype="AI" name="Sensor38031_S" textname="test sensor 38031"/>
			<item id="38032" losttest="3" iotype="AI" name="Sensor38032_S" textname="test sensor 38032"/>
			<item id="38033" losttest="3" iotype="AI" name="Sensor38033_S" textname="test sensor 38033"/>
			<item id="38034" losttest="3" iotype="AI" name="Sensor38034_S" textname="test sensor 38034"/>
			<item id="38035" losttest="3" iotype="AI" name="Sensor38035_S" textname="test sensor 38035"/>
			<item id="38036" losttest="3" iotype="AI" name="Sensor38036_S" textname="test sensor 38036"/>
			<item id="38037" losttest="3" iotype="AI" name="Sensor38037_S" textname="test sensor 38037"/>
			<item id="38038" losttest="3" iotype="AI" name="Sensor38038_S" textname="test sensor 38038"/>
			<item id="38039" losttest="3" iotype="AI" name="Sensor38039_S" textname="test sensor 38039"/>
			<item id="38040" losttest="3" iotype="AI" name="Sensor38040_S" textname="test sensor 38040"/>
			<item id="38041" losttest="3" iotype="AI" name="Sensor38041_S" textname="test sensor 38041"/>
			<item id="38042" losttest="3" iotype="AI" name="Sensor38042_S" textname="test sensor 38042"/>
			<item id="38043" losttest="3" iotype="AI" name="Sensor38043_S" textname="test sensor 38043"/>
			<item id="38044" losttest="3" iotype="AI" name="Sensor38044_S" textname="test sensor 38044"/>
			<item id="38045" losttest="3" iotype="AI" name="Sensor38045_S" textname="test sensor 38045"/>
			<item id="38046" losttest="3" iotype="AI" name="Sensor38046_S" textname="test sensor 38046"/>
			<item id="38047" losttest="3" iotype="AI" name="Sensor38047_S" textname="test sensor 38047"/>
			<item id="38048" losttest="3" iotype="AI" name="Sensor38048_S" textname="test sensor 38048"/>
			<item id="38049" losttest="3" iotype="AI" name="Sensor38049_S" textname="test sensor 38049"/>
			<item id="38050" losttest="3" iotype="AI" name="Sensor38050_S" textname="test sensor 38050"/>
			<item id="38051" losttest="3" iotype="AI" name="Sensor38051_S" textname="test sensor 38051"/>
			<item id="38052" losttest="3" iotype="AI" name="Sensor38052_S" textname="test sensor 38052"/>
			<item id="38053" losttest="3" iotype="AI" name="Sensor38053_S" textname="test sensor 38053"/>
			<item id="38054" losttest="3" iotype="AI" name="Sensor38054_S" textname="test sensor 38054"/>
			<item id="38055" losttest="3" iotype="AI" name="Sensor38055_S" textname="test sensor 38055"/>
			<item id="38056" losttest="3" iotype="AI" name="Sensor38056_S" textname="test sensor 38056"/>
			<item id="38057" losttest="3" iotype="AI" name="Sensor38057_S" textname="test sensor 38057"/>
			<item id="38058" losttest="3" iotype="AI" name="Sensor38058_S" textname="test sensor 38058"/>
			<item id="38059" losttest="3" iotype="AI" name="Sensor38059_S" textname="test sensor 38059"/>
			<item id="38060" losttest="3" iotype="AI" name="Sensor38060_S" textname="test sensor 38060"/>
			<item id="38061" losttest="3" iotype="AI" name="Sensor38061_S" textname="test sensor 38061"/>
			<item id="38062" losttest="3" iotype="AI" name="Sensor38062_S" textname="test sensor 38062"/>
			<item id="38063" losttest="3" iotype="AI" name="Sensor38063_S" textname="test sensor 38063"/>
			<item id="38064" losttest="3" iotype="AI" name="Sensor38064_S" textname="test sensor 38064"/>
			<item id="38065" losttest="3" iotype="AI" name="Sensor38065_S" textname="test sensor 38065"/>
			<item id="38066" losttest="3" iotype="AI" name="Sensor38066_S" textname="test sensor 38066"/>
			<item id="38067" losttest="3" iotype="AI" name="Sensor38067_S" textname="test sensor 38067"/>
			<item id="38068" losttest="3" iotype="AI" name="Sensor38068_S" textname="test sensor 38068"/>
			<item id="38069" losttest="3" iotype="AI" name="Sensor38069_S" textname="test sensor 38069"/>
			<item id="38070" losttest="3" iotype="AI" name="Sensor38070_S" textname="test sensor 38070"/>
			<item id="38071" losttest="3" iotype="AI" name="Sensor38071_S" textname="test sensor 38071"/>
			<item id="38072" losttest="3" iotype="AI" name="Sensor38072_S" textname="test sensor 38072"/>
			<item id="38073" losttest="3" iotype="AI" name="Sensor38073_S" textname="test sensor 38073"/>
			<item id="38074" losttest="3" iotype="AI" name="Sensor38074_S" textname="test sensor 38074"/>
			<item id="38075" losttest="3" iotype="AI" name="Sensor38075_S" textname="test sensor 38075"/>
			<item id="38076" losttest="3" iotype="AI" name="Sensor38076_S" textname="test sensor 38076"/>
			<item id="38077" losttest="3" iotype="AI" name="Sensor38077_S" textname="test sensor 38077"/>
			<item id="38078" losttest="3" iotype="AI" name="Sensor38078_S" textname="test sensor 38078"/>
			<item id="38079" losttest="3" iotype="AI" name="Sensor38079_S" textname="test sensor 38079"/>
			<item id="38080" losttest="3" iotype="AI" name="Sensor38080_S" textname="test sensor 38080"/>
			<item id="38081" losttest="3" iotype="AI" name="Sensor38081_S" textname="test sensor 38081"/>
			<item id="38082" losttest="3" iotype="AI" name="Sensor38082_S" textname="test sensor 38082"/>
			<item id="38083" losttest="3" iotype="AI" name="Sensor38083_S" textname="test sensor 38083"/>
			<item id="38084" losttest="3" iotype="AI" name="Sensor38084_S" textname="test sensor 38084"/>
			<item id="38085" losttest="3" iotype="AI" name="Sensor38085_S" textname="test sensor 38085"/>
			<item id="38086" losttest="3" iotype="AI" name="Sensor38086_S" textname="test sensor 38086"/>
			<item id="38087" losttest="3" iotype="AI" name="Sensor38087_S" textname="test sensor 38087"/>
			<item id="38088" losttest="3" iotype="AI" name="Sensor38088_S" textname="test sensor 38088"/>
			<item id="38089" losttest="3" iotype="AI" name="Sensor38089_S" textname="test sensor 38089"/>
			<item id="38090" losttest="3" iotype="AI" name="Sensor38090_S" textname="test sensor 38090"/>
			<item id="38091" losttest="3" iotype="AI" name="Sensor38091_S" textname="test sensor 38091"/>
			<item id="38092" losttest="3" iotype="AI" name="Sensor38092_S" textname="test sensor 38092"/>
			<item id="38093" losttest="3" iotype="AI" name="Sensor38093_S" textname="test sensor 38093"/>
			<item id="38094" losttest="3" iotype="AI" name="Sensor38094_S" textname="test sensor 38094"/>
			<item id="38095" losttest="3" iotype="AI" name="Sensor38095_S" textname="test sensor 38095"/>
			<item id="38096" losttest="3" iotype="AI" name="Sensor38096_S" textname="test sensor 38096"/>
			<item id="38097" losttest="3" iotype="AI" name="Sensor38097_S" textname="test sensor 38097"/>
			<item id="38098" losttest="3" iotype="AI" name="Sensor38098_S" textname="test sensor 38098"/>
			<item id="38099" losttest="3" iotype="AI" name="Sensor38099_S" textname="test sensor 38099"/>
			<item id="38100" losttest="3" iotype="AI" name="Sensor38100_S" textname="test sensor 38100"/>
			<item id="38101" losttest="3" iotype="AI" name="Sensor38101_S" textname="test sensor 38101"/>
			<item id="38102" losttest="3" iotype="AI" name="Sensor38102_S" textname="test sensor 38102"/>
			<item id="38103" losttest="3" iotype="AI" name="Sensor38103_S" textname="test sensor 38103"/>
			<item id="38104" losttest="3" iotype="AI" name="Sensor38104_S" textname="test sensor 38104"/>
			<item id="38105" losttest="3" iotype="AI" name="Sensor38105_S" textname="test sensor 38105"/>
			<item id="38106" losttest="3" iotype="AI" name="Sensor38106_S" textname="test sensor 38106"/>
			<item id="38107" losttest="3" iotype="AI" name="Sensor38107_S" textname="test sensor 38107"/>
			<item id="38108" losttest="3" iotype="AI" name="Sensor38108_S" textname="test sensor 38108"/>
			<item id="38109" losttest="3" iotype="AI" name="Sensor38109_S" textname="test sensor 38109"/>
			<item id="38110" losttest="3" iotype="AI" name="Sensor38110_S" textname="test sensor 38110"/>
			<item id="38111" losttest="3" iotype="AI" name="Sensor38111_S" textname="test sensor 38111"/>
			<item id="38112" losttest="3" iotype="AI" name="Sensor38112_S" textname="test sensor 38112"/>
			<item id="38113" losttest="3" iotype="AI" name="Sensor38113_S" textname="test sensor 38113"/>
			<item id="38114" losttest="3" iotype="AI" name="Sensor38114_S" textname="test sensor 38114"/>
			<item id="38115" losttest="3" iotype="AI" name="Sensor38115_S" textname="test sensor 38115"/>
			<item id="38116" losttest="3" iotype="AI" name="Sensor38116_S" textname="test sensor 38116"/>
			<item id="38117" losttest="3" iotype="AI" name="Sensor38117_S" textname="test sensor 38117"/>
			<item id="38118" losttest="3" iotype="AI" name="Sensor38118_S" textname="test sensor 38118"/>
			<item id="38119" losttest="3" iotype="AI" name="Sensor38119_S" textname="test sensor 38119"/>
			<item id="38120" losttest="3" iotype="AI" name="Sensor38120_S" textname="test sensor 38120"/>
			<item id="38121" losttest="3" iotype="AI" name="Sensor38121_S" textname="test sensor 38121"/>
			<item id="38122" losttest="3" iotype="AI" name="Sensor38122_S" textname="test sensor 38122"/>
			<item id="38123" losttest="3" iotype="AI" name="Sensor38123_S" textname="test sensor 38123"/>
			<item id="38124" losttest="3" iotype="AI" name="Sensor38124_S" textname="test sensor 38124"/>
			<item id="38125" losttest="3" iotype="AI" name="Sensor38125_S" textname="test sensor 38125"/>
			<item id="38126" losttest="3" iotype="AI" name="Sensor38126_S" textname="test sensor 38126"/>
			<item id="38127" losttest="3" iotype="AI" name="Sensor38127_S" textname="test sensor 38127"/>
			<item id="38128" losttest="3" iotype="AI" name="Sensor38128_S" textname="test sensor 38128"/>
			<item id="38129" losttest="3" iotype="AI" name="Sensor38129_S" textname="test sensor 38129"/>
			<item id="38130" losttest="3" iotype="AI" name="Sensor38130_S" textname="test sensor 38130"/>
			<item id="38131" losttest="3" iotype="AI" name="Sensor38131_S" textname="test sensor 38131"/>
			<item id="38132" losttest="3" iotype="AI" name="Sensor38132_S" textname="test sensor 38132"/>
			<item id="38133" losttest="3" iotype="AI" name="Sensor38133_S" textname="test sensor 38133"/>
			<item id="38134" losttest="3" iotype="AI" name="Sensor38134_S" textname="test sensor 38134"/>
			<item id="38135" losttest="3" iotype="AI" name="Sensor38135_S" textname="test sensor 38135"/>
			<item id="38136" losttest="3" iotype="AI" name="Sensor38136_S" textname="test sensor 38136"/>
			<item id="38137" losttest="3" iotype="AI" name="Sensor38137_S" textname="test sensor 38137"/>
			<item id="38138" losttest="3" iotype="AI" name="Sensor38138_S" textname="test sensor 38138"/>
			<item id="38139" losttest="3" iotype="AI" name="Sensor38139_S" textname="test sensor 38139"/>
			<item id="38140" losttest="3" iotype="AI" name="Sensor38140_S" textname="test sensor 38140"/>
			<item id="38141" losttest="3" iotype="AI" name="Sensor38141_S" textname="test sensor 38141"/>
			<item id="38142" losttest="3" iotype="AI" name="Sensor38142_S" textname="test sensor 38142"/>
			<item id="38143" losttest="3" iotype="AI" name="Sensor38143_S" textname="test sensor 38143"/>
			<item id="38144" losttest="3" iotype="AI" name="Sensor38144_S" textname="test sensor 38144"/>
			<item id="38145" losttest="3" iotype="AI" name="Sensor38145_S" textname="test sensor 38145"/>
			<item id="38146" losttest="3" iotype="AI" name="Sensor38146_S" textname="test sensor 38146"/>
			<item id="38147" losttest="3" iotype="AI" name="Sensor38147_S" textname="test sensor 38147"/>
			<item id="38148" losttest="3" iotype="AI" name="Sensor38148_S" textname="test sensor 38148"/>
			<item id="38149" losttest="3" iotype="AI" name="Sensor38149_S" textname="test sensor 38149"/>
			<item id="38150" losttest="3" iotype="AI" name="Sensor38150_S" textname="test sensor 38150"/>
			<item id="38151" losttest="3" iotype="AI" name="Sensor38151_S" textname="test sensor 38151"/>
			<item id="38152" losttest="3" iotype="AI" name="Sensor38152_S" textname="test sensor 38152"/>
			<item id="38153" losttest="3" iotype="AI" name="Sensor38153_S" textname="test sensor 38153"/>
			<item id="38154" losttest="3" iotype="AI" name="Sensor38154_S" textname="test sensor 38154"/>
			<item id="38155" losttest="3" iotype="AI" name="Sensor38155_S" textname="test sensor 38155"/>
			<item id="38156" losttest="3" iotype="AI" name="Sensor38156_S" textname="test sensor 38156"/>
			<item id="38157" losttest="3" iotype="AI" name="Sensor38157_S" textname="test sensor 38157"/>
			<item id="38158" losttest="3" iotype="AI" name="Sensor38158_S" textname="test sensor 38158"/>
			<item id="38159" losttest="3" iotype="AI" name="Sensor38159_S" textname="test sensor 38159"/>
			<item id="38160" losttest="3" iotype="AI" name="Sensor38160_S" textname="test sensor 38160"/>
			<item id="38161" losttest="3" iotype="AI" name="Sensor38161_S" textname="test sensor 38161"/>
			<item id="38162" losttest="3" iotype="AI" name="Sensor38162_S" textname="test sensor 38162"/>
			<item id="38163" losttest="3" iotype="AI" name="Sensor38163_S" textname="test sensor 38163"/>
			<item id="38164" losttest="3" iotype="AI" name="Sensor38164_S" textname="test sensor 38164"/>
			<item id="38165" losttest="3" iotype="AI" name="Sensor38165_S" textname="test sensor 38165"/>
			<item id="38166" losttest="3" iotype="AI" name="Sensor38166_S" textname="test sensor 38166"/>
			<item id="38167" losttest="3" iotype="AI" name="Sensor38167_S" textname="test sensor 38167"/>
			<item id="38168" losttest="3" iotype="AI" name="Sensor38168_S" textname="test sensor 38168"/>
			<item id="38169" losttest="3" iotype="AI" name="Sensor38169_S" textname="test sensor 38169"/>
			<item id="38170" losttest="3" iotype="AI" name="Sensor38170_S" textname="test sensor 38170"/>
			<item id="38171" losttest="3" iotype="AI" name="Sensor38171_S" textname="test sensor 38171"/>
			<item id="38172" losttest="3" iotype="AI" name="Sensor38172_S" textname="test sensor 38172"/>
			<item id="38173" losttest="3" iotype="AI" name="Sensor38173_S" textname="test sensor 38173"/>
			<item id="38174" losttest="3" iotype="AI" name="Sensor38174_S" textname="test sensor 38174"/>
			<item id="38175" losttest="3" iotype="AI" name="Sensor38175_S" textname="test sensor 38175"/>
			<item id="38176" losttest="3" iotype="AI" name="Sensor38176_S" textname="test sensor 38176"/>
			<item id="38177" losttest="3" iotype="AI" name="Sensor38177_S" textname="test sensor 38177"/>
			<item id="38178" losttest="3" iotype="AI" name="Sensor38178_S" textname="test sensor 38178"/>
			<item id="38179" losttest="3" iotype="AI" name="Sensor38179_S" textname="test sensor 38179"/>
			<item id="38180" losttest="3" iotype="AI" name="Sensor38180_S" textname="test sensor 38180"/>
			<item id="38181" losttest="3" iotype="AI" name="Sensor38181_S" textname="test sensor 38181"/>
			<item id="38182" losttest="3" iotype="AI" name="Sensor38182_S" textname="test sensor 38182"/>
			<item id="38183" losttest="3" iotype="AI" name="Sensor38183_S" textname="test sensor 38183"/>
			<item id="38184" losttest="3" iotype="AI" name="Sensor38184_S" textname="test sensor 38184"/>
			<item id="38185" losttest="3" iotype="AI" name="Sensor38185_S" textname="test sensor 38185"/>
			<item id="38186" losttest="3" iotype="AI" name="Sensor38186_S" textname="test sensor 38186"/>
			<item id="38187" losttest="3" iotype="AI" name="Sensor38187_S" textname="test sensor 38187"/>
			<item id="38188" losttest="3" iotype="AI" name="Sensor38188_S" textname="test sensor 38188"/>
			<item id="38189" losttest="3" iotype="AI" name="Sensor38189_S" textname="test sensor 38189"/>
			<item id="38190" losttest="3" iotype="AI" name="Sensor38190_S" textname="test sensor 38190"/>
			<item id="38191" losttest="3" iotype="AI" name="Sensor38191_S" textname="test sensor 38191"/>
			<item id="38192" losttest="3" iotype="AI" name="Sensor38192_S" textname="test sensor 38192"/>
			<item id="38193" losttest="3" iotype="AI" name="Sensor38193_S" textname="test sensor 38193"/>
			<item id="38194" losttest="3" iotype="AI" name="Sensor38194_S" textname="test sensor 38194"/>
			<item id="38195" losttest="3" iotype="AI" name="Sensor38195_S" textname="test sensor 38195"/>
			<item id="38196" losttest="3" iotype="AI" name="Sensor38196_S" textname="test sensor 38196"/>
			<item id="38197" losttest="3" iotype="AI" name="Sensor38197_S" textname="test sensor 38197"/>
			<item id="38198" losttest="3" iotype="AI" name="Sensor38198_S" textname="test sensor 38198"/>
			<item id="38199" losttest="3" iotype="AI" name="Sensor38199_S" textname="test sensor 38199"/>
			<item id="38200" losttest="3" iotype="AI" name="Sensor38200_S" textname="test sensor 38200"/>
			<item id="38201" losttest="3" iotype="AI" name="Sensor38201_S" textname="test sensor 38201"/>
			<item id="38202" losttest="3" iotype="AI" name="Sensor38202_S" textname="test sensor 38202"/>
			<item id="38203" losttest="3" iotype="AI" name="Sensor38203_S" textname="test sensor 38203"/>
			<item id="38204" losttest="3" iotype="AI" name="Sensor38204_S" textname="test sensor 38204"/>
			<item id="38205" losttest="3" iotype="AI" name="Sensor38205_S" textname="test sensor 38205"/>
			<item id="38206" losttest="3" iotype="AI" name="Sensor38206_S" textname="test sensor 38206"/>
			<item id="38207" losttest="3" iotype="AI" name="Sensor38207_S" textname="test sensor 38207"/>
			<item id="38208" losttest="3" iotype="AI" name="Sensor38208_S" textname="test sensor 38208"/>
			<item id="38209" losttest="3" iotype="AI" name="Sensor38209_S" textname="test sensor 38209"/>
			<item id="38210" losttest="3" iotype="AI" name="Sensor38210_S" textname="test sensor 38210"/>
			<item id="38211" losttest="3" iotype="AI" name="Sensor38211_S" textname="test sensor 38211"/>
			<item id="38212" losttest="3" iotype="AI" name="Sensor38212_S" textname="test sensor 38212"/>
			<item id="38213" losttest="3" iotype="AI" name="Sensor38213_S" textname="test sensor 38213"/>
			<item id="38214" losttest="3" iotype="AI" name="Sensor38214_S" textname="test sensor 38214"/>
			<item id="38215" losttest="3" iotype="AI" name="Sensor38215_S" textname="test sensor 38215"/>
			<item id="38216" losttest="3" iotype="AI" name="Sensor38216_S" textname="test sensor 38216"/>
			<item id="38217" losttest="3" iotype="AI" name="Sensor38217_S" textname="test sensor 38217"/>
			<item id="38218" losttest="3" iotype="AI" name="Sensor38218_S" textname="test sensor 38218"/>
			<item id="38219" losttest="3" iotype="AI" name="Sensor38219_S" textname="test sensor 38219"/>
			<item id="38220" losttest="3" iotype="AI" name="Sensor38220_S" textname="test sensor 38220"/>
			<item id="38221" losttest="3" iotype="AI" name="Sensor38221_S" textname="test sensor 38221"/>
			<item id="38222" losttest="3" iotype="AI" name="Sensor38222_S" textname="test sensor 38222"/>
			<item id="38223" losttest="3" iotype="AI" name="Sensor38223_S" textname="test sensor 38223"/>
			<item id="38224" losttest="3" iotype="AI" name="Sensor38224_S" textname="test sensor 38224"/>
			<item id="38225" losttest="3" iotype="AI" name="Sensor38225_S" textname="test sensor 38225"/>
			<item id="38226" losttest="3" iotype="AI" name="Sensor38226_S" textname="test sensor 38226"/>
			<item id="38227" losttest="3" iotype="AI" name="Sensor38227_S" textname="test sensor 38227"/>
			<item id="38228" losttest="3" iotype="AI" name="Sensor38228_S" textname="test sensor 38228"/>
			<item id="38229" losttest="3" iotype="AI" name="Sensor38229_S" textname="test sensor 38229"/>
			<item id="38230" losttest="3" iotype="AI" name="Sensor38230_S" textname="test sensor 38230"/>
			<item id="38231" losttest="3" iotype="AI" name="Sensor38231_S" textname="test sensor 38231"/>
			<item id="38232" losttest="3" iotype="AI" name="Sensor38232_S" textname="test sensor 38232"/>
			<item id="38233" losttest="3" iotype="AI" name="Sensor38233_S" textname="test sensor 38233"/>
			<item id="38234" losttest="3" iotype="AI" name="Sensor38234_S" textname="test sensor 38234"/>
			<item id="38235" losttest="3" iotype="AI" name="Sensor38235_S" textname="test sensor 38235"/>
			<item id="38236" losttest="3" iotype="AI" name="Sensor38236_S" textname="test sensor 38236"/>
			<item id="38237" losttest="3" iotype="AI" name="Sensor38237_S" textname="test sensor 38237"/>
			<item id="38238" losttest="3" iotype="AI" name="Sensor38238_S" textname="test sensor 38238"/>
			<item id="38239" losttest="3" iotype="AI" name="Sensor38239_S" textname="test sensor 38239"/>
			<item id="38240" losttest="3" iotype="AI" name="Sensor38240_S" textname="test sensor 38240"/>
			<item id="38241" losttest="3" iotype="AI" name="Sensor38241_S" textname="test sensor 38241"/>
			<item id="38242" losttest="3" iotype="AI" name="Sensor38242_S" textname="test sensor 38242"/>
			<item id="38243" losttest="3" iotype="AI" name="Sensor38243_S" textname="test sensor 38243"/>
			<item id="38244" losttest="3" iotype="AI" name="Sensor38244_S" textname="test sensor 38244"/>
			<item id="38245" losttest="3" iotype="AI" name="Sensor38245_S" textname="test sensor 38245"/>
			<item id="38246" losttest="3" iotype="AI" name="Sensor38246_S" textname="test sensor 38246"/>
			<item id="38247" losttest="3" iotype="AI" name="Sensor38247_S" textname="test sensor 38247"/>
			<item id="38248" losttest="3" iotype="AI" name="Sensor38248_S" textname="test sensor 38248"/>
			<item id="38249" losttest="3" iotype="AI" name="Sensor38249_S" textname="test sensor 38249"/>
			<item id="38250" losttest="3" iotype="AI" name="Sensor38250_S" textname="test sensor 38250"/>
			<item id="38251" losttest="3" iotype="AI" name="Sensor38251_S" textname="test sensor 38251"/>
			<item id="38252" losttest="3" iotype="AI" name="Sensor38252_S" textname="test sensor 38252"/>
			<item id="38253" losttest="3" iotype="AI" name="Sensor38253_S" textname="test sensor 38253"/>
			<item id="38254" losttest="3" iotype="AI" name="Sensor38254_S" textname="test sensor 38254"/>
			<item id="38255" losttest="3" iotype="AI" name="Sensor38255_S" textname="test sensor 38255"/>
			<item id="38256" losttest="3" iotype="AI" name="Sensor38256_S" textname="test sensor 38256"/>
			<item id="38257" losttest="3" iotype="AI" name="Sensor38257_S" textname="test sensor 38257"/>
			<item id="38258" losttest="3" iotype="AI" name="Sensor38258_S" textname="test sensor 38258"/>
			<item id="38259" losttest="3" iotype="AI" name="Sensor38259_S" textname="test sensor 38259"/>
			<item id="38260" losttest="3" iotype="AI" name="Sensor38260_S" textname="test sensor 38260"/>
			<item id="38261" losttest="3" iotype="AI" name="Sensor38261_S" textname="test sensor 38261"/>
			<item id="38262" losttest="3" iotype="AI" name="Sensor38262_S" textname="test sensor 38262"/>
			<item id="38263" losttest="3" iotype="AI" name="Sensor38263_S" textname="test sensor 38263"/>
			<item id="38264" losttest="3" iotype="AI" name="Sensor38264_S" textname="test sensor 38264"/>
			<item id="38265" losttest="3" iotype="AI" name="Sensor38265_S" textname="test sensor 38265"/>
			<item id="38266" losttest="3" iotype="AI" name="Sensor38266_S" textname="test sensor 38266"/>
			<item id="38267" losttest="3" iotype="AI" name="Sensor38267_S" textname="test sensor 38267"/>
			<item id="38268" losttest="3" iotype="AI" name="Sensor38268_S" textname="test sensor 38268"/>
			<item id="38269" losttest="3" iotype="AI" name="Sensor38269_S" textname="test sensor 38269"/>
			<item id="38270" losttest="3" iotype="AI" name="Sensor38270_S" textname="test sensor 38270"/>
			<item id="38271" losttest="3" iotype="AI" name="Sensor38271_S" textname="test sensor 38271"/>
			<item id="38272" losttest="3" iotype="AI" name="Sensor38272_S" textname="test sensor 38272"/>
			<item id="38273" losttest="3" iotype="AI" name="Sensor38273_S" textname="test sensor 38273"/>
			<item id="38274" losttest="3" iotype="AI" name="Sensor38274_S" textname="test sensor 38274"/>
			<item id="38275" losttest="3" iotype="AI" name="Sensor38275_S" textname="test sensor 38275"/>
			<item id="38276" losttest="3" iotype="AI" name="Sensor38276_S" textname="test sensor 38276"/>
			<item id="38277" losttest="3" iotype="AI" name="Sensor38277_S" textname="test sensor 38277"/>
			<item id="38278" losttest="3" iotype="AI" name="Sensor38278_S" textname="test sensor 38278"/>
			<item id="38279" losttest="3" iotype="AI" name="Sensor38279_S" textname="test sensor 38279"/>
			<item id="38280" losttest="3" iotype="AI" name="Sensor38280_S" textname="test sensor 38280"/>
			<item id="38281" losttest="3" iotype="AI" name="Sensor38281_S" textname="test sensor 38281"/>
			<item id="38282" losttest="3" iotype="AI" name="Sensor38282_S" textname="test sensor 38282"/>
			<item id="38283" losttest="3" iotype="AI" name="Sensor38283_S" textname="test sensor 38283"/>
			<item id="38284" losttest="3" iotype="AI" name="Sensor38284_S" textname="test sensor 38284"/>
			<item id="38285" losttest="3" iotype="AI" name="Sensor38285_S" textname="test sensor 38285"/>
			<item id="38286" losttest="3" iotype="AI" name="Sensor38286_S" textname="test sensor 38286"/>
			<item id="38287" losttest="3" iotype="AI" name="Sensor38287_S" textname="test sensor 38287"/>
			<item id="38288" losttest="3" iotype="AI" name="Sensor38288_S" textname="test sensor 38288"/>
			<item id="38289" losttest="3" iotype="AI" name="Sensor38289_S" textname="test sensor 38289"/>
			<item id="38290" losttest="3" iotype="AI" name="Sensor38290_S" textname="test sensor 38290"/>
			<item id="38291" losttest="3" iotype="AI" name="Sensor38291_S" textname="test sensor 38291"/>
			<item id="38292" losttest="3" iotype="AI" name="Sensor38292_S" textname="test sensor 38292"/>
			<item id="38293" losttest="3" iotype="AI" name="Sensor38293_S" textname="test sensor 38293"/>
			<item id="38294" losttest="3" iotype="AI" name="Sensor38294_S" textname="test sensor 38294"/>
			<item id="38295" losttest="3" iotype="AI" name="Sensor38295_S" textname="test sensor 38295"/>
			<item id="38296" losttest="3" iotype="AI" name="Sensor38296_S" textname="test sensor 38296"/>
			<item id="38297" losttest="3" iotype="AI" name="Sensor38297_S" textname="test sensor 38297"/>
			<item id="38298" losttest="3" iotype="AI" name="Sensor38298_S" textname="test sensor 38298"/>
			<item id="38299" losttest="3" iotype="AI" name="Sensor38299_S" textname="test sensor 38299"/>
			<item id="38300" losttest="3" iotype="AI" name="Sensor38300_S" textname="test sensor 38300"/>
			<item id="38301" losttest="3" iotype="AI" name="Sensor38301_S" textname="test sensor 38301"/>
			<item id="38302" losttest="3" iotype="AI" name="Sensor38302_S" textname="test sensor 38302"/>
			<item id="38303" losttest="3" iotype="AI" name="Sensor38303_S" textname="test sensor 38303"/>
			<item id="38304" losttest="3" iotype="AI" name="Sensor38304_S" textname="test sensor 38304"/>
			<item id="38305" losttest="3" iotype="AI" name="Sensor38305_S" textname="test sensor 38305"/>
			<item id="38306" losttest="3" iotype="AI" name="Sensor38306_S" textname="test sensor 38306"/>
			<item id="38307" losttest="3" iotype="AI" name="Sensor38307_S" textname="test sensor 38307"/>
			<item id="38308" losttest="3" iotype="AI" name="Sensor38308_S" textname="test sensor 38308"/>
			<item id="38309" losttest="3" iotype="AI" name="Sensor38309_S" textname="test sensor 38309"/>
			<item id="38310" losttest="3" iotype="AI" name="Sensor38310_S" textname="test sensor 38310"/>
			<item id="38311" losttest="3" iotype="AI" name="Sensor38311_S" textname="test sensor 38311"/>
			<item id="38312" losttest="3" iotype="AI" name="Sensor38312_S" textname="test sensor 38312"/>
			<item id="38313" losttest="3" iotype="AI" name="Sensor38313_S" textname="test sensor 38313"/>
			<item id="38314" losttest="3" iotype="AI" name="Sensor38314_S" textname="test sensor 38314"/>
			<item id="38315" losttest="3" iotype="AI" name="Sensor38315_S" textname="test sensor 38315"/>
			<item id="38316" losttest="3" iotype="AI" name="Sensor38316_S" textname="test sensor 38316"/>
			<item id="38317" losttest="3" iotype="AI" name="Sensor38317_S" textname="test sensor 38317"/>
			<item id="38318" losttest="3" iotype="AI" name="Sensor38318_S" textname="test sensor 38318"/>
			<item id="38319" losttest="3" iotype="AI" name="Sensor38319_S" textname="test sensor 38319"/>
			<item id="38320" losttest="3" iotype="AI" name="Sensor38320_S" textname="test sensor 38320"/>
			<item id="38321" losttest="3" iotype="AI" name="Sensor38321_S" textname="test sensor 38321"/>
			<item id="38322" losttest="3" iotype="AI" name="Sensor38322_S" textname="test sensor 38322"/>
			<item id="38323" losttest="3" iotype="AI" name="Sensor38323_S" textname="test sensor 38323"/>
			<item id="38324" losttest="3" iotype="AI" name="Sensor38324_S" textname="test sensor 38324"/>
			<item id="38325" losttest="3" iotype="AI" name="Sensor38325_S" textname="test sensor 38325"/>
			<item id="38326" losttest="3" iotype="AI" name="Sensor38326_S" textname="test sensor 38326"/>
			<item id="38327" losttest="3" iotype="AI" name="Sensor38327_S" textname="test sensor 38327"/>
			<item id="38328" losttest="3" iotype="AI" name="Sensor38328_S" textname="test sensor 38328"/>
			<item id="38329" losttest="3" iotype="AI" name="Sensor38329_S" textname="test sensor 38329"/>
			<item id="38330" losttest="3" iotype="AI" name="Sensor38330_S" textname="test sensor 38330"/>
			<item id="38331" losttest="3" iotype="AI" name="Sensor38331_S" textname="test sensor 38331"/>
			<item id="38332" losttest="3" iotype="AI" name="Sensor38332_S" textname="test sensor 38332"/>
			<item id="38333" losttest="3" iotype="AI" name="Sensor38333_S" textname="test sensor 38333"/>
			<item id="38334" losttest="3" iotype="AI" name="Sensor38334_S" textname="test sensor 38334"/>
			<item id="38335" losttest="3" iotype="AI" name="Sensor38335_S" textname="test sensor 38335"/>
			<item id="38336" losttest="3" iotype="AI" name="Sensor38336_S" textname="test sensor 38336"/>
			<item id="38337" losttest="3" iotype="AI" name="Sensor38337_S" textname="test sensor 38337"/>
			<item id="38338" losttest="3" iotype="AI" name="Sensor38338_S" textname="test sensor 38338"/>
			<item id="38339" losttest="3" iotype="AI" name="Sensor38339_S" textname="test sensor 38339"/>
			<item id="38340" losttest="3" iotype="AI" name="Sensor38340_S" textname="test sensor 38340"/>
			<item id="38341" losttest="3" iotype="AI" name="Sensor38341_S" textname="test sensor 38341"/>
			<item id="38342" losttest="3" iotype="AI" name="Sensor38342_S" textname="test sensor 38342"/>
			<item id="38343" losttest="3" iotype="AI" name="Sensor38343_S" textname="test sensor 38343"/>
			<item id="38344" losttest="3" iotype="AI" name="Sensor38344_S" textname="test sensor 38344"/>
			<item id="38345" losttest="3" iotype="AI" name="Sensor38345_S" textname="test sensor 38345"/>
			<item id="38346" losttest="3" iotype="AI" name="Sensor38346_S" textname="test sensor 38346"/>
			<item id="38347" losttest="3" iotype="AI" name="Sensor38347_S" textname="test sensor 38347"/>
			<item id="38348" losttest="3" iotype="AI" name="Sensor38348_S" textname="test sensor 38348"/>
			<item id="38349" losttest="3" iotype="AI" name="Sensor38349_S" textname="test sensor 38349"/>
			<item id="38350" losttest="3" iotype="AI" name="Sensor38350_S" textname="test sensor 38350"/>
			<item id="38351" losttest="3" iotype="AI" name="Sensor38351_S" textname="test sensor 38351"/>
			<item id="38352" losttest="3" iotype="AI" name="Sensor38352_S" textname="test sensor 38352"/>
			<item id="38353" losttest="3" iotype="AI" name="Sensor38353_S" textname="test sensor 38353"/>
			<item id="38354" losttest="3" iotype="AI" name="Sensor38354_S" textname="test sensor 38354"/>
			<item id="38355" losttest="3" iotype="AI" name="Sensor38355_S" textname="test sensor 38355"/>
			<item id="38356" losttest="3" iotype="AI" name="Sensor38356_S" textname="test sensor 38356"/>
			<item id="38357" losttest="3" iotype="AI" name="Sensor38357_S" textname="test sensor 38357"/>
			<item id="38358" losttest="3" iotype="AI" name="Sensor38358_S" textname="test sensor 38358"/>
			<item id="38359" losttest="3" iotype="AI" name="Sensor38359_S" textname="test sensor 38359"/>
			<item id="38360" losttest="3" iotype="AI" name="Sensor38360_S" textname="test sensor 38360"/>
			<item id="38361" losttest="3" iotype="AI" name="Sensor38361_S" textname="test sensor 38361"/>
			<item id="38362" losttest="3" iotype="AI" name="Sensor38362_S" textname="test sensor 38362"/>
			<item id="38363" losttest="3" iotype="AI" name="Sensor38363_S" textname="test sensor 38363"/>
			<item id="38364" losttest="3" iotype="AI" name="Sensor38364_S" textname="test sensor 38364"/>
			<item id="38365" losttest="3" iotype="AI" name="Sensor38365_S" textname="test sensor 38365"/>
			<item id="38366" losttest="3" iotype="AI" name="Sensor38366_S" textname="test sensor 38366"/>
			<item id="38367" losttest="3" iotype="AI" name="Sensor38367_S" textname="test sensor 38367"/>
			<item id="38368" losttest="3" iotype="AI" name="Sensor38368_S" textname="test sensor 38368"/>
			<item id="38369" losttest="3" iotype="AI" name="Sensor38369_S" textname="test sensor 38369"/>
			<item id="38370" losttest="3" iotype="AI" name="Sensor38370_S" textname="test sensor 38370"/>
			<item id="38371" losttest="3" iotype="AI" name="Sensor38371_S" textname="test sensor 38371"/>
			<item id="38372" losttest="3" iotype="AI" name="Sensor38372_S" textname="test sensor 38372"/>
			<item id="38373" losttest="3" iotype="AI" name="Sensor38373_S" textname="test sensor 38373"/>
			<item id="38374" losttest="3" iotype="AI" name="Sensor38374_S" textname="test sensor 38374"/>
			<item id="38375" losttest="3" iotype="AI" name="Sensor38375_S" textname="test sensor 38375"/>
			<item id="38376" losttest="3" iotype="AI" name="Sensor38376_S" textname="test sensor 38376"/>
			<item id="38377" losttest="3" iotype="AI" name="Sensor38377_S" textname="test sensor 38377"/>
			<item id="38378" losttest="3" iotype="AI" name="Sensor38378_S" textname="test sensor 38378"/>
			<item id="38379" losttest="3" iotype="AI" name="Sensor38379_S" textname="test sensor 38379"/>
			<item id="38380" losttest="3" iotype="AI" name="Sensor38380_S" textname="test sensor 38380"/>
			<item id="38381" losttest="3" iotype="AI" name="Sensor38381_S" textname="test sensor 38381"/>
			<item id="38382" losttest="3" iotype="AI" name="Sensor38382_S" textname="test sensor 38382"/>
			<item id="38383" losttest="3" iotype="AI" name="Sensor38383_S" textname="test sensor 38383"/>
			<item id="38384" losttest="3" iotype="AI" name="Sensor38384_S" textname="test sensor 38384"/>
			<item id="38385" losttest="3" iotype="AI" name="Sensor38385_S" textname="test sensor 38385"/>
			<item id="38386" losttest="3" iotype="AI" name="Sensor38386_S" textname="test sensor 38386"/>
			<item id="38387" losttest="3" iotype="AI" name="Sensor38387_S" textname="test sensor 38387"/>
			<item id="38388" losttest="3" iotype="AI" name="Sensor38388_S" textname="test sensor 38388"/>
			<item id="38389" losttest="3" iotype="AI" name="Sensor38389_S" textname="test sensor 38389"/>
			<item id="38390" losttest="3" iotype="AI" name="Sensor38390_S" textname="test sensor 38390"/>
			<item id="38391" losttest="3" iotype="AI" name="Sensor38391_S" textname="test sensor 38391"/>
			<item id="38392" losttest="3" iotype="AI" name="Sensor38392_S" textname="test sensor 38392"/>
			<item id="38393" losttest="3" iotype="AI" name="Sensor38393_S" textname="test sensor 38393"/>
			<item id="38394" losttest="3" iotype="AI" name="Sensor38394_S" textname="test sensor 38394"/>
			<item id="38395" losttest="3" iotype="AI" name="Sensor38395_S" textname="test sensor 38395"/>
			<item id="38396" losttest="3" iotype="AI" name="Sensor38396_S" textname="test sensor 38396"/>
			<item id="38397" losttest="3" iotype="AI" name="Sensor38397_S" textname="test sensor 38397"/>
			<item id="38398" losttest="3" iotype="AI" name="Sensor38398_S" textname="test sensor 38398"/>
			<item id="38399" losttest="3" iotype="AI" name="Sensor38399_S" textname="test sensor 38399"/>
			<item id="38400" losttest="3" iotype="AI" name="Sensor38400_S" textname="test sensor 38400"/>
			<item id="38401" losttest="3" iotype="AI" name="Sensor38401_S" textname="test sensor 38401"/>
			<item id="38402" losttest="3" iotype="AI" name="Sensor38402_S" textname="test sensor 38402"/>
			<item id="38403" losttest="3" iotype="AI" name="Sensor38403_S" textname="test sensor 38403"/>
			<item id="38404" losttest="3" iotype="AI" name="Sensor38404_S" textname="test sensor 38404"/>
			<item id="38405" losttest="3" iotype="AI" name="Sensor38405_S" textname="test sensor 38405"/>
			<item id="38406" losttest="3" iotype="AI" name="Sensor38406_S" textname="test sensor 38406"/>
			<item id="38407" losttest="3" iotype="AI" name="Sensor38407_S" textname="test sensor 38407"/>
			<item id="38408" losttest="3" iotype="AI" name="Sensor38408_S" textname="test sensor 38408"/>
			<item id="38409" losttest="3" iotype="AI" name="Sensor38409_S" textname="test sensor 38409"/>
			<item id="38410" losttest="3" iotype="AI" name="Sensor38410_S" textname="test sensor 38410"/>
			<item id="38411" losttest="3" iotype="AI" name="Sensor38411_S" textname="test sensor 38411"/>
			<item id="38412" losttest="3" iotype="AI" name="Sensor38412_S" textname="test sensor 38412"/>
			<item id="38413" losttest="3" iotype="AI" name="Sensor38413_S" textname="test sensor 38413"/>
			<item id="38414" losttest="3" iotype="AI" name="Sensor38414_S" textname="test sensor 38414"/>
			<item id="38415" losttest="3" iotype="AI" name="Sensor38415_S" textname="test sensor 38415"/>
			<item id="38416" losttest="3" iotype="AI" name="Sensor38416_S" textname="test sensor 38416"/>
			<item id="38417" losttest="3" iotype="AI" name="Sensor38417_S" textname="test sensor 38417"/>
			<item id="38418" losttest="3" iotype="AI" name="Sensor38418_S" textname="test sensor 38418"/>
			<item id="38419" losttest="3" iotype="AI" name="Sensor38419_S" textname="test sensor 38419"/>
			<item id="38420" losttest="3" iotype="AI" name="Sensor38420_S" textname="test sensor 38420"/>
			<item id="38421" losttest="3" iotype="AI" name="Sensor38421_S" textname="test sensor 38421"/>
			<item id="38422" losttest="3" iotype="AI" name="Sensor38422_S" textname="test sensor 38422"/>
			<item id="38423" losttest="3" iotype="AI" name="Sensor38423_S" textname="test sensor 38423"/>
			<item id="38424" losttest="3" iotype="AI" name="Sensor38424_S" textname="test sensor 38424"/>
			<item id="38425" losttest="3" iotype="AI" name="Sensor38425_S" textname="test sensor 38425"/>
			<item id="38426" losttest="3" iotype="AI" name="Sensor38426_S" textname="test sensor 38426"/>
			<item id="38427" losttest="3" iotype="AI" name="Sensor38427_S" textname="test sensor 38427"/>
			<item id="38428" losttest="3" iotype="AI" name="Sensor38428_S" textname="test sensor 38428"/>
			<item id="38429" losttest="3" iotype="AI" name="Sensor38429_S" textname="test sensor 38429"/>
			<item id="38430" losttest="3" iotype="AI" name="Sensor38430_S" textname="test sensor 38430"/>
			<item id="38431" losttest="3" iotype="AI" name="Sensor38431_S" textname="test sensor 38431"/>
			<item id="38432" losttest="3" iotype="AI" name="Sensor38432_S" textname="test sensor 38432"/>
			<item id="38433" losttest="3" iotype="AI" name="Sensor38433_S" textname="test sensor 38433"/>
			<item id="38434" losttest="3" iotype="AI" name="Sensor38434_S" textname="test sensor 38434"/>
			<item id="38435" losttest="3" iotype="AI" name="Sensor38435_S" textname="test sensor 38435"/>
			<item id="38436" losttest="3" iotype="AI" name="Sensor38436_S" textname="test sensor 38436"/>
			<item id="38437" losttest="3" iotype="AI" name="Sensor38437_S" textname="test sensor 38437"/>
			<item id="38438" losttest="3" iotype="AI" name="Sensor38438_S" textname="test sensor 38438"/>
			<item id="38439" losttest="3" iotype="AI" name="Sensor38439_S" textname="test sensor 38439"/>
			<item id="38440" losttest="3" iotype="AI" name="Sensor38440_S" textname="test sensor 38440"/>
			<item id="38441" losttest="3" iotype="AI" name="Sensor38441_S" textname="test sensor 38441"/>
			<item id="38442" losttest="3" iotype="AI" name="Sensor38442_S" textname="test sensor 38442"/>
			<item id="38443" losttest="3" iotype="AI" name="Sensor38443_S" textname="test sensor 38443"/>
			<item id="38444" losttest="3" iotype="AI" name="Sensor38444_S" textname="test sensor 38444"/>
			<item id="38445" losttest="3" iotype="AI" name="Sensor38445_S" textname="test sensor 38445"/>
			<item id="38446" losttest="3" iotype="AI" name="Sensor38446_S" textname="test sensor 38446"/>
			<item id="38447" losttest="3" iotype="AI" name="Sensor38447_S" textname="test sensor 38447"/>
			<item id="38448" losttest="3" iotype="AI" name="Sensor38448_S" textname="test sensor 38448"/>
			<item id="38449" losttest="3" iotype="AI" name="Sensor38449_S" textname="test sensor 38449"/>
			<item id="38450" losttest="3" iotype="AI" name="Sensor38450_S" textname="test sensor 38450"/>
			<item id="38451" losttest="3" iotype="AI" name="Sensor38451_S" textname="test sensor 38451"/>
			<item id="38452" losttest="3" iotype="AI" name="Sensor38452_S" textname="test sensor 38452"/>
			<item id="38453" losttest="3" iotype="AI" name="Sensor38453_S" textname="test sensor 38453"/>
			<item id="38454" losttest="3" iotype="AI" name="Sensor38454_S" textname="test sensor 38454"/>
			<item id="38455" losttest="3" iotype="AI" name="Sensor38455_S" textname="test sensor 38455"/>
			<item id="38456" losttest="3" iotype="AI" name="Sensor38456_S" textname="test sensor 38456"/>
			<item id="38457" losttest="3" iotype="AI" name="Sensor38457_S" textname="test sensor 38457"/>
			<item id="38458" losttest="3" iotype="AI" name="Sensor38458_S" textname="test sensor 38458"/>
			<item id="38459" losttest="3" iotype="AI" name="Sensor38459_S" textname="test sensor 38459"/>
			<item id="38460" losttest="3" iotype="AI" name="Sensor38460_S" textname="test sensor 38460"/>
			<item id="38461" losttest="3" iotype="AI" name="Sensor38461_S" textname="test sensor 38461"/>
			<item id="38462" losttest="3" iotype="AI" name="Sensor38462_S" textname="test sensor 38462"/>
			<item id="38463" losttest="3" iotype="AI" name="Sensor38463_S" textname="test sensor 38463"/>
			<item id="38464" losttest="3" iotype="AI" name="Sensor38464_S" textname="test sensor 38464"/>
			<item id="38465" losttest="3" iotype="AI" name="Sensor38465_S" textname="test sensor 38465"/>
			<item id="38466" losttest="3" iotype="AI" name="Sensor38466_S" textname="test sensor 38466"/>
			<item id="38467" losttest="3" iotype="AI" name="Sensor38467_S" textname="test sensor 38467"/>
			<item id="38468" losttest="3" iotype="AI" name="Sensor38468_S" textname="test sensor 38468"/>
			<item id="38469" losttest="3" iotype="AI" name="Sensor38469_S" textname="test sensor 38469"/>
			<item id="38470" losttest="3" iotype="AI" name="Sensor38470_S" textname="test sensor 38470"/>
			<item id="38471" losttest="3" iotype="AI" name="Sensor38471_S" textname="test sensor 38471"/>
			<item id="38472" losttest="3" iotype="AI" name="Sensor38472_S" textname="test sensor 38472"/>
			<item id="38473" losttest="3" iotype="AI" name="Sensor38473_S" textname="test sensor 38473"/>
			<item id="38474" losttest="3" iotype="AI" name="Sensor38474_S" textname="test sensor 38474"/>
			<item id="38475" losttest="3" iotype="AI" name="Sensor38475_S" textname="test sensor 38475"/>
			<item id="38476" losttest="3" iotype="AI" name="Sensor38476_S" textname="test sensor 38476"/>
			<item id="38477" losttest="3" iotype="AI" name="Sensor38477_S" textname="test sensor 38477"/>
			<item id="38478" losttest="3" iotype="AI" name="Sensor38478_S" textname="test sensor 38478"/>
			<item id="38479" losttest="3" iotype="AI" name="Sensor38479_S" textname="test sensor 38479"/>
			<item id="38480" losttest="3" iotype="AI" name="Sensor38480_S" textname="test sensor 38480"/>
			<item id="38481" losttest="3" iotype="AI" name="Sensor38481_S" textname="test sensor 38481"/>
			<item id="38482" losttest="3" iotype="AI" name="Sensor38482_S" textname="test sensor 38482"/>
			<item id="38483" losttest="3" iotype="AI" name="Sensor38483_S" textname="test sensor 38483"/>
			<item id="38484" losttest="3" iotype="AI" name="Sensor38484_S" textname="test sensor 38484"/>
			<item id="38485" losttest="3" iotype="AI" name="Sensor38485_S" textname="test sensor 38485"/>
			<item id="38486" losttest="3" iotype="AI" name="Sensor38486_S" textname="test sensor 38486"/>
			<item id="38487" losttest="3" iotype="AI" name="Sensor38487_S" textname="test sensor 38487"/>
			<item id="38488" losttest="3" iotype="AI" name="Sensor38488_S" textname="test sensor 38488"/>
			<item id="38489" losttest="3" iotype="AI" name="Sensor38489_S" textname="test sensor 38489"/>
			<item id="38490" losttest="3" iotype="AI" name="Sensor38490_S" textname="test sensor 38490"/>
			<item id="38491" losttest="3" iotype="AI" name="Sensor38491_S" textname="test sensor 38491"/>
			<item id="38492" losttest="3" iotype="AI" name="Sensor38492_S" textname="test sensor 38492"/>
			<item id="38493" losttest="3" iotype="AI" name="Sensor38493_S" textname="test sensor 38493"/>
			<item id="38494" losttest="3" iotype="AI" name="Sensor38494_S" textname="test sensor 38494"/>
			<item id="38495" losttest="3" iotype="AI" name="Sensor38495_S" textname="test sensor 38495"/>
			<item id="38496" losttest="3" iotype="AI" name="Sensor38496_S" textname="test sensor 38496"/>
			<item id="38497" losttest="3" iotype="AI" name="Sensor38497_S" textname="test sensor 38497"/>
			<item id="38498" losttest="3" iotype="AI" name="Sensor38498_S" textname="test sensor 38498"/>
			<item id="38499" losttest="3" iotype="AI" name="Sensor38499_S" textname="test sensor 38499"/>
			<item id="38500" losttest="3" iotype="AI" name="Sensor38500_S" textname="test sensor 38500"/>
			<item id="38501" losttest="3" iotype="AI" name="Sensor38501_S" textname="test sensor 38501"/>
			<item id="38502" losttest="3" iotype="AI" name="Sensor38502_S" textname="test sensor 38502"/>
			<item id="38503" losttest="3" iotype="AI" name="Sensor38503_S" textname="test sensor 38503"/>
			<item id="38504" losttest="3" iotype="AI" name="Sensor38504_S" textname="test sensor 38504"/>
			<item id="38505" losttest="3" iotype="AI" name="Sensor38505_S" textname="test sensor 38505"/>
			<item id="38506" losttest="3" iotype="AI" name="Sensor38506_S" textname="test sensor 38506"/>
			<item id="38507" losttest="3" iotype="AI" name="Sensor38507_S" textname="test sensor 38507"/>
			<item id="38508" losttest="3" iotype="AI" name="Sensor38508_S" textname="test sensor 38508"/>
			<item id="38509" losttest="3" iotype="AI" name="Sensor38509_S" textname="test sensor 38509"/>
			<item id="38510" losttest="3" iotype="AI" name="Sensor38510_S" textname="test sensor 38510"/>
			<item id="38511" losttest="3" iotype="AI" name="Sensor38511_S" textname="test sensor 38511"/>
			<item id="38512" losttest="3" iotype="AI" name="Sensor38512_S" textname="test sensor 38512"/>
			<item id="38513" losttest="3" iotype="AI" name="Sensor38513_S" textname="test sensor 38513"/>
			<item id="38514" losttest="3" iotype="AI" name="Sensor38514_S" textname="test sensor 38514"/>
			<item id="38515" losttest="3" iotype="AI" name="Sensor38515_S" textname="test sensor 38515"/>
			<item id="38516" losttest="3" iotype="AI" name="Sensor38516_S" textname="test sensor 38516"/>
			<item id="38517" losttest="3" iotype="AI" name="Sensor38517_S" textname="test sensor 38517"/>
			<item id="38518" losttest="3" iotype="AI" name="Sensor38518_S" textname="test sensor 38518"/>
			<item id="38519" losttest="3" iotype="AI" name="Sensor38519_S" textname="test sensor 38519"/>
			<item id="38520" losttest="3" iotype="AI" name="Sensor38520_S" textname="test sensor 38520"/>
			<item id="38521" losttest="3" iotype="AI" name="Sensor38521_S" textname="test sensor 38521"/>
			<item id="38522" losttest="3" iotype="AI" name="Sensor38522_S" textname="test sensor 38522"/>
			<item id="38523" losttest="3" iotype="AI" name="Sensor38523_S" textname="test sensor 38523"/>
			<item id="38524" losttest="3" iotype="AI" name="Sensor38524_S" textname="test sensor 38524"/>
			<item id="38525" losttest="3" iotype="AI" name="Sensor38525_S" textname="test sensor 38525"/>
			<item id="38526" losttest="3" iotype="AI" name="Sensor38526_S" textname="test sensor 38526"/>
			<item id="38527" losttest="3" iotype="AI" name="Sensor38527_S" textname="test sensor 38527"/>
			<item id="38528" losttest="3" iotype="AI" name="Sensor38528_S" textname="test sensor 38528"/>
			<item id="38529" losttest="3" iotype="AI" name="Sensor38529_S" textname="test sensor 38529"/>
			<item id="38530" losttest="3" iotype="AI" name="Sensor38530_S" textname="test sensor 38530"/>
			<item id="38531" losttest="3" iotype="AI" name="Sensor38531_S" textname="test sensor 38531"/>
			<item id="38532" losttest="3" iotype="AI" name="Sensor38532_S" textname="test sensor 38532"/>
			<item id="38533" losttest="3" iotype="AI" name="Sensor38533_S" textname="test sensor 38533"/>
			<item id="38534" losttest="3" iotype="AI" name="Sensor38534_S" textname="test sensor 38534"/>
			<item id="38535" losttest="3" iotype="AI" name="Sensor38535_S" textname="test sensor 38535"/>
			<item id="38536" losttest="3" iotype="AI" name="Sensor38536_S" textname="test sensor 38536"/>
			<item id="38537" losttest="3" iotype="AI" name="Sensor38537_S" textname="test sensor 38537"/>
			<item id="38538" losttest="3" iotype="AI" name="Sensor38538_S" textname="test sensor 38538"/>
			<item id="38539" losttest="3" iotype="AI" name="Sensor38539_S" textname="test sensor 38539"/>
			<item id="38540" losttest="3" iotype="AI" name="Sensor38540_S" textname="test sensor 38540"/>
			<item id="38541" losttest="3" iotype="AI" name="Sensor38541_S" textname="test sensor 38541"/>
			<item id="38542" losttest="3" iotype="AI" name="Sensor38542_S" textname="test sensor 38542"/>
			<item id="38543" losttest="3" iotype="AI" name="Sensor38543_S" textname="test sensor 38543"/>
			<item id="38544" losttest="3" iotype="AI" name="Sensor38544_S" textname="test sensor 38544"/>
			<item id="38545" losttest="3" iotype="AI" name="Sensor38545_S" textname="test sensor 38545"/>
			<item id="38546" losttest="3" iotype="AI" name="Sensor38546_S" textname="test sensor 38546"/>
			<item id="38547" losttest="3" iotype="AI" name="Sensor38547_S" textname="test sensor 38547"/>
			<item id="38548" losttest="3" iotype="AI" name="Sensor38548_S" textname="test sensor 38548"/>
			<item id="38549" losttest="3" iotype="AI" name="Sensor38549_S" textname="test sensor 38549"/>
			<item id="38550" losttest="3" iotype="AI" name="Sensor38550_S" textname="test sensor 38550"/>
			<item id="38551" losttest="3" iotype="AI" name="Sensor38551_S" textname="test sensor 38551"/>
			<item id="38552" losttest="3" iotype="AI" name="Sensor38552_S" textname="test sensor 38552"/>
			<item id="38553" losttest="3" iotype="AI" name="Sensor38553_S" textname="test sensor 38553"/>
			<item id="38554" losttest="3" iotype="AI" name="Sensor38554_S" textname="test sensor 38554"/>
			<item id="38555" losttest="3" iotype="AI" name="Sensor38555_S" textname="test sensor 38555"/>
			<item id="38556" losttest="3" iotype="AI" name="Sensor38556_S" textname="test sensor 38556"/>
			<item id="38557" losttest="3" iotype="AI" name="Sensor38557_S" textname="test sensor 38557"/>
			<item id="38558" losttest="3" iotype="AI" name="Sensor38558_S" textname="test sensor 38558"/>
			<item id="38559" losttest="3" iotype="AI" name="Sensor38559_S" textname="test sensor 38559"/>
			<item id="38560" losttest="3" iotype="AI" name="Sensor38560_S" textname="test sensor 38560"/>
			<item id="38561" losttest="3" iotype="AI" name="Sensor38561_S" textname="test sensor 38561"/>
			<item id="38562" losttest="3" iotype="AI" name="Sensor38562_S" textname="test sensor 38562"/>
			<item id="38563" losttest="3" iotype="AI" name="Sensor38563_S" textname="test sensor 38563"/>
			<item id="38564" losttest="3" iotype="AI" name="Sensor38564_S" textname="test sensor 38564"/>
			<item id="38565" losttest="3" iotype="AI" name="Sensor38565_S" textname="test sensor 38565"/>
			<item id="38566" losttest="3" iotype="AI" name="Sensor38566_S" textname="test sensor 38566"/>
			<item id="38567" losttest="3" iotype="AI" name="Sensor38567_S" textname="test sensor 38567"/>
			<item id="38568" losttest="3" iotype="AI" name="Sensor38568_S" textname="test sensor 38568"/>
			<item id="38569" losttest="3" iotype="AI" name="Sensor38569_S" textname="test sensor 38569"/>
			<item id="38570" losttest="3" iotype="AI" name="Sensor38570_S" textname="test sensor 38570"/>
			<item id="38571" losttest="3" iotype="AI" name="Sensor38571_S" textname="test sensor 38571"/>
			<item id="38572" losttest="3" iotype="AI" name="Sensor38572_S" textname="test sensor 38572"/>
			<item id="38573" losttest="3" iotype="AI" name="Sensor38573_S" textname="test sensor 38573"/>
			<item id="38574" losttest="3" iotype="AI" name="Sensor38574_S" textname="test sensor 38574"/>
			<item id="38575" losttest="3" iotype="AI" name="Sensor38575_S" textname="test sensor 38575"/>
			<item id="38576" losttest="3" iotype="AI" name="Sensor38576_S" textname="test sensor 38576"/>
			<item id="38577" losttest="3" iotype="AI" name="Sensor38577_S" textname="test sensor 38577"/>
			<item id="38578" losttest="3" iotype="AI" name="Sensor38578_S" textname="test sensor 38578"/>
			<item id="38579" losttest="3" iotype="AI" name="Sensor38579_S" textname="test sensor 38579"/>
			<item id="38580" losttest="3" iotype="AI" name="Sensor38580_S" textname="test sensor 38580"/>
			<item id="38581" losttest="3" iotype="AI" name="Sensor38581_S" textname="test sensor 38581"/>
			<item id="38582" losttest="3" iotype="AI" name="Sensor38582_S" textname="test sensor 38582"/>
			<item id="38583" losttest="3" iotype="AI" name="Sensor38583_S" textname="test sensor 38583"/>
			<item id="38584" losttest="3" iotype="AI" name="Sensor38584_S" textname="test sensor 38584"/>
			<item id="38585" losttest="3" iotype="AI" name="Sensor38585_S" textname="test sensor 38585"/>
			<item id="38586" losttest="3" iotype="AI" name="Sensor38586_S" textname="test sensor 38586"/>
			<item id="38587" losttest="3" iotype="AI" name="Sensor38587_S" textname="test sensor 38587"/>
			<item id="38588" losttest="3" iotype="AI" name="Sensor38588_S" textname="test sensor 38588"/>
			<item id="38589" losttest="3" iotype="AI" name="Sensor38589_S" textname="test sensor 38589"/>
			<item id="38590" losttest="3" iotype="AI" name="Sensor38590_S" textname="test sensor 38590"/>
			<item id="38591" losttest="3" iotype="AI" name="Sensor38591_S" textname="test sensor 38591"/>
			<item id="38592" losttest="3" iotype="AI" name="Sensor38592_S" textname="test sensor 38592"/>
			<item id="38593" losttest="3" iotype="AI" name="Sensor38593_S" textname="test sensor 38593"/>
			<item id="38594" losttest="3" iotype="AI" name="Sensor38594_S" textname="test sensor 38594"/>
			<item id="38595" losttest="3" iotype="AI" name="Sensor38595_S" textname="test sensor 38595"/>
			<item id="38596" losttest="3" iotype="AI" name="Sensor38596_S" textname="test sensor 38596"/>
			<item id="38597" losttest="3" iotype="AI" name="Sensor38597_S" textname="test sensor 38597"/>
			<item id="38598" losttest="3" iotype="AI" name="Sensor38598_S" textname="test sensor 38598"/>
			<item id="38599" losttest="3" iotype="AI" name="Sensor38599_S" textname="test sensor 38599"/>
			<item id="38600" losttest="3" iotype="AI" name="Sensor38600_S" textname="test sensor 38600"/>
			<item id="38601" losttest="3" iotype="AI" name="Sensor38601_S" textname="test sensor 38601"/>
			<item id="38602" losttest="3" iotype="AI" name="Sensor38602_S" textname="test sensor 38602"/>
			<item id="38603" losttest="3" iotype="AI" name="Sensor38603_S" textname="test sensor 38603"/>
			<item id="38604" losttest="3" iotype="AI" name="Sensor38604_S" textname="test sensor 38604"/>
			<item id="38605" losttest="3" iotype="AI" name="Sensor38605_S" textname="test sensor 38605"/>
			<item id="38606" losttest="3" iotype="AI" name="Sensor38606_S" textname="test sensor 38606"/>
			<item id="38607" losttest="3" iotype="AI" name="Sensor38607_S" textname="test sensor 38607"/>
			<item id="38608" losttest="3" iotype="AI" name="Sensor38608_S" textname="test sensor 38608"/>
			<item id="38609" losttest="3" iotype="AI" name="Sensor38609_S" textname="test sensor 38609"/>
			<item id="38610" losttest="3" iotype="AI" name="Sensor38610_S" textname="test sensor 38610"/>
			<item id="38611" losttest="3" iotype="AI" name="Sensor38611_S" textname="test sensor 38611"/>
			<item id="38612" losttest="3" iotype="AI" name="Sensor38612_S" textname="test sensor 38612"/>
			<item id="38613" losttest="3" iotype="AI" name="Sensor38613_S" textname="test sensor 38613"/>
			<item id="38614" losttest="3" iotype="AI" name="Sensor38614_S" textname="test sensor 38614"/>
			<item id="38615" losttest="3" iotype="AI" name="Sensor38615_S" textname="test sensor 38615"/>
			<item id="38616" losttest="3" iotype="AI" name="Sensor38616_S" textname="test sensor 38616"/>
			<item id="38617" losttest="3" iotype="AI" name="Sensor38617_S" textname="test sensor 38617"/>
			<item id="38618" losttest="3" iotype="AI" name="Sensor38618_S" textname="test sensor 38618"/>
			<item id="38619" losttest="3" iotype="AI" name="Sensor38619_S" textname="test sensor 38619"/>
			<item id="38620" losttest="3" iotype="AI" name="Sensor38620_S" textname="test sensor 38620"/>
			<item id="38621" losttest="3" iotype="AI" name="Sensor38621_S" textname="test sensor 38621"/>
			<item id="38622" losttest="3" iotype="AI" name="Sensor38622_S" textname="test sensor 38622"/>
			<item id="38623" losttest="3" iotype="AI" name="Sensor38623_S" textname="test sensor 38623"/>
			<item id="38624" losttest="3" iotype="AI" name="Sensor38624_S" textname="test sensor 38624"/>
			<item id="38625" losttest="3" iotype="AI" name="Sensor38625_S" textname="test sensor 38625"/>
			<item id="38626" losttest="3" iotype="AI" name="Sensor38626_S" textname="test sensor 38626"/>
			<item id="38627" losttest="3" iotype="AI" name="Sensor38627_S" textname="test sensor 38627"/>
			<item id="38628" losttest="3" iotype="AI" name="Sensor38628_S" textname="test sensor 38628"/>
			<item id="38629" losttest="3" iotype="AI" name="Sensor38629_S" textname="test sensor 38629"/>
			<item id="38630" losttest="3" iotype="AI" name="Sensor38630_S" textname="test sensor 38630"/>
			<item id="38631" losttest="3" iotype="AI" name="Sensor38631_S" textname="test sensor 38631"/>
			<item id="38632" losttest="3" iotype="AI" name="Sensor38632_S" textname="test sensor 38632"/>
			<item id="38633" losttest="3" iotype="AI" name="Sensor38633_S" textname="test sensor 38633"/>
			<item id="38634" losttest="3" iotype="AI" name="Sensor38634_S" textname="test sensor 38634"/>
			<item id="38635" losttest="3" iotype="AI" name="Sensor38635_S" textname="test sensor 38635"/>
			<item id="38636" losttest="3" iotype="AI" name="Sensor38636_S" textname="test sensor 38636"/>
			<item id="38637" losttest="3" iotype="AI" name="Sensor38637_S" textname="test sensor 38637"/>
			<item id="38638" losttest="3" iotype="AI" name="Sensor38638_S" textname="test sensor 38638"/>
			<item id="38639" losttest="3" iotype="AI" name="Sensor38639_S" textname="test sensor 38639"/>
			<item id="38640" losttest="3" iotype="AI" name="Sensor38640_S" textname="test sensor 38640"/>
			<item id="38641" losttest="3" iotype="AI" name="Sensor38641_S" textname="test sensor 38641"/>
			<item id="38642" losttest="3" iotype="AI" name="Sensor38642_S" textname="test sensor 38642"/>
			<item id="38643" losttest="3" iotype="AI" name="Sensor38643_S" textname="test sensor 38643"/>
			<item id="38644" losttest="3" iotype="AI" name="Sensor38644_S" textname="test sensor 38644"/>
			<item id="38645" losttest="3" iotype="AI" name="Sensor38645_S" textname="test sensor 38645"/>
			<item id="38646" losttest="3" iotype="AI" name="Sensor38646_S" textname="test sensor 38646"/>
			<item id="38647" losttest="3" iotype="AI" name="Sensor38647_S" textname="test sensor 38647"/>
			<item id="38648" losttest="3" iotype="AI" name="Sensor38648_S" textname="test sensor 38648"/>
			<item id="38649" losttest="3" iotype="AI" name="Sensor38649_S" textname="test sensor 38649"/>
			<item id="38650" losttest="3" iotype="AI" name="Sensor38650_S" textname="test sensor 38650"/>
			<item id="38651" losttest="3" iotype="AI" name="Sensor38651_S" textname="test sensor 38651"/>
			<item id="38652" losttest="3" iotype="AI" name="Sensor38652_S" textname="test sensor 38652"/>
			<item id="38653" losttest="3" iotype="AI" name="Sensor38653_S" textname="test sensor 38653"/>
			<item id="38654" losttest="3" iotype="AI" name="Sensor38654_S" textname="test sensor 38654"/>
			<item id="38655" losttest="3" iotype="AI" name="Sensor38655_S" textname="test sensor 38655"/>
			<item id="38656" losttest="3" iotype="AI" name="Sensor38656_S" textname="test sensor 38656"/>
			<item id="38657" losttest="3" iotype="AI" name="Sensor38657_S" textname="test sensor 38657"/>
			<item id="38658" losttest="3" iotype="AI" name="Sensor38658_S" textname="test sensor 38658"/>
			<item id="38659" losttest="3" iotype="AI" name="Sensor38659_S" textname="test sensor 38659"/>
			<item id="38660" losttest="3" iotype="AI" name="Sensor38660_S" textname="test sensor 38660"/>
			<item id="38661" losttest="3" iotype="AI" name="Sensor38661_S" textname="test sensor 38661"/>
			<item id="38662" losttest="3" iotype="AI" name="Sensor38662_S" textname="test sensor 38662"/>
			<item id="38663" losttest="3" iotype="AI" name="Sensor38663_S" textname="test sensor 38663"/>
			<item id="38664" losttest="3" iotype="AI" name="Sensor38664_S" textname="test sensor 38664"/>
			<item id="38665" losttest="3" iotype="AI" name="Sensor38665_S" textname="test sensor 38665"/>
			<item id="38666" losttest="3" iotype="AI" name="Sensor38666_S" textname="test sensor 38666"/>
			<item id="38667" losttest="3" iotype="AI" name="Sensor38667_S" textname="test sensor 38667"/>
			<item id="38668" losttest="3" iotype="AI" name="Sensor38668_S" textname="test sensor 38668"/>
			<item id="38669" losttest="3" iotype="AI" name="Sensor38669_S" textname="test sensor 38669"/>
			<item id="38670" losttest="3" iotype="AI" name="Sensor38670_S" textname="test sensor 38670"/>
			<item id="38671" losttest="3" iotype="AI" name="Sensor38671_S" textname="test sensor 38671"/>
			<item id="38672" losttest="3" iotype="AI" name="Sensor38672_S" textname="test sensor 38672"/>
			<item id="38673" losttest="3" iotype="AI" name="Sensor38673_S" textname="test sensor 38673"/>
			<item id="38674" losttest="3" iotype="AI" name="Sensor38674_S" textname="test sensor 38674"/>
			<item id="38675" losttest="3" iotype="AI" name="Sensor38675_S" textname="test sensor 38675"/>
			<item id="38676" losttest="3" iotype="AI" name="Sensor38676_S" textname="test sensor 38676"/>
			<item id="38677" losttest="3" iotype="AI" name="Sensor38677_S" textname="test sensor 38677"/>
			<item id="38678" losttest="3" iotype="AI" name="Sensor38678_S" textname="test sensor 38678"/>
			<item id="38679" losttest="3" iotype="AI" name="Sensor38679_S" textname="test sensor 38679"/>
			<item id="38680" losttest="3" iotype="AI" name="Sensor38680_S" textname="test sensor 38680"/>
			<item id="38681" losttest="3" iotype="AI" name="Sensor38681_S" textname="test sensor 38681"/>
			<item id="38682" losttest="3" iotype="AI" name="Sensor38682_S" textname="test sensor 38682"/>
			<item id="38683" losttest="3" iotype="AI" name="Sensor38683_S" textname="test sensor 38683"/>
			<item id="38684" losttest="3" iotype="AI" name="Sensor38684_S" textname="test sensor 38684"/>
			<item id="38685" losttest="3" iotype="AI" name="Sensor38685_S" textname="test sensor 38685"/>
			<item id="38686" losttest="3" iotype="AI" name="Sensor38686_S" textname="test sensor 38686"/>
			<item id="38687" losttest="3" iotype="AI" name="Sensor38687_S" textname="test sensor 38687"/>
			<item id="38688" losttest="3" iotype="AI" name="Sensor38688_S" textname="test sensor 38688"/>
			<item id="38689" losttest="3" iotype="AI" name="Sensor38689_S" textname="test sensor 38689"/>
			<item id="38690" losttest="3" iotype="AI" name="Sensor38690_S" textname="test sensor 38690"/>
			<item id="38691" losttest="3" iotype="AI" name="Sensor38691_S" textname="test sensor 38691"/>
			<item id="38692" losttest="3" iotype="AI" name="Sensor38692_S" textname="test sensor 38692"/>
			<item id="38693" losttest="3" iotype="AI" name="Sensor38693_S" textname="test sensor 38693"/>
			<item id="38694" losttest="3" iotype="AI" name="Sensor38694_S" textname="test sensor 38694"/>
			<item id="38695" losttest="3" iotype="AI" name="Sensor38695_S" textname="test sensor 38695"/>
			<item id="38696" losttest="3" iotype="AI" name="Sensor38696_S" textname="test sensor 38696"/>
			<item id="38697" losttest="3" iotype="AI" name="Sensor38697_S" textname="test sensor 38697"/>
			<item id="38698" losttest="3" iotype="AI" name="Sensor38698_S" textname="test sensor 38698"/>
			<item id="38699" losttest="3" iotype="AI" name="Sensor38699_S" textname="test sensor 38699"/>
			<item id="38700" losttest="3" iotype="AI" name="Sensor38700_S" textname="test sensor 38700"/>
			<item id="38701" losttest="3" iotype="AI" name="Sensor38701_S" textname="test sensor 38701"/>
			<item id="38702" losttest="3" iotype="AI" name="Sensor38702_S" textname="test sensor 38702"/>
			<item id="38703" losttest="3" iotype="AI" name="Sensor38703_S" textname="test sensor 38703"/>
			<item id="38704" losttest="3" iotype="AI" name="Sensor38704_S" textname="test sensor 38704"/>
			<item id="38705" losttest="3" iotype="AI" name="Sensor38705_S" textname="test sensor 38705"/>
			<item id="38706" losttest="3" iotype="AI" name="Sensor38706_S" textname="test sensor 38706"/>
			<item id="38707" losttest="3" iotype="AI" name="Sensor38707_S" textname="test sensor 38707"/>
			<item id="38708" losttest="3" iotype="AI" name="Sensor38708_S" textname="test sensor 38708"/>
			<item id="38709" losttest="3" iotype="AI" name="Sensor38709_S" textname="test sensor 38709"/>
			<item id="38710" losttest="3" iotype="AI" name="Sensor38710_S" textname="test sensor 38710"/>
			<item id="38711" losttest="3" iotype="AI" name="Sensor38711_S" textname="test sensor 38711"/>
			<item id="38712" losttest="3" iotype="AI" name="Sensor38712_S" textname="test sensor 38712"/>
			<item id="38713" losttest="3" iotype="AI" name="Sensor38713_S" textname="test sensor 38713"/>
			<item id="38714" losttest="3" iotype="AI" name="Sensor38714_S" textname="test sensor 38714"/>
			<item id="38715" losttest="3" iotype="AI" name="Sensor38715_S" textname="test sensor 38715"/>
			<item id="38716" losttest="3" iotype="AI" name="Sensor38716_S" textname="test sensor 38716"/>
			<item id="38717" losttest="3" iotype="AI" name="Sensor38717_S" textname="test sensor 38717"/>
			<item id="38718" losttest="3" iotype="AI" name="Sensor38718_S" textname="test sensor 38718"/>
			<item id="38719" losttest="3" iotype="AI" name="Sensor38719_S" textname="test sensor 38719"/>
			<item id="38720" losttest="3" iotype="AI" name="Sensor38720_S" textname="test sensor 38720"/>
			<item id="38721" losttest="3" iotype="AI" name="Sensor38721_S" textname="test sensor 38721"/>
			<item id="38722" losttest="3" iotype="AI" name="Sensor38722_S" textname="test sensor 38722"/>
			<item id="38723" losttest="3" iotype="AI" name="Sensor38723_S" textname="test sensor 38723"/>
			<item id="38724" losttest="3" iotype="AI" name="Sensor38724_S" textname="test sensor 38724"/>
			<item id="38725" losttest="3" iotype="AI" name="Sensor38725_S" textname="test sensor 38725"/>
			<item id="38726" losttest="3" iotype="AI" name="Sensor38726_S" textname="test sensor 38726"/>
			<item id="38727" losttest="3" iotype="AI" name="Sensor38727_S" textname="test sensor 38727"/>
			<item id="38728" losttest="3" iotype="AI" name="Sensor38728_S" textname="test sensor 38728"/>
			<item id="38729" losttest="3" iotype="AI" name="Sensor38729_S" textname="test sensor 38729"/>
			<item id="38730" losttest="3" iotype="AI" name="Sensor38730_S" textname="test sensor 38730"/>
			<item id="38731" losttest="3" iotype="AI" name="Sensor38731_S" textname="test sensor 38731"/>
			<item id="38732" losttest="3" iotype="AI" name="Sensor38732_S" textname="test sensor 38732"/>
			<item id="38733" losttest="3" iotype="AI" name="Sensor38733_S" textname="test sensor 38733"/>
			<item id="38734" losttest="3" iotype="AI" name="Sensor38734_S" textname="test sensor 38734"/>
			<item id="38735" losttest="3" iotype="AI" name="Sensor38735_S" textname="test sensor 38735"/>
			<item id="38736" losttest="3" iotype="AI" name="Sensor38736_S" textname="test sensor 38736"/>
			<item id="38737" losttest="3" iotype="AI" name="Sensor38737_S" textname="test sensor 38737"/>
			<item id="38738" losttest="3" iotype="AI" name="Sensor38738_S" textname="test sensor 38738"/>
			<item id="38739" losttest="3" iotype="AI" name="Sensor38739_S" textname="test sensor 38739"/>
			<item id="38740" losttest="3" iotype="AI" name="Sensor38740_S" textname="test sensor 38740"/>
			<item id="38741" losttest="3" iotype="AI" name="Sensor38741_S" textname="test sensor 38741"/>
			<item id="38742" losttest="3" iotype="AI" name="Sensor38742_S" textname="test sensor 38742"/>
			<item id="38743" losttest="3" iotype="AI" name="Sensor38743_S" textname="test sensor 38743"/>
			<item id="38744" losttest="3" iotype="AI" name="Sensor38744_S" textname="test sensor 38744"/>
			<item id="38745" losttest="3" iotype="AI" name="Sensor38745_S" textname="test sensor 38745"/>
			<item id="38746" losttest="3" iotype="AI" name="Sensor38746_S" textname="test sensor 38746"/>
			<item id="38747" losttest="3" iotype="AI" name="Sensor38747_S" textname="test sensor 38747"/>
			<item id="38748" losttest="3" iotype="AI" name="Sensor38748_S" textname="test sensor 38748"/>
			<item id="38749" losttest="3" iotype="AI" name="Sensor38749_S" textname="test sensor 38749"/>
			<item id="38750" losttest="3" iotype="AI" name="Sensor38750_S" textname="test sensor 38750"/>
			<item id="38751" losttest="3" iotype="AI" name="Sensor38751_S" textname="test sensor 38751"/>
			<item id="38752" losttest="3" iotype="AI" name="Sensor38752_S" textname="test sensor 38752"/>
			<item id="38753" losttest="3" iotype="AI" name="Sensor38753_S" textname="test sensor 38753"/>
			<item id="38754" losttest="3" iotype="AI" name="Sensor38754_S" textname="test sensor 38754"/>
			<item id="38755" losttest="3" iotype="AI" name="Sensor38755_S" textname="test sensor 38755"/>
			<item id="38756" losttest="3" iotype="AI" name="Sensor38756_S" textname="test sensor 38756"/>
			<item id="38757" losttest="3" iotype="AI" name="Sensor38757_S" textname="test sensor 38757"/>
			<item id="38758" losttest="3" iotype="AI" name="Sensor38758_S" textname="test sensor 38758"/>
			<item id="38759" losttest="3" iotype="AI" name="Sensor38759_S" textname="test sensor 38759"/>
			<item id="38760" losttest="3" iotype="AI" name="Sensor38760_S" textname="test sensor 38760"/>
			<item id="38761" losttest="3" iotype="AI" name="Sensor38761_S" textname="test sensor 38761"/>
			<item id="38762" losttest="3" iotype="AI" name="Sensor38762_S" textname="test sensor 38762"/>
			<item id="38763" losttest="3" iotype="AI" name="Sensor38763_S" textname="test sensor 38763"/>
			<item id="38764" losttest="3" iotype="AI" name="Sensor38764_S" textname="test sensor 38764"/>
			<item id="38765" losttest="3" iotype="AI" name="Sensor38765_S" textname="test sensor 38765"/>
			<item id="38766" losttest="3" iotype="AI" name="Sensor38766_S" textname="test sensor 38766"/>
			<item id="38767" losttest="3" iotype="AI" name="Sensor38767_S" textname="test sensor 38767"/>
			<item id="38768" losttest="3" iotype="AI" name="Sensor38768_S" textname="test sensor 38768"/>
			<item id="38769" losttest="3" iotype="AI" name="Sensor38769_S" textname="test sensor 38769"/>
			<item id="38770" losttest="3" iotype="AI" name="Sensor38770_S" textname="test sensor 38770"/>
			<item id="38771" losttest="3" iotype="AI" name="Sensor38771_S" textname="test sensor 38771"/>
			<item id="38772" losttest="3" iotype="AI" name="Sensor38772_S" textname="test sensor 38772"/>
			<item id="38773" losttest="3" iotype="AI" name="Sensor38773_S" textname="test sensor 38773"/>
			<item id="38774" losttest="3" iotype="AI" name="Sensor38774_S" textname="test sensor 38774"/>
			<item id="38775" losttest="3" iotype="AI" name="Sensor38775_S" textname="test sensor 38775"/>
			<item id="38776" losttest="3" iotype="AI" name="Sensor38776_S" textname="test sensor 38776"/>
			<item id="38777" losttest="3" iotype="AI" name="Sensor38777_S" textname="test sensor 38777"/>
			<item id="38778" losttest="3" iotype="AI" name="Sensor38778_S" textname="test sensor 38778"/>
			<item id="38779" losttest="3" iotype="AI" name="Sensor38779_S" textname="test sensor 38779"/>
			<item id="38780" losttest="3" iotype="AI" name="Sensor38780_S" textname="test sensor 38780"/>
			<item id="38781" losttest="3" iotype="AI" name="Sensor38781_S" textname="test sensor 38781"/>
			<item id="38782" losttest="3" iotype="AI" name="Sensor38782_S" textname="test sensor 38782"/>
			<item id="38783" losttest="3" iotype="AI" name="Sensor38783_S" textname="test sensor 38783"/>
			<item id="38784" losttest="3" iotype="AI" name="Sensor38784_S" textname="test sensor 38784"/>
			<item id="38785" losttest="3" iotype="AI" name="Sensor38785_S" textname="test sensor 38785"/>
			<item id="38786" losttest="3" iotype="AI" name="Sensor38786_S" textname="test sensor 38786"/>
			<item id="38787" losttest="3" iotype="AI" name="Sensor38787_S" textname="test sensor 38787"/>
			<item id="38788" losttest="3" iotype="AI" name="Sensor38788_S" textname="test sensor 38788"/>
			<item id="38789" losttest="3" iotype="AI" name="Sensor38789_S" textname="test sensor 38789"/>
			<item id="38790" losttest="3" iotype="AI" name="Sensor38790_S" textname="test sensor 38790"/>
			<item id="38791" losttest="3" iotype="AI" name="Sensor38791_S" textname="test sensor 38791"/>
			<item id="38792" losttest="3" iotype="AI" name="Sensor38792_S" textname="test sensor 38792"/>
			<item id="38793" losttest="3" iotype="AI" name="Sensor38793_S" textname="test sensor 38793"/>
			<item id="38794" losttest="3" iotype="AI" name="Sensor38794_S" textname="test sensor 38794"/>
			<item id="38795" losttest="3" iotype="AI" name="Sensor38795_S" textname="test sensor 38795"/>
			<item id="38796" losttest="3" iotype="AI" name="Sensor38796_S" textname="test sensor 38796"/>
			<item id="38797" losttest="3" iotype="AI" name="Sensor38797_S" textname="test sensor 38797"/>
			<item id="38798" losttest="3" iotype="AI" name="Sensor38798_S" textname="test sensor 38798"/>
			<item id="38799" losttest="3" iotype="AI" name="Sensor38799_S" textname="test sensor 38799"/>
			<item id="38800" losttest="3" iotype="AI" name="Sensor38800_S" textname="test sensor 38800"/>
			<item id="38801" losttest="3" iotype="AI" name="Sensor38801_S" textname="test sensor 38801"/>
			<item id="38802" losttest="3" iotype="AI" name="Sensor38802_S" textname="test sensor 38802"/>
			<item id="38803" losttest="3" iotype="AI" name="Sensor38803_S" textname="test sensor 38803"/>
			<item id="38804" losttest="3" iotype="AI" name="Sensor38804_S" textname="test sensor 38804"/>
			<item id="38805" losttest="3" iotype="AI" name="Sensor38805_S" textname="test sensor 38805"/>
			<item id="38806" losttest="3" iotype="AI" name="Sensor38806_S" textname="test sensor 38806"/>
			<item id="38807" losttest="3" iotype="AI" name="Sensor38807_S" textname="test sensor 38807"/>
			<item id="38808" losttest="3" iotype="AI" name="Sensor38808_S" textname="test sensor 38808"/>
			<item id="38809" losttest="3" iotype="AI" name="Sensor38809_S" textname="test sensor 38809"/>
			<item id="38810" losttest="3" iotype="AI" name="Sensor38810_S" textname="test sensor 38810"/>
			<item id="38811" losttest="3" iotype="AI" name="Sensor38811_S" textname="test sensor 38811"/>
			<item id="38812" losttest="3" iotype="AI" name="Sensor38812_S" textname="test sensor 38812"/>
			<item id="38813" losttest="3" iotype="AI" name="Sensor38813_S" textname="test sensor 38813"/>
			<item id="38814" losttest="3" iotype="AI" name="Sensor38814_S" textname="test sensor 38814"/>
			<item id="38815" losttest="3" iotype="AI" name="Sensor38815_S" textname="test sensor 38815"/>
			<item id="38816" losttest="3" iotype="AI" name="Sensor38816_S" textname="test sensor 38816"/>
			<item id="38817" losttest="3" iotype="AI" name="Sensor38817_S" textname="test sensor 38817"/>
			<item id="38818" losttest="3" iotype="AI" name="Sensor38818_S" textname="test sensor 38818"/>
			<item id="38819" losttest="3" iotype="AI" name="Sensor38819_S" textname="test sensor 38819"/>
			<item id="38820" losttest="3" iotype="AI" name="Sensor38820_S" textname="test sensor 38820"/>
			<item id="38821" losttest="3" iotype="AI" name="Sensor38821_S" textname="test sensor 38821"/>
			<item id="38822" losttest="3" iotype="AI" name="Sensor38822_S" textname="test sensor 38822"/>
			<item id="38823" losttest="3" iotype="AI" name="Sensor38823_S" textname="test sensor 38823"/>
			<item id="38824" losttest="3" iotype="AI" name="Sensor38824_S" textname="test sensor 38824"/>
			<item id="38825" losttest="3" iotype="AI" name="Sensor38825_S" textname="test sensor 38825"/>
			<item id="38826" losttest="3" iotype="AI" name="Sensor38826_S" textname="test sensor 38826"/>
			<item id="38827" losttest="3" iotype="AI" name="Sensor38827_S" textname="test sensor 38827"/>
			<item id="38828" losttest="3" iotype="AI" name="Sensor38828_S" textname="test sensor 38828"/>
			<item id="38829" losttest="3" iotype="AI" name="Sensor38829_S" textname="test sensor 38829"/>
			<item id="38830" losttest="3" iotype="AI" name="Sensor38830_S" textname="test sensor 38830"/>
			<item id="38831" losttest="3" iotype="AI" name="Sensor38831_S" textname="test sensor 38831"/>
			<item id="38832" losttest="3" iotype="AI" name="Sensor38832_S" textname="test sensor 38832"/>
			<item id="38833" losttest="3" iotype="AI" name="Sensor38833_S" textname="test sensor 38833"/>
			<item id="38834" losttest="3" iotype="AI" name="Sensor38834_S" textname="test sensor 38834"/>
			<item id="38835" losttest="3" iotype="AI" name="Sensor38835_S" textname="test sensor 38835"/>
			<item id="38836" losttest="3" iotype="AI" name="Sensor38836_S" textname="test sensor 38836"/>
			<item id="38837" losttest="3" iotype="AI" name="Sensor38837_S" textname="test sensor 38837"/>
			<item id="38838" losttest="3" iotype="AI" name="Sensor38838_S" textname="test sensor 38838"/>
			<item id="38839" losttest="3" iotype="AI" name="Sensor38839_S" textname="test sensor 38839"/>
			<item id="38840" losttest="3" iotype="AI" name="Sensor38840_S" textname="test sensor 38840"/>
			<item id="38841" losttest="3" iotype="AI" name="Sensor38841_S" textname="test sensor 38841"/>
			<item id="38842" losttest="3" iotype="AI" name="Sensor38842_S" textname="test sensor 38842"/>
			<item id="38843" losttest="3" iotype="AI" name="Sensor38843_S" textname="test sensor 38843"/>
			<item id="38844" losttest="3" iotype="AI" name="Sensor38844_S" textname="test sensor 38844"/>
			<item id="38845" losttest="3" iotype="AI" name="Sensor38845_S" textname="test sensor 38845"/>
			<item id="38846" losttest="3" iotype="AI" name="Sensor38846_S" textname="test sensor 38846"/>
			<item id="38847" losttest="3" iotype="AI" name="Sensor38847_S" textname="test sensor 38847"/>
			<item id="38848" losttest="3" iotype="AI" name="Sensor38848_S" textname="test sensor 38848"/>
			<item id="38849" losttest="3" iotype="AI" name="Sensor38849_S" textname="test sensor 38849"/>
			<item id="38850" losttest="3" iotype="AI" name="Sensor38850_S" textname="test sensor 38850"/>
			<item id="38851" losttest="3" iotype="AI" name="Sensor38851_S" textname="test sensor 38851"/>
			<item id="38852" losttest="3" iotype="AI" name="Sensor38852_S" textname="test sensor 38852"/>
			<item id="38853" losttest="3" iotype="AI" name="Sensor38853_S" textname="test sensor 38853"/>
			<item id="38854" losttest="3" iotype="AI" name="Sensor38854_S" textname="test sensor 38854"/>
			<item id="38855" losttest="3" iotype="AI" name="Sensor38855_S" textname="test sensor 38855"/>
			<item id="38856" losttest="3" iotype="AI" name="Sensor38856_S" textname="test sensor 38856"/>
			<item id="38857" losttest="3" iotype="AI" name="Sensor38857_S" textname="test sensor 38857"/>
			<item id="38858" losttest="3" iotype="AI" name="Sensor38858_S" textname="test sensor 38858"/>
			<item id="38859" losttest="3" iotype="AI" name="Sensor38859_S" textname="test sensor 38859"/>
			<item id="38860" losttest="3" iotype="AI" name="Sensor38860_S" textname="test sensor 38860"/>
			<item id="38861" losttest="3" iotype="AI" name="Sensor38861_S" textname="test sensor 38861"/>
			<item id="38862" losttest="3" iotype="AI" name="Sensor38862_S" textname="test sensor 38862"/>
			<item id="38863" losttest="3" iotype="AI" name="Sensor38863_S" textname="test sensor 38863"/>
			<item id="38864" losttest="3" iotype="AI" name="Sensor38864_S" textname="test sensor 38864"/>
			<item id="38865" losttest="3" iotype="AI" name="Sensor38865_S" textname="test sensor 38865"/>
			<item id="38866" losttest="3" iotype="AI" name="Sensor38866_S" textname="test sensor 38866"/>
			<item id="38867" losttest="3" iotype="AI" name="Sensor38867_S" textname="test sensor 38867"/>
			<item id="38868" losttest="3" iotype="AI" name="Sensor38868_S" textname="test sensor 38868"/>
			<item id="38869" losttest="3" iotype="AI" name="Sensor38869_S" textname="test sensor 38869"/>
			<item id="38870" losttest="3" iotype="AI" name="Sensor38870_S" textname="test sensor 38870"/>
			<item id="38871" losttest="3" iotype="AI" name="Sensor38871_S" textname="test sensor 38871"/>
			<item id="38872" losttest="3" iotype="AI" name="Sensor38872_S" textname="test sensor 38872"/>
			<item id="38873" losttest="3" iotype="AI" name="Sensor38873_S" textname="test sensor 38873"/>
			<item id="38874" losttest="3" iotype="AI" name="Sensor38874_S" textname="test sensor 38874"/>
			<item id="38875" losttest="3" iotype="AI" name="Sensor38875_S" textname="test sensor 38875"/>
			<item id="38876" losttest="3" iotype="AI" name="Sensor38876_S" textname="test sensor 38876"/>
			<item id="38877" losttest="3" iotype="AI" name="Sensor38877_S" textname="test sensor 38877"/>
			<item id="38878" losttest="3" iotype="AI" name="Sensor38878_S" textname="test sensor 38878"/>
			<item id="38879" losttest="3" iotype="AI" name="Sensor38879_S" textname="test sensor 38879"/>
			<item id="38880" losttest="3" iotype="AI" name="Sensor38880_S" textname="test sensor 38880"/>
			<item id="38881" losttest="3" iotype="AI" name="Sensor38881_S" textname="test sensor 38881"/>
			<item id="38882" losttest="3" iotype="AI" name="Sensor38882_S" textname="test sensor 38882"/>
			<item id="38883" losttest="3" iotype="AI" name="Sensor38883_S" textname="test sensor 38883"/>
			<item id="38884" losttest="3" iotype="AI" name="Sensor38884_S" textname="test sensor 38884"/>
			<item id="38885" losttest="3" iotype="AI" name="Sensor38885_S" textname="test sensor 38885"/>
			<item id="38886" losttest="3" iotype="AI" name="Sensor38886_S" textname="test sensor 38886"/>
			<item id="38887" losttest="3" iotype="AI" name="Sensor38887_S" textname="test sensor 38887"/>
			<item id="38888" losttest="3" iotype="AI" name="Sensor38888_S" textname="test sensor 38888"/>
			<item id="38889" losttest="3" iotype="AI" name="Sensor38889_S" textname="test sensor 38889"/>
			<item id="38890" losttest="3" iotype="AI" name="Sensor38890_S" textname="test sensor 38890"/>
			<item id="38891" losttest="3" iotype="AI" name="Sensor38891_S" textname="test sensor 38891"/>
			<item id="38892" losttest="3" iotype="AI" name="Sensor38892_S" textname="test sensor 38892"/>
			<item id="38893" losttest="3" iotype="AI" name="Sensor38893_S" textname="test sensor 38893"/>
			<item id="38894" losttest="3" iotype="AI" name="Sensor38894_S" textname="test sensor 38894"/>
			<item id="38895" losttest="3" iotype="AI" name="Sensor38895_S" textname="test sensor 38895"/>
			<item id="38896" losttest="3" iotype="AI" name="Sensor38896_S" textname="test sensor 38896"/>
			<item id="38897" losttest="3" iotype="AI" name="Sensor38897_S" textname="test sensor 38897"/>
			<item id="38898" losttest="3" iotype="AI" name="Sensor38898_S" textname="test sensor 38898"/>
			<item id="38899" losttest="3" iotype="AI" name="Sensor38899_S" textname="test sensor 38899"/>
			<item id="38900" losttest="3" iotype="AI" name="Sensor38900_S" textname="test sensor 38900"/>
			<item id="38901" losttest="3" iotype="AI" name="Sensor38901_S" textname="test sensor 38901"/>
			<item id="38902" losttest="3" iotype="AI" name="Sensor38902_S" textname="test sensor 38902"/>
			<item id="38903" losttest="3" iotype="AI" name="Sensor38903_S" textname="test sensor 38903"/>
			<item id="38904" losttest="3" iotype="AI" name="Sensor38904_S" textname="test sensor 38904"/>
			<item id="38905" losttest="3" iotype="AI" name="Sensor38905_S" textname="test sensor 38905"/>
			<item id="38906" losttest="3" iotype="AI" name="Sensor38906_S" textname="test sensor 38906"/>
			<item id="38907" losttest="3" iotype="AI" name="Sensor38907_S" textname="test sensor 38907"/>
			<item id="38908" losttest="3" iotype="AI" name="Sensor38908_S" textname="test sensor 38908"/>
			<item id="38909" losttest="3" iotype="AI" name="Sensor38909_S" textname="test sensor 38909"/>
			<item id="38910" losttest="3" iotype="AI" name="Sensor38910_S" textname="test sensor 38910"/>
			<item id="38911" losttest="3" iotype="AI" name="Sensor38911_S" textname="test sensor 38911"/>
			<item id="38912" losttest="3" iotype="AI" name="Sensor38912_S" textname="test sensor 38912"/>
			<item id="38913" losttest="3" iotype="AI" name="Sensor38913_S" textname="test sensor 38913"/>
			<item id="38914" losttest="3" iotype="AI" name="Sensor38914_S" textname="test sensor 38914"/>
			<item id="38915" losttest="3" iotype="AI" name="Sensor38915_S" textname="test sensor 38915"/>
			<item id="38916" losttest="3" iotype="AI" name="Sensor38916_S" textname="test sensor 38916"/>
			<item id="38917" losttest="3" iotype="AI" name="Sensor38917_S" textname="test sensor 38917"/>
			<item id="38918" losttest="3" iotype="AI" name="Sensor38918_S" textname="test sensor 38918"/>
			<item id="38919" losttest="3" iotype="AI" name="Sensor38919_S" textname="test sensor 38919"/>
			<item id="38920" losttest="3" iotype="AI" name="Sensor38920_S" textname="test sensor 38920"/>
			<item id="38921" losttest="3" iotype="AI" name="Sensor38921_S" textname="test sensor 38921"/>
			<item id="38922" losttest="3" iotype="AI" name="Sensor38922_S" textname="test sensor 38922"/>
			<item id="38923" losttest="3" iotype="AI" name="Sensor38923_S" textname="test sensor 38923"/>
			<item id="38924" losttest="3" iotype="AI" name="Sensor38924_S" textname="test sensor 38924"/>
			<item id="38925" losttest="3" iotype="AI" name="Sensor38925_S" textname="test sensor 38925"/>
			<item id="38926" losttest="3" iotype="AI" name="Sensor38926_S" textname="test sensor 38926"/>
			<item id="38927" losttest="3" iotype="AI" name="Sensor38927_S" textname="test sensor 38927"/>
			<item id="38928" losttest="3" iotype="AI" name="Sensor38928_S" textname="test sensor 38928"/>
			<item id="38929" losttest="3" iotype="AI" name="Sensor38929_S" textname="test sensor 38929"/>
			<item id="38930" losttest="3" iotype="AI" name="Sensor38930_S" textname="test sensor 38930"/>
			<item id="38931" losttest="3" iotype="AI" name="Sensor38931_S" textname="test sensor 38931"/>
			<item id="38932" losttest="3" iotype="AI" name="Sensor38932_S" textname="test sensor 38932"/>
			<item id="38933" losttest="3" iotype="AI" name="Sensor38933_S" textname="test sensor 38933"/>
			<item id="38934" losttest="3" iotype="AI" name="Sensor38934_S" textname="test sensor 38934"/>
			<item id="38935" losttest="3" iotype="AI" name="Sensor38935_S" textname="test sensor 38935"/>
			<item id="38936" losttest="3" iotype="AI" name="Sensor38936_S" textname="test sensor 38936"/>
			<item id="38937" losttest="3" iotype="AI" name="Sensor38937_S" textname="test sensor 38937"/>
			<item id="38938" losttest="3" iotype="AI" name="Sensor38938_S" textname="test sensor 38938"/>
			<item id="38939" losttest="3" iotype="AI" name="Sensor38939_S" textname="test sensor 38939"/>
			<item id="38940" losttest="3" iotype="AI" name="Sensor38940_S" textname="test sensor 38940"/>
			<item id="38941" losttest="3" iotype="AI" name="Sensor38941_S" textname="test sensor 38941"/>
			<item id="38942" losttest="3" iotype="AI" name="Sensor38942_S" textname="test sensor 38942"/>
			<item id="38943" losttest="3" iotype="AI" name="Sensor38943_S" textname="test sensor 38943"/>
			<item id="38944" losttest="3" iotype="AI" name="Sensor38944_S" textname="test sensor 38944"/>
			<item id="38945" losttest="3" iotype="AI" name="Sensor38945_S" textname="test sensor 38945"/>
			<item id="38946" losttest="3" iotype="AI" name="Sensor38946_S" textname="test sensor 38946"/>
			<item id="38947" losttest="3" iotype="AI" name="Sensor38947_S" textname="test sensor 38947"/>
			<item id="38948" losttest="3" iotype="AI" name="Sensor38948_S" textname="test sensor 38948"/>
			<item id="38949" losttest="3" iotype="AI" name="Sensor38949_S" textname="test sensor 38949"/>
			<item id="38950" losttest="3" iotype="AI" name="Sensor38950_S" textname="test sensor 38950"/>
			<item id="38951" losttest="3" iotype="AI" name="Sensor38951_S" textname="test sensor 38951"/>
			<item id="38952" losttest="3" iotype="AI" name="Sensor38952_S" textname="test sensor 38952"/>
			<item id="38953" losttest="3" iotype="AI" name="Sensor38953_S" textname="test sensor 38953"/>
			<item id="38954" losttest="3" iotype="AI" name="Sensor38954_S" textname="test sensor 38954"/>
			<item id="38955" losttest="3" iotype="AI" name="Sensor38955_S" textname="test sensor 38955"/>
			<item id="38956" losttest="3" iotype="AI" name="Sensor38956_S" textname="test sensor 38956"/>
			<item id="38957" losttest="3" iotype="AI" name="Sensor38957_S" textname="test sensor 38957"/>
			<item id="38958" losttest="3" iotype="AI" name="Sensor38958_S" textname="test sensor 38958"/>
			<item id="38959" losttest="3" iotype="AI" name="Sensor38959_S" textname="test sensor 38959"/>
			<item id="38960" losttest="3" iotype="AI" name="Sensor38960_S" textname="test sensor 38960"/>
			<item id="38961" losttest="3" iotype="AI" name="Sensor38961_S" textname="test sensor 38961"/>
			<item id="38962" losttest="3" iotype="AI" name="Sensor38962_S" textname="test sensor 38962"/>
			<item id="38963" losttest="3" iotype="AI" name="Sensor38963_S" textname="test sensor 38963"/>
			<item id="38964" losttest="3" iotype="AI" name="Sensor38964_S" textname="test sensor 38964"/>
			<item id="38965" losttest="3" iotype="AI" name="Sensor38965_S" textname="test sensor 38965"/>
			<item id="38966" losttest="3" iotype="AI" name="Sensor38966_S" textname="test sensor 38966"/>
			<item id="38967" losttest="3" iotype="AI" name="Sensor38967_S" textname="test sensor 38967"/>
			<item id="38968" losttest="3" iotype="AI" name="Sensor38968_S" textname="test sensor 38968"/>
			<item id="38969" losttest="3" iotype="AI" name="Sensor38969_S" textname="test sensor 38969"/>
			<item id="38970" losttest="3" iotype="AI" name="Sensor38970_S" textname="test sensor 38970"/>
			<item id="38971" losttest="3" iotype="AI" name="Sensor38971_S" textname="test sensor 38971"/>
			<item id="38972" losttest="3" iotype="AI" name="Sensor38972_S" textname="test sensor 38972"/>
			<item id="38973" losttest="3" iotype="AI" name="Sensor38973_S" textname="test sensor 38973"/>
			<item id="38974" losttest="3" iotype="AI" name="Sensor38974_S" textname="test sensor 38974"/>
			<item id="38975" losttest="3" iotype="AI" name="Sensor38975_S" textname="test sensor 38975"/>
			<item id="38976" losttest="3" iotype="AI" name="Sensor38976_S" textname="test sensor 38976"/>
			<item id="38977" losttest="3" iotype="AI" name="Sensor38977_S" textname="test sensor 38977"/>
			<item id="38978" losttest="3" iotype="AI" name="Sensor38978_S" textname="test sensor 38978"/>
			<item id="38979" losttest="3" iotype="AI" name="Sensor38979_S" textname="test sensor 38979"/>
			<item id="38980" losttest="3" iotype="AI" name="Sensor38980_S" textname="test sensor 38980"/>
			<item id="38981" losttest="3" iotype="AI" name="Sensor38981_S" textname="test sensor 38981"/>
			<item id="38982" losttest="3" iotype="AI" name="Sensor38982_S" textname="test sensor 38982"/>
			<item id="38983" losttest="3" iotype="AI" name="Sensor38983_S" textname="test sensor 38983"/>
			<item id="38984" losttest="3" iotype="AI" name="Sensor38984_S" textname="test sensor 38984"/>
			<item id="38985" losttest="3" iotype="AI" name="Sensor38985_S" textname="test sensor 38985"/>
			<item id="38986" losttest="3" iotype="AI" name="Sensor38986_S" textname="test sensor 38986"/>
			<item id="38987" losttest="3" iotype="AI" name="Sensor38987_S" textname="test sensor 38987"/>
			<item id="38988" losttest="3" iotype="AI" name="Sensor38988_S" textname="test sensor 38988"/>
			<item id="38989" losttest="3" iotype="AI" name="Sensor38989_S" textname="test sensor 38989"/>
			<item id="38990" losttest="3" iotype="AI" name="Sensor38990_S" textname="test sensor 38990"/>
			<item id="38991" losttest="3" iotype="AI" name="Sensor38991_S" textname="test sensor 38991"/>
			<item id="38992" losttest="3" iotype="AI" name="Sensor38992_S" textname="test sensor 38992"/>
			<item id="38993" losttest="3" iotype="AI" name="Sensor38993_S" textname="test sensor 38993"/>
			<item id="38994" losttest="3" iotype="AI" name="Sensor38994_S" textname="test sensor 38994"/>
			<item id="38995" losttest="3" iotype="AI" name="Sensor38995_S" textname="test sensor 38995"/>
			<item id="38996" losttest="3" iotype="AI" name="Sensor38996_S" textname="test sensor 38996"/>
			<item id="38997" losttest="3" iotype="AI" name="Sensor38997_S" textname="test sensor 38997"/>
			<item id="38998" losttest="3" iotype="AI" name="Sensor38998_S" textname="test sensor 38998"/>
			<item id="38999" losttest="3" iotype="AI" name="Sensor38999_S" textname="test sensor 38999"/>
			<item id="39000" losttest="3" iotype="AI" name="Sensor39000_S" textname="test sensor 39000"/>
			<item id="39001" losttest="3" iotype="AI" name="Sensor39001_S" textname="test sensor 39001"/>
			<item id="39002" losttest="3" iotype="AI" name="Sensor39002_S" textname="test sensor 39002"/>
			<item id="39003" losttest="3" iotype="AI" name="Sensor39003_S" textname="test sensor 39003"/>
			<item id="39004" losttest="3" iotype="AI" name="Sensor39004_S" textname="test sensor 39004"/>
			<item id="39005" losttest="3" iotype="AI" name="Sensor39005_S" textname="test sensor 39005"/>
			<item id="39006" losttest="3" iotype="AI" name="Sensor39006_S" textname="test sensor 39006"/>
			<item id="39007" losttest="3" iotype="AI" name="Sensor39007_S" textname="test sensor 39007"/>
			<item id="39008" losttest="3" iotype="AI" name="Sensor39008_S" textname="test sensor 39008"/>
			<item id="39009" losttest="3" iotype="AI" name="Sensor39009_S" textname="test sensor 39009"/>
			<item id="39010" losttest="3" iotype="AI" name="Sensor39010_S" textname="test sensor 39010"/>
			<item id="39011" losttest="3" iotype="AI" name="Sensor39011_S" textname="test sensor 39011"/>
			<item id="39012" losttest="3" iotype="AI" name="Sensor39012_S" textname="test sensor 39012"/>
			<item id="39013" losttest="3" iotype="AI" name="Sensor39013_S" textname="test sensor 39013"/>
			<item id="39014" losttest="3" iotype="AI" name="Sensor39014_S" textname="test sensor 39014"/>
			<item id="39015" losttest="3" iotype="AI" name="Sensor39015_S" textname="test sensor 39015"/>
			<item id="39016" losttest="3" iotype="AI" name="Sensor39016_S" textname="test sensor 39016"/>
			<item id="39017" losttest="3" iotype="AI" name="Sensor39017_S" textname="test sensor 39017"/>
			<item id="39018" losttest="3" iotype="AI" name="Sensor39018_S" textname="test sensor 39018"/>
			<item id="39019" losttest="3" iotype="AI" name="Sensor39019_S" textname="test sensor 39019"/>
			<item id="39020" losttest="3" iotype="AI" name="Sensor39020_S" textname="test sensor 39020"/>
			<item id="39021" losttest="3" iotype="AI" name="Sensor39021_S" textname="test sensor 39021"/>
			<item id="39022" losttest="3" iotype="AI" name="Sensor39022_S" textname="test sensor 39022"/>
			<item id="39023" losttest="3" iotype="AI" name="Sensor39023_S" textname="test sensor 39023"/>
			<item id="39024" losttest="3" iotype="AI" name="Sensor39024_S" textname="test sensor 39024"/>
			<item id="39025" losttest="3" iotype="AI" name="Sensor39025_S" textname="test sensor 39025"/>
			<item id="39026" losttest="3" iotype="AI" name="Sensor39026_S" textname="test sensor 39026"/>
			<item id="39027" losttest="3" iotype="AI" name="Sensor39027_S" textname="test sensor 39027"/>
			<item id="39028" losttest="3" iotype="AI" name="Sensor39028_S" textname="test sensor 39028"/>
			<item id="39029" losttest="3" iotype="AI" name="Sensor39029_S" textname="test sensor 39029"/>
			<item id="39030" losttest="3" iotype="AI" name="Sensor39030_S" textname="test sensor 39030"/>
			<item id="39031" losttest="3" iotype="AI" name="Sensor39031_S" textname="test sensor 39031"/>
			<item id="39032" losttest="3" iotype="AI" name="Sensor39032_S" textname="test sensor 39032"/>
			<item id="39033" losttest="3" iotype="AI" name="Sensor39033_S" textname="test sensor 39033"/>
			<item id="39034" losttest="3" iotype="AI" name="Sensor39034_S" textname="test sensor 39034"/>
			<item id="39035" losttest="3" iotype="AI" name="Sensor39035_S" textname="test sensor 39035"/>
			<item id="39036" losttest="3" iotype="AI" name="Sensor39036_S" textname="test sensor 39036"/>
			<item id="39037" losttest="3" iotype="AI" name="Sensor39037_S" textname="test sensor 39037"/>
			<item id="39038" losttest="3" iotype="AI" name="Sensor39038_S" textname="test sensor 39038"/>
			<item id="39039" losttest="3" iotype="AI" name="Sensor39039_S" textname="test sensor 39039"/>
			<item id="39040" losttest="3" iotype="AI" name="Sensor39040_S" textname="test sensor 39040"/>
			<item id="39041" losttest="3" iotype="AI" name="Sensor39041_S" textname="test sensor 39041"/>
			<item id="39042" losttest="3" iotype="AI" name="Sensor39042_S" textname="test sensor 39042"/>
			<item id="39043" losttest="3" iotype="AI" name="Sensor39043_S" textname="test sensor 39043"/>
			<item id="39044" losttest="3" iotype="AI" name="Sensor39044_S" textname="test sensor 39044"/>
			<item id="39045" losttest="3" iotype="AI" name="Sensor39045_S" textname="test sensor 39045"/>
			<item id="39046" losttest="3" iotype="AI" name="Sensor39046_S" textname="test sensor 39046"/>
			<item id="39047" losttest="3" iotype="AI" name="Sensor39047_S" textname="test sensor 39047"/>
			<item id="39048" losttest="3" iotype="AI" name="Sensor39048_S" textname="test sensor 39048"/>
			<item id="39049" losttest="3" iotype="AI" name="Sensor39049_S" textname="test sensor 39049"/>
			<item id="39050" losttest="3" iotype="AI" name="Sensor39050_S" textname="test sensor 39050"/>
			<item id="39051" losttest="3" iotype="AI" name="Sensor39051_S" textname="test sensor 39051"/>
			<item id="39052" losttest="3" iotype="AI" name="Sensor39052_S" textname="test sensor 39052"/>
			<item id="39053" losttest="3" iotype="AI" name="Sensor39053_S" textname="test sensor 39053"/>
			<item id="39054" losttest="3" iotype="AI" name="Sensor39054_S" textname="test sensor 39054"/>
			<item id="39055" losttest="3" iotype="AI" name="Sensor39055_S" textname="test sensor 39055"/>
			<item id="39056" losttest="3" iotype="AI" name="Sensor39056_S" textname="test sensor 39056"/>
			<item id="39057" losttest="3" iotype="AI" name="Sensor39057_S" textname="test sensor 39057"/>
			<item id="39058" losttest="3" iotype="AI" name="Sensor39058_S" textname="test sensor 39058"/>
			<item id="39059" losttest="3" iotype="AI" name="Sensor39059_S" textname="test sensor 39059"/>
			<item id="39060" losttest="3" iotype="AI" name="Sensor39060_S" textname="test sensor 39060"/>
			<item id="39061" losttest="3" iotype="AI" name="Sensor39061_S" textname="test sensor 39061"/>
			<item id="39062" losttest="3" iotype="AI" name="Sensor39062_S" textname="test sensor 39062"/>
			<item id="39063" losttest="3" iotype="AI" name="Sensor39063_S" textname="test sensor 39063"/>
			<item id="39064" losttest="3" iotype="AI" name="Sensor39064_S" textname="test sensor 39064"/>
			<item id="39065" losttest="3" iotype="AI" name="Sensor39065_S" textname="test sensor 39065"/>
			<item id="39066" losttest="3" iotype="AI" name="Sensor39066_S" textname="test sensor 39066"/>
			<item id="39067" losttest="3" iotype="AI" name="Sensor39067_S" textname="test sensor 39067"/>
			<item id="39068" losttest="3" iotype="AI" name="Sensor39068_S" textname="test sensor 39068"/>
			<item id="39069" losttest="3" iotype="AI" name="Sensor39069_S" textname="test sensor 39069"/>
			<item id="39070" losttest="3" iotype="AI" name="Sensor39070_S" textname="test sensor 39070"/>
			<item id="39071" losttest="3" iotype="AI" name="Sensor39071_S" textname="test sensor 39071"/>
			<item id="39072" losttest="3" iotype="AI" name="Sensor39072_S" textname="test sensor 39072"/>
			<item id="39073" losttest="3" iotype="AI" name="Sensor39073_S" textname="test sensor 39073"/>
			<item id="39074" losttest="3" iotype="AI" name="Sensor39074_S" textname="test sensor 39074"/>
			<item id="39075" losttest="3" iotype="AI" name="Sensor39075_S" textname="test sensor 39075"/>
			<item id="39076" losttest="3" iotype="AI" name="Sensor39076_S" textname="test sensor 39076"/>
			<item id="39077" losttest="3" iotype="AI" name="Sensor39077_S" textname="test sensor 39077"/>
			<item id="39078" losttest="3" iotype="AI" name="Sensor39078_S" textname="test sensor 39078"/>
			<item id="39079" losttest="3" iotype="AI" name="Sensor39079_S" textname="test sensor 39079"/>
			<item id="39080" losttest="3" iotype="AI" name="Sensor39080_S" textname="test sensor 39080"/>
			<item id="39081" losttest="3" iotype="AI" name="Sensor39081_S" textname="test sensor 39081"/>
			<item id="39082" losttest="3" iotype="AI" name="Sensor39082_S" textname="test sensor 39082"/>
			<item id="39083" losttest="3" iotype="AI" name="Sensor39083_S" textname="test sensor 39083"/>
			<item id="39084" losttest="3" iotype="AI" name="Sensor39084_S" textname="test sensor 39084"/>
			<item id="39085" losttest="3" iotype="AI" name="Sensor39085_S" textname="test sensor 39085"/>
			<item id="39086" losttest="3" iotype="AI" name="Sensor39086_S" textname="test sensor 39086"/>
			<item id="39087" losttest="3" iotype="AI" name="Sensor39087_S" textname="test sensor 39087"/>
			<item id="39088" losttest="3" iotype="AI" name="Sensor39088_S" textname="test sensor 39088"/>
			<item id="39089" losttest="3" iotype="AI" name="Sensor39089_S" textname="test sensor 39089"/>
			<item id="39090" losttest="3" iotype="AI" name="Sensor39090_S" textname="test sensor 39090"/>
			<item id="39091" losttest="3" iotype="AI" name="Sensor39091_S" textname="test sensor 39091"/>
			<item id="39092" losttest="3" iotype="AI" name="Sensor39092_S" textname="test sensor 39092"/>
			<item id="39093" losttest="3" iotype="AI" name="Sensor39093_S" textname="test sensor 39093"/>
			<item id="39094" losttest="3" iotype="AI" name="Sensor39094_S" textname="test sensor 39094"/>
			<item id="39095" losttest="3" iotype="AI" name="Sensor39095_S" textname="test sensor 39095"/>
			<item id="39096" losttest="3" iotype="AI" name="Sensor39096_S" textname="test sensor 39096"/>
			<item id="39097" losttest="3" iotype="AI" name="Sensor39097_S" textname="test sensor 39097"/>
			<item id="39098" losttest="3" iotype="AI" name="Sensor39098_S" textname="test sensor 39098"/>
			<item id="39099" losttest="3" iotype="AI" name="Sensor39099_S" textname="test sensor 39099"/>
			<item id="39100" losttest="3" iotype="AI" name="Sensor39100_S" textname="test sensor 39100"/>
			<item id="39101" losttest="3" iotype="AI" name="Sensor39101_S" textname="test sensor 39101"/>
			<item id="39102" losttest="3" iotype="AI" name="Sensor39102_S" textname="test sensor 39102"/>
			<item id="39103" losttest="3" iotype="AI" name="Sensor39103_S" textname="test sensor 39103"/>
			<item id="39104" losttest="3" iotype="AI" name="Sensor39104_S" textname="test sensor 39104"/>
			<item id="39105" losttest="3" iotype="AI" name="Sensor39105_S" textname="test sensor 39105"/>
			<item id="39106" losttest="3" iotype="AI" name="Sensor39106_S" textname="test sensor 39106"/>
			<item id="39107" losttest="3" iotype="AI" name="Sensor39107_S" textname="test sensor 39107"/>
			<item id="39108" losttest="3" iotype="AI" name="Sensor39108_S" textname="test sensor 39108"/>
			<item id="39109" losttest="3" iotype="AI" name="Sensor39109_S" textname="test sensor 39109"/>
			<item id="39110" losttest="3" iotype="AI" name="Sensor39110_S" textname="test sensor 39110"/>
			<item id="39111" losttest="3" iotype="AI" name="Sensor39111_S" textname="test sensor 39111"/>
			<item id="39112" losttest="3" iotype="AI" name="Sensor39112_S" textname="test sensor 39112"/>
			<item id="39113" losttest="3" iotype="AI" name="Sensor39113_S" textname="test sensor 39113"/>
			<item id="39114" losttest="3" iotype="AI" name="Sensor39114_S" textname="test sensor 39114"/>
			<item id="39115" losttest="3" iotype="AI" name="Sensor39115_S" textname="test sensor 39115"/>
			<item id="39116" losttest="3" iotype="AI" name="Sensor39116_S" textname="test sensor 39116"/>
			<item id="39117" losttest="3" iotype="AI" name="Sensor39117_S" textname="test sensor 39117"/>
			<item id="39118" losttest="3" iotype="AI" name="Sensor39118_S" textname="test sensor 39118"/>
			<item id="39119" losttest="3" iotype="AI" name="Sensor39119_S" textname="test sensor 39119"/>
			<item id="39120" losttest="3" iotype="AI" name="Sensor39120_S" textname="test sensor 39120"/>
			<item id="39121" losttest="3" iotype="AI" name="Sensor39121_S" textname="test sensor 39121"/>
			<item id="39122" losttest="3" iotype="AI" name="Sensor39122_S" textname="test sensor 39122"/>
			<item id="39123" losttest="3" iotype="AI" name="Sensor39123_S" textname="test sensor 39123"/>
			<item id="39124" losttest="3" iotype="AI" name="Sensor39124_S" textname="test sensor 39124"/>
			<item id="39125" losttest="3" iotype="AI" name="Sensor39125_S" textname="test sensor 39125"/>
			<item id="39126" losttest="3" iotype="AI" name="Sensor39126_S" textname="test sensor 39126"/>
			<item id="39127" losttest="3" iotype="AI" name="Sensor39127_S" textname="test sensor 39127"/>
			<item id="39128" losttest="3" iotype="AI" name="Sensor39128_S" textname="test sensor 39128"/>
			<item id="39129" losttest="3" iotype="AI" name="Sensor39129_S" textname="test sensor 39129"/>
			<item id="39130" losttest="3" iotype="AI" name="Sensor39130_S" textname="test sensor 39130"/>
			<item id="39131" losttest="3" iotype="AI" name="Sensor39131_S" textname="test sensor 39131"/>
			<item id="39132" losttest="3" iotype="AI" name="Sensor39132_S" textname="test sensor 39132"/>
			<item id="39133" losttest="3" iotype="AI" name="Sensor39133_S" textname="test sensor 39133"/>
			<item id="39134" losttest="3" iotype="AI" name="Sensor39134_S" textname="test sensor 39134"/>
			<item id="39135" losttest="3" iotype="AI" name="Sensor39135_S" textname="test sensor 39135"/>
			<item id="39136" losttest="3" iotype="AI" name="Sensor39136_S" textname="test sensor 39136"/>
			<item id="39137" losttest="3" iotype="AI" name="Sensor39137_S" textname="test sensor 39137"/>
			<item id="39138" losttest="3" iotype="AI" name="Sensor39138_S" textname="test sensor 39138"/>
			<item id="39139" losttest="3" iotype="AI" name="Sensor39139_S" textname="test sensor 39139"/>
			<item id="39140" losttest="3" iotype="AI" name="Sensor39140_S" textname="test sensor 39140"/>
			<item id="39141" losttest="3" iotype="AI" name="Sensor39141_S" textname="test sensor 39141"/>
			<item id="39142" losttest="3" iotype="AI" name="Sensor39142_S" textname="test sensor 39142"/>
			<item id="39143" losttest="3" iotype="AI" name="Sensor39143_S" textname="test sensor 39143"/>
			<item id="39144" losttest="3" iotype="AI" name="Sensor39144_S" textname="test sensor 39144"/>
			<item id="39145" losttest="3" iotype="AI" name="Sensor39145_S" textname="test sensor 39145"/>
			<item id="39146" losttest="3" iotype="AI" name="Sensor39146_S" textname="test sensor 39146"/>
			<item id="39147" losttest="3" iotype="AI" name="Sensor39147_S" textname="test sensor 39147"/>
			<item id="39148" losttest="3" iotype="AI" name="Sensor39148_S" textname="test sensor 39148"/>
			<item id="39149" losttest="3" iotype="AI" name="Sensor39149_S" textname="test sensor 39149"/>
			<item id="39150" losttest="3" iotype="AI" name="Sensor39150_S" textname="test sensor 39150"/>
			<item id="39151" losttest="3" iotype="AI" name="Sensor39151_S" textname="test sensor 39151"/>
			<item id="39152" losttest="3" iotype="AI" name="Sensor39152_S" textname="test sensor 39152"/>
			<item id="39153" losttest="3" iotype="AI" name="Sensor39153_S" textname="test sensor 39153"/>
			<item id="39154" losttest="3" iotype="AI" name="Sensor39154_S" textname="test sensor 39154"/>
			<item id="39155" losttest="3" iotype="AI" name="Sensor39155_S" textname="test sensor 39155"/>
			<item id="39156" losttest="3" iotype="AI" name="Sensor39156_S" textname="test sensor 39156"/>
			<item id="39157" losttest="3" iotype="AI" name="Sensor39157_S" textname="test sensor 39157"/>
			<item id="39158" losttest="3" iotype="AI" name="Sensor39158_S" textname="test sensor 39158"/>
			<item id="39159" losttest="3" iotype="AI" name="Sensor39159_S" textname="test sensor 39159"/>
			<item id="39160" losttest="3" iotype="AI" name="Sensor39160_S" textname="test sensor 39160"/>
			<item id="39161" losttest="3" iotype="AI" name="Sensor39161_S" textname="test sensor 39161"/>
			<item id="39162" losttest="3" iotype="AI" name="Sensor39162_S" textname="test sensor 39162"/>
			<item id="39163" losttest="3" iotype="AI" name="Sensor39163_S" textname="test sensor 39163"/>
			<item id="39164" losttest="3" iotype="AI" name="Sensor39164_S" textname="test sensor 39164"/>
			<item id="39165" losttest="3" iotype="AI" name="Sensor39165_S" textname="test sensor 39165"/>
			<item id="39166" losttest="3" iotype="AI" name="Sensor39166_S" textname="test sensor 39166"/>
			<item id="39167" losttest="3" iotype="AI" name="Sensor39167_S" textname="test sensor 39167"/>
			<item id="39168" losttest="3" iotype="AI" name="Sensor39168_S" textname="test sensor 39168"/>
			<item id="39169" losttest="3" iotype="AI" name="Sensor39169_S" textname="test sensor 39169"/>
			<item id="39170" losttest="3" iotype="AI" name="Sensor39170_S" textname="test sensor 39170"/>
			<item id="39171" losttest="3" iotype="AI" name="Sensor39171_S" textname="test sensor 39171"/>
			<item id="39172" losttest="3" iotype="AI" name="Sensor39172_S" textname="test sensor 39172"/>
			<item id="39173" losttest="3" iotype="AI" name="Sensor39173_S" textname="test sensor 39173"/>
			<item id="39174" losttest="3" iotype="AI" name="Sensor39174_S" textname="test sensor 39174"/>
			<item id="39175" losttest="3" iotype="AI" name="Sensor39175_S" textname="test sensor 39175"/>
			<item id="39176" losttest="3" iotype="AI" name="Sensor39176_S" textname="test sensor 39176"/>
			<item id="39177" losttest="3" iotype="AI" name="Sensor39177_S" textname="test sensor 39177"/>
			<item id="39178" losttest="3" iotype="AI" name="Sensor39178_S" textname="test sensor 39178"/>
			<item id="39179" losttest="3" iotype="AI" name="Sensor39179_S" textname="test sensor 39179"/>
			<item id="39180" losttest="3" iotype="AI" name="Sensor39180_S" textname="test sensor 39180"/>
			<item id="39181" losttest="3" iotype="AI" name="Sensor39181_S" textname="test sensor 39181"/>
			<item id="39182" losttest="3" iotype="AI" name="Sensor39182_S" textname="test sensor 39182"/>
			<item id="39183" losttest="3" iotype="AI" name="Sensor39183_S" textname="test sensor 39183"/>
			<item id="39184" losttest="3" iotype="AI" name="Sensor39184_S" textname="test sensor 39184"/>
			<item id="39185" losttest="3" iotype="AI" name="Sensor39185_S" textname="test sensor 39185"/>
			<item id="39186" losttest="3" iotype="AI" name="Sensor39186_S" textname="test sensor 39186"/>
			<item id="39187" losttest="3" iotype="AI" name="Sensor39187_S" textname="test sensor 39187"/>
			<item id="39188" losttest="3" iotype="AI" name="Sensor39188_S" textname="test sensor 39188"/>
			<item id="39189" losttest="3" iotype="AI" name="Sensor39189_S" textname="test sensor 39189"/>
			<item id="39190" losttest="3" iotype="AI" name="Sensor39190_S" textname="test sensor 39190"/>
			<item id="39191" losttest="3" iotype="AI" name="Sensor39191_S" textname="test sensor 39191"/>
			<item id="39192" losttest="3" iotype="AI" name="Sensor39192_S" textname="test sensor 39192"/>
			<item id="39193" losttest="3" iotype="AI" name="Sensor39193_S" textname="test sensor 39193"/>
			<item id="39194" losttest="3" iotype="AI" name="Sensor39194_S" textname="test sensor 39194"/>
			<item id="39195" losttest="3" iotype="AI" name="Sensor39195_S" textname="test sensor 39195"/>
			<item id="39196" losttest="3" iotype="AI" name="Sensor39196_S" textname="test sensor 39196"/>
			<item id="39197" losttest="3" iotype="AI" name="Sensor39197_S" textname="test sensor 39197"/>
			<item id="39198" losttest="3" iotype="AI" name="Sensor39198_S" textname="test sensor 39198"/>
			<item id="39199" losttest="3" iotype="AI" name="Sensor39199_S" textname="test sensor 39199"/>
			<item id="39200" losttest="3" iotype="AI" name="Sensor39200_S" textname="test sensor 39200"/>
			<item id="39201" losttest="3" iotype="AI" name="Sensor39201_S" textname="test sensor 39201"/>
			<item id="39202" losttest="3" iotype="AI" name="Sensor39202_S" textname="test sensor 39202"/>
			<item id="39203" losttest="3" iotype="AI" name="Sensor39203_S" textname="test sensor 39203"/>
			<item id="39204" losttest="3" iotype="AI" name="Sensor39204_S" textname="test sensor 39204"/>
			<item id="39205" losttest="3" iotype="AI" name="Sensor39205_S" textname="test sensor 39205"/>
			<item id="39206" losttest="3" iotype="AI" name="Sensor39206_S" textname="test sensor 39206"/>
			<item id="39207" losttest="3" iotype="AI" name="Sensor39207_S" textname="test sensor 39207"/>
			<item id="39208" losttest="3" iotype="AI" name="Sensor39208_S" textname="test sensor 39208"/>
			<item id="39209" losttest="3" iotype="AI" name="Sensor39209_S" textname="test sensor 39209"/>
			<item id="39210" losttest="3" iotype="AI" name="Sensor39210_S" textname="test sensor 39210"/>
			<item id="39211" losttest="3" iotype="AI" name="Sensor39211_S" textname="test sensor 39211"/>
			<item id="39212" losttest="3" iotype="AI" name="Sensor39212_S" textname="test sensor 39212"/>
			<item id="39213" losttest="3" iotype="AI" name="Sensor39213_S" textname="test sensor 39213"/>
			<item id="39214" losttest="3" iotype="AI" name="Sensor39214_S" textname="test sensor 39214"/>
			<item id="39215" losttest="3" iotype="AI" name="Sensor39215_S" textname="test sensor 39215"/>
			<item id="39216" losttest="3" iotype="AI" name="Sensor39216_S" textname="test sensor 39216"/>
			<item id="39217" losttest="3" iotype="AI" name="Sensor39217_S" textname="test sensor 39217"/>
			<item id="39218" losttest="3" iotype="AI" name="Sensor39218_S" textname="test sensor 39218"/>
			<item id="39219" losttest="3" iotype="AI" name="Sensor39219_S" textname="test sensor 39219"/>
			<item id="39220" losttest="3" iotype="AI" name="Sensor39220_S" textname="test sensor 39220"/>
			<item id="39221" losttest="3" iotype="AI" name="Sensor39221_S" textname="test sensor 39221"/>
			<item id="39222" losttest="3" iotype="AI" name="Sensor39222_S" textname="test sensor 39222"/>
			<item id="39223" losttest="3" iotype="AI" name="Sensor39223_S" textname="test sensor 39223"/>
			<item id="39224" losttest="3" iotype="AI" name="Sensor39224_S" textname="test sensor 39224"/>
			<item id="39225" losttest="3" iotype="AI" name="Sensor39225_S" textname="test sensor 39225"/>
			<item id="39226" losttest="3" iotype="AI" name="Sensor39226_S" textname="test sensor 39226"/>
			<item id="39227" losttest="3" iotype="AI" name="Sensor39227_S" textname="test sensor 39227"/>
			<item id="39228" losttest="3" iotype="AI" name="Sensor39228_S" textname="test sensor 39228"/>
			<item id="39229" losttest="3" iotype="AI" name="Sensor39229_S" textname="test sensor 39229"/>
			<item id="39230" losttest="3" iotype="AI" name="Sensor39230_S" textname="test sensor 39230"/>
			<item id="39231" losttest="3" iotype="AI" name="Sensor39231_S" textname="test sensor 39231"/>
			<item id="39232" losttest="3" iotype="AI" name="Sensor39232_S" textname="test sensor 39232"/>
			<item id="39233" losttest="3" iotype="AI" name="Sensor39233_S" textname="test sensor 39233"/>
			<item id="39234" losttest="3" iotype="AI" name="Sensor39234_S" textname="test sensor 39234"/>
			<item id="39235" losttest="3" iotype="AI" name="Sensor39235_S" textname="test sensor 39235"/>
			<item id="39236" losttest="3" iotype="AI" name="Sensor39236_S" textname="test sensor 39236"/>
			<item id="39237" losttest="3" iotype="AI" name="Sensor39237_S" textname="test sensor 39237"/>
			<item id="39238" losttest="3" iotype="AI" name="Sensor39238_S" textname="test sensor 39238"/>
			<item id="39239" losttest="3" iotype="AI" name="Sensor39239_S" textname="test sensor 39239"/>
			<item id="39240" losttest="3" iotype="AI" name="Sensor39240_S" textname="test sensor 39240"/>
			<item id="39241" losttest="3" iotype="AI" name="Sensor39241_S" textname="test sensor 39241"/>
			<item id="39242" losttest="3" iotype="AI" name="Sensor39242_S" textname="test sensor 39242"/>
			<item id="39243" losttest="3" iotype="AI" name="Sensor39243_S" textname="test sensor 39243"/>
			<item id="39244" losttest="3" iotype="AI" name="Sensor39244_S" textname="test sensor 39244"/>
			<item id="39245" losttest="3" iotype="AI" name="Sensor39245_S" textname="test sensor 39245"/>
			<item id="39246" losttest="3" iotype="AI" name="Sensor39246_S" textname="test sensor 39246"/>
			<item id="39247" losttest="3" iotype="AI" name="Sensor39247_S" textname="test sensor 39247"/>
			<item id="39248" losttest="3" iotype="AI" name="Sensor39248_S" textname="test sensor 39248"/>
			<item id="39249" losttest="3" iotype="AI" name="Sensor39249_S" textname="test sensor 39249"/>
			<item id="39250" losttest="3" iotype="AI" name="Sensor39250_S" textname="test sensor 39250"/>
			<item id="39251" losttest="3" iotype="AI" name="Sensor39251_S" textname="test sensor 39251"/>
			<item id="39252" losttest="3" iotype="AI" name="Sensor39252_S" textname="test sensor 39252"/>
			<item id="39253" losttest="3" iotype="AI" name="Sensor39253_S" textname="test sensor 39253"/>
			<item id="39254" losttest="3" iotype="AI" name="Sensor39254_S" textname="test sensor 39254"/>
			<item id="39255" losttest="3" iotype="AI" name="Sensor39255_S" textname="test sensor 39255"/>
			<item id="39256" losttest="3" iotype="AI" name="Sensor39256_S" textname="test sensor 39256"/>
			<item id="39257" losttest="3" iotype="AI" name="Sensor39257_S" textname="test sensor 39257"/>
			<item id="39258" losttest="3" iotype="AI" name="Sensor39258_S" textname="test sensor 39258"/>
			<item id="39259" losttest="3" iotype="AI" name="Sensor39259_S" textname="test sensor 39259"/>
			<item id="39260" losttest="3" iotype="AI" name="Sensor39260_S" textname="test sensor 39260"/>
			<item id="39261" losttest="3" iotype="AI" name="Sensor39261_S" textname="test sensor 39261"/>
			<item id="39262" losttest="3" iotype="AI" name="Sensor39262_S" textname="test sensor 39262"/>
			<item id="39263" losttest="3" iotype="AI" name="Sensor39263_S" textname="test sensor 39263"/>
			<item id="39264" losttest="3" iotype="AI" name="Sensor39264_S" textname="test sensor 39264"/>
			<item id="39265" losttest="3" iotype="AI" name="Sensor39265_S" textname="test sensor 39265"/>
			<item id="39266" losttest="3" iotype="AI" name="Sensor39266_S" textname="test sensor 39266"/>
			<item id="39267" losttest="3" iotype="AI" name="Sensor39267_S" textname="test sensor 39267"/>
			<item id="39268" losttest="3" iotype="AI" name="Sensor39268_S" textname="test sensor 39268"/>
			<item id="39269" losttest="3" iotype="AI" name="Sensor39269_S" textname="test sensor 39269"/>
			<item id="39270" losttest="3" iotype="AI" name="Sensor39270_S" textname="test sensor 39270"/>
			<item id="39271" losttest="3" iotype="AI" name="Sensor39271_S" textname="test sensor 39271"/>
			<item id="39272" losttest="3" iotype="AI" name="Sensor39272_S" textname="test sensor 39272"/>
			<item id="39273" losttest="3" iotype="AI" name="Sensor39273_S" textname="test sensor 39273"/>
			<item id="39274" losttest="3" iotype="AI" name="Sensor39274_S" textname="test sensor 39274"/>
			<item id="39275" losttest="3" iotype="AI" name="Sensor39275_S" textname="test sensor 39275"/>
			<item id="39276" losttest="3" iotype="AI" name="Sensor39276_S" textname="test sensor 39276"/>
			<item id="39277" losttest="3" iotype="AI" name="Sensor39277_S" textname="test sensor 39277"/>
			<item id="39278" losttest="3" iotype="AI" name="Sensor39278_S" textname="test sensor 39278"/>
			<item id="39279" losttest="3" iotype="AI" name="Sensor39279_S" textname="test sensor 39279"/>
			<item id="39280" losttest="3" iotype="AI" name="Sensor39280_S" textname="test sensor 39280"/>
			<item id="39281" losttest="3" iotype="AI" name="Sensor39281_S" textname="test sensor 39281"/>
			<item id="39282" losttest="3" iotype="AI" name="Sensor39282_S" textname="test sensor 39282"/>
			<item id="39283" losttest="3" iotype="AI" name="Sensor39283_S" textname="test sensor 39283"/>
			<item id="39284" losttest="3" iotype="AI" name="Sensor39284_S" textname="test sensor 39284"/>
			<item id="39285" losttest="3" iotype="AI" name="Sensor39285_S" textname="test sensor 39285"/>
			<item id="39286" losttest="3" iotype="AI" name="Sensor39286_S" textname="test sensor 39286"/>
			<item id="39287" losttest="3" iotype="AI" name="Sensor39287_S" textname="test sensor 39287"/>
			<item id="39288" losttest="3" iotype="AI" name="Sensor39288_S" textname="test sensor 39288"/>
			<item id="39289" losttest="3" iotype="AI" name="Sensor39289_S" textname="test sensor 39289"/>
			<item id="39290" losttest="3" iotype="AI" name="Sensor39290_S" textname="test sensor 39290"/>
			<item id="39291" losttest="3" iotype="AI" name="Sensor39291_S" textname="test sensor 39291"/>
			<item id="39292" losttest="3" iotype="AI" name="Sensor39292_S" textname="test sensor 39292"/>
			<item id="39293" losttest="3" iotype="AI" name="Sensor39293_S" textname="test sensor 39293"/>
			<item id="39294" losttest="3" iotype="AI" name="Sensor39294_S" textname="test sensor 39294"/>
			<item id="39295" losttest="3" iotype="AI" name="Sensor39295_S" textname="test sensor 39295"/>
			<item id="39296" losttest="3" iotype="AI" name="Sensor39296_S" textname="test sensor 39296"/>
			<item id="39297" losttest="3" iotype="AI" name="Sensor39297_S" textname="test sensor 39297"/>
			<item id="39298" losttest="3" iotype="AI" name="Sensor39298_S" textname="test sensor 39298"/>
			<item id="39299" losttest="3" iotype="AI" name="Sensor39299_S" textname="test sensor 39299"/>
			<item id="39300" losttest="3" iotype="AI" name="Sensor39300_S" textname="test sensor 39300"/>
			<item id="39301" losttest="3" iotype="AI" name="Sensor39301_S" textname="test sensor 39301"/>
			<item id="39302" losttest="3" iotype="AI" name="Sensor39302_S" textname="test sensor 39302"/>
			<item id="39303" losttest="3" iotype="AI" name="Sensor39303_S" textname="test sensor 39303"/>
			<item id="39304" losttest="3" iotype="AI" name="Sensor39304_S" textname="test sensor 39304"/>
			<item id="39305" losttest="3" iotype="AI" name="Sensor39305_S" textname="test sensor 39305"/>
			<item id="39306" losttest="3" iotype="AI" name="Sensor39306_S" textname="test sensor 39306"/>
			<item id="39307" losttest="3" iotype="AI" name="Sensor39307_S" textname="test sensor 39307"/>
			<item id="39308" losttest="3" iotype="AI" name="Sensor39308_S" textname="test sensor 39308"/>
			<item id="39309" losttest="3" iotype="AI" name="Sensor39309_S" textname="test sensor 39309"/>
			<item id="39310" losttest="3" iotype="AI" name="Sensor39310_S" textname="test sensor 39310"/>
			<item id="39311" losttest="3" iotype="AI" name="Sensor39311_S" textname="test sensor 39311"/>
			<item id="39312" losttest="3" iotype="AI" name="Sensor39312_S" textname="test sensor 39312"/>
			<item id="39313" losttest="3" iotype="AI" name="Sensor39313_S" textname="test sensor 39313"/>
			<item id="39314" losttest="3" iotype="AI" name="Sensor39314_S" textname="test sensor 39314"/>
			<item id="39315" losttest="3" iotype="AI" name="Sensor39315_S" textname="test sensor 39315"/>
			<item id="39316" losttest="3" iotype="AI" name="Sensor39316_S" textname="test sensor 39316"/>
			<item id="39317" losttest="3" iotype="AI" name="Sensor39317_S" textname="test sensor 39317"/>
			<item id="39318" losttest="3" iotype="AI" name="Sensor39318_S" textname="test sensor 39318"/>
			<item id="39319" losttest="3" iotype="AI" name="Sensor39319_S" textname="test sensor 39319"/>
			<item id="39320" losttest="3" iotype="AI" name="Sensor39320_S" textname="test sensor 39320"/>
			<item id="39321" losttest="3" iotype="AI" name="Sensor39321_S" textname="test sensor 39321"/>
			<item id="39322" losttest="3" iotype="AI" name="Sensor39322_S" textname="test sensor 39322"/>
			<item id="39323" losttest="3" iotype="AI" name="Sensor39323_S" textname="test sensor 39323"/>
			<item id="39324" losttest="3" iotype="AI" name="Sensor39324_S" textname="test sensor 39324"/>
			<item id="39325" losttest="3" iotype="AI" name="Sensor39325_S" textname="test sensor 39325"/>
			<item id="39326" losttest="3" iotype="AI" name="Sensor39326_S" textname="test sensor 39326"/>
			<item id="39327" losttest="3" iotype="AI" name="Sensor39327_S" textname="test sensor 39327"/>
			<item id="39328" losttest="3" iotype="AI" name="Sensor39328_S" textname="test sensor 39328"/>
			<item id="39329" losttest="3" iotype="AI" name="Sensor39329_S" textname="test sensor 39329"/>
			<item id="39330" losttest="3" iotype="AI" name="Sensor39330_S" textname="test sensor 39330"/>
			<item id="39331" losttest="3" iotype="AI" name="Sensor39331_S" textname="test sensor 39331"/>
			<item id="39332" losttest="3" iotype="AI" name="Sensor39332_S" textname="test sensor 39332"/>
			<item id="39333" losttest="3" iotype="AI" name="Sensor39333_S" textname="test sensor 39333"/>
			<item id="39334" losttest="3" iotype="AI" name="Sensor39334_S" textname="test sensor 39334"/>
			<item id="39335" losttest="3" iotype="AI" name="Sensor39335_S" textname="test sensor 39335"/>
			<item id="39336" losttest="3" iotype="AI" name="Sensor39336_S" textname="test sensor 39336"/>
			<item id="39337" losttest="3" iotype="AI" name="Sensor39337_S" textname="test sensor 39337"/>
			<item id="39338" losttest="3" iotype="AI" name="Sensor39338_S" textname="test sensor 39338"/>
			<item id="39339" losttest="3" iotype="AI" name="Sensor39339_S" textname="test sensor 39339"/>
			<item id="39340" losttest="3" iotype="AI" name="Sensor39340_S" textname="test sensor 39340"/>
			<item id="39341" losttest="3" iotype="AI" name="Sensor39341_S" textname="test sensor 39341"/>
			<item id="39342" losttest="3" iotype="AI" name="Sensor39342_S" textname="test sensor 39342"/>
			<item id="39343" losttest="3" iotype="AI" name="Sensor39343_S" textname="test sensor 39343"/>
			<item id="39344" losttest="3" iotype="AI" name="Sensor39344_S" textname="test sensor 39344"/>
			<item id="39345" losttest="3" iotype="AI" name="Sensor39345_S" textname="test sensor 39345"/>
			<item id="39346" losttest="3" iotype="AI" name="Sensor39346_S" textname="test sensor 39346"/>
			<item id="39347" losttest="3" iotype="AI" name="Sensor39347_S" textname="test sensor 39347"/>
			<item id="39348" losttest="3" iotype="AI" name="Sensor39348_S" textname="test sensor 39348"/>
			<item id="39349" losttest="3" iotype="AI" name="Sensor39349_S" textname="test sensor 39349"/>
			<item id="39350" losttest="3" iotype="AI" name="Sensor39350_S" textname="test sensor 39350"/>
			<item id="39351" losttest="3" iotype="AI" name="Sensor39351_S" textname="test sensor 39351"/>
			<item id="39352" losttest="3" iotype="AI" name="Sensor39352_S" textname="test sensor 39352"/>
			<item id="39353" losttest="3" iotype="AI" name="Sensor39353_S" textname="test sensor 39353"/>
			<item id="39354" losttest="3" iotype="AI" name="Sensor39354_S" textname="test sensor 39354"/>
			<item id="39355" losttest="3" iotype="AI" name="Sensor39355_S" textname="test sensor 39355"/>
			<item id="39356" losttest="3" iotype="AI" name="Sensor39356_S" textname="test sensor 39356"/>
			<item id="39357" losttest="3" iotype="AI" name="Sensor39357_S" textname="test sensor 39357"/>
			<item id="39358" losttest="3" iotype="AI" name="Sensor39358_S" textname="test sensor 39358"/>
			<item id="39359" losttest="3" iotype="AI" name="Sensor39359_S" textname="test sensor 39359"/>
			<item id="39360" losttest="3" iotype="AI" name="Sensor39360_S" textname="test sensor 39360"/>
			<item id="39361" losttest="3" iotype="AI" name="Sensor39361_S" textname="test sensor 39361"/>
			<item id="39362" losttest="3" iotype="AI" name="Sensor39362_S" textname="test sensor 39362"/>
			<item id="39363" losttest="3" iotype="AI" name="Sensor39363_S" textname="test sensor 39363"/>
			<item id="39364" losttest="3" iotype="AI" name="Sensor39364_S" textname="test sensor 39364"/>
			<item id="39365" losttest="3" iotype="AI" name="Sensor39365_S" textname="test sensor 39365"/>
			<item id="39366" losttest="3" iotype="AI" name="Sensor39366_S" textname="test sensor 39366"/>
			<item id="39367" losttest="3" iotype="AI" name="Sensor39367_S" textname="test sensor 39367"/>
			<item id="39368" losttest="3" iotype="AI" name="Sensor39368_S" textname="test sensor 39368"/>
			<item id="39369" losttest="3" iotype="AI" name="Sensor39369_S" textname="test sensor 39369"/>
			<item id="39370" losttest="3" iotype="AI" name="Sensor39370_S" textname="test sensor 39370"/>
			<item id="39371" losttest="3" iotype="AI" name="Sensor39371_S" textname="test sensor 39371"/>
			<item id="39372" losttest="3" iotype="AI" name="Sensor39372_S" textname="test sensor 39372"/>
			<item id="39373" losttest="3" iotype="AI" name="Sensor39373_S" textname="test sensor 39373"/>
			<item id="39374" losttest="3" iotype="AI" name="Sensor39374_S" textname="test sensor 39374"/>
			<item id="39375" losttest="3" iotype="AI" name="Sensor39375_S" textname="test sensor 39375"/>
			<item id="39376" losttest="3" iotype="AI" name="Sensor39376_S" textname="test sensor 39376"/>
			<item id="39377" losttest="3" iotype="AI" name="Sensor39377_S" textname="test sensor 39377"/>
			<item id="39378" losttest="3" iotype="AI" name="Sensor39378_S" textname="test sensor 39378"/>
			<item id="39379" losttest="3" iotype="AI" name="Sensor39379_S" textname="test sensor 39379"/>
			<item id="39380" losttest="3" iotype="AI" name="Sensor39380_S" textname="test sensor 39380"/>
			<item id="39381" losttest="3" iotype="AI" name="Sensor39381_S" textname="test sensor 39381"/>
			<item id="39382" losttest="3" iotype="AI" name="Sensor39382_S" textname="test sensor 39382"/>
			<item id="39383" losttest="3" iotype="AI" name="Sensor39383_S" textname="test sensor 39383"/>
			<item id="39384" losttest="3" iotype="AI" name="Sensor39384_S" textname="test sensor 39384"/>
			<item id="39385" losttest="3" iotype="AI" name="Sensor39385_S" textname="test sensor 39385"/>
			<item id="39386" losttest="3" iotype="AI" name="Sensor39386_S" textname="test sensor 39386"/>
			<item id="39387" losttest="3" iotype="AI" name="Sensor39387_S" textname="test sensor 39387"/>
			<item id="39388" losttest="3" iotype="AI" name="Sensor39388_S" textname="test sensor 39388"/>
			<item id="39389" losttest="3" iotype="AI" name="Sensor39389_S" textname="test sensor 39389"/>
			<item id="39390" losttest="3" iotype="AI" name="Sensor39390_S" textname="test sensor 39390"/>
			<item id="39391" losttest="3" iotype="AI" name="Sensor39391_S" textname="test sensor 39391"/>
			<item id="39392" losttest="3" iotype="AI" name="Sensor39392_S" textname="test sensor 39392"/>
			<item id="39393" losttest="3" iotype="AI" name="Sensor39393_S" textname="test sensor 39393"/>
			<item id="39394" losttest="3" iotype="AI" name="Sensor39394_S" textname="test sensor 39394"/>
			<item id="39395" losttest="3" iotype="AI" name="Sensor39395_S" textname="test sensor 39395"/>
			<item id="39396" losttest="3" iotype="AI" name="Sensor39396_S" textname="test sensor 39396"/>
			<item id="39397" losttest="3" iotype="AI" name="Sensor39397_S" textname="test sensor 39397"/>
			<item id="39398" losttest="3" iotype="AI" name="Sensor39398_S" textname="test sensor 39398"/>
			<item id="39399" losttest="3" iotype="AI" name="Sensor39399_S" textname="test sensor 39399"/>
			<item id="39400" losttest="3" iotype="AI" name="Sensor39400_S" textname="test sensor 39400"/>
			<item id="39401" losttest="3" iotype="AI" name="Sensor39401_S" textname="test sensor 39401"/>
			<item id="39402" losttest="3" iotype="AI" name="Sensor39402_S" textname="test sensor 39402"/>
			<item id="39403" losttest="3" iotype="AI" name="Sensor39403_S" textname="test sensor 39403"/>
			<item id="39404" losttest="3" iotype="AI" name="Sensor39404_S" textname="test sensor 39404"/>
			<item id="39405" losttest="3" iotype="AI" name="Sensor39405_S" textname="test sensor 39405"/>
			<item id="39406" losttest="3" iotype="AI" name="Sensor39406_S" textname="test sensor 39406"/>
			<item id="39407" losttest="3" iotype="AI" name="Sensor39407_S" textname="test sensor 39407"/>
			<item id="39408" losttest="3" iotype="AI" name="Sensor39408_S" textname="test sensor 39408"/>
			<item id="39409" losttest="3" iotype="AI" name="Sensor39409_S" textname="test sensor 39409"/>
			<item id="39410" losttest="3" iotype="AI" name="Sensor39410_S" textname="test sensor 39410"/>
			<item id="39411" losttest="3" iotype="AI" name="Sensor39411_S" textname="test sensor 39411"/>
			<item id="39412" losttest="3" iotype="AI" name="Sensor39412_S" textname="test sensor 39412"/>
			<item id="39413" losttest="3" iotype="AI" name="Sensor39413_S" textname="test sensor 39413"/>
			<item id="39414" losttest="3" iotype="AI" name="Sensor39414_S" textname="test sensor 39414"/>
			<item id="39415" losttest="3" iotype="AI" name="Sensor39415_S" textname="test sensor 39415"/>
			<item id="39416" losttest="3" iotype="AI" name="Sensor39416_S" textname="test sensor 39416"/>
			<item id="39417" losttest="3" iotype="AI" name="Sensor39417_S" textname="test sensor 39417"/>
			<item id="39418" losttest="3" iotype="AI" name="Sensor39418_S" textname="test sensor 39418"/>
			<item id="39419" losttest="3" iotype="AI" name="Sensor39419_S" textname="test sensor 39419"/>
			<item id="39420" losttest="3" iotype="AI" name="Sensor39420_S" textname="test sensor 39420"/>
			<item id="39421" losttest="3" iotype="AI" name="Sensor39421_S" textname="test sensor 39421"/>
			<item id="39422" losttest="3" iotype="AI" name="Sensor39422_S" textname="test sensor 39422"/>
			<item id="39423" losttest="3" iotype="AI" name="Sensor39423_S" textname="test sensor 39423"/>
			<item id="39424" losttest="3" iotype="AI" name="Sensor39424_S" textname="test sensor 39424"/>
			<item id="39425" losttest="3" iotype="AI" name="Sensor39425_S" textname="test sensor 39425"/>
			<item id="39426" losttest="3" iotype="AI" name="Sensor39426_S" textname="test sensor 39426"/>
			<item id="39427" losttest="3" iotype="AI" name="Sensor39427_S" textname="test sensor 39427"/>
			<item id="39428" losttest="3" iotype="AI" name="Sensor39428_S" textname="test sensor 39428"/>
			<item id="39429" losttest="3" iotype="AI" name="Sensor39429_S" textname="test sensor 39429"/>
			<item id="39430" losttest="3" iotype="AI" name="Sensor39430_S" textname="test sensor 39430"/>
			<item id="39431" losttest="3" iotype="AI" name="Sensor39431_S" textname="test sensor 39431"/>
			<item id="39432" losttest="3" iotype="AI" name="Sensor39432_S" textname="test sensor 39432"/>
			<item id="39433" losttest="3" iotype="AI" name="Sensor39433_S" textname="test sensor 39433"/>
			<item id="39434" losttest="3" iotype="AI" name="Sensor39434_S" textname="test sensor 39434"/>
			<item id="39435" losttest="3" iotype="AI" name="Sensor39435_S" textname="test sensor 39435"/>
			<item id="39436" losttest="3" iotype="AI" name="Sensor39436_S" textname="test sensor 39436"/>
			<item id="39437" losttest="3" iotype="AI" name="Sensor39437_S" textname="test sensor 39437"/>
			<item id="39438" losttest="3" iotype="AI" name="Sensor39438_S" textname="test sensor 39438"/>
			<item id="39439" losttest="3" iotype="AI" name="Sensor39439_S" textname="test sensor 39439"/>
			<item id="39440" losttest="3" iotype="AI" name="Sensor39440_S" textname="test sensor 39440"/>
			<item id="39441" losttest="3" iotype="AI" name="Sensor39441_S" textname="test sensor 39441"/>
			<item id="39442" losttest="3" iotype="AI" name="Sensor39442_S" textname="test sensor 39442"/>
			<item id="39443" losttest="3" iotype="AI" name="Sensor39443_S" textname="test sensor 39443"/>
			<item id="39444" losttest="3" iotype="AI" name="Sensor39444_S" textname="test sensor 39444"/>
			<item id="39445" losttest="3" iotype="AI" name="Sensor39445_S" textname="test sensor 39445"/>
			<item id="39446" losttest="3" iotype="AI" name="Sensor39446_S" textname="test sensor 39446"/>
			<item id="39447" losttest="3" iotype="AI" name="Sensor39447_S" textname="test sensor 39447"/>
			<item id="39448" losttest="3" iotype="AI" name="Sensor39448_S" textname="test sensor 39448"/>
			<item id="39449" losttest="3" iotype="AI" name="Sensor39449_S" textname="test sensor 39449"/>
			<item id="39450" losttest="3" iotype="AI" name="Sensor39450_S" textname="test sensor 39450"/>
			<item id="39451" losttest="3" iotype="AI" name="Sensor39451_S" textname="test sensor 39451"/>
			<item id="39452" losttest="3" iotype="AI" name="Sensor39452_S" textname="test sensor 39452"/>
			<item id="39453" losttest="3" iotype="AI" name="Sensor39453_S" textname="test sensor 39453"/>
			<item id="39454" losttest="3" iotype="AI" name="Sensor39454_S" textname="test sensor 39454"/>
			<item id="39455" losttest="3" iotype="AI" name="Sensor39455_S" textname="test sensor 39455"/>
			<item id="39456" losttest="3" iotype="AI" name="Sensor39456_S" textname="test sensor 39456"/>
			<item id="39457" losttest="3" iotype="AI" name="Sensor39457_S" textname="test sensor 39457"/>
			<item id="39458" losttest="3" iotype="AI" name="Sensor39458_S" textname="test sensor 39458"/>
			<item id="39459" losttest="3" iotype="AI" name="Sensor39459_S" textname="test sensor 39459"/>
			<item id="39460" losttest="3" iotype="AI" name="Sensor39460_S" textname="test sensor 39460"/>
			<item id="39461" losttest="3" iotype="AI" name="Sensor39461_S" textname="test sensor 39461"/>
			<item id="39462" losttest="3" iotype="AI" name="Sensor39462_S" textname="test sensor 39462"/>
			<item id="39463" losttest="3" iotype="AI" name="Sensor39463_S" textname="test sensor 39463"/>
			<item id="39464" losttest="3" iotype="AI" name="Sensor39464_S" textname="test sensor 39464"/>
			<item id="39465" losttest="3" iotype="AI" name="Sensor39465_S" textname="test sensor 39465"/>
			<item id="39466" losttest="3" iotype="AI" name="Sensor39466_S" textname="test sensor 39466"/>
			<item id="39467" losttest="3" iotype="AI" name="Sensor39467_S" textname="test sensor 39467"/>
			<item id="39468" losttest="3" iotype="AI" name="Sensor39468_S" textname="test sensor 39468"/>
			<item id="39469" losttest="3" iotype="AI" name="Sensor39469_S" textname="test sensor 39469"/>
			<item id="39470" losttest="3" iotype="AI" name="Sensor39470_S" textname="test sensor 39470"/>
			<item id="39471" losttest="3" iotype="AI" name="Sensor39471_S" textname="test sensor 39471"/>
			<item id="39472" losttest="3" iotype="AI" name="Sensor39472_S" textname="test sensor 39472"/>
			<item id="39473" losttest="3" iotype="AI" name="Sensor39473_S" textname="test sensor 39473"/>
			<item id="39474" losttest="3" iotype="AI" name="Sensor39474_S" textname="test sensor 39474"/>
			<item id="39475" losttest="3" iotype="AI" name="Sensor39475_S" textname="test sensor 39475"/>
			<item id="39476" losttest="3" iotype="AI" name="Sensor39476_S" textname="test sensor 39476"/>
			<item id="39477" losttest="3" iotype="AI" name="Sensor39477_S" textname="test sensor 39477"/>
			<item id="39478" losttest="3" iotype="AI" name="Sensor39478_S" textname="test sensor 39478"/>
			<item id="39479" losttest="3" iotype="AI" name="Sensor39479_S" textname="test sensor 39479"/>
			<item id="39480" losttest="3" iotype="AI" name="Sensor39480_S" textname="test sensor 39480"/>
			<item id="39481" losttest="3" iotype="AI" name="Sensor39481_S" textname="test sensor 39481"/>
			<item id="39482" losttest="3" iotype="AI" name="Sensor39482_S" textname="test sensor 39482"/>
			<item id="39483" losttest="3" iotype="AI" name="Sensor39483_S" textname="test sensor 39483"/>
			<item id="39484" losttest="3" iotype="AI" name="Sensor39484_S" textname="test sensor 39484"/>
			<item id="39485" losttest="3" iotype="AI" name="Sensor39485_S" textname="test sensor 39485"/>
			<item id="39486" losttest="3" iotype="AI" name="Sensor39486_S" textname="test sensor 39486"/>
			<item id="39487" losttest="3" iotype="AI" name="Sensor39487_S" textname="test sensor 39487"/>
			<item id="39488" losttest="3" iotype="AI" name="Sensor39488_S" textname="test sensor 39488"/>
			<item id="39489" losttest="3" iotype="AI" name="Sensor39489_S" textname="test sensor 39489"/>
			<item id="39490" losttest="3" iotype="AI" name="Sensor39490_S" textname="test sensor 39490"/>
			<item id="39491" losttest="3" iotype="AI" name="Sensor39491_S" textname="test sensor 39491"/>
			<item id="39492" losttest="3" iotype="AI" name="Sensor39492_S" textname="test sensor 39492"/>
			<item id="39493" losttest="3" iotype="AI" name="Sensor39493_S" textname="test sensor 39493"/>
			<item id="39494" losttest="3" iotype="AI" name="Sensor39494_S" textname="test sensor 39494"/>
			<item id="39495" losttest="3" iotype="AI" name="Sensor39495_S" textname="test sensor 39495"/>
			<item id="39496" losttest="3" iotype="AI" name="Sensor39496_S" textname="test sensor 39496"/>
			<item id="39497" losttest="3" iotype="AI" name="Sensor39497_S" textname="test sensor 39497"/>
			<item id="39498" losttest="3" iotype="AI" name="Sensor39498_S" textname="test sensor 39498"/>
			<item id="39499" losttest="3" iotype="AI" name="Sensor39499_S" textname="test sensor 39499"/>
			<item id="39500" losttest="3" iotype="AI" name="Sensor39500_S" textname="test sensor 39500"/>
			<item id="39501" losttest="3" iotype="AI" name="Sensor39501_S" textname="test sensor 39501"/>
			<item id="39502" losttest="3" iotype="AI" name="Sensor39502_S" textname="test sensor 39502"/>
			<item id="39503" losttest="3" iotype="AI" name="Sensor39503_S" textname="test sensor 39503"/>
			<item id="39504" losttest="3" iotype="AI" name="Sensor39504_S" textname="test sensor 39504"/>
			<item id="39505" losttest="3" iotype="AI" name="Sensor39505_S" textname="test sensor 39505"/>
			<item id="39506" losttest="3" iotype="AI" name="Sensor39506_S" textname="test sensor 39506"/>
			<item id="39507" losttest="3" iotype="AI" name="Sensor39507_S" textname="test sensor 39507"/>
			<item id="39508" losttest="3" iotype="AI" name="Sensor39508_S" textname="test sensor 39508"/>
			<item id="39509" losttest="3" iotype="AI" name="Sensor39509_S" textname="test sensor 39509"/>
			<item id="39510" losttest="3" iotype="AI" name="Sensor39510_S" textname="test sensor 39510"/>
			<item id="39511" losttest="3" iotype="AI" name="Sensor39511_S" textname="test sensor 39511"/>
			<item id="39512" losttest="3" iotype="AI" name="Sensor39512_S" textname="test sensor 39512"/>
			<item id="39513" losttest="3" iotype="AI" name="Sensor39513_S" textname="test sensor 39513"/>
			<item id="39514" losttest="3" iotype="AI" name="Sensor39514_S" textname="test sensor 39514"/>
			<item id="39515" losttest="3" iotype="AI" name="Sensor39515_S" textname="test sensor 39515"/>
			<item id="39516" losttest="3" iotype="AI" name="Sensor39516_S" textname="test sensor 39516"/>
			<item id="39517" losttest="3" iotype="AI" name="Sensor39517_S" textname="test sensor 39517"/>
			<item id="39518" losttest="3" iotype="AI" name="Sensor39518_S" textname="test sensor 39518"/>
			<item id="39519" losttest="3" iotype="AI" name="Sensor39519_S" textname="test sensor 39519"/>
			<item id="39520" losttest="3" iotype="AI" name="Sensor39520_S" textname="test sensor 39520"/>
			<item id="39521" losttest="3" iotype="AI" name="Sensor39521_S" textname="test sensor 39521"/>
			<item id="39522" losttest="3" iotype="AI" name="Sensor39522_S" textname="test sensor 39522"/>
			<item id="39523" losttest="3" iotype="AI" name="Sensor39523_S" textname="test sensor 39523"/>
			<item id="39524" losttest="3" iotype="AI" name="Sensor39524_S" textname="test sensor 39524"/>
			<item id="39525" losttest="3" iotype="AI" name="Sensor39525_S" textname="test sensor 39525"/>
			<item id="39526" losttest="3" iotype="AI" name="Sensor39526_S" textname="test sensor 39526"/>
			<item id="39527" losttest="3" iotype="AI" name="Sensor39527_S" textname="test sensor 39527"/>
			<item id="39528" losttest="3" iotype="AI" name="Sensor39528_S" textname="test sensor 39528"/>
			<item id="39529" losttest="3" iotype="AI" name="Sensor39529_S" textname="test sensor 39529"/>
			<item id="39530" losttest="3" iotype="AI" name="Sensor39530_S" textname="test sensor 39530"/>
			<item id="39531" losttest="3" iotype="AI" name="Sensor39531_S" textname="test sensor 39531"/>
			<item id="39532" losttest="3" iotype="AI" name="Sensor39532_S" textname="test sensor 39532"/>
			<item id="39533" losttest="3" iotype="AI" name="Sensor39533_S" textname="test sensor 39533"/>
			<item id="39534" losttest="3" iotype="AI" name="Sensor39534_S" textname="test sensor 39534"/>
			<item id="39535" losttest="3" iotype="AI" name="Sensor39535_S" textname="test sensor 39535"/>
			<item id="39536" losttest="3" iotype="AI" name="Sensor39536_S" textname="test sensor 39536"/>
			<item id="39537" losttest="3" iotype="AI" name="Sensor39537_S" textname="test sensor 39537"/>
			<item id="39538" losttest="3" iotype="AI" name="Sensor39538_S" textname="test sensor 39538"/>
			<item id="39539" losttest="3" iotype="AI" name="Sensor39539_S" textname="test sensor 39539"/>
			<item id="39540" losttest="3" iotype="AI" name="Sensor39540_S" textname="test sensor 39540"/>
			<item id="39541" losttest="3" iotype="AI" name="Sensor39541_S" textname="test sensor 39541"/>
			<item id="39542" losttest="3" iotype="AI" name="Sensor39542_S" textname="test sensor 39542"/>
			<item id="39543" losttest="3" iotype="AI" name="Sensor39543_S" textname="test sensor 39543"/>
			<item id="39544" losttest="3" iotype="AI" name="Sensor39544_S" textname="test sensor 39544"/>
			<item id="39545" losttest="3" iotype="AI" name="Sensor39545_S" textname="test sensor 39545"/>
			<item id="39546" losttest="3" iotype="AI" name="Sensor39546_S" textname="test sensor 39546"/>
			<item id="39547" losttest="3" iotype="AI" name="Sensor39547_S" textname="test sensor 39547"/>
			<item id="39548" losttest="3" iotype="AI" name="Sensor39548_S" textname="test sensor 39548"/>
			<item id="39549" losttest="3" iotype="AI" name="Sensor39549_S" textname="test sensor 39549"/>
			<item id="39550" losttest="3" iotype="AI" name="Sensor39550_S" textname="test sensor 39550"/>
			<item id="39551" losttest="3" iotype="AI" name="Sensor39551_S" textname="test sensor 39551"/>
			<item id="39552" losttest="3" iotype="AI" name="Sensor39552_S" textname="test sensor 39552"/>
			<item id="39553" losttest="3" iotype="AI" name="Sensor39553_S" textname="test sensor 39553"/>
			<item id="39554" losttest="3" iotype="AI" name="Sensor39554_S" textname="test sensor 39554"/>
			<item id="39555" losttest="3" iotype="AI" name="Sensor39555_S" textname="test sensor 39555"/>
			<item id="39556" losttest="3" iotype="AI" name="Sensor39556_S" textname="test sensor 39556"/>
			<item id="39557" losttest="3" iotype="AI" name="Sensor39557_S" textname="test sensor 39557"/>
			<item id="39558" losttest="3" iotype="AI" name="Sensor39558_S" textname="test sensor 39558"/>
			<item id="39559" losttest="3" iotype="AI" name="Sensor39559_S" textname="test sensor 39559"/>
			<item id="39560" losttest="3" iotype="AI" name="Sensor39560_S" textname="test sensor 39560"/>
			<item id="39561" losttest="3" iotype="AI" name="Sensor39561_S" textname="test sensor 39561"/>
			<item id="39562" losttest="3" iotype="AI" name="Sensor39562_S" textname="test sensor 39562"/>
			<item id="39563" losttest="3" iotype="AI" name="Sensor39563_S" textname="test sensor 39563"/>
			<item id="39564" losttest="3" iotype="AI" name="Sensor39564_S" textname="test sensor 39564"/>
			<item id="39565" losttest="3" iotype="AI" name="Sensor39565_S" textname="test sensor 39565"/>
			<item id="39566" losttest="3" iotype="AI" name="Sensor39566_S" textname="test sensor 39566"/>
			<item id="39567" losttest="3" iotype="AI" name="Sensor39567_S" textname="test sensor 39567"/>
			<item id="39568" losttest="3" iotype="AI" name="Sensor39568_S" textname="test sensor 39568"/>
			<item id="39569" losttest="3" iotype="AI" name="Sensor39569_S" textname="test sensor 39569"/>
			<item id="39570" losttest="3" iotype="AI" name="Sensor39570_S" textname="test sensor 39570"/>
			<item id="39571" losttest="3" iotype="AI" name="Sensor39571_S" textname="test sensor 39571"/>
			<item id="39572" losttest="3" iotype="AI" name="Sensor39572_S" textname="test sensor 39572"/>
			<item id="39573" losttest="3" iotype="AI" name="Sensor39573_S" textname="test sensor 39573"/>
			<item id="39574" losttest="3" iotype="AI" name="Sensor39574_S" textname="test sensor 39574"/>
			<item id="39575" losttest="3" iotype="AI" name="Sensor39575_S" textname="test sensor 39575"/>
			<item id="39576" losttest="3" iotype="AI" name="Sensor39576_S" textname="test sensor 39576"/>
			<item id="39577" losttest="3" iotype="AI" name="Sensor39577_S" textname="test sensor 39577"/>
			<item id="39578" losttest="3" iotype="AI" name="Sensor39578_S" textname="test sensor 39578"/>
			<item id="39579" losttest="3" iotype="AI" name="Sensor39579_S" textname="test sensor 39579"/>
			<item id="39580" losttest="3" iotype="AI" name="Sensor39580_S" textname="test sensor 39580"/>
			<item id="39581" losttest="3" iotype="AI" name="Sensor39581_S" textname="test sensor 39581"/>
			<item id="39582" losttest="3" iotype="AI" name="Sensor39582_S" textname="test sensor 39582"/>
			<item id="39583" losttest="3" iotype="AI" name="Sensor39583_S" textname="test sensor 39583"/>
			<item id="39584" losttest="3" iotype="AI" name="Sensor39584_S" textname="test sensor 39584"/>
			<item id="39585" losttest="3" iotype="AI" name="Sensor39585_S" textname="test sensor 39585"/>
			<item id="39586" losttest="3" iotype="AI" name="Sensor39586_S" textname="test sensor 39586"/>
			<item id="39587" losttest="3" iotype="AI" name="Sensor39587_S" textname="test sensor 39587"/>
			<item id="39588" losttest="3" iotype="AI" name="Sensor39588_S" textname="test sensor 39588"/>
			<item id="39589" losttest="3" iotype="AI" name="Sensor39589_S" textname="test sensor 39589"/>
			<item id="39590" losttest="3" iotype="AI" name="Sensor39590_S" textname="test sensor 39590"/>
			<item id="39591" losttest="3" iotype="AI" name="Sensor39591_S" textname="test sensor 39591"/>
			<item id="39592" losttest="3" iotype="AI" name="Sensor39592_S" textname="test sensor 39592"/>
			<item id="39593" losttest="3" iotype="AI" name="Sensor39593_S" textname="test sensor 39593"/>
			<item id="39594" losttest="3" iotype="AI" name="Sensor39594_S" textname="test sensor 39594"/>
			<item id="39595" losttest="3" iotype="AI" name="Sensor39595_S" textname="test sensor 39595"/>
			<item id="39596" losttest="3" iotype="AI" name="Sensor39596_S" textname="test sensor 39596"/>
			<item id="39597" losttest="3" iotype="AI" name="Sensor39597_S" textname="test sensor 39597"/>
			<item id="39598" losttest="3" iotype="AI" name="Sensor39598_S" textname="test sensor 39598"/>
			<item id="39599" losttest="3" iotype="AI" name="Sensor39599_S" textname="test sensor 39599"/>
			<item id="39600" losttest="3" iotype="AI" name="Sensor39600_S" textname="test sensor 39600"/>
			<item id="39601" losttest="3" iotype="AI" name="Sensor39601_S" textname="test sensor 39601"/>
			<item id="39602" losttest="3" iotype="AI" name="Sensor39602_S" textname="test sensor 39602"/>
			<item id="39603" losttest="3" iotype="AI" name="Sensor39603_S" textname="test sensor 39603"/>
			<item id="39604" losttest="3" iotype="AI" name="Sensor39604_S" textname="test sensor 39604"/>
			<item id="39605" losttest="3" iotype="AI" name="Sensor39605_S" textname="test sensor 39605"/>
			<item id="39606" losttest="3" iotype="AI" name="Sensor39606_S" textname="test sensor 39606"/>
			<item id="39607" losttest="3" iotype="AI" name="Sensor39607_S" textname="test sensor 39607"/>
			<item id="39608" losttest="3" iotype="AI" name="Sensor39608_S" textname="test sensor 39608"/>
			<item id="39609" losttest="3" iotype="AI" name="Sensor39609_S" textname="test sensor 39609"/>
			<item id="39610" losttest="3" iotype="AI" name="Sensor39610_S" textname="test sensor 39610"/>
			<item id="39611" losttest="3" iotype="AI" name="Sensor39611_S" textname="test sensor 39611"/>
			<item id="39612" losttest="3" iotype="AI" name="Sensor39612_S" textname="test sensor 39612"/>
			<item id="39613" losttest="3" iotype="AI" name="Sensor39613_S" textname="test sensor 39613"/>
			<item id="39614" losttest="3" iotype="AI" name="Sensor39614_S" textname="test sensor 39614"/>
			<item id="39615" losttest="3" iotype="AI" name="Sensor39615_S" textname="test sensor 39615"/>
			<item id="39616" losttest="3" iotype="AI" name="Sensor39616_S" textname="test sensor 39616"/>
			<item id="39617" losttest="3" iotype="AI" name="Sensor39617_S" textname="test sensor 39617"/>
			<item id="39618" losttest="3" iotype="AI" name="Sensor39618_S" textname="test sensor 39618"/>
			<item id="39619" losttest="3" iotype="AI" name="Sensor39619_S" textname="test sensor 39619"/>
			<item id="39620" losttest="3" iotype="AI" name="Sensor39620_S" textname="test sensor 39620"/>
			<item id="39621" losttest="3" iotype="AI" name="Sensor39621_S" textname="test sensor 39621"/>
			<item id="39622" losttest="3" iotype="AI" name="Sensor39622_S" textname="test sensor 39622"/>
			<item id="39623" losttest="3" iotype="AI" name="Sensor39623_S" textname="test sensor 39623"/>
			<item id="39624" losttest="3" iotype="AI" name="Sensor39624_S" textname="test sensor 39624"/>
			<item id="39625" losttest="3" iotype="AI" name="Sensor39625_S" textname="test sensor 39625"/>
			<item id="39626" losttest="3" iotype="AI" name="Sensor39626_S" textname="test sensor 39626"/>
			<item id="39627" losttest="3" iotype="AI" name="Sensor39627_S" textname="test sensor 39627"/>
			<item id="39628" losttest="3" iotype="AI" name="Sensor39628_S" textname="test sensor 39628"/>
			<item id="39629" losttest="3" iotype="AI" name="Sensor39629_S" textname="test sensor 39629"/>
			<item id="39630" losttest="3" iotype="AI" name="Sensor39630_S" textname="test sensor 39630"/>
			<item id="39631" losttest="3" iotype="AI" name="Sensor39631_S" textname="test sensor 39631"/>
			<item id="39632" losttest="3" iotype="AI" name="Sensor39632_S" textname="test sensor 39632"/>
			<item id="39633" losttest="3" iotype="AI" name="Sensor39633_S" textname="test sensor 39633"/>
			<item id="39634" losttest="3" iotype="AI" name="Sensor39634_S" textname="test sensor 39634"/>
			<item id="39635" losttest="3" iotype="AI" name="Sensor39635_S" textname="test sensor 39635"/>
			<item id="39636" losttest="3" iotype="AI" name="Sensor39636_S" textname="test sensor 39636"/>
			<item id="39637" losttest="3" iotype="AI" name="Sensor39637_S" textname="test sensor 39637"/>
			<item id="39638" losttest="3" iotype="AI" name="Sensor39638_S" textname="test sensor 39638"/>
			<item id="39639" losttest="3" iotype="AI" name="Sensor39639_S" textname="test sensor 39639"/>
			<item id="39640" losttest="3" iotype="AI" name="Sensor39640_S" textname="test sensor 39640"/>
			<item id="39641" losttest="3" iotype="AI" name="Sensor39641_S" textname="test sensor 39641"/>
			<item id="39642" losttest="3" iotype="AI" name="Sensor39642_S" textname="test sensor 39642"/>
			<item id="39643" losttest="3" iotype="AI" name="Sensor39643_S" textname="test sensor 39643"/>
			<item id="39644" losttest="3" iotype="AI" name="Sensor39644_S" textname="test sensor 39644"/>
			<item id="39645" losttest="3" iotype="AI" name="Sensor39645_S" textname="test sensor 39645"/>
			<item id="39646" losttest="3" iotype="AI" name="Sensor39646_S" textname="test sensor 39646"/>
			<item id="39647" losttest="3" iotype="AI" name="Sensor39647_S" textname="test sensor 39647"/>
			<item id="39648" losttest="3" iotype="AI" name="Sensor39648_S" textname="test sensor 39648"/>
			<item id="39649" losttest="3" iotype="AI" name="Sensor39649_S" textname="test sensor 39649"/>
			<item id="39650" losttest="3" iotype="AI" name="Sensor39650_S" textname="test sensor 39650"/>
			<item id="39651" losttest="3" iotype="AI" name="Sensor39651_S" textname="test sensor 39651"/>
			<item id="39652" losttest="3" iotype="AI" name="Sensor39652_S" textname="test sensor 39652"/>
			<item id="39653" losttest="3" iotype="AI" name="Sensor39653_S" textname="test sensor 39653"/>
			<item id="39654" losttest="3" iotype="AI" name="Sensor39654_S" textname="test sensor 39654"/>
			<item id="39655" losttest="3" iotype="AI" name="Sensor39655_S" textname="test sensor 39655"/>
			<item id="39656" losttest="3" iotype="AI" name="Sensor39656_S" textname="test sensor 39656"/>
			<item id="39657" losttest="3" iotype="AI" name="Sensor39657_S" textname="test sensor 39657"/>
			<item id="39658" losttest="3" iotype="AI" name="Sensor39658_S" textname="test sensor 39658"/>
			<item id="39659" losttest="3" iotype="AI" name="Sensor39659_S" textname="test sensor 39659"/>
			<item id="39660" losttest="3" iotype="AI" name="Sensor39660_S" textname="test sensor 39660"/>
			<item id="39661" losttest="3" iotype="AI" name="Sensor39661_S" textname="test sensor 39661"/>
			<item id="39662" losttest="3" iotype="AI" name="Sensor39662_S" textname="test sensor 39662"/>
			<item id="39663" losttest="3" iotype="AI" name="Sensor39663_S" textname="test sensor 39663"/>
			<item id="39664" losttest="3" iotype="AI" name="Sensor39664_S" textname="test sensor 39664"/>
			<item id="39665" losttest="3" iotype="AI" name="Sensor39665_S" textname="test sensor 39665"/>
			<item id="39666" losttest="3" iotype="AI" name="Sensor39666_S" textname="test sensor 39666"/>
			<item id="39667" losttest="3" iotype="AI" name="Sensor39667_S" textname="test sensor 39667"/>
			<item id="39668" losttest="3" iotype="AI" name="Sensor39668_S" textname="test sensor 39668"/>
			<item id="39669" losttest="3" iotype="AI" name="Sensor39669_S" textname="test sensor 39669"/>
			<item id="39670" losttest="3" iotype="AI" name="Sensor39670_S" textname="test sensor 39670"/>
			<item id="39671" losttest="3" iotype="AI" name="Sensor39671_S" textname="test sensor 39671"/>
			<item id="39672" losttest="3" iotype="AI" name="Sensor39672_S" textname="test sensor 39672"/>
			<item id="39673" losttest="3" iotype="AI" name="Sensor39673_S" textname="test sensor 39673"/>
			<item id="39674" losttest="3" iotype="AI" name="Sensor39674_S" textname="test sensor 39674"/>
			<item id="39675" losttest="3" iotype="AI" name="Sensor39675_S" textname="test sensor 39675"/>
			<item id="39676" losttest="3" iotype="AI" name="Sensor39676_S" textname="test sensor 39676"/>
			<item id="39677" losttest="3" iotype="AI" name="Sensor39677_S" textname="test sensor 39677"/>
			<item id="39678" losttest="3" iotype="AI" name="Sensor39678_S" textname="test sensor 39678"/>
			<item id="39679" losttest="3" iotype="AI" name="Sensor39679_S" textname="test sensor 39679"/>
			<item id="39680" losttest="3" iotype="AI" name="Sensor39680_S" textname="test sensor 39680"/>
			<item id="39681" losttest="3" iotype="AI" name="Sensor39681_S" textname="test sensor 39681"/>
			<item id="39682" losttest="3" iotype="AI" name="Sensor39682_S" textname="test sensor 39682"/>
			<item id="39683" losttest="3" iotype="AI" name="Sensor39683_S" textname="test sensor 39683"/>
			<item id="39684" losttest="3" iotype="AI" name="Sensor39684_S" textname="test sensor 39684"/>
			<item id="39685" losttest="3" iotype="AI" name="Sensor39685_S" textname="test sensor 39685"/>
			<item id="39686" losttest="3" iotype="AI" name="Sensor39686_S" textname="test sensor 39686"/>
			<item id="39687" losttest="3" iotype="AI" name="Sensor39687_S" textname="test sensor 39687"/>
			<item id="39688" losttest="3" iotype="AI" name="Sensor39688_S" textname="test sensor 39688"/>
			<item id="39689" losttest="3" iotype="AI" name="Sensor39689_S" textname="test sensor 39689"/>
			<item id="39690" losttest="3" iotype="AI" name="Sensor39690_S" textname="test sensor 39690"/>
			<item id="39691" losttest="3" iotype="AI" name="Sensor39691_S" textname="test sensor 39691"/>
			<item id="39692" losttest="3" iotype="AI" name="Sensor39692_S" textname="test sensor 39692"/>
			<item id="39693" losttest="3" iotype="AI" name="Sensor39693_S" textname="test sensor 39693"/>
			<item id="39694" losttest="3" iotype="AI" name="Sensor39694_S" textname="test sensor 39694"/>
			<item id="39695" losttest="3" iotype="AI" name="Sensor39695_S" textname="test sensor 39695"/>
			<item id="39696" losttest="3" iotype="AI" name="Sensor39696_S" textname="test sensor 39696"/>
			<item id="39697" losttest="3" iotype="AI" name="Sensor39697_S" textname="test sensor 39697"/>
			<item id="39698" losttest="3" iotype="AI" name="Sensor39698_S" textname="test sensor 39698"/>
			<item id="39699" losttest="3" iotype="AI" name="Sensor39699_S" textname="test sensor 39699"/>
			<item id="39700" losttest="3" iotype="AI" name="Sensor39700_S" textname="test sensor 39700"/>
			<item id="39701" losttest="3" iotype="AI" name="Sensor39701_S" textname="test sensor 39701"/>
			<item id="39702" losttest="3" iotype="AI" name="Sensor39702_S" textname="test sensor 39702"/>
			<item id="39703" losttest="3" iotype="AI" name="Sensor39703_S" textname="test sensor 39703"/>
			<item id="39704" losttest="3" iotype="AI" name="Sensor39704_S" textname="test sensor 39704"/>
			<item id="39705" losttest="3" iotype="AI" name="Sensor39705_S" textname="test sensor 39705"/>
			<item id="39706" losttest="3" iotype="AI" name="Sensor39706_S" textname="test sensor 39706"/>
			<item id="39707" losttest="3" iotype="AI" name="Sensor39707_S" textname="test sensor 39707"/>
			<item id="39708" losttest="3" iotype="AI" name="Sensor39708_S" textname="test sensor 39708"/>
			<item id="39709" losttest="3" iotype="AI" name="Sensor39709_S" textname="test sensor 39709"/>
			<item id="39710" losttest="3" iotype="AI" name="Sensor39710_S" textname="test sensor 39710"/>
			<item id="39711" losttest="3" iotype="AI" name="Sensor39711_S" textname="test sensor 39711"/>
			<item id="39712" losttest="3" iotype="AI" name="Sensor39712_S" textname="test sensor 39712"/>
			<item id="39713" losttest="3" iotype="AI" name="Sensor39713_S" textname="test sensor 39713"/>
			<item id="39714" losttest="3" iotype="AI" name="Sensor39714_S" textname="test sensor 39714"/>
			<item id="39715" losttest="3" iotype="AI" name="Sensor39715_S" textname="test sensor 39715"/>
			<item id="39716" losttest="3" iotype="AI" name="Sensor39716_S" textname="test sensor 39716"/>
			<item id="39717" losttest="3" iotype="AI" name="Sensor39717_S" textname="test sensor 39717"/>
			<item id="39718" losttest="3" iotype="AI" name="Sensor39718_S" textname="test sensor 39718"/>
			<item id="39719" losttest="3" iotype="AI" name="Sensor39719_S" textname="test sensor 39719"/>
			<item id="39720" losttest="3" iotype="AI" name="Sensor39720_S" textname="test sensor 39720"/>
			<item id="39721" losttest="3" iotype="AI" name="Sensor39721_S" textname="test sensor 39721"/>
			<item id="39722" losttest="3" iotype="AI" name="Sensor39722_S" textname="test sensor 39722"/>
			<item id="39723" losttest="3" iotype="AI" name="Sensor39723_S" textname="test sensor 39723"/>
			<item id="39724" losttest="3" iotype="AI" name="Sensor39724_S" textname="test sensor 39724"/>
			<item id="39725" losttest="3" iotype="AI" name="Sensor39725_S" textname="test sensor 39725"/>
			<item id="39726" losttest="3" iotype="AI" name="Sensor39726_S" textname="test sensor 39726"/>
			<item id="39727" losttest="3" iotype="AI" name="Sensor39727_S" textname="test sensor 39727"/>
			<item id="39728" losttest="3" iotype="AI" name="Sensor39728_S" textname="test sensor 39728"/>
			<item id="39729" losttest="3" iotype="AI" name="Sensor39729_S" textname="test sensor 39729"/>
			<item id="39730" losttest="3" iotype="AI" name="Sensor39730_S" textname="test sensor 39730"/>
			<item id="39731" losttest="3" iotype="AI" name="Sensor39731_S" textname="test sensor 39731"/>
			<item id="39732" losttest="3" iotype="AI" name="Sensor39732_S" textname="test sensor 39732"/>
			<item id="39733" losttest="3" iotype="AI" name="Sensor39733_S" textname="test sensor 39733"/>
			<item id="39734" losttest="3" iotype="AI" name="Sensor39734_S" textname="test sensor 39734"/>
			<item id="39735" losttest="3" iotype="AI" name="Sensor39735_S" textname="test sensor 39735"/>
			<item id="39736" losttest="3" iotype="AI" name="Sensor39736_S" textname="test sensor 39736"/>
			<item id="39737" losttest="3" iotype="AI" name="Sensor39737_S" textname="test sensor 39737"/>
			<item id="39738" losttest="3" iotype="AI" name="Sensor39738_S" textname="test sensor 39738"/>
			<item id="39739" losttest="3" iotype="AI" name="Sensor39739_S" textname="test sensor 39739"/>
			<item id="39740" losttest="3" iotype="AI" name="Sensor39740_S" textname="test sensor 39740"/>
			<item id="39741" losttest="3" iotype="AI" name="Sensor39741_S" textname="test sensor 39741"/>
			<item id="39742" losttest="3" iotype="AI" name="Sensor39742_S" textname="test sensor 39742"/>
			<item id="39743" losttest="3" iotype="AI" name="Sensor39743_S" textname="test sensor 39743"/>
			<item id="39744" losttest="3" iotype="AI" name="Sensor39744_S" textname="test sensor 39744"/>
			<item id="39745" losttest="3" iotype="AI" name="Sensor39745_S" textname="test sensor 39745"/>
			<item id="39746" losttest="3" iotype="AI" name="Sensor39746_S" textname="test sensor 39746"/>
			<item id="39747" losttest="3" iotype="AI" name="Sensor39747_S" textname="test sensor 39747"/>
			<item id="39748" losttest="3" iotype="AI" name="Sensor39748_S" textname="test sensor 39748"/>
			<item id="39749" losttest="3" iotype="AI" name="Sensor39749_S" textname="test sensor 39749"/>
			<item id="39750" losttest="3" iotype="AI" name="Sensor39750_S" textname="test sensor 39750"/>
			<item id="39751" losttest="3" iotype="AI" name="Sensor39751_S" textname="test sensor 39751"/>
			<item id="39752" losttest="3" iotype="AI" name="Sensor39752_S" textname="test sensor 39752"/>
			<item id="39753" losttest="3" iotype="AI" name="Sensor39753_S" textname="test sensor 39753"/>
			<item id="39754" losttest="3" iotype="AI" name="Sensor39754_S" textname="test sensor 39754"/>
			<item id="39755" losttest="3" iotype="AI" name="Sensor39755_S" textname="test sensor 39755"/>
			<item id="39756" losttest="3" iotype="AI" name="Sensor39756_S" textname="test sensor 39756"/>
			<item id="39757" losttest="3" iotype="AI" name="Sensor39757_S" textname="test sensor 39757"/>
			<item id="39758" losttest="3" iotype="AI" name="Sensor39758_S" textname="test sensor 39758"/>
			<item id="39759" losttest="3" iotype="AI" name="Sensor39759_S" textname="test sensor 39759"/>
			<item id="39760" losttest="3" iotype="AI" name="Sensor39760_S" textname="test sensor 39760"/>
			<item id="39761" losttest="3" iotype="AI" name="Sensor39761_S" textname="test sensor 39761"/>
			<item id="39762" losttest="3" iotype="AI" name="Sensor39762_S" textname="test sensor 39762"/>
			<item id="39763" losttest="3" iotype="AI" name="Sensor39763_S" textname="test sensor 39763"/>
			<item id="39764" losttest="3" iotype="AI" name="Sensor39764_S" textname="test sensor 39764"/>
			<item id="39765" losttest="3" iotype="AI" name="Sensor39765_S" textname="test sensor 39765"/>
			<item id="39766" losttest="3" iotype="AI" name="Sensor39766_S" textname="test sensor 39766"/>
			<item id="39767" losttest="3" iotype="AI" name="Sensor39767_S" textname="test sensor 39767"/>
			<item id="39768" losttest="3" iotype="AI" name="Sensor39768_S" textname="test sensor 39768"/>
			<item id="39769" losttest="3" iotype="AI" name="Sensor39769_S" textname="test sensor 39769"/>
			<item id="39770" losttest="3" iotype="AI" name="Sensor39770_S" textname="test sensor 39770"/>
			<item id="39771" losttest="3" iotype="AI" name="Sensor39771_S" textname="test sensor 39771"/>
			<item id="39772" losttest="3" iotype="AI" name="Sensor39772_S" textname="test sensor 39772"/>
			<item id="39773" losttest="3" iotype="AI" name="Sensor39773_S" textname="test sensor 39773"/>
			<item id="39774" losttest="3" iotype="AI" name="Sensor39774_S" textname="test sensor 39774"/>
			<item id="39775" losttest="3" iotype="AI" name="Sensor39775_S" textname="test sensor 39775"/>
			<item id="39776" losttest="3" iotype="AI" name="Sensor39776_S" textname="test sensor 39776"/>
			<item id="39777" losttest="3" iotype="AI" name="Sensor39777_S" textname="test sensor 39777"/>
			<item id="39778" losttest="3" iotype="AI" name="Sensor39778_S" textname="test sensor 39778"/>
			<item id="39779" losttest="3" iotype="AI" name="Sensor39779_S" textname="test sensor 39779"/>
			<item id="39780" losttest="3" iotype="AI" name="Sensor39780_S" textname="test sensor 39780"/>
			<item id="39781" losttest="3" iotype="AI" name="Sensor39781_S" textname="test sensor 39781"/>
			<item id="39782" losttest="3" iotype="AI" name="Sensor39782_S" textname="test sensor 39782"/>
			<item id="39783" losttest="3" iotype="AI" name="Sensor39783_S" textname="test sensor 39783"/>
			<item id="39784" losttest="3" iotype="AI" name="Sensor39784_S" textname="test sensor 39784"/>
			<item id="39785" losttest="3" iotype="AI" name="Sensor39785_S" textname="test sensor 39785"/>
			<item id="39786" losttest="3" iotype="AI" name="Sensor39786_S" textname="test sensor 39786"/>
			<item id="39787" losttest="3" iotype="AI" name="Sensor39787_S" textname="test sensor 39787"/>
			<item id="39788" losttest="3" iotype="AI" name="Sensor39788_S" textname="test sensor 39788"/>
			<item id="39789" losttest="3" iotype="AI" name="Sensor39789_S" textname="test sensor 39789"/>
			<item id="39790" losttest="3" iotype="AI" name="Sensor39790_S" textname="test sensor 39790"/>
			<item id="39791" losttest="3" iotype="AI" name="Sensor39791_S" textname="test sensor 39791"/>
			<item id="39792" losttest="3" iotype="AI" name="Sensor39792_S" textname="test sensor 39792"/>
			<item id="39793" losttest="3" iotype="AI" name="Sensor39793_S" textname="test sensor 39793"/>
			<item id="39794" losttest="3" iotype="AI" name="Sensor39794_S" textname="test sensor 39794"/>
			<item id="39795" losttest="3" iotype="AI" name="Sensor39795_S" textname="test sensor 39795"/>
			<item id="39796" losttest="3" iotype="AI" name="Sensor39796_S" textname="test sensor 39796"/>
			<item id="39797" losttest="3" iotype="AI" name="Sensor39797_S" textname="test sensor 39797"/>
			<item id="39798" losttest="3" iotype="AI" name="Sensor39798_S" textname="test sensor 39798"/>
			<item id="39799" losttest="3" iotype="AI" name="Sensor39799_S" textname="test sensor 39799"/>
			<item id="39800" losttest="3" iotype="AI" name="Sensor39800_S" textname="test sensor 39800"/>
			<item id="39801" losttest="3" iotype="AI" name="Sensor39801_S" textname="test sensor 39801"/>
			<item id="39802" losttest="3" iotype="AI" name="Sensor39802_S" textname="test sensor 39802"/>
			<item id="39803" losttest="3" iotype="AI" name="Sensor39803_S" textname="test sensor 39803"/>
			<item id="39804" losttest="3" iotype="AI" name="Sensor39804_S" textname="test sensor 39804"/>
			<item id="39805" losttest="3" iotype="AI" name="Sensor39805_S" textname="test sensor 39805"/>
			<item id="39806" losttest="3" iotype="AI" name="Sensor39806_S" textname="test sensor 39806"/>
			<item id="39807" losttest="3" iotype="AI" name="Sensor39807_S" textname="test sensor 39807"/>
			<item id="39808" losttest="3" iotype="AI" name="Sensor39808_S" textname="test sensor 39808"/>
			<item id="39809" losttest="3" iotype="AI" name="Sensor39809_S" textname="test sensor 39809"/>
			<item id="39810" losttest="3" iotype="AI" name="Sensor39810_S" textname="test sensor 39810"/>
			<item id="39811" losttest="3" iotype="AI" name="Sensor39811_S" textname="test sensor 39811"/>
			<item id="39812" losttest="3" iotype="AI" name="Sensor39812_S" textname="test sensor 39812"/>
			<item id="39813" losttest="3" iotype="AI" name="Sensor39813_S" textname="test sensor 39813"/>
			<item id="39814" losttest="3" iotype="AI" name="Sensor39814_S" textname="test sensor 39814"/>
			<item id="39815" losttest="3" iotype="AI" name="Sensor39815_S" textname="test sensor 39815"/>
			<item id="39816" losttest="3" iotype="AI" name="Sensor39816_S" textname="test sensor 39816"/>
			<item id="39817" losttest="3" iotype="AI" name="Sensor39817_S" textname="test sensor 39817"/>
			<item id="39818" losttest="3" iotype="AI" name="Sensor39818_S" textname="test sensor 39818"/>
			<item id="39819" losttest="3" iotype="AI" name="Sensor39819_S" textname="test sensor 39819"/>
			<item id="39820" losttest="3" iotype="AI" name="Sensor39820_S" textname="test sensor 39820"/>
			<item id="39821" losttest="3" iotype="AI" name="Sensor39821_S" textname="test sensor 39821"/>
			<item id="39822" losttest="3" iotype="AI" name="Sensor39822_S" textname="test sensor 39822"/>
			<item id="39823" losttest="3" iotype="AI" name="Sensor39823_S" textname="test sensor 39823"/>
			<item id="39824" losttest="3" iotype="AI" name="Sensor39824_S" textname="test sensor 39824"/>
			<item id="39825" losttest="3" iotype="AI" name="Sensor39825_S" textname="test sensor 39825"/>
			<item id="39826" losttest="3" iotype="AI" name="Sensor39826_S" textname="test sensor 39826"/>
			<item id="39827" losttest="3" iotype="AI" name="Sensor39827_S" textname="test sensor 39827"/>
			<item id="39828" losttest="3" iotype="AI" name="Sensor39828_S" textname="test sensor 39828"/>
			<item id="39829" losttest="3" iotype="AI" name="Sensor39829_S" textname="test sensor 39829"/>
			<item id="39830" losttest="3" iotype="AI" name="Sensor39830_S" textname="test sensor 39830"/>
			<item id="39831" losttest="3" iotype="AI" name="Sensor39831_S" textname="test sensor 39831"/>
			<item id="39832" losttest="3" iotype="AI" name="Sensor39832_S" textname="test sensor 39832"/>
			<item id="39833" losttest="3" iotype="AI" name="Sensor39833_S" textname="test sensor 39833"/>
			<item id="39834" losttest="3" iotype="AI" name="Sensor39834_S" textname="test sensor 39834"/>
			<item id="39835" losttest="3" iotype="AI" name="Sensor39835_S" textname="test sensor 39835"/>
			<item id="39836" losttest="3" iotype="AI" name="Sensor39836_S" textname="test sensor 39836"/>
			<item id="39837" losttest="3" iotype="AI" name="Sensor39837_S" textname="test sensor 39837"/>
			<item id="39838" losttest="3" iotype="AI" name="Sensor39838_S" textname="test sensor 39838"/>
			<item id="39839" losttest="3" iotype="AI" name="Sensor39839_S" textname="test sensor 39839"/>
			<item id="39840" losttest="3" iotype="AI" name="Sensor39840_S" textname="test sensor 39840"/>
			<item id="39841" losttest="3" iotype="AI" name="Sensor39841_S" textname="test sensor 39841"/>
			<item id="39842" losttest="3" iotype="AI" name="Sensor39842_S" textname="test sensor 39842"/>
			<item id="39843" losttest="3" iotype="AI" name="Sensor39843_S" textname="test sensor 39843"/>
			<item id="39844" losttest="3" iotype="AI" name="Sensor39844_S" textname="test sensor 39844"/>
			<item id="39845" losttest="3" iotype="AI" name="Sensor39845_S" textname="test sensor 39845"/>
			<item id="39846" losttest="3" iotype="AI" name="Sensor39846_S" textname="test sensor 39846"/>
			<item id="39847" losttest="3" iotype="AI" name="Sensor39847_S" textname="test sensor 39847"/>
			<item id="39848" losttest="3" iotype="AI" name="Sensor39848_S" textname="test sensor 39848"/>
			<item id="39849" losttest="3" iotype="AI" name="Sensor39849_S" textname="test sensor 39849"/>
			<item id="39850" losttest="3" iotype="AI" name="Sensor39850_S" textname="test sensor 39850"/>
			<item id="39851" losttest="3" iotype="AI" name="Sensor39851_S" textname="test sensor 39851"/>
			<item id="39852" losttest="3" iotype="AI" name="Sensor39852_S" textname="test sensor 39852"/>
			<item id="39853" losttest="3" iotype="AI" name="Sensor39853_S" textname="test sensor 39853"/>
			<item id="39854" losttest="3" iotype="AI" name="Sensor39854_S" textname="test sensor 39854"/>
			<item id="39855" losttest="3" iotype="AI" name="Sensor39855_S" textname="test sensor 39855"/>
			<item id="39856" losttest="3" iotype="AI" name="Sensor39856_S" textname="test sensor 39856"/>
			<item id="39857" losttest="3" iotype="AI" name="Sensor39857_S" textname="test sensor 39857"/>
			<item id="39858" losttest="3" iotype="AI" name="Sensor39858_S" textname="test sensor 39858"/>
			<item id="39859" losttest="3" iotype="AI" name="Sensor39859_S" textname="test sensor 39859"/>
			<item id="39860" losttest="3" iotype="AI" name="Sensor39860_S" textname="test sensor 39860"/>
			<item id="39861" losttest="3" iotype="AI" name="Sensor39861_S" textname="test sensor 39861"/>
			<item id="39862" losttest="3" iotype="AI" name="Sensor39862_S" textname="test sensor 39862"/>
			<item id="39863" losttest="3" iotype="AI" name="Sensor39863_S" textname="test sensor 39863"/>
			<item id="39864" losttest="3" iotype="AI" name="Sensor39864_S" textname="test sensor 39864"/>
			<item id="39865" losttest="3" iotype="AI" name="Sensor39865_S" textname="test sensor 39865"/>
			<item id="39866" losttest="3" iotype="AI" name="Sensor39866_S" textname="test sensor 39866"/>
			<item id="39867" losttest="3" iotype="AI" name="Sensor39867_S" textname="test sensor 39867"/>
			<item id="39868" losttest="3" iotype="AI" name="Sensor39868_S" textname="test sensor 39868"/>
			<item id="39869" losttest="3" iotype="AI" name="Sensor39869_S" textname="test sensor 39869"/>
			<item id="39870" losttest="3" iotype="AI" name="Sensor39870_S" textname="test sensor 39870"/>
			<item id="39871" losttest="3" iotype="AI" name="Sensor39871_S" textname="test sensor 39871"/>
			<item id="39872" losttest="3" iotype="AI" name="Sensor39872_S" textname="test sensor 39872"/>
			<item id="39873" losttest="3" iotype="AI" name="Sensor39873_S" textname="test sensor 39873"/>
			<item id="39874" losttest="3" iotype="AI" name="Sensor39874_S" textname="test sensor 39874"/>
			<item id="39875" losttest="3" iotype="AI" name="Sensor39875_S" textname="test sensor 39875"/>
			<item id="39876" losttest="3" iotype="AI" name="Sensor39876_S" textname="test sensor 39876"/>
			<item id="39877" losttest="3" iotype="AI" name="Sensor39877_S" textname="test sensor 39877"/>
			<item id="39878" losttest="3" iotype="AI" name="Sensor39878_S" textname="test sensor 39878"/>
			<item id="39879" losttest="3" iotype="AI" name="Sensor39879_S" textname="test sensor 39879"/>
			<item id="39880" losttest="3" iotype="AI" name="Sensor39880_S" textname="test sensor 39880"/>
			<item id="39881" losttest="3" iotype="AI" name="Sensor39881_S" textname="test sensor 39881"/>
			<item id="39882" losttest="3" iotype="AI" name="Sensor39882_S" textname="test sensor 39882"/>
			<item id="39883" losttest="3" iotype="AI" name="Sensor39883_S" textname="test sensor 39883"/>
			<item id="39884" losttest="3" iotype="AI" name="Sensor39884_S" textname="test sensor 39884"/>
			<item id="39885" losttest="3" iotype="AI" name="Sensor39885_S" textname="test sensor 39885"/>
			<item id="39886" losttest="3" iotype="AI" name="Sensor39886_S" textname="test sensor 39886"/>
			<item id="39887" losttest="3" iotype="AI" name="Sensor39887_S" textname="test sensor 39887"/>
			<item id="39888" losttest="3" iotype="AI" name="Sensor39888_S" textname="test sensor 39888"/>
			<item id="39889" losttest="3" iotype="AI" name="Sensor39889_S" textname="test sensor 39889"/>
			<item id="39890" losttest="3" iotype="AI" name="Sensor39890_S" textname="test sensor 39890"/>
			<item id="39891" losttest="3" iotype="AI" name="Sensor39891_S" textname="test sensor 39891"/>
			<item id="39892" losttest="3" iotype="AI" name="Sensor39892_S" textname="test sensor 39892"/>
			<item id="39893" losttest="3" iotype="AI" name="Sensor39893_S" textname="test sensor 39893"/>
			<item id="39894" losttest="3" iotype="AI" name="Sensor39894_S" textname="test sensor 39894"/>
			<item id="39895" losttest="3" iotype="AI" name="Sensor39895_S" textname="test sensor 39895"/>
			<item id="39896" losttest="3" iotype="AI" name="Sensor39896_S" textname="test sensor 39896"/>
			<item id="39897" losttest="3" iotype="AI" name="Sensor39897_S" textname="test sensor 39897"/>
			<item id="39898" losttest="3" iotype="AI" name="Sensor39898_S" textname="test sensor 39898"/>
			<item id="39899" losttest="3" iotype="AI" name="Sensor39899_S" textname="test sensor 39899"/>
			<item id="39900" losttest="3" iotype="AI" name="Sensor39900_S" textname="test sensor 39900"/>
			<item id="39901" losttest="3" iotype="AI" name="Sensor39901_S" textname="test sensor 39901"/>
			<item id="39902" losttest="3" iotype="AI" name="Sensor39902_S" textname="test sensor 39902"/>
			<item id="39903" losttest="3" iotype="AI" name="Sensor39903_S" textname="test sensor 39903"/>
			<item id="39904" losttest="3" iotype="AI" name="Sensor39904_S" textname="test sensor 39904"/>
			<item id="39905" losttest="3" iotype="AI" name="Sensor39905_S" textname="test sensor 39905"/>
			<item id="39906" losttest="3" iotype="AI" name="Sensor39906_S" textname="test sensor 39906"/>
			<item id="39907" losttest="3" iotype="AI" name="Sensor39907_S" textname="test sensor 39907"/>
			<item id="39908" losttest="3" iotype="AI" name="Sensor39908_S" textname="test sensor 39908"/>
			<item id="39909" losttest="3" iotype="AI" name="Sensor39909_S" textname="test sensor 39909"/>
			<item id="39910" losttest="3" iotype="AI" name="Sensor39910_S" textname="test sensor 39910"/>
			<item id="39911" losttest="3" iotype="AI" name="Sensor39911_S" textname="test sensor 39911"/>
			<item id="39912" losttest="3" iotype="AI" name="Sensor39912_S" textname="test sensor 39912"/>
			<item id="39913" losttest="3" iotype="AI" name="Sensor39913_S" textname="test sensor 39913"/>
			<item id="39914" losttest="3" iotype="AI" name="Sensor39914_S" textname="test sensor 39914"/>
			<item id="39915" losttest="3" iotype="AI" name="Sensor39915_S" textname="test sensor 39915"/>
			<item id="39916" losttest="3" iotype="AI" name="Sensor39916_S" textname="test sensor 39916"/>
			<item id="39917" losttest="3" iotype="AI" name="Sensor39917_S" textname="test sensor 39917"/>
			<item id="39918" losttest="3" iotype="AI" name="Sensor39918_S" textname="test sensor 39918"/>
			<item id="39919" losttest="3" iotype="AI" name="Sensor39919_S" textname="test sensor 39919"/>
			<item id="39920" losttest="3" iotype="AI" name="Sensor39920_S" textname="test sensor 39920"/>
			<item id="39921" losttest="3" iotype="AI" name="Sensor39921_S" textname="test sensor 39921"/>
			<item id="39922" losttest="3" iotype="AI" name="Sensor39922_S" textname="test sensor 39922"/>
			<item id="39923" losttest="3" iotype="AI" name="Sensor39923_S" textname="test sensor 39923"/>
			<item id="39924" losttest="3" iotype="AI" name="Sensor39924_S" textname="test sensor 39924"/>
			<item id="39925" losttest="3" iotype="AI" name="Sensor39925_S" textname="test sensor 39925"/>
			<item id="39926" losttest="3" iotype="AI" name="Sensor39926_S" textname="test sensor 39926"/>
			<item id="39927" losttest="3" iotype="AI" name="Sensor39927_S" textname="test sensor 39927"/>
			<item id="39928" losttest="3" iotype="AI" name="Sensor39928_S" textname="test sensor 39928"/>
			<item id="39929" losttest="3" iotype="AI" name="Sensor39929_S" textname="test sensor 39929"/>
			<item id="39930" losttest="3" iotype="AI" name="Sensor39930_S" textname="test sensor 39930"/>
			<item id="39931" losttest="3" iotype="AI" name="Sensor39931_S" textname="test sensor 39931"/>
			<item id="39932" losttest="3" iotype="AI" name="Sensor39932_S" textname="test sensor 39932"/>
			<item id="39933" losttest="3" iotype="AI" name="Sensor39933_S" textname="test sensor 39933"/>
			<item id="39934" losttest="3" iotype="AI" name="Sensor39934_S" textname="test sensor 39934"/>
			<item id="39935" losttest="3" iotype="AI" name="Sensor39935_S" textname="test sensor 39935"/>
			<item id="39936" losttest="3" iotype="AI" name="Sensor39936_S" textname="test sensor 39936"/>
			<item id="39937" losttest="3" iotype="AI" name="Sensor39937_S" textname="test sensor 39937"/>
			<item id="39938" losttest="3" iotype="AI" name="Sensor39938_S" textname="test sensor 39938"/>
			<item id="39939" losttest="3" iotype="AI" name="Sensor39939_S" textname="test sensor 39939"/>
			<item id="39940" losttest="3" iotype="AI" name="Sensor39940_S" textname="test sensor 39940"/>
			<item id="39941" losttest="3" iotype="AI" name="Sensor39941_S" textname="test sensor 39941"/>
			<item id="39942" losttest="3" iotype="AI" name="Sensor39942_S" textname="test sensor 39942"/>
			<item id="39943" losttest="3" iotype="AI" name="Sensor39943_S" textname="test sensor 39943"/>
			<item id="39944" losttest="3" iotype="AI" name="Sensor39944_S" textname="test sensor 39944"/>
			<item id="39945" losttest="3" iotype="AI" name="Sensor39945_S" textname="test sensor 39945"/>
			<item id="39946" losttest="3" iotype="AI" name="Sensor39946_S" textname="test sensor 39946"/>
			<item id="39947" losttest="3" iotype="AI" name="Sensor39947_S" textname="test sensor 39947"/>
			<item id="39948" losttest="3" iotype="AI" name="Sensor39948_S" textname="test sensor 39948"/>
			<item id="39949" losttest="3" iotype="AI" name="Sensor39949_S" textname="test sensor 39949"/>
			<item id="39950" losttest="3" iotype="AI" name="Sensor39950_S" textname="test sensor 39950"/>
			<item id="39951" losttest="3" iotype="AI" name="Sensor39951_S" textname="test sensor 39951"/>
			<item id="39952" losttest="3" iotype="AI" name="Sensor39952_S" textname="test sensor 39952"/>
			<item id="39953" losttest="3" iotype="AI" name="Sensor39953_S" textname="test sensor 39953"/>
			<item id="39954" losttest="3" iotype="AI" name="Sensor39954_S" textname="test sensor 39954"/>
			<item id="39955" losttest="3" iotype="AI" name="Sensor39955_S" textname="test sensor 39955"/>
			<item id="39956" losttest="3" iotype="AI" name="Sensor39956_S" textname="test sensor 39956"/>
			<item id="39957" losttest="3" iotype="AI" name="Sensor39957_S" textname="test sensor 39957"/>
			<item id="39958" losttest="3" iotype="AI" name="Sensor39958_S" textname="test sensor 39958"/>
			<item id="39959" losttest="3" iotype="AI" name="Sensor39959_S" textname="test sensor 39959"/>
			<item id="39960" losttest="3" iotype="AI" name="Sensor39960_S" textname="test sensor 39960"/>
			<item id="39961" losttest="3" iotype="AI" name="Sensor39961_S" textname="test sensor 39961"/>
			<item id="39962" losttest="3" iotype="AI" name="Sensor39962_S" textname="test sensor 39962"/>
			<item id="39963" losttest="3" iotype="AI" name="Sensor39963_S" textname="test sensor 39963"/>
			<item id="39964" losttest="3" iotype="AI" name="Sensor39964_S" textname="test sensor 39964"/>
			<item id="39965" losttest="3" iotype="AI" name="Sensor39965_S" textname="test sensor 39965"/>
			<item id="39966" losttest="3" iotype="AI" name="Sensor39966_S" textname="test sensor 39966"/>
			<item id="39967" losttest="3" iotype="AI" name="Sensor39967_S" textname="test sensor 39967"/>
			<item id="39968" losttest="3" iotype="AI" name="Sensor39968_S" textname="test sensor 39968"/>
			<item id="39969" losttest="3" iotype="AI" name="Sensor39969_S" textname="test sensor 39969"/>
			<item id="39970" losttest="3" iotype="AI" name="Sensor39970_S" textname="test sensor 39970"/>
			<item id="39971" losttest="3" iotype="AI" name="Sensor39971_S" textname="test sensor 39971"/>
			<item id="39972" losttest="3" iotype="AI" name="Sensor39972_S" textname="test sensor 39972"/>
			<item id="39973" losttest="3" iotype="AI" name="Sensor39973_S" textname="test sensor 39973"/>
			<item id="39974" losttest="3" iotype="AI" name="Sensor39974_S" textname="test sensor 39974"/>
			<item id="39975" losttest="3" iotype="AI" name="Sensor39975_S" textname="test sensor 39975"/>
			<item id="39976" losttest="3" iotype="AI" name="Sensor39976_S" textname="test sensor 39976"/>
			<item id="39977" losttest="3" iotype="AI" name="Sensor39977_S" textname="test sensor 39977"/>
			<item id="39978" losttest="3" iotype="AI" name="Sensor39978_S" textname="test sensor 39978"/>
			<item id="39979" losttest="3" iotype="AI" name="Sensor39979_S" textname="test sensor 39979"/>
			<item id="39980" losttest="3" iotype="AI" name="Sensor39980_S" textname="test sensor 39980"/>
			<item id="39981" losttest="3" iotype="AI" name="Sensor39981_S" textname="test sensor 39981"/>
			<item id="39982" losttest="3" iotype="AI" name="Sensor39982_S" textname="test sensor 39982"/>
			<item id="39983" losttest="3" iotype="AI" name="Sensor39983_S" textname="test sensor 39983"/>
			<item id="39984" losttest="3" iotype="AI" name="Sensor39984_S" textname="test sensor 39984"/>
			<item id="39985" losttest="3" iotype="AI" name="Sensor39985_S" textname="test sensor 39985"/>
			<item id="39986" losttest="3" iotype="AI" name="Sensor39986_S" textname="test sensor 39986"/>
			<item id="39987" losttest="3" iotype="AI" name="Sensor39987_S" textname="test sensor 39987"/>
			<item id="39988" losttest="3" iotype="AI" name="Sensor39988_S" textname="test sensor 39988"/>
			<item id="39989" losttest="3" iotype="AI" name="Sensor39989_S" textname="test sensor 39989"/>
			<item id="39990" losttest="3" iotype="AI" name="Sensor39990_S" textname="test sensor 39990"/>
			<item id="39991" losttest="3" iotype="AI" name="Sensor39991_S" textname="test sensor 39991"/>
			<item id="39992" losttest="3" iotype="AI" name="Sensor39992_S" textname="test sensor 39992"/>
			<item id="39993" losttest="3" iotype="AI" name="Sensor39993_S" textname="test sensor 39993"/>
			<item id="39994" losttest="3" iotype="AI" name="Sensor39994_S" textname="test sensor 39994"/>
			<item id="39995" losttest="3" iotype="AI" name="Sensor39995_S" textname="test sensor 39995"/>
			<item id="39996" losttest="3" iotype="AI" name="Sensor39996_S" textname="test sensor 39996"/>
			<item id="39997" losttest="3" iotype="AI" name="Sensor39997_S" textname="test sensor 39997"/>
			<item id="39998" losttest="3" iotype="AI" name="Sensor39998_S" textname="test sensor 39998"/>
			<item id="39999" losttest="3" iotype="AI" name="Sensor39999_S" textname="test sensor 39999"/>
			<item id="40000" losttest="3" iotype="AI" name="Sensor40000_S" textname="test sensor 40000"/>
		</sensors>
		<thresholds name="thresholds">
			<sensor iotype="AI" name="AI_AS">
				<threshold hilimit="376" id="1" lowlimit="374" name="t1" sid="Threshold1_S">
					<consumers>
						<consumer name="TestProc" type="objects"/>
					</consumers>
				</threshold>
			</sensor>
		</thresholds>
		<controllers name="Controllers">
			<item id="5000" name="SharedMemory1"/>
			<item id="5003" name="SharedMemory"/>
			<item id="5001" name="UniExchange"/>
			<item id="5002" name="UniExchange2"/>
			<item id="5004" name="ReservSharedMemory"/>
		</controllers>
		<!-- ******************* Идентификаторы сервисов ***************** -->
		<services name="Services">
			<item id="5010" name="InfoServer"/>
			<item id="5011" name="DBServer1"/>
			<item id="5012" name="PrintServer"/>
			<item id="5013" name="TimeService"/>
		</services>
		<!-- ******************* Идентификаторы объектов ***************** -->
		<objects name="UniObjects">
			<item id="6000" name="TestProc"/>
			<item id="6001" name="LProcessor"/>
			<item id="6002" name="IOControl"/>
			<item id="6003" name="RTUExchange"/>
			<item id="6004" name="MBSlave1"/>
			<item id="6005" name="MBMaster1"/>
			<item id="6006" name="UDPExchange"/>
			<item id="6007" name="UDPExchange2"/>
			<item id="6008" name="UNetExchange"/>
			<item id="6009" name="MBMaster2"/>
			<item id="6010" name="MBMultiMaster1"/>
			<item id="6011" name="RRDServer1"/>
			<item id="6012" name="TestProc1"/>
			<item id="6013" name="TestProc2"/>
			<item id="6014" name="TestProc3"/>
			<item id="6015" name="TestProc4"/>
			<item id="6016" name="TestProc5"/>
			<item id="6017" name="TestProc6"/>
			<item id="6018" name="TestProc7"/>
			<item id="6019" name="TestProc8"/>
			<item id="6020" name="TestProc9"/>
			<item id="6021" name="TestProc10"/>
			<item id="6022" name="TestProc11"/>
			<item id="6023" name="TestProc12"/>
			<item id="6024" name="TestProc13"/>
			<item id="6025" name="TestProc14"/>
			<item id="6026" name="TestProc15"/>
			<item id="6027" name="TestProc16"/>
			<item id="6028" name="TestProc17"/>
			<item id="6029" name="TestProc18"/>
			<item id="6030" name="TestProc19"/>
			<item id="6031" name="TestProc20"/>
			<item id="6032" name="TestProc21"/>
			<item id="6033" name="TestProc22"/>
			<item id="6034" name="TestProc23"/>
			<item id="6035" name="TestProc24"/>
			<item id="6036" name="TestProc25"/>
			<item id="6037" name="TestProc26"/>
			<item id="6038" name="TestProc27"/>
			<item id="6039" name="TestProc28"/>
			<item id="6040" name="TestProc29"/>
			<item id="6041" name="TestProc30"/>
			<item id="6042" name="TestProc31"/>
			<item id="6043" name="TestProc32"/>
			<item id="6044" name="TestProc33"/>
			<item id="6045" name="TestProc34"/>
			<item id="6046" name="TestProc35"/>
			<item id="6047" name="TestProc36"/>
			<item id="6048" name="TestProc37"/>
			<item id="6049" name="TestProc38"/>
			<item id="6050" name="TestProc39"/>
			<item id="6051" name="TestProc40"/>
			<item id="6052" name="TestProc41"/>
			<item id="6053" name="TestProc42"/>
			<item id="6054" name="TestProc43"/>
			<item id="6055" name="TestProc44"/>
			<item id="6056" name="TestProc45"/>
			<item id="6057" name="TestProc46"/>
			<item id="6058" name="TestProc47"/>
			<item id="6059" name="TestProc48"/>
			<item id="6060" name="TestProc49"/>
			<item id="6061" name="TestProc50"/>
			<item id="6062" name="MBSlave2"/>
			<item id="6063" name="MBMultiSlave1"/>
			<item id="6064" name="MBMultiSlave2"/>
			<item id="6065" name="MBMultiSlave3"/>
			<item id="6066" name="MBMultiSlave4"/>
			<item id="6067" name="MBMultiSlave5"/>
			<item id="6068" name="MBMultiSlave6"/>
			<item id="6069" name="MBMultiSlave7"/>
			<item id="6070" name="MBMultiSlave8"/>
			<item id="6071" name="MBMultiSlave9"/>
			<item id="6072" name="MBMultiSlave10"/>
			<item id="6080" name="MBSlave3"/>
			<item id="6081" name="MBSlave4"/>
			<item id="6082" name="MBSlave5"/>
			<item id="6083" name="MBSlave6"/>
			<item id="6084" name="MBSlave7"/>
			<item id="6085" name="MBSlave8"/>
			<item id="6086" name="MBSlave9"/>
			<item id="6087" name="MBSlave10"/>
			<item id="6088" name="TestGroup"/>
			<item id="6089" name="MQTTPublisher1"/>
			<item id="6101" name="MBTCP1"/>
			<item id="6102" name="MBTCP2"/>
			<item id="6103" name="MBTCP3"/>
			<item id="6104" name="MBTCP4"/>
			<item id="6105" name="MBTCP5"/>
			<item id="6106" name="MBTCP6"/>
			<item id="6107" name="MBTCP7"/>
			<item id="6108" name="MBTCP8"/>
			<item id="6109" name="MBTCP9"/>
			<item id="6110" name="MBTCP10"/>
			<item id="6111" name="MBTCP11"/>
			<item id="6112" name="MBTCP12"/>
			<item id="6113" name="MBTCP13"/>
			<item id="6114" name="MBTCP14"/>
			<item id="6115" name="MBTCP15"/>
			<item id="6116" name="MBTCP16"/>
			<item id="6117" name="MBTCP17"/>
			<item id="6118" name="MBTCP18"/>
			<item id="6119" name="MBTCP19"/>
			<item id="6120" name="MBTCP20"/>
			<item id="6121" name="MBTCP21"/>
			<item id="6122" name="MBTCP22"/>
			<item id="6123" name="MBTCP23"/>
			<item id="6124" name="MBTCP24"/>
			<item id="6125" name="MBTCP25"/>
			<item id="6126" name="MBTCP26"/>
			<item id="6127" name="MBTCP27"/>
			<item id="6128" name="MBTCP28"/>
			<item id="6129" name="MBTCP29"/>
			<item id="6130" name="MBTCP30"/>
			<item id="6131" name="MBTCP31"/>
			<item id="6132" name="MBTCP32"/>
			<item id="6133" name="MBTCP33"/>
			<item id="6134" name="MBTCP34"/>
			<item id="6135" name="MBTCP35"/>
			<item id="6136" name="MBTCP36"/>
			<item id="6137" name="MBTCP37"/>
			<item id="6138" name="MBTCP38"/>
			<item id="6139" name="MBTCP39"/>
			<item id="6140" name="MBTCP40"/>
			<item id="6141" name="MBTCP41"/>
			<item id="6142" name="MBTCP42"/>
			<item id="6143" name="MBTCP43"/>
			<item id="6144" name="MBTCP44"/>
			<item id="6145" name="MBTCP45"/>
			<item id="6146" name="MBTCP46"/>
			<item id="6147" name="MBTCP47"/>
			<item id="6148" name="MBTCP48"/>
			<item id="6149" name="MBTCP49"/>
			<item id="6150" name="MBTCP50"/>
			<item id="6151" name="MBTCP51"/>
			<item id="6152" name="MBTCP52"/>
			<item id="6153" name="MBTCP53"/>
			<item id="6154" name="MBTCP54"/>
			<item id="6155" name="MBTCP55"/>
			<item id="6156" name="MBTCP56"/>
			<item id="6157" name="MBTCP57"/>
			<item id="6158" name="MBTCP58"/>
			<item id="6159" name="MBTCP59"/>
			<item id="6160" name="MBTCP60"/>
			<item id="6161" name="MBTCP61"/>
			<item id="6162" name="MBTCP62"/>
			<item id="6163" name="MBTCP63"/>
			<item id="6164" name="MBTCP64"/>
			<item id="6165" name="MBTCP65"/>
			<item id="6166" name="MBTCP66"/>
			<item id="6167" name="MBTCP67"/>
			<item id="6168" name="MBTCP68"/>
			<item id="6169" name="MBTCP69"/>
			<item id="6170" name="MBTCP70"/>
			<item id="6171" name="MBTCP71"/>
			<item id="6172" name="MBTCP72"/>
			<item id="6173" name="MBTCP73"/>
			<item id="6174" name="MBTCP74"/>
			<item id="6175" name="MBTCP75"/>
			<item id="6176" name="MBTCP76"/>
			<item id="6177" name="MBTCP77"/>
			<item id="6178" name="MBTCP78"/>
			<item id="6179" name="MBTCP79"/>
			<item id="6180" name="MBTCP80"/>
			<item id="6181" name="MBTCP81"/>
			<item id="6182" name="MBTCP82"/>
			<item id="6183" name="MBTCP83"/>
			<item id="6184" name="MBTCP84"/>
			<item id="6185" name="MBTCP85"/>
			<item id="6186" name="MBTCP86"/>
			<item id="6187" name="MBTCP87"/>
			<item id="6188" name="MBTCP88"/>
			<item id="6189" name="MBTCP89"/>
			<item id="6190" name="MBTCP90"/>
			<item id="6191" name="MBTCP91"/>
			<item id="6192" name="MBTCP92"/>
			<item id="6193" name="MBTCP93"/>
			<item id="6194" name="MBTCP94"/>
			<item id="6195" name="MBTCP95"/>
			<item id="6196" name="MBTCP96"/>
			<item id="6197" name="MBTCP97"/>
			<item id="6198" name="MBTCP98"/>
			<item id="6199" name="MBTCP99"/>
			<item id="6200" name="MBTCP100"/>
			<item id="6201" name="MBTCP101"/>
			<item id="6202" name="MBTCP102"/>
			<item id="6203" name="MBTCP103"/>
			<item id="6204" name="MBTCP104"/>
			<item id="6205" name="MBTCP105"/>
			<item id="6206" name="MBTCP106"/>
			<item id="6207" name="MBTCP107"/>
			<item id="6208" name="MBTCP108"/>
			<item id="6209" name="MBTCP109"/>
			<item id="6210" name="MBTCP110"/>
			<item id="6211" name="MBTCP111"/>
			<item id="6212" name="MBTCP112"/>
			<item id="6213" name="MBTCP113"/>
			<item id="6214" name="MBTCP114"/>
			<item id="6215" name="MBTCP115"/>
			<item id="6216" name="MBTCP116"/>
			<item id="6217" name="MBTCP117"/>
			<item id="6218" name="MBTCP118"/>
			<item id="6219" name="MBTCP119"/>
			<item id="6220" name="MBTCP120"/>
			<item id="6221" name="MBTCP121"/>
			<item id="6222" name="MBTCP122"/>
			<item id="6223" name="MBTCP123"/>
			<item id="6224" name="MBTCP124"/>
			<item id="6225" name="MBTCP125"/>
			<item id="6226" name="MBTCP126"/>
			<item id="6227" name="MBTCP127"/>
			<item id="6228" name="MBTCP128"/>
			<item id="6229" name="MBTCP129"/>
			<item id="6230" name="MBTCP130"/>
			<item id="6231" name="MBTCP131"/>
			<item id="6232" name="MBTCP132"/>
			<item id="6233" name="MBTCP133"/>
			<item id="6234" name="MBTCP134"/>
			<item id="6235" name="MBTCP135"/>
			<item id="6236" name="MBTCP136"/>
			<item id="6237" name="MBTCP137"/>
			<item id="6238" name="MBTCP138"/>
			<item id="6239" name="MBTCP139"/>
			<item id="6240" name="MBTCP140"/>
			<item id="6241" name="MBTCP141"/>
			<item id="6242" name="MBTCP142"/>
			<item id="6243" name="MBTCP143"/>
			<item id="6244" name="MBTCP144"/>
			<item id="6245" name="MBTCP145"/>
			<item id="6246" name="MBTCP146"/>
			<item id="6247" name="MBTCP147"/>
			<item id="6248" name="MBTCP148"/>
			<item id="6249" name="MBTCP149"/>
			<item id="6250" name="MBTCP150"/>
			<item id="6251" name="MBTCP151"/>
			<item id="6252" name="MBTCP152"/>
			<item id="6253" name="MBTCP153"/>
			<item id="6254" name="MBTCP154"/>
			<item id="6255" name="MBTCP155"/>
			<item id="6256" name="MBTCP156"/>
			<item id="6257" name="MBTCP157"/>
			<item id="6258" name="MBTCP158"/>
			<item id="6259" name="MBTCP159"/>
			<item id="6260" name="MBTCP160"/>
			<item id="6261" name="MBTCP161"/>
			<item id="6262" name="MBTCP162"/>
			<item id="6263" name="MBTCP163"/>
			<item id="6264" name="MBTCP164"/>
			<item id="6265" name="MBTCP165"/>
			<item id="6266" name="MBTCP166"/>
			<item id="6267" name="MBTCP167"/>
			<item id="6268" name="MBTCP168"/>
			<item id="6269" name="MBTCP169"/>
			<item id="6270" name="MBTCP170"/>
			<item id="6271" name="MBTCP171"/>
			<item id="6272" name="MBTCP172"/>
			<item id="6273" name="MBTCP173"/>
			<item id="6274" name="MBTCP174"/>
			<item id="6275" name="MBTCP175"/>
			<item id="6276" name="MBTCP176"/>
			<item id="6277" name="MBTCP177"/>
			<item id="6278" name="MBTCP178"/>
			<item id="6279" name="MBTCP179"/>
			<item id="6280" name="MBTCP180"/>
			<item id="6281" name="MBTCP181"/>
			<item id="6282" name="MBTCP182"/>
			<item id="6283" name="MBTCP183"/>
			<item id="6284" name="MBTCP184"/>
			<item id="6285" name="MBTCP185"/>
			<item id="6286" name="MBTCP186"/>
			<item id="6287" name="MBTCP187"/>
			<item id="6288" name="MBTCP188"/>
			<item id="6289" name="MBTCP189"/>
			<item id="6290" name="MBTCP190"/>
			<item id="6291" name="MBTCP191"/>
			<item id="6292" name="MBTCP192"/>
			<item id="6293" name="MBTCP193"/>
			<item id="6294" name="MBTCP194"/>
			<item id="6295" name="MBTCP195"/>
			<item id="6296" name="MBTCP196"/>
			<item id="6297" name="MBTCP197"/>
			<item id="6298" name="MBTCP198"/>
			<item id="6299" name="MBTCP199"/>
			<item id="6300" name="MBTCP200"/>
		</objects>
	</ObjectsMap>
	<messages idfromfile="1" name="messages">
		<item id="101" name="midMsg1" text="Text for message 1"/>
		<item id="102" name="midMsg2" text="Text for message 2"/>
		<item id="103" name="midMsg3" text="Text for message 3"/>
		<item id="104" name="midMsg4" text="Text for message 4"/>
		<item id="105" name="midMsg5" text="Text for message 5"/>
	</messages>
	<!-- <xi:include href="testID.xml"/> -->
	<!-- <xi:include href="testIDnon-exist.xml"/> -->
	<Calibrations name="Calibrations">
		<diagram name="testcal">
			<point x="-1000" y="-300"/>
			<point x="-900" y="-250"/>
			<point x="-800" y="-200"/>
			<point x="-700" y="-150"/>
			<point x="-600" y="-100"/>
			<point x="-500" y="-80"/>
			<point x="-200" y="-60"/>
			<point x="-100" y="-60"/>
			<point x="-50" y="-20"/>
			<point x="0" y="0"/>
			<point x="50" y="20"/>
			<point x="100" y="60"/>
			<point x="200" y="60"/>
			<point x="300" y="80"/>
			<point x="400" y="100"/>
			<point x="500" y="150"/>
			<point x="600" y="200"/>
			<point x="700" y="250"/>
			<point x="800" y="300"/>
			<point x="900" y="400"/>
			<point x="1000" y="600"/>
		</diagram>
	</Calibrations>
	<netdata>
		<!-- https://github.com/firehol/netdata/wiki/External-Plugins -->
		
		<!-- CHART type.id name title units [family [context [charttype [priority [update_every]]]]] -->
		<chart id='unet' name='NAME' title="unet" units='count' family='UNET' context='' charttype='line' priority='' update_every=''>
			
			<!-- Чтобы иметь возможность выводить на одном чарте, разные группы можно указывать много 'line' -->
			
			<!-- Параметры берутся из <sensors> в виду netdata_xxx (необязательные помечены [] 
				В качестве id - берётся name. 
				В качестве name - берётся name, если не указан netdata_name=''
			-->
			<!-- DIMENSION id [name [algorithm [multiplier [divisor [hidden]]]]] -->
			<lines filter_field='ndata' filter_value='unet'/>
		</chart>
	</netdata>
</UNISETPLC>
